      -----------------------------------------------------------      
     |                   =====================                   |     
     |                           x T B                           |     
     |                   =====================                   |     
     |                         S. Grimme                         |     
     |          Mulliken Center for Theoretical Chemistry        |     
     |                    University of Bonn                     |     
     |                Version 6.2 RC2 (SAW190805)                |     
      -----------------------------------------------------------      

   This program is distributed in the hope that it will be useful,
   but WITHOUT ANY WARRANTY; without even the implied warranty of
   MERCHANTABILITY or FITNESS FOR A PARTICULAR PURPOSE.
   
   FOR NON-COMMERCIAL, ACADEMIA USE ONLY.
   
   Cite this work as:
   * S. Grimme, C. Bannwarth, P. Shushkov, J. Chem. Theory Comput., 2017,
     13, 1989-2009. DOI: 10.1021/acs.jctc.7b00118
   * C. Bannwarth, S. Ehlert and S. Grimme., J. Chem. Theory Comput., 2019,
     15, 1652-1671. DOI: 10.1021/acs.jctc.8b01176
   * P. Pracht, E. Caldeweyher, S. Ehlert, S. Grimme, ChemRxiv, 2019, preprint.
     DOI: 10.26434/chemrxiv.8326202.v1
   
   for DFT-D4:
   * E. Caldeweyher, C. Bannwarth and S. Grimme, J. Chem. Phys., 2017,
     147, 034112. DOI: 10.1063/1.4993215
   * E. Caldeweyher, S. Ehlert, A. Hansen, H. Neugebauer, S. Spicher,
     C. Bannwarth and S. Grimme, J. Chem. Phys., 2019, 150, 154122.
     DOI: 10.1063/1.5090222
   
   for sTDA-xTB:
   * S. Grimme and C. Bannwarth, J. Chem. Phys., 2016, 145, 054103.
     DOI: 10.1063/1.4959605
   
   in the mass-spec context:
   * V. Asgeirsson, C. Bauer and S. Grimme, Chem. Sci., 2017, 8, 4879.
     DOI: 10.1039/c7sc00601b
   
   for metadynamics refer to:
   * S. Grimme, J. Chem. Theory Comput., 2019, 155, 2847-2862
     DOI: 10.1021/acs.jctc.9b00143
   
   with help from (in alphabetical order)
   C. Bannwarth, F. Bohle, G. Brandenburg, E. Caldeweyher, M. Checinski,
   S. Dohm, S. Ehlert, S. Ehrlich, F. März, H. Neugebauer, J. Pisarek,
   P. Pracht, P. Shushkov, and S. Spicher.
   
 * started run on 2020/11/20 at 13:44:40.853     

           -------------------------------------------------
          |                Calculation Setup                |
           -------------------------------------------------

          program call               : /ihome/ghutchison/geoffh/xtb/xtb AQx-2.xyz -sp
          hostname                   : smp-n82
          coordinate file            : AQx-2.xyz
          omp threads                :                     1
          number of atoms            :                   100
          number of electrons        :                   348
          charge                     :                     0
          spin                       :                   0.0
          first test random number   :      0.22962168907646


########################################################################
# WARNING! Please study the warnings concerning your input carefully
#  - XTBPATH is not set, using XTBHOME instead
#  - the use of '-sp' is discouraged, please use '--sp' next time
########################################################################

           ------------------------------------------------- 
          |                 G F N 2 - x T B                 |
          | Geometry, Frequencies, Noncovalent interactions |
          |            JCTC 2019 parametrisation            |
           ------------------------------------------------- 
             KAB for C  - Si     :                1.0500
             KAB for H  - Pd     :                0.9500
             k(s)              :                1.8500
             k(p)              :                2.2300
             k(d)              :                2.2300
             k(f)              :                2.0000
             kEN (H0ij)        :               -2.0000
             D4 a1             :                0.5200
             D4 a2             :                5.0000
             D4 s6             :                1.0000
             D4 s8             :                2.7000
             D4 s9             :                5.0000
             alphaj            :                2.0000

  Z AO/shell   Hii/eV     exponent
  1     Wed Apr 25 08:07:45 CEST 2018   EN: 2.200 GM2: 0.406  GM3: 0.0800  RAES: 1.40
     1s    -10.707211    1.230000
  6     Wed Apr 25 08:07:45 CEST 2018   EN: 2.550 GM2: 0.538  GM3: 0.1500  RAES: 3.00
     2s    -13.970922    2.096432
     2p    -10.063292    1.800000
  7     Wed Apr 25 08:07:45 CEST 2018   EN: 3.040 GM2: 0.461  GM3:-0.0640  RAES: 1.90
     2s    -16.686243    2.339881
     2p    -12.523956    2.014332
  8     Wed Apr 25 08:07:45 CEST 2018   EN: 3.440 GM2: 0.452  GM3:-0.0517  RAES: 1.80
     2s    -20.229985    2.439742
     2p    -15.503117    2.137023
  9     Mon Apr 23 13:58:50 CEST 2018   EN: 3.980 GM2: 0.532  GM3: 0.1426  RAES: 2.40
     2s    -23.458179    2.416361
     2p    -15.746583    2.308399
 16     Tue Apr 24 11:44:34 CEST 2018   EN: 2.580 GM2: 0.340  GM3:-0.0502  RAES: 3.10
     3s    -20.029654    1.981333
     3p    -11.377694    2.025643
     3d     -0.420282    1.702555

           ------------------------------------------------- 
          |        Self-Consistent Charge Iterations        |
           ------------------------------------------------- 

          ...................................................
          :                      SETUP                      :
          :.................................................:
          :  # basis functions                 340          :
          :  # atomic orbitals                 336          :
          :  # shells                          176          :
          :  # electrons                       348          :
          :  max. iterations                   250          :
          :  Hamiltonian                  GFN2-xTB          :
          :  restarted?                      false          :
          :  GBSA solvation                  false          :
          :  PC potential                    false          :
          :  electronic temp.          300.0000000     K    :
          :  accuracy                    1.0000000          :
          :  -> integral cutoff          0.2500000E+02      :
          :  -> integral neglect         0.1000000E-07      :
          :  -> SCF convergence          0.1000000E-05 Eh   :
          :  -> wf. convergence          0.1000000E-03 e    :
          :  Broyden damping             0.4000000          :
          ...................................................

 iter      E             dE          RMSdq      gap      omega  full diag
   1   -195.5445201 -0.195545E+03  0.472E+00    1.34       0.0  T
   2   -195.6773335 -0.132813E+00  0.310E+00    0.98       1.0  T
   3   -195.5997160  0.776175E-01  0.207E+00    0.88       1.0  T
   4   -195.8377287 -0.238013E+00  0.841E-01    0.95       1.0  T
   5   -195.9059410 -0.682124E-01  0.219E-01    0.63       1.0  T
   6   -195.9082248 -0.228381E-02  0.119E-01    0.74       1.0  T
   7   -195.9092323 -0.100743E-02  0.508E-02    0.70       1.0  T
   8   -195.9094097 -0.177439E-03  0.207E-02    0.71       1.0  T
   9   -195.9094295 -0.197786E-04  0.110E-02    0.71       1.0  T
  10   -195.9094386 -0.914772E-05  0.464E-03    0.71       2.2  T
  11   -195.9094393 -0.624739E-06  0.250E-03    0.71       4.0  T
  12   -195.9094396 -0.375632E-06  0.122E-03    0.71       8.2  T
  13   -195.9094397 -0.909302E-07  0.571E-04    0.71      17.5  T
  14   -195.9094397 -0.739666E-08  0.300E-04    0.71      33.3  T

   *** convergence criteria satisfied after 14 iterations ***

         #    Occupation            Energy/Eh            Energy/eV
      -------------------------------------------------------------
         1        2.0000           -0.8535584             -23.2265
       ...           ...                  ...                  ...
       168        2.0000           -0.4176013             -11.3635
       169        2.0000           -0.4159361             -11.3182
       170        2.0000           -0.4026361             -10.9563
       171        2.0000           -0.3973812             -10.8133
       172        2.0000           -0.3905215             -10.6266
       173        2.0000           -0.3845221             -10.4634
       174        2.0000           -0.3707370             -10.0883 (HOMO)
       175        0.0000           -0.3445925              -9.3768 (LUMO)
       176                         -0.3410942              -9.2816
       177                         -0.3324034              -9.0452
       178                         -0.3293952              -8.9633
       179                         -0.3051825              -8.3044
       ...                                ...                  ...
       336                          1.0639105              28.9505
      -------------------------------------------------------------
                  HL-Gap            0.0261445 Eh            0.7114 eV
             Fermi-level           -0.3576766 Eh           -9.7329 eV

 SCC (total)                   0 d,  0 h,  0 min,  0.686 sec
 SCC setup                      ...        0 min,  0.003 sec (  0.368%)
 Dispersion                     ...        0 min,  0.006 sec (  0.874%)
 integral evaluation            ...        0 min,  0.207 sec ( 30.180%)
 zeroth order Hamiltonian       ...        0 min,  0.001 sec (  0.203%)
 iterations                     ...        0 min,  0.290 sec ( 42.194%)
 molecular gradient             ...        0 min,  0.177 sec ( 25.821%)
 printout                       ...        0 min,  0.002 sec (  0.350%)

         :::::::::::::::::::::::::::::::::::::::::::::::::::::
         ::                     SUMMARY                     ::
         :::::::::::::::::::::::::::::::::::::::::::::::::::::
         :: total energy            -193.241422009750 Eh    ::
         :: gradient norm              0.102924042531 Eh/a0 ::
         :: HOMO-LUMO gap              0.711427615015 eV    ::
         ::.................................................::
         :: SCC energy              -195.909439730376 Eh    ::
         :: -> isotropic ES            0.143431756249 Eh    ::
         :: -> anisotropic ES          0.011997267901 Eh    ::
         :: -> anisotropic XC          0.112430891882 Eh    ::
         :: -> dispersion             -0.162306801636 Eh    ::
         :: repulsion energy           2.668756613780 Eh    ::
         :: add. restraining           0.000000000000 Eh    ::
         :::::::::::::::::::::::::::::::::::::::::::::::::::::

           -------------------------------------------------
          |                Property Printout                |
           -------------------------------------------------

    * Orbital Energies and Occupations

         #    Occupation            Energy/Eh            Energy/eV
      -------------------------------------------------------------
         1        2.0000           -0.8535584             -23.2265
       ...           ...                  ...                  ...
       162        2.0000           -0.4332912             -11.7905
       163        2.0000           -0.4316789             -11.7466
       164        2.0000           -0.4306336             -11.7181
       165        2.0000           -0.4301359             -11.7046
       166        2.0000           -0.4226187             -11.5000
       167        2.0000           -0.4184482             -11.3866
       168        2.0000           -0.4176013             -11.3635
       169        2.0000           -0.4159361             -11.3182
       170        2.0000           -0.4026361             -10.9563
       171        2.0000           -0.3973812             -10.8133
       172        2.0000           -0.3905215             -10.6266
       173        2.0000           -0.3845221             -10.4634
       174        2.0000           -0.3707370             -10.0883 (HOMO)
       175        0.0000           -0.3445925              -9.3768 (LUMO)
       176                         -0.3410942              -9.2816
       177                         -0.3324034              -9.0452
       178                         -0.3293952              -8.9633
       179                         -0.3051825              -8.3044
       180                         -0.2896472              -7.8817
       181                         -0.2865447              -7.7973
       182                         -0.2710656              -7.3761
       183                         -0.2677405              -7.2856
       184                         -0.2592702              -7.0551
       185                         -0.2544738              -6.9246
       ...                                ...                  ...
       336                          1.0639105              28.9505
      -------------------------------------------------------------
                  HL-Gap            0.0261445 Eh            0.7114 eV
             Fermi-level           -0.3576766 Eh           -9.7329 eV

     #   Z        covCN         q      C6AA      α(0)
     1   6 C      2.861     0.226    23.263     7.906
     2   8 O      0.861    -0.359    20.884     6.127
     3   6 C      3.025    -0.020    28.482     8.754
     4   6 C      2.906    -0.038    28.947     8.822
     5   6 C      2.777     0.160    24.525     8.111
     6   9 F      0.787    -0.183    11.057     3.928
     7   6 C      2.775     0.162    24.486     8.105
     8   9 F      0.787    -0.181    11.041     3.925
     9   6 C      2.907    -0.051    29.255     8.869
    10   6 C      3.015     0.005    27.897     8.664
    11   6 C      3.001     0.030    27.328     8.575
    12   6 C      2.943     0.007    27.866     8.658
    13   6 C      1.915     0.120    28.150     8.568
    14   7 N      0.911    -0.239    26.238     7.409
    15   6 C      1.916     0.118    28.185     8.574
    16   7 N      0.911    -0.226    25.943     7.367
    17   6 C      2.986    -0.039    28.972     8.829
    18   6 C      2.907    -0.015    28.398     8.738
    19   6 C      2.977     0.015    27.668     8.628
    20  16 S      2.173     0.022   140.177    19.927
    21   6 C      3.077    -0.000    27.949     8.668
    22   6 C      3.146     0.006    27.621     8.598
    23   6 C      3.065     0.007    27.803     8.646
    24   6 C      3.799    -0.057    21.602     6.618
    25   6 C      3.746    -0.096    22.399     6.751
    26  16 S      2.136    -0.009   141.408    20.014
    27   6 C      3.076     0.013    27.652     8.622
    28   6 C      3.189     0.028    26.906     8.462
    29   7 N      2.783    -0.049    22.183     6.995
    30   6 C      3.737    -0.006    20.765     6.503
    31   6 C      3.746    -0.107    22.624     6.785
    32   6 C      3.041     0.032    27.253     8.562
    33   6 C      3.066    -0.030    28.668     8.780
    34   6 C      2.960     0.077    26.279     8.408
    35   7 N      1.837    -0.214    26.499     7.629
    36   6 C      2.894     0.052    26.839     8.494
    37   6 C      2.894     0.052    26.834     8.493
    38   7 N      1.836    -0.215    26.520     7.632
    39   6 C      2.960     0.077    26.273     8.407
    40   6 C      3.067    -0.030    28.682     8.782
    41   6 C      3.040     0.030    27.295     8.569
    42   7 N      2.786    -0.041    22.026     6.970
    43   6 C      3.734     0.002    20.630     6.483
    44   6 C      3.745    -0.112    22.723     6.800
    45   6 C      3.180     0.026    26.995     8.482
    46   6 C      3.080     0.011    27.691     8.627
    47  16 S      2.144    -0.006   141.288    20.006
    48   6 C      3.171     0.007    27.481     8.564
    49   6 C      3.079     0.009    27.727     8.633
    50  16 S      2.241    -0.022   141.956    20.053
    51   6 C      2.980     0.017    27.621     8.621
    52   6 C      3.062     0.008    27.784     8.644
    53   6 C      3.800    -0.047    21.426     6.591
    54   6 C      3.746    -0.097    22.423     6.755
    55   6 C      2.943    -0.009    28.243     8.716
    56   6 C      2.988    -0.038    28.927     8.822
    57   6 C      3.004     0.033    27.240     8.561
    58   6 C      2.944     0.012    27.741     8.638
    59   6 C      1.910     0.117    28.229     8.581
    60   7 N      0.911    -0.225    25.923     7.364
    61   6 C      1.912     0.120    28.140     8.567
    62   7 N      0.911    -0.230    26.044     7.381
    63   6 C      3.017     0.005    27.898     8.664
    64   6 C      2.906    -0.050    29.238     8.866
    65   6 C      2.776     0.163    24.469     8.102
    66   9 F      0.788    -0.179    11.023     3.922
    67   6 C      2.777     0.161    24.506     8.108
    68   9 F      0.787    -0.181    11.037     3.924
    69   6 C      2.906    -0.037    28.928     8.819
    70   6 C      3.024    -0.020    28.473     8.753
    71   6 C      2.864     0.226    23.257     7.905
    72   8 O      0.856    -0.352    20.744     6.106
    73   1 H      0.924     0.091     1.871     2.139
    74   1 H      0.925     0.090     1.875     2.142
    75   1 H      0.925     0.078     1.998     2.211
    76   1 H      0.923     0.063     2.167     2.302
    77   1 H      0.923     0.058     2.227     2.334
    78   1 H      0.923     0.037     2.484     2.465
    79   1 H      0.923     0.053     2.284     2.363
    80   1 H      0.923     0.041     2.433     2.439
    81   1 H      0.923     0.062     2.175     2.307
    82   1 H      0.925     0.068     2.111     2.272
    83   1 H      0.923     0.051     2.304     2.374
    84   1 H      0.923     0.054     2.265     2.354
    85   1 H      0.923     0.045     2.386     2.416
    86   1 H      0.924     0.043     2.409     2.427
    87   1 H      0.924     0.043     2.414     2.430
    88   1 H      0.924     0.057     2.231     2.336
    89   1 H      0.923     0.059     2.207     2.323
    90   1 H      0.923     0.054     2.265     2.354
    91   1 H      0.923     0.060     2.199     2.319
    92   1 H      0.923     0.051     2.310     2.377
    93   1 H      0.924     0.035     2.523     2.484
    94   1 H      0.922     0.054     2.268     2.355
    95   1 H      0.924     0.039     2.462     2.454
    96   1 H      0.923     0.046     2.377     2.411
    97   1 H      0.923     0.053     2.281     2.362
    98   1 H      0.923     0.085     1.931     2.173
    99   1 H      0.925     0.090     1.883     2.146
   100   1 H      0.924     0.094     1.844     2.124

 Mol. C6AA /au·bohr⁶  :     183790.974425
 Mol. C8AA /au·bohr⁸  :    5071721.489363
 Mol. α(0) /au        :        679.117337


Wiberg/Mayer (AO) data.
largest (>0.10) Wiberg bond orders for each atom
          total WBO             WBO to atom ...
     1  C   3.923        O    2 1.744    C   17 1.055    C    3 1.013
     2  O   2.076        C    1 1.744
     3  C   3.974        C    4 1.409    C   10 1.313    C    1 1.013
     4  C   3.977        C    3 1.409    C    5 1.392    H   73 0.960
     5  C   3.865        C    4 1.392    C    7 1.318    F    6 0.993
     6  F   1.134        C    5 0.993
     7  C   3.888        C    9 1.398    C    5 1.318    F    8 0.995
     8  F   1.138        C    7 0.995
     9  C   3.971        C    7 1.398    C   10 1.391    H   74 0.954
    10  C   3.980        C    9 1.391    C    3 1.313    C   11 1.073
    11  C   3.969        C   12 1.482    C   17 1.149    C   10 1.073
    12  C   3.925        C   11 1.482    C   13 1.097    C   15 1.094
    13  C   3.941        N   14 2.751    C   12 1.097
    14  N   2.968        C   13 2.751
    15  C   3.941        N   16 2.770    C   12 1.094
    16  N   2.970        C   15 2.770
    17  C   3.951        C   18 1.483    C   11 1.149    C    1 1.055
    18  C   3.939        C   17 1.483    C   19 1.318    H   75 0.927
    19  C   3.926        C   23 1.328    C   18 1.318    S   20 1.075
    20  S   2.636        C   21 1.156    C   19 1.075
    21  C   3.937        C   22 1.293    C   28 1.253    S   20 1.156
    22  C   3.929        C   23 1.361    C   21 1.293    S   26 1.080
    23  C   3.953        C   22 1.361    C   19 1.328    C   24 1.018
    24  C   3.991        C   23 1.018    C   25 0.992    H   77 0.967    H   76 0.956
    25  C   3.989        C   24 0.992    H   80 0.988    H   78 0.987    H   79 0.983
    26  S   2.509        C   27 1.117    C   22 1.080
    27  C   3.916        C   28 1.314    C   33 1.269    S   26 1.117
    28  C   3.930        C   27 1.314    C   21 1.253    N   29 1.140
    29  N   3.530        C   32 1.163    C   28 1.140    C   30 0.974
    30  C   3.960        C   31 1.008    N   29 0.974    H   81 0.967    H   82 0.955
    31  C   3.988        C   30 1.008    H   85 0.986    H   83 0.984    H   84 0.981
    32  C   3.928        C   33 1.278    C   41 1.227    N   29 1.163
    33  C   3.957        C   32 1.278    C   27 1.269    C   34 1.171
    34  C   3.974        N   35 1.342    C   39 1.236    C   33 1.171
    35  N   3.057        C   36 1.497    C   34 1.342
    36  C   3.959        N   35 1.497    C   37 1.333    H   86 0.963
    37  C   3.959        N   38 1.498    C   36 1.333    H   87 0.963
    38  N   3.057        C   37 1.498    C   39 1.341
    39  C   3.975        N   38 1.341    C   34 1.236    C   40 1.171
    40  C   3.956        C   41 1.274    C   46 1.271    C   39 1.171
    41  C   3.928        C   40 1.274    C   32 1.227    N   42 1.169
    42  N   3.548        C   41 1.169    C   45 1.146    C   43 0.979
    43  C   3.964        C   44 1.010    N   42 0.979    H   89 0.964    H   88 0.962
    44  C   3.987        C   43 1.010    H   91 0.983    H   90 0.982    H   92 0.980
    45  C   3.934        C   46 1.313    C   49 1.246    N   42 1.146
    46  C   3.919        C   45 1.313    C   40 1.271    S   47 1.114
    47  S   2.519        C   46 1.114    C   48 1.089
    48  C   3.931        C   49 1.320    C   52 1.316    S   47 1.089
    49  C   3.929        C   48 1.320    C   45 1.246    S   50 1.138
    50  S   2.546        C   49 1.138    C   51 1.068
    51  C   3.922        C   52 1.391    C   55 1.258    S   50 1.068
    52  C   3.969        C   51 1.391    C   48 1.316    C   53 1.014
    53  C   3.994        C   52 1.014    C   54 1.000    H   93 0.969    H   94 0.957
    54  C   3.990        C   53 1.000    H   96 0.985    H   97 0.981    H   95 0.981
    55  C   3.943        C   56 1.528    C   51 1.258    H   98 0.944
    56  C   3.955        C   55 1.528    C   57 1.147    C   71 1.009
    57  C   3.975        C   58 1.481    C   56 1.147    C   63 1.067
    58  C   3.947        C   57 1.481    C   59 1.096    C   61 1.095
    59  C   3.943        N   60 2.773    C   58 1.096
    60  N   2.971        C   59 2.773
    61  C   3.943        N   62 2.772    C   58 1.095
    62  N   2.982        C   61 2.772
    63  C   3.982        C   64 1.393    C   70 1.312    C   57 1.067
    64  C   3.972        C   65 1.396    C   63 1.393    H   99 0.956
    65  C   3.888        C   64 1.396    C   67 1.317    F   66 0.997
    66  F   1.141        C   65 0.997
    67  C   3.867        C   69 1.393    C   65 1.317    F   68 0.995
    68  F   1.137        C   67 0.995
    69  C   3.977        C   70 1.407    C   67 1.393    H  100 0.959
    70  C   3.973        C   69 1.407    C   63 1.312    C   71 1.010
    71  C   3.925        O   72 1.787    C   70 1.010    C   56 1.009
    72  O   2.065        C   71 1.787
    73  H   0.991        C    4 0.960
    74  H   0.991        C    9 0.954
    75  H   0.993        C   18 0.927
    76  H   0.995        C   24 0.956
    77  H   0.996        C   24 0.967
    78  H   0.999        C   25 0.987
    79  H   0.995        C   25 0.983
    80  H   0.998        C   25 0.988
    81  H   0.995        C   30 0.967
    82  H   0.994        C   30 0.955
    83  H   0.997        C   31 0.984
    84  H   0.996        C   31 0.981
    85  H   0.998        C   31 0.986
    86  H   0.997        C   36 0.963
    87  H   0.998        C   37 0.963
    88  H   0.996        C   43 0.962
    89  H   0.994        C   43 0.964
    90  H   0.996        C   44 0.982
    91  H   0.996        C   44 0.983
    92  H   0.997        C   44 0.980
    93  H   0.998        C   53 0.969
    94  H   0.996        C   53 0.957
    95  H   0.998        C   54 0.981
    96  H   0.997        C   54 0.985
    97  H   0.997        C   54 0.981
    98  H   0.989        C   55 0.944
    99  H   0.991        C   64 0.956
   100  H   0.991        C   69 0.959

molecular dipole:
                 x           y           z       tot (Debye)
 q only:       -0.276      -0.932       0.196
   full:       -0.219      -1.176      -0.319       3.147
molecular quadrupole (traceless):
                xx          xy          yy          xz          yz          zz
 q only:     -107.136      73.154      46.256      56.315     -24.354      60.880
  q+dip:     -114.765      54.113      52.181      40.699     -17.691      62.585
   full:     -118.437      63.962      56.297      42.298     -15.322      62.140


           -------------------------------------------------
          | TOTAL ENERGY             -193.241422009750 Eh   |
          | GRADIENT NORM               0.102924042531 Eh/α |
          | HOMO-LUMO GAP               0.711427615015 eV   |
           -------------------------------------------------

------------------------------------------------------------------------
 * finished run on 2020/11/20 at 13:44:41.762     
------------------------------------------------------------------------
 total:
 * wall-time:     0 d,  0 h,  0 min,  0.909 sec
 *  cpu-time:     0 d,  0 h,  0 min,  0.908 sec
 * ratio c/w:     0.999 speedup
 SCF:
 * wall-time:     0 d,  0 h,  0 min,  0.687 sec
 *  cpu-time:     0 d,  0 h,  0 min,  0.687 sec
 * ratio c/w:     1.000 speedup

