      -----------------------------------------------------------      
     |                   =====================                   |     
     |                           x T B                           |     
     |                   =====================                   |     
     |                         S. Grimme                         |     
     |          Mulliken Center for Theoretical Chemistry        |     
     |                    University of Bonn                     |     
     |                Version 6.2 RC2 (SAW190805)                |     
      -----------------------------------------------------------      

   This program is distributed in the hope that it will be useful,
   but WITHOUT ANY WARRANTY; without even the implied warranty of
   MERCHANTABILITY or FITNESS FOR A PARTICULAR PURPOSE.
   
   FOR NON-COMMERCIAL, ACADEMIA USE ONLY.
   
   Cite this work as:
   * S. Grimme, C. Bannwarth, P. Shushkov, J. Chem. Theory Comput., 2017,
     13, 1989-2009. DOI: 10.1021/acs.jctc.7b00118
   * C. Bannwarth, S. Ehlert and S. Grimme., J. Chem. Theory Comput., 2019,
     15, 1652-1671. DOI: 10.1021/acs.jctc.8b01176
   * P. Pracht, E. Caldeweyher, S. Ehlert, S. Grimme, ChemRxiv, 2019, preprint.
     DOI: 10.26434/chemrxiv.8326202.v1
   
   for DFT-D4:
   * E. Caldeweyher, C. Bannwarth and S. Grimme, J. Chem. Phys., 2017,
     147, 034112. DOI: 10.1063/1.4993215
   * E. Caldeweyher, S. Ehlert, A. Hansen, H. Neugebauer, S. Spicher,
     C. Bannwarth and S. Grimme, J. Chem. Phys., 2019, 150, 154122.
     DOI: 10.1063/1.5090222
   
   for sTDA-xTB:
   * S. Grimme and C. Bannwarth, J. Chem. Phys., 2016, 145, 054103.
     DOI: 10.1063/1.4959605
   
   in the mass-spec context:
   * V. Asgeirsson, C. Bauer and S. Grimme, Chem. Sci., 2017, 8, 4879.
     DOI: 10.1039/c7sc00601b
   
   for metadynamics refer to:
   * S. Grimme, J. Chem. Theory Comput., 2019, 155, 2847-2862
     DOI: 10.1021/acs.jctc.9b00143
   
   with help from (in alphabetical order)
   C. Bannwarth, F. Bohle, G. Brandenburg, E. Caldeweyher, M. Checinski,
   S. Dohm, S. Ehlert, S. Ehrlich, F. März, H. Neugebauer, J. Pisarek,
   P. Pracht, P. Shushkov, and S. Spicher.
   
 * started run on 2021/04/12 at 13:52:52.404     

           -------------------------------------------------
          |                Calculation Setup                |
           -------------------------------------------------

          program call               : /ihome/ghutchison/geoffh/xtb/xtb AQx.xyz -sp
          hostname                   : smp-n149
          coordinate file            : AQx.xyz
          omp threads                :                     1
          number of atoms            :                   106
          number of electrons        :                   360
          charge                     :                     0
          spin                       :                   0.0
          first test random number   :      0.41157326753425


########################################################################
# WARNING! Please study the warnings concerning your input carefully
#  - XTBPATH is not set, using XTBHOME instead
#  - the use of '-sp' is discouraged, please use '--sp' next time
########################################################################

           ------------------------------------------------- 
          |                 G F N 2 - x T B                 |
          | Geometry, Frequencies, Noncovalent interactions |
          |            JCTC 2019 parametrisation            |
           ------------------------------------------------- 
             KAB for C  - Si     :                1.0500
             KAB for H  - Pd     :                0.9500
             k(s)              :                1.8500
             k(p)              :                2.2300
             k(d)              :                2.2300
             k(f)              :                2.0000
             kEN (H0ij)        :               -2.0000
             D4 a1             :                0.5200
             D4 a2             :                5.0000
             D4 s6             :                1.0000
             D4 s8             :                2.7000
             D4 s9             :                5.0000
             alphaj            :                2.0000

  Z AO/shell   Hii/eV     exponent
  1     Wed Apr 25 08:07:45 CEST 2018   EN: 2.200 GM2: 0.406  GM3: 0.0800  RAES: 1.40
     1s    -10.707211    1.230000
  6     Wed Apr 25 08:07:45 CEST 2018   EN: 2.550 GM2: 0.538  GM3: 0.1500  RAES: 3.00
     2s    -13.970922    2.096432
     2p    -10.063292    1.800000
  7     Wed Apr 25 08:07:45 CEST 2018   EN: 3.040 GM2: 0.461  GM3:-0.0640  RAES: 1.90
     2s    -16.686243    2.339881
     2p    -12.523956    2.014332
  8     Wed Apr 25 08:07:45 CEST 2018   EN: 3.440 GM2: 0.452  GM3:-0.0517  RAES: 1.80
     2s    -20.229985    2.439742
     2p    -15.503117    2.137023
  9     Mon Apr 23 13:58:50 CEST 2018   EN: 3.980 GM2: 0.532  GM3: 0.1426  RAES: 2.40
     2s    -23.458179    2.416361
     2p    -15.746583    2.308399
 16     Tue Apr 24 11:44:34 CEST 2018   EN: 2.580 GM2: 0.340  GM3:-0.0502  RAES: 3.10
     3s    -20.029654    1.981333
     3p    -11.377694    2.025643
     3d     -0.420282    1.702555

           ------------------------------------------------- 
          |        Self-Consistent Charge Iterations        |
           ------------------------------------------------- 

          ...................................................
          :                      SETUP                      :
          :.................................................:
          :  # basis functions                 352          :
          :  # atomic orbitals                 348          :
          :  # shells                          184          :
          :  # electrons                       360          :
          :  max. iterations                   250          :
          :  Hamiltonian                  GFN2-xTB          :
          :  restarted?                      false          :
          :  GBSA solvation                  false          :
          :  PC potential                    false          :
          :  electronic temp.          300.0000000     K    :
          :  accuracy                    1.0000000          :
          :  -> integral cutoff          0.2500000E+02      :
          :  -> integral neglect         0.1000000E-07      :
          :  -> SCF convergence          0.1000000E-05 Eh   :
          :  -> wf. convergence          0.1000000E-03 e    :
          :  Broyden damping             0.4000000          :
          ...................................................

 iter      E             dE          RMSdq      gap      omega  full diag
   1   -201.9766619 -0.201977E+03  0.480E+00    1.36       0.0  T
   2   -202.1189643 -0.142302E+00  0.313E+00    0.81       1.0  T
   3   -202.0220506  0.969137E-01  0.210E+00    0.77       1.0  T
   4   -202.2751299 -0.253079E+00  0.859E-01    0.82       1.0  T
   5   -202.3510225 -0.758927E-01  0.248E-01    0.43       1.0  T
   6   -202.3544248 -0.340227E-02  0.132E-01    0.58       1.0  T
   7   -202.3557426 -0.131785E-02  0.557E-02    0.53       1.0  T
   8   -202.3559746 -0.231921E-03  0.227E-02    0.54       1.0  T
   9   -202.3559989 -0.243761E-04  0.126E-02    0.54       1.0  T
  10   -202.3560110 -0.120980E-04  0.509E-03    0.55       1.9  T
  11   -202.3560115 -0.477684E-06  0.297E-03    0.55       3.3  T
  12   -202.3560122 -0.714481E-06  0.132E-03    0.55       7.3  T
  13   -202.3560124 -0.118839E-06  0.638E-04    0.55      15.2  T
  14   -202.3560124 -0.772343E-08  0.346E-04    0.55      28.1  T

   *** convergence criteria satisfied after 14 iterations ***

         #    Occupation            Energy/Eh            Energy/eV
      -------------------------------------------------------------
         1        2.0000           -0.8506676             -23.1478
       ...           ...                  ...                  ...
       174        2.0000           -0.4127901             -11.2326
       175        2.0000           -0.4097169             -11.1490
       176        2.0000           -0.3994724             -10.8702
       177        2.0000           -0.3939686             -10.7204
       178        2.0000           -0.3844942             -10.4626
       179        2.0000           -0.3809969             -10.3675
       180        1.9999           -0.3633265              -9.8866 (HOMO)
       181        0.0001           -0.3432907              -9.3414 (LUMO)
       182        0.0000           -0.3390617              -9.2263
       183                         -0.3298070              -8.9745
       184                         -0.3272383              -8.9046
       185                         -0.2961644              -8.0590
       ...                                ...                  ...
       348                          1.0642707              28.9603
      -------------------------------------------------------------
                  HL-Gap            0.0200357 Eh            0.5452 eV
             Fermi-level           -0.3533141 Eh           -9.6142 eV

 SCC (total)                   0 d,  0 h,  0 min,  0.683 sec
 SCC setup                      ...        0 min,  0.003 sec (  0.390%)
 Dispersion                     ...        0 min,  0.006 sec (  0.853%)
 integral evaluation            ...        0 min,  0.223 sec ( 32.644%)
 zeroth order Hamiltonian       ...        0 min,  0.001 sec (  0.205%)
 iterations                     ...        0 min,  0.274 sec ( 40.076%)
 molecular gradient             ...        0 min,  0.174 sec ( 25.479%)
 printout                       ...        0 min,  0.002 sec (  0.346%)

         :::::::::::::::::::::::::::::::::::::::::::::::::::::
         ::                     SUMMARY                     ::
         :::::::::::::::::::::::::::::::::::::::::::::::::::::
         :: total energy            -199.597040704433 Eh    ::
         :: gradient norm              0.103803215421 Eh/a0 ::
         :: HOMO-LUMO gap              0.545199763880 eV    ::
         ::.................................................::
         :: SCC energy              -202.356012360559 Eh    ::
         :: -> isotropic ES            0.147186007212 Eh    ::
         :: -> anisotropic ES          0.013205398053 Eh    ::
         :: -> anisotropic XC          0.114042614173 Eh    ::
         :: -> dispersion             -0.168202111693 Eh    ::
         :: repulsion energy           2.759873454163 Eh    ::
         :: add. restraining           0.000000000000 Eh    ::
         :::::::::::::::::::::::::::::::::::::::::::::::::::::

           -------------------------------------------------
          |                Property Printout                |
           -------------------------------------------------

    * Orbital Energies and Occupations

         #    Occupation            Energy/Eh            Energy/eV
      -------------------------------------------------------------
         1        2.0000           -0.8506676             -23.1478
       ...           ...                  ...                  ...
       168        2.0000           -0.4305488             -11.7158
       169        2.0000           -0.4290105             -11.6740
       170        2.0000           -0.4276462             -11.6368
       171        2.0000           -0.4211246             -11.4594
       172        2.0000           -0.4195591             -11.4168
       173        2.0000           -0.4155415             -11.3075
       174        2.0000           -0.4127901             -11.2326
       175        2.0000           -0.4097169             -11.1490
       176        2.0000           -0.3994724             -10.8702
       177        2.0000           -0.3939686             -10.7204
       178        2.0000           -0.3844942             -10.4626
       179        2.0000           -0.3809969             -10.3675
       180        1.9999           -0.3633265              -9.8866 (HOMO)
       181        0.0001           -0.3432907              -9.3414 (LUMO)
       182        0.0000           -0.3390617              -9.2263
       183                         -0.3298070              -8.9745
       184                         -0.3272383              -8.9046
       185                         -0.2961644              -8.0590
       186                         -0.2848722              -7.7518
       187                         -0.2831378              -7.7046
       188                         -0.2665363              -7.2528
       189                         -0.2631666              -7.1611
       190                         -0.2533947              -6.8952
       191                         -0.2520179              -6.8578
       ...                                ...                  ...
       348                          1.0642707              28.9603
      -------------------------------------------------------------
                  HL-Gap            0.0200357 Eh            0.5452 eV
             Fermi-level           -0.3533141 Eh           -9.6142 eV

     #   Z        covCN         q      C6AA      α(0)
     1   6 C      2.864     0.225    23.273     7.908
     2   8 O      0.874    -0.359    20.868     6.125
     3   6 C      3.029    -0.020    28.470     8.752
     4   6 C      2.907    -0.038    28.950     8.823
     5   6 C      2.778     0.160    24.525     8.111
     6   9 F      0.787    -0.183    11.058     3.928
     7   6 C      2.775     0.162    24.489     8.105
     8   9 F      0.787    -0.181    11.040     3.925
     9   6 C      2.908    -0.051    29.256     8.869
    10   6 C      3.014     0.004    27.904     8.665
    11   6 C      3.004     0.029    27.334     8.576
    12   6 C      2.943     0.007    27.853     8.656
    13   6 C      1.913     0.118    28.198     8.576
    14   7 N      0.911    -0.235    26.155     7.397
    15   6 C      1.915     0.118    28.185     8.574
    16   7 N      0.911    -0.227    25.961     7.369
    17   6 C      2.985    -0.041    29.001     8.834
    18   6 C      2.908    -0.014    28.351     8.731
    19   6 C      2.976     0.015    27.683     8.631
    20  16 S      2.195     0.020   140.249    19.932
    21   6 C      3.087     0.000    27.919     8.661
    22   6 C      3.135     0.006    27.658     8.608
    23   6 C      3.065     0.006    27.813     8.648
    24   6 C      3.798    -0.052    21.515     6.604
    25   6 C      3.746    -0.098    22.436     6.756
    26  16 S      2.144    -0.018   141.812    20.043
    27   6 C      3.063     0.011    27.701     8.631
    28   6 C      3.205     0.027    26.814     8.434
    29   7 N      2.783    -0.041    22.035     6.972
    30   6 C      3.737    -0.005    20.751     6.501
    31   6 C      3.746    -0.111    22.687     6.794
    32   6 C      3.040     0.029    27.324     8.574
    33   6 C      3.068    -0.029    28.648     8.776
    34   6 C      2.948     0.072    26.398     8.427
    35   7 N      1.841    -0.235    27.006     7.702
    36   6 C      2.934     0.087    26.056     8.371
    37   6 C      3.752    -0.113    22.730     6.799
    38   6 C      2.935     0.087    26.062     8.372
    39   6 C      3.752    -0.113    22.729     6.799
    40   7 N      1.841    -0.236    27.023     7.704
    41   6 C      2.948     0.071    26.402     8.428
    42   6 C      3.070    -0.029    28.643     8.775
    43   6 C      3.039     0.029    27.329     8.574
    44   7 N      2.786    -0.039    21.991     6.965
    45   6 C      3.737    -0.004    20.726     6.497
    46   6 C      3.746    -0.108    22.632     6.786
    47   6 C      3.206     0.028    26.791     8.430
    48   6 C      3.067     0.010    27.730     8.635
    49  16 S      2.149    -0.005   141.272    20.005
    50   6 C      3.150     0.007    27.592     8.592
    51   6 C      3.087     0.013    27.630     8.616
    52  16 S      2.209    -0.054   143.283    20.146
    53   6 C      2.979     0.019    27.590     8.616
    54   6 C      3.071     0.013    27.660     8.624
    55   6 C      3.799    -0.051    21.490     6.600
    56   6 C      3.747    -0.099    22.454     6.759
    57   6 C      2.920    -0.008    28.220     8.711
    58   6 C      2.990    -0.037    28.910     8.820
    59   6 C      3.004     0.034    27.223     8.559
    60   6 C      2.944     0.008    27.833     8.653
    61   6 C      1.910     0.117    28.231     8.581
    62   7 N      0.911    -0.233    26.104     7.389
    63   6 C      1.911     0.120    28.162     8.570
    64   7 N      0.911    -0.237    26.201     7.403
    65   6 C      3.015     0.005    27.880     8.661
    66   6 C      2.906    -0.050    29.251     8.868
    67   6 C      2.775     0.162    24.485     8.104
    68   9 F      0.787    -0.181    11.044     3.926
    69   6 C      2.777     0.160    24.519     8.110
    70   9 F      0.787    -0.182    11.049     3.926
    71   6 C      2.905    -0.038    28.933     8.820
    72   6 C      3.025    -0.019    28.463     8.751
    73   6 C      2.859     0.227    23.247     7.903
    74   8 O      0.856    -0.354    20.793     6.114
    75   1 H      0.924     0.092     1.863     2.134
    76   1 H      0.925     0.091     1.871     2.139
    77   1 H      0.925     0.074     2.042     2.234
    78   1 H      0.923     0.049     2.333     2.389
    79   1 H      0.923     0.054     2.266     2.354
    80   1 H      0.923     0.045     2.382     2.414
    81   1 H      0.923     0.055     2.264     2.353
    82   1 H      0.923     0.041     2.436     2.441
    83   1 H      0.924     0.066     2.129     2.282
    84   1 H      0.923     0.063     2.168     2.303
    85   1 H      0.923     0.042     2.420     2.433
    86   1 H      0.923     0.058     2.225     2.333
    87   1 H      0.923     0.060     2.204     2.321
    88   1 H      0.924     0.065     2.140     2.288
    89   1 H      0.923     0.053     2.284     2.363
    90   1 H      0.923     0.054     2.274     2.358
    91   1 H      0.923     0.053     2.277     2.360
    92   1 H      0.924     0.065     2.142     2.289
    93   1 H      0.923     0.053     2.283     2.363
    94   1 H      0.924     0.067     2.117     2.275
    95   1 H      0.923     0.057     2.238     2.340
    96   1 H      0.923     0.046     2.370     2.407
    97   1 H      0.923     0.056     2.241     2.341
    98   1 H      0.923     0.054     2.275     2.359
    99   1 H      0.923     0.047     2.353     2.399
   100   1 H      0.923     0.054     2.267     2.355
   101   1 H      0.923     0.050     2.325     2.385
   102   1 H      0.923     0.047     2.356     2.400
   103   1 H      0.923     0.047     2.353     2.399
   104   1 H      0.924     0.080     1.983     2.202
   105   1 H      0.925     0.089     1.888     2.149
   106   1 H      0.924     0.093     1.849     2.127

 Mol. C6AA /au·bohr⁶  :     197207.102585
 Mol. C8AA /au·bohr⁸  :    5399545.537412
 Mol. α(0) /au        :        701.868803


Wiberg/Mayer (AO) data.
largest (>0.10) Wiberg bond orders for each atom
          total WBO             WBO to atom ...
     1  C   3.922        O    2 1.733    C   17 1.057    C    3 1.017
     2  O   2.086        C    1 1.733
     3  C   3.975        C    4 1.407    C   10 1.314    C    1 1.017
     4  C   3.976        C    3 1.407    C    5 1.393    H   75 0.959
     5  C   3.866        C    4 1.393    C    7 1.318    F    6 0.993
     6  F   1.134        C    5 0.993
     7  C   3.887        C    9 1.397    C    5 1.318    F    8 0.996
     8  F   1.138        C    7 0.996
     9  C   3.971        C    7 1.397    C   10 1.392    H   76 0.954
    10  C   3.980        C    9 1.392    C    3 1.314    C   11 1.070
    11  C   3.969        C   12 1.484    C   17 1.151    C   10 1.070
    12  C   3.926        C   11 1.484    C   13 1.096    C   15 1.094
    13  C   3.941        N   14 2.758    C   12 1.096
    14  N   2.968        C   13 2.758
    15  C   3.941        N   16 2.770    C   12 1.094
    16  N   2.970        C   15 2.770
    17  C   3.950        C   18 1.477    C   11 1.151    C    1 1.057
    18  C   3.944        C   17 1.477    C   19 1.319    H   77 0.932
    19  C   3.927        C   23 1.325    C   18 1.319    S   20 1.078
    20  S   2.673        C   21 1.163    C   19 1.078
    21  C   3.939        C   22 1.290    C   28 1.253    S   20 1.163
    22  C   3.928        C   23 1.363    C   21 1.290    S   26 1.076
    23  C   3.949        C   22 1.363    C   19 1.325    C   24 1.017
    24  C   3.992        C   23 1.017    C   25 0.991    H   79 0.967    H   78 0.965
    25  C   3.988        C   24 0.991    H   82 0.988    H   80 0.986    H   81 0.983
    26  S   2.485        C   27 1.106    C   22 1.076
    27  C   3.912        C   28 1.311    C   33 1.276    S   26 1.106
    28  C   3.935        C   27 1.311    C   21 1.253    N   29 1.150
    29  N   3.552        C   32 1.170    C   28 1.150    C   30 0.976
    30  C   3.961        C   31 1.011    N   29 0.976    H   84 0.963    H   83 0.957
    31  C   3.988        C   30 1.011    H   86 0.982    H   87 0.980    H   85 0.975
    32  C   3.923        C   33 1.266    C   43 1.230    N   29 1.170
    33  C   3.947        C   27 1.276    C   32 1.266    C   34 1.169
    34  C   3.975        N   35 1.327    C   41 1.251    C   33 1.169
    35  N   3.055        C   36 1.487    C   34 1.327
    36  C   3.957        N   35 1.487    C   38 1.249    C   37 1.029
    37  C   3.992        C   36 1.029    H   88 0.983    H   89 0.966    H   90 0.964
    38  C   3.957        N   40 1.486    C   36 1.249    C   39 1.029
    39  C   3.992        C   38 1.029    H   92 0.983    H   93 0.966    H   91 0.964
    40  N   3.055        C   38 1.486    C   41 1.327
    41  C   3.975        N   40 1.327    C   34 1.251    C   42 1.168
    42  C   3.948        C   48 1.277    C   43 1.269    C   41 1.168
    43  C   3.922        C   42 1.269    C   32 1.230    N   44 1.166
    44  N   3.558        C   43 1.166    C   47 1.155    C   45 0.981
    45  C   3.963        C   46 1.008    N   44 0.981    H   95 0.965    H   94 0.955
    46  C   3.988        C   45 1.008    H   98 0.982    H   97 0.982    H   96 0.977
    47  C   3.936        C   48 1.304    C   51 1.256    N   44 1.155
    48  C   3.914        C   47 1.304    C   42 1.277    S   49 1.111
    49  S   2.503        C   48 1.111    C   50 1.086
    50  C   3.929        C   54 1.322    C   51 1.316    S   49 1.086
    51  C   3.935        C   50 1.316    C   47 1.256    S   52 1.128
    52  S   2.547        C   51 1.128    C   53 1.067
    53  C   3.922        C   54 1.375    C   57 1.273    S   52 1.067
    54  C   3.959        C   53 1.375    C   50 1.322    C   55 1.019
    55  C   3.992        C   54 1.019    C   56 0.990    H   99 0.967    H  100 0.965
    56  C   3.987        C   55 0.990    H  101 0.987    H  103 0.986    H  102 0.984
    57  C   3.943        C   58 1.515    C   53 1.273    H  104 0.939
    58  C   3.950        C   57 1.515    C   59 1.152    C   73 1.017
    59  C   3.970        C   60 1.473    C   58 1.152    C   65 1.071
    60  C   3.949        C   59 1.473    C   61 1.101    C   63 1.096
    61  C   3.942        N   62 2.765    C   60 1.101
    62  N   2.967        C   61 2.765
    63  C   3.942        N   64 2.770    C   60 1.096
    64  N   2.978        C   63 2.770
    65  C   3.980        C   66 1.391    C   72 1.310    C   59 1.071
    66  C   3.971        C   67 1.398    C   65 1.391    H  105 0.956
    67  C   3.888        C   66 1.398    C   69 1.318    F   68 0.995
    68  F   1.138        C   67 0.995
    69  C   3.865        C   71 1.392    C   67 1.318    F   70 0.994
    70  F   1.135        C   69 0.994
    71  C   3.977        C   72 1.409    C   69 1.392    H  106 0.959
    72  C   3.972        C   71 1.409    C   65 1.310    C   73 1.006
    73  C   3.924        O   74 1.783    C   58 1.017    C   72 1.006
    74  O   2.058        C   73 1.783
    75  H   0.991        C    4 0.959
    76  H   0.991        C    9 0.954
    77  H   0.993        C   18 0.932
    78  H   0.997        C   24 0.965
    79  H   0.996        C   24 0.967
    80  H   0.998        C   25 0.986
    81  H   0.995        C   25 0.983
    82  H   0.998        C   25 0.988
    83  H   0.995        C   30 0.957
    84  H   0.994        C   30 0.963
    85  H   0.998        C   31 0.975
    86  H   0.996        C   31 0.982
    87  H   0.996        C   31 0.980
    88  H   0.996        C   37 0.983
    89  H   0.995        C   37 0.966
    90  H   0.994        C   37 0.964
    91  H   0.994        C   39 0.964
    92  H   0.996        C   39 0.983
    93  H   0.995        C   39 0.966
    94  H   0.994        C   45 0.955
    95  H   0.995        C   45 0.965
    96  H   0.998        C   46 0.977
    97  H   0.996        C   46 0.982
    98  H   0.997        C   46 0.982
    99  H   0.997        C   55 0.967
   100  H   0.994        C   55 0.965
   101  H   0.998        C   56 0.987
   102  H   0.996        C   56 0.984
   103  H   0.998        C   56 0.986
   104  H   0.991        C   57 0.939
   105  H   0.991        C   66 0.956
   106  H   0.991        C   71 0.959

molecular dipole:
                 x           y           z       tot (Debye)
 q only:       -2.605      -2.509      -1.848
   full:       -2.114      -2.659      -1.762       9.726
molecular quadrupole (traceless):
                xx          xy          yy          xz          yz          zz
 q only:     -111.865      20.576      35.577     -58.348       7.553      76.288
  q+dip:      -88.971       7.995      24.740     -63.019      17.647      64.231
   full:      -91.063       8.110      17.974     -67.818      11.019      73.089


           -------------------------------------------------
          | TOTAL ENERGY             -199.597040704433 Eh   |
          | GRADIENT NORM               0.103803215421 Eh/α |
          | HOMO-LUMO GAP               0.545199763880 eV   |
           -------------------------------------------------

------------------------------------------------------------------------
 * finished run on 2021/04/12 at 13:52:53.328     
------------------------------------------------------------------------
 total:
 * wall-time:     0 d,  0 h,  0 min,  0.925 sec
 *  cpu-time:     0 d,  0 h,  0 min,  0.921 sec
 * ratio c/w:     0.996 speedup
 SCF:
 * wall-time:     0 d,  0 h,  0 min,  0.684 sec
 *  cpu-time:     0 d,  0 h,  0 min,  0.682 sec
 * ratio c/w:     0.998 speedup

