      -----------------------------------------------------------      
     |                   =====================                   |     
     |                           x T B                           |     
     |                   =====================                   |     
     |                         S. Grimme                         |     
     |          Mulliken Center for Theoretical Chemistry        |     
     |                    University of Bonn                     |     
     |                Version 6.2 RC2 (SAW190805)                |     
      -----------------------------------------------------------      

   This program is distributed in the hope that it will be useful,
   but WITHOUT ANY WARRANTY; without even the implied warranty of
   MERCHANTABILITY or FITNESS FOR A PARTICULAR PURPOSE.
   
   FOR NON-COMMERCIAL, ACADEMIA USE ONLY.
   
   Cite this work as:
   * S. Grimme, C. Bannwarth, P. Shushkov, J. Chem. Theory Comput., 2017,
     13, 1989-2009. DOI: 10.1021/acs.jctc.7b00118
   * C. Bannwarth, S. Ehlert and S. Grimme., J. Chem. Theory Comput., 2019,
     15, 1652-1671. DOI: 10.1021/acs.jctc.8b01176
   * P. Pracht, E. Caldeweyher, S. Ehlert, S. Grimme, ChemRxiv, 2019, preprint.
     DOI: 10.26434/chemrxiv.8326202.v1
   
   for DFT-D4:
   * E. Caldeweyher, C. Bannwarth and S. Grimme, J. Chem. Phys., 2017,
     147, 034112. DOI: 10.1063/1.4993215
   * E. Caldeweyher, S. Ehlert, A. Hansen, H. Neugebauer, S. Spicher,
     C. Bannwarth and S. Grimme, J. Chem. Phys., 2019, 150, 154122.
     DOI: 10.1063/1.5090222
   
   for sTDA-xTB:
   * S. Grimme and C. Bannwarth, J. Chem. Phys., 2016, 145, 054103.
     DOI: 10.1063/1.4959605
   
   in the mass-spec context:
   * V. Asgeirsson, C. Bauer and S. Grimme, Chem. Sci., 2017, 8, 4879.
     DOI: 10.1039/c7sc00601b
   
   for metadynamics refer to:
   * S. Grimme, J. Chem. Theory Comput., 2019, 155, 2847-2862
     DOI: 10.1021/acs.jctc.9b00143
   
   with help from (in alphabetical order)
   C. Bannwarth, F. Bohle, G. Brandenburg, E. Caldeweyher, M. Checinski,
   S. Dohm, S. Ehlert, S. Ehrlich, F. März, H. Neugebauer, J. Pisarek,
   P. Pracht, P. Shushkov, and S. Spicher.
   
 * started run on 2021/04/12 at 13:52:54.658     

           -------------------------------------------------
          |                Calculation Setup                |
           -------------------------------------------------

          program call               : /ihome/ghutchison/geoffh/xtb/xtb BCDT-4F.xyz -sp
          hostname                   : smp-n149
          coordinate file            : BCDT-4F.xyz
          omp threads                :                     1
          number of atoms            :                   121
          number of electrons        :                   400
          charge                     :                     0
          spin                       :                   0.0
          first test random number   :      0.95948620352723


########################################################################
# WARNING! Please study the warnings concerning your input carefully
#  - XTBPATH is not set, using XTBHOME instead
#  - the use of '-sp' is discouraged, please use '--sp' next time
########################################################################

           ------------------------------------------------- 
          |                 G F N 2 - x T B                 |
          | Geometry, Frequencies, Noncovalent interactions |
          |            JCTC 2019 parametrisation            |
           ------------------------------------------------- 
             KAB for C  - Si     :                1.0500
             KAB for H  - Pd     :                0.9500
             k(s)              :                1.8500
             k(p)              :                2.2300
             k(d)              :                2.2300
             k(f)              :                2.0000
             kEN (H0ij)        :               -2.0000
             D4 a1             :                0.5200
             D4 a2             :                5.0000
             D4 s6             :                1.0000
             D4 s8             :                2.7000
             D4 s9             :                5.0000
             alphaj            :                2.0000

  Z AO/shell   Hii/eV     exponent
  1     Wed Apr 25 08:07:45 CEST 2018   EN: 2.200 GM2: 0.406  GM3: 0.0800  RAES: 1.40
     1s    -10.707211    1.230000
  6     Wed Apr 25 08:07:45 CEST 2018   EN: 2.550 GM2: 0.538  GM3: 0.1500  RAES: 3.00
     2s    -13.970922    2.096432
     2p    -10.063292    1.800000
  7     Wed Apr 25 08:07:45 CEST 2018   EN: 3.040 GM2: 0.461  GM3:-0.0640  RAES: 1.90
     2s    -16.686243    2.339881
     2p    -12.523956    2.014332
  8     Wed Apr 25 08:07:45 CEST 2018   EN: 3.440 GM2: 0.452  GM3:-0.0517  RAES: 1.80
     2s    -20.229985    2.439742
     2p    -15.503117    2.137023
  9     Mon Apr 23 13:58:50 CEST 2018   EN: 3.980 GM2: 0.532  GM3: 0.1426  RAES: 2.40
     2s    -23.458179    2.416361
     2p    -15.746583    2.308399
 16     Tue Apr 24 11:44:34 CEST 2018   EN: 2.580 GM2: 0.340  GM3:-0.0502  RAES: 3.10
     3s    -20.029654    1.981333
     3p    -11.377694    2.025643
     3d     -0.420282    1.702555

           ------------------------------------------------- 
          |        Self-Consistent Charge Iterations        |
           ------------------------------------------------- 

          ...................................................
          :                      SETUP                      :
          :.................................................:
          :  # basis functions                 394          :
          :  # atomic orbitals                 389          :
          :  # shells                          207          :
          :  # electrons                       400          :
          :  max. iterations                   250          :
          :  Hamiltonian                  GFN2-xTB          :
          :  restarted?                      false          :
          :  GBSA solvation                  false          :
          :  PC potential                    false          :
          :  electronic temp.          300.0000000     K    :
          :  accuracy                    1.0000000          :
          :  -> integral cutoff          0.2500000E+02      :
          :  -> integral neglect         0.1000000E-07      :
          :  -> SCF convergence          0.1000000E-05 Eh   :
          :  -> wf. convergence          0.1000000E-03 e    :
          :  Broyden damping             0.4000000          :
          ...................................................

 iter      E             dE          RMSdq      gap      omega  full diag
   1   -224.5924495 -0.224592E+03  0.460E+00    1.12       0.0  T
   2   -224.7114352 -0.118986E+00  0.293E+00    0.99       1.0  T
   3   -224.4753590  0.236076E+00  0.207E+00    0.76       1.0  T
   4   -224.8515887 -0.376230E+00  0.765E-01    1.05       1.0  T
   5   -224.9188727 -0.672840E-01  0.238E-01    0.89       1.0  T
   6   -224.9214183 -0.254566E-02  0.140E-01    0.96       1.0  T
   7   -224.9234756 -0.205726E-02  0.586E-02    0.93       1.0  T
   8   -224.9237421 -0.266503E-03  0.189E-02    0.94       1.0  T
   9   -224.9237528 -0.107429E-04  0.106E-02    0.94       1.0  T
  10   -224.9237603 -0.749773E-05  0.470E-03    0.94       1.9  T
  11   -224.9237617 -0.134684E-05  0.191E-03    0.94       4.8  T
  12   -224.9237619 -0.261227E-06  0.739E-04    0.94      12.3  T
  13   -224.9237619 -0.113454E-07  0.452E-04    0.94      20.1  T

   *** convergence criteria satisfied after 13 iterations ***

         #    Occupation            Energy/Eh            Energy/eV
      -------------------------------------------------------------
         1        2.0000           -0.8493353             -23.1116
       ...           ...                  ...                  ...
       194        2.0000           -0.4166971             -11.3389
       195        2.0000           -0.4147654             -11.2863
       196        2.0000           -0.4133893             -11.2489
       197        2.0000           -0.4121723             -11.2158
       198        2.0000           -0.4070488             -11.0764
       199        2.0000           -0.3902233             -10.6185
       200        2.0000           -0.3782097             -10.2916 (HOMO)
       201                         -0.3438142              -9.3557 (LUMO)
       202                         -0.3390482              -9.2260
       203                         -0.3319524              -9.0329
       204                         -0.3265202              -8.8851
       205                         -0.3236073              -8.8058
       ...                                ...                  ...
       389                          1.0692463              29.0957
      -------------------------------------------------------------
                  HL-Gap            0.0343955 Eh            0.9359 eV
             Fermi-level           -0.3610151 Eh           -9.8237 eV

 SCC (total)                   0 d,  0 h,  0 min,  0.847 sec
 SCC setup                      ...        0 min,  0.003 sec (  0.385%)
 Dispersion                     ...        0 min,  0.006 sec (  0.710%)
 integral evaluation            ...        0 min,  0.253 sec ( 29.921%)
 zeroth order Hamiltonian       ...        0 min,  0.002 sec (  0.197%)
 iterations                     ...        0 min,  0.358 sec ( 42.243%)
 molecular gradient             ...        0 min,  0.221 sec ( 26.129%)
 printout                       ...        0 min,  0.003 sec (  0.409%)

         :::::::::::::::::::::::::::::::::::::::::::::::::::::
         ::                     SUMMARY                     ::
         :::::::::::::::::::::::::::::::::::::::::::::::::::::
         :: total energy            -221.958990323097 Eh    ::
         :: gradient norm              0.115826621984 Eh/a0 ::
         :: HOMO-LUMO gap              0.935949334529 eV    ::
         ::.................................................::
         :: SCC energy              -224.923761943415 Eh    ::
         :: -> isotropic ES            0.177350389592 Eh    ::
         :: -> anisotropic ES          0.018591414603 Eh    ::
         :: -> anisotropic XC          0.115156074839 Eh    ::
         :: -> dispersion             -0.188182228483 Eh    ::
         :: repulsion energy           2.963240385874 Eh    ::
         :: add. restraining           0.000000000000 Eh    ::
         :::::::::::::::::::::::::::::::::::::::::::::::::::::

           -------------------------------------------------
          |                Property Printout                |
           -------------------------------------------------

    * Orbital Energies and Occupations

         #    Occupation            Energy/Eh            Energy/eV
      -------------------------------------------------------------
         1        2.0000           -0.8493353             -23.1116
       ...           ...                  ...                  ...
       188        2.0000           -0.4275245             -11.6335
       189        2.0000           -0.4255512             -11.5798
       190        2.0000           -0.4243139             -11.5462
       191        2.0000           -0.4238284             -11.5330
       192        2.0000           -0.4212405             -11.4625
       193        2.0000           -0.4173235             -11.3560
       194        2.0000           -0.4166971             -11.3389
       195        2.0000           -0.4147654             -11.2863
       196        2.0000           -0.4133893             -11.2489
       197        2.0000           -0.4121723             -11.2158
       198        2.0000           -0.4070488             -11.0764
       199        2.0000           -0.3902233             -10.6185
       200        2.0000           -0.3782097             -10.2916 (HOMO)
       201                         -0.3438142              -9.3557 (LUMO)
       202                         -0.3390482              -9.2260
       203                         -0.3319524              -9.0329
       204                         -0.3265202              -8.8851
       205                         -0.3236073              -8.8058
       206                         -0.2960053              -8.0547
       207                         -0.2908478              -7.9144
       208                         -0.2761666              -7.5149
       209                         -0.2712141              -7.3801
       210                         -0.2567089              -6.9854
       211                         -0.2527458              -6.8776
       ...                                ...                  ...
       389                          1.0692463              29.0957
      -------------------------------------------------------------
                  HL-Gap            0.0343955 Eh            0.9359 eV
             Fermi-level           -0.3610151 Eh           -9.8237 eV

     #   Z        covCN         q      C6AA      α(0)
     1   6 C      2.865     0.225    23.275     7.908
     2   8 O      0.856    -0.355    20.807     6.116
     3   6 C      3.022    -0.020    28.472     8.753
     4   6 C      2.906    -0.038    28.932     8.820
     5   6 C      2.776     0.160    24.522     8.111
     6   6 C      2.775     0.162    24.491     8.105
     7   6 C      2.907    -0.051    29.262     8.870
     8   6 C      3.016     0.005    27.898     8.664
     9   6 C      2.999     0.032    27.263     8.565
    10   6 C      2.944     0.005    27.900     8.663
    11   6 C      1.914     0.119    28.173     8.572
    12   7 N      0.911    -0.235    26.161     7.398
    13   6 C      1.915     0.116    28.240     8.582
    14   7 N      0.911    -0.231    26.051     7.382
    15   6 C      2.986    -0.038    28.946     8.825
    16   9 F      0.787    -0.181    11.044     3.926
    17   6 C      2.929    -0.010    28.277     8.721
    18   9 F      0.787    -0.182    11.055     3.928
    19   6 C      2.866     0.225    23.281     7.909
    20   8 O      0.856    -0.356    20.826     6.118
    21   6 C      3.020    -0.020    28.478     8.754
    22   6 C      2.906    -0.038    28.938     8.821
    23   6 C      2.776     0.160    24.533     8.112
    24   6 C      2.774     0.162    24.496     8.106
    25   6 C      2.908    -0.051    29.265     8.870
    26   6 C      3.015     0.004    27.903     8.665
    27   6 C      3.000     0.032    27.276     8.567
    28   6 C      2.944     0.005    27.922     8.666
    29   6 C      1.914     0.120    28.157     8.570
    30   7 N      0.911    -0.238    26.212     7.405
    31   6 C      1.913     0.116    28.241     8.582
    32   7 N      0.911    -0.232    26.084     7.387
    33   6 C      2.985    -0.039    28.967     8.828
    34   9 F      0.787    -0.182    11.052     3.927
    35   6 C      2.936    -0.012    28.306     8.726
    36   9 F      0.787    -0.183    11.065     3.929
    37   6 C      2.973     0.021    27.529     8.606
    38  16 S      2.237     0.022   140.154    19.925
    39   6 C      3.053     0.027    27.347     8.576
    40   6 C      3.183    -0.007    27.748     8.598
    41   6 C      3.037    -0.030    28.712     8.789
    42   6 C      3.041     0.011    27.734     8.638
    43   6 C      3.207    -0.009    27.625     8.559
    44   6 C      3.923     0.018    20.204     6.388
    45  16 S      2.219     0.021   140.217    19.930
    46   6 C      2.981     0.030    27.334     8.576
    47   6 C      3.041    -0.048    29.158     8.857
    48   6 C      2.968    -0.025    28.619     8.775
    49   6 C      2.855     0.117    25.411     8.262
    50   6 C      2.863     0.112    25.529     8.282
    51   6 C      2.969    -0.024    28.599     8.772
    52   6 C      3.318     0.065    24.541     7.892
    53   6 C      3.312     0.065    24.639     7.920
    54   7 N      1.847    -0.252    27.408     7.759
    55  16 S      2.637     0.340   127.968    19.039
    56   7 N      1.849    -0.252    27.421     7.761
    57   6 C      2.980     0.029    27.359     8.580
    58  16 S      2.218     0.020   140.225    19.930
    59   6 C      3.045     0.012    27.708     8.633
    60   6 C      3.195    -0.007    27.677     8.578
    61   6 C      3.041    -0.048    29.139     8.854
    62   6 C      3.048     0.026    27.370     8.580
    63   6 C      3.195    -0.009    27.719     8.584
    64   6 C      3.922     0.019    20.198     6.387
    65  16 S      2.233     0.023   140.128    19.923
    66   6 C      2.976     0.021    27.533     8.607
    67   6 C      3.039    -0.033    28.775     8.798
    68   8 O      1.701    -0.292    18.860     5.863
    69   8 O      1.702    -0.304    19.070     5.896
    70   6 C      3.684     0.086    19.342     6.297
    71   6 C      3.745    -0.110    22.672     6.792
    72   6 C      3.690     0.092    19.227     6.275
    73   6 C      3.746    -0.108    22.639     6.787
    74   6 C      3.798    -0.050    21.466     6.597
    75   6 C      3.745    -0.097    22.423     6.755
    76   6 C      3.800    -0.049    21.454     6.595
    77   6 C      3.745    -0.100    22.484     6.764
    78   6 C      3.799    -0.048    21.445     6.594
    79   6 C      3.745    -0.102    22.523     6.770
    80   6 C      3.799    -0.048    21.429     6.591
    81   6 C      3.745    -0.099    22.466     6.761
    82   1 H      0.924     0.094     1.843     2.123
    83   1 H      0.925     0.089     1.889     2.149
    84   1 H      0.923     0.084     1.937     2.176
    85   1 H      0.924     0.093     1.854     2.129
    86   1 H      0.925     0.089     1.890     2.150
    87   1 H      0.923     0.085     1.930     2.173
    88   1 H      0.925     0.045     2.380     2.412
    89   1 H      0.925     0.069     2.094     2.263
    90   1 H      0.925     0.070     2.083     2.257
    91   1 H      0.925     0.043     2.405     2.425
    92   1 H      0.923     0.042     2.419     2.432
    93   1 H      0.923     0.051     2.311     2.377
    94   1 H      0.923     0.046     2.369     2.407
    95   1 H      0.923     0.048     2.344     2.394
    96   1 H      0.923     0.052     2.296     2.370
    97   1 H      0.923     0.024     2.678     2.559
    98   1 H      0.923     0.039     2.464     2.455
    99   1 H      0.923     0.055     2.257     2.349
   100   1 H      0.923     0.049     2.332     2.388
   101   1 H      0.923     0.056     2.246     2.344
   102   1 H      0.923     0.044     2.401     2.423
   103   1 H      0.923     0.039     2.461     2.453
   104   1 H      0.923     0.033     2.540     2.492
   105   1 H      0.923     0.040     2.450     2.448
   106   1 H      0.923     0.034     2.535     2.490
   107   1 H      0.923     0.048     2.340     2.392
   108   1 H      0.923     0.038     2.472     2.459
   109   1 H      0.923     0.040     2.445     2.445
   110   1 H      0.923     0.044     2.398     2.422
   111   1 H      0.923     0.037     2.491     2.468
   112   1 H      0.923     0.043     2.414     2.430
   113   1 H      0.923     0.039     2.465     2.455
   114   1 H      0.923     0.052     2.291     2.367
   115   1 H      0.923     0.041     2.434     2.440
   116   1 H      0.923     0.032     2.557     2.501
   117   1 H      0.923     0.034     2.527     2.486
   118   1 H      0.923     0.039     2.457     2.451
   119   1 H      0.923     0.036     2.504     2.475
   120   1 H      0.923     0.041     2.441     2.443
   121   1 H      0.923     0.041     2.438     2.442

 Mol. C6AA /au·bohr⁶  :     246321.247780
 Mol. C8AA /au·bohr⁸  :    6737051.539681
 Mol. α(0) /au        :        781.865056


Wiberg/Mayer (AO) data.
largest (>0.10) Wiberg bond orders for each atom
          total WBO             WBO to atom ...
     1  C   3.924        O    2 1.780    C   15 1.018    C    3 1.012
     2  O   2.045        C    1 1.780
     3  C   3.973        C    4 1.408    C    8 1.312    C    1 1.012
     4  C   3.977        C    3 1.408    C    5 1.393    H   82 0.959
     5  C   3.881        C    4 1.393    C    6 1.318    F   18 0.993
     6  C   3.888        C    7 1.396    C    5 1.318    F   16 0.995
     7  C   3.971        C    6 1.396    C    8 1.394    H   83 0.955
     8  C   3.981        C    7 1.394    C    3 1.312    C    9 1.066
     9  C   3.971        C   10 1.470    C   15 1.163    C    8 1.066
    10  C   3.954        C    9 1.470    C   11 1.101    C   13 1.097
    11  C   3.942        N   12 2.763    C   10 1.101
    12  N   2.980        C   11 2.763
    13  C   3.942        N   14 2.766    C   10 1.097
    14  N   2.966        C   13 2.766
    15  C   3.950        C   17 1.499    C    9 1.163    C    1 1.018
    16  F   1.138        C    6 0.995
    17  C   3.943        C   15 1.499    C   66 1.286    H   84 0.948
    18  F   1.134        C    5 0.993
    19  C   3.923        O   20 1.780    C   33 1.018    C   21 1.010
    20  O   2.049        C   19 1.780
    21  C   3.973        C   22 1.409    C   26 1.314    C   19 1.010
    22  C   3.977        C   21 1.409    C   23 1.391    H   85 0.959
    23  C   3.867        C   22 1.391    C   24 1.321    F   36 0.992
    24  C   3.888        C   25 1.395    C   23 1.321    F   34 0.994
    25  C   3.971        C   26 1.395    C   24 1.395    H   86 0.955
    26  C   3.981        C   25 1.395    C   21 1.314    C   27 1.064
    27  C   3.970        C   28 1.462    C   33 1.172    C   26 1.064
    28  C   3.938        C   27 1.462    C   29 1.104    C   31 1.098
    29  C   3.942        N   30 2.760    C   28 1.104
    30  N   2.980        C   29 2.760
    31  C   3.942        N   32 2.766    C   28 1.098
    32  N   2.965        C   31 2.766
    33  C   3.950        C   35 1.486    C   27 1.172    C   19 1.018
    34  F   1.137        C   24 0.994
    35  C   3.943        C   33 1.486    C   37 1.299    H   87 0.947
    36  F   1.133        C   23 0.992
    37  C   3.914        C   41 1.358    C   35 1.299    S   38 1.087
    38  S   2.598        C   39 1.202    C   37 1.087
    39  C   3.921        C   40 1.318    C   42 1.204    S   38 1.202
    40  C   3.957        C   41 1.426    C   39 1.318    C   44 0.983
    41  C   3.969        C   40 1.426    C   37 1.358    H   88 0.957
    42  C   3.926        C   43 1.361    C   39 1.204    S   45 1.161
    43  C   3.944        C   47 1.366    C   42 1.361    C   44 0.984
    44  C   3.986        C   43 0.984    C   40 0.983    C   78 0.957    C   80 0.955
    45  S   2.609        C   42 1.161    C   46 1.134
    46  C   3.894        C   47 1.439    C   48 1.153    S   45 1.134
    47  C   3.953        C   46 1.439    C   43 1.366    H   89 0.954
    48  C   3.937        C   49 1.384    C   53 1.170    C   46 1.153
    49  C   3.922        C   48 1.384    C   50 1.234    O   68 1.054
    50  C   3.922        C   51 1.399    C   49 1.234    O   69 1.034
    51  C   3.939        C   50 1.399    C   52 1.167    C   57 1.148
    52  C   3.970        N   54 1.434    C   51 1.167    C   53 1.156
    53  C   3.970        N   56 1.432    C   48 1.170    C   52 1.156
    54  N   3.089        C   52 1.434    S   55 1.387    N   56 0.155
    55  S   3.098        N   54 1.387    N   56 1.385
    56  N   3.090        C   53 1.432    S   55 1.385    N   54 0.155
    57  C   3.894        C   61 1.442    C   51 1.148    S   58 1.133
    58  S   2.615        C   59 1.165    C   57 1.133
    59  C   3.926        C   60 1.360    C   62 1.201    S   58 1.165
    60  C   3.946        C   61 1.365    C   59 1.360    C   64 0.986
    61  C   3.953        C   57 1.442    C   60 1.365    H   90 0.952
    62  C   3.922        C   63 1.328    C   59 1.201    S   65 1.195
    63  C   3.958        C   67 1.417    C   62 1.328    C   64 0.982
    64  C   3.986        C   60 0.986    C   63 0.982    C   74 0.963    C   76 0.949
    65  S   2.589        C   62 1.195    C   66 1.089
    66  C   3.915        C   67 1.370    C   17 1.286    S   65 1.089
    67  C   3.970        C   63 1.417    C   66 1.370    H   91 0.959
    68  O   2.153        C   49 1.054    C   70 0.928
    69  O   2.113        C   50 1.034    C   72 0.927
    70  C   3.929        C   71 1.016    H   92 0.973    H   93 0.971    O   68 0.928
    71  C   3.992        C   70 1.016    H   94 0.986    H   96 0.984    H   95 0.981
    72  C   3.933        C   73 1.020    H   97 0.973    H   98 0.970    O   69 0.927
    73  C   3.991        C   72 1.020    H  101 0.984    H   99 0.982    H  100 0.982
    74  C   3.994        C   75 1.021    H  103 0.974    H  102 0.970    C   64 0.963
    75  C   3.996        C   74 1.021    H  106 0.986    H  104 0.986    H  105 0.986
    76  C   3.990        C   77 1.020    H  107 0.975    H  108 0.973    C   64 0.949
    77  C   3.993        C   76 1.020    H  111 0.984    H  109 0.983    H  110 0.983
    78  C   3.993        C   79 1.021    H  113 0.974    H  112 0.972    C   44 0.957
    79  C   3.993        C   78 1.021    H  116 0.986    H  115 0.985    H  114 0.982
    80  C   3.993        C   81 1.021    H  117 0.977    H  118 0.973    C   44 0.955
    81  C   3.994        C   80 1.021    H  121 0.985    H  119 0.985    H  120 0.984
    82  H   0.991        C    4 0.959
    83  H   0.992        C    7 0.955
    84  H   0.990        C   17 0.948
    85  H   0.991        C   22 0.959
    86  H   0.992        C   25 0.955
    87  H   0.990        C   35 0.947
    88  H   0.997        C   41 0.957
    89  H   0.995        C   47 0.954
    90  H   0.994        C   61 0.952
    91  H   0.998        C   67 0.959
    92  H   0.998        C   70 0.973
    93  H   0.997        C   70 0.971
    94  H   0.998        C   71 0.986
    95  H   0.997        C   71 0.981
    96  H   0.997        C   71 0.984
    97  H   0.999        C   72 0.973
    98  H   0.998        C   72 0.970
    99  H   0.997        C   73 0.982
   100  H   0.997        C   73 0.982
   101  H   0.997        C   73 0.984
   102  H   0.997        C   74 0.970
   103  H   0.997        C   74 0.974
   104  H   0.999        C   75 0.986
   105  H   0.998        C   75 0.986
   106  H   0.999        C   75 0.986
   107  H   0.997        C   76 0.975
   108  H   0.997        C   76 0.973
   109  H   0.998        C   77 0.983
   110  H   0.997        C   77 0.983
   111  H   0.999        C   77 0.984
   112  H   0.997        C   78 0.972
   113  H   0.997        C   78 0.974
   114  H   0.997        C   79 0.982
   115  H   0.998        C   79 0.985
   116  H   0.999        C   79 0.986
   117  H   0.999        C   80 0.977
   118  H   0.997        C   80 0.973
   119  H   0.999        C   81 0.985
   120  H   0.997        C   81 0.984
   121  H   0.998        C   81 0.985

molecular dipole:
                 x           y           z       tot (Debye)
 q only:        1.610       0.028      -1.117
   full:        2.139      -0.076      -1.465       6.593
molecular quadrupole (traceless):
                xx          xy          yy          xz          yz          zz
 q only:      145.306       4.949      96.585    -154.656      -8.206    -241.891
  q+dip:      163.798      13.519      77.443    -133.574       6.349    -241.241
   full:      163.915      12.610      83.420    -137.940       2.241    -247.335


           -------------------------------------------------
          | TOTAL ENERGY             -221.958990323097 Eh   |
          | GRADIENT NORM               0.115826621984 Eh/α |
          | HOMO-LUMO GAP               0.935949334529 eV   |
           -------------------------------------------------

------------------------------------------------------------------------
 * finished run on 2021/04/12 at 13:52:55.789     
------------------------------------------------------------------------
 total:
 * wall-time:     0 d,  0 h,  0 min,  1.131 sec
 *  cpu-time:     0 d,  0 h,  0 min,  1.118 sec
 * ratio c/w:     0.989 speedup
 SCF:
 * wall-time:     0 d,  0 h,  0 min,  0.848 sec
 *  cpu-time:     0 d,  0 h,  0 min,  0.845 sec
 * ratio c/w:     0.997 speedup

