      -----------------------------------------------------------      
     |                   =====================                   |     
     |                           x T B                           |     
     |                   =====================                   |     
     |                         S. Grimme                         |     
     |          Mulliken Center for Theoretical Chemistry        |     
     |                    University of Bonn                     |     
     |                Version 6.2 RC2 (SAW190805)                |     
      -----------------------------------------------------------      

   This program is distributed in the hope that it will be useful,
   but WITHOUT ANY WARRANTY; without even the implied warranty of
   MERCHANTABILITY or FITNESS FOR A PARTICULAR PURPOSE.
   
   FOR NON-COMMERCIAL, ACADEMIA USE ONLY.
   
   Cite this work as:
   * S. Grimme, C. Bannwarth, P. Shushkov, J. Chem. Theory Comput., 2017,
     13, 1989-2009. DOI: 10.1021/acs.jctc.7b00118
   * C. Bannwarth, S. Ehlert and S. Grimme., J. Chem. Theory Comput., 2019,
     15, 1652-1671. DOI: 10.1021/acs.jctc.8b01176
   * P. Pracht, E. Caldeweyher, S. Ehlert, S. Grimme, ChemRxiv, 2019, preprint.
     DOI: 10.26434/chemrxiv.8326202.v1
   
   for DFT-D4:
   * E. Caldeweyher, C. Bannwarth and S. Grimme, J. Chem. Phys., 2017,
     147, 034112. DOI: 10.1063/1.4993215
   * E. Caldeweyher, S. Ehlert, A. Hansen, H. Neugebauer, S. Spicher,
     C. Bannwarth and S. Grimme, J. Chem. Phys., 2019, 150, 154122.
     DOI: 10.1063/1.5090222
   
   for sTDA-xTB:
   * S. Grimme and C. Bannwarth, J. Chem. Phys., 2016, 145, 054103.
     DOI: 10.1063/1.4959605
   
   in the mass-spec context:
   * V. Asgeirsson, C. Bauer and S. Grimme, Chem. Sci., 2017, 8, 4879.
     DOI: 10.1039/c7sc00601b
   
   for metadynamics refer to:
   * S. Grimme, J. Chem. Theory Comput., 2019, 155, 2847-2862
     DOI: 10.1021/acs.jctc.9b00143
   
   with help from (in alphabetical order)
   C. Bannwarth, F. Bohle, G. Brandenburg, E. Caldeweyher, M. Checinski,
   S. Dohm, S. Ehlert, S. Ehrlich, F. März, H. Neugebauer, J. Pisarek,
   P. Pracht, P. Shushkov, and S. Spicher.
   
 * started run on 2021/04/12 at 13:52:56.940     

           -------------------------------------------------
          |                Calculation Setup                |
           -------------------------------------------------

          program call               : /ihome/ghutchison/geoffh/xtb/xtb BDTN-Th.xyz -sp
          hostname                   : smp-n149
          coordinate file            : BDTN-Th.xyz
          omp threads                :                     1
          number of atoms            :                   116
          number of electrons        :                   358
          charge                     :                     0
          spin                       :                   0.0
          first test random number   :      0.65235613726558


########################################################################
# WARNING! Please study the warnings concerning your input carefully
#  - XTBPATH is not set, using XTBHOME instead
#  - the use of '-sp' is discouraged, please use '--sp' next time
########################################################################

           ------------------------------------------------- 
          |                 G F N 2 - x T B                 |
          | Geometry, Frequencies, Noncovalent interactions |
          |            JCTC 2019 parametrisation            |
           ------------------------------------------------- 
             KAB for C  - Si     :                1.0500
             KAB for H  - Pd     :                0.9500
             k(s)              :                1.8500
             k(p)              :                2.2300
             k(d)              :                2.2300
             k(f)              :                2.0000
             kEN (H0ij)        :               -2.0000
             D4 a1             :                0.5200
             D4 a2             :                5.0000
             D4 s6             :                1.0000
             D4 s8             :                2.7000
             D4 s9             :                5.0000
             alphaj            :                2.0000

  Z AO/shell   Hii/eV     exponent
  1     Wed Apr 25 08:07:45 CEST 2018   EN: 2.200 GM2: 0.406  GM3: 0.0800  RAES: 1.40
     1s    -10.707211    1.230000
  6     Wed Apr 25 08:07:45 CEST 2018   EN: 2.550 GM2: 0.538  GM3: 0.1500  RAES: 3.00
     2s    -13.970922    2.096432
     2p    -10.063292    1.800000
  7     Wed Apr 25 08:07:45 CEST 2018   EN: 3.040 GM2: 0.461  GM3:-0.0640  RAES: 1.90
     2s    -16.686243    2.339881
     2p    -12.523956    2.014332
  8     Wed Apr 25 08:07:45 CEST 2018   EN: 3.440 GM2: 0.452  GM3:-0.0517  RAES: 1.80
     2s    -20.229985    2.439742
     2p    -15.503117    2.137023
 16     Tue Apr 24 11:44:34 CEST 2018   EN: 2.580 GM2: 0.340  GM3:-0.0502  RAES: 3.10
     3s    -20.029654    1.981333
     3p    -11.377694    2.025643
     3d     -0.420282    1.702555

           ------------------------------------------------- 
          |        Self-Consistent Charge Iterations        |
           ------------------------------------------------- 

          ...................................................
          :                      SETUP                      :
          :.................................................:
          :  # basis functions                 368          :
          :  # atomic orbitals                 362          :
          :  # shells                          194          :
          :  # electrons                       358          :
          :  max. iterations                   250          :
          :  Hamiltonian                  GFN2-xTB          :
          :  restarted?                      false          :
          :  GBSA solvation                  false          :
          :  PC potential                    false          :
          :  electronic temp.          300.0000000     K    :
          :  accuracy                    1.0000000          :
          :  -> integral cutoff          0.2500000E+02      :
          :  -> integral neglect         0.1000000E-07      :
          :  -> SCF convergence          0.1000000E-05 Eh   :
          :  -> wf. convergence          0.1000000E-03 e    :
          :  Broyden damping             0.4000000          :
          ...................................................

 iter      E             dE          RMSdq      gap      omega  full diag
   1   -197.9033293 -0.197903E+03  0.461E+00    1.17       0.0  T
   2   -198.0397004 -0.136371E+00  0.284E+00    1.11       1.0  T
   3   -197.8454895  0.194211E+00  0.205E+00    0.69       1.0  T
   4   -198.1796019 -0.334112E+00  0.742E-01    1.01       1.0  T
   5   -198.2312394 -0.516375E-01  0.239E-01    0.79       1.0  T
   6   -198.2352929 -0.405349E-02  0.122E-01    0.91       1.0  T
   7   -198.2364216 -0.112869E-02  0.545E-02    0.86       1.0  T
   8   -198.2366611 -0.239575E-03  0.204E-02    0.88       1.0  T
   9   -198.2366852 -0.240537E-04  0.110E-02    0.88       1.0  T
  10   -198.2366930 -0.778775E-05  0.462E-03    0.88       2.0  T
  11   -198.2366933 -0.317256E-06  0.248E-03    0.88       3.7  T
  12   -198.2366938 -0.536967E-06  0.110E-03    0.87       8.4  T
  13   -198.2366939 -0.410598E-07  0.683E-04    0.88      13.6  T
  14   -198.2366939 -0.267751E-07  0.308E-04    0.87      30.1  T

   *** convergence criteria satisfied after 14 iterations ***

         #    Occupation            Energy/Eh            Energy/eV
      -------------------------------------------------------------
         1        2.0000           -0.7594849             -20.6666
       ...           ...                  ...                  ...
       173        2.0000           -0.4070479             -11.0763
       174        2.0000           -0.4024070             -10.9501
       175        2.0000           -0.4009577             -10.9106
       176        2.0000           -0.3918970             -10.6641
       177        2.0000           -0.3859232             -10.5015
       178        2.0000           -0.3825199             -10.4089
       179        2.0000           -0.3670691              -9.9885 (HOMO)
       180                         -0.3349136              -9.1135 (LUMO)
       181                         -0.3277910              -8.9196
       182                         -0.3104904              -8.4489
       183                         -0.3067008              -8.3458
       184                         -0.2885996              -7.8532
       ...                                ...                  ...
       362                          1.0755430              29.2670
      -------------------------------------------------------------
                  HL-Gap            0.0321554 Eh            0.8750 eV
             Fermi-level           -0.3509916 Eh           -9.5510 eV

 SCC (total)                   0 d,  0 h,  0 min,  0.726 sec
 SCC setup                      ...        0 min,  0.003 sec (  0.394%)
 Dispersion                     ...        0 min,  0.006 sec (  0.858%)
 integral evaluation            ...        0 min,  0.228 sec ( 31.395%)
 zeroth order Hamiltonian       ...        0 min,  0.002 sec (  0.218%)
 iterations                     ...        0 min,  0.291 sec ( 40.105%)
 molecular gradient             ...        0 min,  0.194 sec ( 26.655%)
 printout                       ...        0 min,  0.003 sec (  0.367%)

         :::::::::::::::::::::::::::::::::::::::::::::::::::::
         ::                     SUMMARY                     ::
         :::::::::::::::::::::::::::::::::::::::::::::::::::::
         :: total energy            -195.512490447186 Eh    ::
         :: gradient norm              0.108808108188 Eh/a0 ::
         :: HOMO-LUMO gap              0.874993982176 eV    ::
         ::.................................................::
         :: SCC energy              -198.236693893262 Eh    ::
         :: -> isotropic ES            0.125378804065 Eh    ::
         :: -> anisotropic ES          0.020731187230 Eh    ::
         :: -> anisotropic XC          0.123667016555 Eh    ::
         :: -> dispersion             -0.179145059766 Eh    ::
         :: repulsion energy           2.720936245576 Eh    ::
         :: add. restraining           0.000000000000 Eh    ::
         :::::::::::::::::::::::::::::::::::::::::::::::::::::

           -------------------------------------------------
          |                Property Printout                |
           -------------------------------------------------

    * Orbital Energies and Occupations

         #    Occupation            Energy/Eh            Energy/eV
      -------------------------------------------------------------
         1        2.0000           -0.7594849             -20.6666
       ...           ...                  ...                  ...
       167        2.0000           -0.4267333             -11.6120
       168        2.0000           -0.4234508             -11.5227
       169        2.0000           -0.4202137             -11.4346
       170        2.0000           -0.4164623             -11.3325
       171        2.0000           -0.4144128             -11.2767
       172        2.0000           -0.4085939             -11.1184
       173        2.0000           -0.4070479             -11.0763
       174        2.0000           -0.4024070             -10.9501
       175        2.0000           -0.4009577             -10.9106
       176        2.0000           -0.3918970             -10.6641
       177        2.0000           -0.3859232             -10.5015
       178        2.0000           -0.3825199             -10.4089
       179        2.0000           -0.3670691              -9.9885 (HOMO)
       180                         -0.3349136              -9.1135 (LUMO)
       181                         -0.3277910              -8.9196
       182                         -0.3104904              -8.4489
       183                         -0.3067008              -8.3458
       184                         -0.2885996              -7.8532
       185                         -0.2793198              -7.6007
       186                         -0.2687501              -7.3131
       187                         -0.2567384              -6.9862
       188                         -0.2446750              -6.6579
       189                         -0.2433428              -6.6217
       190                         -0.2395311              -6.5180
       ...                                ...                  ...
       362                          1.0755430              29.2670
      -------------------------------------------------------------
                  HL-Gap            0.0321554 Eh            0.8750 eV
             Fermi-level           -0.3509916 Eh           -9.5510 eV

     #   Z        covCN         q      C6AA      α(0)
     1   6 C      2.852     0.228    23.223     7.898
     2   8 O      0.856    -0.362    20.936     6.135
     3   6 C      3.207    -0.031    28.147     8.639
     4   6 C      3.203    -0.010    27.681     8.572
     5   6 C      2.993     0.034    27.229     8.560
     6   6 C      2.944    -0.003    28.101     8.694
     7   6 C      1.911     0.113    28.309     8.593
     8   7 N      0.911    -0.242    26.327     7.421
     9   6 C      1.909     0.116    28.240     8.582
    10   7 N      0.911    -0.242    26.316     7.419
    11   6 C      2.992    -0.034    28.847     8.810
    12   6 C      2.930    -0.012    28.321     8.728
    13   6 C      2.850     0.227    23.230     7.899
    14   8 O      0.863    -0.362    20.927     6.133
    15   6 C      3.214    -0.032    28.089     8.623
    16   6 C      3.200    -0.010    27.707     8.578
    17   6 C      2.993     0.031    27.300     8.571
    18   6 C      2.944    -0.001    28.062     8.688
    19   6 C      1.913     0.117    28.230     8.581
    20   7 N      0.911    -0.241    26.290     7.416
    21   6 C      1.909     0.118    28.190     8.575
    22   7 N      0.911    -0.249    26.481     7.443
    23   6 C      2.992    -0.034    28.836     8.809
    24   6 C      2.907    -0.014    28.374     8.734
    25   6 C      2.981     0.026    27.418     8.589
    26   6 C      3.012    -0.044    29.070     8.844
    27   6 C      3.251     0.040    26.081     8.265
    28   6 C      3.071     0.002    27.902     8.661
    29  16 S      2.220    -0.011   141.512    20.022
    30   7 N      2.773    -0.059    22.386     7.027
    31   6 C      3.228     0.046    26.209     8.316
    32   6 C      3.060     0.000    27.967     8.672
    33   6 C      3.060    -0.032    28.730     8.790
    34   6 C      2.981    -0.014    28.354     8.735
    35  16 S      2.148    -0.073   144.110    20.205
    36   6 C      2.881     0.125    25.246     8.237
    37   6 C      2.999     0.002    27.965     8.675
    38   6 C      3.038    -0.029    28.685     8.785
    39   6 C      2.849     0.130    25.141     8.218
    40  16 S      2.136    -0.023   142.015    20.057
    41   6 C      3.084    -0.003    28.010     8.676
    42   6 C      3.163     0.043    26.711     8.447
    43   6 C      3.060    -0.007    28.141     8.699
    44   6 C      3.231     0.036    26.379     8.339
    45   7 N      2.779    -0.039    21.997     6.966
    46  16 S      2.170     0.036   139.583    19.885
    47   6 C      2.978     0.023    27.480     8.599
    48   6 C      3.017    -0.053    29.287     8.877
    49   8 O      1.700    -0.296    18.925     5.873
    50   8 O      1.702    -0.272    18.503     5.808
    51   6 C      3.687     0.084    19.363     6.299
    52   6 C      3.745    -0.111    22.693     6.795
    53   6 C      3.682     0.084    19.387     6.305
    54   6 C      3.746    -0.112    22.716     6.799
    55   6 C      3.739    -0.015    20.929     6.528
    56   6 C      3.846    -0.026    21.003     6.519
    57   6 C      3.795    -0.055    21.568     6.613
    58   6 C      3.745    -0.095    22.391     6.750
    59   6 C      3.797    -0.054    21.553     6.611
    60   6 C      3.745    -0.099    22.459     6.760
    61   6 C      3.738    -0.004    20.732     6.497
    62   6 C      3.847    -0.021    20.909     6.504
    63   6 C      3.798    -0.057    21.603     6.618
    64   6 C      3.744    -0.099    22.472     6.762
    65   6 C      3.798    -0.056    21.574     6.614
    66   6 C      3.744    -0.095    22.381     6.749
    67   6 C      2.914    -0.011    28.285     8.721
    68  16 S      2.313     0.050   139.032    19.845
    69   6 C      2.917    -0.024    28.602     8.770
    70   6 C      2.914    -0.011    28.286     8.721
    71  16 S      2.316     0.046   139.176    19.856
    72   6 C      2.918    -0.023    28.577     8.766
    73   1 H      0.923     0.083     1.946     2.181
    74   1 H      0.924     0.069     2.102     2.267
    75   1 H      0.925     0.044     2.400     2.423
    76   1 H      0.925     0.056     2.252     2.347
    77   1 H      0.923     0.051     2.313     2.379
    78   1 H      0.923     0.030     2.590     2.517
    79   1 H      0.923     0.060     2.199     2.319
    80   1 H      0.923     0.046     2.367     2.406
    81   1 H      0.923     0.045     2.382     2.414
    82   1 H      0.923     0.048     2.348     2.396
    83   1 H      0.923     0.041     2.441     2.444
    84   1 H      0.923     0.057     2.232     2.336
    85   1 H      0.923     0.054     2.267     2.355
    86   1 H      0.923     0.056     2.251     2.346
    87   1 H      0.923     0.053     2.287     2.365
    88   1 H      0.924     0.083     1.952     2.185
    89   1 H      0.923     0.043     2.411     2.429
    90   1 H      0.923     0.035     2.510     2.478
    91   1 H      0.923     0.031     2.573     2.508
    92   1 H      0.923     0.034     2.531     2.488
    93   1 H      0.923     0.032     2.556     2.500
    94   1 H      0.923     0.029     2.603     2.523
    95   1 H      0.923     0.033     2.550     2.497
    96   1 H      0.923     0.029     2.604     2.524
    97   1 H      0.923     0.036     2.509     2.477
    98   1 H      0.923     0.037     2.483     2.464
    99   1 H      0.923     0.037     2.487     2.466
   100   1 H      0.923     0.049     2.329     2.387
   101   1 H      0.924     0.074     2.042     2.235
   102   1 H      0.922     0.036     2.505     2.475
   103   1 H      0.923     0.044     2.400     2.423
   104   1 H      0.922     0.031     2.577     2.511
   105   1 H      0.923     0.037     2.485     2.465
   106   1 H      0.923     0.037     2.483     2.464
   107   1 H      0.923     0.033     2.549     2.497
   108   1 H      0.923     0.027     2.629     2.536
   109   1 H      0.923     0.044     2.397     2.421
   110   1 H      0.923     0.025     2.657     2.549
   111   1 H      0.923     0.042     2.429     2.437
   112   1 H      0.923     0.033     2.541     2.493
   113   1 H      0.925     0.071     2.074     2.252
   114   1 H      0.925     0.070     2.082     2.256
   115   1 H      0.925     0.070     2.088     2.260
   116   1 H      0.925     0.072     2.069     2.249

 Mol. C6AA /au·bohr⁶  :     220974.887447
 Mol. C8AA /au·bohr⁸  :    6143495.637542
 Mol. α(0) /au        :        742.712933


Wiberg/Mayer (AO) data.
largest (>0.10) Wiberg bond orders for each atom
          total WBO             WBO to atom ...
     1  C   3.926        O    2 1.783    C    3 1.018    C   11 1.001
     2  O   2.062        C    1 1.783
     3  C   3.974        C   67 1.581    C    4 1.167    C    1 1.018
     4  C   3.980        C   69 1.561    C    3 1.167    C    5 1.081
     5  C   3.973        C    6 1.458    C   11 1.153    C    4 1.081
     6  C   3.954        C    5 1.458    C    9 1.106    C    7 1.100
     7  C   3.942        N    8 2.766    C    6 1.100
     8  N   2.970        C    7 2.766
     9  C   3.943        N   10 2.760    C    6 1.106
    10  N   2.977        C    9 2.760
    11  C   3.949        C   12 1.519    C    5 1.153    C    1 1.001
    12  C   3.941        C   11 1.519    C   25 1.270    H   73 0.949
    13  C   3.927        O   14 1.747    C   23 1.039    C   15 1.021
    14  O   2.092        C   13 1.747
    15  C   3.976        C   70 1.583    C   16 1.170    C   13 1.021
    16  C   3.979        C   72 1.555    C   15 1.170    C   17 1.088
    17  C   3.970        C   18 1.469    C   23 1.141    C   16 1.088
    18  C   3.939        C   17 1.469    C   21 1.103    C   19 1.097
    19  C   3.941        N   20 2.768    C   18 1.097
    20  N   2.972        C   19 2.768
    21  C   3.940        N   22 2.752    C   18 1.103
    22  N   2.963        C   21 2.752
    23  C   3.951        C   24 1.506    C   17 1.141    C   13 1.039
    24  C   3.940        C   23 1.506    C   47 1.291    H   74 0.938
    25  C   3.924        C   26 1.408    C   12 1.270    S   29 1.077
    26  C   3.962        C   25 1.408    C   27 1.342    H   75 0.956
    27  C   3.944        C   26 1.342    C   28 1.248    N   30 1.139
    28  C   3.918        C   32 1.295    C   27 1.248    S   29 1.149
    29  S   2.539        C   28 1.149    C   25 1.077
    30  N   3.524        C   31 1.159    C   27 1.139    C   61 0.962
    31  C   3.912        C   32 1.332    C   33 1.183    N   30 1.159
    32  C   3.927        C   31 1.332    C   28 1.295    S   35 1.079
    33  C   3.961        C   36 1.289    C   34 1.242    C   31 1.183
    34  C   3.928        C   39 1.371    C   33 1.242    S   35 1.061
    35  S   2.438        C   32 1.079    C   34 1.061
    36  C   3.924        C   37 1.376    C   33 1.289    O   49 1.034
    37  C   3.937        C   36 1.376    C   38 1.247    S   40 1.094
    38  C   3.952        C   39 1.259    C   37 1.247    C   42 1.186
    39  C   3.916        C   34 1.371    C   38 1.259    O   50 1.075
    40  S   2.479        C   37 1.094    C   41 1.087
    41  C   3.919        C   42 1.311    C   43 1.308    S   40 1.087
    42  C   3.905        C   41 1.311    C   38 1.186    N   45 1.168
    43  C   3.935        C   41 1.308    C   44 1.242    S   46 1.153
    44  C   3.938        C   48 1.357    C   43 1.242    N   45 1.141
    45  N   3.551        C   42 1.168    C   44 1.141    C   55 0.975
    46  S   2.626        C   43 1.153    C   47 1.092    C   48 0.108
    47  C   3.928        C   48 1.376    C   24 1.291    S   46 1.092
    48  C   3.954        C   47 1.376    C   44 1.357    H   76 0.959    S   46 0.108
    49  O   2.143        C   36 1.034    C   51 0.935
    50  O   2.229        C   39 1.075    C   53 0.944
    51  C   3.937        C   52 1.017    H   78 0.970    H   77 0.970    O   49 0.935
    52  C   3.992        C   51 1.017    H   81 0.985    H   79 0.984    H   80 0.982
    53  C   3.935        C   54 1.017    H   83 0.970    H   82 0.964    O   50 0.944
    54  C   3.989        C   53 1.017    H   84 0.983    H   85 0.981    H   86 0.979
    55  C   3.956        C   56 0.982    N   45 0.975    H   87 0.966    H   88 0.955
    56  C   3.987        C   59 0.994    C   57 0.992    C   55 0.982    H   89 0.963
    57  C   3.996        C   58 1.022    C   56 0.992    H   91 0.974    H   90 0.974
    58  C   3.996        C   57 1.022    H   92 0.987    H   93 0.986    H   94 0.984
    59  C   3.995        C   60 1.020    C   56 0.994    H   95 0.975    H   96 0.974
    60  C   3.994        C   59 1.020    H   97 0.987    H   98 0.986    H   99 0.984
    61  C   3.954        C   62 0.982    H  100 0.971    N   30 0.962    H  101 0.957
    62  C   3.988        C   65 0.997    C   63 0.993    C   61 0.982    H  102 0.961
    63  C   3.993        C   64 1.020    C   62 0.993    H  104 0.976    H  103 0.970
    64  C   3.996        C   63 1.020    H  105 0.986    H  106 0.986    H  107 0.985
    65  C   3.994        C   66 1.020    C   62 0.997    H  109 0.972    H  108 0.972
    66  C   3.996        C   65 1.020    H  110 0.987    H  111 0.986    H  112 0.984
    67  C   3.948        C    3 1.581    S   68 1.204    H  113 0.966
    68  S   2.659        C   69 1.204    C   67 1.204
    69  C   3.934        C    4 1.561    S   68 1.204    H  114 0.964
    70  C   3.946        C   15 1.583    S   71 1.201    H  115 0.966
    71  S   2.658        C   72 1.208    C   70 1.201
    72  C   3.934        C   16 1.555    S   71 1.208    H  116 0.963
    73  H   0.991        C   12 0.949
    74  H   0.994        C   24 0.938
    75  H   0.997        C   26 0.956
    76  H   0.996        C   48 0.959
    77  H   0.997        C   51 0.970
    78  H   0.999        C   51 0.970
    79  H   0.996        C   52 0.984
    80  H   0.997        C   52 0.982
    81  H   0.998        C   52 0.985
    82  H   0.996        C   53 0.964
    83  H   0.998        C   53 0.970
    84  H   0.997        C   54 0.983
    85  H   0.996        C   54 0.981
    86  H   0.997        C   54 0.979
    87  H   0.996        C   55 0.966
    88  H   0.992        C   55 0.955
    89  H   0.998        C   56 0.963
    90  H   0.999        C   57 0.974
    91  H   0.999        C   57 0.974
    92  H   0.999        C   58 0.987
    93  H   0.999        C   58 0.986
    94  H   0.999        C   58 0.984
    95  H   0.999        C   59 0.975
    96  H   0.999        C   59 0.974
    97  H   0.999        C   60 0.987
    98  H   0.998        C   60 0.986
    99  H   0.999        C   60 0.984
   100  H   0.997        C   61 0.971
   101  H   0.993        C   61 0.957
   102  H   0.999        C   62 0.961
   103  H   0.997        C   63 0.970
   104  H   0.999        C   63 0.976
   105  H   0.999        C   64 0.986
   106  H   0.998        C   64 0.986
   107  H   0.999        C   64 0.985
   108  H   0.999        C   65 0.972
   109  H   0.998        C   65 0.972
   110  H   0.999        C   66 0.987
   111  H   0.998        C   66 0.986
   112  H   0.999        C   66 0.984
   113  H   0.994        C   67 0.966
   114  H   0.995        C   69 0.964
   115  H   0.995        C   70 0.966
   116  H   0.994        C   72 0.963

molecular dipole:
                 x           y           z       tot (Debye)
 q only:       -0.171       0.463       0.271
   full:       -0.242       1.029       0.331       2.816
molecular quadrupole (traceless):
                xx          xy          yy          xz          yz          zz
 q only:      -11.656      83.313     -41.217      43.429      -9.047      52.873
  q+dip:       -9.456      99.832     -44.365      44.903     -10.312      53.821
   full:       -1.040     106.130     -47.538      45.689     -10.751      48.578


           -------------------------------------------------
          | TOTAL ENERGY             -195.512490447186 Eh   |
          | GRADIENT NORM               0.108808108188 Eh/α |
          | HOMO-LUMO GAP               0.874993982176 eV   |
           -------------------------------------------------

------------------------------------------------------------------------
 * finished run on 2021/04/12 at 13:52:57.918     
------------------------------------------------------------------------
 total:
 * wall-time:     0 d,  0 h,  0 min,  0.978 sec
 *  cpu-time:     0 d,  0 h,  0 min,  0.968 sec
 * ratio c/w:     0.990 speedup
 SCF:
 * wall-time:     0 d,  0 h,  0 min,  0.727 sec
 *  cpu-time:     0 d,  0 h,  0 min,  0.725 sec
 * ratio c/w:     0.998 speedup

