      -----------------------------------------------------------      
     |                   =====================                   |     
     |                           x T B                           |     
     |                   =====================                   |     
     |                         S. Grimme                         |     
     |          Mulliken Center for Theoretical Chemistry        |     
     |                    University of Bonn                     |     
     |                Version 6.2 RC2 (SAW190805)                |     
      -----------------------------------------------------------      

   This program is distributed in the hope that it will be useful,
   but WITHOUT ANY WARRANTY; without even the implied warranty of
   MERCHANTABILITY or FITNESS FOR A PARTICULAR PURPOSE.
   
   FOR NON-COMMERCIAL, ACADEMIA USE ONLY.
   
   Cite this work as:
   * S. Grimme, C. Bannwarth, P. Shushkov, J. Chem. Theory Comput., 2017,
     13, 1989-2009. DOI: 10.1021/acs.jctc.7b00118
   * C. Bannwarth, S. Ehlert and S. Grimme., J. Chem. Theory Comput., 2019,
     15, 1652-1671. DOI: 10.1021/acs.jctc.8b01176
   * P. Pracht, E. Caldeweyher, S. Ehlert, S. Grimme, ChemRxiv, 2019, preprint.
     DOI: 10.26434/chemrxiv.8326202.v1
   
   for DFT-D4:
   * E. Caldeweyher, C. Bannwarth and S. Grimme, J. Chem. Phys., 2017,
     147, 034112. DOI: 10.1063/1.4993215
   * E. Caldeweyher, S. Ehlert, A. Hansen, H. Neugebauer, S. Spicher,
     C. Bannwarth and S. Grimme, J. Chem. Phys., 2019, 150, 154122.
     DOI: 10.1063/1.5090222
   
   for sTDA-xTB:
   * S. Grimme and C. Bannwarth, J. Chem. Phys., 2016, 145, 054103.
     DOI: 10.1063/1.4959605
   
   in the mass-spec context:
   * V. Asgeirsson, C. Bauer and S. Grimme, Chem. Sci., 2017, 8, 4879.
     DOI: 10.1039/c7sc00601b
   
   for metadynamics refer to:
   * S. Grimme, J. Chem. Theory Comput., 2019, 155, 2847-2862
     DOI: 10.1021/acs.jctc.9b00143
   
   with help from (in alphabetical order)
   C. Bannwarth, F. Bohle, G. Brandenburg, E. Caldeweyher, M. Checinski,
   S. Dohm, S. Ehlert, S. Ehrlich, F. März, H. Neugebauer, J. Pisarek,
   P. Pracht, P. Shushkov, and S. Spicher.
   
 * started run on 2021/04/12 at 13:52:50.354     

           -------------------------------------------------
          |                Calculation Setup                |
           -------------------------------------------------

          program call               : /ihome/ghutchison/geoffh/xtb/xtb BT6IC-HD-4Cl.xyz -sp
          hostname                   : smp-n149
          coordinate file            : BT6IC-HD-4Cl.xyz
          omp threads                :                     1
          number of atoms            :                   115
          number of electrons        :                   380
          charge                     :                     0
          spin                       :                   0.0
          first test random number   :      0.45103958218282


########################################################################
# WARNING! Please study the warnings concerning your input carefully
#  - XTBPATH is not set, using XTBHOME instead
#  - the use of '-sp' is discouraged, please use '--sp' next time
########################################################################

           ------------------------------------------------- 
          |                 G F N 2 - x T B                 |
          | Geometry, Frequencies, Noncovalent interactions |
          |            JCTC 2019 parametrisation            |
           ------------------------------------------------- 
             KAB for C  - Si     :                1.0500
             KAB for H  - Pd     :                0.9500
             k(s)              :                1.8500
             k(p)              :                2.2300
             k(d)              :                2.2300
             k(f)              :                2.0000
             kEN (H0ij)        :               -2.0000
             D4 a1             :                0.5200
             D4 a2             :                5.0000
             D4 s6             :                1.0000
             D4 s8             :                2.7000
             D4 s9             :                5.0000
             alphaj            :                2.0000

  Z AO/shell   Hii/eV     exponent
  1     Wed Apr 25 08:07:45 CEST 2018   EN: 2.200 GM2: 0.406  GM3: 0.0800  RAES: 1.40
     1s    -10.707211    1.230000
  6     Wed Apr 25 08:07:45 CEST 2018   EN: 2.550 GM2: 0.538  GM3: 0.1500  RAES: 3.00
     2s    -13.970922    2.096432
     2p    -10.063292    1.800000
  7     Wed Apr 25 08:07:45 CEST 2018   EN: 3.040 GM2: 0.461  GM3:-0.0640  RAES: 1.90
     2s    -16.686243    2.339881
     2p    -12.523956    2.014332
  8     Wed Apr 25 08:07:45 CEST 2018   EN: 3.440 GM2: 0.452  GM3:-0.0517  RAES: 1.80
     2s    -20.229985    2.439742
     2p    -15.503117    2.137023
 16     Tue Apr 24 11:44:34 CEST 2018   EN: 2.580 GM2: 0.340  GM3:-0.0502  RAES: 3.10
     3s    -20.029654    1.981333
     3p    -11.377694    2.025643
     3d     -0.420282    1.702555
 17     Mon Apr 23 14:09:22 CEST 2018   EN: 3.160 GM2: 0.249  GM3: 0.1495  RAES: 2.50
     3s    -29.278781    2.485265
     3p    -12.673758    2.199650
     3d     -0.240338    2.476089

           ------------------------------------------------- 
          |        Self-Consistent Charge Iterations        |
           ------------------------------------------------- 

          ...................................................
          :                      SETUP                      :
          :.................................................:
          :  # basis functions                 400          :
          :  # atomic orbitals                 391          :
          :  # shells                          201          :
          :  # electrons                       380          :
          :  max. iterations                   250          :
          :  Hamiltonian                  GFN2-xTB          :
          :  restarted?                      false          :
          :  GBSA solvation                  false          :
          :  PC potential                    false          :
          :  electronic temp.          300.0000000     K    :
          :  accuracy                    1.0000000          :
          :  -> integral cutoff          0.2500000E+02      :
          :  -> integral neglect         0.1000000E-07      :
          :  -> SCF convergence          0.1000000E-05 Eh   :
          :  -> wf. convergence          0.1000000E-03 e    :
          :  Broyden damping             0.4000000          :
          ...................................................

 iter      E             dE          RMSdq      gap      omega  full diag
   1   -211.8840531 -0.211884E+03  0.483E+00    1.30       0.0  T
   2   -212.0426869 -0.158634E+00  0.310E+00    1.04       1.0  T
   3   -211.9100575  0.132629E+00  0.204E+00    0.99       1.0  T
   4   -212.2038209 -0.293763E+00  0.820E-01    1.21       1.0  T
   5   -212.2681882 -0.643674E-01  0.246E-01    0.97       1.0  T
   6   -212.2731454 -0.495721E-02  0.131E-01    1.09       1.0  T
   7   -212.2742265 -0.108105E-02  0.654E-02    1.05       1.0  T
   8   -212.2744736 -0.247148E-03  0.370E-02    1.06       1.0  T
   9   -212.2745214 -0.477449E-04  0.262E-02    1.06       1.0  T
  10   -212.2745415 -0.201392E-04  0.192E-02    1.06       1.0  T
  11   -212.2745552 -0.137371E-04  0.119E-02    1.06       1.0  T
  12   -212.2745616 -0.639260E-05  0.629E-03    1.06       1.5  T
  13   -212.2745631 -0.148689E-05  0.343E-03    1.06       2.7  T
  14   -212.2745639 -0.762482E-06  0.161E-03    1.06       5.8  T
  15   -212.2745640 -0.145582E-06  0.876E-04    1.06      10.6  T
  16   -212.2745641 -0.349477E-07  0.536E-04    1.06      17.4  T

   *** convergence criteria satisfied after 16 iterations ***

         #    Occupation            Energy/Eh            Energy/eV
      -------------------------------------------------------------
         1        2.0000           -1.0761140             -29.2826
       ...           ...                  ...                  ...
       184        2.0000           -0.4143114             -11.2740
       185        2.0000           -0.4119109             -11.2087
       186        2.0000           -0.4103993             -11.1675
       187        2.0000           -0.3992102             -10.8631
       188        2.0000           -0.3935809             -10.7099
       189        2.0000           -0.3863882             -10.5142
       190        2.0000           -0.3806508             -10.3580 (HOMO)
       191                         -0.3417529              -9.2996 (LUMO)
       192                         -0.3384304              -9.2092
       193                         -0.3283201              -8.9340
       194                         -0.3258398              -8.8666
       195                         -0.3097595              -8.4290
       ...                                ...                  ...
       391                          1.0667818              29.0286
      -------------------------------------------------------------
                  HL-Gap            0.0388979 Eh            1.0585 eV
             Fermi-level           -0.3612149 Eh           -9.8292 eV

 SCC (total)                   0 d,  0 h,  0 min,  0.913 sec
 SCC setup                      ...        0 min,  0.003 sec (  0.341%)
 Dispersion                     ...        0 min,  0.005 sec (  0.577%)
 integral evaluation            ...        0 min,  0.262 sec ( 28.663%)
 zeroth order Hamiltonian       ...        0 min,  0.002 sec (  0.183%)
 iterations                     ...        0 min,  0.408 sec ( 44.688%)
 molecular gradient             ...        0 min,  0.230 sec ( 25.157%)
 printout                       ...        0 min,  0.004 sec (  0.385%)

         :::::::::::::::::::::::::::::::::::::::::::::::::::::
         ::                     SUMMARY                     ::
         :::::::::::::::::::::::::::::::::::::::::::::::::::::
         :: total energy            -209.471042675309 Eh    ::
         :: gradient norm              0.111015684371 Eh/a0 ::
         :: HOMO-LUMO gap              1.058464396616 eV    ::
         ::.................................................::
         :: SCC energy              -212.274564060516 Eh    ::
         :: -> isotropic ES            0.122296997114 Eh    ::
         :: -> anisotropic ES          0.009742866682 Eh    ::
         :: -> anisotropic XC          0.134402970161 Eh    ::
         :: -> dispersion             -0.192208979822 Eh    ::
         :: repulsion energy           2.802367683363 Eh    ::
         :: add. restraining           0.000000000000 Eh    ::
         :::::::::::::::::::::::::::::::::::::::::::::::::::::

           -------------------------------------------------
          |                Property Printout                |
           -------------------------------------------------

    * Orbital Energies and Occupations

         #    Occupation            Energy/Eh            Energy/eV
      -------------------------------------------------------------
         1        2.0000           -1.0761140             -29.2826
       ...           ...                  ...                  ...
       178        2.0000           -0.4256791             -11.5833
       179        2.0000           -0.4244826             -11.5508
       180        2.0000           -0.4227266             -11.5030
       181        2.0000           -0.4185260             -11.3887
       182        2.0000           -0.4171413             -11.3510
       183        2.0000           -0.4148439             -11.2885
       184        2.0000           -0.4143114             -11.2740
       185        2.0000           -0.4119109             -11.2087
       186        2.0000           -0.4103993             -11.1675
       187        2.0000           -0.3992102             -10.8631
       188        2.0000           -0.3935809             -10.7099
       189        2.0000           -0.3863882             -10.5142
       190        2.0000           -0.3806508             -10.3580 (HOMO)
       191                         -0.3417529              -9.2996 (LUMO)
       192                         -0.3384304              -9.2092
       193                         -0.3283201              -8.9340
       194                         -0.3258398              -8.8666
       195                         -0.3097595              -8.4290
       196                         -0.2875686              -7.8251
       197                         -0.2827680              -7.6945
       198                         -0.2677270              -7.2852
       199                         -0.2619835              -7.1289
       200                         -0.2523279              -6.8662
       201                         -0.2506664              -6.8210
       ...                                ...                  ...
       391                          1.0667818              29.0286
      -------------------------------------------------------------
                  HL-Gap            0.0388979 Eh            1.0585 eV
             Fermi-level           -0.3612149 Eh           -9.8292 eV

     #   Z        covCN         q      C6AA      α(0)
     1   6 C      2.867     0.225    23.285     7.910
     2   8 O      0.856    -0.357    20.832     6.119
     3   6 C      3.019    -0.017    28.412     8.744
     4   6 C      2.939    -0.025    28.625     8.775
     5   6 C      2.905     0.091    25.984     8.358
     6   6 C      2.901     0.093    25.940     8.351
     7   6 C      2.943    -0.038    28.949     8.825
     8   6 C      3.015     0.007    27.848     8.656
     9   6 C      2.999     0.032    27.272     8.567
    10   6 C      2.944     0.010    27.792     8.646
    11   6 C      1.914     0.122    28.100     8.561
    12   7 N      0.911    -0.234    26.134     7.394
    13   6 C      1.913     0.117    28.215     8.578
    14   7 N      0.911    -0.226    25.947     7.367
    15   6 C      2.985    -0.039    28.961     8.828
    16   6 C      2.959    -0.011    28.293     8.725
    17   6 C      2.981     0.015    27.660     8.627
    18  16 S      2.247    -0.032   142.360    20.081
    19   6 C      3.090     0.011    27.655     8.620
    20   6 C      3.153     0.011    27.482     8.573
    21   6 C      3.059     0.011    27.714     8.633
    22   6 C      3.799    -0.047    21.414     6.589
    23   6 C      3.745    -0.100    22.475     6.762
    24  16 S      2.154    -0.009   141.442    20.017
    25   6 C      3.067     0.008    27.781     8.643
    26   6 C      3.203     0.031    26.741     8.424
    27   7 N      2.783    -0.048    22.174     6.994
    28   6 C      3.745    -0.013    20.877     6.518
    29   6 C      3.846    -0.016    20.836     6.493
    30   6 C      3.031     0.031    27.289     8.569
    31   6 C      3.065    -0.030    28.675     8.781
    32   6 C      3.314     0.072    24.480     7.891
    33   7 N      1.844    -0.256    27.514     7.774
    34  16 S      2.654     0.289   129.832    19.178
    35   7 N      1.844    -0.257    27.528     7.776
    36   6 C      3.308     0.072    24.580     7.922
    37   6 C      3.062    -0.032    28.736     8.791
    38   6 C      3.029     0.029    27.318     8.573
    39   7 N      2.786    -0.032    21.861     6.944
    40   6 C      3.738    -0.007    20.784     6.505
    41   6 C      3.847    -0.025    20.979     6.515
    42   6 C      3.190     0.027    26.918     8.463
    43   6 C      3.067     0.007    27.797     8.645
    44  16 S      2.150    -0.012   141.547    20.024
    45   6 C      3.164     0.008    27.501     8.571
    46   6 C      3.083     0.011    27.682     8.625
    47  16 S      2.257    -0.036   142.531    20.094
    48   6 C      2.981     0.021    27.522     8.606
    49   6 C      3.057     0.021    27.485     8.598
    50   6 C      3.800    -0.050    21.481     6.599
    51   6 C      3.746    -0.099    22.458     6.760
    52   6 C      2.958    -0.008    28.216     8.713
    53   6 C      2.986    -0.038    28.946     8.825
    54   6 C      2.999     0.030    27.326     8.575
    55   6 C      2.944     0.008    27.849     8.655
    56   6 C      1.914     0.118    28.197     8.576
    57   7 N      0.911    -0.234    26.139     7.395
    58   6 C      1.916     0.119    28.167     8.571
    59   7 N      0.911    -0.227    25.969     7.370
    60   6 C      3.012     0.007    27.846     8.656
    61   6 C      2.947    -0.039    28.973     8.828
    62   6 C      2.902     0.092    25.947     8.352
    63   6 C      2.903     0.090    25.988     8.359
    64   6 C      2.938    -0.026    28.642     8.777
    65   6 C      3.021    -0.018    28.432     8.747
    66   6 C      2.854     0.226    23.264     7.905
    67   8 O      0.856    -0.362    20.946     6.136
    68  17 Cl     0.966    -0.118   102.842    15.515
    69  17 Cl     0.967    -0.118   102.821    15.513
    70   6 C      3.799    -0.063    21.703     6.633
    71   6 C      3.744    -0.102    22.514     6.769
    72   6 C      3.748    -0.106    22.588     6.779
    73   6 C      3.798    -0.052    21.502     6.602
    74   6 C      3.745    -0.099    22.456     6.760
    75   6 C      3.750    -0.107    22.615     6.782
    76  17 Cl     0.971    -0.115   102.749    15.508
    77  17 Cl     0.972    -0.117   102.805    15.512
    78   1 H      0.924     0.092     1.857     2.131
    79   1 H      0.925     0.087     1.903     2.157
    80   1 H      0.923     0.086     1.914     2.164
    81   1 H      0.922     0.054     2.270     2.356
    82   1 H      0.924     0.038     2.473     2.459
    83   1 H      0.923     0.053     2.282     2.363
    84   1 H      0.923     0.043     2.410     2.428
    85   1 H      0.923     0.045     2.387     2.416
    86   1 H      0.924     0.060     2.196     2.317
    87   1 H      0.923     0.066     2.132     2.284
    88   1 H      0.922     0.038     2.479     2.462
    89   1 H      0.923     0.063     2.167     2.302
    90   1 H      0.924     0.054     2.271     2.357
    91   1 H      0.924     0.048     2.348     2.396
    92   1 H      0.923     0.069     2.099     2.266
    93   1 H      0.924     0.053     2.279     2.361
    94   1 H      0.923     0.047     2.362     2.404
    95   1 H      0.923     0.046     2.377     2.411
    96   1 H      0.923     0.036     2.505     2.475
    97   1 H      0.924     0.069     2.091     2.262
    98   1 H      0.925     0.089     1.887     2.148
    99   1 H      0.924     0.091     1.870     2.138
   100   1 H      0.923     0.044     2.392     2.419
   101   1 H      0.922     0.040     2.447     2.447
   102   1 H      0.923     0.029     2.595     2.519
   103   1 H      0.923     0.044     2.396     2.421
   104   1 H      0.923     0.031     2.571     2.507
   105   1 H      0.923     0.047     2.361     2.403
   106   1 H      0.923     0.043     2.409     2.427
   107   1 H      0.923     0.033     2.546     2.495
   108   1 H      0.923     0.032     2.559     2.502
   109   1 H      0.923     0.027     2.627     2.535
   110   1 H      0.923     0.039     2.464     2.455
   111   1 H      0.923     0.038     2.476     2.461
   112   1 H      0.923     0.033     2.543     2.494
   113   1 H      0.923     0.042     2.426     2.436
   114   1 H      0.923     0.049     2.331     2.387
   115   1 H      0.923     0.035     2.510     2.478

 Mol. C6AA /au·bohr⁶  :     251725.872745
 Mol. C8AA /au·bohr⁸  :    7248733.825581
 Mol. α(0) /au        :        792.833635


Wiberg/Mayer (AO) data.
largest (>0.10) Wiberg bond orders for each atom
          total WBO             WBO to atom ...
     1  C   3.924        O    2 1.782    C    3 1.016    C   15 1.011
     2  O   2.051        C    1 1.782
     3  C   3.975        C    4 1.417    C    8 1.295    C    1 1.016
     4  C   3.976        C    3 1.417    C    5 1.388    H   78 0.959
     5  C   3.899        C    4 1.388    C    6 1.343    Cl  69 1.011
     6  C   3.921        C    7 1.392    C    5 1.343    Cl  76 1.014
     7  C   3.970        C    8 1.403    C    6 1.392    H   79 0.955
     8  C   3.982        C    7 1.403    C    3 1.295    C    9 1.068
     9  C   3.971        C   10 1.472    C   15 1.156    C    8 1.068
    10  C   3.943        C    9 1.472    C   11 1.101    C   13 1.095
    11  C   3.943        N   12 2.765    C   10 1.101
    12  N   2.982        C   11 2.765
    13  C   3.942        N   14 2.771    C   10 1.095
    14  N   2.968        C   13 2.771
    15  C   3.956        C   16 1.524    C    9 1.156    C    1 1.011
    16  C   3.940        C   15 1.524    C   17 1.264    H   80 0.941
    17  C   3.921        C   21 1.389    C   16 1.264    S   18 1.061
    18  S   2.553        C   19 1.138    C   17 1.061
    19  C   3.929        C   20 1.321    C   26 1.246    S   18 1.138
    20  C   3.931        C   19 1.321    C   21 1.314    S   24 1.087
    21  C   3.958        C   17 1.389    C   20 1.314    C   22 1.015
    22  C   3.993        C   21 1.015    C   23 1.009    H   82 0.967    H   81 0.948
    23  C   3.991        C   22 1.009    H   85 0.985    H   84 0.985    H   83 0.979
    24  S   2.515        C   25 1.110    C   20 1.087
    25  C   3.922        C   26 1.317    C   31 1.267    S   24 1.110
    26  C   3.937        C   25 1.317    C   19 1.246    N   27 1.144
    27  N   3.523        C   30 1.155    C   26 1.144    C   28 0.976
    28  C   3.956        C   29 0.977    N   27 0.976    H   87 0.961    H   86 0.949
    29  C   3.989        C   75 1.006    C   73 0.997    C   28 0.977    H   88 0.961
    30  C   3.925        C   31 1.288    C   38 1.212    N   27 1.155
    31  C   3.950        C   30 1.288    C   25 1.267    C   32 1.159
    32  C   3.972        N   33 1.455    C   31 1.159    C   36 1.155    S   34 0.102
    33  N   3.070        C   32 1.455    S   34 1.360    N   35 0.148
    34  S   3.045        N   33 1.360    N   35 1.359    C   32 0.102    C   36 0.101
    35  N   3.070        C   36 1.455    S   34 1.359    N   33 0.148
    36  C   3.972        N   35 1.455    C   37 1.158    C   32 1.155    S   34 0.101
    37  C   3.949        C   43 1.278    C   38 1.274    C   36 1.158
    38  C   3.924        C   37 1.274    C   30 1.212    N   39 1.175
    39  N   3.562        C   38 1.175    C   42 1.154    C   40 0.981
    40  C   3.959        N   39 0.981    C   41 0.976    H   89 0.962    H   90 0.960
    41  C   3.986        C   72 1.010    C   70 0.993    C   40 0.976    H   91 0.949
    42  C   3.936        C   43 1.308    C   46 1.245    N   39 1.154
    43  C   3.920        C   42 1.308    C   37 1.278    S   44 1.111
    44  S   2.507        C   43 1.111    C   45 1.086
    45  C   3.928        C   46 1.319    C   49 1.316    S   44 1.086
    46  C   3.930        C   45 1.319    C   42 1.245    S   47 1.138
    47  S   2.552        C   46 1.138    C   48 1.058
    48  C   3.921        C   49 1.380    C   52 1.278    S   47 1.058
    49  C   3.945        C   48 1.380    C   45 1.316    C   50 1.017
    50  C   3.989        C   49 1.017    C   51 0.996    H   93 0.971    H   92 0.952
    51  C   3.991        C   50 0.996    H   96 0.988    H   94 0.984    H   95 0.984
    52  C   3.943        C   53 1.509    C   48 1.278    H   97 0.939
    53  C   3.952        C   52 1.509    C   54 1.145    C   66 1.032
    54  C   3.967        C   55 1.484    C   53 1.145    C   60 1.078
    55  C   3.924        C   54 1.484    C   56 1.096    C   58 1.093
    56  C   3.942        N   57 2.759    C   55 1.096
    57  N   2.963        C   56 2.759
    58  C   3.941        N   59 2.768    C   55 1.093
    59  N   2.969        C   58 2.768
    60  C   3.981        C   61 1.397    C   65 1.297    C   54 1.078
    61  C   3.970        C   60 1.397    C   62 1.397    H   98 0.953
    62  C   3.920        C   61 1.397    C   63 1.341    Cl  77 1.012
    63  C   3.896        C   64 1.388    C   62 1.341    Cl  68 1.010
    64  C   3.975        C   65 1.418    C   63 1.388    H   99 0.959
    65  C   3.976        C   64 1.418    C   60 1.297    C   66 1.011
    66  C   3.922        O   67 1.766    C   53 1.032    C   65 1.011
    67  O   2.053        C   66 1.766
    68  Cl  1.156        C   63 1.010
    69  Cl  1.159        C    5 1.011
    70  C   3.993        C   71 1.020    C   41 0.993    H  101 0.975    H  100 0.974
    71  C   3.996        C   70 1.020    H  104 0.986    H  103 0.986    H  102 0.985
    72  C   3.994        C   41 1.010    H  107 0.984    H  106 0.984    H  105 0.978
    73  C   3.996        C   74 1.019    C   29 0.997    H  108 0.976    H  109 0.974
    74  C   3.995        C   73 1.019    H  112 0.987    H  111 0.986    H  110 0.985
    75  C   3.992        C   29 1.006    H  113 0.985    H  114 0.982    H  115 0.981
    76  Cl  1.162        C    6 1.014
    77  Cl  1.160        C   62 1.012
    78  H   0.991        C    4 0.959
    79  H   0.992        C    7 0.955
    80  H   0.989        C   16 0.941
    81  H   0.995        C   22 0.948
    82  H   0.998        C   22 0.967
    83  H   0.997        C   23 0.979
    84  H   0.997        C   23 0.985
    85  H   0.998        C   23 0.985
    86  H   0.994        C   28 0.949
    87  H   0.995        C   28 0.961
    88  H   0.998        C   29 0.961
    89  H   0.994        C   40 0.962
    90  H   0.996        C   40 0.960
    91  H   0.997        C   41 0.949
    92  H   0.993        C   50 0.952
    93  H   0.997        C   50 0.971
    94  H   0.998        C   51 0.984
    95  H   0.996        C   51 0.984
    96  H   0.999        C   51 0.988
    97  H   0.993        C   52 0.939
    98  H   0.992        C   61 0.953
    99  H   0.991        C   64 0.959
   100  H   0.997        C   70 0.974
   101  H   0.998        C   70 0.975
   102  H   0.999        C   71 0.985
   103  H   0.998        C   71 0.986
   104  H   0.999        C   71 0.986
   105  H   0.997        C   72 0.978
   106  H   0.998        C   72 0.984
   107  H   0.999        C   72 0.984
   108  H   0.999        C   73 0.976
   109  H   0.999        C   73 0.974
   110  H   0.998        C   74 0.985
   111  H   0.998        C   74 0.986
   112  H   0.999        C   74 0.987
   113  H   0.998        C   75 0.985
   114  H   0.996        C   75 0.982
   115  H   0.999        C   75 0.981

molecular dipole:
                 x           y           z       tot (Debye)
 q only:        0.381       0.640      -1.942
   full:        0.132       0.757      -1.603       4.518
molecular quadrupole (traceless):
                xx          xy          yy          xz          yz          zz
 q only:      -68.776     101.612      -3.383     -83.112      31.644      72.158
  q+dip:      -72.123      42.028      25.978     -62.572       7.421      46.145
   full:      -78.484      43.336      20.591     -68.219       9.118      57.893


           -------------------------------------------------
          | TOTAL ENERGY             -209.471042675309 Eh   |
          | GRADIENT NORM               0.111015684371 Eh/α |
          | HOMO-LUMO GAP               1.058464396616 eV   |
           -------------------------------------------------

------------------------------------------------------------------------
 * finished run on 2021/04/12 at 13:52:51.655     
------------------------------------------------------------------------
 total:
 * wall-time:     0 d,  0 h,  0 min,  1.302 sec
 *  cpu-time:     0 d,  0 h,  0 min,  1.193 sec
 * ratio c/w:     0.917 speedup
 SCF:
 * wall-time:     0 d,  0 h,  0 min,  0.914 sec
 *  cpu-time:     0 d,  0 h,  0 min,  0.912 sec
 * ratio c/w:     0.998 speedup

