      -----------------------------------------------------------      
     |                   =====================                   |     
     |                           x T B                           |     
     |                   =====================                   |     
     |                         S. Grimme                         |     
     |          Mulliken Center for Theoretical Chemistry        |     
     |                    University of Bonn                     |     
     |                Version 6.2 RC2 (SAW190805)                |     
      -----------------------------------------------------------      

   This program is distributed in the hope that it will be useful,
   but WITHOUT ANY WARRANTY; without even the implied warranty of
   MERCHANTABILITY or FITNESS FOR A PARTICULAR PURPOSE.
   
   FOR NON-COMMERCIAL, ACADEMIA USE ONLY.
   
   Cite this work as:
   * S. Grimme, C. Bannwarth, P. Shushkov, J. Chem. Theory Comput., 2017,
     13, 1989-2009. DOI: 10.1021/acs.jctc.7b00118
   * C. Bannwarth, S. Ehlert and S. Grimme., J. Chem. Theory Comput., 2019,
     15, 1652-1671. DOI: 10.1021/acs.jctc.8b01176
   * P. Pracht, E. Caldeweyher, S. Ehlert, S. Grimme, ChemRxiv, 2019, preprint.
     DOI: 10.26434/chemrxiv.8326202.v1
   
   for DFT-D4:
   * E. Caldeweyher, C. Bannwarth and S. Grimme, J. Chem. Phys., 2017,
     147, 034112. DOI: 10.1063/1.4993215
   * E. Caldeweyher, S. Ehlert, A. Hansen, H. Neugebauer, S. Spicher,
     C. Bannwarth and S. Grimme, J. Chem. Phys., 2019, 150, 154122.
     DOI: 10.1063/1.5090222
   
   for sTDA-xTB:
   * S. Grimme and C. Bannwarth, J. Chem. Phys., 2016, 145, 054103.
     DOI: 10.1063/1.4959605
   
   in the mass-spec context:
   * V. Asgeirsson, C. Bauer and S. Grimme, Chem. Sci., 2017, 8, 4879.
     DOI: 10.1039/c7sc00601b
   
   for metadynamics refer to:
   * S. Grimme, J. Chem. Theory Comput., 2019, 155, 2847-2862
     DOI: 10.1021/acs.jctc.9b00143
   
   with help from (in alphabetical order)
   C. Bannwarth, F. Bohle, G. Brandenburg, E. Caldeweyher, M. Checinski,
   S. Dohm, S. Ehlert, S. Ehrlich, F. März, H. Neugebauer, J. Pisarek,
   P. Pracht, P. Shushkov, and S. Spicher.
   
 * started run on 2020/11/20 at 13:44:49.140     

           -------------------------------------------------
          |                Calculation Setup                |
           -------------------------------------------------

          program call               : /ihome/ghutchison/geoffh/xtb/xtb BTA3.xyz -sp
          hostname                   : smp-n82
          coordinate file            : BTA3.xyz
          omp threads                :                     1
          number of atoms            :                   142
          number of electrons        :                   442
          charge                     :                     0
          spin                       :                   0.0
          first test random number   :      0.21028168586732


########################################################################
# WARNING! Please study the warnings concerning your input carefully
#  - XTBPATH is not set, using XTBHOME instead
#  - the use of '-sp' is discouraged, please use '--sp' next time
########################################################################

           ------------------------------------------------- 
          |                 G F N 2 - x T B                 |
          | Geometry, Frequencies, Noncovalent interactions |
          |            JCTC 2019 parametrisation            |
           ------------------------------------------------- 
             KAB for C  - Si     :                1.0500
             KAB for H  - Pd     :                0.9500
             k(s)              :                1.8500
             k(p)              :                2.2300
             k(d)              :                2.2300
             k(f)              :                2.0000
             kEN (H0ij)        :               -2.0000
             D4 a1             :                0.5200
             D4 a2             :                5.0000
             D4 s6             :                1.0000
             D4 s8             :                2.7000
             D4 s9             :                5.0000
             alphaj            :                2.0000

  Z AO/shell   Hii/eV     exponent
  1     Wed Apr 25 08:07:45 CEST 2018   EN: 2.200 GM2: 0.406  GM3: 0.0800  RAES: 1.40
     1s    -10.707211    1.230000
  6     Wed Apr 25 08:07:45 CEST 2018   EN: 2.550 GM2: 0.538  GM3: 0.1500  RAES: 3.00
     2s    -13.970922    2.096432
     2p    -10.063292    1.800000
  7     Wed Apr 25 08:07:45 CEST 2018   EN: 3.040 GM2: 0.461  GM3:-0.0640  RAES: 1.90
     2s    -16.686243    2.339881
     2p    -12.523956    2.014332
  8     Wed Apr 25 08:07:45 CEST 2018   EN: 3.440 GM2: 0.452  GM3:-0.0517  RAES: 1.80
     2s    -20.229985    2.439742
     2p    -15.503117    2.137023
 16     Tue Apr 24 11:44:34 CEST 2018   EN: 2.580 GM2: 0.340  GM3:-0.0502  RAES: 3.10
     3s    -20.029654    1.981333
     3p    -11.377694    2.025643
     3d     -0.420282    1.702555

           ------------------------------------------------- 
          |        Self-Consistent Charge Iterations        |
           ------------------------------------------------- 

          ...................................................
          :                      SETUP                      :
          :.................................................:
          :  # basis functions                 442          :
          :  # atomic orbitals                 438          :
          :  # shells                          238          :
          :  # electrons                       442          :
          :  max. iterations                   250          :
          :  Hamiltonian                  GFN2-xTB          :
          :  restarted?                      false          :
          :  GBSA solvation                  false          :
          :  PC potential                    false          :
          :  electronic temp.          300.0000000     K    :
          :  accuracy                    1.0000000          :
          :  -> integral cutoff          0.2500000E+02      :
          :  -> integral neglect         0.1000000E-07      :
          :  -> SCF convergence          0.1000000E-05 Eh   :
          :  -> wf. convergence          0.1000000E-03 e    :
          :  Broyden damping             0.4000000          :
          ...................................................

 iter      E             dE          RMSdq      gap      omega  full diag
   1   -243.2962503 -0.243296E+03  0.459E+00    1.28       0.0  T
   2   -243.5121900 -0.215940E+00  0.299E+00    1.16       1.0  T
   3   -243.3633336  0.148856E+00  0.192E+00    1.22       1.0  T
   4   -243.6892966 -0.325963E+00  0.694E-01    1.06       1.0  T
   5   -243.7382528 -0.489562E-01  0.215E-01    1.06       1.0  T
   6   -243.7408738 -0.262104E-02  0.126E-01    1.09       1.0  T
   7   -243.7420060 -0.113220E-02  0.440E-02    1.08       1.0  T
   8   -243.7421444 -0.138448E-03  0.206E-02    1.09       1.0  T
   9   -243.7421601 -0.156165E-04  0.109E-02    1.09       1.0  T
  10   -243.7421699 -0.985128E-05  0.474E-03    1.09       1.8  T
  11   -243.7421705 -0.620961E-06  0.215E-03    1.09       3.9  T
  12   -243.7421709 -0.367835E-06  0.120E-03    1.09       7.0  T
  13   -243.7421710 -0.102394E-06  0.579E-04    1.09      14.5  T
  14   -243.7421710 -0.677460E-08  0.264E-04    1.09      31.7  T

   *** convergence criteria satisfied after 14 iterations ***

         #    Occupation            Energy/Eh            Energy/eV
      -------------------------------------------------------------
         1        2.0000           -0.7620977             -20.7377
       ...           ...                  ...                  ...
       215        2.0000           -0.3974446             -10.8150
       216        2.0000           -0.3952855             -10.7563
       217        2.0000           -0.3920840             -10.6691
       218        2.0000           -0.3912962             -10.6477
       219        2.0000           -0.3909373             -10.6379
       220        2.0000           -0.3807814             -10.3616
       221        2.0000           -0.3674622              -9.9992 (HOMO)
       222                         -0.3274295              -8.9098 (LUMO)
       223                         -0.3237363              -8.8093
       224                         -0.2971938              -8.0871
       225                         -0.2921411              -7.9496
       226                         -0.2793476              -7.6014
       ...                                ...                  ...
       438                          1.0786408              29.3513
      -------------------------------------------------------------
                  HL-Gap            0.0400327 Eh            1.0893 eV
             Fermi-level           -0.3474555 Eh           -9.4547 eV

 SCC (total)                   0 d,  0 h,  0 min,  1.199 sec
 SCC setup                      ...        0 min,  0.004 sec (  0.356%)
 Dispersion                     ...        0 min,  0.010 sec (  0.804%)
 integral evaluation            ...        0 min,  0.348 sec ( 29.017%)
 zeroth order Hamiltonian       ...        0 min,  0.002 sec (  0.168%)
 iterations                     ...        0 min,  0.539 sec ( 44.915%)
 molecular gradient             ...        0 min,  0.292 sec ( 24.374%)
 printout                       ...        0 min,  0.004 sec (  0.361%)

         :::::::::::::::::::::::::::::::::::::::::::::::::::::
         ::                     SUMMARY                     ::
         :::::::::::::::::::::::::::::::::::::::::::::::::::::
         :: total energy            -240.062742684714 Eh    ::
         :: gradient norm              0.116976315066 Eh/a0 ::
         :: HOMO-LUMO gap              1.089346059251 eV    ::
         ::.................................................::
         :: SCC energy              -243.742171013706 Eh    ::
         :: -> isotropic ES            0.131610775604 Eh    ::
         :: -> anisotropic ES          0.025688588750 Eh    ::
         :: -> anisotropic XC          0.183582987063 Eh    ::
         :: -> dispersion             -0.211009610923 Eh    ::
         :: repulsion energy           3.678208441374 Eh    ::
         :: add. restraining           0.000000000000 Eh    ::
         :::::::::::::::::::::::::::::::::::::::::::::::::::::

           -------------------------------------------------
          |                Property Printout                |
           -------------------------------------------------

    * Orbital Energies and Occupations

         #    Occupation            Energy/Eh            Energy/eV
      -------------------------------------------------------------
         1        2.0000           -0.7620977             -20.7377
       ...           ...                  ...                  ...
       209        2.0000           -0.4084811             -11.1153
       210        2.0000           -0.4069918             -11.0748
       211        2.0000           -0.4065579             -11.0630
       212        2.0000           -0.4062022             -11.0533
       213        2.0000           -0.4028048             -10.9609
       214        2.0000           -0.4007563             -10.9051
       215        2.0000           -0.3974446             -10.8150
       216        2.0000           -0.3952855             -10.7563
       217        2.0000           -0.3920840             -10.6691
       218        2.0000           -0.3912962             -10.6477
       219        2.0000           -0.3909373             -10.6379
       220        2.0000           -0.3807814             -10.3616
       221        2.0000           -0.3674622              -9.9992 (HOMO)
       222                         -0.3274295              -8.9098 (LUMO)
       223                         -0.3237363              -8.8093
       224                         -0.2971938              -8.0871
       225                         -0.2921411              -7.9496
       226                         -0.2793476              -7.6014
       227                         -0.2677586              -7.2861
       228                         -0.2665303              -7.2527
       229                         -0.2606741              -7.0933
       230                         -0.2532982              -6.8926
       231                         -0.2520547              -6.8588
       232                         -0.2451265              -6.6702
       ...                                ...                  ...
       438                          1.0786408              29.3513
      -------------------------------------------------------------
                  HL-Gap            0.0400327 Eh            1.0893 eV
             Fermi-level           -0.3474555 Eh           -9.4547 eV

     #   Z        covCN         q      C6AA      α(0)
     1   6 C      3.047     0.004    27.879     8.660
     2   6 C      3.016     0.002    27.969     8.675
     3   6 C      2.902    -0.035    28.873     8.810
     4   6 C      3.043     0.003    27.906     8.664
     5   6 C      3.018     0.002    27.964     8.674
     6   6 C      2.902    -0.036    28.893     8.813
     7   6 C      3.930     0.012    20.317     6.406
     8   6 C      3.189    -0.007    27.709     8.587
     9   6 C      3.049     0.019    27.537     8.606
    10   6 C      3.044    -0.045    29.070     8.843
    11   6 C      2.983     0.020    27.564     8.612
    12  16 S      2.238    -0.036   142.560    20.096
    13   6 C      3.930     0.012    20.303     6.403
    14   6 C      3.196    -0.007    27.668     8.575
    15   6 C      3.047     0.018    27.558     8.610
    16   6 C      3.042    -0.043    29.015     8.835
    17   6 C      2.987     0.021    27.530     8.607
    18  16 S      2.239    -0.033   142.427    20.086
    19   6 C      2.974     0.007    27.872     8.660
    20   6 C      2.976     0.007    27.851     8.657
    21   6 C      2.962     0.010    27.801     8.648
    22   6 C      2.965     0.011    27.758     8.642
    23   6 C      2.961     0.009    27.806     8.649
    24   6 C      2.963     0.012    27.748     8.640
    25   6 C      2.914    -0.038    28.949     8.823
    26   6 C      2.913    -0.029    28.721     8.788
    27   6 C      2.952     0.002    27.978     8.676
    28   6 C      3.142     0.061    26.405     8.409
    29   6 C      3.126     0.058    26.507     8.430
    30   6 C      2.915    -0.038    28.934     8.821
    31   6 C      2.915    -0.030    28.757     8.794
    32   6 C      2.953     0.003    27.965     8.674
    33   6 C      3.136     0.061    26.417     8.413
    34   6 C      3.133     0.059    26.471     8.422
    35   7 N      1.964    -0.244    27.184     7.732
    36   7 N      3.242     0.211    17.769     6.261
    37   7 N      1.966    -0.248    27.281     7.746
    38   7 N      1.963    -0.243    27.175     7.731
    39   7 N      3.245     0.210    17.782     6.263
    40   7 N      1.963    -0.244    27.189     7.732
    41   6 C      2.919    -0.019    28.491     8.753
    42   6 C      2.946    -0.009    28.232     8.715
    43   6 C      2.919    -0.019    28.474     8.750
    44   6 C      2.947    -0.008    28.228     8.714
    45   6 C      3.687    -0.077    22.183     6.742
    46   6 C      3.687    -0.077    22.182     6.742
    47   6 C      2.861     0.266    22.516     7.778
    48   7 N      2.818    -0.069    22.582     7.058
    49   6 C      2.915     0.102    25.737     8.319
    50  16 S      2.186    -0.045   142.911    20.120
    51   6 C      2.865     0.266    22.525     7.780
    52   7 N      2.817    -0.069    22.582     7.058
    53   6 C      2.915     0.102    25.734     8.319
    54  16 S      2.177    -0.042   142.775    20.111
    55   6 C      3.687    -0.046    21.600     6.653
    56   8 O      0.857    -0.391    21.495     6.216
    57   6 C      2.988    -0.027    28.656     8.781
    58   6 C      1.917     0.114    28.290     8.590
    59   6 C      1.905     0.112    28.334     8.597
    60   6 C      2.912    -0.035    28.882     8.812
    61   6 C      2.914    -0.039    28.958     8.824
    62   6 C      2.956     0.017    27.631     8.622
    63   6 C      2.914    -0.039    28.965     8.825
    64   6 C      2.913    -0.035    28.865     8.810
    65   6 C      2.912    -0.037    28.913     8.817
    66   6 C      2.915    -0.039    28.963     8.825
    67   6 C      2.956     0.017    27.636     8.623
    68   6 C      2.914    -0.039    28.959     8.824
    69   6 C      2.913    -0.034    28.841     8.806
    70   6 C      2.912    -0.036    28.896     8.815
    71   6 C      2.914    -0.038    28.954     8.824
    72   6 C      2.956     0.017    27.625     8.621
    73   6 C      2.914    -0.039    28.962     8.825
    74   6 C      2.912    -0.034    28.855     8.808
    75   6 C      2.911    -0.036    28.889     8.814
    76   6 C      2.914    -0.038    28.948     8.823
    77   6 C      2.956     0.017    27.640     8.623
    78   6 C      2.914    -0.039    28.960     8.825
    79   6 C      2.913    -0.033    28.833     8.805
    80   8 O      0.857    -0.388    21.451     6.210
    81   6 C      3.687    -0.045    21.584     6.651
    82   6 C      2.992    -0.026    28.650     8.780
    83   6 C      1.920     0.114    28.284     8.589
    84   6 C      1.905     0.112    28.345     8.598
    85   7 N      0.911    -0.232    26.078     7.386
    86   7 N      0.911    -0.245    26.393     7.430
    87   7 N      0.911    -0.244    26.369     7.427
    88   7 N      0.911    -0.231    26.066     7.384
    89   6 C      3.749    -0.104    22.560     6.774
    90   6 C      3.750    -0.104    22.548     6.772
    91   6 C      3.749    -0.104    22.549     6.772
    92   6 C      3.750    -0.104    22.558     6.774
    93   1 H      0.924     0.042     2.421     2.433
    94   1 H      0.924     0.042     2.417     2.431
    95   1 H      0.925     0.064     2.149     2.293
    96   1 H      0.925     0.054     2.268     2.355
    97   1 H      0.924     0.050     2.318     2.381
    98   1 H      0.924     0.051     2.302     2.372
    99   1 H      0.924     0.051     2.310     2.377
   100   1 H      0.925     0.057     2.240     2.340
   101   1 H      0.924     0.093     1.851     2.128
   102   1 H      0.924     0.091     1.868     2.137
   103   1 H      0.924     0.093     1.853     2.129
   104   1 H      0.923     0.083     1.945     2.181
   105   1 H      0.924     0.086     1.921     2.167
   106   1 H      0.924     0.093     1.850     2.127
   107   1 H      0.923     0.083     1.947     2.182
   108   1 H      0.923     0.085     1.930     2.173
   109   1 H      0.924     0.098     1.805     2.101
   110   1 H      0.924     0.069     2.096     2.264
   111   1 H      0.924     0.069     2.094     2.263
   112   1 H      0.924     0.028     2.608     2.526
   113   1 H      0.924     0.029     2.595     2.519
   114   1 H      0.924     0.031     2.569     2.506
   115   1 H      0.924     0.029     2.601     2.522
   116   1 H      0.925     0.028     2.616     2.530
   117   1 H      0.924     0.030     2.581     2.513
   118   1 H      0.924     0.030     2.581     2.512
   119   1 H      0.924     0.032     2.551     2.498
   120   1 H      0.924     0.026     2.648     2.545
   121   1 H      0.924     0.030     2.584     2.514
   122   1 H      0.924     0.032     2.555     2.500
   123   1 H      0.924     0.030     2.588     2.516
   124   1 H      0.924     0.026     2.641     2.541
   125   1 H      0.924     0.030     2.587     2.516
   126   1 H      0.924     0.030     2.592     2.518
   127   1 H      0.924     0.031     2.575     2.510
   128   1 H      0.924     0.097     1.815     2.107
   129   1 H      0.924     0.068     2.108     2.271
   130   1 H      0.923     0.069     2.092     2.262
   131   1 H      0.923     0.040     2.446     2.446
   132   1 H      0.923     0.045     2.388     2.417
   133   1 H      0.923     0.046     2.365     2.405
   134   1 H      0.923     0.040     2.448     2.447
   135   1 H      0.923     0.043     2.404     2.425
   136   1 H      0.923     0.044     2.393     2.419
   137   1 H      0.923     0.041     2.432     2.439
   138   1 H      0.923     0.042     2.425     2.435
   139   1 H      0.923     0.046     2.372     2.409
   140   1 H      0.923     0.040     2.454     2.450
   141   1 H      0.923     0.043     2.404     2.425
   142   1 H      0.923     0.047     2.360     2.402

 Mol. C6AA /au·bohr⁶  :     332636.280947
 Mol. C8AA /au·bohr⁸  :    8917600.150174
 Mol. α(0) /au        :        919.959590


Wiberg/Mayer (AO) data.
largest (>0.10) Wiberg bond orders for each atom
          total WBO             WBO to atom ...
     1  C   3.966        C    6 1.467    C    2 1.287    C    7 0.971
     2  C   3.955        C    3 1.351    C    1 1.287    C    9 1.135
     3  C   3.974        C    4 1.463    C    2 1.351    H   93 0.964
     4  C   3.967        C    3 1.463    C    5 1.291    C   13 0.966
     5  C   3.954        C    6 1.346    C    4 1.291    C   15 1.136
     6  C   3.977        C    1 1.467    C    5 1.346    H   94 0.964
     7  C   3.986        C    8 0.972    C    1 0.971    C   23 0.960    C   24 0.942
     8  C   3.957        C    9 1.415    C   10 1.342    C    7 0.972
     9  C   3.910        C    8 1.415    S   12 1.163    C    2 1.135
    10  C   3.948        C   11 1.454    C    8 1.342    H   95 0.953
    11  C   3.917        C   10 1.454    C   19 1.169    S   12 1.107
    12  S   2.566        C    9 1.163    C   11 1.107
    13  C   3.985        C   14 0.968    C    4 0.966    C   21 0.957    C   22 0.955
    14  C   3.958        C   15 1.422    C   16 1.331    C   13 0.968
    15  C   3.914        C   14 1.422    S   18 1.160    C    5 1.136
    16  C   3.953        C   17 1.471    C   14 1.331    H   96 0.959
    17  C   3.919        C   16 1.471    C   20 1.146    S   18 1.115
    18  S   2.569        C   15 1.160    C   17 1.115
    19  C   3.931        C   25 1.405    C   29 1.184    C   11 1.169
    20  C   3.929        C   30 1.416    C   34 1.190    C   17 1.146
    21  C   3.982        C   70 1.419    C   74 1.396    C   13 0.957    C   72 0.106
    22  C   3.981        C   75 1.421    C   79 1.393    C   13 0.955    C   77 0.106
    23  C   3.983        C   60 1.419    C   64 1.397    C    7 0.960    C   62 0.106
    24  C   3.981        C   65 1.422    C   69 1.396    C    7 0.942    C   67 0.106
    25  C   3.970        C   19 1.405    C   26 1.402    H   97 0.963
    26  C   3.960        C   25 1.402    C   27 1.400    H   98 0.959
    27  C   3.940        C   26 1.400    C   41 1.186    C   28 1.181
    28  C   3.968        N   35 1.360    C   29 1.230    C   27 1.181
    29  C   3.971        N   37 1.353    C   28 1.230    C   19 1.184
    30  C   3.972        C   20 1.416    C   31 1.396    H   99 0.964
    31  C   3.959        C   32 1.403    C   30 1.396    H  100 0.952
    32  C   3.945        C   31 1.403    C   43 1.186    C   33 1.180
    33  C   3.970        N   38 1.364    C   34 1.224    C   32 1.180
    34  C   3.971        N   40 1.353    C   33 1.224    C   20 1.190
    35  N   2.982        C   28 1.360    N   36 1.280    N   37 0.220
    36  N   3.746        N   37 1.285    N   35 1.280    C   46 0.994
    37  N   2.982        C   29 1.353    N   36 1.285    N   35 0.220
    38  N   2.981        C   33 1.364    N   39 1.276    N   40 0.220
    39  N   3.746        N   40 1.289    N   38 1.276    C   45 0.993
    40  N   2.981        C   34 1.353    N   39 1.289    N   38 0.220
    41  C   3.953        C   42 1.602    C   27 1.186    H  101 0.943
    42  C   3.894        C   41 1.602    S   54 1.057    C   51 1.049
    43  C   3.954        C   44 1.601    C   32 1.186    H  102 0.946
    44  C   3.896        C   43 1.601    S   50 1.057    C   47 1.049
    45  C   3.956        N   39 0.993    H  103 0.977    H  105 0.971    H  104 0.965
    46  C   3.957        N   36 0.994    H  106 0.978    H  108 0.970    H  107 0.966
    47  C   3.931        O   80 1.707    N   48 1.070    C   44 1.049
    48  N   3.576        C   49 1.207    C   47 1.070    C   81 0.980    O   80 0.133
    49  C   3.950        C   82 1.433    N   48 1.207    S   50 1.085
    50  S   2.511        C   49 1.085    C   44 1.057
    51  C   3.934        O   56 1.703    N   52 1.073    C   42 1.049
    52  N   3.577        C   53 1.207    C   51 1.073    C   55 0.979    O   56 0.132
    53  C   3.949        C   57 1.432    N   52 1.207    S   54 1.087
    54  S   2.499        C   53 1.087    C   42 1.057
    55  C   3.947        N   52 0.979    H  111 0.973    H  110 0.973    H  109 0.969
    56  O   2.035        C   51 1.703    N   52 0.132
    57  C   3.939        C   53 1.432    C   59 1.105    C   58 1.096
    58  C   3.945        N   85 2.774    C   57 1.096
    59  C   3.946        N   86 2.762    C   57 1.105
    60  C   3.989        C   61 1.437    C   23 1.419    H  112 0.967    C   63 0.109
    61  C   3.989        C   60 1.437    C   62 1.417    H  113 0.969    C   64 0.108
    62  C   3.986        C   61 1.417    C   63 1.398    C   92 1.026    C   23 0.106
    63  C   3.989        C   64 1.459    C   62 1.398    H  114 0.969    C   60 0.109
    64  C   3.989        C   63 1.459    C   23 1.397    H  115 0.967    C   61 0.108
    65  C   3.988        C   66 1.434    C   24 1.422    H  116 0.966    C   68 0.107
    66  C   3.989        C   65 1.434    C   67 1.420    H  117 0.969    C   69 0.109
    67  C   3.985        C   66 1.420    C   68 1.396    C   91 1.026    C   24 0.106
    68  C   3.989        C   69 1.462    C   67 1.396    H  118 0.969    C   65 0.107
    69  C   3.989        C   68 1.462    C   24 1.396    H  119 0.968    C   66 0.109
    70  C   3.990        C   71 1.438    C   21 1.419    H  120 0.967    C   73 0.109
    71  C   3.989        C   70 1.438    C   72 1.417    H  121 0.969    C   74 0.108
    72  C   3.986        C   71 1.417    C   73 1.398    C   89 1.026    C   21 0.106
    73  C   3.989        C   74 1.459    C   72 1.398    H  122 0.970    C   70 0.109
    74  C   3.989        C   73 1.459    C   21 1.396    H  123 0.967    C   71 0.108
    75  C   3.988        C   76 1.435    C   22 1.421    H  124 0.967    C   78 0.108
    76  C   3.989        C   75 1.435    C   77 1.420    H  125 0.969    C   79 0.108
    77  C   3.985        C   76 1.420    C   78 1.395    C   90 1.026    C   22 0.106
    78  C   3.989        C   79 1.463    C   77 1.395    H  126 0.970    C   75 0.108
    79  C   3.989        C   78 1.463    C   22 1.393    H  127 0.968    C   76 0.108
    80  O   2.037        C   47 1.707    N   48 0.133
    81  C   3.948        N   48 0.980    H  129 0.973    H  130 0.972    H  128 0.970
    82  C   3.940        C   49 1.433    C   84 1.106    C   83 1.095
    83  C   3.945        N   88 2.774    C   82 1.095
    84  C   3.946        N   87 2.762    C   82 1.106
    85  N   2.986        C   58 2.774
    86  N   2.984        C   59 2.762
    87  N   2.980        C   84 2.762
    88  N   2.986        C   83 2.774
    89  C   3.995        C   72 1.026    H  131 0.986    H  132 0.973    H  133 0.971
    90  C   3.996        C   77 1.026    H  134 0.985    H  135 0.976    H  136 0.969
    91  C   3.996        C   67 1.026    H  137 0.983    H  138 0.981    H  139 0.967
    92  C   3.996        C   62 1.026    H  140 0.985    H  141 0.975    H  142 0.970
    93  H   0.997        C    3 0.964
    94  H   0.997        C    6 0.964
    95  H   0.996        C   10 0.953
    96  H   0.997        C   16 0.959
    97  H   0.997        C   25 0.963
    98  H   0.997        C   26 0.959
    99  H   0.997        C   30 0.964
   100  H   0.996        C   31 0.952
   101  H   0.990        C   41 0.943
   102  H   0.991        C   43 0.946
   103  H   0.991        C   45 0.977
   104  H   0.989        C   45 0.965
   105  H   0.990        C   45 0.971
   106  H   0.991        C   46 0.978
   107  H   0.990        C   46 0.966
   108  H   0.990        C   46 0.970
   109  H   0.990        C   55 0.969
   110  H   0.994        C   55 0.973
   111  H   0.994        C   55 0.973
   112  H   0.999        C   60 0.967
   113  H   0.999        C   61 0.969
   114  H   0.998        C   63 0.969
   115  H   0.999        C   64 0.967
   116  H   0.999        C   65 0.966
   117  H   0.998        C   66 0.969
   118  H   0.998        C   68 0.969
   119  H   0.999        C   69 0.968
   120  H   0.999        C   70 0.967
   121  H   0.999        C   71 0.969
   122  H   0.998        C   73 0.970
   123  H   0.999        C   74 0.967
   124  H   0.999        C   75 0.967
   125  H   0.999        C   76 0.969
   126  H   0.999        C   78 0.970
   127  H   0.999        C   79 0.968
   128  H   0.990        C   81 0.970
   129  H   0.994        C   81 0.973
   130  H   0.994        C   81 0.972
   131  H   0.998        C   89 0.986
   132  H   0.998        C   89 0.973
   133  H   0.997        C   89 0.971
   134  H   0.998        C   90 0.985
   135  H   0.998        C   90 0.976
   136  H   0.998        C   90 0.969
   137  H   0.998        C   91 0.983
   138  H   0.998        C   91 0.981
   139  H   0.997        C   91 0.967
   140  H   0.998        C   92 0.985
   141  H   0.998        C   92 0.975
   142  H   0.997        C   92 0.970

molecular dipole:
                 x           y           z       tot (Debye)
 q only:        1.814       3.106      -2.724
   full:        1.883       3.308      -2.899      12.161
molecular quadrupole (traceless):
                xx          xy          yy          xz          yz          zz
 q only:       29.235     -90.943      54.449    -120.795      36.749     -83.684
  q+dip:       42.001     -97.604      49.365    -119.504      34.449     -91.366
   full:       40.001     -91.709      50.027    -121.060      33.050     -90.028


           -------------------------------------------------
          | TOTAL ENERGY             -240.062742684714 Eh   |
          | GRADIENT NORM               0.116976315066 Eh/α |
          | HOMO-LUMO GAP               1.089346059251 eV   |
           -------------------------------------------------

------------------------------------------------------------------------
 * finished run on 2020/11/20 at 13:44:50.708     
------------------------------------------------------------------------
 total:
 * wall-time:     0 d,  0 h,  0 min,  1.568 sec
 *  cpu-time:     0 d,  0 h,  0 min,  1.561 sec
 * ratio c/w:     0.996 speedup
 SCF:
 * wall-time:     0 d,  0 h,  0 min,  1.200 sec
 *  cpu-time:     0 d,  0 h,  0 min,  1.200 sec
 * ratio c/w:     0.999 speedup

