      -----------------------------------------------------------      
     |                   =====================                   |     
     |                           x T B                           |     
     |                   =====================                   |     
     |                         S. Grimme                         |     
     |          Mulliken Center for Theoretical Chemistry        |     
     |                    University of Bonn                     |     
     |                Version 6.2 RC2 (SAW190805)                |     
      -----------------------------------------------------------      

   This program is distributed in the hope that it will be useful,
   but WITHOUT ANY WARRANTY; without even the implied warranty of
   MERCHANTABILITY or FITNESS FOR A PARTICULAR PURPOSE.
   
   FOR NON-COMMERCIAL, ACADEMIA USE ONLY.
   
   Cite this work as:
   * S. Grimme, C. Bannwarth, P. Shushkov, J. Chem. Theory Comput., 2017,
     13, 1989-2009. DOI: 10.1021/acs.jctc.7b00118
   * C. Bannwarth, S. Ehlert and S. Grimme., J. Chem. Theory Comput., 2019,
     15, 1652-1671. DOI: 10.1021/acs.jctc.8b01176
   * P. Pracht, E. Caldeweyher, S. Ehlert, S. Grimme, ChemRxiv, 2019, preprint.
     DOI: 10.26434/chemrxiv.8326202.v1
   
   for DFT-D4:
   * E. Caldeweyher, C. Bannwarth and S. Grimme, J. Chem. Phys., 2017,
     147, 034112. DOI: 10.1063/1.4993215
   * E. Caldeweyher, S. Ehlert, A. Hansen, H. Neugebauer, S. Spicher,
     C. Bannwarth and S. Grimme, J. Chem. Phys., 2019, 150, 154122.
     DOI: 10.1063/1.5090222
   
   for sTDA-xTB:
   * S. Grimme and C. Bannwarth, J. Chem. Phys., 2016, 145, 054103.
     DOI: 10.1063/1.4959605
   
   in the mass-spec context:
   * V. Asgeirsson, C. Bauer and S. Grimme, Chem. Sci., 2017, 8, 4879.
     DOI: 10.1039/c7sc00601b
   
   for metadynamics refer to:
   * S. Grimme, J. Chem. Theory Comput., 2019, 155, 2847-2862
     DOI: 10.1021/acs.jctc.9b00143
   
   with help from (in alphabetical order)
   C. Bannwarth, F. Bohle, G. Brandenburg, E. Caldeweyher, M. Checinski,
   S. Dohm, S. Ehlert, S. Ehrlich, F. März, H. Neugebauer, J. Pisarek,
   P. Pracht, P. Shushkov, and S. Spicher.
   
 * started run on 2021/04/12 at 13:52:59.383     

           -------------------------------------------------
          |                Calculation Setup                |
           -------------------------------------------------

          program call               : /ihome/ghutchison/geoffh/xtb/xtb BTA43.xyz -sp
          hostname                   : smp-n149
          coordinate file            : BTA43.xyz
          omp threads                :                     1
          number of atoms            :                   146
          number of electrons        :                   466
          charge                     :                     0
          spin                       :                   0.0
          first test random number   :      0.34035331193825


########################################################################
# WARNING! Please study the warnings concerning your input carefully
#  - XTBPATH is not set, using XTBHOME instead
#  - the use of '-sp' is discouraged, please use '--sp' next time
########################################################################

           ------------------------------------------------- 
          |                 G F N 2 - x T B                 |
          | Geometry, Frequencies, Noncovalent interactions |
          |            JCTC 2019 parametrisation            |
           ------------------------------------------------- 
             KAB for C  - Si     :                1.0500
             KAB for H  - Pd     :                0.9500
             k(s)              :                1.8500
             k(p)              :                2.2300
             k(d)              :                2.2300
             k(f)              :                2.0000
             kEN (H0ij)        :               -2.0000
             D4 a1             :                0.5200
             D4 a2             :                5.0000
             D4 s6             :                1.0000
             D4 s8             :                2.7000
             D4 s9             :                5.0000
             alphaj            :                2.0000

  Z AO/shell   Hii/eV     exponent
  1     Wed Apr 25 08:07:45 CEST 2018   EN: 2.200 GM2: 0.406  GM3: 0.0800  RAES: 1.40
     1s    -10.707211    1.230000
  6     Wed Apr 25 08:07:45 CEST 2018   EN: 2.550 GM2: 0.538  GM3: 0.1500  RAES: 3.00
     2s    -13.970922    2.096432
     2p    -10.063292    1.800000
  7     Wed Apr 25 08:07:45 CEST 2018   EN: 3.040 GM2: 0.461  GM3:-0.0640  RAES: 1.90
     2s    -16.686243    2.339881
     2p    -12.523956    2.014332
  8     Wed Apr 25 08:07:45 CEST 2018   EN: 3.440 GM2: 0.452  GM3:-0.0517  RAES: 1.80
     2s    -20.229985    2.439742
     2p    -15.503117    2.137023
 16     Tue Apr 24 11:44:34 CEST 2018   EN: 2.580 GM2: 0.340  GM3:-0.0502  RAES: 3.10
     3s    -20.029654    1.981333
     3p    -11.377694    2.025643
     3d     -0.420282    1.702555

           ------------------------------------------------- 
          |        Self-Consistent Charge Iterations        |
           ------------------------------------------------- 

          ...................................................
          :                      SETUP                      :
          :.................................................:
          :  # basis functions                 458          :
          :  # atomic orbitals                 454          :
          :  # shells                          246          :
          :  # electrons                       466          :
          :  max. iterations                   250          :
          :  Hamiltonian                  GFN2-xTB          :
          :  restarted?                      false          :
          :  GBSA solvation                  false          :
          :  PC potential                    false          :
          :  electronic temp.          300.0000000     K    :
          :  accuracy                    1.0000000          :
          :  -> integral cutoff          0.2500000E+02      :
          :  -> integral neglect         0.1000000E-07      :
          :  -> SCF convergence          0.1000000E-05 Eh   :
          :  -> wf. convergence          0.1000000E-03 e    :
          :  Broyden damping             0.4000000          :
          ...................................................

 iter      E             dE          RMSdq      gap      omega  full diag
   1   -259.5044772 -0.259504E+03  0.479E+00    1.28       0.0  T
   2   -259.7604415 -0.255964E+00  0.309E+00    1.13       1.0  T
   3   -259.6008437  0.159598E+00  0.196E+00    1.21       1.0  T
   4   -259.9382630 -0.337419E+00  0.736E-01    1.04       1.0  T
   5   -259.9962294 -0.579663E-01  0.219E-01    1.04       1.0  T
   6   -259.9991394 -0.291009E-02  0.125E-01    1.08       1.0  T
   7   -260.0001343 -0.994827E-03  0.480E-02    1.07       1.0  T
   8   -260.0003129 -0.178637E-03  0.217E-02    1.08       1.0  T
   9   -260.0003308 -0.178519E-04  0.114E-02    1.07       1.0  T
  10   -260.0003409 -0.101855E-04  0.500E-03    1.07       1.7  T
  11   -260.0003420 -0.104394E-05  0.225E-03    1.07       3.7  T
  12   -260.0003423 -0.356945E-06  0.125E-03    1.07       6.6  T
  13   -260.0003425 -0.117486E-06  0.604E-04    1.07      13.7  T
  14   -260.0003425 -0.789936E-08  0.301E-04    1.07      27.4  T

   *** convergence criteria satisfied after 14 iterations ***

         #    Occupation            Energy/Eh            Energy/eV
      -------------------------------------------------------------
         1        2.0000           -0.7609140             -20.7055
       ...           ...                  ...                  ...
       227        2.0000           -0.3915272             -10.6540
       228        2.0000           -0.3841655             -10.4537
       229        2.0000           -0.3838277             -10.4445
       230        2.0000           -0.3808833             -10.3644
       231        2.0000           -0.3795260             -10.3274
       232        2.0000           -0.3784308             -10.2976
       233        2.0000           -0.3664356              -9.9712 (HOMO)
       234                         -0.3269858              -8.8977 (LUMO)
       235                         -0.3234206              -8.8007
       236                         -0.2967403              -8.0747
       237                         -0.2915523              -7.9335
       238                         -0.2788996              -7.5892
       ...                                ...                  ...
       454                          1.0780185              29.3344
      -------------------------------------------------------------
                  HL-Gap            0.0394498 Eh            1.0735 eV
             Fermi-level           -0.3467217 Eh           -9.4348 eV

 SCC (total)                   0 d,  0 h,  0 min,  1.155 sec
 SCC setup                      ...        0 min,  0.004 sec (  0.365%)
 Dispersion                     ...        0 min,  0.008 sec (  0.729%)
 integral evaluation            ...        0 min,  0.362 sec ( 31.348%)
 zeroth order Hamiltonian       ...        0 min,  0.002 sec (  0.161%)
 iterations                     ...        0 min,  0.497 sec ( 43.083%)
 molecular gradient             ...        0 min,  0.276 sec ( 23.930%)
 printout                       ...        0 min,  0.004 sec (  0.379%)

         :::::::::::::::::::::::::::::::::::::::::::::::::::::
         ::                     SUMMARY                     ::
         :::::::::::::::::::::::::::::::::::::::::::::::::::::
         :: total energy            -256.309336166859 Eh    ::
         :: gradient norm              0.118202539858 Eh/a0 ::
         :: HOMO-LUMO gap              1.073484467324 eV    ::
         ::.................................................::
         :: SCC energy              -260.000342473379 Eh    ::
         :: -> isotropic ES            0.183523615462 Eh    ::
         :: -> anisotropic ES          0.026150508940 Eh    ::
         :: -> anisotropic XC          0.170059936627 Eh    ::
         :: -> dispersion             -0.215133088390 Eh    ::
         :: repulsion energy           3.689940582370 Eh    ::
         :: add. restraining           0.000000000000 Eh    ::
         :::::::::::::::::::::::::::::::::::::::::::::::::::::

           -------------------------------------------------
          |                Property Printout                |
           -------------------------------------------------

    * Orbital Energies and Occupations

         #    Occupation            Energy/Eh            Energy/eV
      -------------------------------------------------------------
         1        2.0000           -0.7609140             -20.7055
       ...           ...                  ...                  ...
       221        2.0000           -0.4105825             -11.1725
       222        2.0000           -0.4087687             -11.1232
       223        2.0000           -0.4081473             -11.1063
       224        2.0000           -0.4060783             -11.0500
       225        2.0000           -0.4028734             -10.9627
       226        2.0000           -0.3985814             -10.8460
       227        2.0000           -0.3915272             -10.6540
       228        2.0000           -0.3841655             -10.4537
       229        2.0000           -0.3838277             -10.4445
       230        2.0000           -0.3808833             -10.3644
       231        2.0000           -0.3795260             -10.3274
       232        2.0000           -0.3784308             -10.2976
       233        2.0000           -0.3664356              -9.9712 (HOMO)
       234                         -0.3269858              -8.8977 (LUMO)
       235                         -0.3234206              -8.8007
       236                         -0.2967403              -8.0747
       237                         -0.2915523              -7.9335
       238                         -0.2788996              -7.5892
       239                         -0.2668846              -7.2623
       240                         -0.2666393              -7.2556
       241                         -0.2601955              -7.0803
       242                         -0.2522100              -6.8630
       243                         -0.2516649              -6.8482
       244                         -0.2443849              -6.6501
       ...                                ...                  ...
       454                          1.0780185              29.3344
      -------------------------------------------------------------
                  HL-Gap            0.0394498 Eh            1.0735 eV
             Fermi-level           -0.3467217 Eh           -9.4348 eV

     #   Z        covCN         q      C6AA      α(0)
     1   6 C      3.049     0.004    27.877     8.659
     2   6 C      3.020     0.002    27.969     8.675
     3   6 C      2.902    -0.036    28.892     8.813
     4   6 C      3.055     0.005    27.860     8.656
     5   6 C      3.014     0.003    27.949     8.672
     6   6 C      2.902    -0.035    28.879     8.811
     7   6 C      3.932     0.013    20.294     6.402
     8   6 C      3.180    -0.009    27.801     8.608
     9   6 C      3.056     0.020    27.498     8.600
    10   6 C      3.043    -0.043    29.027     8.837
    11   6 C      2.982     0.020    27.560     8.612
    12  16 S      2.244    -0.034   142.470    20.089
    13   6 C      3.930     0.013    20.293     6.402
    14   6 C      3.190    -0.008    27.723     8.588
    15   6 C      3.050     0.018    27.560     8.610
    16   6 C      3.043    -0.042    28.996     8.832
    17   6 C      2.985     0.021    27.537     8.608
    18  16 S      2.240    -0.031   142.354    20.081
    19   6 C      2.981     0.007    27.857     8.658
    20   6 C      2.975     0.008    27.845     8.656
    21   6 C      2.961     0.002    27.982     8.676
    22   6 C      2.961     0.004    27.922     8.667
    23   6 C      2.960     0.002    27.980     8.676
    24   6 C      2.960     0.005    27.909     8.665
    25   6 C      2.916    -0.039    28.958     8.824
    26   6 C      2.914    -0.030    28.739     8.791
    27   6 C      2.952     0.002    27.972     8.675
    28   6 C      3.136     0.061    26.420     8.413
    29   6 C      3.128     0.059    26.491     8.427
    30   6 C      2.915    -0.038    28.935     8.821
    31   6 C      2.915    -0.030    28.748     8.792
    32   6 C      2.952     0.003    27.958     8.672
    33   6 C      3.135     0.061    26.425     8.414
    34   6 C      3.135     0.059    26.462     8.420
    35   7 N      1.964    -0.243    27.178     7.731
    36   7 N      3.241     0.211    17.776     6.262
    37   7 N      1.964    -0.247    27.263     7.743
    38   7 N      1.963    -0.243    27.172     7.730
    39   7 N      3.247     0.210    17.777     6.262
    40   7 N      1.963    -0.245    27.204     7.735
    41   6 C      2.918    -0.018    28.457     8.748
    42   6 C      2.946    -0.008    28.230     8.714
    43   6 C      2.917    -0.019    28.487     8.752
    44   6 C      2.946    -0.008    28.227     8.714
    45   6 C      3.687    -0.077    22.185     6.742
    46   6 C      3.687    -0.077    22.184     6.742
    47   6 C      2.861     0.266    22.520     7.779
    48   7 N      2.818    -0.070    22.587     7.059
    49   6 C      2.915     0.102    25.736     8.319
    50  16 S      2.183    -0.044   142.869    20.117
    51   6 C      2.861     0.266    22.525     7.779
    52   7 N      2.819    -0.069    22.580     7.058
    53   6 C      2.914     0.103    25.729     8.318
    54  16 S      2.182    -0.044   142.857    20.117
    55   6 C      3.687    -0.045    21.587     6.651
    56   8 O      0.857    -0.390    21.477     6.213
    57   6 C      2.990    -0.027    28.664     8.782
    58   6 C      1.919     0.114    28.289     8.590
    59   6 C      1.905     0.112    28.346     8.598
    60   6 C      2.915    -0.032    28.810     8.802
    61   6 C      2.909    -0.054    29.342     8.882
    62   6 C      2.859     0.143    24.878     8.175
    63   6 C      2.907    -0.069    29.708     8.937
    64   6 C      2.914    -0.037    28.922     8.819
    65   6 C      2.915    -0.036    28.884     8.813
    66   6 C      2.909    -0.055    29.372     8.887
    67   6 C      2.859     0.143    24.893     8.178
    68   6 C      2.907    -0.068    29.699     8.936
    69   6 C      2.916    -0.036    28.903     8.816
    70   6 C      2.915    -0.035    28.871     8.811
    71   6 C      2.909    -0.055    29.354     8.884
    72   6 C      2.857     0.143    24.880     8.176
    73   6 C      2.907    -0.068    29.692     8.935
    74   6 C      2.914    -0.036    28.888     8.814
    75   6 C      2.915    -0.036    28.899     8.815
    76   6 C      2.910    -0.055    29.365     8.886
    77   6 C      2.858     0.143    24.890     8.177
    78   6 C      2.907    -0.068    29.682     8.933
    79   6 C      2.915    -0.034    28.841     8.806
    80   8 O      0.857    -0.389    21.460     6.211
    81   6 C      3.687    -0.045    21.584     6.651
    82   6 C      2.991    -0.026    28.647     8.780
    83   6 C      1.919     0.114    28.286     8.589
    84   6 C      1.905     0.112    28.342     8.598
    85   7 N      0.911    -0.232    26.093     7.388
    86   7 N      0.911    -0.245    26.390     7.430
    87   7 N      0.911    -0.244    26.373     7.427
    88   7 N      0.911    -0.231    26.058     7.383
    89   8 O      1.705    -0.263    18.358     5.785
    90   8 O      1.706    -0.264    18.370     5.787
    91   8 O      1.705    -0.264    18.371     5.787
    92   8 O      1.705    -0.263    18.351     5.784
    93   6 C      3.639     0.039    20.286     6.478
    94   6 C      3.639     0.040    20.264     6.475
    95   6 C      3.640     0.040    20.258     6.473
    96   6 C      3.639     0.039    20.275     6.476
    97   1 H      0.924     0.043     2.408     2.427
    98   1 H      0.924     0.041     2.436     2.441
    99   1 H      0.925     0.059     2.212     2.326
   100   1 H      0.925     0.055     2.264     2.353
   101   1 H      0.924     0.051     2.303     2.373
   102   1 H      0.924     0.053     2.287     2.365
   103   1 H      0.924     0.051     2.310     2.377
   104   1 H      0.925     0.057     2.237     2.339
   105   1 H      0.924     0.091     1.871     2.139
   106   1 H      0.924     0.091     1.865     2.136
   107   1 H      0.924     0.093     1.849     2.127
   108   1 H      0.923     0.084     1.941     2.179
   109   1 H      0.923     0.084     1.940     2.178
   110   1 H      0.923     0.083     1.949     2.183
   111   1 H      0.923     0.084     1.933     2.175
   112   1 H      0.924     0.093     1.849     2.127
   113   1 H      0.924     0.097     1.813     2.105
   114   1 H      0.924     0.069     2.100     2.266
   115   1 H      0.923     0.069     2.102     2.267
   116   1 H      0.924     0.032     2.565     2.505
   117   1 H      0.924     0.049     2.329     2.387
   118   1 H      0.925     0.035     2.518     2.482
   119   1 H      0.924     0.034     2.532     2.489
   120   1 H      0.924     0.037     2.484     2.465
   121   1 H      0.924     0.049     2.337     2.391
   122   1 H      0.924     0.034     2.526     2.485
   123   1 H      0.924     0.040     2.454     2.450
   124   1 H      0.924     0.032     2.555     2.499
   125   1 H      0.924     0.049     2.337     2.391
   126   1 H      0.925     0.036     2.506     2.476
   127   1 H      0.924     0.033     2.543     2.494
   128   1 H      0.925     0.036     2.503     2.474
   129   1 H      0.924     0.048     2.340     2.392
   130   1 H      0.924     0.034     2.529     2.487
   131   1 H      0.924     0.036     2.506     2.476
   132   1 H      0.924     0.097     1.816     2.107
   133   1 H      0.924     0.068     2.107     2.270
   134   1 H      0.923     0.069     2.092     2.262
   135   1 H      0.924     0.064     2.156     2.296
   136   1 H      0.922     0.039     2.464     2.455
   137   1 H      0.922     0.041     2.431     2.438
   138   1 H      0.923     0.062     2.180     2.309
   139   1 H      0.922     0.039     2.468     2.457
   140   1 H      0.923     0.039     2.469     2.457
   141   1 H      0.924     0.062     2.179     2.309
   142   1 H      0.922     0.039     2.467     2.457
   143   1 H      0.922     0.039     2.460     2.453
   144   1 H      0.924     0.063     2.165     2.301
   145   1 H      0.922     0.038     2.470     2.458
   146   1 H      0.923     0.040     2.446     2.446

 Mol. C6AA /au·bohr⁶  :     349700.657374
 Mol. C8AA /au·bohr⁸  :    9309823.388585
 Mol. α(0) /au        :        939.737347


Wiberg/Mayer (AO) data.
largest (>0.10) Wiberg bond orders for each atom
          total WBO             WBO to atom ...
     1  C   3.964        C    6 1.468    C    2 1.287    C    7 0.967
     2  C   3.955        C    3 1.350    C    1 1.287    C    9 1.138
     3  C   3.976        C    4 1.461    C    2 1.350    H   97 0.963
     4  C   3.966        C    3 1.461    C    5 1.293    C   13 0.966
     5  C   3.953        C    6 1.344    C    4 1.293    C   15 1.133
     6  C   3.977        C    1 1.468    C    5 1.344    H   98 0.965
     7  C   3.985        C    1 0.967    C    8 0.966    C   23 0.966    C   24 0.947
     8  C   3.954        C    9 1.412    C   10 1.345    C    7 0.966
     9  C   3.911        C    8 1.412    S   12 1.167    C    2 1.138
    10  C   3.949        C   11 1.452    C    8 1.345    H   99 0.956
    11  C   3.916        C   10 1.452    C   19 1.168    S   12 1.109
    12  S   2.578        C    9 1.167    C   11 1.109
    13  C   3.986        C   14 0.969    C    4 0.966    C   21 0.959    C   22 0.952
    14  C   3.956        C   15 1.423    C   16 1.332    C   13 0.969
    15  C   3.913        C   14 1.423    S   18 1.160    C    5 1.133
    16  C   3.953        C   17 1.470    C   14 1.332    H  100 0.959
    17  C   3.918        C   16 1.470    C   20 1.145    S   18 1.115
    18  S   2.572        C   15 1.160    C   17 1.115
    19  C   3.932        C   25 1.402    C   29 1.187    C   11 1.168
    20  C   3.928        C   30 1.415    C   34 1.192    C   17 1.145
    21  C   3.980        C   74 1.420    C   70 1.385    C   13 0.959
    22  C   3.981        C   79 1.413    C   75 1.394    C   13 0.952
    23  C   3.982        C   64 1.429    C   60 1.378    C    7 0.966
    24  C   3.981        C   69 1.413    C   65 1.394    C    7 0.947
    25  C   3.970        C   26 1.406    C   19 1.402    H  101 0.961
    26  C   3.960        C   25 1.406    C   27 1.398    H  102 0.957
    27  C   3.939        C   26 1.398    C   41 1.185    C   28 1.182
    28  C   3.970        N   35 1.362    C   29 1.225    C   27 1.182
    29  C   3.971        N   37 1.354    C   28 1.225    C   19 1.187
    30  C   3.972        C   20 1.415    C   31 1.397    H  103 0.964
    31  C   3.959        C   32 1.402    C   30 1.397    H  104 0.952
    32  C   3.946        C   31 1.402    C   43 1.188    C   33 1.181
    33  C   3.970        N   38 1.364    C   34 1.224    C   32 1.181
    34  C   3.971        N   40 1.352    C   33 1.224    C   20 1.192
    35  N   2.982        C   28 1.362    N   36 1.279    N   37 0.219
    36  N   3.746        N   37 1.286    N   35 1.279    C   46 0.994
    37  N   2.980        C   29 1.354    N   36 1.286    N   35 0.219
    38  N   2.981        C   33 1.364    N   39 1.276    N   40 0.220
    39  N   3.746        N   40 1.289    N   38 1.276    C   45 0.994
    40  N   2.981        C   34 1.352    N   39 1.289    N   38 0.220
    41  C   3.953        C   42 1.603    C   27 1.185    H  105 0.945
    42  C   3.895        C   41 1.603    S   54 1.054    C   51 1.051
    43  C   3.954        C   44 1.600    C   32 1.188    H  106 0.946
    44  C   3.895        C   43 1.600    S   50 1.057    C   47 1.049
    45  C   3.957        N   39 0.994    H  107 0.978    H  109 0.969    H  108 0.967
    46  C   3.957        N   36 0.994    H  112 0.978    H  111 0.969    H  110 0.967
    47  C   3.931        O   80 1.706    N   48 1.071    C   44 1.049
    48  N   3.576        C   49 1.207    C   47 1.071    C   81 0.980    O   80 0.133
    49  C   3.950        C   82 1.433    N   48 1.207    S   50 1.085
    50  S   2.510        C   49 1.085    C   44 1.057
    51  C   3.931        O   56 1.704    N   52 1.070    C   42 1.051
    52  N   3.577        C   53 1.208    C   51 1.070    C   55 0.981    O   56 0.133
    53  C   3.949        C   57 1.431    N   52 1.208    S   54 1.088
    54  S   2.503        C   53 1.088    C   42 1.054
    55  C   3.948        N   52 0.981    H  114 0.972    H  115 0.972    H  113 0.969
    56  O   2.035        C   51 1.704    N   52 0.133
    57  C   3.939        C   53 1.431    C   59 1.106    C   58 1.095
    58  C   3.945        N   85 2.773    C   57 1.095
    59  C   3.946        N   86 2.761    C   57 1.106
    60  C   3.989        C   61 1.485    C   23 1.378    H  116 0.969    C   63 0.103
    61  C   3.986        C   60 1.485    C   62 1.335    H  117 0.967    C   64 0.106
    62  C   3.933        C   63 1.379    C   61 1.335    O   92 1.070
    63  C   3.985        C   64 1.427    C   62 1.379    H  118 0.966    C   60 0.103
    64  C   3.988        C   23 1.429    C   63 1.427    H  119 0.966    C   61 0.106
    65  C   3.988        C   66 1.466    C   24 1.394    H  120 0.964    C   68 0.102
    66  C   3.986        C   65 1.466    C   67 1.349    H  121 0.968    C   69 0.108
    67  C   3.932        C   68 1.366    C   66 1.349    O   91 1.068
    68  C   3.985        C   69 1.443    C   67 1.366    H  122 0.966    C   65 0.102
    69  C   3.989        C   68 1.443    C   24 1.413    H  123 0.966    C   66 0.108
    70  C   3.989        C   71 1.478    C   21 1.385    H  124 0.967    C   73 0.102
    71  C   3.986        C   70 1.478    C   72 1.340    H  125 0.967    C   74 0.107
    72  C   3.933        C   73 1.372    C   71 1.340    O   89 1.071
    73  C   3.985        C   74 1.434    C   72 1.372    H  126 0.966    C   70 0.102
    74  C   3.988        C   73 1.434    C   21 1.420    H  127 0.968    C   71 0.107
    75  C   3.987        C   76 1.467    C   22 1.394    H  128 0.964    C   78 0.102
    76  C   3.986        C   75 1.467    C   77 1.350    H  129 0.967    C   79 0.108
    77  C   3.932        C   78 1.365    C   76 1.350    O   90 1.068
    78  C   3.985        C   79 1.444    C   77 1.365    H  130 0.966    C   75 0.102
    79  C   3.988        C   78 1.444    C   22 1.413    H  131 0.968    C   76 0.108
    80  O   2.037        C   47 1.706    N   48 0.133
    81  C   3.948        N   48 0.980    H  133 0.973    H  134 0.972    H  132 0.970
    82  C   3.939        C   49 1.433    C   84 1.105    C   83 1.095
    83  C   3.945        N   88 2.774    C   82 1.095
    84  C   3.946        N   87 2.762    C   82 1.105
    85  N   2.986        C   58 2.773
    86  N   2.980        C   59 2.761
    87  N   2.980        C   84 2.762
    88  N   2.986        C   83 2.774
    89  O   2.243        C   72 1.071    C   93 0.984
    90  O   2.241        C   77 1.068    C   94 0.986
    91  O   2.240        C   67 1.068    C   95 0.986
    92  O   2.243        C   62 1.070    C   96 0.985
    93  C   3.945        O   89 0.984    H  135 0.979    H  137 0.976    H  136 0.976
    94  C   3.946        O   90 0.986    H  138 0.979    H  140 0.976    H  139 0.975
    95  C   3.946        O   91 0.986    H  141 0.979    H  143 0.976    H  142 0.976
    96  C   3.946        O   92 0.985    H  144 0.979    H  146 0.976    H  145 0.976
    97  H   0.997        C    3 0.963
    98  H   0.997        C    6 0.965
    99  H   0.996        C   10 0.956
   100  H   0.997        C   16 0.959
   101  H   0.997        C   25 0.961
   102  H   0.996        C   26 0.957
   103  H   0.997        C   30 0.964
   104  H   0.996        C   31 0.952
   105  H   0.991        C   41 0.945
   106  H   0.991        C   43 0.946
   107  H   0.991        C   45 0.978
   108  H   0.990        C   45 0.967
   109  H   0.990        C   45 0.969
   110  H   0.990        C   46 0.967
   111  H   0.990        C   46 0.969
   112  H   0.991        C   46 0.978
   113  H   0.990        C   55 0.969
   114  H   0.994        C   55 0.972
   115  H   0.994        C   55 0.972
   116  H   0.998        C   60 0.969
   117  H   0.997        C   61 0.967
   118  H   0.998        C   63 0.966
   119  H   0.999        C   64 0.966
   120  H   0.998        C   65 0.964
   121  H   0.997        C   66 0.968
   122  H   0.998        C   68 0.966
   123  H   0.998        C   69 0.966
   124  H   0.998        C   70 0.967
   125  H   0.997        C   71 0.967
   126  H   0.998        C   73 0.966
   127  H   0.999        C   74 0.968
   128  H   0.998        C   75 0.964
   129  H   0.997        C   76 0.967
   130  H   0.998        C   78 0.966
   131  H   0.999        C   79 0.968
   132  H   0.990        C   81 0.970
   133  H   0.994        C   81 0.973
   134  H   0.994        C   81 0.972
   135  H   0.996        C   93 0.979
   136  H   0.998        C   93 0.976
   137  H   0.998        C   93 0.976
   138  H   0.996        C   94 0.979
   139  H   0.998        C   94 0.975
   140  H   0.998        C   94 0.976
   141  H   0.996        C   95 0.979
   142  H   0.998        C   95 0.976
   143  H   0.998        C   95 0.976
   144  H   0.996        C   96 0.979
   145  H   0.998        C   96 0.976
   146  H   0.998        C   96 0.976

molecular dipole:
                 x           y           z       tot (Debye)
 q only:        2.730       3.930      -2.714
   full:        2.984       4.226      -2.781      14.928
molecular quadrupole (traceless):
                xx          xy          yy          xz          yz          zz
 q only:       51.242    -114.969      11.737     -92.325      58.743     -62.979
  q+dip:       67.779    -126.979       1.143     -89.371      61.916     -68.923
   full:       63.131    -123.640       2.762     -89.758      61.778     -65.893


           -------------------------------------------------
          | TOTAL ENERGY             -256.309336166859 Eh   |
          | GRADIENT NORM               0.118202539858 Eh/α |
          | HOMO-LUMO GAP               1.073484467324 eV   |
           -------------------------------------------------

------------------------------------------------------------------------
 * finished run on 2021/04/12 at 13:53:00.930     
------------------------------------------------------------------------
 total:
 * wall-time:     0 d,  0 h,  0 min,  1.547 sec
 *  cpu-time:     0 d,  0 h,  0 min,  1.534 sec
 * ratio c/w:     0.991 speedup
 SCF:
 * wall-time:     0 d,  0 h,  0 min,  1.156 sec
 *  cpu-time:     0 d,  0 h,  0 min,  1.153 sec
 * ratio c/w:     0.998 speedup

