      -----------------------------------------------------------      
     |                   =====================                   |     
     |                           x T B                           |     
     |                   =====================                   |     
     |                         S. Grimme                         |     
     |          Mulliken Center for Theoretical Chemistry        |     
     |                    University of Bonn                     |     
     |                Version 6.2 RC2 (SAW190805)                |     
      -----------------------------------------------------------      

   This program is distributed in the hope that it will be useful,
   but WITHOUT ANY WARRANTY; without even the implied warranty of
   MERCHANTABILITY or FITNESS FOR A PARTICULAR PURPOSE.
   
   FOR NON-COMMERCIAL, ACADEMIA USE ONLY.
   
   Cite this work as:
   * S. Grimme, C. Bannwarth, P. Shushkov, J. Chem. Theory Comput., 2017,
     13, 1989-2009. DOI: 10.1021/acs.jctc.7b00118
   * C. Bannwarth, S. Ehlert and S. Grimme., J. Chem. Theory Comput., 2019,
     15, 1652-1671. DOI: 10.1021/acs.jctc.8b01176
   * P. Pracht, E. Caldeweyher, S. Ehlert, S. Grimme, ChemRxiv, 2019, preprint.
     DOI: 10.26434/chemrxiv.8326202.v1
   
   for DFT-D4:
   * E. Caldeweyher, C. Bannwarth and S. Grimme, J. Chem. Phys., 2017,
     147, 034112. DOI: 10.1063/1.4993215
   * E. Caldeweyher, S. Ehlert, A. Hansen, H. Neugebauer, S. Spicher,
     C. Bannwarth and S. Grimme, J. Chem. Phys., 2019, 150, 154122.
     DOI: 10.1063/1.5090222
   
   for sTDA-xTB:
   * S. Grimme and C. Bannwarth, J. Chem. Phys., 2016, 145, 054103.
     DOI: 10.1063/1.4959605
   
   in the mass-spec context:
   * V. Asgeirsson, C. Bauer and S. Grimme, Chem. Sci., 2017, 8, 4879.
     DOI: 10.1039/c7sc00601b
   
   for metadynamics refer to:
   * S. Grimme, J. Chem. Theory Comput., 2019, 155, 2847-2862
     DOI: 10.1021/acs.jctc.9b00143
   
   with help from (in alphabetical order)
   C. Bannwarth, F. Bohle, G. Brandenburg, E. Caldeweyher, M. Checinski,
   S. Dohm, S. Ehlert, S. Ehrlich, F. März, H. Neugebauer, J. Pisarek,
   P. Pracht, P. Shushkov, and S. Spicher.
   
 * started run on 2020/11/20 at 13:44:56.138     

           -------------------------------------------------
          |                Calculation Setup                |
           -------------------------------------------------

          program call               : /ihome/ghutchison/geoffh/xtb/xtb BTCIC.xyz -sp
          hostname                   : smp-n25
          coordinate file            : BTCIC.xyz
          omp threads                :                     1
          number of atoms            :                   155
          number of electrons        :                   436
          charge                     :                     0
          spin                       :                   0.0
          first test random number   :      0.36302624589635


########################################################################
# WARNING! Please study the warnings concerning your input carefully
#  - XTBPATH is not set, using XTBHOME instead
#  - the use of '-sp' is discouraged, please use '--sp' next time
########################################################################

           ------------------------------------------------- 
          |                 G F N 2 - x T B                 |
          | Geometry, Frequencies, Noncovalent interactions |
          |            JCTC 2019 parametrisation            |
           ------------------------------------------------- 
             KAB for C  - Si     :                1.0500
             KAB for H  - Pd     :                0.9500
             k(s)              :                1.8500
             k(p)              :                2.2300
             k(d)              :                2.2300
             k(f)              :                2.0000
             kEN (H0ij)        :               -2.0000
             D4 a1             :                0.5200
             D4 a2             :                5.0000
             D4 s6             :                1.0000
             D4 s8             :                2.7000
             D4 s9             :                5.0000
             alphaj            :                2.0000

  Z AO/shell   Hii/eV     exponent
  1     Wed Apr 25 08:07:45 CEST 2018   EN: 2.200 GM2: 0.406  GM3: 0.0800  RAES: 1.40
     1s    -10.707211    1.230000
  6     Wed Apr 25 08:07:45 CEST 2018   EN: 2.550 GM2: 0.538  GM3: 0.1500  RAES: 3.00
     2s    -13.970922    2.096432
     2p    -10.063292    1.800000
  7     Wed Apr 25 08:07:45 CEST 2018   EN: 3.040 GM2: 0.461  GM3:-0.0640  RAES: 1.90
     2s    -16.686243    2.339881
     2p    -12.523956    2.014332
  8     Wed Apr 25 08:07:45 CEST 2018   EN: 3.440 GM2: 0.452  GM3:-0.0517  RAES: 1.80
     2s    -20.229985    2.439742
     2p    -15.503117    2.137023
 16     Tue Apr 24 11:44:34 CEST 2018   EN: 2.580 GM2: 0.340  GM3:-0.0502  RAES: 3.10
     3s    -20.029654    1.981333
     3p    -11.377694    2.025643
     3d     -0.420282    1.702555

           ------------------------------------------------- 
          |        Self-Consistent Charge Iterations        |
           ------------------------------------------------- 

          ...................................................
          :                      SETUP                      :
          :.................................................:
          :  # basis functions                 446          :
          :  # atomic orbitals                 441          :
          :  # shells                          247          :
          :  # electrons                       436          :
          :  max. iterations                   250          :
          :  Hamiltonian                  GFN2-xTB          :
          :  restarted?                      false          :
          :  GBSA solvation                  false          :
          :  PC potential                    false          :
          :  electronic temp.          300.0000000     K    :
          :  accuracy                    1.0000000          :
          :  -> integral cutoff          0.2500000E+02      :
          :  -> integral neglect         0.1000000E-07      :
          :  -> SCF convergence          0.1000000E-05 Eh   :
          :  -> wf. convergence          0.1000000E-03 e    :
          :  Broyden damping             0.4000000          :
          ...................................................

 iter      E             dE          RMSdq      gap      omega  full diag
   1   -238.0689781 -0.238069E+03  0.417E+00    1.07       0.0  T
   2   -238.2135678 -0.144590E+00  0.256E+00    1.04       1.0  T
   3   -237.9131657  0.300402E+00  0.187E+00    0.82       1.0  T
   4   -238.3198784 -0.406713E+00  0.672E-01    1.03       1.0  T
   5   -238.3785904 -0.587120E-01  0.222E-01    0.95       1.0  T
   6   -238.3825472 -0.395677E-02  0.121E-01    0.99       1.0  T
   7   -238.3840271 -0.147992E-02  0.598E-02    0.98       1.0  T
   8   -238.3844178 -0.390685E-03  0.158E-02    0.98       1.0  T
   9   -238.3844253 -0.744625E-05  0.879E-03    0.98       1.0  T
  10   -238.3844301 -0.480330E-05  0.397E-03    0.98       2.0  T
  11   -238.3844321 -0.199066E-05  0.156E-03    0.98       5.2  T
  12   -238.3844322 -0.185754E-06  0.817E-04    0.98       9.8  T
  13   -238.3844323 -0.170321E-07  0.559E-04    0.98      14.4  T

   *** convergence criteria satisfied after 13 iterations ***

         #    Occupation            Energy/Eh            Energy/eV
      -------------------------------------------------------------
         1        2.0000           -0.7718321             -21.0026
       ...           ...                  ...                  ...
       212        2.0000           -0.4068958             -11.0722
       213        2.0000           -0.4055538             -11.0357
       214        2.0000           -0.4018692             -10.9354
       215        2.0000           -0.3996766             -10.8758
       216        2.0000           -0.3977706             -10.8239
       217        2.0000           -0.3824326             -10.4065
       218        2.0000           -0.3706731             -10.0865 (HOMO)
       219                         -0.3346409              -9.1060 (LUMO)
       220                         -0.3276019              -8.9145
       221                         -0.3222365              -8.7685
       222                         -0.3130232              -8.5178
       223                         -0.3122154              -8.4958
       ...                                ...                  ...
       441                          1.0770632              29.3084
      -------------------------------------------------------------
                  HL-Gap            0.0360323 Eh            0.9805 eV
             Fermi-level           -0.3526573 Eh           -9.5963 eV

 SCC (total)                   0 d,  0 h,  0 min,  1.345 sec
 SCC setup                      ...        0 min,  0.005 sec (  0.381%)
 Dispersion                     ...        0 min,  0.014 sec (  1.029%)
 integral evaluation            ...        0 min,  0.392 sec ( 29.123%)
 zeroth order Hamiltonian       ...        0 min,  0.003 sec (  0.194%)
 iterations                     ...        0 min,  0.585 sec ( 43.520%)
 molecular gradient             ...        0 min,  0.341 sec ( 25.377%)
 printout                       ...        0 min,  0.005 sec (  0.370%)

         :::::::::::::::::::::::::::::::::::::::::::::::::::::
         ::                     SUMMARY                     ::
         :::::::::::::::::::::::::::::::::::::::::::::::::::::
         :: total energy            -234.885882009121 Eh    ::
         :: gradient norm              0.120557845951 Eh/a0 ::
         :: HOMO-LUMO gap              0.980487928686 eV    ::
         ::.................................................::
         :: SCC energy              -238.384432265777 Eh    ::
         :: -> isotropic ES            0.114387151706 Eh    ::
         :: -> anisotropic ES          0.032701341324 Eh    ::
         :: -> anisotropic XC          0.169843322338 Eh    ::
         :: -> dispersion             -0.227800062607 Eh    ::
         :: repulsion energy           3.493601298827 Eh    ::
         :: add. restraining           0.000000000000 Eh    ::
         :::::::::::::::::::::::::::::::::::::::::::::::::::::

           -------------------------------------------------
          |                Property Printout                |
           -------------------------------------------------

    * Orbital Energies and Occupations

         #    Occupation            Energy/Eh            Energy/eV
      -------------------------------------------------------------
         1        2.0000           -0.7718321             -21.0026
       ...           ...                  ...                  ...
       206        2.0000           -0.4187901             -11.3959
       207        2.0000           -0.4175245             -11.3614
       208        2.0000           -0.4159048             -11.3173
       209        2.0000           -0.4141296             -11.2690
       210        2.0000           -0.4132773             -11.2458
       211        2.0000           -0.4113251             -11.1927
       212        2.0000           -0.4068958             -11.0722
       213        2.0000           -0.4055538             -11.0357
       214        2.0000           -0.4018692             -10.9354
       215        2.0000           -0.3996766             -10.8758
       216        2.0000           -0.3977706             -10.8239
       217        2.0000           -0.3824326             -10.4065
       218        2.0000           -0.3706731             -10.0865 (HOMO)
       219                         -0.3346409              -9.1060 (LUMO)
       220                         -0.3276019              -8.9145
       221                         -0.3222365              -8.7685
       222                         -0.3130232              -8.5178
       223                         -0.3122154              -8.4958
       224                         -0.2867348              -7.8025
       225                         -0.2798059              -7.6139
       226                         -0.2604681              -7.0877
       227                         -0.2544394              -6.9236
       228                         -0.2442867              -6.6474
       229                         -0.2420652              -6.5869
       ...                                ...                  ...
       441                          1.0770632              29.3084
      -------------------------------------------------------------
                  HL-Gap            0.0360323 Eh            0.9805 eV
             Fermi-level           -0.3526573 Eh           -9.5963 eV

     #   Z        covCN         q      C6AA      α(0)
     1  16 S      2.647     0.322   128.599    19.086
     2   7 N      1.844    -0.264    27.723     7.803
     3   6 C      3.314     0.073    24.454     7.887
     4   6 C      3.324     0.074    24.244     7.829
     5   7 N      1.845    -0.256    27.522     7.775
     6   6 C      2.982    -0.001    28.048     8.687
     7   6 C      2.914    -0.035    28.871     8.811
     8   6 C      2.914    -0.037    28.910     8.817
     9   6 C      2.976    -0.000    28.027     8.684
    10   6 C      2.984     0.022    27.516     8.605
    11   6 C      2.984     0.024    27.451     8.594
    12   6 C      3.038    -0.046    29.102     8.848
    13   6 C      3.205    -0.008    27.623     8.561
    14   6 C      3.045     0.017    27.593     8.615
    15  16 S      2.232    -0.022   141.969    20.054
    16   6 C      3.916     0.020    20.172     6.383
    17   6 C      3.171    -0.008    27.843     8.620
    18   6 C      3.056     0.025    27.389     8.583
    19   6 C      3.043    -0.037    28.878     8.814
    20   6 C      2.973     0.022    27.516     8.604
    21  16 S      2.234     0.011   140.609    19.958
    22   6 C      3.045    -0.045    29.074     8.844
    23   6 C      3.189    -0.006    27.686     8.583
    24   6 C      3.051     0.011    27.718     8.634
    25  16 S      2.218     0.014   140.472    19.948
    26   6 C      3.920     0.020    20.170     6.383
    27   6 C      3.193    -0.007    27.678     8.579
    28   6 C      3.051     0.026    27.377     8.581
    29   6 C      3.037    -0.030    28.716     8.790
    30   6 C      2.976     0.023    27.495     8.601
    31  16 S      2.243     0.011   140.617    19.958
    32   6 C      2.941    -0.013    28.341     8.731
    33   6 C      2.988    -0.038    28.947     8.826
    34   6 C      3.002     0.030    27.316     8.573
    35   6 C      3.014     0.006    27.859     8.658
    36   6 C      3.020    -0.017    28.404     8.742
    37   6 C      2.865     0.223    23.320     7.916
    38   6 C      2.906    -0.027    28.668     8.779
    39   6 C      2.911    -0.020    28.499     8.754
    40   6 C      2.912    -0.022    28.549     8.761
    41   6 C      2.905    -0.014    28.366     8.733
    42   6 C      2.944     0.001    28.008     8.680
    43   8 O      0.856    -0.366    21.014     6.146
    44   6 C      1.911     0.117    28.220     8.579
    45   6 C      1.913     0.116    28.243     8.583
    46   7 N      0.911    -0.244    26.368     7.427
    47   7 N      0.911    -0.239    26.244     7.409
    48   6 C      3.803    -0.060    21.659     6.626
    49   6 C      3.794    -0.062    21.699     6.633
    50   6 C      3.845    -0.020    20.891     6.502
    51   6 C      3.843    -0.018    20.870     6.499
    52   6 C      3.797    -0.058    21.621     6.621
    53   6 C      3.745    -0.093    22.350     6.744
    54   6 C      3.799    -0.051    21.499     6.602
    55   6 C      3.744    -0.096    22.401     6.752
    56   6 C      3.796    -0.059    21.639     6.624
    57   6 C      3.744    -0.096    22.404     6.752
    58   6 C      3.797    -0.050    21.472     6.598
    59   6 C      3.744    -0.099    22.462     6.761
    60   6 C      3.800    -0.059    21.631     6.622
    61   6 C      3.844    -0.022    20.932     6.508
    62   6 C      3.795    -0.054    21.558     6.612
    63   6 C      3.745    -0.096    22.410     6.753
    64   6 C      3.797    -0.051    21.499     6.602
    65   6 C      3.745    -0.096    22.412     6.753
    66   6 C      3.802    -0.063    21.717     6.635
    67   6 C      3.843    -0.017    20.841     6.494
    68   6 C      3.798    -0.053    21.535     6.608
    69   6 C      3.796    -0.055    21.575     6.614
    70   6 C      3.744    -0.094    22.372     6.747
    71   6 C      2.942    -0.013    28.341     8.731
    72   6 C      2.985    -0.038    28.944     8.825
    73   6 C      2.999     0.031    27.300     8.571
    74   6 C      3.014     0.007    27.855     8.657
    75   6 C      3.019    -0.017    28.400     8.742
    76   6 C      2.866     0.222    23.333     7.918
    77   6 C      2.906    -0.027    28.675     8.781
    78   6 C      2.911    -0.019    28.488     8.752
    79   6 C      2.912    -0.021    28.541     8.760
    80   6 C      2.905    -0.014    28.365     8.733
    81   8 O      0.856    -0.367    21.026     6.148
    82   6 C      2.944     0.001    28.000     8.679
    83   6 C      1.914     0.117    28.215     8.578
    84   6 C      1.914     0.119    28.180     8.573
    85   7 N      0.911    -0.246    26.411     7.433
    86   7 N      0.911    -0.240    26.270     7.413
    87   6 C      3.744    -0.095    22.396     6.751
    88   1 H      0.924     0.051     2.304     2.373
    89   1 H      0.925     0.049     2.333     2.388
    90   1 H      0.925     0.063     2.161     2.299
    91   1 H      0.925     0.052     2.289     2.366
    92   1 H      0.925     0.048     2.343     2.394
    93   1 H      0.925     0.043     2.415     2.430
    94   1 H      0.923     0.080     1.982     2.202
    95   1 H      0.925     0.054     2.267     2.355
    96   1 H      0.924     0.048     2.351     2.398
    97   1 H      0.924     0.046     2.365     2.405
    98   1 H      0.924     0.059     2.210     2.325
    99   1 H      0.923     0.050     2.316     2.380
   100   1 H      0.923     0.045     2.390     2.417
   101   1 H      0.923     0.052     2.290     2.366
   102   1 H      0.923     0.030     2.590     2.517
   103   1 H      0.923     0.027     2.634     2.538
   104   1 H      0.922     0.033     2.549     2.497
   105   1 H      0.923     0.039     2.466     2.456
   106   1 H      0.924     0.038     2.475     2.460
   107   1 H      0.923     0.018     2.758     2.597
   108   1 H      0.923     0.038     2.473     2.459
   109   1 H      0.923     0.032     2.554     2.499
   110   1 H      0.923     0.023     2.682     2.561
   111   1 H      0.922     0.027     2.627     2.535
   112   1 H      0.923     0.029     2.601     2.522
   113   1 H      0.923     0.031     2.575     2.509
   114   1 H      0.923     0.041     2.440     2.443
   115   1 H      0.923     0.038     2.479     2.462
   116   1 H      0.923     0.034     2.526     2.486
   117   1 H      0.923     0.030     2.583     2.513
   118   1 H      0.923     0.034     2.537     2.491
   119   1 H      0.923     0.030     2.591     2.517
   120   1 H      0.923     0.022     2.698     2.569
   121   1 H      0.923     0.029     2.602     2.523
   122   1 H      0.923     0.031     2.567     2.506
   123   1 H      0.923     0.037     2.489     2.467
   124   1 H      0.923     0.037     2.488     2.467
   125   1 H      0.923     0.043     2.410     2.428
   126   1 H      0.923     0.038     2.481     2.463
   127   1 H      0.923     0.033     2.545     2.495
   128   1 H      0.922     0.032     2.558     2.501
   129   1 H      0.923     0.027     2.629     2.536
   130   1 H      0.923     0.038     2.473     2.459
   131   1 H      0.923     0.031     2.579     2.512
   132   1 H      0.923     0.026     2.646     2.544
   133   1 H      0.923     0.026     2.650     2.546
   134   1 H      0.922     0.027     2.623     2.533
   135   1 H      0.923     0.032     2.559     2.502
   136   1 H      0.923     0.032     2.553     2.499
   137   1 H      0.923     0.037     2.486     2.466
   138   1 H      0.923     0.052     2.299     2.371
   139   1 H      0.923     0.038     2.470     2.458
   140   1 H      0.922     0.030     2.587     2.515
   141   1 H      0.922     0.032     2.564     2.504
   142   1 H      0.923     0.026     2.640     2.541
   143   1 H      0.923     0.032     2.558     2.501
   144   1 H      0.922     0.036     2.509     2.477
   145   1 H      0.923     0.020     2.729     2.584
   146   1 H      0.923     0.029     2.596     2.520
   147   1 H      0.924     0.039     2.457     2.451
   148   1 H      0.923     0.082     1.955     2.187
   149   1 H      0.925     0.055     2.255     2.348
   150   1 H      0.924     0.048     2.345     2.395
   151   1 H      0.924     0.047     2.361     2.403
   152   1 H      0.924     0.060     2.203     2.321
   153   1 H      0.923     0.037     2.491     2.468
   154   1 H      0.923     0.033     2.541     2.493
   155   1 H      0.923     0.031     2.575     2.510

 Mol. C6AA /au·bohr⁶  :     335103.692838
 Mol. C8AA /au·bohr⁸  :    8856919.062303
 Mol. α(0) /au        :        909.743727


Wiberg/Mayer (AO) data.
largest (>0.10) Wiberg bond orders for each atom
          total WBO             WBO to atom ...
     1  S   3.118        N    2 1.393    N    5 1.392
     2  N   3.076        C    3 1.425    S    1 1.393    N    5 0.161
     3  C   3.969        N    2 1.425    C    6 1.167    C    4 1.157
     4  C   3.969        N    5 1.425    C    9 1.174    C    3 1.157
     5  N   3.087        C    4 1.425    S    1 1.392    N    2 0.161
     6  C   3.937        C    7 1.435    C    3 1.167    C   11 1.150
     7  C   3.966        C    6 1.435    C    8 1.364    H   88 0.961
     8  C   3.967        C    9 1.433    C    7 1.364    H   89 0.960
     9  C   3.935        C    8 1.433    C    4 1.174    C   10 1.145
    10  C   3.899        C   22 1.451    C    9 1.145    S   25 1.132
    11  C   3.893        C   12 1.457    C    6 1.150    S   15 1.117
    12  C   3.953        C   11 1.457    C   13 1.351    H   90 0.954
    13  C   3.942        C   14 1.372    C   12 1.351    C   16 0.984
    14  C   3.925        C   13 1.372    C   18 1.203    S   15 1.151
    15  S   2.568        C   14 1.151    C   11 1.117
    16  C   3.983        C   13 0.984    C   17 0.982    C   49 0.955    C   48 0.951
    17  C   3.956        C   19 1.413    C   18 1.322    C   16 0.982
    18  C   3.922        C   17 1.322    C   14 1.203    S   21 1.197
    19  C   3.968        C   17 1.413    C   20 1.369    H   91 0.948
    20  C   3.911        C   19 1.369    C   32 1.286    S   21 1.087
    21  S   2.592        C   18 1.197    C   20 1.087
    22  C   3.951        C   10 1.451    C   23 1.355    H   92 0.955
    23  C   3.945        C   24 1.365    C   22 1.355    C   26 0.985
    24  C   3.926        C   23 1.365    C   28 1.197    S   25 1.163
    25  S   2.609        C   24 1.163    C   10 1.132
    26  C   3.985        C   23 0.985    C   27 0.983    C   66 0.958    C   60 0.952
    27  C   3.957        C   29 1.403    C   28 1.336    C   26 0.983
    28  C   3.923        C   27 1.336    C   24 1.197    S   31 1.191
    29  C   3.970        C   27 1.403    C   30 1.379    H   93 0.959
    30  C   3.914        C   29 1.379    C   71 1.278    S   31 1.086
    31  S   2.592        C   28 1.191    C   30 1.086
    32  C   3.948        C   33 1.501    C   20 1.286    H   94 0.950
    33  C   3.947        C   32 1.501    C   34 1.164    C   37 1.011
    34  C   3.971        C   42 1.465    C   33 1.164    C   35 1.066
    35  C   3.980        C   38 1.406    C   36 1.301    C   34 1.066
    36  C   3.973        C   41 1.421    C   35 1.301    C   37 1.012
    37  C   3.922        O   43 1.778    C   36 1.012    C   33 1.011
    38  C   3.977        C   39 1.428    C   35 1.406    H   95 0.963
    39  C   3.980        C   40 1.436    C   38 1.428    H   96 0.970
    40  C   3.954        C   39 1.436    C   41 1.422    H   97 0.970
    41  C   3.982        C   40 1.422    C   36 1.421    H   98 0.966
    42  C   3.935        C   34 1.465    C   44 1.101    C   45 1.100
    43  O   2.050        C   37 1.778
    44  C   3.941        N   46 2.761    C   42 1.101
    45  C   3.943        N   47 2.763    C   42 1.100
    46  N   2.963        C   44 2.761
    47  N   2.980        C   45 2.763
    48  C   3.988        C   50 0.996    H   99 0.963    H  100 0.963    C   16 0.951
    49  C   3.988        C   51 0.991    H  102 0.977    H  101 0.968    C   16 0.955
    50  C   3.993        C   48 0.996    C   52 0.994    C   54 0.993    H  103 0.965
    51  C   3.990        C   58 0.996    C   56 0.994    C   49 0.991    H  104 0.965
    52  C   3.993        C   53 1.021    C   50 0.994    H  105 0.974    H  106 0.965
    53  C   3.997        C   52 1.021    H  107 0.987    H  108 0.986    H  109 0.985
    54  C   3.995        C   55 1.020    C   50 0.993    H  111 0.977    H  110 0.976
    55  C   3.996        C   54 1.020    H  112 0.987    H  113 0.986    H  114 0.984
    56  C   3.995        C   57 1.020    C   51 0.994    H  115 0.974    H  116 0.973
    57  C   3.996        C   56 1.020    H  117 0.987    H  118 0.986    H  119 0.980
    58  C   3.996        C   59 1.019    C   51 0.996    H  120 0.973    H  121 0.966
    59  C   3.996        C   58 1.019    H  122 0.987    H  123 0.985    H  124 0.985
    60  C   3.991        C   61 0.995    H  126 0.972    H  125 0.968    C   26 0.952
    61  C   3.992        C   64 0.996    C   60 0.995    C   62 0.993    H  127 0.963
    62  C   3.995        C   63 1.021    C   61 0.993    H  128 0.976    H  129 0.973
    63  C   3.996        C   62 1.021    H  131 0.987    H  132 0.986    H  130 0.984
    64  C   3.996        C   65 1.020    C   61 0.996    H  134 0.977    H  133 0.976
    65  C   3.996        C   64 1.020    H  135 0.986    H  136 0.986    H  137 0.985
    66  C   3.987        C   67 0.992    H  138 0.972    H  139 0.969    C   26 0.958
    67  C   3.992        C   69 0.995    C   68 0.994    C   66 0.992    H  140 0.963
    68  C   3.994        C   87 1.020    C   67 0.994    H  141 0.977    H  142 0.976
    69  C   3.994        C   70 1.020    C   67 0.995    H  144 0.976    H  143 0.973
    70  C   3.996        C   69 1.020    H  146 0.987    H  147 0.981    H  145 0.978
    71  C   3.948        C   72 1.514    C   30 1.278    H  148 0.946
    72  C   3.951        C   71 1.514    C   73 1.160    C   76 1.010
    73  C   3.971        C   82 1.469    C   72 1.160    C   74 1.065
    74  C   3.980        C   77 1.405    C   75 1.302    C   73 1.065
    75  C   3.974        C   80 1.418    C   74 1.302    C   76 1.017
    76  C   3.922        O   81 1.778    C   75 1.017    C   72 1.010
    77  C   3.977        C   78 1.429    C   74 1.405    H  149 0.962
    78  C   3.980        C   79 1.434    C   77 1.429    H  150 0.970
    79  C   3.972        C   78 1.434    C   80 1.424    H  151 0.970
    80  C   3.982        C   79 1.424    C   75 1.418    H  152 0.966
    81  O   2.049        C   76 1.778
    82  C   3.957        C   73 1.469    C   84 1.104    C   83 1.096
    83  C   3.941        N   86 2.765    C   82 1.096
    84  C   3.941        N   85 2.757    C   82 1.104
    85  N   2.978        C   84 2.757
    86  N   2.966        C   83 2.765
    87  C   3.996        C   68 1.020    H  155 0.987    H  154 0.986    H  153 0.983
    88  H   0.995        C    7 0.961
    89  H   0.996        C    8 0.960
    90  H   0.995        C   12 0.954
    91  H   0.997        C   19 0.948
    92  H   0.997        C   22 0.955
    93  H   0.998        C   29 0.959
    94  H   0.992        C   32 0.950
    95  H   0.997        C   38 0.963
    96  H   0.997        C   39 0.970
    97  H   0.997        C   40 0.970
    98  H   0.996        C   41 0.966
    99  H   0.996        C   48 0.963
   100  H   0.997        C   48 0.963
   101  H   0.996        C   49 0.968
   102  H   0.999        C   49 0.977
   103  H   0.999        C   50 0.965
   104  H   0.998        C   51 0.965
   105  H   0.998        C   52 0.974
   106  H   0.998        C   52 0.965
   107  H   1.000        C   53 0.987
   108  H   0.998        C   53 0.986
   109  H   0.999        C   53 0.985
   110  H   0.999        C   54 0.976
   111  H   0.999        C   54 0.977
   112  H   0.999        C   55 0.987
   113  H   0.999        C   55 0.986
   114  H   0.998        C   55 0.984
   115  H   0.998        C   56 0.974
   116  H   0.999        C   56 0.973
   117  H   0.999        C   57 0.987
   118  H   0.999        C   57 0.986
   119  H   0.999        C   57 0.980
   120  H   0.999        C   58 0.973
   121  H   0.999        C   58 0.966
   122  H   0.999        C   59 0.987
   123  H   0.998        C   59 0.985
   124  H   0.999        C   59 0.985
   125  H   0.997        C   60 0.968
   126  H   0.997        C   60 0.972
   127  H   0.999        C   61 0.963
   128  H   0.999        C   62 0.976
   129  H   0.999        C   62 0.973
   130  H   0.999        C   63 0.984
   131  H   0.999        C   63 0.987
   132  H   0.999        C   63 0.986
   133  H   0.999        C   64 0.976
   134  H   0.999        C   64 0.977
   135  H   0.999        C   65 0.986
   136  H   0.999        C   65 0.986
   137  H   0.999        C   65 0.985
   138  H   0.997        C   66 0.972
   139  H   0.997        C   66 0.969
   140  H   0.999        C   67 0.963
   141  H   0.999        C   68 0.977
   142  H   0.999        C   68 0.976
   143  H   0.999        C   69 0.973
   144  H   0.998        C   69 0.976
   145  H   1.000        C   70 0.978
   146  H   0.999        C   70 0.987
   147  H   0.998        C   70 0.981
   148  H   0.991        C   71 0.946
   149  H   0.996        C   77 0.962
   150  H   0.997        C   78 0.970
   151  H   0.997        C   79 0.970
   152  H   0.996        C   80 0.966
   153  H   0.999        C   87 0.983
   154  H   0.998        C   87 0.986
   155  H   0.999        C   87 0.987

molecular dipole:
                 x           y           z       tot (Debye)
 q only:        1.866       0.387       0.732
   full:        1.772       0.656       0.495       4.966
molecular quadrupole (traceless):
                xx          xy          yy          xz          yz          zz
 q only:      -11.876     -21.503     -14.331      11.687      67.143      26.207
  q+dip:      -24.837      -4.050       9.033      16.933      78.367      15.804
   full:      -24.461      -0.502      -0.137      20.011      74.361      24.598


           -------------------------------------------------
          | TOTAL ENERGY             -234.885882009121 Eh   |
          | GRADIENT NORM               0.120557845951 Eh/α |
          | HOMO-LUMO GAP               0.980487928686 eV   |
           -------------------------------------------------

------------------------------------------------------------------------
 * finished run on 2020/11/20 at 13:44:57.917     
------------------------------------------------------------------------
 total:
 * wall-time:     0 d,  0 h,  0 min,  1.778 sec
 *  cpu-time:     0 d,  0 h,  0 min,  1.751 sec
 * ratio c/w:     0.985 speedup
 SCF:
 * wall-time:     0 d,  0 h,  0 min,  1.346 sec
 *  cpu-time:     0 d,  0 h,  0 min,  1.333 sec
 * ratio c/w:     0.991 speedup

