      -----------------------------------------------------------      
     |                   =====================                   |     
     |                           x T B                           |     
     |                   =====================                   |     
     |                         S. Grimme                         |     
     |          Mulliken Center for Theoretical Chemistry        |     
     |                    University of Bonn                     |     
     |                Version 6.2 RC2 (SAW190805)                |     
      -----------------------------------------------------------      

   This program is distributed in the hope that it will be useful,
   but WITHOUT ANY WARRANTY; without even the implied warranty of
   MERCHANTABILITY or FITNESS FOR A PARTICULAR PURPOSE.
   
   FOR NON-COMMERCIAL, ACADEMIA USE ONLY.
   
   Cite this work as:
   * S. Grimme, C. Bannwarth, P. Shushkov, J. Chem. Theory Comput., 2017,
     13, 1989-2009. DOI: 10.1021/acs.jctc.7b00118
   * C. Bannwarth, S. Ehlert and S. Grimme., J. Chem. Theory Comput., 2019,
     15, 1652-1671. DOI: 10.1021/acs.jctc.8b01176
   * P. Pracht, E. Caldeweyher, S. Ehlert, S. Grimme, ChemRxiv, 2019, preprint.
     DOI: 10.26434/chemrxiv.8326202.v1
   
   for DFT-D4:
   * E. Caldeweyher, C. Bannwarth and S. Grimme, J. Chem. Phys., 2017,
     147, 034112. DOI: 10.1063/1.4993215
   * E. Caldeweyher, S. Ehlert, A. Hansen, H. Neugebauer, S. Spicher,
     C. Bannwarth and S. Grimme, J. Chem. Phys., 2019, 150, 154122.
     DOI: 10.1063/1.5090222
   
   for sTDA-xTB:
   * S. Grimme and C. Bannwarth, J. Chem. Phys., 2016, 145, 054103.
     DOI: 10.1063/1.4959605
   
   in the mass-spec context:
   * V. Asgeirsson, C. Bauer and S. Grimme, Chem. Sci., 2017, 8, 4879.
     DOI: 10.1039/c7sc00601b
   
   for metadynamics refer to:
   * S. Grimme, J. Chem. Theory Comput., 2019, 155, 2847-2862
     DOI: 10.1021/acs.jctc.9b00143
   
   with help from (in alphabetical order)
   C. Bannwarth, F. Bohle, G. Brandenburg, E. Caldeweyher, M. Checinski,
   S. Dohm, S. Ehlert, S. Ehrlich, F. März, H. Neugebauer, J. Pisarek,
   P. Pracht, P. Shushkov, and S. Spicher.
   
 * started run on 2021/04/12 at 13:53:02.431     

           -------------------------------------------------
          |                Calculation Setup                |
           -------------------------------------------------

          program call               : /ihome/ghutchison/geoffh/xtb/xtb BTCIC-4Cl.xyz -sp
          hostname                   : smp-n149
          coordinate file            : BTCIC-4Cl.xyz
          omp threads                :                     1
          number of atoms            :                   155
          number of electrons        :                   460
          charge                     :                     0
          spin                       :                   0.0
          first test random number   :      0.17574386388912


########################################################################
# WARNING! Please study the warnings concerning your input carefully
#  - XTBPATH is not set, using XTBHOME instead
#  - the use of '-sp' is discouraged, please use '--sp' next time
########################################################################

           ------------------------------------------------- 
          |                 G F N 2 - x T B                 |
          | Geometry, Frequencies, Noncovalent interactions |
          |            JCTC 2019 parametrisation            |
           ------------------------------------------------- 
             KAB for C  - Si     :                1.0500
             KAB for H  - Pd     :                0.9500
             k(s)              :                1.8500
             k(p)              :                2.2300
             k(d)              :                2.2300
             k(f)              :                2.0000
             kEN (H0ij)        :               -2.0000
             D4 a1             :                0.5200
             D4 a2             :                5.0000
             D4 s6             :                1.0000
             D4 s8             :                2.7000
             D4 s9             :                5.0000
             alphaj            :                2.0000

  Z AO/shell   Hii/eV     exponent
  1     Wed Apr 25 08:07:45 CEST 2018   EN: 2.200 GM2: 0.406  GM3: 0.0800  RAES: 1.40
     1s    -10.707211    1.230000
  6     Wed Apr 25 08:07:45 CEST 2018   EN: 2.550 GM2: 0.538  GM3: 0.1500  RAES: 3.00
     2s    -13.970922    2.096432
     2p    -10.063292    1.800000
  7     Wed Apr 25 08:07:45 CEST 2018   EN: 3.040 GM2: 0.461  GM3:-0.0640  RAES: 1.90
     2s    -16.686243    2.339881
     2p    -12.523956    2.014332
  8     Wed Apr 25 08:07:45 CEST 2018   EN: 3.440 GM2: 0.452  GM3:-0.0517  RAES: 1.80
     2s    -20.229985    2.439742
     2p    -15.503117    2.137023
 16     Tue Apr 24 11:44:34 CEST 2018   EN: 2.580 GM2: 0.340  GM3:-0.0502  RAES: 3.10
     3s    -20.029654    1.981333
     3p    -11.377694    2.025643
     3d     -0.420282    1.702555
 17     Mon Apr 23 14:09:22 CEST 2018   EN: 3.160 GM2: 0.249  GM3: 0.1495  RAES: 2.50
     3s    -29.278781    2.485265
     3p    -12.673758    2.199650
     3d     -0.240338    2.476089

           ------------------------------------------------- 
          |        Self-Consistent Charge Iterations        |
           ------------------------------------------------- 

          ...................................................
          :                      SETUP                      :
          :.................................................:
          :  # basis functions                 482          :
          :  # atomic orbitals                 473          :
          :  # shells                          255          :
          :  # electrons                       460          :
          :  max. iterations                   250          :
          :  Hamiltonian                  GFN2-xTB          :
          :  restarted?                      false          :
          :  GBSA solvation                  false          :
          :  PC potential                    false          :
          :  electronic temp.          300.0000000     K    :
          :  accuracy                    1.0000000          :
          :  -> integral cutoff          0.2500000E+02      :
          :  -> integral neglect         0.1000000E-07      :
          :  -> SCF convergence          0.1000000E-05 Eh   :
          :  -> wf. convergence          0.1000000E-03 e    :
          :  Broyden damping             0.4000000          :
          ...................................................

 iter      E             dE          RMSdq      gap      omega  full diag
   1   -254.1808016 -0.254181E+03  0.411E+00    1.09       0.0  T
   2   -254.3389672 -0.158166E+00  0.257E+00    1.04       1.0  T
   3   -254.1062753  0.232692E+00  0.181E+00    0.83       1.0  T
   4   -254.4675862 -0.361311E+00  0.695E-01    1.07       1.0  T
   5   -254.5326391 -0.650529E-01  0.226E-01    0.96       1.0  T
   6   -254.5371609 -0.452177E-02  0.116E-01    1.01       1.0  T
   7   -254.5382388 -0.107792E-02  0.683E-02    0.99       1.0  T
   8   -254.5387201 -0.481356E-03  0.299E-02    1.00       1.0  T
   9   -254.5387536 -0.335063E-04  0.224E-02    1.00       1.0  T
  10   -254.5387752 -0.215533E-04  0.160E-02    1.00       1.0  T
  11   -254.5387884 -0.131821E-04  0.107E-02    1.00       1.0  T
  12   -254.5387944 -0.597427E-05  0.595E-03    1.00       1.4  T
  13   -254.5387967 -0.229604E-05  0.310E-03    1.00       2.6  T
  14   -254.5387979 -0.125504E-05  0.137E-03    1.00       5.9  T
  15   -254.5387981 -0.153087E-06  0.728E-04    1.00      11.0  T
  16   -254.5387981 -0.378891E-07  0.415E-04    1.00      19.3  T

   *** convergence criteria satisfied after 16 iterations ***

         #    Occupation            Energy/Eh            Energy/eV
      -------------------------------------------------------------
         1        2.0000           -1.0737375             -29.2179
       ...           ...                  ...                  ...
       224        2.0000           -0.4127433             -11.2313
       225        2.0000           -0.4123333             -11.2202
       226        2.0000           -0.4102916             -11.1646
       227        2.0000           -0.4085634             -11.1176
       228        2.0000           -0.4060564             -11.0494
       229        2.0000           -0.3898543             -10.6085
       230        2.0000           -0.3783726             -10.2960 (HOMO)
       231                         -0.3416500              -9.2968 (LUMO)
       232                         -0.3355837              -9.1317
       233                         -0.3305820              -8.9956
       234                         -0.3252655              -8.8509
       235                         -0.3234035              -8.8003
       ...                                ...                  ...
       473                          1.0697421              29.1092
      -------------------------------------------------------------
                  HL-Gap            0.0367225 Eh            0.9993 eV
             Fermi-level           -0.3600121 Eh           -9.7964 eV

 SCC (total)                   0 d,  0 h,  0 min,  1.306 sec
 SCC setup                      ...        0 min,  0.005 sec (  0.354%)
 Dispersion                     ...        0 min,  0.009 sec (  0.661%)
 integral evaluation            ...        0 min,  0.362 sec ( 27.691%)
 zeroth order Hamiltonian       ...        0 min,  0.002 sec (  0.163%)
 iterations                     ...        0 min,  0.628 sec ( 48.046%)
 molecular gradient             ...        0 min,  0.297 sec ( 22.714%)
 printout                       ...        0 min,  0.005 sec (  0.368%)

         :::::::::::::::::::::::::::::::::::::::::::::::::::::
         ::                     SUMMARY                     ::
         :::::::::::::::::::::::::::::::::::::::::::::::::::::
         :: total energy            -251.090518838626 Eh    ::
         :: gradient norm              0.121935074851 Eh/a0 ::
         :: HOMO-LUMO gap              0.999270922416 eV    ::
         ::.................................................::
         :: SCC energy              -254.538798100237 Eh    ::
         :: -> isotropic ES            0.125900243264 Eh    ::
         :: -> anisotropic ES          0.022825965007 Eh    ::
         :: -> anisotropic XC          0.164199689526 Eh    ::
         :: -> dispersion             -0.230013934838 Eh    ::
         :: repulsion energy           3.444972508899 Eh    ::
         :: add. restraining           0.000000000000 Eh    ::
         :::::::::::::::::::::::::::::::::::::::::::::::::::::

           -------------------------------------------------
          |                Property Printout                |
           -------------------------------------------------

    * Orbital Energies and Occupations

         #    Occupation            Energy/Eh            Energy/eV
      -------------------------------------------------------------
         1        2.0000           -1.0737375             -29.2179
       ...           ...                  ...                  ...
       218        2.0000           -0.4240696             -11.5395
       219        2.0000           -0.4219155             -11.4809
       220        2.0000           -0.4205590             -11.4440
       221        2.0000           -0.4199430             -11.4272
       222        2.0000           -0.4152477             -11.2995
       223        2.0000           -0.4134412             -11.2503
       224        2.0000           -0.4127433             -11.2313
       225        2.0000           -0.4123333             -11.2202
       226        2.0000           -0.4102916             -11.1646
       227        2.0000           -0.4085634             -11.1176
       228        2.0000           -0.4060564             -11.0494
       229        2.0000           -0.3898543             -10.6085
       230        2.0000           -0.3783726             -10.2960 (HOMO)
       231                         -0.3416500              -9.2968 (LUMO)
       232                         -0.3355837              -9.1317
       233                         -0.3305820              -8.9956
       234                         -0.3252655              -8.8509
       235                         -0.3234035              -8.8003
       236                         -0.2944694              -8.0129
       237                         -0.2886656              -7.8550
       238                         -0.2729874              -7.4284
       239                         -0.2678772              -7.2893
       240                         -0.2533149              -6.8930
       241                         -0.2478254              -6.7437
       ...                                ...                  ...
       473                          1.0697421              29.1092
      -------------------------------------------------------------
                  HL-Gap            0.0367225 Eh            0.9993 eV
             Fermi-level           -0.3600121 Eh           -9.7964 eV

     #   Z        covCN         q      C6AA      α(0)
     1  16 S      2.648     0.322   128.616    19.088
     2   7 N      1.843    -0.262    27.673     7.796
     3   6 C      3.313     0.073    24.455     7.888
     4   6 C      3.322     0.074    24.285     7.841
     5   7 N      1.842    -0.262    27.663     7.795
     6   6 C      2.976     0.001    28.009     8.681
     7   6 C      2.914    -0.033    28.831     8.805
     8   6 C      2.916    -0.034    28.837     8.806
     9   6 C      2.994    -0.000    28.019     8.683
    10   6 C      2.981     0.025    27.445     8.593
    11   6 C      2.982     0.025    27.437     8.592
    12   6 C      3.043    -0.046    29.091     8.846
    13   6 C      3.191    -0.006    27.666     8.578
    14   6 C      3.047     0.015    27.628     8.621
    15  16 S      2.225    -0.017   141.755    20.039
    16   6 C      3.920     0.020    20.171     6.383
    17   6 C      3.196    -0.008    27.687     8.578
    18   6 C      3.046     0.025    27.395     8.584
    19   6 C      3.029    -0.035    28.840     8.809
    20   6 C      2.978     0.027    27.399     8.586
    21  16 S      2.245     0.004   140.901    19.978
    22   6 C      3.041    -0.041    28.985     8.830
    23   6 C      3.175    -0.009    27.840     8.617
    24   6 C      3.054     0.016    27.603     8.616
    25  16 S      2.241    -0.017   141.755    20.039
    26   6 C      3.921     0.022    20.150     6.380
    27   6 C      3.183    -0.009    27.796     8.605
    28   6 C      3.050     0.026    27.374     8.581
    29   6 C      3.031    -0.031    28.753     8.795
    30   6 C      2.977     0.027    27.394     8.585
    31  16 S      2.249     0.003   140.939    19.981
    32   6 C      2.946    -0.013    28.347     8.732
    33   6 C      2.985    -0.038    28.933     8.823
    34   6 C      3.002     0.030    27.319     8.574
    35   6 C      3.010     0.007    27.847     8.656
    36   6 C      3.027    -0.017    28.415     8.744
    37   6 C      2.858     0.226    23.261     7.905
    38   6 C      2.945    -0.039    28.967     8.827
    39   6 C      2.902     0.092    25.953     8.353
    40   6 C      2.907     0.090    25.998     8.361
    41   6 C      2.940    -0.026    28.648     8.778
    42   6 C      2.943     0.008    27.842     8.654
    43   8 O      0.856    -0.377    21.235     6.178
    44   6 C      1.915     0.119    28.168     8.571
    45   6 C      1.914     0.119    28.163     8.570
    46   7 N      0.911    -0.228    25.996     7.374
    47   7 N      0.911    -0.232    26.081     7.386
    48  17 Cl     0.974    -0.118   102.835    15.514
    49  17 Cl     0.968    -0.121   102.928    15.521
    50   6 C      3.799    -0.064    21.728     6.637
    51   6 C      3.800    -0.058    21.618     6.620
    52   6 C      3.843    -0.020    20.907     6.504
    53   6 C      3.845    -0.025    20.980     6.516
    54   6 C      3.795    -0.060    21.664     6.628
    55   6 C      3.745    -0.092    22.328     6.741
    56   6 C      3.797    -0.051    21.490     6.601
    57   6 C      3.745    -0.096    22.407     6.753
    58   6 C      3.796    -0.059    21.645     6.625
    59   6 C      3.745    -0.095    22.381     6.749
    60   6 C      3.798    -0.053    21.535     6.608
    61   6 C      3.744    -0.097    22.429     6.756
    62   6 C      3.801    -0.061    21.667     6.627
    63   6 C      3.845    -0.020    20.905     6.504
    64   6 C      3.796    -0.059    21.649     6.625
    65   6 C      3.745    -0.092    22.334     6.741
    66   6 C      3.798    -0.052    21.502     6.602
    67   6 C      3.745    -0.096    22.404     6.752
    68   6 C      3.803    -0.062    21.680     6.629
    69   6 C      3.842    -0.020    20.895     6.503
    70   6 C      3.795    -0.056    21.589     6.616
    71   6 C      3.744    -0.098    22.453     6.760
    72   6 C      3.799    -0.052    21.516     6.605
    73   6 C      3.745    -0.096    22.408     6.753
    74   6 C      2.953    -0.011    28.287     8.723
    75   6 C      2.989    -0.037    28.916     8.821
    76   6 C      3.001     0.030    27.320     8.574
    77   6 C      3.013     0.007    27.835     8.654
    78   6 C      3.026    -0.017    28.416     8.744
    79   6 C      2.857     0.227    23.246     7.902
    80   6 C      2.946    -0.038    28.955     8.825
    81   6 C      2.902     0.092    25.950     8.353
    82   6 C      2.904     0.090    25.998     8.360
    83   6 C      2.939    -0.026    28.642     8.777
    84   8 O      0.856    -0.372    21.131     6.163
    85   6 C      2.943     0.009    27.823     8.651
    86   6 C      1.915     0.119    28.178     8.573
    87   6 C      1.914     0.118    28.196     8.575
    88   7 N      0.911    -0.230    26.045     7.381
    89   7 N      0.911    -0.227    25.970     7.371
    90  17 Cl     0.966    -0.120   102.909    15.520
    91  17 Cl     0.973    -0.118   102.823    15.513
    92   1 H      0.924     0.053     2.279     2.361
    93   1 H      0.924     0.053     2.288     2.365
    94   1 H      0.925     0.068     2.103     2.268
    95   1 H      0.925     0.097     1.810     2.104
    96   1 H      0.925     0.060     2.194     2.316
    97   1 H      0.925     0.088     1.898     2.154
    98   1 H      0.925     0.072     2.068     2.249
    99   1 H      0.925     0.089     1.890     2.150
   100   1 H      0.924     0.091     1.871     2.139
   101   1 H      0.923     0.052     2.297     2.370
   102   1 H      0.923     0.044     2.401     2.423
   103   1 H      0.923     0.036     2.509     2.477
   104   1 H      0.923     0.042     2.427     2.436
   105   1 H      0.923     0.027     2.635     2.539
   106   1 H      0.923     0.045     2.386     2.415
   107   1 H      0.922     0.034     2.534     2.489
   108   1 H      0.923     0.046     2.374     2.410
   109   1 H      0.923     0.036     2.508     2.477
   110   1 H      0.923     0.028     2.620     2.531
   111   1 H      0.923     0.020     2.733     2.585
   112   1 H      0.923     0.023     2.690     2.565
   113   1 H      0.922     0.028     2.609     2.526
   114   1 H      0.923     0.030     2.585     2.514
   115   1 H      0.923     0.032     2.561     2.503
   116   1 H      0.923     0.039     2.467     2.456
   117   1 H      0.923     0.036     2.504     2.475
   118   1 H      0.923     0.036     2.509     2.477
   119   1 H      0.923     0.035     2.516     2.481
   120   1 H      0.923     0.030     2.584     2.514
   121   1 H      0.923     0.025     2.662     2.551
   122   1 H      0.923     0.027     2.632     2.537
   123   1 H      0.922     0.028     2.617     2.530
   124   1 H      0.923     0.032     2.560     2.502
   125   1 H      0.923     0.033     2.546     2.495
   126   1 H      0.923     0.036     2.497     2.471
   127   1 H      0.923     0.047     2.357     2.401
   128   1 H      0.923     0.044     2.399     2.422
   129   1 H      0.923     0.028     2.614     2.528
   130   1 H      0.923     0.035     2.520     2.483
   131   1 H      0.923     0.043     2.416     2.431
   132   1 H      0.923     0.034     2.531     2.488
   133   1 H      0.923     0.031     2.577     2.510
   134   1 H      0.923     0.020     2.729     2.583
   135   1 H      0.922     0.024     2.667     2.554
   136   1 H      0.922     0.029     2.608     2.526
   137   1 H      0.923     0.029     2.597     2.520
   138   1 H      0.923     0.032     2.558     2.501
   139   1 H      0.923     0.038     2.470     2.458
   140   1 H      0.923     0.037     2.495     2.470
   141   1 H      0.923     0.044     2.398     2.422
   142   1 H      0.922     0.037     2.493     2.469
   143   1 H      0.922     0.030     2.585     2.514
   144   1 H      0.923     0.033     2.540     2.492
   145   1 H      0.923     0.039     2.463     2.454
   146   1 H      0.923     0.032     2.565     2.505
   147   1 H      0.923     0.027     2.624     2.533
   148   1 H      0.923     0.027     2.624     2.533
   149   1 H      0.922     0.028     2.619     2.531
   150   1 H      0.923     0.033     2.547     2.496
   151   1 H      0.923     0.032     2.561     2.502
   152   1 H      0.923     0.037     2.489     2.467
   153   1 H      0.924     0.068     2.102     2.268
   154   1 H      0.925     0.088     1.895     2.153
   155   1 H      0.924     0.091     1.874     2.141

 Mol. C6AA /au·bohr⁶  :     373881.669382
 Mol. C8AA /au·bohr⁸  :   10295379.797493
 Mol. α(0) /au        :        959.271691


Wiberg/Mayer (AO) data.
largest (>0.10) Wiberg bond orders for each atom
          total WBO             WBO to atom ...
     1  S   3.120        N    5 1.393    N    2 1.392
     2  N   3.077        C    3 1.428    S    1 1.392    N    5 0.161
     3  C   3.969        N    2 1.428    C    6 1.167    C    4 1.152
     4  C   3.967        N    5 1.427    C    9 1.172    C    3 1.152
     5  N   3.076        C    4 1.427    S    1 1.393    N    2 0.161
     6  C   3.940        C    7 1.439    C    3 1.167    C   11 1.148
     7  C   3.965        C    6 1.439    C    8 1.361    H   92 0.961
     8  C   3.968        C    9 1.442    C    7 1.361    H   93 0.961
     9  C   3.936        C    8 1.442    C    4 1.172    C   10 1.133
    10  C   3.907        C   22 1.468    C    9 1.133    S   25 1.124
    11  C   3.895        C   12 1.456    C    6 1.148    S   15 1.121
    12  C   3.955        C   11 1.456    C   13 1.349    H   94 0.946
    13  C   3.942        C   14 1.373    C   12 1.349    C   16 0.985
    14  C   3.924        C   13 1.373    C   18 1.201    S   15 1.151
    15  S   2.569        C   14 1.151    C   11 1.121
    16  C   3.984        C   13 0.985    C   17 0.981    C   50 0.956    C   51 0.954
    17  C   3.954        C   19 1.420    C   18 1.321    C   16 0.981
    18  C   3.925        C   17 1.321    S   21 1.203    C   14 1.201
    19  C   3.954        C   17 1.420    C   20 1.363    H   95 0.938
    20  C   3.911        C   19 1.363    C   32 1.301    S   21 1.074
    21  S   2.595        C   18 1.203    C   20 1.074
    22  C   3.955        C   10 1.468    C   23 1.343    H   96 0.957
    23  C   3.940        C   24 1.376    C   22 1.343    C   26 0.980
    24  C   3.928        C   23 1.376    C   28 1.201    S   25 1.156
    25  S   2.585        C   24 1.156    C   10 1.124
    26  C   3.984        C   23 0.980    C   27 0.978    C   62 0.961    C   68 0.957
    27  C   3.954        C   29 1.411    C   28 1.330    C   26 0.978
    28  C   3.929        C   27 1.330    C   24 1.201    S   31 1.200
    29  C   3.957        C   27 1.411    C   30 1.372    H   97 0.947
    30  C   3.911        C   29 1.372    C   74 1.289    S   31 1.080
    31  S   2.610        C   28 1.200    C   30 1.080
    32  C   3.946        C   33 1.490    C   20 1.301    H   98 0.941
    33  C   3.949        C   32 1.490    C   34 1.145    C   37 1.048
    34  C   3.966        C   42 1.485    C   33 1.145    C   35 1.075
    35  C   3.980        C   38 1.399    C   36 1.298    C   34 1.075
    36  C   3.977        C   41 1.416    C   35 1.298    C   37 1.018
    37  C   3.920        O   43 1.742    C   33 1.048    C   36 1.018
    38  C   3.969        C   35 1.399    C   39 1.394    H   99 0.953
    39  C   3.919        C   38 1.394    C   40 1.342    Cl  48 1.012
    40  C   3.896        C   41 1.389    C   39 1.342    Cl  49 1.008
    41  C   3.975        C   36 1.416    C   40 1.389    H  100 0.959
    42  C   3.922        C   34 1.485    C   45 1.095    C   44 1.094
    43  O   2.041        C   37 1.742
    44  C   3.941        N   46 2.769    C   42 1.094
    45  C   3.941        N   47 2.758    C   42 1.095
    46  N   2.969        C   44 2.769
    47  N   2.966        C   45 2.758
    48  Cl  1.159        C   39 1.012
    49  Cl  1.156        C   40 1.008
    50  C   3.989        C   52 0.992    H  102 0.970    H  101 0.965    C   16 0.956
    51  C   3.989        C   53 0.996    H  103 0.972    H  104 0.972    C   16 0.954
    52  C   3.993        C   56 0.997    C   54 0.993    C   50 0.992    H  105 0.965
    53  C   3.990        C   51 0.996    C   60 0.994    C   58 0.991    H  106 0.960
    54  C   3.993        C   55 1.021    C   52 0.993    H  107 0.976    H  108 0.968
    55  C   3.997        C   54 1.021    H  110 0.987    H  111 0.986    H  109 0.984
    56  C   3.996        C   57 1.020    C   52 0.997    H  113 0.977    H  112 0.976
    57  C   3.996        C   56 1.020    H  114 0.987    H  115 0.986    H  116 0.983
    58  C   3.995        C   59 1.022    C   53 0.991    H  117 0.974    H  118 0.973
    59  C   3.996        C   58 1.022    H  120 0.986    H  119 0.986    H  121 0.978
    60  C   3.995        C   61 1.020    C   53 0.994    H  123 0.977    H  122 0.975
    61  C   3.996        C   60 1.020    H  124 0.987    H  125 0.986    H  126 0.984
    62  C   3.990        C   63 0.994    H  128 0.968    H  127 0.968    C   26 0.961
    63  C   3.993        C   66 0.997    C   62 0.994    C   64 0.992    H  129 0.965
    64  C   3.994        C   65 1.022    C   63 0.992    H  130 0.975    H  131 0.971
    65  C   3.997        C   64 1.022    H  133 0.987    H  134 0.986    H  132 0.985
    66  C   3.996        C   67 1.020    C   63 0.997    H  136 0.977    H  135 0.976
    67  C   3.996        C   66 1.020    H  137 0.987    H  138 0.986    H  139 0.984
    68  C   3.989        C   69 0.989    H  140 0.974    H  141 0.972    C   26 0.957
    69  C   3.991        C   70 0.995    C   72 0.995    C   68 0.989    H  142 0.963
    70  C   3.995        C   71 1.020    C   69 0.995    H  143 0.977    H  144 0.972
    71  C   3.996        C   70 1.020    H  147 0.987    H  146 0.987    H  145 0.981
    72  C   3.995        C   73 1.020    C   69 0.995    H  149 0.977    H  148 0.976
    73  C   3.996        C   72 1.020    H  150 0.987    H  151 0.986    H  152 0.982
    74  C   3.948        C   75 1.501    C   30 1.289    H  153 0.944
    75  C   3.949        C   74 1.501    C   76 1.142    C   79 1.042
    76  C   3.967        C   85 1.489    C   75 1.142    C   77 1.076
    77  C   3.980        C   80 1.400    C   78 1.296    C   76 1.076
    78  C   3.976        C   83 1.418    C   77 1.296    C   79 1.013
    79  C   3.921        O   84 1.753    C   75 1.042    C   78 1.013
    80  C   3.970        C   77 1.400    C   81 1.394    H  154 0.954
    81  C   3.919        C   80 1.394    C   82 1.343    Cl  91 1.012
    82  C   3.896        C   83 1.387    C   81 1.343    Cl  90 1.009
    83  C   3.975        C   78 1.418    C   82 1.387    H  155 0.959
    84  O   2.045        C   79 1.753
    85  C   3.924        C   76 1.489    C   87 1.093    C   86 1.093
    86  C   3.941        N   89 2.770    C   85 1.093
    87  C   3.942        N   88 2.764    C   85 1.093
    88  N   2.966        C   87 2.764
    89  N   2.970        C   86 2.770
    90  Cl  1.156        C   82 1.009
    91  Cl  1.160        C   81 1.012
    92  H   0.995        C    7 0.961
    93  H   0.995        C    8 0.961
    94  H   0.995        C   12 0.946
    95  H   0.990        C   19 0.938
    96  H   0.996        C   22 0.957
    97  H   0.992        C   29 0.947
    98  H   0.993        C   32 0.941
    99  H   0.992        C   38 0.953
   100  H   0.991        C   41 0.959
   101  H   0.996        C   50 0.965
   102  H   0.997        C   50 0.970
   103  H   0.998        C   51 0.972
   104  H   0.997        C   51 0.972
   105  H   0.999        C   52 0.965
   106  H   0.998        C   53 0.960
   107  H   0.998        C   54 0.976
   108  H   0.998        C   54 0.968
   109  H   0.999        C   55 0.984
   110  H   0.999        C   55 0.987
   111  H   1.000        C   55 0.986
   112  H   0.999        C   56 0.976
   113  H   0.999        C   56 0.977
   114  H   0.999        C   57 0.987
   115  H   0.999        C   57 0.986
   116  H   0.998        C   57 0.983
   117  H   0.999        C   58 0.974
   118  H   0.999        C   58 0.973
   119  H   0.999        C   59 0.986
   120  H   0.999        C   59 0.986
   121  H   0.999        C   59 0.978
   122  H   0.999        C   60 0.975
   123  H   0.999        C   60 0.977
   124  H   0.999        C   61 0.987
   125  H   0.998        C   61 0.986
   126  H   0.999        C   61 0.984
   127  H   0.996        C   62 0.968
   128  H   0.997        C   62 0.968
   129  H   0.999        C   63 0.965
   130  H   0.998        C   64 0.975
   131  H   0.998        C   64 0.971
   132  H   0.999        C   65 0.985
   133  H   0.999        C   65 0.987
   134  H   1.000        C   65 0.986
   135  H   0.999        C   66 0.976
   136  H   0.999        C   66 0.977
   137  H   0.999        C   67 0.987
   138  H   0.999        C   67 0.986
   139  H   0.999        C   67 0.984
   140  H   0.998        C   68 0.974
   141  H   0.997        C   68 0.972
   142  H   0.999        C   69 0.963
   143  H   0.999        C   70 0.977
   144  H   0.999        C   70 0.972
   145  H   0.998        C   71 0.981
   146  H   0.999        C   71 0.987
   147  H   0.999        C   71 0.987
   148  H   0.999        C   72 0.976
   149  H   0.999        C   72 0.977
   150  H   0.999        C   73 0.987
   151  H   0.999        C   73 0.986
   152  H   0.999        C   73 0.982
   153  H   0.994        C   74 0.944
   154  H   0.992        C   80 0.954
   155  H   0.991        C   83 0.959

molecular dipole:
                 x           y           z       tot (Debye)
 q only:        1.600       0.577       4.261
   full:        1.575       0.858       4.461      12.222
molecular quadrupole (traceless):
                xx          xy          yy          xz          yz          zz
 q only:       36.700    -111.432    -120.211       2.674      53.098      83.511
  q+dip:       65.337     -47.675    -112.263     -22.993      29.945      46.926
   full:       65.360     -56.953    -112.496     -21.413      29.817      47.136


           -------------------------------------------------
          | TOTAL ENERGY             -251.090518838626 Eh   |
          | GRADIENT NORM               0.121935074851 Eh/α |
          | HOMO-LUMO GAP               0.999270922416 eV   |
           -------------------------------------------------

------------------------------------------------------------------------
 * finished run on 2021/04/12 at 13:53:04.129     
------------------------------------------------------------------------
 total:
 * wall-time:     0 d,  0 h,  0 min,  1.698 sec
 *  cpu-time:     0 d,  0 h,  0 min,  1.684 sec
 * ratio c/w:     0.992 speedup
 SCF:
 * wall-time:     0 d,  0 h,  0 min,  1.308 sec
 *  cpu-time:     0 d,  0 h,  0 min,  1.305 sec
 * ratio c/w:     0.998 speedup

