      -----------------------------------------------------------      
     |                   =====================                   |     
     |                           x T B                           |     
     |                   =====================                   |     
     |                         S. Grimme                         |     
     |          Mulliken Center for Theoretical Chemistry        |     
     |                    University of Bonn                     |     
     |                Version 6.2 RC2 (SAW190805)                |     
      -----------------------------------------------------------      

   This program is distributed in the hope that it will be useful,
   but WITHOUT ANY WARRANTY; without even the implied warranty of
   MERCHANTABILITY or FITNESS FOR A PARTICULAR PURPOSE.
   
   FOR NON-COMMERCIAL, ACADEMIA USE ONLY.
   
   Cite this work as:
   * S. Grimme, C. Bannwarth, P. Shushkov, J. Chem. Theory Comput., 2017,
     13, 1989-2009. DOI: 10.1021/acs.jctc.7b00118
   * C. Bannwarth, S. Ehlert and S. Grimme., J. Chem. Theory Comput., 2019,
     15, 1652-1671. DOI: 10.1021/acs.jctc.8b01176
   * P. Pracht, E. Caldeweyher, S. Ehlert, S. Grimme, ChemRxiv, 2019, preprint.
     DOI: 10.26434/chemrxiv.8326202.v1
   
   for DFT-D4:
   * E. Caldeweyher, C. Bannwarth and S. Grimme, J. Chem. Phys., 2017,
     147, 034112. DOI: 10.1063/1.4993215
   * E. Caldeweyher, S. Ehlert, A. Hansen, H. Neugebauer, S. Spicher,
     C. Bannwarth and S. Grimme, J. Chem. Phys., 2019, 150, 154122.
     DOI: 10.1063/1.5090222
   
   for sTDA-xTB:
   * S. Grimme and C. Bannwarth, J. Chem. Phys., 2016, 145, 054103.
     DOI: 10.1063/1.4959605
   
   in the mass-spec context:
   * V. Asgeirsson, C. Bauer and S. Grimme, Chem. Sci., 2017, 8, 4879.
     DOI: 10.1039/c7sc00601b
   
   for metadynamics refer to:
   * S. Grimme, J. Chem. Theory Comput., 2019, 155, 2847-2862
     DOI: 10.1021/acs.jctc.9b00143
   
   with help from (in alphabetical order)
   C. Bannwarth, F. Bohle, G. Brandenburg, E. Caldeweyher, M. Checinski,
   S. Dohm, S. Ehlert, S. Ehrlich, F. März, H. Neugebauer, J. Pisarek,
   P. Pracht, P. Shushkov, and S. Spicher.
   
 * started run on 2021/04/12 at 13:53:05.975     

           -------------------------------------------------
          |                Calculation Setup                |
           -------------------------------------------------

          program call               : /ihome/ghutchison/geoffh/xtb/xtb BTN-4F.xyz -sp
          hostname                   : smp-n149
          coordinate file            : BTN-4F.xyz
          omp threads                :                     1
          number of atoms            :                    83
          number of electrons        :                   306
          charge                     :                     0
          spin                       :                   0.0
          first test random number   :      0.39435719676333


########################################################################
# WARNING! Please study the warnings concerning your input carefully
#  - XTBPATH is not set, using XTBHOME instead
#  - the use of '-sp' is discouraged, please use '--sp' next time
########################################################################

           ------------------------------------------------- 
          |                 G F N 2 - x T B                 |
          | Geometry, Frequencies, Noncovalent interactions |
          |            JCTC 2019 parametrisation            |
           ------------------------------------------------- 
             KAB for C  - Si     :                1.0500
             KAB for H  - Pd     :                0.9500
             k(s)              :                1.8500
             k(p)              :                2.2300
             k(d)              :                2.2300
             k(f)              :                2.0000
             kEN (H0ij)        :               -2.0000
             D4 a1             :                0.5200
             D4 a2             :                5.0000
             D4 s6             :                1.0000
             D4 s8             :                2.7000
             D4 s9             :                5.0000
             alphaj            :                2.0000

  Z AO/shell   Hii/eV     exponent
  1     Wed Apr 25 08:07:45 CEST 2018   EN: 2.200 GM2: 0.406  GM3: 0.0800  RAES: 1.40
     1s    -10.707211    1.230000
  6     Wed Apr 25 08:07:45 CEST 2018   EN: 2.550 GM2: 0.538  GM3: 0.1500  RAES: 3.00
     2s    -13.970922    2.096432
     2p    -10.063292    1.800000
  7     Wed Apr 25 08:07:45 CEST 2018   EN: 3.040 GM2: 0.461  GM3:-0.0640  RAES: 1.90
     2s    -16.686243    2.339881
     2p    -12.523956    2.014332
  8     Wed Apr 25 08:07:45 CEST 2018   EN: 3.440 GM2: 0.452  GM3:-0.0517  RAES: 1.80
     2s    -20.229985    2.439742
     2p    -15.503117    2.137023
  9     Mon Apr 23 13:58:50 CEST 2018   EN: 3.980 GM2: 0.532  GM3: 0.1426  RAES: 2.40
     2s    -23.458179    2.416361
     2p    -15.746583    2.308399
 16     Tue Apr 24 11:44:34 CEST 2018   EN: 2.580 GM2: 0.340  GM3:-0.0502  RAES: 3.10
     3s    -20.029654    1.981333
     3p    -11.377694    2.025643
     3d     -0.420282    1.702555

           ------------------------------------------------- 
          |        Self-Consistent Charge Iterations        |
           ------------------------------------------------- 

          ...................................................
          :                      SETUP                      :
          :.................................................:
          :  # basis functions                 293          :
          :  # atomic orbitals                 290          :
          :  # shells                          150          :
          :  # electrons                       306          :
          :  max. iterations                   250          :
          :  Hamiltonian                  GFN2-xTB          :
          :  restarted?                      false          :
          :  GBSA solvation                  false          :
          :  PC potential                    false          :
          :  electronic temp.          300.0000000     K    :
          :  accuracy                    1.0000000          :
          :  -> integral cutoff          0.2500000E+02      :
          :  -> integral neglect         0.1000000E-07      :
          :  -> SCF convergence          0.1000000E-05 Eh   :
          :  -> wf. convergence          0.1000000E-03 e    :
          :  Broyden damping             0.4000000          :
          ...................................................

 iter      E             dE          RMSdq      gap      omega  full diag
   1   -173.0997478 -0.173100E+03  0.523E+00    1.29       0.0  T
   2   -173.2621760 -0.162428E+00  0.360E+00    0.93       1.0  T
   3   -173.3111966 -0.490206E-01  0.219E+00    1.03       1.0  T
   4   -173.4593364 -0.148140E+00  0.940E-01    1.15       1.0  T
   5   -173.5224677 -0.631313E-01  0.268E-01    0.88       1.0  T
   6   -173.5270323 -0.456454E-02  0.140E-01    1.01       1.0  T
   7   -173.5280133 -0.980967E-03  0.630E-02    0.98       1.0  T
   8   -173.5282727 -0.259492E-03  0.243E-02    0.98       1.0  T
   9   -173.5282960 -0.232430E-04  0.126E-02    0.98       1.0  T
  10   -173.5283034 -0.742626E-05  0.580E-03    0.98       1.9  T
  11   -173.5283045 -0.112091E-05  0.274E-03    0.98       4.0  T
  12   -173.5283049 -0.343137E-06  0.128E-03    0.98       8.6  T
  13   -173.5283049 -0.658081E-07  0.672E-04    0.98      16.3  T
  14   -173.5283050 -0.176440E-07  0.317E-04    0.98      34.6  T

   *** convergence criteria satisfied after 14 iterations ***

         #    Occupation            Energy/Eh            Energy/eV
      -------------------------------------------------------------
         1        2.0000           -0.8548805             -23.2625
       ...           ...                  ...                  ...
       147        2.0000           -0.4215901             -11.4720
       148        2.0000           -0.4202913             -11.4367
       149        2.0000           -0.4150499             -11.2941
       150        2.0000           -0.4038419             -10.9891
       151        2.0000           -0.3994039             -10.8683
       152        2.0000           -0.3898844             -10.6093
       153        2.0000           -0.3815186             -10.3816 (HOMO)
       154                         -0.3454131              -9.3992 (LUMO)
       155                         -0.3389905              -9.2244
       156                         -0.3335358              -9.0760
       157                         -0.3258583              -8.8671
       158                         -0.3102204              -8.4415
       ...                                ...                  ...
       290                          1.0660002              29.0073
      -------------------------------------------------------------
                  HL-Gap            0.0361054 Eh            0.9825 eV
             Fermi-level           -0.3634663 Eh           -9.8904 eV

 SCC (total)                   0 d,  0 h,  0 min,  0.454 sec
 SCC setup                      ...        0 min,  0.002 sec (  0.393%)
 Dispersion                     ...        0 min,  0.004 sec (  0.805%)
 integral evaluation            ...        0 min,  0.151 sec ( 33.167%)
 zeroth order Hamiltonian       ...        0 min,  0.001 sec (  0.231%)
 iterations                     ...        0 min,  0.177 sec ( 38.933%)
 molecular gradient             ...        0 min,  0.119 sec ( 26.100%)
 printout                       ...        0 min,  0.002 sec (  0.359%)

         :::::::::::::::::::::::::::::::::::::::::::::::::::::
         ::                     SUMMARY                     ::
         :::::::::::::::::::::::::::::::::::::::::::::::::::::
         :: total energy            -171.185235187934 Eh    ::
         :: gradient norm              0.103267473293 Eh/a0 ::
         :: HOMO-LUMO gap              0.982479213135 eV    ::
         ::.................................................::
         :: SCC energy              -173.528304960131 Eh    ::
         :: -> isotropic ES            0.144660318262 Eh    ::
         :: -> anisotropic ES          0.008872416699 Eh    ::
         :: -> anisotropic XC          0.097137150521 Eh    ::
         :: -> dispersion             -0.134774273314 Eh    ::
         :: repulsion energy           2.343605148234 Eh    ::
         :: add. restraining           0.000000000000 Eh    ::
         :::::::::::::::::::::::::::::::::::::::::::::::::::::

           -------------------------------------------------
          |                Property Printout                |
           -------------------------------------------------

    * Orbital Energies and Occupations

         #    Occupation            Energy/Eh            Energy/eV
      -------------------------------------------------------------
         1        2.0000           -0.8548805             -23.2625
       ...           ...                  ...                  ...
       141        2.0000           -0.4378517             -11.9146
       142        2.0000           -0.4348163             -11.8320
       143        2.0000           -0.4304728             -11.7138
       144        2.0000           -0.4281768             -11.6513
       145        2.0000           -0.4261205             -11.5953
       146        2.0000           -0.4242135             -11.5434
       147        2.0000           -0.4215901             -11.4720
       148        2.0000           -0.4202913             -11.4367
       149        2.0000           -0.4150499             -11.2941
       150        2.0000           -0.4038419             -10.9891
       151        2.0000           -0.3994039             -10.8683
       152        2.0000           -0.3898844             -10.6093
       153        2.0000           -0.3815186             -10.3816 (HOMO)
       154                         -0.3454131              -9.3992 (LUMO)
       155                         -0.3389905              -9.2244
       156                         -0.3335358              -9.0760
       157                         -0.3258583              -8.8671
       158                         -0.3102204              -8.4415
       159                         -0.2911874              -7.9236
       160                         -0.2771726              -7.5423
       161                         -0.2717207              -7.3939
       162                         -0.2561501              -6.9702
       163                         -0.2534184              -6.8959
       164                         -0.2501848              -6.8079
       ...                                ...                  ...
       290                          1.0660002              29.0073
      -------------------------------------------------------------
                  HL-Gap            0.0361054 Eh            0.9825 eV
             Fermi-level           -0.3634663 Eh           -9.8904 eV

     #   Z        covCN         q      C6AA      α(0)
     1   6 C      3.033    -0.039    28.929     8.822
     2   6 C      3.046     0.030    27.285     8.567
     3   6 C      3.040     0.026    27.375     8.582
     4   6 C      3.057    -0.030    28.686     8.783
     5   6 C      3.311     0.072    24.510     7.901
     6   6 C      3.302     0.072    24.672     7.949
     7   7 N      1.843    -0.256    27.507     7.773
     8  16 S      2.647     0.284   130.004    19.190
     9   7 N      1.844    -0.263    27.681     7.797
    10   7 N      2.787    -0.030    21.825     6.939
    11   6 C      3.182     0.025    27.013     8.483
    12   6 C      3.077     0.009    27.735     8.634
    13   6 C      3.162     0.032    26.951     8.485
    14   6 C      3.157     0.023    27.189     8.526
    15   7 N      2.778    -0.039    21.985     6.964
    16   7 N      2.788     0.009    21.101     6.822
    17   6 C      3.077     0.045    26.908     8.505
    18   6 C      2.981    -0.071    29.770     8.950
    19   6 C      3.078     0.008    27.765     8.639
    20   6 C      3.171     0.007    27.495     8.566
    21  16 S      2.144    -0.013   141.578    20.026
    22  16 S      2.224    -0.014   141.618    20.029
    23   6 C      2.984     0.017    27.633     8.623
    24   6 C      3.067     0.008    27.773     8.642
    25   6 C      3.684    -0.050    21.690     6.668
    26   6 C      2.892    -0.014    28.351     8.730
    27   6 C      2.985    -0.042    29.036     8.839
    28   6 C      2.923    -0.008    28.209     8.710
    29   6 C      2.989    -0.035    28.863     8.813
    30   6 C      2.859     0.224    23.291     7.910
    31   6 C      3.027    -0.022    28.518     8.759
    32   6 C      3.012     0.004    27.920     8.668
    33   6 C      3.001     0.028    27.367     8.581
    34   6 C      2.859     0.227    23.238     7.901
    35   6 C      3.023    -0.020    28.480     8.754
    36   6 C      3.016     0.005    27.898     8.664
    37   6 C      3.002     0.034    27.224     8.559
    38   6 C      2.907    -0.039    28.969     8.825
    39   6 C      2.778     0.160    24.534     8.113
    40   6 C      2.775     0.162    24.497     8.106
    41   6 C      2.908    -0.051    29.268     8.871
    42   6 C      2.906    -0.037    28.928     8.819
    43   6 C      2.777     0.161    24.500     8.107
    44   6 C      2.775     0.163    24.461     8.100
    45   6 C      2.907    -0.050    29.252     8.868
    46   8 O      0.856    -0.370    21.091     6.157
    47   6 C      2.943     0.007    27.858     8.657
    48   6 C      1.912     0.118    28.205     8.577
    49   6 C      1.913     0.118    28.195     8.575
    50   9 F      0.787    -0.183    11.064     3.929
    51   9 F      0.787    -0.182    11.047     3.926
    52   8 O      0.856    -0.347    20.657     6.094
    53   6 C      2.944     0.011    27.774     8.643
    54   6 C      1.911     0.119    28.166     8.571
    55   6 C      1.912     0.117    28.231     8.581
    56   9 F      0.787    -0.179    11.017     3.921
    57   9 F      0.787    -0.179    11.026     3.922
    58   7 N      0.911    -0.228    25.987     7.373
    59   7 N      0.911    -0.234    26.137     7.394
    60   7 N      0.911    -0.223    25.874     7.357
    61   7 N      0.911    -0.229    26.010     7.376
    62   6 C      3.750    -0.099    22.447     6.757
    63   6 C      3.684    -0.052    21.723     6.673
    64   6 C      3.685    -0.054    21.751     6.677
    65   1 H      0.925     0.048     2.349     2.397
    66   1 H      0.923     0.070     2.089     2.260
    67   1 H      0.923     0.056     2.241     2.341
    68   1 H      0.924     0.064     2.149     2.292
    69   1 H      0.924     0.071     2.071     2.251
    70   1 H      0.923     0.082     1.959     2.189
    71   1 H      0.924     0.091     1.870     2.139
    72   1 H      0.925     0.090     1.878     2.143
    73   1 H      0.924     0.094     1.838     2.120
    74   1 H      0.925     0.091     1.872     2.140
    75   1 H      0.924     0.046     2.368     2.406
    76   1 H      0.923     0.065     2.141     2.289
    77   1 H      0.923     0.057     2.236     2.339
    78   1 H      0.923     0.073     2.053     2.241
    79   1 H      0.923     0.064     2.156     2.296
    80   1 H      0.924     0.068     2.105     2.269
    81   1 H      0.924     0.073     2.048     2.238
    82   1 H      0.924     0.059     2.210     2.325
    83   1 H      0.924     0.093     1.854     2.129

 Mol. C6AA /au·bohr⁶  :     134831.019845
 Mol. C8AA /au·bohr⁸  :    3706472.313820
 Mol. α(0) /au        :        581.528933


Wiberg/Mayer (AO) data.
largest (>0.10) Wiberg bond orders for each atom
          total WBO             WBO to atom ...
     1  C   3.949        C    2 1.285    C   13 1.239    C    6 1.163
     2  C   3.911        C    1 1.285    C    3 1.219    N   15 1.162
     3  C   3.926        C    4 1.276    C    2 1.219    N   10 1.165
     4  C   3.948        C   12 1.278    C    3 1.276    C    5 1.159
     5  C   3.972        N    7 1.457    C    4 1.159    C    6 1.150    S    8 0.104
     6  C   3.971        N    9 1.454    C    1 1.163    C    5 1.150    S    8 0.101
     7  N   3.071        C    5 1.457    S    8 1.360    N    9 0.147
     8  S   3.037        N    7 1.360    N    9 1.353    C    5 0.104    C    6 0.101
     9  N   3.065        C    6 1.454    S    8 1.353    N    7 0.147
    10  N   3.550        C    3 1.165    C   11 1.153    C   63 0.997
    11  C   3.928        C   12 1.308    C   19 1.244    N   10 1.153
    12  C   3.921        C   11 1.308    C    4 1.278    S   21 1.110
    13  C   3.936        C    1 1.239    N   16 1.231    C   14 1.216
    14  C   3.934        C   18 1.393    C   13 1.216    N   15 1.130
    15  N   3.529        C    2 1.162    C   14 1.130    C   25 1.000
    16  N   3.615        C   13 1.231    C   17 1.146    C   64 0.996
    17  C   3.928        C   18 1.311    C   26 1.273    N   16 1.146
    18  C   3.945        C   14 1.393    C   17 1.311    H   65 0.970
    19  C   3.929        C   20 1.326    C   11 1.244    S   22 1.133
    20  C   3.930        C   19 1.326    C   24 1.308    S   21 1.090
    21  S   2.510        C   12 1.110    C   20 1.090
    22  S   2.545        C   19 1.133    C   23 1.079
    23  C   3.923        C   24 1.395    C   28 1.244    S   22 1.079
    24  C   3.973        C   23 1.395    C   20 1.308    C   62 1.035
    25  C   3.965        N   15 1.000    H   66 0.977    H   68 0.976    H   67 0.972
    26  C   3.940        C   27 1.492    C   17 1.273    H   69 0.943
    27  C   3.949        C   26 1.492    C   33 1.156    C   30 1.039
    28  C   3.939        C   29 1.539    C   23 1.244    H   70 0.946
    29  C   3.956        C   28 1.539    C   37 1.145    C   34 1.006
    30  C   3.928        O   46 1.757    C   27 1.039    C   31 1.013
    31  C   3.975        C   38 1.408    C   32 1.315    C   30 1.013
    32  C   3.981        C   41 1.391    C   31 1.315    C   33 1.071
    33  C   3.967        C   47 1.479    C   27 1.156    C   32 1.071
    34  C   3.925        O   52 1.793    C   35 1.009    C   29 1.006
    35  C   3.975        C   42 1.408    C   36 1.311    C   34 1.009
    36  C   3.983        C   45 1.392    C   35 1.311    C   37 1.070
    37  C   3.975        C   53 1.485    C   29 1.145    C   36 1.070
    38  C   3.977        C   31 1.408    C   39 1.392    H   71 0.959
    39  C   3.865        C   38 1.392    C   40 1.318    F   50 0.993
    40  C   3.887        C   41 1.397    C   39 1.318    F   51 0.995
    41  C   3.971        C   40 1.397    C   32 1.391    H   72 0.954
    42  C   3.977        C   35 1.408    C   43 1.391    H   73 0.959
    43  C   3.867        C   42 1.391    C   44 1.317    F   57 0.996
    44  C   3.889        C   45 1.397    C   43 1.317    F   56 0.997
    45  C   3.972        C   44 1.397    C   36 1.392    H   74 0.955
    46  O   2.047        C   30 1.757
    47  C   3.925        C   33 1.479    C   48 1.097    C   49 1.095
    48  C   3.941        N   59 2.763    C   47 1.097
    49  C   3.941        N   58 2.769    C   47 1.095
    50  F   1.133        C   39 0.993
    51  F   1.137        C   40 0.995
    52  O   2.067        C   34 1.793
    53  C   3.947        C   37 1.485    C   54 1.095    C   55 1.093
    54  C   3.943        N   61 2.776    C   53 1.095
    55  C   3.943        N   60 2.775    C   53 1.093
    56  F   1.141        C   44 0.997
    57  F   1.138        C   43 0.996
    58  N   2.967        C   49 2.769
    59  N   2.968        C   48 2.763
    60  N   2.972        C   55 2.775
    61  N   2.983        C   54 2.776
    62  C   3.993        C   24 1.035    H   76 0.974    H   75 0.973    H   77 0.955
    63  C   3.962        N   10 0.997    H   80 0.976    H   78 0.974    H   79 0.970
    64  C   3.958        N   16 0.996    H   82 0.979    H   81 0.974    H   83 0.961
    65  H   0.997        C   18 0.970
    66  H   0.994        C   25 0.977
    67  H   0.994        C   25 0.972
    68  H   0.994        C   25 0.976
    69  H   0.992        C   26 0.943
    70  H   0.989        C   28 0.946
    71  H   0.991        C   38 0.959
    72  H   0.991        C   41 0.954
    73  H   0.990        C   42 0.959
    74  H   0.991        C   45 0.955
    75  H   0.997        C   62 0.973
    76  H   0.995        C   62 0.974
    77  H   0.995        C   62 0.955
    78  H   0.993        C   63 0.974
    79  H   0.993        C   63 0.970
    80  H   0.994        C   63 0.976
    81  H   0.994        C   64 0.974
    82  H   0.996        C   64 0.979
    83  H   0.991        C   64 0.961

molecular dipole:
                 x           y           z       tot (Debye)
 q only:        0.463       1.116      -2.022
   full:        0.907       1.277      -1.952       6.361
molecular quadrupole (traceless):
                xx          xy          yy          xz          yz          zz
 q only:     -138.125      -8.853      84.551     -22.923      13.527      53.573
  q+dip:     -124.884      -4.846      75.621     -35.803      14.161      49.263
   full:     -132.710      -2.909      80.224     -35.751      22.579      52.486


           -------------------------------------------------
          | TOTAL ENERGY             -171.185235187934 Eh   |
          | GRADIENT NORM               0.103267473293 Eh/α |
          | HOMO-LUMO GAP               0.982479213135 eV   |
           -------------------------------------------------

------------------------------------------------------------------------
 * finished run on 2021/04/12 at 13:53:06.594     
------------------------------------------------------------------------
 total:
 * wall-time:     0 d,  0 h,  0 min,  0.619 sec
 *  cpu-time:     0 d,  0 h,  0 min,  0.617 sec
 * ratio c/w:     0.996 speedup
 SCF:
 * wall-time:     0 d,  0 h,  0 min,  0.455 sec
 *  cpu-time:     0 d,  0 h,  0 min,  0.454 sec
 * ratio c/w:     0.998 speedup

