      -----------------------------------------------------------      
     |                   =====================                   |     
     |                           x T B                           |     
     |                   =====================                   |     
     |                         S. Grimme                         |     
     |          Mulliken Center for Theoretical Chemistry        |     
     |                    University of Bonn                     |     
     |                Version 6.2 RC2 (SAW190805)                |     
      -----------------------------------------------------------      

   This program is distributed in the hope that it will be useful,
   but WITHOUT ANY WARRANTY; without even the implied warranty of
   MERCHANTABILITY or FITNESS FOR A PARTICULAR PURPOSE.
   
   FOR NON-COMMERCIAL, ACADEMIA USE ONLY.
   
   Cite this work as:
   * S. Grimme, C. Bannwarth, P. Shushkov, J. Chem. Theory Comput., 2017,
     13, 1989-2009. DOI: 10.1021/acs.jctc.7b00118
   * C. Bannwarth, S. Ehlert and S. Grimme., J. Chem. Theory Comput., 2019,
     15, 1652-1671. DOI: 10.1021/acs.jctc.8b01176
   * P. Pracht, E. Caldeweyher, S. Ehlert, S. Grimme, ChemRxiv, 2019, preprint.
     DOI: 10.26434/chemrxiv.8326202.v1
   
   for DFT-D4:
   * E. Caldeweyher, C. Bannwarth and S. Grimme, J. Chem. Phys., 2017,
     147, 034112. DOI: 10.1063/1.4993215
   * E. Caldeweyher, S. Ehlert, A. Hansen, H. Neugebauer, S. Spicher,
     C. Bannwarth and S. Grimme, J. Chem. Phys., 2019, 150, 154122.
     DOI: 10.1063/1.5090222
   
   for sTDA-xTB:
   * S. Grimme and C. Bannwarth, J. Chem. Phys., 2016, 145, 054103.
     DOI: 10.1063/1.4959605
   
   in the mass-spec context:
   * V. Asgeirsson, C. Bauer and S. Grimme, Chem. Sci., 2017, 8, 4879.
     DOI: 10.1039/c7sc00601b
   
   for metadynamics refer to:
   * S. Grimme, J. Chem. Theory Comput., 2019, 155, 2847-2862
     DOI: 10.1021/acs.jctc.9b00143
   
   with help from (in alphabetical order)
   C. Bannwarth, F. Bohle, G. Brandenburg, E. Caldeweyher, M. Checinski,
   S. Dohm, S. Ehlert, S. Ehrlich, F. März, H. Neugebauer, J. Pisarek,
   P. Pracht, P. Shushkov, and S. Spicher.
   
 * started run on 2020/11/20 at 13:45:00.389     

           -------------------------------------------------
          |                Calculation Setup                |
           -------------------------------------------------

          program call               : /ihome/ghutchison/geoffh/xtb/xtb BTP-PhC6.xyz -sp
          hostname                   : smp-n25
          coordinate file            : BTP-PhC6.xyz
          omp threads                :                     1
          number of atoms            :                   138
          number of electrons        :                   442
          charge                     :                     0
          spin                       :                   0.0
          first test random number   :      0.99482608798901


########################################################################
# WARNING! Please study the warnings concerning your input carefully
#  - XTBPATH is not set, using XTBHOME instead
#  - the use of '-sp' is discouraged, please use '--sp' next time
########################################################################

           ------------------------------------------------- 
          |                 G F N 2 - x T B                 |
          | Geometry, Frequencies, Noncovalent interactions |
          |            JCTC 2019 parametrisation            |
           ------------------------------------------------- 
             KAB for C  - Si     :                1.0500
             KAB for H  - Pd     :                0.9500
             k(s)              :                1.8500
             k(p)              :                2.2300
             k(d)              :                2.2300
             k(f)              :                2.0000
             kEN (H0ij)        :               -2.0000
             D4 a1             :                0.5200
             D4 a2             :                5.0000
             D4 s6             :                1.0000
             D4 s8             :                2.7000
             D4 s9             :                5.0000
             alphaj            :                2.0000

  Z AO/shell   Hii/eV     exponent
  1     Wed Apr 25 08:07:45 CEST 2018   EN: 2.200 GM2: 0.406  GM3: 0.0800  RAES: 1.40
     1s    -10.707211    1.230000
  6     Wed Apr 25 08:07:45 CEST 2018   EN: 2.550 GM2: 0.538  GM3: 0.1500  RAES: 3.00
     2s    -13.970922    2.096432
     2p    -10.063292    1.800000
  7     Wed Apr 25 08:07:45 CEST 2018   EN: 3.040 GM2: 0.461  GM3:-0.0640  RAES: 1.90
     2s    -16.686243    2.339881
     2p    -12.523956    2.014332
  8     Wed Apr 25 08:07:45 CEST 2018   EN: 3.440 GM2: 0.452  GM3:-0.0517  RAES: 1.80
     2s    -20.229985    2.439742
     2p    -15.503117    2.137023
  9     Mon Apr 23 13:58:50 CEST 2018   EN: 3.980 GM2: 0.532  GM3: 0.1426  RAES: 2.40
     2s    -23.458179    2.416361
     2p    -15.746583    2.308399
 16     Tue Apr 24 11:44:34 CEST 2018   EN: 2.580 GM2: 0.340  GM3:-0.0502  RAES: 3.10
     3s    -20.029654    1.981333
     3p    -11.377694    2.025643
     3d     -0.420282    1.702555

           ------------------------------------------------- 
          |        Self-Consistent Charge Iterations        |
           ------------------------------------------------- 

          ...................................................
          :                      SETUP                      :
          :.................................................:
          :  # basis functions                 438          :
          :  # atomic orbitals                 433          :
          :  # shells                          233          :
          :  # electrons                       442          :
          :  max. iterations                   250          :
          :  Hamiltonian                  GFN2-xTB          :
          :  restarted?                      false          :
          :  GBSA solvation                  false          :
          :  PC potential                    false          :
          :  electronic temp.          300.0000000     K    :
          :  accuracy                    1.0000000          :
          :  -> integral cutoff          0.2500000E+02      :
          :  -> integral neglect         0.1000000E-07      :
          :  -> SCF convergence          0.1000000E-05 Eh   :
          :  -> wf. convergence          0.1000000E-03 e    :
          :  Broyden damping             0.4000000          :
          ...................................................

 iter      E             dE          RMSdq      gap      omega  full diag
   1   -245.7087927 -0.245709E+03  0.471E+00    1.21       0.0  T
   2   -245.6135686  0.952241E-01  0.320E+00    0.72       1.0  T
   3   -245.1899250  0.423644E+00  0.261E+00    0.86       1.0  T
   4   -245.9997278 -0.809803E+00  0.104E+00    0.56       1.0  T
   5   -246.1126512 -0.112923E+00  0.699E-01    0.52       1.0  T
   6   -246.1788634 -0.662122E-01  0.281E-01    0.46       1.0  T
   7   -246.1753442  0.351924E-02  0.227E-01    0.45       1.0  T
   8   -246.1786561 -0.331190E-02  0.116E-01    0.52       1.0  T
   9   -246.1804809 -0.182478E-02  0.436E-02    0.48       1.0  T
  10   -246.1807214 -0.240519E-03  0.188E-02    0.49       1.0  T
  11   -246.1807389 -0.174795E-04  0.856E-03    0.49       1.0  T
  12   -246.1807445 -0.559625E-05  0.429E-03    0.49       2.0  T
  13   -246.1807468 -0.233347E-05  0.194E-03    0.49       4.4  T
  14   -246.1807470 -0.213517E-06  0.109E-03    0.49       7.8  T
  15   -246.1807471 -0.903034E-07  0.465E-04    0.49      18.3  T
  16   -246.1807471 -0.731720E-08  0.279E-04    0.49      30.5  T

   *** convergence criteria satisfied after 16 iterations ***

         #    Occupation            Energy/Eh            Energy/eV
      -------------------------------------------------------------
         1        2.0000           -0.8557497             -23.2861
       ...           ...                  ...                  ...
       215        2.0000           -0.4072163             -11.0809
       216        2.0000           -0.4046595             -11.0113
       217        2.0000           -0.3999739             -10.8838
       218        2.0000           -0.3961901             -10.7809
       219        2.0000           -0.3850442             -10.4776
       220        2.0000           -0.3717185             -10.1150
       221        1.9998           -0.3661861              -9.9644 (HOMO)
       222        0.0002           -0.3482766              -9.4771 (LUMO)
       223                         -0.3293752              -8.9628
       224                         -0.3283146              -8.9339
       225                         -0.3021334              -8.2215
       226                         -0.2938198              -7.9952
       ...                                ...                  ...
       433                          1.0706646              29.1343
      -------------------------------------------------------------
                  HL-Gap            0.0179094 Eh            0.4873 eV
             Fermi-level           -0.3572299 Eh           -9.7207 eV

 SCC (total)                   0 d,  0 h,  0 min,  1.400 sec
 SCC setup                      ...        0 min,  0.005 sec (  0.338%)
 Dispersion                     ...        0 min,  0.012 sec (  0.822%)
 integral evaluation            ...        0 min,  0.406 sec ( 28.985%)
 zeroth order Hamiltonian       ...        0 min,  0.003 sec (  0.190%)
 iterations                     ...        0 min,  0.647 sec ( 46.212%)
 molecular gradient             ...        0 min,  0.324 sec ( 23.115%)
 printout                       ...        0 min,  0.005 sec (  0.333%)

         :::::::::::::::::::::::::::::::::::::::::::::::::::::
         ::                     SUMMARY                     ::
         :::::::::::::::::::::::::::::::::::::::::::::::::::::
         :: total energy            -242.848367906204 Eh    ::
         :: gradient norm              0.131136957943 Eh/a0 ::
         :: HOMO-LUMO gap              0.487340577149 eV    ::
         ::.................................................::
         :: SCC energy              -246.180747100323 Eh    ::
         :: -> isotropic ES            0.130439627016 Eh    ::
         :: -> anisotropic ES          0.020112289040 Eh    ::
         :: -> anisotropic XC          0.134812348387 Eh    ::
         :: -> dispersion             -0.218219648274 Eh    ::
         :: repulsion energy           3.326081977993 Eh    ::
         :: add. restraining           0.000000000000 Eh    ::
         :::::::::::::::::::::::::::::::::::::::::::::::::::::

           -------------------------------------------------
          |                Property Printout                |
           -------------------------------------------------

    * Orbital Energies and Occupations

         #    Occupation            Energy/Eh            Energy/eV
      -------------------------------------------------------------
         1        2.0000           -0.8557497             -23.2861
       ...           ...                  ...                  ...
       209        2.0000           -0.4226871             -11.5019
       210        2.0000           -0.4217963             -11.4777
       211        2.0000           -0.4210767             -11.4581
       212        2.0000           -0.4162047             -11.3255
       213        2.0000           -0.4135451             -11.2531
       214        2.0000           -0.4122009             -11.2166
       215        2.0000           -0.4072163             -11.0809
       216        2.0000           -0.4046595             -11.0113
       217        2.0000           -0.3999739             -10.8838
       218        2.0000           -0.3961901             -10.7809
       219        2.0000           -0.3850442             -10.4776
       220        2.0000           -0.3717185             -10.1150
       221        1.9998           -0.3661861              -9.9644 (HOMO)
       222        0.0002           -0.3482766              -9.4771 (LUMO)
       223                         -0.3293752              -8.9628
       224                         -0.3283146              -8.9339
       225                         -0.3021334              -8.2215
       226                         -0.2938198              -7.9952
       227                         -0.2863228              -7.7912
       228                         -0.2833856              -7.7113
       229                         -0.2764987              -7.5239
       230                         -0.2681222              -7.2960
       231                         -0.2625955              -7.1456
       232                         -0.2613312              -7.1112
       ...                                ...                  ...
       433                          1.0706646              29.1343
      -------------------------------------------------------------
                  HL-Gap            0.0179094 Eh            0.4873 eV
             Fermi-level           -0.3572299 Eh           -9.7207 eV

     #   Z        covCN         q      C6AA      α(0)
     1   6 C      3.867     0.130    18.431     6.105
     2   8 O      1.694    -0.320    19.348     5.939
     3   6 C      3.012     0.001    27.995     8.679
     4   6 C      2.906    -0.046    29.137     8.851
     5   6 C      2.776     0.167    24.385     8.088
     6   9 F      0.787    -0.171    10.941     3.907
     7   6 C      2.773     0.162    24.490     8.105
     8   9 F      0.787    -0.179    11.026     3.922
     9   6 C      2.907    -0.046    29.138     8.851
    10   6 C      3.011     0.003    27.938     8.670
    11   6 C      2.996     0.028    27.376     8.583
    12   6 C      2.943     0.026    27.424     8.589
    13   6 C      1.910     0.122    28.100     8.561
    14   7 N      0.911    -0.200    25.352     7.282
    15   6 C      1.908     0.123    28.090     8.559
    16   7 N      0.911    -0.201    25.364     7.284
    17   6 C      3.884     0.131    18.411     6.100
    18   6 C      2.920    -0.064    29.594     8.921
    19   6 C      3.060     0.041    27.032     8.526
    20  16 S      2.079    -0.106   145.470    20.300
    21   6 C      3.091     0.009    27.720     8.630
    22   6 C      3.106    -0.011    28.141     8.692
    23   6 C      3.979     0.018    20.207     6.387
    24   6 C      2.962     0.005    27.898     8.664
    25  16 S      2.170    -0.032   142.383    20.083
    26   6 C      3.080     0.004    27.841     8.650
    27   6 C      3.200     0.027    26.844     8.443
    28   7 N      2.792    -0.032    21.859     6.944
    29   6 C      3.786     0.030    20.088     6.384
    30   6 C      3.797    -0.059    21.645     6.625
    31   6 C      3.040     0.026    27.391     8.584
    32   6 C      3.059    -0.030    28.697     8.785
    33   6 C      3.307     0.072    24.596     7.926
    34   7 N      1.844    -0.255    27.482     7.769
    35  16 S      2.648     0.277   130.257    19.209
    36   7 N      1.845    -0.244    27.223     7.733
    37   6 C      3.302     0.070    24.715     7.955
    38   6 C      4.139     0.029    19.995     6.351
    39   6 C      3.299     0.026    25.684     8.116
    40   7 N      2.936    -0.047    22.138     6.988
    41   6 C      3.735    -0.001    20.684     6.490
    42   6 C      3.846    -0.021    20.925     6.507
    43   6 C      3.991    -0.032    21.068     6.521
    44   6 C      3.742    -0.070    21.917     6.679
    45  16 S      2.376    -0.088   144.707    20.246
    46   6 C      3.226     0.006    27.108     8.459
    47   6 C      4.324     0.076    19.239     6.229
    48  16 S      2.162    -0.078   144.312    20.219
    49   6 C      3.000     0.028    27.369     8.582
    50   6 C      3.032    -0.008    28.191     8.709
    51   6 C      2.962     0.007    27.854     8.657
    52   6 C      2.917    -0.011    28.280     8.721
    53   6 C      1.976    -0.027    31.775     9.103
    54   6 C      2.969     0.167    24.411     8.104
    55   6 C      2.943    -0.018    28.457     8.749
    56   6 C      1.908     0.114    28.289     8.590
    57   7 N      0.911    -0.231    26.061     7.383
    58   6 C      1.907     0.126    28.007     8.547
    59   7 N      0.911    -0.235    26.140     7.395
    60   6 C      3.020    -0.010    28.242     8.717
    61   6 C      2.905    -0.049    29.213     8.862
    62   6 C      2.776     0.162    24.490     8.105
    63   9 F      0.787    -0.182    11.047     3.926
    64   6 C      2.777     0.164    24.444     8.098
    65   9 F      0.788    -0.180    11.029     3.923
    66   6 C      2.905    -0.051    29.253     8.869
    67   6 C      3.029     0.006    27.866     8.659
    68   6 C      2.932     0.130    25.155     8.225
    69   8 O      1.714    -0.222    17.682     5.677
    70   6 C      3.796    -0.056    21.585     6.615
    71   6 C      3.745    -0.093    22.351     6.744
    72   6 C      3.799    -0.053    21.521     6.605
    73   6 C      3.745    -0.105    22.581     6.779
    74   6 C      3.746    -0.100    22.486     6.764
    75   6 C      3.797    -0.059    21.631     6.622
    76   6 C      3.746    -0.101    22.492     6.765
    77   6 C      2.913    -0.031    28.774     8.796
    78   6 C      2.913    -0.034    28.856     8.809
    79   6 C      2.958     0.016    27.648     8.624
    80   6 C      2.913    -0.036    28.893     8.814
    81   6 C      2.911    -0.037    28.921     8.818
    82   6 C      2.911    -0.037    28.918     8.818
    83   6 C      2.915    -0.036    28.905     8.816
    84   6 C      2.958     0.017    27.633     8.622
    85   6 C      2.914    -0.032    28.806     8.801
    86   6 C      2.911    -0.029    28.714     8.787
    87   6 C      3.800    -0.055    21.565     6.612
    88   6 C      3.745    -0.095    22.377     6.748
    89   6 C      3.800    -0.055    21.565     6.612
    90   6 C      3.745    -0.094    22.362     6.746
    91   1 H      0.925     0.090     1.881     2.145
    92   1 H      0.925     0.093     1.850     2.127
    93   1 H      0.925     0.068     2.106     2.270
    94   1 H      0.923     0.068     2.107     2.270
    95   1 H      0.923     0.040     2.454     2.450
    96   1 H      0.923     0.047     2.363     2.404
    97   1 H      0.924     0.055     2.255     2.348
    98   1 H      0.923     0.039     2.466     2.456
    99   1 H      0.922     0.040     2.448     2.447
   100   1 H      0.924     0.084     1.937     2.177
   101   1 H      0.925     0.093     1.853     2.129
   102   1 H      0.924     0.081     1.973     2.196
   103   1 H      0.923     0.050     2.324     2.384
   104   1 H      0.923     0.026     2.641     2.542
   105   1 H      0.923     0.039     2.467     2.456
   106   1 H      0.923     0.027     2.624     2.533
   107   1 H      0.923     0.032     2.554     2.499
   108   1 H      0.922     0.023     2.695     2.567
   109   1 H      0.922     0.028     2.622     2.532
   110   1 H      0.923     0.034     2.537     2.491
   111   1 H      0.923     0.036     2.505     2.475
   112   1 H      0.923     0.062     2.172     2.305
   113   1 H      0.923     0.042     2.423     2.434
   114   1 H      0.923     0.045     2.390     2.417
   115   1 H      0.923     0.036     2.504     2.475
   116   1 H      0.923     0.044     2.401     2.423
   117   1 H      0.923     0.041     2.439     2.443
   118   1 H      0.923     0.036     2.498     2.472
   119   1 H      0.923     0.045     2.383     2.414
   120   1 H      0.923     0.041     2.442     2.444
   121   1 H      0.924     0.040     2.451     2.448
   122   1 H      0.924     0.036     2.498     2.472
   123   1 H      0.924     0.035     2.519     2.482
   124   1 H      0.924     0.031     2.572     2.508
   125   1 H      0.925     0.033     2.538     2.491
   126   1 H      0.924     0.035     2.512     2.478
   127   1 H      0.924     0.039     2.458     2.452
   128   1 H      0.925     0.045     2.385     2.415
   129   1 H      0.923     0.037     2.485     2.465
   130   1 H      0.922     0.042     2.427     2.436
   131   1 H      0.923     0.034     2.529     2.487
   132   1 H      0.923     0.037     2.487     2.466
   133   1 H      0.923     0.037     2.495     2.470
   134   1 H      0.923     0.038     2.481     2.463
   135   1 H      0.923     0.038     2.481     2.463
   136   1 H      0.923     0.035     2.517     2.481
   137   1 H      0.923     0.038     2.474     2.460
   138   1 H      0.923     0.036     2.509     2.477

 Mol. C6AA /au·bohr⁶  :     305841.714026
 Mol. C8AA /au·bohr⁸  :    8285284.512247
 Mol. α(0) /au        :        867.149597


Wiberg/Mayer (AO) data.
largest (>0.10) Wiberg bond orders for each atom
          total WBO             WBO to atom ...
     1  C   3.896        C    3 1.002    C   23 0.946    O    2 0.912    C   17 0.902
     2  O   1.988        C    1 0.912    C   17 0.880
     3  C   3.977        C    4 1.443    C   10 1.305    C    1 1.002
     4  C   3.982        C    3 1.443    C    5 1.372    H   91 0.959
     5  C   3.862        C    4 1.372    C    7 1.322    F    6 1.004
     6  F   1.147        C    5 1.004
     7  C   3.897        C    9 1.406    C    5 1.322    F    8 0.995
     8  F   1.140        C    7 0.995
     9  C   3.972        C    7 1.406    C   10 1.374    H   92 0.955
    10  C   3.983        C    9 1.374    C    3 1.305    C   11 1.105
    11  C   3.979        C   12 1.587    C   10 1.105    C   17 0.996
    12  C   3.956        C   11 1.587    C   15 1.079    C   13 1.077
    13  C   3.945        N   14 2.802    C   12 1.077
    14  N   2.992        C   13 2.802
    15  C   3.945        N   16 2.796    C   12 1.079
    16  N   3.001        C   15 2.796
    17  C   3.894        C   18 1.003    C   11 0.996    C    1 0.902    O    2 0.880
    18  C   3.972        C   19 1.830    C   17 1.003    H   93 0.962
    19  C   3.954        C   18 1.830    S   20 1.032    C   23 0.954
    20  S   2.328        C   19 1.032    C   21 1.001
    21  C   3.943        C   22 1.521    C   27 1.218    S   20 1.001
    22  C   3.893        C   21 1.521    S   25 1.127    C   23 0.990
    23  C   3.979        C   22 0.990    C   19 0.954    C    1 0.946    C   24 0.941
    24  C   3.971        C   82 1.418    C   86 1.400    C   23 0.941    C   84 0.105
    25  S   2.557        C   22 1.127    C   26 1.102
    26  C   3.926        C   27 1.306    C   32 1.287    S   25 1.102
    27  C   3.921        C   26 1.306    C   21 1.218    N   28 1.175
    28  N   3.573        C   27 1.175    C   31 1.164    C   29 0.962
    29  C   3.956        C   75 0.988    C   30 0.983    N   28 0.962    H   94 0.952
    30  C   3.991        C   74 1.019    C   29 0.983    H   95 0.972    H   96 0.966
    31  C   3.946        C   32 1.273    C   39 1.226    N   28 1.164
    32  C   3.944        C   26 1.287    C   31 1.273    C   33 1.132
    33  C   3.973        N   34 1.474    C   37 1.167    C   32 1.132    S   35 0.108
    34  N   3.067        C   33 1.474    S   35 1.342    N   36 0.135
    35  S   3.004        N   34 1.342    N   36 1.330    C   37 0.117    C   33 0.108
    36  N   3.083        C   37 1.527    S   35 1.330    N   34 0.135
    37  C   3.968        N   36 1.527    C   33 1.167    C   38 1.040    S   35 0.117
    38  C   3.962        C   37 1.040    C   39 1.014    C   44 0.861    C   43 0.839
    39  C   3.884        C   31 1.226    N   40 1.225    C   38 1.014    C   43 0.148
    40  N   3.550        C   39 1.225    C   43 1.115    C   41 0.976
    41  C   3.963        C   42 0.982    N   40 0.976    H   98 0.960    H   97 0.954
    42  C   3.987        C   72 0.992    C   70 0.992    C   41 0.982    H   99 0.964
    43  C   3.504        N   40 1.115    C   47 0.863    C   38 0.839    C   44 0.281    C   39 0.148
    44  C   3.384        S   45 1.068    C   38 0.861    C   47 0.829    C   43 0.281    C   46 0.115
    45  S   2.543        C   46 1.150    C   44 1.068
    46  C   3.899        C   50 1.299    S   45 1.150    C   47 1.115    C   44 0.115
    47  C   3.948        C   46 1.115    S   48 0.977    C   43 0.863    C   44 0.829
    48  S   2.457        C   49 1.095    C   47 0.977
    49  C   3.880        C   50 1.396    C   52 1.144    S   48 1.095
    50  C   3.971        C   49 1.396    C   46 1.299    C   51 1.038
    51  C   3.984        C   81 1.383    C   77 1.380    C   50 1.038    C   79 0.102
    52  C   3.971        C   53 1.792    C   49 1.144    H  100 0.922
    53  C   3.821        C   52 1.792    C   68 1.718
    54  C   3.928        C   55 1.439    O   69 1.130    C   60 1.111
    55  C   3.939        C   54 1.439    C   56 1.104    C   58 1.098
    56  C   3.944        N   57 2.771    C   55 1.104
    57  N   2.983        C   56 2.771
    58  C   3.946        N   59 2.777    C   55 1.098
    59  N   2.973        C   58 2.777
    60  C   3.981        C   61 1.354    C   67 1.307    C   54 1.111
    61  C   3.975        C   62 1.431    C   60 1.354    H  101 0.956
    62  C   3.876        C   61 1.431    C   64 1.294    F   63 0.994
    63  F   1.137        C   62 0.994
    64  C   3.872        C   66 1.421    C   62 1.294    F   65 0.997
    65  F   1.139        C   64 0.997
    66  C   3.981        C   64 1.421    C   67 1.368    H  102 0.962
    67  C   3.973        C   66 1.368    C   60 1.307    C   68 1.087
    68  C   3.910        C   53 1.718    C   67 1.087    O   69 0.957
    69  O   2.352        C   54 1.130    C   68 0.957
    70  C   3.994        C   71 1.022    C   42 0.992    H  104 0.972    H  103 0.969
    71  C   3.996        C   70 1.022    H  105 0.987    H  106 0.986    H  107 0.983
    72  C   3.995        C   73 1.020    C   42 0.992    H  109 0.977    H  108 0.975
    73  C   3.992        C   72 1.020    H  110 0.987    H  111 0.986    H  112 0.977
    74  C   3.994        C   30 1.019    H  115 0.986    H  114 0.985    H  113 0.985
    75  C   3.992        C   76 1.019    C   29 0.988    H  117 0.973    H  116 0.966
    76  C   3.994        C   75 1.019    H  118 0.987    H  120 0.986    H  119 0.986
    77  C   3.984        C   78 1.458    C   51 1.380    H  121 0.968    C   80 0.106
    78  C   3.988        C   77 1.458    C   79 1.402    H  122 0.968    C   81 0.105
    79  C   3.971        C   80 1.406    C   78 1.402    C   89 1.013    C   51 0.102
    80  C   3.989        C   81 1.453    C   79 1.406    H  123 0.968    C   77 0.106
    81  C   3.988        C   80 1.453    C   51 1.383    H  124 0.967    C   78 0.105
    82  C   3.988        C   83 1.438    C   24 1.418    H  125 0.964    C   85 0.109
    83  C   3.988        C   82 1.438    C   84 1.416    H  126 0.968    C   86 0.108
    84  C   3.984        C   83 1.416    C   85 1.401    C   87 1.013    C   24 0.105
    85  C   3.988        C   86 1.455    C   84 1.401    H  127 0.967    C   82 0.109
    86  C   3.988        C   85 1.455    C   24 1.400    H  128 0.967    C   83 0.108
    87  C   3.996        C   84 1.013    C   88 1.007    H  129 0.976    H  130 0.964
    88  C   3.995        C   87 1.007    H  131 0.988    H  132 0.986    H  133 0.986
    89  C   3.996        C   79 1.013    C   90 1.001    H  135 0.974    H  134 0.972
    90  C   3.994        C   89 1.001    H  138 0.988    H  136 0.988    H  137 0.986
    91  H   0.991        C    4 0.959
    92  H   0.991        C    9 0.955
    93  H   0.994        C   18 0.962
    94  H   0.995        C   29 0.952
    95  H   0.997        C   30 0.972
    96  H   0.998        C   30 0.966
    97  H   0.996        C   41 0.954
    98  H   0.995        C   41 0.960
    99  H   0.998        C   42 0.964
   100  H   0.981        C   52 0.922
   101  H   0.991        C   61 0.956
   102  H   0.993        C   66 0.962
   103  H   0.997        C   70 0.969
   104  H   0.999        C   70 0.972
   105  H   0.998        C   71 0.987
   106  H   0.999        C   71 0.986
   107  H   0.999        C   71 0.983
   108  H   0.999        C   72 0.975
   109  H   0.999        C   72 0.977
   110  H   0.999        C   73 0.987
   111  H   0.998        C   73 0.986
   112  H   0.996        C   73 0.977
   113  H   0.998        C   74 0.985
   114  H   0.997        C   74 0.985
   115  H   0.999        C   74 0.986
   116  H   0.998        C   75 0.966
   117  H   0.998        C   75 0.973
   118  H   0.999        C   76 0.987
   119  H   0.998        C   76 0.986
   120  H   0.998        C   76 0.986
   121  H   0.998        C   77 0.968
   122  H   0.998        C   78 0.968
   123  H   0.998        C   80 0.968
   124  H   0.999        C   81 0.967
   125  H   0.999        C   82 0.964
   126  H   0.998        C   83 0.968
   127  H   0.998        C   85 0.967
   128  H   0.997        C   86 0.967
   129  H   0.998        C   87 0.976
   130  H   0.998        C   87 0.964
   131  H   0.999        C   88 0.988
   132  H   0.998        C   88 0.986
   133  H   0.999        C   88 0.986
   134  H   0.998        C   89 0.972
   135  H   0.998        C   89 0.974
   136  H   0.999        C   90 0.988
   137  H   0.998        C   90 0.986
   138  H   0.999        C   90 0.988

molecular dipole:
                 x           y           z       tot (Debye)
 q only:        1.410       2.966      -0.906
   full:        1.592       3.326      -1.158       9.824
molecular quadrupole (traceless):
                xx          xy          yy          xz          yz          zz
 q only:       56.608     114.212       9.009    -126.419       9.662     -65.617
  q+dip:       82.732     125.123      -3.237    -145.008       8.066     -79.494
   full:       90.316     127.657      -5.664    -148.178      10.982     -84.652


           -------------------------------------------------
          | TOTAL ENERGY             -242.848367906204 Eh   |
          | GRADIENT NORM               0.131136957943 Eh/α |
          | HOMO-LUMO GAP               0.487340577149 eV   |
           -------------------------------------------------

------------------------------------------------------------------------
 * finished run on 2020/11/20 at 13:45:02.215     
------------------------------------------------------------------------
 total:
 * wall-time:     0 d,  0 h,  0 min,  1.826 sec
 *  cpu-time:     0 d,  0 h,  0 min,  1.825 sec
 * ratio c/w:     0.999 speedup
 SCF:
 * wall-time:     0 d,  0 h,  0 min,  1.401 sec
 *  cpu-time:     0 d,  0 h,  0 min,  1.401 sec
 * ratio c/w:     1.000 speedup

