      -----------------------------------------------------------      
     |                   =====================                   |     
     |                           x T B                           |     
     |                   =====================                   |     
     |                         S. Grimme                         |     
     |          Mulliken Center for Theoretical Chemistry        |     
     |                    University of Bonn                     |     
     |                Version 6.2 RC2 (SAW190805)                |     
      -----------------------------------------------------------      

   This program is distributed in the hope that it will be useful,
   but WITHOUT ANY WARRANTY; without even the implied warranty of
   MERCHANTABILITY or FITNESS FOR A PARTICULAR PURPOSE.
   
   FOR NON-COMMERCIAL, ACADEMIA USE ONLY.
   
   Cite this work as:
   * S. Grimme, C. Bannwarth, P. Shushkov, J. Chem. Theory Comput., 2017,
     13, 1989-2009. DOI: 10.1021/acs.jctc.7b00118
   * C. Bannwarth, S. Ehlert and S. Grimme., J. Chem. Theory Comput., 2019,
     15, 1652-1671. DOI: 10.1021/acs.jctc.8b01176
   * P. Pracht, E. Caldeweyher, S. Ehlert, S. Grimme, ChemRxiv, 2019, preprint.
     DOI: 10.26434/chemrxiv.8326202.v1
   
   for DFT-D4:
   * E. Caldeweyher, C. Bannwarth and S. Grimme, J. Chem. Phys., 2017,
     147, 034112. DOI: 10.1063/1.4993215
   * E. Caldeweyher, S. Ehlert, A. Hansen, H. Neugebauer, S. Spicher,
     C. Bannwarth and S. Grimme, J. Chem. Phys., 2019, 150, 154122.
     DOI: 10.1063/1.5090222
   
   for sTDA-xTB:
   * S. Grimme and C. Bannwarth, J. Chem. Phys., 2016, 145, 054103.
     DOI: 10.1063/1.4959605
   
   in the mass-spec context:
   * V. Asgeirsson, C. Bauer and S. Grimme, Chem. Sci., 2017, 8, 4879.
     DOI: 10.1039/c7sc00601b
   
   for metadynamics refer to:
   * S. Grimme, J. Chem. Theory Comput., 2019, 155, 2847-2862
     DOI: 10.1021/acs.jctc.9b00143
   
   with help from (in alphabetical order)
   C. Bannwarth, F. Bohle, G. Brandenburg, E. Caldeweyher, M. Checinski,
   S. Dohm, S. Ehlert, S. Ehrlich, F. März, H. Neugebauer, J. Pisarek,
   P. Pracht, P. Shushkov, and S. Spicher.
   
 * started run on 2020/11/20 at 13:45:02.258     

           -------------------------------------------------
          |                Calculation Setup                |
           -------------------------------------------------

          program call               : /ihome/ghutchison/geoffh/xtb/xtb BTSe-4F.xyz -sp
          hostname                   : smp-n25
          coordinate file            : BTSe-4F.xyz
          omp threads                :                     1
          number of atoms            :                    79
          number of electrons        :                   300
          charge                     :                     0
          spin                       :                   0.0
          first test random number   :      0.36771727365254


########################################################################
# WARNING! Please study the warnings concerning your input carefully
#  - XTBPATH is not set, using XTBHOME instead
#  - the use of '-sp' is discouraged, please use '--sp' next time
########################################################################

           ------------------------------------------------- 
          |                 G F N 2 - x T B                 |
          | Geometry, Frequencies, Noncovalent interactions |
          |            JCTC 2019 parametrisation            |
           ------------------------------------------------- 
             KAB for C  - Si     :                1.0500
             KAB for H  - Pd     :                0.9500
             k(s)              :                1.8500
             k(p)              :                2.2300
             k(d)              :                2.2300
             k(f)              :                2.0000
             kEN (H0ij)        :               -2.0000
             D4 a1             :                0.5200
             D4 a2             :                5.0000
             D4 s6             :                1.0000
             D4 s8             :                2.7000
             D4 s9             :                5.0000
             alphaj            :                2.0000

  Z AO/shell   Hii/eV     exponent
  1     Wed Apr 25 08:07:45 CEST 2018   EN: 2.200 GM2: 0.406  GM3: 0.0800  RAES: 1.40
     1s    -10.707211    1.230000
  6     Wed Apr 25 08:07:45 CEST 2018   EN: 2.550 GM2: 0.538  GM3: 0.1500  RAES: 3.00
     2s    -13.970922    2.096432
     2p    -10.063292    1.800000
  7     Wed Apr 25 08:07:45 CEST 2018   EN: 3.040 GM2: 0.461  GM3:-0.0640  RAES: 1.90
     2s    -16.686243    2.339881
     2p    -12.523956    2.014332
  8     Wed Apr 25 08:07:45 CEST 2018   EN: 3.440 GM2: 0.452  GM3:-0.0517  RAES: 1.80
     2s    -20.229985    2.439742
     2p    -15.503117    2.137023
  9     Mon Apr 23 13:58:50 CEST 2018   EN: 3.980 GM2: 0.532  GM3: 0.1426  RAES: 2.40
     2s    -23.458179    2.416361
     2p    -15.746583    2.308399
 16     Tue Apr 24 11:44:34 CEST 2018   EN: 2.580 GM2: 0.340  GM3:-0.0502  RAES: 3.10
     3s    -20.029654    1.981333
     3p    -11.377694    2.025643
     3d     -0.420282    1.702555
 34     Tue Jun 26 11:49:08 CEST 2018   EN: 2.550 GM2: 0.235  GM3: 0.0914  RAES: 3.90
     4s    -20.584732    2.230969
     4p    -10.910799    2.150656
     4d     -0.110636    1.317549

           ------------------------------------------------- 
          |        Self-Consistent Charge Iterations        |
           ------------------------------------------------- 

          ...................................................
          :                      SETUP                      :
          :.................................................:
          :  # basis functions                 292          :
          :  # atomic orbitals                 288          :
          :  # shells                          146          :
          :  # electrons                       300          :
          :  max. iterations                   250          :
          :  Hamiltonian                  GFN2-xTB          :
          :  restarted?                      false          :
          :  GBSA solvation                  false          :
          :  PC potential                    false          :
          :  electronic temp.          300.0000000     K    :
          :  accuracy                    1.0000000          :
          :  -> integral cutoff          0.2500000E+02      :
          :  -> integral neglect         0.1000000E-07      :
          :  -> SCF convergence          0.1000000E-05 Eh   :
          :  -> wf. convergence          0.1000000E-03 e    :
          :  Broyden damping             0.4000000          :
          ...................................................

 iter      E             dE          RMSdq      gap      omega  full diag
   1   -169.6215637 -0.169622E+03  0.529E+00    1.35       0.0  T
   2   -169.7470400 -0.125476E+00  0.359E+00    1.01       1.0  T
   3   -169.7703907 -0.233507E-01  0.227E+00    1.00       1.0  T
   4   -169.9554015 -0.185011E+00  0.917E-01    1.16       1.0  T
   5   -170.0115491 -0.561477E-01  0.268E-01    0.90       1.0  T
   6   -170.0152450 -0.369590E-02  0.160E-01    1.04       1.0  T
   7   -170.0164281 -0.118310E-02  0.668E-02    1.00       1.0  T
   8   -170.0166894 -0.261213E-03  0.252E-02    1.00       1.0  T
   9   -170.0167008 -0.114065E-04  0.143E-02    1.00       1.0  T
  10   -170.0167092 -0.844986E-05  0.674E-03    1.00       1.7  T
  11   -170.0167104 -0.120865E-05  0.401E-03    1.00       2.8  T
  12   -170.0167109 -0.511983E-06  0.205E-03    1.00       5.5  T
  13   -170.0167110 -0.854287E-07  0.119E-03    1.00       9.5  T
  14   -170.0167111 -0.480958E-07  0.629E-04    1.00      17.9  T
  15   -170.0167111 -0.107285E-07  0.281E-04    1.00      40.0  T

   *** convergence criteria satisfied after 15 iterations ***

         #    Occupation            Energy/Eh            Energy/eV
      -------------------------------------------------------------
         1        2.0000           -0.8562318             -23.2993
       ...           ...                  ...                  ...
       144        2.0000           -0.4230803             -11.5126
       145        2.0000           -0.4181302             -11.3779
       146        2.0000           -0.4155601             -11.3080
       147        2.0000           -0.4086466             -11.1198
       148        2.0000           -0.3974536             -10.8153
       149        2.0000           -0.3902958             -10.6205
       150        2.0000           -0.3849598             -10.4753 (HOMO)
       151                         -0.3480985              -9.4722 (LUMO)
       152                         -0.3426700              -9.3245
       153                         -0.3357720              -9.1368
       154                         -0.3304807              -8.9928
       155                         -0.3109773              -8.4621
       ...                                ...                  ...
       288                          1.0610786              28.8734
      -------------------------------------------------------------
                  HL-Gap            0.0368613 Eh            1.0030 eV
             Fermi-level           -0.3665290 Eh           -9.9738 eV

 SCC (total)                   0 d,  0 h,  0 min,  0.555 sec
 SCC setup                      ...        0 min,  0.002 sec (  0.362%)
 Dispersion                     ...        0 min,  0.005 sec (  0.829%)
 integral evaluation            ...        0 min,  0.179 sec ( 32.218%)
 zeroth order Hamiltonian       ...        0 min,  0.001 sec (  0.209%)
 iterations                     ...        0 min,  0.230 sec ( 41.433%)
 molecular gradient             ...        0 min,  0.136 sec ( 24.601%)
 printout                       ...        0 min,  0.002 sec (  0.335%)

         :::::::::::::::::::::::::::::::::::::::::::::::::::::
         ::                     SUMMARY                     ::
         :::::::::::::::::::::::::::::::::::::::::::::::::::::
         :: total energy            -167.753326336126 Eh    ::
         :: gradient norm              0.102443995905 Eh/a0 ::
         :: HOMO-LUMO gap              1.003046886857 eV    ::
         ::.................................................::
         :: SCC energy              -170.016711080144 Eh    ::
         :: -> isotropic ES            0.140170963211 Eh    ::
         :: -> anisotropic ES          0.009347993064 Eh    ::
         :: -> anisotropic XC          0.093325971419 Eh    ::
         :: -> dispersion             -0.132345013322 Eh    ::
         :: repulsion energy           2.264255076452 Eh    ::
         :: add. restraining           0.000000000000 Eh    ::
         :::::::::::::::::::::::::::::::::::::::::::::::::::::

           -------------------------------------------------
          |                Property Printout                |
           -------------------------------------------------

    * Orbital Energies and Occupations

         #    Occupation            Energy/Eh            Energy/eV
      -------------------------------------------------------------
         1        2.0000           -0.8562318             -23.2993
       ...           ...                  ...                  ...
       138        2.0000           -0.4370966             -11.8940
       139        2.0000           -0.4364379             -11.8761
       140        2.0000           -0.4323367             -11.7645
       141        2.0000           -0.4276693             -11.6375
       142        2.0000           -0.4268592             -11.6154
       143        2.0000           -0.4253785             -11.5751
       144        2.0000           -0.4230803             -11.5126
       145        2.0000           -0.4181302             -11.3779
       146        2.0000           -0.4155601             -11.3080
       147        2.0000           -0.4086466             -11.1198
       148        2.0000           -0.3974536             -10.8153
       149        2.0000           -0.3902958             -10.6205
       150        2.0000           -0.3849598             -10.4753 (HOMO)
       151                         -0.3480985              -9.4722 (LUMO)
       152                         -0.3426700              -9.3245
       153                         -0.3357720              -9.1368
       154                         -0.3304807              -8.9928
       155                         -0.3109773              -8.4621
       156                         -0.2930184              -7.9734
       157                         -0.2841007              -7.7308
       158                         -0.2741094              -7.4589
       159                         -0.2610261              -7.1029
       160                         -0.2558702              -6.9626
       161                         -0.2553319              -6.9479
       ...                                ...                  ...
       288                          1.0610786              28.8734
      -------------------------------------------------------------
                  HL-Gap            0.0368613 Eh            1.0030 eV
             Fermi-level           -0.3665290 Eh           -9.9738 eV

     #   Z        covCN         q      C6AA      α(0)
     1   6 C      3.057    -0.028    28.648     8.778
     2   6 C      3.037     0.033    27.234     8.560
     3   6 C      3.045     0.026    27.390     8.584
     4   6 C      3.056    -0.028    28.632     8.775
     5   6 C      3.310     0.072    24.545     7.910
     6   6 C      3.305     0.072    24.626     7.934
     7   7 N      1.843    -0.255    27.484     7.770
     8  16 S      2.650     0.297   129.524    19.155
     9   7 N      1.844    -0.252    27.414     7.760
    10   7 N      2.785    -0.032    21.856     6.943
    11   6 C      3.194     0.028    26.875     8.453
    12   6 C      3.072     0.009    27.750     8.637
    13   6 C      3.051    -0.018    28.406     8.741
    14   6 C      3.196     0.035    26.689     8.422
    15   7 N      2.785    -0.035    21.913     6.952
    16  34 Se     2.207     0.084   232.929    26.594
    17   6 C      2.964     0.006    27.893     8.663
    18   6 C      3.006    -0.051    29.250     8.872
    19   6 C      3.082     0.009    27.715     8.630
    20   6 C      3.165     0.008    27.506     8.571
    21  16 S      2.147    -0.008   141.403    20.014
    22  16 S      2.227    -0.016   141.725    20.037
    23   6 C      2.984     0.016    27.648     8.625
    24   6 C      3.066     0.010    27.736     8.636
    25   6 C      3.684    -0.051    21.698     6.669
    26   6 C      3.685    -0.053    21.730     6.674
    27   6 C      2.908    -0.009    28.253     8.716
    28   6 C      2.987    -0.037    28.921     8.822
    29   6 C      2.931    -0.008    28.211     8.711
    30   6 C      2.987    -0.035    28.869     8.814
    31   6 C      2.863     0.224    23.297     7.912
    32   6 C      3.026    -0.017    28.405     8.742
    33   6 C      3.016     0.005    27.884     8.662
    34   6 C      3.001     0.031    27.284     8.568
    35   6 C      2.860     0.226    23.252     7.904
    36   6 C      3.022    -0.020    28.474     8.753
    37   6 C      3.015     0.005    27.891     8.663
    38   6 C      2.998     0.034    27.224     8.559
    39   6 C      2.906    -0.037    28.932     8.820
    40   6 C      2.778     0.162    24.498     8.107
    41   6 C      2.776     0.163    24.472     8.102
    42   6 C      2.907    -0.050    29.244     8.867
    43   6 C      2.906    -0.037    28.919     8.818
    44   6 C      2.777     0.162    24.491     8.106
    45   6 C      2.775     0.164    24.454     8.099
    46   6 C      2.907    -0.050    29.243     8.867
    47   8 O      0.893    -0.326    20.236     6.032
    48   6 C      2.943     0.010    27.805     8.648
    49   6 C      1.914     0.121    28.125     8.565
    50   6 C      1.915     0.119    28.173     8.572
    51   9 F      0.787    -0.180    11.031     3.923
    52   9 F      0.788    -0.180    11.026     3.922
    53   8 O      0.856    -0.348    20.675     6.096
    54   6 C      2.944     0.011    27.764     8.642
    55   6 C      1.914     0.121    28.133     8.566
    56   6 C      1.915     0.116    28.236     8.582
    57   9 F      0.787    -0.178    11.008     3.919
    58   9 F      0.787    -0.179    11.020     3.921
    59   7 N      0.911    -0.223    25.884     7.358
    60   7 N      0.911    -0.236    26.181     7.400
    61   7 N      0.911    -0.221    25.824     7.350
    62   7 N      0.911    -0.233    26.100     7.389
    63   6 C      3.749    -0.098    22.440     6.756
    64   1 H      0.924     0.053     2.281     2.362
    65   1 H      0.923     0.070     2.084     2.258
    66   1 H      0.924     0.066     2.132     2.283
    67   1 H      0.923     0.059     2.211     2.325
    68   1 H      0.924     0.068     2.108     2.271
    69   1 H      0.924     0.078     2.000     2.212
    70   1 H      0.923     0.061     2.186     2.312
    71   1 H      0.925     0.071     2.078     2.254
    72   1 H      0.923     0.084     1.941     2.179
    73   1 H      0.924     0.095     1.832     2.117
    74   1 H      0.925     0.092     1.863     2.134
    75   1 H      0.924     0.095     1.831     2.116
    76   1 H      0.925     0.090     1.878     2.143
    77   1 H      0.924     0.047     2.361     2.403
    78   1 H      0.923     0.066     2.135     2.285
    79   1 H      0.923     0.058     2.218     2.329

 Mol. C6AA /au·bohr⁶  :     135886.592981
 Mol. C8AA /au·bohr⁸  :    3963672.355466
 Mol. α(0) /au        :        587.594151


Wiberg/Mayer (AO) data.
largest (>0.10) Wiberg bond orders for each atom
          total WBO             WBO to atom ...
     1  C   3.952        C   13 1.283    C    2 1.273    C    6 1.157
     2  C   3.917        C    1 1.273    C    3 1.219    N   15 1.173
     3  C   3.925        C    4 1.280    C    2 1.219    N   10 1.161
     4  C   3.947        C    3 1.280    C   12 1.276    C    5 1.156
     5  C   3.972        N    7 1.458    C    4 1.156    C    6 1.152    S    8 0.104
     6  C   3.971        N    9 1.458    C    1 1.157    C    5 1.152    S    8 0.101
     7  N   3.072        C    5 1.458    S    8 1.362    N    9 0.146
     8  S   3.042        N    7 1.362    N    9 1.357    C    5 0.104    C    6 0.101
     9  N   3.081        C    6 1.458    S    8 1.357    N    7 0.146
    10  N   3.545        C    3 1.161    C   11 1.155    C   26 0.995
    11  C   3.933        C   12 1.309    C   19 1.244    N   10 1.155
    12  C   3.920        C   11 1.309    C    4 1.276    S   21 1.109
    13  C   3.944        C    1 1.283    C   14 1.263    Se  16 1.173
    14  C   3.934        C   18 1.351    C   13 1.263    N   15 1.136
    15  N   3.548        C    2 1.173    C   14 1.136    C   25 0.999
    16  Se  2.837        C   13 1.173    C   17 1.104    O   47 0.184    C   18 0.131
    17  C   3.941        C   18 1.366    C   27 1.305    Se  16 1.104
    18  C   3.967        C   17 1.366    C   14 1.351    H   64 0.958    Se  16 0.131
    19  C   3.936        C   20 1.328    C   11 1.244    S   22 1.133
    20  C   3.929        C   19 1.328    C   24 1.304    S   21 1.091
    21  S   2.507        C   12 1.109    C   20 1.091
    22  S   2.547        C   19 1.133    C   23 1.075
    23  C   3.923        C   24 1.402    C   29 1.239    S   22 1.075
    24  C   3.973        C   23 1.402    C   20 1.304    C   63 1.035
    25  C   3.965        N   15 0.999    H   66 0.976    H   65 0.975    H   67 0.970
    26  C   3.961        N   10 0.995    H   68 0.975    H   69 0.973    H   70 0.971
    27  C   3.942        C   28 1.484    C   17 1.305    H   71 0.937
    28  C   3.952        C   27 1.484    C   34 1.145    C   31 1.066
    29  C   3.944        C   30 1.548    C   23 1.239    H   72 0.945
    30  C   3.958        C   29 1.548    C   38 1.143    C   35 1.008
    31  C   3.918        O   47 1.712    C   28 1.066    C   32 1.019
    32  C   3.975        C   39 1.406    C   33 1.311    C   31 1.019
    33  C   3.978        C   42 1.391    C   32 1.311    C   34 1.072
    34  C   3.969        C   48 1.488    C   28 1.145    C   33 1.072
    35  C   3.926        O   53 1.791    C   36 1.013    C   30 1.008
    36  C   3.974        C   43 1.406    C   37 1.311    C   35 1.013
    37  C   3.982        C   46 1.391    C   36 1.311    C   38 1.070
    38  C   3.975        C   54 1.488    C   30 1.143    C   37 1.070
    39  C   3.975        C   32 1.406    C   40 1.392    H   73 0.959
    40  C   3.881        C   39 1.392    C   41 1.317    F   51 0.995
    41  C   3.887        C   42 1.398    C   40 1.317    F   52 0.996
    42  C   3.971        C   41 1.398    C   33 1.391    H   74 0.954
    43  C   3.978        C   36 1.406    C   44 1.394    H   75 0.959
    44  C   3.882        C   43 1.394    C   45 1.314    F   58 0.996
    45  C   3.889        C   46 1.398    C   44 1.314    F   57 0.998
    46  C   3.972        C   45 1.398    C   37 1.391    H   76 0.955
    47  O   2.163        C   31 1.712    Se  16 0.184
    48  C   3.953        C   34 1.488    C   49 1.095    C   50 1.093
    49  C   3.941        N   60 2.758    C   48 1.095
    50  C   3.942        N   59 2.771    C   48 1.093
    51  F   1.137        C   40 0.995
    52  F   1.139        C   41 0.996
    53  O   2.064        C   35 1.791
    54  C   3.968        C   38 1.488    C   55 1.094    C   56 1.091
    55  C   3.942        N   62 2.773    C   54 1.094
    56  C   3.943        N   61 2.775    C   54 1.091
    57  F   1.142        C   45 0.998
    58  F   1.139        C   44 0.996
    59  N   2.971        C   50 2.771
    60  N   2.966        C   49 2.758
    61  N   2.973        C   56 2.775
    62  N   2.983        C   55 2.773
    63  C   3.993        C   24 1.035    H   77 0.977    H   78 0.972    H   79 0.953
    64  H   0.997        C   18 0.958
    65  H   0.994        C   25 0.975
    66  H   0.994        C   25 0.976
    67  H   0.993        C   25 0.970
    68  H   0.993        C   26 0.975
    69  H   0.993        C   26 0.973
    70  H   0.993        C   26 0.971
    71  H   0.994        C   27 0.937
    72  H   0.989        C   29 0.945
    73  H   0.990        C   39 0.959
    74  H   0.991        C   42 0.954
    75  H   0.990        C   43 0.959
    76  H   0.991        C   46 0.955
    77  H   0.997        C   63 0.977
    78  H   0.995        C   63 0.972
    79  H   0.995        C   63 0.953

molecular dipole:
                 x           y           z       tot (Debye)
 q only:        0.829      -0.246      -2.654
   full:        1.401       0.075      -2.935       8.268
molecular quadrupole (traceless):
                xx          xy          yy          xz          yz          zz
 q only:     -102.160     -13.671      51.650     -20.439       5.404      50.510
  q+dip:      -85.653      -1.756      39.208     -28.042       7.817      46.445
   full:      -92.077      -0.312      43.021     -25.352      16.351      49.056


           -------------------------------------------------
          | TOTAL ENERGY             -167.753326336126 Eh   |
          | GRADIENT NORM               0.102443995905 Eh/α |
          | HOMO-LUMO GAP               1.003046886857 eV   |
           -------------------------------------------------

------------------------------------------------------------------------
 * finished run on 2020/11/20 at 13:45:03.011     
------------------------------------------------------------------------
 total:
 * wall-time:     0 d,  0 h,  0 min,  0.753 sec
 *  cpu-time:     0 d,  0 h,  0 min,  0.741 sec
 * ratio c/w:     0.985 speedup
 SCF:
 * wall-time:     0 d,  0 h,  0 min,  0.555 sec
 *  cpu-time:     0 d,  0 h,  0 min,  0.555 sec
 * ratio c/w:     0.999 speedup

