      -----------------------------------------------------------      
     |                   =====================                   |     
     |                           x T B                           |     
     |                   =====================                   |     
     |                         S. Grimme                         |     
     |          Mulliken Center for Theoretical Chemistry        |     
     |                    University of Bonn                     |     
     |                Version 6.2 RC2 (SAW190805)                |     
      -----------------------------------------------------------      

   This program is distributed in the hope that it will be useful,
   but WITHOUT ANY WARRANTY; without even the implied warranty of
   MERCHANTABILITY or FITNESS FOR A PARTICULAR PURPOSE.
   
   FOR NON-COMMERCIAL, ACADEMIA USE ONLY.
   
   Cite this work as:
   * S. Grimme, C. Bannwarth, P. Shushkov, J. Chem. Theory Comput., 2017,
     13, 1989-2009. DOI: 10.1021/acs.jctc.7b00118
   * C. Bannwarth, S. Ehlert and S. Grimme., J. Chem. Theory Comput., 2019,
     15, 1652-1671. DOI: 10.1021/acs.jctc.8b01176
   * P. Pracht, E. Caldeweyher, S. Ehlert, S. Grimme, ChemRxiv, 2019, preprint.
     DOI: 10.26434/chemrxiv.8326202.v1
   
   for DFT-D4:
   * E. Caldeweyher, C. Bannwarth and S. Grimme, J. Chem. Phys., 2017,
     147, 034112. DOI: 10.1063/1.4993215
   * E. Caldeweyher, S. Ehlert, A. Hansen, H. Neugebauer, S. Spicher,
     C. Bannwarth and S. Grimme, J. Chem. Phys., 2019, 150, 154122.
     DOI: 10.1063/1.5090222
   
   for sTDA-xTB:
   * S. Grimme and C. Bannwarth, J. Chem. Phys., 2016, 145, 054103.
     DOI: 10.1063/1.4959605
   
   in the mass-spec context:
   * V. Asgeirsson, C. Bauer and S. Grimme, Chem. Sci., 2017, 8, 4879.
     DOI: 10.1039/c7sc00601b
   
   for metadynamics refer to:
   * S. Grimme, J. Chem. Theory Comput., 2019, 155, 2847-2862
     DOI: 10.1021/acs.jctc.9b00143
   
   with help from (in alphabetical order)
   C. Bannwarth, F. Bohle, G. Brandenburg, E. Caldeweyher, M. Checinski,
   S. Dohm, S. Ehlert, S. Ehrlich, F. März, H. Neugebauer, J. Pisarek,
   P. Pracht, P. Shushkov, and S. Spicher.
   
 * started run on 2021/04/12 at 13:53:09.297     

           -------------------------------------------------
          |                Calculation Setup                |
           -------------------------------------------------

          program call               : /ihome/ghutchison/geoffh/xtb/xtb BTTPC.xyz -sp
          hostname                   : smp-n149
          coordinate file            : BTTPC.xyz
          omp threads                :                     1
          number of atoms            :                   103
          number of electrons        :                   348
          charge                     :                     0
          spin                       :                   0.0
          first test random number   :      0.07496452581695


########################################################################
# WARNING! Please study the warnings concerning your input carefully
#  - XTBPATH is not set, using XTBHOME instead
#  - the use of '-sp' is discouraged, please use '--sp' next time
########################################################################

           ------------------------------------------------- 
          |                 G F N 2 - x T B                 |
          | Geometry, Frequencies, Noncovalent interactions |
          |            JCTC 2019 parametrisation            |
           ------------------------------------------------- 
             KAB for C  - Si     :                1.0500
             KAB for H  - Pd     :                0.9500
             k(s)              :                1.8500
             k(p)              :                2.2300
             k(d)              :                2.2300
             k(f)              :                2.0000
             kEN (H0ij)        :               -2.0000
             D4 a1             :                0.5200
             D4 a2             :                5.0000
             D4 s6             :                1.0000
             D4 s8             :                2.7000
             D4 s9             :                5.0000
             alphaj            :                2.0000

  Z AO/shell   Hii/eV     exponent
  1     Wed Apr 25 08:07:45 CEST 2018   EN: 2.200 GM2: 0.406  GM3: 0.0800  RAES: 1.40
     1s    -10.707211    1.230000
  6     Wed Apr 25 08:07:45 CEST 2018   EN: 2.550 GM2: 0.538  GM3: 0.1500  RAES: 3.00
     2s    -13.970922    2.096432
     2p    -10.063292    1.800000
  7     Wed Apr 25 08:07:45 CEST 2018   EN: 3.040 GM2: 0.461  GM3:-0.0640  RAES: 1.90
     2s    -16.686243    2.339881
     2p    -12.523956    2.014332
  8     Wed Apr 25 08:07:45 CEST 2018   EN: 3.440 GM2: 0.452  GM3:-0.0517  RAES: 1.80
     2s    -20.229985    2.439742
     2p    -15.503117    2.137023
 16     Tue Apr 24 11:44:34 CEST 2018   EN: 2.580 GM2: 0.340  GM3:-0.0502  RAES: 3.10
     3s    -20.029654    1.981333
     3p    -11.377694    2.025643
     3d     -0.420282    1.702555

           ------------------------------------------------- 
          |        Self-Consistent Charge Iterations        |
           ------------------------------------------------- 

          ...................................................
          :                      SETUP                      :
          :.................................................:
          :  # basis functions                 364          :
          :  # atomic orbitals                 357          :
          :  # shells                          183          :
          :  # electrons                       348          :
          :  max. iterations                   250          :
          :  Hamiltonian                  GFN2-xTB          :
          :  restarted?                      false          :
          :  GBSA solvation                  false          :
          :  PC potential                    false          :
          :  electronic temp.          300.0000000     K    :
          :  accuracy                    1.0000000          :
          :  -> integral cutoff          0.2500000E+02      :
          :  -> integral neglect         0.1000000E-07      :
          :  -> SCF convergence          0.1000000E-05 Eh   :
          :  -> wf. convergence          0.1000000E-03 e    :
          :  Broyden damping             0.4000000          :
          ...................................................

 iter      E             dE          RMSdq      gap      omega  full diag
   1   -191.7713181 -0.191771E+03  0.484E+00    1.31       0.0  T
   2   -191.8930340 -0.121716E+00  0.312E+00    1.10       1.0  T
   3   -191.7836536  0.109380E+00  0.207E+00    1.08       1.0  T
   4   -192.0528800 -0.269226E+00  0.789E-01    1.26       1.0  T
   5   -192.1068302 -0.539501E-01  0.263E-01    1.05       1.0  T
   6   -192.1113077 -0.447757E-02  0.133E-01    1.16       1.0  T
   7   -192.1124114 -0.110363E-02  0.543E-02    1.12       1.0  T
   8   -192.1126007 -0.189309E-03  0.209E-02    1.13       1.0  T
   9   -192.1126155 -0.147938E-04  0.110E-02    1.13       1.0  T
  10   -192.1126220 -0.649457E-05  0.532E-03    1.13       1.9  T
  11   -192.1126231 -0.115563E-05  0.265E-03    1.13       3.7  T
  12   -192.1126235 -0.340181E-06  0.140E-03    1.13       7.0  T
  13   -192.1126236 -0.106329E-06  0.725E-04    1.13      13.6  T
  14   -192.1126236 -0.185819E-07  0.322E-04    1.13      30.6  T

   *** convergence criteria satisfied after 14 iterations ***

         #    Occupation            Energy/Eh            Energy/eV
      -------------------------------------------------------------
         1        2.0000           -0.7552369             -20.5510
       ...           ...                  ...                  ...
       168        2.0000           -0.4022117             -10.9447
       169        2.0000           -0.3996941             -10.8762
       170        2.0000           -0.3985092             -10.8440
       171        2.0000           -0.3917679             -10.6605
       172        2.0000           -0.3883446             -10.5674
       173        2.0000           -0.3817609             -10.3882
       174        2.0000           -0.3740938             -10.1796 (HOMO)
       175                         -0.3326788              -9.0527 (LUMO)
       176                         -0.3289904              -8.9523
       177                         -0.3159434              -8.5973
       178                         -0.3133567              -8.5269
       179                         -0.3045675              -8.2877
       ...                                ...                  ...
       357                          1.0758723              29.2760
      -------------------------------------------------------------
                  HL-Gap            0.0414149 Eh            1.1270 eV
             Fermi-level           -0.3533958 Eh           -9.6164 eV

 SCC (total)                   0 d,  0 h,  0 min,  0.682 sec
 SCC setup                      ...        0 min,  0.003 sec (  0.376%)
 Dispersion                     ...        0 min,  0.005 sec (  0.774%)
 integral evaluation            ...        0 min,  0.217 sec ( 31.892%)
 zeroth order Hamiltonian       ...        0 min,  0.001 sec (  0.207%)
 iterations                     ...        0 min,  0.284 sec ( 41.670%)
 molecular gradient             ...        0 min,  0.168 sec ( 24.696%)
 printout                       ...        0 min,  0.003 sec (  0.377%)

         :::::::::::::::::::::::::::::::::::::::::::::::::::::
         ::                     SUMMARY                     ::
         :::::::::::::::::::::::::::::::::::::::::::::::::::::
         :: total energy            -189.369239621086 Eh    ::
         :: gradient norm              0.108176922543 Eh/a0 ::
         :: HOMO-LUMO gap              1.126957205260 eV    ::
         ::.................................................::
         :: SCC energy              -192.112623584538 Eh    ::
         :: -> isotropic ES            0.111202217219 Eh    ::
         :: -> anisotropic ES          0.010869989910 Eh    ::
         :: -> anisotropic XC          0.132668227677 Eh    ::
         :: -> dispersion             -0.173332879803 Eh    ::
         :: repulsion energy           2.744241678757 Eh    ::
         :: add. restraining           0.000000000000 Eh    ::
         :::::::::::::::::::::::::::::::::::::::::::::::::::::

           -------------------------------------------------
          |                Property Printout                |
           -------------------------------------------------

    * Orbital Energies and Occupations

         #    Occupation            Energy/Eh            Energy/eV
      -------------------------------------------------------------
         1        2.0000           -0.7552369             -20.5510
       ...           ...                  ...                  ...
       162        2.0000           -0.4184125             -11.3856
       163        2.0000           -0.4145517             -11.2805
       164        2.0000           -0.4131734             -11.2430
       165        2.0000           -0.4108470             -11.1797
       166        2.0000           -0.4058048             -11.0425
       167        2.0000           -0.4037852             -10.9876
       168        2.0000           -0.4022117             -10.9447
       169        2.0000           -0.3996941             -10.8762
       170        2.0000           -0.3985092             -10.8440
       171        2.0000           -0.3917679             -10.6605
       172        2.0000           -0.3883446             -10.5674
       173        2.0000           -0.3817609             -10.3882
       174        2.0000           -0.3740938             -10.1796 (HOMO)
       175                         -0.3326788              -9.0527 (LUMO)
       176                         -0.3289904              -8.9523
       177                         -0.3159434              -8.5973
       178                         -0.3133567              -8.5269
       179                         -0.3045675              -8.2877
       180                         -0.2815493              -7.6613
       181                         -0.2783629              -7.5746
       182                         -0.2685925              -7.3088
       183                         -0.2634698              -7.1694
       184                         -0.2472149              -6.7271
       185                         -0.2444688              -6.6523
       ...                                ...                  ...
       357                          1.0758723              29.2760
      -------------------------------------------------------------
                  HL-Gap            0.0414149 Eh            1.1270 eV
             Fermi-level           -0.3533958 Eh           -9.6164 eV

     #   Z        covCN         q      C6AA      α(0)
     1   6 C      2.853     0.224    23.305     7.912
     2   8 O      0.856    -0.377    21.235     6.178
     3   6 C      3.018    -0.024    28.583     8.770
     4   6 C      2.903    -0.019    28.488     8.752
     5   6 C      3.114     0.008    27.678     8.618
     6   6 C      2.990     0.033    27.250     8.563
     7   6 C      2.921    -0.036    28.886     8.814
     8   6 C      3.009     0.001    27.977     8.676
     9   6 C      2.999     0.027    27.377     8.583
    10   6 C      2.943     0.003    27.954     8.672
    11   6 C      1.914     0.119    28.170     8.572
    12   7 N      0.911    -0.236    26.181     7.400
    13   6 C      1.913     0.116    28.237     8.582
    14   7 N      0.911    -0.240    26.273     7.413
    15   6 C      2.982    -0.036    28.893     8.817
    16   6 C      2.955    -0.008    28.208     8.711
    17   6 C      2.979     0.024    27.471     8.598
    18  16 S      2.257    -0.046   142.946    20.123
    19   6 C      3.083     0.009    27.722     8.632
    20   6 C      3.167     0.007    27.513     8.571
    21   6 C      3.058     0.020    27.513     8.602
    22   6 C      3.800    -0.056    21.579     6.614
    23   6 C      3.746    -0.094    22.364     6.746
    24  16 S      2.153    -0.017   141.761    20.039
    25   6 C      3.065     0.007    27.792     8.645
    26   6 C      3.202     0.029    26.791     8.433
    27   7 N      2.778    -0.062    22.448     7.037
    28   6 C      3.740    -0.004    20.726     6.496
    29   6 C      3.746    -0.105    22.584     6.779
    30   6 C      3.043     0.031    27.269     8.565
    31   6 C      3.053    -0.029    28.670     8.781
    32   6 C      3.306     0.071    24.624     7.932
    33   7 N      1.843    -0.255    27.477     7.769
    34  16 S      2.650     0.284   130.021    19.191
    35   7 N      1.843    -0.255    27.488     7.770
    36   6 C      3.308     0.072    24.566     7.918
    37   6 C      3.059    -0.031    28.720     8.788
    38   6 C      3.040     0.028    27.334     8.575
    39   7 N      2.786    -0.041    22.029     6.971
    40   6 C      3.735     0.002    20.630     6.482
    41   6 C      3.746    -0.113    22.727     6.800
    42   6 C      3.197     0.027    26.876     8.451
    43   6 C      3.066     0.007    27.796     8.645
    44  16 S      2.153    -0.017   141.772    20.040
    45   6 C      3.154     0.010    27.489     8.574
    46   6 C      3.085     0.010    27.701     8.628
    47  16 S      2.252    -0.033   142.401    20.084
    48   6 C      2.979     0.017    27.632     8.623
    49   6 C      3.058     0.009    27.756     8.640
    50   6 C      3.799    -0.045    21.374     6.583
    51   6 C      3.745    -0.097    22.416     6.754
    52   6 C      2.961    -0.013    28.331     8.730
    53   6 C      2.983    -0.038    28.946     8.825
    54   6 C      2.999     0.030    27.310     8.573
    55   6 C      2.944     0.005    27.913     8.665
    56   6 C      1.911     0.117    28.219     8.579
    57   7 N      0.911    -0.237    26.209     7.404
    58   6 C      1.913     0.120    28.146     8.568
    59   7 N      0.911    -0.242    26.317     7.420
    60   6 C      3.013     0.001    27.983     8.677
    61   6 C      2.920    -0.035    28.875     8.812
    62   6 C      2.988     0.033    27.249     8.563
    63   6 C      3.120     0.008    27.662     8.614
    64   6 C      2.903    -0.019    28.475     8.750
    65   6 C      3.016    -0.024    28.577     8.769
    66   6 C      2.865     0.221    23.348     7.920
    67   8 O      0.856    -0.371    21.117     6.161
    68   6 C      3.039    -0.045    29.072     8.844
    69   6 C      2.922    -0.010    28.277     8.720
    70  16 S      2.216    -0.006   141.284    20.005
    71  16 S      2.212    -0.006   141.296    20.006
    72   6 C      2.921    -0.010    28.276     8.720
    73   6 C      3.039    -0.045    29.073     8.844
    74   1 H      0.925     0.056     2.244     2.343
    75   1 H      0.925     0.056     2.244     2.343
    76   1 H      0.924     0.063     2.167     2.302
    77   1 H      0.925     0.064     2.153     2.295
    78   1 H      0.924     0.067     2.121     2.277
    79   1 H      0.924     0.074     2.045     2.236
    80   1 H      0.923     0.055     2.262     2.352
    81   1 H      0.923     0.035     2.514     2.480
    82   1 H      0.923     0.044     2.395     2.420
    83   1 H      0.923     0.040     2.444     2.445
    84   1 H      0.925     0.067     2.122     2.278
    85   1 H      0.923     0.061     2.191     2.315
    86   1 H      0.923     0.045     2.384     2.415
    87   1 H      0.923     0.053     2.288     2.365
    88   1 H      0.923     0.048     2.349     2.397
    89   1 H      0.923     0.058     2.222     2.331
    90   1 H      0.924     0.058     2.219     2.329
    91   1 H      0.923     0.050     2.318     2.381
    92   1 H      0.923     0.062     2.177     2.307
    93   1 H      0.923     0.054     2.275     2.359
    94   1 H      0.922     0.052     2.290     2.367
    95   1 H      0.924     0.036     2.506     2.476
    96   1 H      0.924     0.041     2.441     2.443
    97   1 H      0.923     0.052     2.296     2.370
    98   1 H      0.923     0.042     2.418     2.432
    99   1 H      0.923     0.084     1.942     2.179
   100   1 H      0.925     0.062     2.172     2.305
   101   1 H      0.924     0.064     2.157     2.297
   102   1 H      0.924     0.051     2.302     2.373
   103   1 H      0.924     0.051     2.308     2.376

 Mol. C6AA /au·bohr⁶  :     217765.710629
 Mol. C8AA /au·bohr⁸  :    6363076.393070
 Mol. α(0) /au        :        747.666295


Wiberg/Mayer (AO) data.
largest (>0.10) Wiberg bond orders for each atom
          total WBO             WBO to atom ...
     1  C   3.921        O    2 1.750    C   15 1.031    C    3 1.022
     2  O   2.044        C    1 1.750
     3  C   3.978        C    4 1.469    C    8 1.249    C    1 1.022
     4  C   3.980        C    3 1.469    C    5 1.320    H   76 0.963
     5  C   3.960        C    4 1.320    C    6 1.266    C   73 1.202
     6  C   3.950        C    7 1.377    C    5 1.266    S   71 1.127
     7  C   3.975        C    8 1.425    C    6 1.377    H   77 0.958
     8  C   3.980        C    7 1.425    C    3 1.249    C    9 1.088
     9  C   3.966        C   10 1.483    C   15 1.132    C    8 1.088
    10  C   3.922        C    9 1.483    C   13 1.096    C   11 1.095
    11  C   3.940        N   12 2.766    C   10 1.095
    12  N   2.970        C   11 2.766
    13  C   3.941        N   14 2.759    C   10 1.096
    14  N   2.963        C   13 2.759
    15  C   3.953        C   16 1.537    C    9 1.132    C    1 1.031
    16  C   3.947        C   15 1.537    C   17 1.252    H   78 0.940
    17  C   3.918        C   21 1.400    C   16 1.252    S   18 1.058
    18  S   2.538        C   19 1.138    C   17 1.058
    19  C   3.933        C   20 1.324    C   26 1.247    S   18 1.138
    20  C   3.927        C   19 1.324    C   21 1.307    S   24 1.086
    21  C   3.949        C   17 1.400    C   20 1.307    C   22 1.015
    22  C   3.987        C   21 1.015    C   23 0.992    H   80 0.966    H   79 0.955
    23  C   3.992        C   22 0.992    H   81 0.988    H   83 0.988    H   82 0.984
    24  S   2.505        C   25 1.113    C   20 1.086
    25  C   3.920        C   26 1.329    C   31 1.252    S   24 1.113
    26  C   3.938        C   25 1.329    C   19 1.247    N   27 1.135
    27  N   3.497        C   30 1.146    C   26 1.135    C   28 0.968
    28  C   3.960        C   29 1.010    N   27 0.968    H   85 0.967    H   84 0.953
    29  C   3.989        C   28 1.010    H   86 0.986    H   88 0.986    H   87 0.982
    30  C   3.929        C   31 1.302    C   38 1.217    N   27 1.146
    31  C   3.951        C   30 1.302    C   25 1.252    C   32 1.159
    32  C   3.971        N   33 1.459    C   31 1.159    C   36 1.148    S   34 0.103
    33  N   3.072        C   32 1.459    S   34 1.359    N   35 0.147
    34  S   3.038        N   33 1.359    N   35 1.358    C   32 0.103    C   36 0.102
    35  N   3.072        C   36 1.459    S   34 1.358    N   33 0.147
    36  C   3.971        N   35 1.459    C   37 1.160    C   32 1.148    S   34 0.102
    37  C   3.951        C   38 1.281    C   43 1.269    C   36 1.160
    38  C   3.928        C   37 1.281    C   30 1.217    N   39 1.169
    39  N   3.546        C   38 1.169    C   42 1.149    C   40 0.977
    40  C   3.964        C   41 1.011    N   39 0.977    H   89 0.965    H   90 0.963
    41  C   3.986        C   40 1.011    H   93 0.982    H   92 0.979    H   91 0.977
    42  C   3.936        C   43 1.317    C   46 1.244    N   39 1.149
    43  C   3.921        C   42 1.317    C   37 1.269    S   44 1.107
    44  S   2.504        C   43 1.107    C   45 1.087
    45  C   3.930        C   46 1.327    C   49 1.307    S   44 1.087
    46  C   3.929        C   45 1.327    C   42 1.244    S   47 1.137
    47  S   2.552        C   46 1.137    C   48 1.065
    48  C   3.919        C   49 1.398    C   52 1.252    S   47 1.065
    49  C   3.958        C   48 1.398    C   45 1.307    C   50 1.014
    50  C   3.994        C   49 1.014    C   51 1.006    H   95 0.972    H   94 0.951
    51  C   3.991        C   50 1.006    H   98 0.985    H   96 0.983    H   97 0.981
    52  C   3.943        C   53 1.539    C   48 1.252    H   99 0.941
    53  C   3.956        C   52 1.539    C   54 1.151    C   66 1.007
    54  C   3.968        C   55 1.464    C   53 1.151    C   60 1.078
    55  C   3.938        C   54 1.464    C   58 1.103    C   56 1.099
    56  C   3.942        N   57 2.765    C   55 1.099
    57  N   2.965        C   56 2.765
    58  C   3.942        N   59 2.759    C   55 1.103
    59  N   2.977        C   58 2.759
    60  C   3.981        C   61 1.432    C   65 1.246    C   54 1.078
    61  C   3.975        C   60 1.432    C   62 1.373    H  100 0.959
    62  C   3.951        C   61 1.373    C   63 1.266    S   70 1.129
    63  C   3.962        C   64 1.323    C   62 1.266    C   68 1.201
    64  C   3.981        C   65 1.467    C   63 1.323    H  101 0.962
    65  C   3.977        C   64 1.467    C   60 1.246    C   66 1.027
    66  C   3.921        O   67 1.772    C   65 1.027    C   53 1.007
    67  O   2.038        C   66 1.772
    68  C   3.978        C   69 1.673    C   63 1.201    H  102 0.961
    69  C   3.939        C   68 1.673    S   70 1.161    H   75 0.968
    70  S   2.564        C   69 1.161    C   62 1.129
    71  S   2.565        C   72 1.163    C    6 1.127
    72  C   3.938        C   73 1.671    S   71 1.163    H   74 0.968
    73  C   3.978        C   72 1.671    C    5 1.202    H  103 0.962
    74  H   0.996        C   72 0.968
    75  H   0.996        C   69 0.968
    76  H   0.996        C    4 0.963
    77  H   0.995        C    7 0.958
    78  H   0.993        C   16 0.940
    79  H   0.994        C   22 0.955
    80  H   0.996        C   22 0.966
    81  H   0.999        C   23 0.988
    82  H   0.997        C   23 0.984
    83  H   0.998        C   23 0.988
    84  H   0.994        C   28 0.953
    85  H   0.996        C   28 0.967
    86  H   0.998        C   29 0.986
    87  H   0.997        C   29 0.982
    88  H   0.998        C   29 0.986
    89  H   0.994        C   40 0.965
    90  H   0.996        C   40 0.963
    91  H   0.997        C   41 0.977
    92  H   0.996        C   41 0.979
    93  H   0.996        C   41 0.982
    94  H   0.996        C   50 0.951
    95  H   0.998        C   50 0.972
    96  H   0.998        C   51 0.983
    97  H   0.997        C   51 0.981
    98  H   0.997        C   51 0.985
    99  H   0.990        C   52 0.941
   100  H   0.995        C   61 0.959
   101  H   0.995        C   64 0.962
   102  H   0.997        C   68 0.961
   103  H   0.997        C   73 0.962

molecular dipole:
                 x           y           z       tot (Debye)
 q only:        1.856       0.377      -0.280
   full:        2.721       0.486      -0.022       7.025
molecular quadrupole (traceless):
                xx          xy          yy          xz          yz          zz
 q only:      -42.433      34.435      47.473       8.522      37.990      -5.040
  q+dip:      -54.039      55.514      64.997       5.336      69.209     -10.958
   full:      -47.482      58.751      55.966       3.776      73.083      -8.484


           -------------------------------------------------
          | TOTAL ENERGY             -189.369239621086 Eh   |
          | GRADIENT NORM               0.108176922543 Eh/α |
          | HOMO-LUMO GAP               1.126957205260 eV   |
           -------------------------------------------------

------------------------------------------------------------------------
 * finished run on 2021/04/12 at 13:53:10.213     
------------------------------------------------------------------------
 total:
 * wall-time:     0 d,  0 h,  0 min,  0.915 sec
 *  cpu-time:     0 d,  0 h,  0 min,  0.912 sec
 * ratio c/w:     0.997 speedup
 SCF:
 * wall-time:     0 d,  0 h,  0 min,  0.683 sec
 *  cpu-time:     0 d,  0 h,  0 min,  0.681 sec
 * ratio c/w:     0.998 speedup

