      -----------------------------------------------------------      
     |                   =====================                   |     
     |                           x T B                           |     
     |                   =====================                   |     
     |                         S. Grimme                         |     
     |          Mulliken Center for Theoretical Chemistry        |     
     |                    University of Bonn                     |     
     |                Version 6.2 RC2 (SAW190805)                |     
      -----------------------------------------------------------      

   This program is distributed in the hope that it will be useful,
   but WITHOUT ANY WARRANTY; without even the implied warranty of
   MERCHANTABILITY or FITNESS FOR A PARTICULAR PURPOSE.
   
   FOR NON-COMMERCIAL, ACADEMIA USE ONLY.
   
   Cite this work as:
   * S. Grimme, C. Bannwarth, P. Shushkov, J. Chem. Theory Comput., 2017,
     13, 1989-2009. DOI: 10.1021/acs.jctc.7b00118
   * C. Bannwarth, S. Ehlert and S. Grimme., J. Chem. Theory Comput., 2019,
     15, 1652-1671. DOI: 10.1021/acs.jctc.8b01176
   * P. Pracht, E. Caldeweyher, S. Ehlert, S. Grimme, ChemRxiv, 2019, preprint.
     DOI: 10.26434/chemrxiv.8326202.v1
   
   for DFT-D4:
   * E. Caldeweyher, C. Bannwarth and S. Grimme, J. Chem. Phys., 2017,
     147, 034112. DOI: 10.1063/1.4993215
   * E. Caldeweyher, S. Ehlert, A. Hansen, H. Neugebauer, S. Spicher,
     C. Bannwarth and S. Grimme, J. Chem. Phys., 2019, 150, 154122.
     DOI: 10.1063/1.5090222
   
   for sTDA-xTB:
   * S. Grimme and C. Bannwarth, J. Chem. Phys., 2016, 145, 054103.
     DOI: 10.1063/1.4959605
   
   in the mass-spec context:
   * V. Asgeirsson, C. Bauer and S. Grimme, Chem. Sci., 2017, 8, 4879.
     DOI: 10.1039/c7sc00601b
   
   for metadynamics refer to:
   * S. Grimme, J. Chem. Theory Comput., 2019, 155, 2847-2862
     DOI: 10.1021/acs.jctc.9b00143
   
   with help from (in alphabetical order)
   C. Bannwarth, F. Bohle, G. Brandenburg, E. Caldeweyher, M. Checinski,
   S. Dohm, S. Ehlert, S. Ehrlich, F. März, H. Neugebauer, J. Pisarek,
   P. Pracht, P. Shushkov, and S. Spicher.
   
 * started run on 2020/11/20 at 13:45:05.374     

           -------------------------------------------------
          |                Calculation Setup                |
           -------------------------------------------------

          program call               : /ihome/ghutchison/geoffh/xtb/xtb CH1007.xyz -sp
          hostname                   : smp-n25
          coordinate file            : CH1007.xyz
          omp threads                :                     1
          number of atoms            :                    97
          number of electrons        :                   344
          charge                     :                     0
          spin                       :                   0.0
          first test random number   :      0.36771727365254


########################################################################
# WARNING! Please study the warnings concerning your input carefully
#  - XTBPATH is not set, using XTBHOME instead
#  - the use of '-sp' is discouraged, please use '--sp' next time
########################################################################

           ------------------------------------------------- 
          |                 G F N 2 - x T B                 |
          | Geometry, Frequencies, Noncovalent interactions |
          |            JCTC 2019 parametrisation            |
           ------------------------------------------------- 
             KAB for C  - Si     :                1.0500
             KAB for H  - Pd     :                0.9500
             k(s)              :                1.8500
             k(p)              :                2.2300
             k(d)              :                2.2300
             k(f)              :                2.0000
             kEN (H0ij)        :               -2.0000
             D4 a1             :                0.5200
             D4 a2             :                5.0000
             D4 s6             :                1.0000
             D4 s8             :                2.7000
             D4 s9             :                5.0000
             alphaj            :                2.0000

  Z AO/shell   Hii/eV     exponent
  1     Wed Apr 25 08:07:45 CEST 2018   EN: 2.200 GM2: 0.406  GM3: 0.0800  RAES: 1.40
     1s    -10.707211    1.230000
  6     Wed Apr 25 08:07:45 CEST 2018   EN: 2.550 GM2: 0.538  GM3: 0.1500  RAES: 3.00
     2s    -13.970922    2.096432
     2p    -10.063292    1.800000
  7     Wed Apr 25 08:07:45 CEST 2018   EN: 3.040 GM2: 0.461  GM3:-0.0640  RAES: 1.90
     2s    -16.686243    2.339881
     2p    -12.523956    2.014332
  8     Wed Apr 25 08:07:45 CEST 2018   EN: 3.440 GM2: 0.452  GM3:-0.0517  RAES: 1.80
     2s    -20.229985    2.439742
     2p    -15.503117    2.137023
  9     Mon Apr 23 13:58:50 CEST 2018   EN: 3.980 GM2: 0.532  GM3: 0.1426  RAES: 2.40
     2s    -23.458179    2.416361
     2p    -15.746583    2.308399
 16     Tue Apr 24 11:44:34 CEST 2018   EN: 2.580 GM2: 0.340  GM3:-0.0502  RAES: 3.10
     3s    -20.029654    1.981333
     3p    -11.377694    2.025643
     3d     -0.420282    1.702555
 34     Tue Jun 26 11:49:08 CEST 2018   EN: 2.550 GM2: 0.235  GM3: 0.0914  RAES: 3.90
     4s    -20.584732    2.230969
     4p    -10.910799    2.150656
     4d     -0.110636    1.317549

           ------------------------------------------------- 
          |        Self-Consistent Charge Iterations        |
           ------------------------------------------------- 

          ...................................................
          :                      SETUP                      :
          :.................................................:
          :  # basis functions                 340          :
          :  # atomic orbitals                 335          :
          :  # shells                          173          :
          :  # electrons                       344          :
          :  max. iterations                   250          :
          :  Hamiltonian                  GFN2-xTB          :
          :  restarted?                      false          :
          :  GBSA solvation                  false          :
          :  PC potential                    false          :
          :  electronic temp.          300.0000000     K    :
          :  accuracy                    1.0000000          :
          :  -> integral cutoff          0.2500000E+02      :
          :  -> integral neglect         0.1000000E-07      :
          :  -> SCF convergence          0.1000000E-05 Eh   :
          :  -> wf. convergence          0.1000000E-03 e    :
          :  Broyden damping             0.4000000          :
          ...................................................

 iter      E             dE          RMSdq      gap      omega  full diag
   1   -192.9633753 -0.192963E+03  0.505E+00    1.27       0.0  T
   2   -193.1516572 -0.188282E+00  0.344E+00    0.31       1.0  T
   3   -193.1460326  0.562453E-02  0.212E+00    0.08       1.0  T
   4   -193.2897728 -0.143740E+00  0.130E+00    1.20       1.0  T
   5   -193.4050761 -0.115303E+00  0.440E-01    0.64       1.0  T
   6   -193.4104174 -0.534133E-02  0.263E-01    0.43       1.0  T
   7   -193.4122086 -0.179120E-02  0.125E-01    0.20       1.0  T
   8   -193.4121025  0.106144E-03  0.107E-01    0.27       1.0  T
   9   -193.4121662 -0.636748E-04  0.110E-01    0.16       1.0  T
  10   -193.4128122 -0.645990E-03  0.434E-02    0.23       1.0  T
  11   -193.4129013 -0.891187E-04  0.264E-02    0.22       1.0  T
  12   -193.4129189 -0.176594E-04  0.184E-02    0.22       1.0  T
  13   -193.4129372 -0.182839E-04  0.478E-03    0.21       2.1  T
  14   -193.4129364  0.802179E-06  0.589E-03    0.20       1.7  T
  15   -193.4129383 -0.185643E-05  0.943E-04    0.21      10.8  T
  16   -193.4129383 -0.310012E-07  0.456E-04    0.21      22.3  T
  17   -193.4129383 -0.711057E-08  0.303E-04    0.21      33.5  T

   *** convergence criteria satisfied after 17 iterations ***

         #    Occupation            Energy/Eh            Energy/eV
      -------------------------------------------------------------
         1        2.0000           -0.8756397             -23.8274
       ...           ...                  ...                  ...
       166        2.0000           -0.4170511             -11.3485
       167        2.0000           -0.4142338             -11.2719
       168        2.0000           -0.4082500             -11.1090
       169        2.0000           -0.3922579             -10.6739
       170        2.0000           -0.3874551             -10.5432
       171        2.0000           -0.3700457             -10.0695
       172        1.9639           -0.3611851              -9.8283 (HOMO)
       173        0.0361           -0.3535925              -9.6217 (LUMO)
       174        0.0000           -0.3446983              -9.3797
       175                         -0.3405248              -9.2662
       176                         -0.3312898              -9.0149
       177                         -0.3170963              -8.6286
       ...                                ...                  ...
       335                          1.0648644              28.9764
      -------------------------------------------------------------
                  HL-Gap            0.0075926 Eh            0.2066 eV
             Fermi-level           -0.3573888 Eh           -9.7250 eV

 SCC (total)                   0 d,  0 h,  0 min,  0.775 sec
 SCC setup                      ...        0 min,  0.003 sec (  0.342%)
 Dispersion                     ...        0 min,  0.006 sec (  0.836%)
 integral evaluation            ...        0 min,  0.231 sec ( 29.878%)
 zeroth order Hamiltonian       ...        0 min,  0.002 sec (  0.213%)
 iterations                     ...        0 min,  0.343 sec ( 44.232%)
 molecular gradient             ...        0 min,  0.187 sec ( 24.190%)
 printout                       ...        0 min,  0.002 sec (  0.300%)

         :::::::::::::::::::::::::::::::::::::::::::::::::::::
         ::                     SUMMARY                     ::
         :::::::::::::::::::::::::::::::::::::::::::::::::::::
         :: total energy            -190.843526121709 Eh    ::
         :: gradient norm              0.116993499452 Eh/a0 ::
         :: HOMO-LUMO gap              0.206605504776 eV    ::
         ::.................................................::
         :: SCC energy              -193.412938315733 Eh    ::
         :: -> isotropic ES            0.145861856670 Eh    ::
         :: -> anisotropic ES          0.011397301845 Eh    ::
         :: -> anisotropic XC          0.107877280913 Eh    ::
         :: -> dispersion             -0.163940732808 Eh    ::
         :: repulsion energy           2.567544367118 Eh    ::
         :: add. restraining           0.000000000000 Eh    ::
         :::::::::::::::::::::::::::::::::::::::::::::::::::::

           -------------------------------------------------
          |                Property Printout                |
           -------------------------------------------------

    * Orbital Energies and Occupations

         #    Occupation            Energy/Eh            Energy/eV
      -------------------------------------------------------------
         1        2.0000           -0.8756397             -23.8274
       ...           ...                  ...                  ...
       160        2.0000           -0.4385249             -11.9329
       161        2.0000           -0.4332880             -11.7904
       162        2.0000           -0.4301895             -11.7061
       163        2.0000           -0.4291892             -11.6788
       164        2.0000           -0.4254136             -11.5761
       165        2.0000           -0.4207825             -11.4501
       166        2.0000           -0.4170511             -11.3485
       167        2.0000           -0.4142338             -11.2719
       168        2.0000           -0.4082500             -11.1090
       169        2.0000           -0.3922579             -10.6739
       170        2.0000           -0.3874551             -10.5432
       171        2.0000           -0.3700457             -10.0695
       172        1.9639           -0.3611851              -9.8283 (HOMO)
       173        0.0361           -0.3535925              -9.6217 (LUMO)
       174        0.0000           -0.3446983              -9.3797
       175                         -0.3405248              -9.2662
       176                         -0.3312898              -9.0149
       177                         -0.3170963              -8.6286
       178                         -0.3108055              -8.4574
       179                         -0.3014829              -8.2038
       180                         -0.2896954              -7.8830
       181                         -0.2889130              -7.8617
       182                         -0.2806982              -7.6382
       183                         -0.2733222              -7.4375
       ...                                ...                  ...
       335                          1.0648644              28.9764
      -------------------------------------------------------------
                  HL-Gap            0.0075926 Eh            0.2066 eV
             Fermi-level           -0.3573888 Eh           -9.7250 eV

     #   Z        covCN         q      C6AA      α(0)
     1   6 C      2.870     0.223    23.317     7.915
     2   8 O      0.967    -0.330    20.279     6.040
     3   6 C      3.031    -0.018    28.427     8.745
     4   6 C      2.906    -0.038    28.948     8.822
     5   6 C      2.779     0.161    24.516     8.110
     6   9 F      0.787    -0.182    11.051     3.927
     7   6 C      2.776     0.162    24.486     8.105
     8   9 F      0.788    -0.180    11.032     3.923
     9   6 C      2.908    -0.050    29.238     8.866
    10   6 C      3.016     0.005    27.897     8.664
    11   6 C      3.007     0.029    27.327     8.575
    12   6 C      2.943     0.009    27.829     8.652
    13   6 C      1.912     0.119    28.175     8.572
    14   7 N      0.911    -0.234    26.135     7.394
    15   6 C      1.913     0.118    28.186     8.574
    16   7 N      0.911    -0.226    25.944     7.367
    17   6 C      2.985    -0.042    29.024     8.837
    18   6 C      2.907    -0.010    28.270     8.718
    19   6 C      2.960     0.004    27.942     8.670
    20  34 Se     2.272     0.008   235.481    26.739
    21   6 C      3.075    -0.023    28.488     8.751
    22   6 C      3.122     0.013    27.545     8.595
    23   6 C      3.047     0.011    27.732     8.637
    24   6 C      3.799    -0.052    21.506     6.603
    25   6 C      3.745    -0.096    22.410     6.753
    26  16 S      2.156    -0.032   142.370    20.082
    27   6 C      3.060     0.011    27.722     8.634
    28   6 C      3.231     0.030    26.517     8.360
    29   7 N      2.778    -0.054    22.286     7.011
    30   6 C      3.736     0.002    20.631     6.482
    31   6 C      3.746    -0.108    22.630     6.785
    32   6 C      3.057     0.038    27.095     8.536
    33   6 C      3.056    -0.033    28.758     8.794
    34   6 C      3.306     0.073    24.587     7.926
    35   7 N      1.843    -0.253    27.443     7.764
    36  16 S      2.649     0.296   129.550    19.157
    37   7 N      1.843    -0.258    27.560     7.780
    38   6 C      3.307     0.069    24.655     7.934
    39   6 C      3.042    -0.017    28.404     8.741
    40   6 C      3.077     0.026    27.353     8.575
    41   7 N      2.785    -0.031    21.834     6.940
    42   6 C      3.734    -0.006    20.781     6.506
    43   6 C      3.746    -0.107    22.613     6.783
    44   6 C      3.614     0.052    20.179     6.483
    45   6 C      3.122    -0.045    28.926     8.808
    46  16 S      1.040    -0.374   155.469    21.088
    47   6 C      2.981     0.079    26.228     8.401
    48   6 C      3.052    -0.052    29.239     8.868
    49  34 Se     3.459     0.110   232.075    26.545
    50   6 C      2.005    -0.025    31.699     9.093
    51   6 C      2.980     0.020    27.546     8.609
    52   6 C      3.800    -0.041    21.310     6.573
    53   6 C      3.746    -0.099    22.460     6.760
    54   6 C      2.884    -0.049    29.217     8.862
    55   6 C      4.115     0.022    20.126     6.372
    56   6 C      3.314     0.037    25.196     8.005
    57   6 C      2.941     0.029    27.351     8.577
    58   6 C      1.911     0.121    28.129     8.565
    59   7 N      0.911    -0.198    25.293     7.274
    60   6 C      1.907     0.122    28.113     8.563
    61   7 N      0.911    -0.198    25.300     7.275
    62   6 C      3.191     0.003    27.451     8.545
    63   6 C      2.901    -0.043    29.075     8.841
    64   6 C      2.783     0.163    24.465     8.102
    65   9 F      0.788    -0.175    10.982     3.915
    66   6 C      2.791     0.162    24.498     8.108
    67   9 F      0.787    -0.180    11.029     3.923
    68   6 C      2.901    -0.050    29.238     8.866
    69   6 C      3.335     0.004    25.468     7.994
    70   6 C      2.766     0.233    23.115     7.874
    71   8 O      0.865    -0.235    18.647     5.790
    72   1 H      0.924     0.093     1.852     2.128
    73   1 H      0.925     0.092     1.863     2.134
    74   1 H      0.925     0.073     2.050     2.239
    75   1 H      0.923     0.049     2.331     2.388
    76   1 H      0.923     0.053     2.279     2.361
    77   1 H      0.923     0.043     2.403     2.424
    78   1 H      0.923     0.055     2.263     2.353
    79   1 H      0.923     0.041     2.434     2.440
    80   1 H      0.924     0.073     2.055     2.242
    81   1 H      0.924     0.062     2.176     2.307
    82   1 H      0.923     0.048     2.342     2.393
    83   1 H      0.923     0.049     2.338     2.391
    84   1 H      0.923     0.060     2.204     2.322
    85   1 H      0.924     0.058     2.219     2.330
    86   1 H      0.923     0.085     1.929     2.172
    87   1 H      0.923     0.046     2.369     2.407
    88   1 H      0.923     0.058     2.219     2.329
    89   1 H      0.923     0.053     2.280     2.361
    90   1 H      0.923     0.050     2.321     2.382
    91   1 H      0.922     0.072     2.067     2.248
    92   1 H      0.923     0.037     2.486     2.466
    93   1 H      0.923     0.046     2.375     2.410
    94   1 H      0.923     0.043     2.403     2.424
    95   1 H      0.924     0.061     2.188     2.313
    96   1 H      0.924     0.095     1.831     2.116
    97   1 H      0.925     0.085     1.928     2.172

 Mol. C6AA /au·bohr⁶  :     186298.334866
 Mol. C8AA /au·bohr⁸  :    5513031.534333
 Mol. α(0) /au        :        684.278378


Wiberg/Mayer (AO) data.
largest (>0.10) Wiberg bond orders for each atom
          total WBO             WBO to atom ...
     1  C   3.914        O    2 1.674    C   17 1.086    C    3 1.024
     2  O   2.180        C    1 1.674    Se  20 0.234
     3  C   3.975        C    4 1.405    C   10 1.312    C    1 1.024
     4  C   3.974        C    3 1.405    C    5 1.392    H   72 0.959
     5  C   3.867        C    4 1.392    C    7 1.319    F    6 0.994
     6  F   1.135        C    5 0.994
     7  C   3.886        C    9 1.394    C    5 1.319    F    8 0.996
     8  F   1.139        C    7 0.996
     9  C   3.970        C   10 1.395    C    7 1.394    H   73 0.954
    10  C   3.978        C    9 1.395    C    3 1.312    C   11 1.067
    11  C   3.968        C   12 1.483    C   17 1.152    C   10 1.067
    12  C   3.927        C   11 1.483    C   13 1.097    C   15 1.094
    13  C   3.941        N   14 2.759    C   12 1.097
    14  N   2.966        C   13 2.759
    15  C   3.941        N   16 2.771    C   12 1.094
    16  N   2.969        C   15 2.771
    17  C   3.949        C   18 1.446    C   11 1.152    C    1 1.086
    18  C   3.935        C   17 1.446    C   19 1.346    H   74 0.931
    19  C   3.936        C   18 1.346    C   23 1.313    Se  20 1.077
    20  Se  2.895        C   21 1.158    C   19 1.077    O    2 0.234    C   23 0.101
    21  C   3.946        C   22 1.292    C   28 1.269    Se  20 1.158
    22  C   3.926        C   23 1.366    C   21 1.292    S   26 1.068
    23  C   3.946        C   22 1.366    C   19 1.313    C   24 1.014    Se  20 0.101
    24  C   3.992        C   23 1.014    C   25 0.994    H   76 0.964    H   75 0.963
    25  C   3.988        C   24 0.994    H   79 0.988    H   77 0.986    H   78 0.983
    26  S   2.485        C   27 1.112    C   22 1.068
    27  C   3.914        C   28 1.316    C   33 1.261    S   26 1.112
    28  C   3.932        C   27 1.316    C   21 1.269    N   29 1.132
    29  N   3.512        C   32 1.162    C   28 1.132    C   30 0.967
    30  C   3.958        C   31 1.014    N   29 0.967    H   81 0.953    H   80 0.952
    31  C   3.988        C   30 1.014    H   82 0.986    H   83 0.982    H   84 0.981
    32  C   3.924        C   33 1.277    C   40 1.227    N   29 1.162
    33  C   3.949        C   32 1.277    C   27 1.261    C   34 1.166
    34  C   3.967        N   35 1.454    C   33 1.166    C   38 1.144
    35  N   3.074        C   34 1.454    S   36 1.361    N   37 0.147
    36  S   3.051        N   37 1.364    N   35 1.361    C   38 0.107
    37  N   3.071        C   38 1.457    S   36 1.364    N   35 0.147
    38  C   3.969        N   37 1.457    C   39 1.156    C   34 1.144    S   36 0.107
    39  C   3.948        C   40 1.287    C   45 1.257    C   38 1.156
    40  C   3.921        C   39 1.287    C   32 1.227    N   41 1.126
    41  N   3.580        C   44 1.229    C   40 1.126    C   42 0.967
    42  C   3.951        C   43 1.012    N   41 0.967    H   86 0.957    H   85 0.952
    43  C   3.989        C   42 1.012    H   89 0.985    H   87 0.983    H   88 0.980
    44  C   3.951        C   45 1.295    N   41 1.229    C   48 1.132
    45  C   3.867        C   44 1.295    C   39 1.257    Se  49 1.011
    46  S   1.847        C   47 1.409    C   48 0.146
    47  C   3.958        S   46 1.409    C   48 1.402    C   51 0.954
    48  C   3.844        C   47 1.402    C   44 1.132    Se  49 0.999    S   46 0.146
    49  Se  3.441        C   45 1.011    C   48 0.999    C   70 0.777    O   71 0.159
    50  C   3.957        C   54 1.869    C   51 1.817
    51  C   3.972        C   50 1.817    C   52 1.002    C   47 0.954
    52  C   3.988        C   53 1.019    C   51 1.002    H   90 0.957    H   91 0.946
    53  C   3.994        C   52 1.019    H   94 0.986    H   92 0.985    H   93 0.985
    54  C   3.957        C   50 1.869    C   55 0.959    H   95 0.936
    55  C   3.966        C   54 0.959    C   70 0.950    C   56 0.938    C   69 0.910
    56  C   3.948        C   57 1.593    C   62 1.106    C   55 0.938
    57  C   3.936        C   56 1.593    C   60 1.077    C   58 1.073
    58  C   3.942        N   59 2.804    C   57 1.073
    59  N   3.000        C   58 2.804
    60  C   3.944        N   61 2.805    C   57 1.077
    61  N   2.995        C   60 2.805
    62  C   3.973        C   63 1.364    C   69 1.307    C   56 1.106
    63  C   3.963        C   64 1.409    C   62 1.364    H   96 0.959
    64  C   3.892        C   63 1.409    C   66 1.313    F   65 1.000
    65  F   1.147        C   64 1.000
    66  C   3.848        C   68 1.375    C   64 1.313    F   67 0.995
    67  F   1.135        C   66 0.995
    68  C   3.982        C   69 1.442    C   66 1.375    H   97 0.951
    69  C   3.966        C   68 1.442    C   62 1.307    C   55 0.910
    70  C   3.861        O   71 1.981    C   55 0.950    Se  49 0.777
    71  O   2.281        C   70 1.981    Se  49 0.159
    72  H   0.991        C    4 0.959
    73  H   0.991        C    9 0.954
    74  H   0.994        C   18 0.931
    75  H   0.997        C   24 0.963
    76  H   0.995        C   24 0.964
    77  H   0.998        C   25 0.986
    78  H   0.995        C   25 0.983
    79  H   0.998        C   25 0.988
    80  H   0.994        C   30 0.952
    81  H   0.994        C   30 0.953
    82  H   0.998        C   31 0.986
    83  H   0.996        C   31 0.982
    84  H   0.996        C   31 0.981
    85  H   0.995        C   42 0.952
    86  H   0.992        C   42 0.957
    87  H   0.998        C   43 0.983
    88  H   0.996        C   43 0.980
    89  H   0.997        C   43 0.985
    90  H   0.995        C   52 0.957
    91  H   0.993        C   52 0.946
    92  H   0.998        C   53 0.985
    93  H   0.997        C   53 0.985
    94  H   0.998        C   53 0.986
    95  H   0.995        C   54 0.936
    96  H   0.991        C   63 0.959
    97  H   0.992        C   68 0.951

molecular dipole:
                 x           y           z       tot (Debye)
 q only:        1.422      -1.689       0.974
   full:        1.647      -1.465       0.808       5.966
molecular quadrupole (traceless):
                xx          xy          yy          xz          yz          zz
 q only:       50.612      -0.395     -54.639      19.355      27.905       4.026
  q+dip:       58.220      14.862     -64.788      20.396      32.836       6.568
   full:       58.264      18.818     -66.523      21.133      35.948       8.258


           -------------------------------------------------
          | TOTAL ENERGY             -190.843526121709 Eh   |
          | GRADIENT NORM               0.116993499452 Eh/α |
          | HOMO-LUMO GAP               0.206605504776 eV   |
           -------------------------------------------------

------------------------------------------------------------------------
 * finished run on 2020/11/20 at 13:45:06.385     
------------------------------------------------------------------------
 total:
 * wall-time:     0 d,  0 h,  0 min,  1.011 sec
 *  cpu-time:     0 d,  0 h,  0 min,  1.003 sec
 * ratio c/w:     0.992 speedup
 SCF:
 * wall-time:     0 d,  0 h,  0 min,  0.776 sec
 *  cpu-time:     0 d,  0 h,  0 min,  0.776 sec
 * ratio c/w:     1.000 speedup

