      -----------------------------------------------------------      
     |                   =====================                   |     
     |                           x T B                           |     
     |                   =====================                   |     
     |                         S. Grimme                         |     
     |          Mulliken Center for Theoretical Chemistry        |     
     |                    University of Bonn                     |     
     |                Version 6.2 RC2 (SAW190805)                |     
      -----------------------------------------------------------      

   This program is distributed in the hope that it will be useful,
   but WITHOUT ANY WARRANTY; without even the implied warranty of
   MERCHANTABILITY or FITNESS FOR A PARTICULAR PURPOSE.
   
   FOR NON-COMMERCIAL, ACADEMIA USE ONLY.
   
   Cite this work as:
   * S. Grimme, C. Bannwarth, P. Shushkov, J. Chem. Theory Comput., 2017,
     13, 1989-2009. DOI: 10.1021/acs.jctc.7b00118
   * C. Bannwarth, S. Ehlert and S. Grimme., J. Chem. Theory Comput., 2019,
     15, 1652-1671. DOI: 10.1021/acs.jctc.8b01176
   * P. Pracht, E. Caldeweyher, S. Ehlert, S. Grimme, ChemRxiv, 2019, preprint.
     DOI: 10.26434/chemrxiv.8326202.v1
   
   for DFT-D4:
   * E. Caldeweyher, C. Bannwarth and S. Grimme, J. Chem. Phys., 2017,
     147, 034112. DOI: 10.1063/1.4993215
   * E. Caldeweyher, S. Ehlert, A. Hansen, H. Neugebauer, S. Spicher,
     C. Bannwarth and S. Grimme, J. Chem. Phys., 2019, 150, 154122.
     DOI: 10.1063/1.5090222
   
   for sTDA-xTB:
   * S. Grimme and C. Bannwarth, J. Chem. Phys., 2016, 145, 054103.
     DOI: 10.1063/1.4959605
   
   in the mass-spec context:
   * V. Asgeirsson, C. Bauer and S. Grimme, Chem. Sci., 2017, 8, 4879.
     DOI: 10.1039/c7sc00601b
   
   for metadynamics refer to:
   * S. Grimme, J. Chem. Theory Comput., 2019, 155, 2847-2862
     DOI: 10.1021/acs.jctc.9b00143
   
   with help from (in alphabetical order)
   C. Bannwarth, F. Bohle, G. Brandenburg, E. Caldeweyher, M. Checinski,
   S. Dohm, S. Ehlert, S. Ehrlich, F. März, H. Neugebauer, J. Pisarek,
   P. Pracht, P. Shushkov, and S. Spicher.
   
 * started run on 2021/04/12 at 13:53:13.083     

           -------------------------------------------------
          |                Calculation Setup                |
           -------------------------------------------------

          program call               : /ihome/ghutchison/geoffh/xtb/xtb EH-IDTBR.xyz -sp
          hostname                   : smp-n149
          coordinate file            : EH-IDTBR.xyz
          omp threads                :                     1
          number of atoms            :                   152
          number of electrons        :                   418
          charge                     :                     0
          spin                       :                   0.0
          first test random number   :      0.86861379762747


########################################################################
# WARNING! Please study the warnings concerning your input carefully
#  - XTBPATH is not set, using XTBHOME instead
#  - the use of '-sp' is discouraged, please use '--sp' next time
########################################################################

           ------------------------------------------------- 
          |                 G F N 2 - x T B                 |
          | Geometry, Frequencies, Noncovalent interactions |
          |            JCTC 2019 parametrisation            |
           ------------------------------------------------- 
             KAB for C  - Si     :                1.0500
             KAB for H  - Pd     :                0.9500
             k(s)              :                1.8500
             k(p)              :                2.2300
             k(d)              :                2.2300
             k(f)              :                2.0000
             kEN (H0ij)        :               -2.0000
             D4 a1             :                0.5200
             D4 a2             :                5.0000
             D4 s6             :                1.0000
             D4 s8             :                2.7000
             D4 s9             :                5.0000
             alphaj            :                2.0000

  Z AO/shell   Hii/eV     exponent
  1     Wed Apr 25 08:07:45 CEST 2018   EN: 2.200 GM2: 0.406  GM3: 0.0800  RAES: 1.40
     1s    -10.707211    1.230000
  6     Wed Apr 25 08:07:45 CEST 2018   EN: 2.550 GM2: 0.538  GM3: 0.1500  RAES: 3.00
     2s    -13.970922    2.096432
     2p    -10.063292    1.800000
  7     Wed Apr 25 08:07:45 CEST 2018   EN: 3.040 GM2: 0.461  GM3:-0.0640  RAES: 1.90
     2s    -16.686243    2.339881
     2p    -12.523956    2.014332
  8     Wed Apr 25 08:07:45 CEST 2018   EN: 3.440 GM2: 0.452  GM3:-0.0517  RAES: 1.80
     2s    -20.229985    2.439742
     2p    -15.503117    2.137023
 16     Tue Apr 24 11:44:34 CEST 2018   EN: 2.580 GM2: 0.340  GM3:-0.0502  RAES: 3.10
     3s    -20.029654    1.981333
     3p    -11.377694    2.025643
     3d     -0.420282    1.702555

           ------------------------------------------------- 
          |        Self-Consistent Charge Iterations        |
           ------------------------------------------------- 

          ...................................................
          :                      SETUP                      :
          :.................................................:
          :  # basis functions                 440          :
          :  # atomic orbitals                 432          :
          :  # shells                          240          :
          :  # electrons                       418          :
          :  max. iterations                   250          :
          :  Hamiltonian                  GFN2-xTB          :
          :  restarted?                      false          :
          :  GBSA solvation                  false          :
          :  PC potential                    false          :
          :  electronic temp.          300.0000000     K    :
          :  accuracy                    1.0000000          :
          :  -> integral cutoff          0.2500000E+02      :
          :  -> integral neglect         0.1000000E-07      :
          :  -> SCF convergence          0.1000000E-05 Eh   :
          :  -> wf. convergence          0.1000000E-03 e    :
          :  Broyden damping             0.4000000          :
          ...................................................

 iter      E             dE          RMSdq      gap      omega  full diag
   1   -228.0037569 -0.228004E+03  0.381E+00    1.18       0.0  T
   2   -228.3476423 -0.343885E+00  0.232E+00    0.95       1.0  T
   3   -228.3753376 -0.276953E-01  0.133E+00    1.00       1.0  T
   4   -228.4338324 -0.584947E-01  0.582E-01    0.91       1.0  T
   5   -228.4628532 -0.290208E-01  0.246E-01    0.78       1.0  T
   6   -228.4683594 -0.550625E-02  0.121E-01    0.86       1.0  T
   7   -228.4690379 -0.678478E-03  0.503E-02    0.86       1.0  T
   8   -228.4692483 -0.210397E-03  0.207E-02    0.86       1.0  T
   9   -228.4692824 -0.340575E-04  0.108E-02    0.87       1.0  T
  10   -228.4692917 -0.932006E-05  0.544E-03    0.86       1.5  T
  11   -228.4692937 -0.198018E-05  0.197E-03    0.86       4.1  T
  12   -228.4692939 -0.219616E-06  0.109E-03    0.86       7.5  T
  13   -228.4692939 -0.603074E-07  0.640E-04    0.86      12.7  T
  14   -228.4692940 -0.312670E-07  0.277E-04    0.86      29.3  T

   *** convergence criteria satisfied after 14 iterations ***

         #    Occupation            Energy/Eh            Energy/eV
      -------------------------------------------------------------
         1        2.0000           -0.7699542             -20.9515
       ...           ...                  ...                  ...
       203        2.0000           -0.3999125             -10.8822
       204        2.0000           -0.3968494             -10.7988
       205        2.0000           -0.3883500             -10.5675
       206        2.0000           -0.3790089             -10.3134
       207        2.0000           -0.3675119             -10.0005
       208        2.0000           -0.3650940              -9.9347
       209        2.0000           -0.3643082              -9.9133 (HOMO)
       210        0.0000           -0.3325388              -9.0488 (LUMO)
       211                         -0.3288098              -8.9474
       212                         -0.3053860              -8.3100
       213                         -0.3053469              -8.3089
       214                         -0.2895835              -7.8800
       ...                                ...                  ...
       432                          0.6840318              18.6135
      -------------------------------------------------------------
                  HL-Gap            0.0317694 Eh            0.8645 eV
             Fermi-level           -0.3482493 Eh           -9.4763 eV

 SCC (total)                   0 d,  0 h,  0 min,  1.054 sec
 SCC setup                      ...        0 min,  0.004 sec (  0.398%)
 Dispersion                     ...        0 min,  0.008 sec (  0.735%)
 integral evaluation            ...        0 min,  0.311 sec ( 29.504%)
 zeroth order Hamiltonian       ...        0 min,  0.002 sec (  0.186%)
 iterations                     ...        0 min,  0.448 sec ( 42.484%)
 molecular gradient             ...        0 min,  0.278 sec ( 26.326%)
 printout                       ...        0 min,  0.004 sec (  0.362%)

         :::::::::::::::::::::::::::::::::::::::::::::::::::::
         ::                     SUMMARY                     ::
         :::::::::::::::::::::::::::::::::::::::::::::::::::::
         :: total energy            -225.556691493202 Eh    ::
         :: gradient norm              0.102700568408 Eh/a0 ::
         :: HOMO-LUMO gap              0.864489957064 eV    ::
         ::.................................................::
         :: SCC energy              -228.469293976865 Eh    ::
         :: -> isotropic ES            0.121341978262 Eh    ::
         :: -> anisotropic ES          0.030237404807 Eh    ::
         :: -> anisotropic XC          0.112651984379 Eh    ::
         :: -> dispersion             -0.215523008065 Eh    ::
         :: repulsion energy           2.908070679564 Eh    ::
         :: add. restraining           0.000000000000 Eh    ::
         :::::::::::::::::::::::::::::::::::::::::::::::::::::

           -------------------------------------------------
          |                Property Printout                |
           -------------------------------------------------

    * Orbital Energies and Occupations

         #    Occupation            Energy/Eh            Energy/eV
      -------------------------------------------------------------
         1        2.0000           -0.7699542             -20.9515
       ...           ...                  ...                  ...
       197        2.0000           -0.4192113             -11.4073
       198        2.0000           -0.4144539             -11.2779
       199        2.0000           -0.4140676             -11.2674
       200        2.0000           -0.4106939             -11.1755
       201        2.0000           -0.4082027             -11.1078
       202        2.0000           -0.4044392             -11.0053
       203        2.0000           -0.3999125             -10.8822
       204        2.0000           -0.3968494             -10.7988
       205        2.0000           -0.3883500             -10.5675
       206        2.0000           -0.3790089             -10.3134
       207        2.0000           -0.3675119             -10.0005
       208        2.0000           -0.3650940              -9.9347
       209        2.0000           -0.3643082              -9.9133 (HOMO)
       210        0.0000           -0.3325388              -9.0488 (LUMO)
       211                         -0.3288098              -8.9474
       212                         -0.3053860              -8.3100
       213                         -0.3053469              -8.3089
       214                         -0.2895835              -7.8800
       215                         -0.2743112              -7.4644
       216                         -0.2676830              -7.2840
       217                         -0.2609504              -7.1008
       218                         -0.2425737              -6.6008
       219                         -0.2383828              -6.4867
       220                         -0.2359381              -6.4202
       ...                                ...                  ...
       432                          0.6840318              18.6135
      -------------------------------------------------------------
                  HL-Gap            0.0317694 Eh            0.8645 eV
             Fermi-level           -0.3482493 Eh           -9.4763 eV

     #   Z        covCN         q      C6AA      α(0)
     1  16 S      2.268    -0.022   141.946    20.052
     2   6 C      2.890     0.145    24.849     8.173
     3  16 S      1.147    -0.299   152.117    20.855
     4   7 N      2.851    -0.069    22.569     7.056
     5   6 C      3.738     0.009    20.511     6.463
     6   6 C      3.746    -0.105    22.577     6.778
     7   6 C      2.863     0.266    22.533     7.781
     8   8 O      0.857    -0.393    21.551     6.224
     9   6 C      2.943    -0.003    28.100     8.694
    10   6 C      2.914    -0.021    28.520     8.757
    11   6 C      2.951     0.004    27.925     8.667
    12   6 C      3.315     0.076    24.377     7.872
    13   7 N      1.849    -0.252    27.422     7.761
    14  16 S      2.633     0.329   128.349    19.068
    15   7 N      1.844    -0.262    27.661     7.794
    16   6 C      3.307     0.072    24.591     7.925
    17   6 C      2.975     0.005    27.905     8.665
    18   6 C      2.911    -0.037    28.925     8.819
    19   6 C      2.918    -0.030    28.753     8.793
    20   6 C      2.981     0.018    27.593     8.617
    21   6 C      3.043    -0.045    29.072     8.843
    22   6 C      3.198    -0.011    27.725     8.582
    23   6 C      3.042     0.019    27.544     8.608
    24  16 S      2.243    -0.042   142.793    20.112
    25   6 C      3.017     0.001    27.991     8.679
    26   6 C      3.038     0.001    27.971     8.675
    27   6 C      3.921     0.015    20.259     6.397
    28   6 C      3.799    -0.061    21.670     6.628
    29   6 C      3.846    -0.023    20.952     6.511
    30   6 C      3.797    -0.054    21.551     6.610
    31   6 C      3.744    -0.097    22.425     6.755
    32   6 C      3.797    -0.056    21.592     6.617
    33   6 C      3.745    -0.093    22.347     6.743
    34   6 C      3.803    -0.058    21.621     6.620
    35   6 C      3.843    -0.020    20.903     6.504
    36   6 C      3.796    -0.056    21.577     6.614
    37   6 C      3.744    -0.097    22.420     6.755
    38   6 C      3.799    -0.052    21.513     6.604
    39   6 C      3.744    -0.096    22.405     6.752
    40   6 C      2.902    -0.035    28.880     8.811
    41   6 C      3.015     0.001    27.975     8.676
    42   6 C      3.042     0.002    27.951     8.671
    43   6 C      2.903    -0.038    28.942     8.821
    44   6 C      3.920     0.016    20.252     6.396
    45   6 C      3.802    -0.058    21.612     6.619
    46   6 C      3.845    -0.020    20.905     6.504
    47   6 C      3.796    -0.056    21.578     6.615
    48   6 C      3.745    -0.095    22.385     6.749
    49   6 C      3.799    -0.052    21.508     6.603
    50   6 C      3.744    -0.096    22.402     6.752
    51   6 C      3.801    -0.060    21.648     6.624
    52   6 C      3.843    -0.022    20.944     6.510
    53   6 C      3.795    -0.054    21.546     6.610
    54   6 C      3.744    -0.096    22.403     6.752
    55   6 C      3.797    -0.052    21.504     6.603
    56   6 C      3.744    -0.096    22.399     6.751
    57   6 C      3.178    -0.013    27.906     8.626
    58   6 C      3.051     0.016    27.601     8.616
    59  16 S      2.231     0.000   141.053    19.989
    60   6 C      2.978     0.016    27.649     8.625
    61   6 C      3.046    -0.046    29.106     8.848
    62   6 C      2.968     0.006    27.883     8.661
    63   6 C      3.322     0.074    24.290     7.842
    64   7 N      1.851    -0.254    27.474     7.769
    65  16 S      2.645     0.321   128.635    19.089
    66   7 N      1.845    -0.264    27.701     7.800
    67   6 C      3.319     0.072    24.378     7.862
    68   6 C      2.950     0.004    27.934     8.669
    69   6 C      2.908    -0.034    28.844     8.806
    70   6 C      2.913    -0.037    28.928     8.820
    71   6 C      2.943    -0.017    28.441     8.747
    72   6 C      2.943    -0.007    28.200     8.710
    73  16 S      2.319    -0.044   142.879    20.118
    74   6 C      2.885     0.150    24.741     8.155
    75  16 S      1.144    -0.300   152.172    20.859
    76   7 N      2.867    -0.072    22.634     7.066
    77   6 C      3.738     0.009    20.499     6.461
    78   6 C      3.746    -0.105    22.584     6.779
    79   6 C      2.856     0.268    22.484     7.772
    80   8 O      0.857    -0.404    21.759     6.254
    81   1 H      0.923     0.076     2.021     2.223
    82   1 H      0.923     0.068     2.106     2.269
    83   1 H      0.923     0.050     2.316     2.380
    84   1 H      0.923     0.054     2.274     2.358
    85   1 H      0.923     0.056     2.243     2.342
    86   1 H      0.924     0.081     1.968     2.194
    87   1 H      0.924     0.051     2.307     2.376
    88   1 H      0.924     0.050     2.326     2.385
    89   1 H      0.925     0.064     2.148     2.292
    90   1 H      0.924     0.050     2.320     2.382
    91   1 H      0.923     0.037     2.494     2.470
    92   1 H      0.923     0.036     2.507     2.476
    93   1 H      0.923     0.033     2.542     2.493
    94   1 H      0.922     0.027     2.633     2.538
    95   1 H      0.923     0.029     2.608     2.525
    96   1 H      0.923     0.032     2.559     2.502
    97   1 H      0.923     0.035     2.520     2.483
    98   1 H      0.924     0.030     2.583     2.513
    99   1 H      0.923     0.027     2.629     2.535
   100   1 H      0.923     0.026     2.639     2.540
   101   1 H      0.923     0.030     2.587     2.515
   102   1 H      0.923     0.031     2.570     2.507
   103   1 H      0.923     0.033     2.541     2.493
   104   1 H      0.923     0.038     2.481     2.463
   105   1 H      0.923     0.037     2.496     2.471
   106   1 H      0.923     0.031     2.576     2.510
   107   1 H      0.923     0.031     2.569     2.507
   108   1 H      0.923     0.028     2.616     2.529
   109   1 H      0.923     0.030     2.588     2.516
   110   1 H      0.923     0.037     2.496     2.471
   111   1 H      0.923     0.026     2.641     2.542
   112   1 H      0.922     0.026     2.648     2.545
   113   1 H      0.923     0.031     2.567     2.505
   114   1 H      0.923     0.031     2.571     2.507
   115   1 H      0.923     0.037     2.484     2.465
   116   1 H      0.924     0.040     2.451     2.448
   117   1 H      0.925     0.047     2.364     2.404
   118   1 H      0.923     0.038     2.479     2.463
   119   1 H      0.923     0.035     2.512     2.479
   120   1 H      0.923     0.034     2.535     2.490
   121   1 H      0.923     0.030     2.585     2.514
   122   1 H      0.924     0.030     2.582     2.513
   123   1 H      0.923     0.036     2.510     2.477
   124   1 H      0.923     0.028     2.609     2.526
   125   1 H      0.923     0.027     2.628     2.535
   126   1 H      0.922     0.025     2.652     2.547
   127   1 H      0.922     0.026     2.646     2.544
   128   1 H      0.923     0.030     2.581     2.513
   129   1 H      0.923     0.032     2.559     2.502
   130   1 H      0.923     0.037     2.491     2.468
   131   1 H      0.923     0.039     2.468     2.457
   132   1 H      0.923     0.033     2.541     2.493
   133   1 H      0.923     0.039     2.467     2.456
   134   1 H      0.922     0.030     2.591     2.518
   135   1 H      0.923     0.032     2.565     2.504
   136   1 H      0.923     0.036     2.496     2.471
   137   1 H      0.923     0.030     2.589     2.516
   138   1 H      0.923     0.029     2.606     2.524
   139   1 H      0.923     0.026     2.649     2.545
   140   1 H      0.922     0.027     2.637     2.540
   141   1 H      0.923     0.032     2.556     2.500
   142   1 H      0.923     0.032     2.560     2.502
   143   1 H      0.923     0.035     2.517     2.481
   144   1 H      0.925     0.040     2.451     2.448
   145   1 H      0.925     0.092     1.860     2.133
   146   1 H      0.924     0.047     2.360     2.402
   147   1 H      0.924     0.081     1.967     2.193
   148   1 H      0.923     0.066     2.134     2.284
   149   1 H      0.924     0.077     2.012     2.218
   150   1 H      0.923     0.059     2.215     2.328
   151   1 H      0.923     0.053     2.284     2.364
   152   1 H      0.923     0.048     2.339     2.392

 Mol. C6AA /au·bohr⁶  :     317439.192513
 Mol. C8AA /au·bohr⁸  :    8645542.838619
 Mol. α(0) /au        :        882.944645


Wiberg/Mayer (AO) data.
largest (>0.10) Wiberg bond orders for each atom
          total WBO             WBO to atom ...
     1  S   2.558        C    2 1.091    C    9 1.075    S    3 0.137
     2  C   3.946        S    3 1.574    N    4 1.208    S    1 1.091
     3  S   1.908        C    2 1.574    S    1 0.137    N    4 0.101
     4  N   3.591        C    2 1.208    C    7 1.103    C    5 0.958    O    8 0.132    S    3 0.101
     5  C   3.949        C    6 1.010    H   82 0.966    H   81 0.965    N    4 0.958
     6  C   3.991        C    5 1.010    H   83 0.986    H   85 0.985    H   84 0.981
     7  C   3.942        O    8 1.701    N    4 1.103    C    9 1.023
     8  O   2.047        C    7 1.701    N    4 0.132
     9  C   3.907        C   10 1.621    S    1 1.075    C    7 1.023
    10  C   3.933        C    9 1.621    C   11 1.170    H   86 0.943
    11  C   3.942        C   19 1.418    C   12 1.171    C   10 1.170
    12  C   3.968        N   13 1.428    C   11 1.171    C   16 1.156
    13  N   3.100        C   12 1.428    S   14 1.387    N   15 0.157
    14  S   3.121        N   15 1.393    N   13 1.387    C   16 0.102
    15  N   3.079        C   16 1.429    S   14 1.393    N   13 0.157
    16  C   3.970        N   15 1.429    C   17 1.161    C   12 1.156    S   14 0.102
    17  C   3.933        C   18 1.430    C   16 1.161    C   20 1.158
    18  C   3.972        C   17 1.430    C   19 1.373    H   87 0.963
    19  C   3.968        C   11 1.418    C   18 1.373    H   88 0.966
    20  C   3.919        C   21 1.467    C   17 1.158    S   24 1.102
    21  C   3.952        C   20 1.467    C   22 1.331    H   89 0.953
    22  C   3.956        C   23 1.422    C   21 1.331    C   27 0.985
    23  C   3.911        C   22 1.422    S   24 1.157    C   25 1.135
    24  S   2.558        C   23 1.157    C   20 1.102
    25  C   3.952        C   43 1.351    C   26 1.285    C   23 1.135
    26  C   3.965        C   40 1.465    C   25 1.285    C   27 0.983
    27  C   3.986        C   22 0.985    C   26 0.983    C   28 0.962    C   34 0.953
    28  C   3.991        C   29 0.997    H   91 0.972    C   27 0.962    H   90 0.956
    29  C   3.993        C   28 0.997    C   30 0.994    C   32 0.994    H   92 0.959
    30  C   3.995        C   31 1.020    C   29 0.994    H   94 0.977    H   93 0.974
    31  C   3.996        C   30 1.020    H   96 0.986    H   97 0.985    H   95 0.981
    32  C   3.996        C   33 1.021    C   29 0.994    H   99 0.977    H   98 0.970
    33  C   3.997        C   32 1.021    H  100 0.987    H  101 0.987    H  102 0.986
    34  C   3.989        C   35 0.993    H  103 0.974    H  104 0.973    C   27 0.953
    35  C   3.992        C   38 0.994    C   36 0.993    C   34 0.993    H  105 0.963
    36  C   3.995        C   37 1.022    C   35 0.993    H  106 0.975    H  107 0.967
    37  C   3.996        C   36 1.022    H  109 0.987    H  108 0.986    H  110 0.984
    38  C   3.995        C   39 1.020    C   35 0.994    H  112 0.977    H  111 0.977
    39  C   3.996        C   38 1.020    H  113 0.987    H  114 0.986    H  115 0.984
    40  C   3.973        C   26 1.465    C   41 1.346    H  116 0.961
    41  C   3.954        C   40 1.346    C   42 1.286    C   58 1.140
    42  C   3.965        C   43 1.460    C   41 1.286    C   44 0.984
    43  C   3.975        C   42 1.460    C   25 1.351    H  117 0.954
    44  C   3.986        C   57 0.986    C   42 0.984    C   45 0.959    C   51 0.956
    45  C   3.991        C   46 0.997    H  118 0.970    H  119 0.968    C   44 0.959
    46  C   3.993        C   45 0.997    C   49 0.994    C   47 0.993    H  120 0.964
    47  C   3.996        C   48 1.021    C   46 0.993    H  121 0.976    H  122 0.970
    48  C   3.996        C   47 1.021    H  124 0.987    H  125 0.987    H  123 0.985
    49  C   3.995        C   50 1.020    C   46 0.994    H  127 0.976    H  126 0.976
    50  C   3.996        C   49 1.020    H  128 0.987    H  129 0.986    H  130 0.985
    51  C   3.990        C   52 0.990    H  132 0.976    H  131 0.971    C   44 0.956
    52  C   3.991        C   55 0.996    C   53 0.995    C   51 0.990    H  133 0.958
    53  C   3.995        C   54 1.020    C   52 0.995    H  134 0.977    H  135 0.973
    54  C   3.995        C   53 1.020    H  137 0.987    H  136 0.983    H  138 0.978
    55  C   3.995        C   56 1.019    C   52 0.996    H  140 0.977    H  139 0.975
    56  C   3.996        C   55 1.019    H  141 0.986    H  142 0.986    H  143 0.985
    57  C   3.956        C   58 1.398    C   61 1.357    C   44 0.986
    58  C   3.909        C   57 1.398    S   59 1.177    C   41 1.140
    59  S   2.614        C   58 1.177    C   60 1.120
    60  C   3.921        C   61 1.437    C   62 1.174    S   59 1.120
    61  C   3.943        C   60 1.437    C   57 1.357    H  144 0.959
    62  C   3.929        C   70 1.411    C   60 1.174    C   63 1.165
    63  C   3.970        N   64 1.428    C   62 1.165    C   67 1.164    S   65 0.101
    64  N   3.095        C   63 1.428    S   65 1.392    N   66 0.159
    65  S   3.111        N   64 1.392    N   66 1.388    C   63 0.101
    66  N   3.073        C   67 1.431    S   65 1.388    N   64 0.159
    67  C   3.968        N   66 1.431    C   63 1.164    C   68 1.158
    68  C   3.939        C   69 1.406    C   71 1.190    C   67 1.158
    69  C   3.956        C   68 1.406    C   70 1.383    H  145 0.948
    70  C   3.973        C   62 1.411    C   69 1.383    H  146 0.964
    71  C   3.929        C   72 1.595    C   68 1.190    H  147 0.952
    72  C   3.891        C   71 1.595    S   73 1.056    C   79 1.055
    73  S   2.513        C   74 1.106    C   72 1.056    S   75 0.146
    74  C   3.945        S   75 1.566    N   76 1.205    S   73 1.106
    75  S   1.903        C   74 1.566    S   73 0.146    N   76 0.101
    76  N   3.588        C   74 1.205    C   79 1.100    C   77 0.959    O   80 0.131    S   75 0.101
    77  C   3.950        C   78 1.011    H  148 0.966    H  149 0.964    N   76 0.959
    78  C   3.991        C   77 1.011    H  152 0.986    H  150 0.984    H  151 0.981
    79  C   3.941        O   80 1.670    N   76 1.100    C   72 1.055
    80  O   2.042        C   79 1.670    N   76 0.131
    81  H   0.994        C    5 0.965
    82  H   0.995        C    5 0.966
    83  H   0.997        C    6 0.986
    84  H   0.996        C    6 0.981
    85  H   0.997        C    6 0.985
    86  H   0.992        C   10 0.943
    87  H   0.996        C   18 0.963
    88  H   0.996        C   19 0.966
    89  H   0.996        C   21 0.953
    90  H   0.997        C   28 0.956
    91  H   0.998        C   28 0.972
    92  H   0.999        C   29 0.959
    93  H   0.998        C   30 0.974
    94  H   0.999        C   30 0.977
    95  H   0.999        C   31 0.981
    96  H   0.999        C   31 0.986
    97  H   0.999        C   31 0.985
    98  H   0.999        C   32 0.970
    99  H   0.999        C   32 0.977
   100  H   0.999        C   33 0.987
   101  H   0.999        C   33 0.987
   102  H   0.999        C   33 0.986
   103  H   0.998        C   34 0.974
   104  H   0.998        C   34 0.973
   105  H   0.999        C   35 0.963
   106  H   0.999        C   36 0.975
   107  H   0.999        C   36 0.967
   108  H   0.999        C   37 0.986
   109  H   0.999        C   37 0.987
   110  H   0.999        C   37 0.984
   111  H   0.999        C   38 0.977
   112  H   0.999        C   38 0.977
   113  H   0.999        C   39 0.987
   114  H   0.999        C   39 0.986
   115  H   0.999        C   39 0.984
   116  H   0.997        C   40 0.961
   117  H   0.997        C   43 0.954
   118  H   0.998        C   45 0.970
   119  H   0.998        C   45 0.968
   120  H   0.999        C   46 0.964
   121  H   0.999        C   47 0.976
   122  H   0.999        C   47 0.970
   123  H   0.999        C   48 0.985
   124  H   0.999        C   48 0.987
   125  H   0.999        C   48 0.987
   126  H   0.999        C   49 0.976
   127  H   0.999        C   49 0.976
   128  H   0.999        C   50 0.987
   129  H   0.999        C   50 0.986
   130  H   0.999        C   50 0.985
   131  H   0.998        C   51 0.971
   132  H   0.999        C   51 0.976
   133  H   0.998        C   52 0.958
   134  H   0.999        C   53 0.977
   135  H   0.999        C   53 0.973
   136  H   0.999        C   54 0.983
   137  H   0.999        C   54 0.987
   138  H   0.999        C   54 0.978
   139  H   0.999        C   55 0.975
   140  H   0.999        C   55 0.977
   141  H   0.999        C   56 0.986
   142  H   0.999        C   56 0.986
   143  H   0.999        C   56 0.985
   144  H   0.998        C   61 0.959
   145  H   0.989        C   69 0.948
   146  H   0.996        C   70 0.964
   147  H   0.992        C   71 0.952
   148  H   0.995        C   77 0.966
   149  H   0.994        C   77 0.964
   150  H   0.997        C   78 0.984
   151  H   0.996        C   78 0.981
   152  H   0.998        C   78 0.986

molecular dipole:
                 x           y           z       tot (Debye)
 q only:        1.710      -0.226       1.483
   full:        1.648       0.298       1.791       6.232
molecular quadrupole (traceless):
                xx          xy          yy          xz          yz          zz
 q only:     -190.887     -68.614     109.824      27.912       5.001      81.063
  q+dip:     -178.938     -87.688      97.759      23.592       9.739      81.180
   full:     -181.952     -90.796      94.366      27.543       5.064      87.585


           -------------------------------------------------
          | TOTAL ENERGY             -225.556691493202 Eh   |
          | GRADIENT NORM               0.102700568408 Eh/α |
          | HOMO-LUMO GAP               0.864489957064 eV   |
           -------------------------------------------------

------------------------------------------------------------------------
 * finished run on 2021/04/12 at 13:53:14.476     
------------------------------------------------------------------------
 total:
 * wall-time:     0 d,  0 h,  0 min,  1.393 sec
 *  cpu-time:     0 d,  0 h,  0 min,  1.380 sec
 * ratio c/w:     0.990 speedup
 SCF:
 * wall-time:     0 d,  0 h,  0 min,  1.056 sec
 *  cpu-time:     0 d,  0 h,  0 min,  1.053 sec
 * ratio c/w:     0.998 speedup

