      -----------------------------------------------------------      
     |                   =====================                   |     
     |                           x T B                           |     
     |                   =====================                   |     
     |                         S. Grimme                         |     
     |          Mulliken Center for Theoretical Chemistry        |     
     |                    University of Bonn                     |     
     |                Version 6.2 RC2 (SAW190805)                |     
      -----------------------------------------------------------      

   This program is distributed in the hope that it will be useful,
   but WITHOUT ANY WARRANTY; without even the implied warranty of
   MERCHANTABILITY or FITNESS FOR A PARTICULAR PURPOSE.
   
   FOR NON-COMMERCIAL, ACADEMIA USE ONLY.
   
   Cite this work as:
   * S. Grimme, C. Bannwarth, P. Shushkov, J. Chem. Theory Comput., 2017,
     13, 1989-2009. DOI: 10.1021/acs.jctc.7b00118
   * C. Bannwarth, S. Ehlert and S. Grimme., J. Chem. Theory Comput., 2019,
     15, 1652-1671. DOI: 10.1021/acs.jctc.8b01176
   * P. Pracht, E. Caldeweyher, S. Ehlert, S. Grimme, ChemRxiv, 2019, preprint.
     DOI: 10.26434/chemrxiv.8326202.v1
   
   for DFT-D4:
   * E. Caldeweyher, C. Bannwarth and S. Grimme, J. Chem. Phys., 2017,
     147, 034112. DOI: 10.1063/1.4993215
   * E. Caldeweyher, S. Ehlert, A. Hansen, H. Neugebauer, S. Spicher,
     C. Bannwarth and S. Grimme, J. Chem. Phys., 2019, 150, 154122.
     DOI: 10.1063/1.5090222
   
   for sTDA-xTB:
   * S. Grimme and C. Bannwarth, J. Chem. Phys., 2016, 145, 054103.
     DOI: 10.1063/1.4959605
   
   in the mass-spec context:
   * V. Asgeirsson, C. Bauer and S. Grimme, Chem. Sci., 2017, 8, 4879.
     DOI: 10.1039/c7sc00601b
   
   for metadynamics refer to:
   * S. Grimme, J. Chem. Theory Comput., 2019, 155, 2847-2862
     DOI: 10.1021/acs.jctc.9b00143
   
   with help from (in alphabetical order)
   C. Bannwarth, F. Bohle, G. Brandenburg, E. Caldeweyher, M. Checinski,
   S. Dohm, S. Ehlert, S. Ehrlich, F. März, H. Neugebauer, J. Pisarek,
   P. Pracht, P. Shushkov, and S. Spicher.
   
 * started run on 2021/04/12 at 13:53:14.491     

           -------------------------------------------------
          |                Calculation Setup                |
           -------------------------------------------------

          program call               : /ihome/ghutchison/geoffh/xtb/xtb F-2F.xyz -sp
          hostname                   : smp-n149
          coordinate file            : F-2F.xyz
          omp threads                :                     1
          number of atoms            :                   115
          number of electrons        :                   358
          charge                     :                     0
          spin                       :                   0.0
          first test random number   :      0.73591940456682


########################################################################
# WARNING! Please study the warnings concerning your input carefully
#  - XTBPATH is not set, using XTBHOME instead
#  - the use of '-sp' is discouraged, please use '--sp' next time
########################################################################

           ------------------------------------------------- 
          |                 G F N 2 - x T B                 |
          | Geometry, Frequencies, Noncovalent interactions |
          |            JCTC 2019 parametrisation            |
           ------------------------------------------------- 
             KAB for C  - Si     :                1.0500
             KAB for H  - Pd     :                0.9500
             k(s)              :                1.8500
             k(p)              :                2.2300
             k(d)              :                2.2300
             k(f)              :                2.0000
             kEN (H0ij)        :               -2.0000
             D4 a1             :                0.5200
             D4 a2             :                5.0000
             D4 s6             :                1.0000
             D4 s8             :                2.7000
             D4 s9             :                5.0000
             alphaj            :                2.0000

  Z AO/shell   Hii/eV     exponent
  1     Wed Apr 25 08:07:45 CEST 2018   EN: 2.200 GM2: 0.406  GM3: 0.0800  RAES: 1.40
     1s    -10.707211    1.230000
  6     Wed Apr 25 08:07:45 CEST 2018   EN: 2.550 GM2: 0.538  GM3: 0.1500  RAES: 3.00
     2s    -13.970922    2.096432
     2p    -10.063292    1.800000
  7     Wed Apr 25 08:07:45 CEST 2018   EN: 3.040 GM2: 0.461  GM3:-0.0640  RAES: 1.90
     2s    -16.686243    2.339881
     2p    -12.523956    2.014332
  8     Wed Apr 25 08:07:45 CEST 2018   EN: 3.440 GM2: 0.452  GM3:-0.0517  RAES: 1.80
     2s    -20.229985    2.439742
     2p    -15.503117    2.137023
  9     Mon Apr 23 13:58:50 CEST 2018   EN: 3.980 GM2: 0.532  GM3: 0.1426  RAES: 2.40
     2s    -23.458179    2.416361
     2p    -15.746583    2.308399
 16     Tue Apr 24 11:44:34 CEST 2018   EN: 2.580 GM2: 0.340  GM3:-0.0502  RAES: 3.10
     3s    -20.029654    1.981333
     3p    -11.377694    2.025643
     3d     -0.420282    1.702555

           ------------------------------------------------- 
          |        Self-Consistent Charge Iterations        |
           ------------------------------------------------- 

          ...................................................
          :                      SETUP                      :
          :.................................................:
          :  # basis functions                 346          :
          :  # atomic orbitals                 344          :
          :  # shells                          190          :
          :  # electrons                       358          :
          :  max. iterations                   250          :
          :  Hamiltonian                  GFN2-xTB          :
          :  restarted?                      false          :
          :  GBSA solvation                  false          :
          :  PC potential                    false          :
          :  electronic temp.          300.0000000     K    :
          :  accuracy                    1.0000000          :
          :  -> integral cutoff          0.2500000E+02      :
          :  -> integral neglect         0.1000000E-07      :
          :  -> SCF convergence          0.1000000E-05 Eh   :
          :  -> wf. convergence          0.1000000E-03 e    :
          :  Broyden damping             0.4000000          :
          ...................................................

 iter      E             dE          RMSdq      gap      omega  full diag
   1   -199.7833829 -0.199783E+03  0.471E+00    1.42       0.0  T
   2   -199.8561030 -0.727201E-01  0.296E+00    1.34       1.0  T
   3   -199.5497354  0.306368E+00  0.222E+00    0.97       1.0  T
   4   -199.9985325 -0.448797E+00  0.647E-01    1.29       1.0  T
   5   -200.0387159 -0.401834E-01  0.210E-01    1.13       1.0  T
   6   -200.0405851 -0.186919E-02  0.115E-01    1.19       1.0  T
   7   -200.0416182 -0.103307E-02  0.479E-02    1.17       1.0  T
   8   -200.0417902 -0.172053E-03  0.164E-02    1.18       1.0  T
   9   -200.0418023 -0.120928E-04  0.895E-03    1.18       1.0  T
  10   -200.0418078 -0.549133E-05  0.362E-03    1.18       2.6  T
  11   -200.0418088 -0.955415E-06  0.135E-03    1.18       6.9  T
  12   -200.0418089 -0.921128E-07  0.647E-04    1.18      14.4  T
  13   -200.0418089 -0.142162E-07  0.405E-04    1.18      23.0  T

   *** convergence criteria satisfied after 13 iterations ***

         #    Occupation            Energy/Eh            Energy/eV
      -------------------------------------------------------------
         1        2.0000           -0.8505655             -23.1451
       ...           ...                  ...                  ...
       173        2.0000           -0.4215596             -11.4712
       174        2.0000           -0.4176106             -11.3638
       175        2.0000           -0.4161111             -11.3230
       176        2.0000           -0.4148481             -11.2886
       177        2.0000           -0.4131128             -11.2414
       178        2.0000           -0.3993043             -10.8656
       179        2.0000           -0.3862984             -10.5117 (HOMO)
       180                         -0.3429869              -9.3331 (LUMO)
       181                         -0.3396964              -9.2436
       182                         -0.3300968              -8.9824
       183                         -0.3273408              -8.9074
       184                         -0.2947678              -8.0210
       ...                                ...                  ...
       344                          1.0645805              28.9687
      -------------------------------------------------------------
                  HL-Gap            0.0433115 Eh            1.1786 eV
             Fermi-level           -0.3646573 Eh           -9.9228 eV

 SCC (total)                   0 d,  0 h,  0 min,  0.637 sec
 SCC setup                      ...        0 min,  0.003 sec (  0.424%)
 Dispersion                     ...        0 min,  0.005 sec (  0.818%)
 integral evaluation            ...        0 min,  0.201 sec ( 31.538%)
 zeroth order Hamiltonian       ...        0 min,  0.001 sec (  0.210%)
 iterations                     ...        0 min,  0.253 sec ( 39.660%)
 molecular gradient             ...        0 min,  0.172 sec ( 26.960%)
 printout                       ...        0 min,  0.002 sec (  0.383%)

         :::::::::::::::::::::::::::::::::::::::::::::::::::::
         ::                     SUMMARY                     ::
         :::::::::::::::::::::::::::::::::::::::::::::::::::::
         :: total energy            -197.159769555549 Eh    ::
         :: gradient norm              0.104883598606 Eh/a0 ::
         :: HOMO-LUMO gap              1.178564833313 eV    ::
         ::.................................................::
         :: SCC energy              -200.041808868613 Eh    ::
         :: -> isotropic ES            0.129067101598 Eh    ::
         :: -> anisotropic ES          0.019433727259 Eh    ::
         :: -> anisotropic XC          0.115278219244 Eh    ::
         :: -> dispersion             -0.166302279243 Eh    ::
         :: repulsion energy           2.881389141767 Eh    ::
         :: add. restraining           0.000000000000 Eh    ::
         :::::::::::::::::::::::::::::::::::::::::::::::::::::

           -------------------------------------------------
          |                Property Printout                |
           -------------------------------------------------

    * Orbital Energies and Occupations

         #    Occupation            Energy/Eh            Energy/eV
      -------------------------------------------------------------
         1        2.0000           -0.8505655             -23.1451
       ...           ...                  ...                  ...
       167        2.0000           -0.4324143             -11.7666
       168        2.0000           -0.4321424             -11.7592
       169        2.0000           -0.4316218             -11.7450
       170        2.0000           -0.4281609             -11.6509
       171        2.0000           -0.4275054             -11.6330
       172        2.0000           -0.4244957             -11.5511
       173        2.0000           -0.4215596             -11.4712
       174        2.0000           -0.4176106             -11.3638
       175        2.0000           -0.4161111             -11.3230
       176        2.0000           -0.4148481             -11.2886
       177        2.0000           -0.4131128             -11.2414
       178        2.0000           -0.3993043             -10.8656
       179        2.0000           -0.3862984             -10.5117 (HOMO)
       180                         -0.3429869              -9.3331 (LUMO)
       181                         -0.3396964              -9.2436
       182                         -0.3300968              -8.9824
       183                         -0.3273408              -8.9074
       184                         -0.2947678              -8.0210
       185                         -0.2849660              -7.7543
       186                         -0.2731333              -7.4323
       187                         -0.2611420              -7.1060
       188                         -0.2535235              -6.8987
       189                         -0.2530867              -6.8868
       190                         -0.2527492              -6.8777
       ...                                ...                  ...
       344                          1.0645805              28.9687
      -------------------------------------------------------------
                  HL-Gap            0.0433115 Eh            1.1786 eV
             Fermi-level           -0.3646573 Eh           -9.9228 eV

     #   Z        covCN         q      C6AA      α(0)
     1   6 C      2.861     0.226    23.269     7.907
     2   8 O      0.864    -0.358    20.850     6.122
     3   6 C      3.026    -0.020    28.470     8.752
     4   6 C      2.906    -0.038    28.948     8.822
     5   6 C      2.777     0.160    24.519     8.110
     6   9 F      0.787    -0.182    11.055     3.927
     7   6 C      2.775     0.162    24.491     8.105
     8   9 F      0.787    -0.181    11.045     3.926
     9   6 C      2.908    -0.050    29.251     8.868
    10   6 C      3.014     0.005    27.896     8.664
    11   6 C      3.001     0.030    27.313     8.573
    12   6 C      2.943     0.008    27.830     8.652
    13   6 C      1.915     0.120    28.140     8.567
    14   7 N      0.911    -0.235    26.152     7.396
    15   6 C      1.915     0.119    28.183     8.573
    16   7 N      0.911    -0.226    25.935     7.366
    17   6 C      2.985    -0.039    28.958     8.827
    18   6 C      2.868     0.225    23.277     7.909
    19   8 O      0.856    -0.356    20.816     6.117
    20   6 C      3.020    -0.020    28.473     8.753
    21   6 C      2.906    -0.038    28.934     8.820
    22   6 C      2.777     0.161    24.517     8.110
    23   9 F      0.787    -0.182    11.050     3.927
    24   6 C      2.775     0.162    24.480     8.104
    25   9 F      0.788    -0.180    11.034     3.924
    26   6 C      2.907    -0.051    29.261     8.870
    27   6 C      3.017     0.005    27.895     8.664
    28   6 C      2.997     0.033    27.246     8.562
    29   6 C      2.944     0.007    27.869     8.658
    30   6 C      1.914     0.118    28.185     8.574
    31   7 N      0.911    -0.232    26.084     7.387
    32   6 C      1.914     0.116    28.231     8.581
    33   7 N      0.911    -0.229    26.004     7.375
    34   6 C      2.985    -0.039    28.954     8.827
    35   6 C      3.020     0.001    27.974     8.676
    36   6 C      3.044     0.001    27.967     8.674
    37   6 C      2.903    -0.036    28.887     8.813
    38   6 C      3.016     0.004    27.921     8.668
    39   6 C      3.030     0.007    27.842     8.655
    40   6 C      2.902    -0.035    28.861     8.809
    41   6 C      3.921     0.010    20.349     6.411
    42   6 C      3.798    -0.050    21.470     6.598
    43   6 C      3.745    -0.096    22.406     6.752
    44   6 C      3.802    -0.047    21.412     6.588
    45   6 C      3.745    -0.099    22.471     6.762
    46   6 C      3.037     0.004    27.908     8.665
    47   6 C      3.013     0.004    27.912     8.666
    48   6 C      2.903    -0.036    28.893     8.814
    49   6 C      3.042    -0.000    27.993     8.678
    50   6 C      3.019     0.001    27.990     8.678
    51   6 C      2.902    -0.035    28.875     8.811
    52   6 C      2.905    -0.013    28.348     8.730
    53   6 C      2.950    -0.012    28.318     8.728
    54   6 C      3.050     0.026    27.366     8.580
    55   6 C      3.178    -0.008    27.795     8.608
    56   6 C      3.921     0.015    20.262     6.397
    57  16 S      2.257     0.008   140.712    19.965
    58   6 C      2.974     0.021    27.536     8.607
    59   6 C      3.040    -0.031    28.733     8.792
    60   6 C      3.921     0.014    20.275     6.399
    61   6 C      3.148    -0.007    27.920     8.644
    62   6 C      3.060     0.017    27.581     8.612
    63   6 C      3.048    -0.040    28.942     8.823
    64   6 C      2.970     0.018    27.608     8.619
    65  16 S      2.193     0.059   138.662    19.819
    66   6 C      3.799    -0.048    21.431     6.591
    67   6 C      3.799    -0.047    21.413     6.589
    68   6 C      3.798    -0.050    21.472     6.598
    69   6 C      3.799    -0.048    21.428     6.591
    70   6 C      3.745    -0.096    22.410     6.753
    71   6 C      3.745    -0.100    22.480     6.763
    72   6 C      3.745    -0.098    22.436     6.757
    73   6 C      3.745    -0.097    22.429     6.756
    74   1 H      0.924     0.092     1.860     2.133
    75   1 H      0.925     0.090     1.881     2.145
    76   1 H      0.924     0.093     1.847     2.125
    77   1 H      0.925     0.090     1.881     2.145
    78   1 H      0.924     0.036     2.504     2.475
    79   1 H      0.924     0.046     2.364     2.405
    80   1 H      0.923     0.036     2.503     2.474
    81   1 H      0.923     0.042     2.428     2.437
    82   1 H      0.923     0.033     2.550     2.497
    83   1 H      0.923     0.038     2.469     2.458
    84   1 H      0.923     0.033     2.549     2.497
    85   1 H      0.923     0.037     2.486     2.466
    86   1 H      0.923     0.030     2.585     2.514
    87   1 H      0.923     0.039     2.458     2.452
    88   1 H      0.923     0.040     2.456     2.451
    89   1 H      0.923     0.039     2.461     2.453
    90   1 H      0.924     0.041     2.434     2.440
    91   1 H      0.924     0.041     2.431     2.438
    92   1 H      0.925     0.071     2.072     2.251
    93   1 H      0.923     0.087     1.912     2.163
    94   1 H      0.925     0.048     2.347     2.396
    95   1 H      0.924     0.055     2.253     2.347
    96   1 H      0.923     0.046     2.367     2.406
    97   1 H      0.923     0.039     2.467     2.456
    98   1 H      0.923     0.042     2.422     2.434
    99   1 H      0.923     0.030     2.589     2.517
   100   1 H      0.923     0.037     2.490     2.468
   101   1 H      0.923     0.043     2.403     2.424
   102   1 H      0.923     0.038     2.479     2.462
   103   1 H      0.923     0.034     2.534     2.490
   104   1 H      0.923     0.032     2.554     2.499
   105   1 H      0.923     0.039     2.459     2.452
   106   1 H      0.923     0.033     2.543     2.494
   107   1 H      0.923     0.039     2.457     2.451
   108   1 H      0.923     0.040     2.445     2.446
   109   1 H      0.923     0.039     2.462     2.454
   110   1 H      0.923     0.038     2.481     2.463
   111   1 H      0.923     0.040     2.444     2.445
   112   1 H      0.923     0.035     2.516     2.481
   113   1 H      0.923     0.042     2.417     2.432
   114   1 H      0.923     0.038     2.480     2.463
   115   1 H      0.923     0.032     2.561     2.502

 Mol. C6AA /au·bohr⁶  :     195304.683154
 Mol. C8AA /au·bohr⁸  :    5080153.491552
 Mol. α(0) /au        :        694.155297


Wiberg/Mayer (AO) data.
largest (>0.10) Wiberg bond orders for each atom
          total WBO             WBO to atom ...
     1  C   3.925        O    2 1.744    C   17 1.054    C    3 1.015
     2  O   2.081        C    1 1.744
     3  C   3.975        C    4 1.407    C   10 1.314    C    1 1.015
     4  C   3.977        C    3 1.407    C    5 1.393    H   74 0.959
     5  C   3.865        C    4 1.393    C    7 1.317    F    6 0.994
     6  F   1.135        C    5 0.994
     7  C   3.887        C    9 1.399    C    5 1.317    F    8 0.995
     8  F   1.137        C    7 0.995
     9  C   3.971        C    7 1.399    C   10 1.390    H   75 0.954
    10  C   3.980        C    9 1.390    C    3 1.314    C   11 1.072
    11  C   3.969        C   12 1.488    C   17 1.145    C   10 1.072
    12  C   3.926        C   11 1.488    C   13 1.095    C   15 1.093
    13  C   3.941        N   14 2.758    C   12 1.095
    14  N   2.968        C   13 2.758
    15  C   3.941        N   16 2.771    C   12 1.093
    16  N   2.971        C   15 2.771
    17  C   3.958        C   52 1.492    C   11 1.145    C    1 1.054
    18  C   3.921        O   19 1.782    C   20 1.014    C   34 1.012
    19  O   2.053        C   18 1.782
    20  C   3.974        C   21 1.407    C   27 1.313    C   18 1.014
    21  C   3.977        C   20 1.407    C   22 1.393    H   76 0.959
    22  C   3.867        C   21 1.393    C   24 1.318    F   23 0.994
    23  F   1.135        C   22 0.994
    24  C   3.888        C   26 1.396    C   22 1.318    F   25 0.996
    25  F   1.139        C   24 0.996
    26  C   3.972        C   24 1.396    C   27 1.394    H   77 0.955
    27  C   3.981        C   26 1.394    C   20 1.313    C   28 1.064
    28  C   3.973        C   29 1.473    C   34 1.165    C   27 1.064
    29  C   3.938        C   28 1.473    C   30 1.102    C   32 1.094
    30  C   3.944        N   31 2.763    C   29 1.102
    31  N   2.977        C   30 2.763
    32  C   3.942        N   33 2.769    C   29 1.094
    33  N   2.968        C   32 2.769
    34  C   3.957        C   53 1.501    C   28 1.165    C   18 1.012
    35  C   3.957        C   40 1.346    C   36 1.288    C   62 1.148
    36  C   3.960        C   37 1.464    C   35 1.288    C   60 0.982
    37  C   3.972        C   36 1.464    C   38 1.360    H   78 0.964
    38  C   3.946        C   37 1.360    C   39 1.305    C   47 1.103
    39  C   3.972        C   40 1.463    C   38 1.305    C   41 0.991
    40  C   3.971        C   39 1.463    C   35 1.346    H   79 0.963
    41  C   3.987        C   39 0.991    C   46 0.986    C   42 0.972    C   44 0.943
    42  C   3.994        C   43 1.020    H   80 0.974    C   41 0.972    H   81 0.971
    43  C   3.996        C   42 1.020    H   84 0.987    H   82 0.987    H   83 0.986
    44  C   3.992        C   45 1.021    H   86 0.977    H   85 0.973    C   41 0.943
    45  C   3.994        C   44 1.021    H   87 0.984    H   89 0.983    H   88 0.983
    46  C   3.970        C   51 1.460    C   47 1.308    C   41 0.986
    47  C   3.947        C   48 1.358    C   46 1.308    C   38 1.103
    48  C   3.972        C   49 1.464    C   47 1.358    H   90 0.962
    49  C   3.960        C   48 1.464    C   50 1.285    C   56 0.983
    50  C   3.960        C   51 1.349    C   49 1.285    C   54 1.148
    51  C   3.972        C   46 1.460    C   50 1.349    H   91 0.964
    52  C   3.947        C   17 1.492    C   64 1.305    H   92 0.937
    53  C   3.947        C   34 1.501    C   58 1.289    H   93 0.946
    54  C   3.917        C   55 1.365    S   57 1.205    C   50 1.148
    55  C   3.965        C   59 1.396    C   54 1.365    C   56 0.985
    56  C   3.986        C   55 0.985    C   49 0.983    C   67 0.961    C   66 0.954
    57  S   2.604        C   54 1.205    C   58 1.086
    58  C   3.929        C   59 1.378    C   53 1.289    S   57 1.086
    59  C   3.968        C   55 1.396    C   58 1.378    H   94 0.955
    60  C   3.987        C   61 0.985    C   36 0.982    C   68 0.965    C   69 0.953
    61  C   3.960        C   63 1.422    C   62 1.346    C   60 0.985
    62  C   3.929        C   61 1.346    S   65 1.223    C   35 1.148
    63  C   3.963        C   61 1.422    C   64 1.347    H   95 0.960
    64  C   3.932        C   63 1.347    C   52 1.305    S   65 1.102
    65  S   2.699        C   62 1.223    C   64 1.102
    66  C   3.991        C   72 1.020    H   97 0.976    H   96 0.971    C   56 0.954
    67  C   3.993        C   73 1.020    H   99 0.977    H   98 0.970    C   56 0.961
    68  C   3.993        C   70 1.021    H  100 0.973    H  101 0.970    C   60 0.965
    69  C   3.992        C   71 1.020    H  103 0.977    H  102 0.973    C   60 0.953
    70  C   3.996        C   68 1.021    H  104 0.987    H  106 0.986    H  105 0.986
    71  C   3.994        C   69 1.020    H  109 0.985    H  108 0.984    H  107 0.983
    72  C   3.994        C   66 1.020    H  112 0.985    H  110 0.984    H  111 0.984
    73  C   3.994        C   67 1.020    H  114 0.984    H  115 0.984    H  113 0.984
    74  H   0.991        C    4 0.959
    75  H   0.991        C    9 0.954
    76  H   0.991        C   21 0.959
    77  H   0.991        C   26 0.955
    78  H   0.998        C   37 0.964
    79  H   0.997        C   40 0.963
    80  H   0.998        C   42 0.974
    81  H   0.998        C   42 0.971
    82  H   0.999        C   43 0.987
    83  H   0.998        C   43 0.986
    84  H   0.999        C   43 0.987
    85  H   0.998        C   44 0.973
    86  H   0.999        C   44 0.977
    87  H   0.998        C   45 0.984
    88  H   0.997        C   45 0.983
    89  H   0.998        C   45 0.983
    90  H   0.997        C   48 0.962
    91  H   0.998        C   51 0.964
    92  H   0.994        C   52 0.937
    93  H   0.991        C   53 0.946
    94  H   0.997        C   59 0.955
    95  H   0.996        C   63 0.960
    96  H   0.997        C   66 0.971
    97  H   0.998        C   66 0.976
    98  H   0.997        C   67 0.970
    99  H   0.999        C   67 0.977
   100  H   0.998        C   68 0.973
   101  H   0.997        C   68 0.970
   102  H   0.997        C   69 0.973
   103  H   0.999        C   69 0.977
   104  H   0.999        C   70 0.987
   105  H   0.998        C   70 0.986
   106  H   0.999        C   70 0.986
   107  H   0.998        C   71 0.983
   108  H   0.997        C   71 0.984
   109  H   0.998        C   71 0.985
   110  H   0.999        C   72 0.984
   111  H   0.997        C   72 0.984
   112  H   0.999        C   72 0.985
   113  H   0.998        C   73 0.984
   114  H   0.998        C   73 0.984
   115  H   0.999        C   73 0.984

molecular dipole:
                 x           y           z       tot (Debye)
 q only:        0.479      -0.382      -0.242
   full:        0.503       0.007       0.025       1.281
molecular quadrupole (traceless):
                xx          xy          yy          xz          yz          zz
 q only:      -21.106    -151.502     -68.247      47.278      46.799      89.353
  q+dip:      -14.213    -129.560     -56.642      54.623      52.250      70.855
   full:      -23.118    -129.712     -62.927      61.374      51.256      86.045


           -------------------------------------------------
          | TOTAL ENERGY             -197.159769555549 Eh   |
          | GRADIENT NORM               0.104883598606 Eh/α |
          | HOMO-LUMO GAP               1.178564833313 eV   |
           -------------------------------------------------

------------------------------------------------------------------------
 * finished run on 2021/04/12 at 13:53:15.354     
------------------------------------------------------------------------
 total:
 * wall-time:     0 d,  0 h,  0 min,  0.863 sec
 *  cpu-time:     0 d,  0 h,  0 min,  0.852 sec
 * ratio c/w:     0.988 speedup
 SCF:
 * wall-time:     0 d,  0 h,  0 min,  0.638 sec
 *  cpu-time:     0 d,  0 h,  0 min,  0.636 sec
 * ratio c/w:     0.998 speedup

