      -----------------------------------------------------------      
     |                   =====================                   |     
     |                           x T B                           |     
     |                   =====================                   |     
     |                         S. Grimme                         |     
     |          Mulliken Center for Theoretical Chemistry        |     
     |                    University of Bonn                     |     
     |                Version 6.2 RC2 (SAW190805)                |     
      -----------------------------------------------------------      

   This program is distributed in the hope that it will be useful,
   but WITHOUT ANY WARRANTY; without even the implied warranty of
   MERCHANTABILITY or FITNESS FOR A PARTICULAR PURPOSE.
   
   FOR NON-COMMERCIAL, ACADEMIA USE ONLY.
   
   Cite this work as:
   * S. Grimme, C. Bannwarth, P. Shushkov, J. Chem. Theory Comput., 2017,
     13, 1989-2009. DOI: 10.1021/acs.jctc.7b00118
   * C. Bannwarth, S. Ehlert and S. Grimme., J. Chem. Theory Comput., 2019,
     15, 1652-1671. DOI: 10.1021/acs.jctc.8b01176
   * P. Pracht, E. Caldeweyher, S. Ehlert, S. Grimme, ChemRxiv, 2019, preprint.
     DOI: 10.26434/chemrxiv.8326202.v1
   
   for DFT-D4:
   * E. Caldeweyher, C. Bannwarth and S. Grimme, J. Chem. Phys., 2017,
     147, 034112. DOI: 10.1063/1.4993215
   * E. Caldeweyher, S. Ehlert, A. Hansen, H. Neugebauer, S. Spicher,
     C. Bannwarth and S. Grimme, J. Chem. Phys., 2019, 150, 154122.
     DOI: 10.1063/1.5090222
   
   for sTDA-xTB:
   * S. Grimme and C. Bannwarth, J. Chem. Phys., 2016, 145, 054103.
     DOI: 10.1063/1.4959605
   
   in the mass-spec context:
   * V. Asgeirsson, C. Bauer and S. Grimme, Chem. Sci., 2017, 8, 4879.
     DOI: 10.1039/c7sc00601b
   
   for metadynamics refer to:
   * S. Grimme, J. Chem. Theory Comput., 2019, 155, 2847-2862
     DOI: 10.1021/acs.jctc.9b00143
   
   with help from (in alphabetical order)
   C. Bannwarth, F. Bohle, G. Brandenburg, E. Caldeweyher, M. Checinski,
   S. Dohm, S. Ehlert, S. Ehrlich, F. März, H. Neugebauer, J. Pisarek,
   P. Pracht, P. Shushkov, and S. Spicher.
   
 * started run on 2021/04/12 at 13:53:16.198     

           -------------------------------------------------
          |                Calculation Setup                |
           -------------------------------------------------

          program call               : /ihome/ghutchison/geoffh/xtb/xtb FDICTF.xyz -sp
          hostname                   : smp-n149
          coordinate file            : FDICTF.xyz
          omp threads                :                     1
          number of atoms            :                   115
          number of electrons        :                   334
          charge                     :                     0
          spin                       :                   0.0
          first test random number   :      0.02583340005755


########################################################################
# WARNING! Please study the warnings concerning your input carefully
#  - XTBPATH is not set, using XTBHOME instead
#  - the use of '-sp' is discouraged, please use '--sp' next time
########################################################################

           ------------------------------------------------- 
          |                 G F N 2 - x T B                 |
          | Geometry, Frequencies, Noncovalent interactions |
          |            JCTC 2019 parametrisation            |
           ------------------------------------------------- 
             KAB for C  - Si     :                1.0500
             KAB for H  - Pd     :                0.9500
             k(s)              :                1.8500
             k(p)              :                2.2300
             k(d)              :                2.2300
             k(f)              :                2.0000
             kEN (H0ij)        :               -2.0000
             D4 a1             :                0.5200
             D4 a2             :                5.0000
             D4 s6             :                1.0000
             D4 s8             :                2.7000
             D4 s9             :                5.0000
             alphaj            :                2.0000

  Z AO/shell   Hii/eV     exponent
  1     Wed Apr 25 08:07:45 CEST 2018   EN: 2.200 GM2: 0.406  GM3: 0.0800  RAES: 1.40
     1s    -10.707211    1.230000
  6     Wed Apr 25 08:07:45 CEST 2018   EN: 2.550 GM2: 0.538  GM3: 0.1500  RAES: 3.00
     2s    -13.970922    2.096432
     2p    -10.063292    1.800000
  7     Wed Apr 25 08:07:45 CEST 2018   EN: 3.040 GM2: 0.461  GM3:-0.0640  RAES: 1.90
     2s    -16.686243    2.339881
     2p    -12.523956    2.014332
  8     Wed Apr 25 08:07:45 CEST 2018   EN: 3.440 GM2: 0.452  GM3:-0.0517  RAES: 1.80
     2s    -20.229985    2.439742
     2p    -15.503117    2.137023
 16     Tue Apr 24 11:44:34 CEST 2018   EN: 2.580 GM2: 0.340  GM3:-0.0502  RAES: 3.10
     3s    -20.029654    1.981333
     3p    -11.377694    2.025643
     3d     -0.420282    1.702555

           ------------------------------------------------- 
          |        Self-Consistent Charge Iterations        |
           ------------------------------------------------- 

          ...................................................
          :                      SETUP                      :
          :.................................................:
          :  # basis functions                 334          :
          :  # atomic orbitals                 332          :
          :  # shells                          186          :
          :  # electrons                       334          :
          :  max. iterations                   250          :
          :  Hamiltonian                  GFN2-xTB          :
          :  restarted?                      false          :
          :  GBSA solvation                  false          :
          :  PC potential                    false          :
          :  electronic temp.          300.0000000     K    :
          :  accuracy                    1.0000000          :
          :  -> integral cutoff          0.2500000E+02      :
          :  -> integral neglect         0.1000000E-07      :
          :  -> SCF convergence          0.1000000E-05 Eh   :
          :  -> wf. convergence          0.1000000E-03 e    :
          :  Broyden damping             0.4000000          :
          ...................................................

 iter      E             dE          RMSdq      gap      omega  full diag
   1   -182.9315858 -0.182932E+03  0.441E+00    1.41       0.0  T
   2   -182.9978480 -0.662622E-01  0.274E+00    1.35       1.0  T
   3   -182.7234700  0.274378E+00  0.210E+00    1.08       1.0  T
   4   -183.1206923 -0.397222E+00  0.583E-01    1.31       1.0  T
   5   -183.1498526 -0.291603E-01  0.203E-01    1.19       1.0  T
   6   -183.1521091 -0.225650E-02  0.114E-01    1.24       1.0  T
   7   -183.1534125 -0.130343E-02  0.429E-02    1.23       1.0  T
   8   -183.1535269 -0.114363E-03  0.173E-02    1.23       1.0  T
   9   -183.1535417 -0.148148E-04  0.878E-03    1.23       1.1  T
  10   -183.1535460 -0.426898E-05  0.339E-03    1.23       2.8  T
  11   -183.1535469 -0.963016E-06  0.162E-03    1.23       5.8  T
  12   -183.1535471 -0.132270E-06  0.891E-04    1.23      10.5  T
  13   -183.1535471 -0.405821E-07  0.479E-04    1.23      19.5  T

   *** convergence criteria satisfied after 13 iterations ***

         #    Occupation            Energy/Eh            Energy/eV
      -------------------------------------------------------------
         1        2.0000           -0.7481433             -20.3580
       ...           ...                  ...                  ...
       161        2.0000           -0.4127989             -11.2328
       162        2.0000           -0.4087273             -11.1220
       163        2.0000           -0.4073142             -11.0836
       164        2.0000           -0.4012023             -10.9173
       165        2.0000           -0.3999713             -10.8838
       166        2.0000           -0.3886209             -10.5749
       167        2.0000           -0.3762447             -10.2381 (HOMO)
       168                         -0.3308879              -9.0039 (LUMO)
       169                         -0.3268597              -8.8943
       170                         -0.3147449              -8.5646
       171                         -0.3123153              -8.4985
       172                         -0.2826799              -7.6921
       ...                                ...                  ...
       332                          1.0779194              29.3317
      -------------------------------------------------------------
                  HL-Gap            0.0453568 Eh            1.2342 eV
             Fermi-level           -0.3535732 Eh           -9.6212 eV

 SCC (total)                   0 d,  0 h,  0 min,  0.593 sec
 SCC setup                      ...        0 min,  0.003 sec (  0.433%)
 Dispersion                     ...        0 min,  0.006 sec (  1.020%)
 integral evaluation            ...        0 min,  0.190 sec ( 31.989%)
 zeroth order Hamiltonian       ...        0 min,  0.001 sec (  0.218%)
 iterations                     ...        0 min,  0.223 sec ( 37.557%)
 molecular gradient             ...        0 min,  0.169 sec ( 28.402%)
 printout                       ...        0 min,  0.002 sec (  0.372%)

         :::::::::::::::::::::::::::::::::::::::::::::::::::::
         ::                     SUMMARY                     ::
         :::::::::::::::::::::::::::::::::::::::::::::::::::::
         :: total energy            -180.254306316910 Eh    ::
         :: gradient norm              0.102090705855 Eh/a0 ::
         :: HOMO-LUMO gap              1.234221626024 eV    ::
         ::.................................................::
         :: SCC energy              -183.153547111648 Eh    ::
         :: -> isotropic ES            0.092750573757 Eh    ::
         :: -> anisotropic ES          0.019851977884 Eh    ::
         :: -> anisotropic XC          0.141290053485 Eh    ::
         :: -> dispersion             -0.166733039300 Eh    ::
         :: repulsion energy           2.897986160861 Eh    ::
         :: add. restraining           0.000000000000 Eh    ::
         :::::::::::::::::::::::::::::::::::::::::::::::::::::

           -------------------------------------------------
          |                Property Printout                |
           -------------------------------------------------

    * Orbital Energies and Occupations

         #    Occupation            Energy/Eh            Energy/eV
      -------------------------------------------------------------
         1        2.0000           -0.7481433             -20.3580
       ...           ...                  ...                  ...
       155        2.0000           -0.4243694             -11.5477
       156        2.0000           -0.4218847             -11.4801
       157        2.0000           -0.4200921             -11.4313
       158        2.0000           -0.4189914             -11.4013
       159        2.0000           -0.4158794             -11.3167
       160        2.0000           -0.4156624             -11.3107
       161        2.0000           -0.4127989             -11.2328
       162        2.0000           -0.4087273             -11.1220
       163        2.0000           -0.4073142             -11.0836
       164        2.0000           -0.4012023             -10.9173
       165        2.0000           -0.3999713             -10.8838
       166        2.0000           -0.3886209             -10.5749
       167        2.0000           -0.3762447             -10.2381 (HOMO)
       168                         -0.3308879              -9.0039 (LUMO)
       169                         -0.3268597              -8.8943
       170                         -0.3147449              -8.5646
       171                         -0.3123153              -8.4985
       172                         -0.2826799              -7.6921
       173                         -0.2691614              -7.3243
       174                         -0.2553983              -6.9497
       175                         -0.2458443              -6.6898
       176                         -0.2451336              -6.6704
       177                         -0.2420173              -6.5856
       178                         -0.2409022              -6.5553
       ...                                ...                  ...
       332                          1.0779194              29.3317
      -------------------------------------------------------------
                  HL-Gap            0.0453568 Eh            1.2342 eV
             Fermi-level           -0.3535732 Eh           -9.6212 eV

     #   Z        covCN         q      C6AA      α(0)
     1   6 C      2.865     0.223    23.315     7.915
     2   8 O      0.856    -0.365    20.990     6.143
     3   6 C      3.019    -0.016    28.396     8.741
     4   6 C      2.905    -0.014    28.362     8.732
     5   6 C      2.912    -0.021    28.538     8.760
     6   6 C      2.911    -0.019    28.486     8.752
     7   6 C      2.906    -0.027    28.677     8.781
     8   6 C      3.014     0.006    27.856     8.658
     9   6 C      2.999     0.031    27.299     8.571
    10   6 C      2.944     0.002    27.974     8.675
    11   6 C      1.913     0.118    28.205     8.577
    12   7 N      0.911    -0.239    26.246     7.410
    13   6 C      1.913     0.117    28.219     8.579
    14   7 N      0.911    -0.240    26.262     7.412
    15   6 C      2.986    -0.038    28.931     8.823
    16   6 C      2.933    -0.012    28.319     8.727
    17   6 C      2.978     0.022    27.510     8.604
    18   6 C      3.043    -0.034    28.814     8.804
    19   6 C      3.200    -0.012    27.733     8.582
    20   6 C      3.043     0.024    27.428     8.590
    21  16 S      2.251     0.002   140.971    19.983
    22   6 C      3.019    -0.000    28.012     8.682
    23   6 C      3.036     0.002    27.935     8.669
    24   6 C      3.917     0.014    20.280     6.400
    25   6 C      3.799    -0.045    21.390     6.585
    26   6 C      3.745    -0.096    22.408     6.753
    27   6 C      3.800    -0.047    21.410     6.588
    28   6 C      3.745    -0.098    22.434     6.757
    29   6 C      2.903    -0.036    28.899     8.814
    30   6 C      3.015     0.002    27.957     8.673
    31   6 C      3.026     0.006    27.863     8.658
    32   6 C      2.902    -0.035    28.868     8.810
    33   6 C      3.921     0.010    20.352     6.412
    34   6 C      3.798    -0.049    21.451     6.595
    35   6 C      3.745    -0.096    22.397     6.751
    36   6 C      3.800    -0.047    21.418     6.589
    37   6 C      3.745    -0.099    22.454     6.760
    38   6 C      3.034     0.003    27.918     8.667
    39   6 C      3.014     0.003    27.942     8.671
    40   6 C      2.903    -0.037    28.920     8.818
    41   6 C      3.042    -0.002    28.031     8.684
    42   6 C      3.017     0.000    27.996     8.679
    43   6 C      2.902    -0.035    28.868     8.810
    44   6 C      3.053     0.026    27.368     8.580
    45   6 C      3.171    -0.011    27.896     8.628
    46   6 C      3.921     0.015    20.266     6.398
    47   6 C      3.799    -0.047    21.416     6.589
    48   6 C      3.745    -0.098    22.442     6.758
    49   6 C      3.798    -0.047    21.417     6.589
    50   6 C      3.745    -0.098    22.446     6.758
    51   6 C      3.051    -0.039    28.916     8.819
    52   6 C      2.973     0.022    27.511     8.604
    53  16 S      2.220    -0.006   141.311    20.007
    54   6 C      2.912    -0.014    28.357     8.732
    55   6 C      2.985    -0.036    28.890     8.817
    56   6 C      3.002     0.032    27.264     8.565
    57   6 C      2.944     0.007    27.872     8.659
    58   6 C      1.912     0.119    28.183     8.574
    59   7 N      0.911    -0.237    26.201     7.403
    60   6 C      1.913     0.119    28.167     8.571
    61   7 N      0.911    -0.237    26.193     7.402
    62   6 C      3.012     0.007    27.835     8.654
    63   6 C      2.906    -0.026    28.657     8.778
    64   6 C      2.911    -0.019    28.485     8.752
    65   6 C      2.912    -0.022    28.544     8.761
    66   6 C      2.905    -0.014    28.365     8.733
    67   6 C      3.020    -0.016    28.394     8.741
    68   6 C      2.864     0.223    23.317     7.915
    69   8 O      0.856    -0.368    21.052     6.152
    70   1 H      0.924     0.060     2.202     2.320
    71   1 H      0.924     0.047     2.357     2.401
    72   1 H      0.924     0.048     2.342     2.393
    73   1 H      0.925     0.056     2.250     2.346
    74   1 H      0.923     0.080     1.976     2.198
    75   1 H      0.925     0.039     2.456     2.451
    76   1 H      0.923     0.036     2.504     2.475
    77   1 H      0.923     0.029     2.594     2.519
    78   1 H      0.923     0.039     2.466     2.456
    79   1 H      0.923     0.035     2.514     2.479
    80   1 H      0.923     0.037     2.485     2.465
    81   1 H      0.923     0.041     2.439     2.442
    82   1 H      0.923     0.039     2.463     2.454
    83   1 H      0.923     0.036     2.509     2.477
    84   1 H      0.923     0.039     2.464     2.455
    85   1 H      0.924     0.038     2.471     2.458
    86   1 H      0.925     0.043     2.406     2.426
    87   1 H      0.924     0.043     2.408     2.427
    88   1 H      0.923     0.036     2.498     2.472
    89   1 H      0.923     0.040     2.449     2.447
    90   1 H      0.923     0.033     2.547     2.496
    91   1 H      0.923     0.039     2.468     2.457
    92   1 H      0.923     0.032     2.557     2.501
    93   1 H      0.923     0.037     2.493     2.469
    94   1 H      0.923     0.030     2.581     2.513
    95   1 H      0.923     0.038     2.475     2.460
    96   1 H      0.923     0.038     2.482     2.464
    97   1 H      0.923     0.037     2.486     2.466
    98   1 H      0.924     0.039     2.465     2.455
    99   1 H      0.924     0.039     2.464     2.455
   100   1 H      0.923     0.042     2.426     2.436
   101   1 H      0.923     0.035     2.518     2.482
   102   1 H      0.923     0.038     2.483     2.464
   103   1 H      0.923     0.038     2.475     2.460
   104   1 H      0.923     0.037     2.496     2.471
   105   1 H      0.923     0.041     2.440     2.443
   106   1 H      0.923     0.030     2.580     2.512
   107   1 H      0.923     0.036     2.501     2.473
   108   1 H      0.923     0.037     2.494     2.470
   109   1 H      0.923     0.039     2.457     2.451
   110   1 H      0.924     0.051     2.313     2.378
   111   1 H      0.923     0.079     1.987     2.204
   112   1 H      0.925     0.056     2.245     2.343
   113   1 H      0.924     0.048     2.341     2.393
   114   1 H      0.924     0.047     2.362     2.404
   115   1 H      0.924     0.059     2.209     2.324

 Mol. C6AA /au·bohr⁶  :     191305.697805
 Mol. C8AA /au·bohr⁸  :    4984866.020328
 Mol. α(0) /au        :        691.582281


Wiberg/Mayer (AO) data.
largest (>0.10) Wiberg bond orders for each atom
          total WBO             WBO to atom ...
     1  C   3.923        O    2 1.780    C    3 1.015    C   15 1.007
     2  O   2.053        C    1 1.780
     3  C   3.974        C    4 1.418    C    8 1.302    C    1 1.015
     4  C   3.982        C    5 1.424    C    3 1.418    H   70 0.966
     5  C   3.954        C    6 1.434    C    4 1.424    H   71 0.970
     6  C   3.980        C    5 1.434    C    7 1.430    H   72 0.970
     7  C   3.977        C    6 1.430    C    8 1.404    H   73 0.962
     8  C   3.981        C    7 1.404    C    3 1.302    C    9 1.066
     9  C   3.973        C   10 1.475    C   15 1.155    C    8 1.066
    10  C   3.939        C    9 1.475    C   11 1.100    C   13 1.096
    11  C   3.942        N   12 2.764    C   10 1.100
    12  N   2.980        C   11 2.764
    13  C   3.941        N   14 2.766    C   10 1.096
    14  N   2.967        C   13 2.766
    15  C   3.957        C   16 1.520    C    9 1.155    C    1 1.007
    16  C   3.948        C   15 1.520    C   17 1.273    H   74 0.950
    17  C   3.930        C   18 1.389    C   16 1.273    S   21 1.092
    18  C   3.969        C   19 1.390    C   17 1.389    H   75 0.957
    19  C   3.967        C   18 1.390    C   20 1.376    C   24 0.982
    20  C   3.917        C   19 1.376    S   21 1.193    C   22 1.145
    21  S   2.592        C   20 1.193    C   17 1.092
    22  C   3.956        C   32 1.353    C   23 1.283    C   20 1.145
    23  C   3.962        C   29 1.465    C   22 1.283    C   24 0.986
    24  C   3.985        C   23 0.986    C   19 0.982    C   25 0.962    C   27 0.953
    25  C   3.993        C   26 1.019    H   77 0.977    H   76 0.973    C   24 0.962
    26  C   3.994        C   25 1.019    H   79 0.984    H   80 0.982    H   78 0.980
    27  C   3.990        C   28 1.020    H   81 0.976    H   82 0.973    C   24 0.953
    28  C   3.994        C   27 1.020    H   84 0.984    H   83 0.984    H   85 0.979
    29  C   3.971        C   23 1.465    C   30 1.357    H   86 0.959
    30  C   3.949        C   29 1.357    C   31 1.311    C   39 1.102
    31  C   3.972        C   32 1.457    C   30 1.311    C   33 0.989
    32  C   3.972        C   31 1.457    C   22 1.353    H   87 0.963
    33  C   3.988        C   31 0.989    C   38 0.987    C   34 0.963    C   36 0.953
    34  C   3.994        C   35 1.021    H   88 0.974    H   89 0.971    C   33 0.963
    35  C   3.996        C   34 1.021    H   92 0.987    H   90 0.986    H   91 0.986
    36  C   3.993        C   37 1.021    H   94 0.977    H   93 0.973    C   33 0.953
    37  C   3.994        C   36 1.021    H   96 0.984    H   95 0.984    H   97 0.984
    38  C   3.972        C   43 1.457    C   39 1.313    C   33 0.987
    39  C   3.950        C   40 1.356    C   38 1.313    C   30 1.102
    40  C   3.972        C   41 1.466    C   39 1.356    H   98 0.961
    41  C   3.962        C   40 1.466    C   42 1.285    C   46 0.983
    42  C   3.957        C   43 1.353    C   41 1.285    C   44 1.145
    43  C   3.973        C   38 1.457    C   42 1.353    H   99 0.964
    44  C   3.929        C   45 1.376    S   53 1.191    C   42 1.145
    45  C   3.962        C   51 1.390    C   44 1.376    C   46 0.984
    46  C   3.986        C   45 0.984    C   41 0.983    C   49 0.962    C   47 0.955
    47  C   3.992        C   48 1.020    H  101 0.977    H  100 0.972    C   46 0.955
    48  C   3.994        C   47 1.020    H  102 0.984    H  103 0.984    H  104 0.983
    49  C   3.994        C   50 1.020    H  106 0.977    H  105 0.970    C   46 0.962
    50  C   3.994        C   49 1.020    H  107 0.985    H  109 0.985    H  108 0.984
    51  C   3.972        C   45 1.390    C   52 1.385    H  110 0.959
    52  C   3.929        C   51 1.385    C   54 1.265    S   53 1.101
    53  S   2.613        C   44 1.191    C   52 1.101
    54  C   3.950        C   55 1.535    C   52 1.265    H  111 0.942
    55  C   3.958        C   54 1.535    C   56 1.147    C   68 1.007
    56  C   3.974        C   57 1.483    C   55 1.147    C   62 1.066
    57  C   3.952        C   56 1.483    C   60 1.097    C   58 1.096
    58  C   3.941        N   59 2.768    C   57 1.096
    59  N   2.968        C   58 2.768
    60  C   3.942        N   61 2.768    C   57 1.097
    61  N   2.980        C   60 2.768
    62  C   3.979        C   63 1.403    C   67 1.302    C   56 1.066
    63  C   3.978        C   64 1.431    C   62 1.403    H  112 0.963
    64  C   3.980        C   65 1.433    C   63 1.431    H  113 0.970
    65  C   3.954        C   64 1.433    C   66 1.425    H  114 0.970
    66  C   3.982        C   65 1.425    C   67 1.417    H  115 0.966
    67  C   3.974        C   66 1.417    C   62 1.302    C   68 1.016
    68  C   3.922        O   69 1.778    C   67 1.016    C   55 1.007
    69  O   2.055        C   68 1.778
    70  H   0.996        C    4 0.966
    71  H   0.997        C    5 0.970
    72  H   0.997        C    6 0.970
    73  H   0.996        C    7 0.962
    74  H   0.992        C   16 0.950
    75  H   0.998        C   18 0.957
    76  H   0.998        C   25 0.973
    77  H   0.999        C   25 0.977
    78  H   0.998        C   26 0.980
    79  H   0.998        C   26 0.984
    80  H   0.999        C   26 0.982
    81  H   0.998        C   27 0.976
    82  H   0.998        C   27 0.973
    83  H   0.999        C   28 0.984
    84  H   0.997        C   28 0.984
    85  H   0.998        C   28 0.979
    86  H   0.997        C   29 0.959
    87  H   0.997        C   32 0.963
    88  H   0.998        C   34 0.974
    89  H   0.998        C   34 0.971
    90  H   0.999        C   35 0.986
    91  H   0.998        C   35 0.986
    92  H   0.999        C   35 0.987
    93  H   0.998        C   36 0.973
    94  H   0.999        C   36 0.977
    95  H   0.999        C   37 0.984
    96  H   0.998        C   37 0.984
    97  H   0.999        C   37 0.984
    98  H   0.997        C   40 0.961
    99  H   0.998        C   43 0.964
   100  H   0.997        C   47 0.972
   101  H   0.999        C   47 0.977
   102  H   0.999        C   48 0.984
   103  H   0.997        C   48 0.984
   104  H   0.999        C   48 0.983
   105  H   0.997        C   49 0.970
   106  H   0.999        C   49 0.977
   107  H   0.998        C   50 0.985
   108  H   0.999        C   50 0.984
   109  H   0.998        C   50 0.985
   110  H   0.997        C   51 0.959
   111  H   0.992        C   54 0.942
   112  H   0.996        C   63 0.963
   113  H   0.997        C   64 0.970
   114  H   0.997        C   65 0.970
   115  H   0.996        C   66 0.966

molecular dipole:
                 x           y           z       tot (Debye)
 q only:       -1.690       1.434       1.139
   full:       -2.032       1.872       1.352       7.818
molecular quadrupole (traceless):
                xx          xy          yy          xz          yz          zz
 q only:       56.181     -12.605     -77.588     -23.556     -36.062      21.408
  q+dip:       80.455      10.380     -88.414     -23.200     -45.622       7.959
   full:       81.801       7.228     -92.179     -30.770     -35.203      10.378


           -------------------------------------------------
          | TOTAL ENERGY             -180.254306316910 Eh   |
          | GRADIENT NORM               0.102090705855 Eh/α |
          | HOMO-LUMO GAP               1.234221626024 eV   |
           -------------------------------------------------

------------------------------------------------------------------------
 * finished run on 2021/04/12 at 13:53:17.002     
------------------------------------------------------------------------
 total:
 * wall-time:     0 d,  0 h,  0 min,  0.804 sec
 *  cpu-time:     0 d,  0 h,  0 min,  0.797 sec
 * ratio c/w:     0.991 speedup
 SCF:
 * wall-time:     0 d,  0 h,  0 min,  0.594 sec
 *  cpu-time:     0 d,  0 h,  0 min,  0.593 sec
 * ratio c/w:     0.998 speedup

