      -----------------------------------------------------------      
     |                   =====================                   |     
     |                           x T B                           |     
     |                   =====================                   |     
     |                         S. Grimme                         |     
     |          Mulliken Center for Theoretical Chemistry        |     
     |                    University of Bonn                     |     
     |                Version 6.2 RC2 (SAW190805)                |     
      -----------------------------------------------------------      

   This program is distributed in the hope that it will be useful,
   but WITHOUT ANY WARRANTY; without even the implied warranty of
   MERCHANTABILITY or FITNESS FOR A PARTICULAR PURPOSE.
   
   FOR NON-COMMERCIAL, ACADEMIA USE ONLY.
   
   Cite this work as:
   * S. Grimme, C. Bannwarth, P. Shushkov, J. Chem. Theory Comput., 2017,
     13, 1989-2009. DOI: 10.1021/acs.jctc.7b00118
   * C. Bannwarth, S. Ehlert and S. Grimme., J. Chem. Theory Comput., 2019,
     15, 1652-1671. DOI: 10.1021/acs.jctc.8b01176
   * P. Pracht, E. Caldeweyher, S. Ehlert, S. Grimme, ChemRxiv, 2019, preprint.
     DOI: 10.26434/chemrxiv.8326202.v1
   
   for DFT-D4:
   * E. Caldeweyher, C. Bannwarth and S. Grimme, J. Chem. Phys., 2017,
     147, 034112. DOI: 10.1063/1.4993215
   * E. Caldeweyher, S. Ehlert, A. Hansen, H. Neugebauer, S. Spicher,
     C. Bannwarth and S. Grimme, J. Chem. Phys., 2019, 150, 154122.
     DOI: 10.1063/1.5090222
   
   for sTDA-xTB:
   * S. Grimme and C. Bannwarth, J. Chem. Phys., 2016, 145, 054103.
     DOI: 10.1063/1.4959605
   
   in the mass-spec context:
   * V. Asgeirsson, C. Bauer and S. Grimme, Chem. Sci., 2017, 8, 4879.
     DOI: 10.1039/c7sc00601b
   
   for metadynamics refer to:
   * S. Grimme, J. Chem. Theory Comput., 2019, 155, 2847-2862
     DOI: 10.1021/acs.jctc.9b00143
   
   with help from (in alphabetical order)
   C. Bannwarth, F. Bohle, G. Brandenburg, E. Caldeweyher, M. Checinski,
   S. Dohm, S. Ehlert, S. Ehrlich, F. März, H. Neugebauer, J. Pisarek,
   P. Pracht, P. Shushkov, and S. Spicher.
   
 * started run on 2020/11/20 at 13:45:14.114     

           -------------------------------------------------
          |                Calculation Setup                |
           -------------------------------------------------

          program call               : /ihome/ghutchison/geoffh/xtb/xtb FO-2F.xyz -sp
          hostname                   : smp-n25
          coordinate file            : FO-2F.xyz
          omp threads                :                     1
          number of atoms            :                   117
          number of electrons        :                   370
          charge                     :                     0
          spin                       :                   0.0
          first test random number   :      0.13810656719797


########################################################################
# WARNING! Please study the warnings concerning your input carefully
#  - XTBPATH is not set, using XTBHOME instead
#  - the use of '-sp' is discouraged, please use '--sp' next time
########################################################################

           ------------------------------------------------- 
          |                 G F N 2 - x T B                 |
          | Geometry, Frequencies, Noncovalent interactions |
          |            JCTC 2019 parametrisation            |
           ------------------------------------------------- 
             KAB for C  - Si     :                1.0500
             KAB for H  - Pd     :                0.9500
             k(s)              :                1.8500
             k(p)              :                2.2300
             k(d)              :                2.2300
             k(f)              :                2.0000
             kEN (H0ij)        :               -2.0000
             D4 a1             :                0.5200
             D4 a2             :                5.0000
             D4 s6             :                1.0000
             D4 s8             :                2.7000
             D4 s9             :                5.0000
             alphaj            :                2.0000

  Z AO/shell   Hii/eV     exponent
  1     Wed Apr 25 08:07:45 CEST 2018   EN: 2.200 GM2: 0.406  GM3: 0.0800  RAES: 1.40
     1s    -10.707211    1.230000
  6     Wed Apr 25 08:07:45 CEST 2018   EN: 2.550 GM2: 0.538  GM3: 0.1500  RAES: 3.00
     2s    -13.970922    2.096432
     2p    -10.063292    1.800000
  7     Wed Apr 25 08:07:45 CEST 2018   EN: 3.040 GM2: 0.461  GM3:-0.0640  RAES: 1.90
     2s    -16.686243    2.339881
     2p    -12.523956    2.014332
  8     Wed Apr 25 08:07:45 CEST 2018   EN: 3.440 GM2: 0.452  GM3:-0.0517  RAES: 1.80
     2s    -20.229985    2.439742
     2p    -15.503117    2.137023
  9     Mon Apr 23 13:58:50 CEST 2018   EN: 3.980 GM2: 0.532  GM3: 0.1426  RAES: 2.40
     2s    -23.458179    2.416361
     2p    -15.746583    2.308399
 16     Tue Apr 24 11:44:34 CEST 2018   EN: 2.580 GM2: 0.340  GM3:-0.0502  RAES: 3.10
     3s    -20.029654    1.981333
     3p    -11.377694    2.025643
     3d     -0.420282    1.702555

           ------------------------------------------------- 
          |        Self-Consistent Charge Iterations        |
           ------------------------------------------------- 

          ...................................................
          :                      SETUP                      :
          :.................................................:
          :  # basis functions                 354          :
          :  # atomic orbitals                 352          :
          :  # shells                          194          :
          :  # electrons                       370          :
          :  max. iterations                   250          :
          :  Hamiltonian                  GFN2-xTB          :
          :  restarted?                      false          :
          :  GBSA solvation                  false          :
          :  PC potential                    false          :
          :  electronic temp.          300.0000000     K    :
          :  accuracy                    1.0000000          :
          :  -> integral cutoff          0.2500000E+02      :
          :  -> integral neglect         0.1000000E-07      :
          :  -> SCF convergence          0.1000000E-05 Eh   :
          :  -> wf. convergence          0.1000000E-03 e    :
          :  Broyden damping             0.4000000          :
          ...................................................

 iter      E             dE          RMSdq      gap      omega  full diag
   1   -207.9193615 -0.207919E+03  0.479E+00    1.40       0.0  T
   2   -208.0058881 -0.865266E-01  0.304E+00    1.33       1.0  T
   3   -207.7134615  0.292427E+00  0.221E+00    0.83       1.0  T
   4   -208.1564724 -0.443011E+00  0.704E-01    1.22       1.0  T
   5   -208.2056210 -0.491486E-01  0.207E-01    1.05       1.0  T
   6   -208.2072334 -0.161243E-02  0.112E-01    1.11       1.0  T
   7   -208.2082535 -0.102011E-02  0.516E-02    1.09       1.0  T
   8   -208.2084437 -0.190127E-03  0.189E-02    1.10       1.0  T
   9   -208.2084660 -0.223677E-04  0.960E-03    1.10       1.0  T
  10   -208.2084720 -0.592660E-05  0.466E-03    1.10       2.0  T
  11   -208.2084734 -0.144030E-05  0.204E-03    1.10       4.5  T
  12   -208.2084738 -0.359759E-06  0.870E-04    1.10      10.6  T
  13   -208.2084738 -0.580003E-07  0.411E-04    1.10      22.5  T

   *** convergence criteria satisfied after 13 iterations ***

         #    Occupation            Energy/Eh            Energy/eV
      -------------------------------------------------------------
         1        2.0000           -0.8519373             -23.1824
       ...           ...                  ...                  ...
       179        2.0000           -0.4203521             -11.4384
       180        2.0000           -0.4174201             -11.3586
       181        2.0000           -0.4166209             -11.3368
       182        2.0000           -0.4117384             -11.2040
       183        2.0000           -0.4093920             -11.1401
       184        2.0000           -0.3920798             -10.6690
       185        2.0000           -0.3831547             -10.4262 (HOMO)
       186                         -0.3428099              -9.3283 (LUMO)
       187                         -0.3401141              -9.2550
       188                         -0.3317650              -9.0278
       189                         -0.3287808              -8.9466
       190                         -0.2975892              -8.0978
       ...                                ...                  ...
       352                          1.0643499              28.9624
      -------------------------------------------------------------
                  HL-Gap            0.0403447 Eh            1.0978 eV
             Fermi-level           -0.3630093 Eh           -9.8780 eV

 SCC (total)                   0 d,  0 h,  0 min,  0.771 sec
 SCC setup                      ...        0 min,  0.003 sec (  0.412%)
 Dispersion                     ...        0 min,  0.008 sec (  1.051%)
 integral evaluation            ...        0 min,  0.241 sec ( 31.246%)
 zeroth order Hamiltonian       ...        0 min,  0.002 sec (  0.214%)
 iterations                     ...        0 min,  0.307 sec ( 39.785%)
 molecular gradient             ...        0 min,  0.208 sec ( 26.932%)
 printout                       ...        0 min,  0.003 sec (  0.352%)

         :::::::::::::::::::::::::::::::::::::::::::::::::::::
         ::                     SUMMARY                     ::
         :::::::::::::::::::::::::::::::::::::::::::::::::::::
         :: total energy            -205.308843985725 Eh    ::
         :: gradient norm              0.109085344416 Eh/a0 ::
         :: HOMO-LUMO gap              1.097835921288 eV    ::
         ::.................................................::
         :: SCC energy              -208.208473818593 Eh    ::
         :: -> isotropic ES            0.157496226863 Eh    ::
         :: -> anisotropic ES          0.018077407422 Eh    ::
         :: -> anisotropic XC          0.110125356725 Eh    ::
         :: -> dispersion             -0.168090846202 Eh    ::
         :: repulsion energy           2.898732525733 Eh    ::
         :: add. restraining           0.000000000000 Eh    ::
         :::::::::::::::::::::::::::::::::::::::::::::::::::::

           -------------------------------------------------
          |                Property Printout                |
           -------------------------------------------------

    * Orbital Energies and Occupations

         #    Occupation            Energy/Eh            Energy/eV
      -------------------------------------------------------------
         1        2.0000           -0.8519373             -23.1824
       ...           ...                  ...                  ...
       173        2.0000           -0.4358103             -11.8590
       174        2.0000           -0.4334680             -11.7953
       175        2.0000           -0.4310978             -11.7308
       176        2.0000           -0.4289506             -11.6723
       177        2.0000           -0.4264053             -11.6031
       178        2.0000           -0.4250642             -11.5666
       179        2.0000           -0.4203521             -11.4384
       180        2.0000           -0.4174201             -11.3586
       181        2.0000           -0.4166209             -11.3368
       182        2.0000           -0.4117384             -11.2040
       183        2.0000           -0.4093920             -11.1401
       184        2.0000           -0.3920798             -10.6690
       185        2.0000           -0.3831547             -10.4262 (HOMO)
       186                         -0.3428099              -9.3283 (LUMO)
       187                         -0.3401141              -9.2550
       188                         -0.3317650              -9.0278
       189                         -0.3287808              -8.9466
       190                         -0.2975892              -8.0978
       191                         -0.2866764              -7.8009
       192                         -0.2752896              -7.4910
       193                         -0.2639858              -7.1834
       194                         -0.2524952              -6.8707
       195                         -0.2520002              -6.8573
       196                         -0.2481015              -6.7512
       ...                                ...                  ...
       352                          1.0643499              28.9624
      -------------------------------------------------------------
                  HL-Gap            0.0403447 Eh            1.0978 eV
             Fermi-level           -0.3630093 Eh           -9.8780 eV

     #   Z        covCN         q      C6AA      α(0)
     1   6 C      2.857     0.227    23.243     7.902
     2   8 O      0.856    -0.368    21.058     6.153
     3   6 C      3.029    -0.020    28.467     8.752
     4   6 C      2.907    -0.038    28.949     8.822
     5   6 C      2.777     0.161    24.512     8.109
     6   9 F      0.787    -0.181    11.045     3.926
     7   6 C      2.775     0.163    24.473     8.102
     8   9 F      0.787    -0.180    11.027     3.923
     9   6 C      2.908    -0.050    29.249     8.868
    10   6 C      3.012     0.006    27.881     8.661
    11   6 C      3.004     0.030    27.308     8.572
    12   6 C      2.944     0.011    27.759     8.641
    13   6 C      1.912     0.118    28.203     8.577
    14   7 N      0.911    -0.225    25.918     7.363
    15   6 C      1.913     0.119    28.175     8.572
    16   7 N      0.911    -0.223    25.863     7.355
    17   6 C      2.985    -0.037    28.916     8.821
    18   6 C      2.936    -0.010    28.261     8.719
    19   6 C      2.973     0.026    27.423     8.590
    20   6 C      3.055    -0.039    28.925     8.820
    21   6 C      3.126    -0.017    28.247     8.703
    22   6 C      2.994     0.032    27.264     8.565
    23  16 S      2.283    -0.007   141.364    20.011
    24   6 C      2.983    -0.024    28.603     8.773
    25   6 C      2.861     0.149    24.751     8.155
    26   8 O      1.701    -0.267    18.431     5.796
    27   6 C      3.783     0.138    18.361     6.104
    28   6 C      3.800    -0.059    21.645     6.624
    29   6 C      3.746    -0.099    22.470     6.762
    30   6 C      3.799    -0.057    21.604     6.618
    31   6 C      3.745    -0.099    22.457     6.760
    32   6 C      2.904    -0.059    29.471     8.901
    33   6 C      3.019     0.009    27.801     8.649
    34   6 C      3.020     0.000    28.000     8.680
    35   6 C      2.908    -0.037    28.928     8.819
    36   6 C      3.918     0.011    20.325     6.407
    37   6 C      3.798    -0.051    21.488     6.600
    38   6 C      3.745    -0.096    22.405     6.752
    39   6 C      3.798    -0.050    21.465     6.597
    40   6 C      3.745    -0.100    22.477     6.763
    41   6 C      3.026    -0.002    28.054     8.688
    42   6 C      3.017     0.010    27.780     8.646
    43   6 C      2.904    -0.059    29.465     8.901
    44   6 C      2.863     0.148    24.779     8.159
    45   6 C      2.983    -0.023    28.563     8.767
    46   6 C      2.908    -0.037    28.910     8.816
    47   6 C      3.000     0.034    27.228     8.560
    48   6 C      3.116    -0.018    28.286     8.711
    49   6 C      3.785     0.139    18.353     6.102
    50   6 C      3.799    -0.058    21.625     6.621
    51   6 C      3.746    -0.099    22.454     6.759
    52   6 C      3.800    -0.058    21.615     6.620
    53   6 C      3.745    -0.098    22.435     6.757
    54   8 O      1.702    -0.270    18.479     5.804
    55   6 C      3.074    -0.042    28.973     8.825
    56   6 C      2.968     0.022    27.513     8.604
    57  16 S      2.253     0.004   140.892    19.978
    58   6 C      2.912    -0.014    28.358     8.732
    59   6 C      2.987    -0.036    28.894     8.818
    60   6 C      3.003     0.035    27.212     8.557
    61   6 C      2.944     0.011    27.763     8.642
    62   6 C      1.910     0.117    28.214     8.578
    63   7 N      0.911    -0.226    25.931     7.365
    64   6 C      1.913     0.120    28.158     8.570
    65   7 N      0.911    -0.225    25.926     7.364
    66   6 C      3.017     0.006    27.872     8.660
    67   6 C      2.907    -0.050    29.235     8.866
    68   6 C      2.775     0.163    24.474     8.103
    69   9 F      0.787    -0.180    11.032     3.923
    70   6 C      2.776     0.161    24.516     8.110
    71   9 F      0.787    -0.182    11.047     3.926
    72   6 C      2.906    -0.037    28.932     8.820
    73   6 C      3.024    -0.019    28.465     8.751
    74   6 C      2.866     0.226    23.263     7.906
    75   8 O      0.856    -0.356    20.818     6.117
    76   1 H      0.924     0.093     1.854     2.129
    77   1 H      0.925     0.091     1.868     2.137
    78   1 H      0.924     0.067     2.118     2.276
    79   1 H      0.925     0.091     1.870     2.139
    80   1 H      0.923     0.044     2.395     2.420
    81   1 H      0.923     0.054     2.273     2.358
    82   1 H      0.923     0.046     2.376     2.411
    83   1 H      0.923     0.042     2.423     2.434
    84   1 H      0.923     0.043     2.413     2.429
    85   1 H      0.923     0.037     2.492     2.469
    86   1 H      0.923     0.033     2.549     2.497
    87   1 H      0.923     0.041     2.441     2.443
    88   1 H      0.923     0.041     2.438     2.442
    89   1 H      0.923     0.047     2.363     2.404
    90   1 H      0.924     0.055     2.255     2.348
    91   1 H      0.924     0.050     2.321     2.382
    92   1 H      0.923     0.039     2.460     2.453
    93   1 H      0.923     0.043     2.413     2.429
    94   1 H      0.923     0.031     2.576     2.510
    95   1 H      0.923     0.040     2.454     2.450
    96   1 H      0.923     0.032     2.561     2.503
    97   1 H      0.923     0.039     2.465     2.455
    98   1 H      0.923     0.033     2.550     2.497
    99   1 H      0.923     0.039     2.467     2.457
   100   1 H      0.923     0.040     2.447     2.446
   101   1 H      0.923     0.037     2.491     2.468
   102   1 H      0.924     0.056     2.247     2.344
   103   1 H      0.924     0.046     2.376     2.411
   104   1 H      0.923     0.040     2.449     2.447
   105   1 H      0.923     0.056     2.241     2.341
   106   1 H      0.923     0.034     2.529     2.487
   107   1 H      0.923     0.043     2.416     2.431
   108   1 H      0.923     0.047     2.360     2.403
   109   1 H      0.923     0.038     2.471     2.458
   110   1 H      0.923     0.034     2.533     2.489
   111   1 H      0.923     0.041     2.441     2.443
   112   1 H      0.923     0.042     2.423     2.434
   113   1 H      0.923     0.045     2.379     2.412
   114   1 H      0.924     0.054     2.272     2.357
   115   1 H      0.923     0.085     1.930     2.172
   116   1 H      0.925     0.090     1.882     2.145
   117   1 H      0.924     0.093     1.846     2.124

 Mol. C6AA /au·bohr⁶  :     201661.219991
 Mol. C8AA /au·bohr⁸  :    5227220.720932
 Mol. α(0) /au        :        703.698710


Wiberg/Mayer (AO) data.
largest (>0.10) Wiberg bond orders for each atom
          total WBO             WBO to atom ...
     1  C   3.922        O    2 1.757    C   17 1.037    C    3 1.015
     2  O   2.056        C    1 1.757
     3  C   3.976        C    4 1.405    C   10 1.313    C    1 1.015
     4  C   3.977        C    3 1.405    C    5 1.394    H   76 0.959
     5  C   3.865        C    4 1.394    C    7 1.315    F    6 0.994
     6  F   1.136        C    5 0.994
     7  C   3.888        C    9 1.399    C    5 1.315    F    8 0.997
     8  F   1.140        C    7 0.997
     9  C   3.971        C    7 1.399    C   10 1.388    H   77 0.955
    10  C   3.980        C    9 1.388    C    3 1.313    C   11 1.075
    11  C   3.970        C   12 1.500    C   17 1.132    C   10 1.075
    12  C   3.930        C   11 1.500    C   15 1.091    C   13 1.091
    13  C   3.943        N   14 2.771    C   12 1.091
    14  N   2.970        C   13 2.771
    15  C   3.942        N   16 2.775    C   12 1.091
    16  N   2.974        C   15 2.775
    17  C   3.955        C   18 1.521    C   11 1.132    C    1 1.037
    18  C   3.949        C   17 1.521    C   19 1.266    H   78 0.948
    19  C   3.929        C   20 1.403    C   18 1.266    S   23 1.086
    20  C   3.957        C   19 1.403    C   21 1.377    H   79 0.945
    21  C   3.966        C   22 1.390    C   20 1.377    C   27 0.978
    22  C   3.926        C   21 1.390    S   23 1.180    C   24 1.155
    23  S   2.585        C   22 1.180    C   19 1.086
    24  C   3.954        C   35 1.331    C   25 1.254    C   22 1.155
    25  C   3.923        C   32 1.373    C   24 1.254    O   26 1.106
    26  O   2.256        C   25 1.106    C   27 0.914
    27  C   3.929        C   28 0.979    C   21 0.978    C   30 0.962    O   26 0.914
    28  C   3.990        C   29 1.020    C   27 0.979    H   80 0.971    H   81 0.969
    29  C   3.994        C   28 1.020    H   84 0.986    H   83 0.986    H   82 0.984
    30  C   3.988        C   31 1.019    H   86 0.975    H   85 0.974    C   27 0.962
    31  C   3.993        C   30 1.019    H   89 0.986    H   88 0.985    H   87 0.984
    32  C   3.965        C   33 1.393    C   25 1.373    H   90 0.963
    33  C   3.952        C   32 1.393    C   34 1.287    C   42 1.099
    34  C   3.967        C   35 1.479    C   33 1.287    C   36 0.987
    35  C   3.974        C   34 1.479    C   24 1.331    H   91 0.961
    36  C   3.987        C   34 0.987    C   41 0.985    C   37 0.959    C   39 0.959
    37  C   3.992        C   38 1.021    H   92 0.974    H   93 0.970    C   36 0.959
    38  C   3.996        C   37 1.021    H   94 0.987    H   96 0.987    H   95 0.986
    39  C   3.992        C   40 1.020    H   98 0.977    H   97 0.973    C   36 0.959
    40  C   3.994        C   39 1.020    H  101 0.984    H  100 0.984    H   99 0.982
    41  C   3.968        C   46 1.477    C   42 1.291    C   36 0.985
    42  C   3.952        C   43 1.389    C   41 1.291    C   33 1.099
    43  C   3.966        C   42 1.389    C   44 1.380    H  102 0.963
    44  C   3.923        C   43 1.380    C   45 1.256    O   54 1.097
    45  C   3.950        C   46 1.334    C   44 1.256    C   47 1.153
    46  C   3.974        C   41 1.477    C   45 1.334    H  103 0.963
    47  C   3.932        C   48 1.384    S   57 1.183    C   45 1.153
    48  C   3.964        C   55 1.393    C   47 1.384    C   49 0.977
    49  C   3.930        C   50 0.978    C   48 0.977    C   52 0.961    O   54 0.918
    50  C   3.991        C   51 1.020    C   49 0.978    H  104 0.973    H  105 0.970
    51  C   3.994        C   50 1.020    H  107 0.986    H  106 0.985    H  108 0.985
    52  C   3.987        C   53 1.019    H  110 0.975    H  109 0.973    C   49 0.961
    53  C   3.993        C   52 1.019    H  113 0.986    H  112 0.985    H  111 0.984
    54  O   2.245        C   44 1.097    C   49 0.918
    55  C   3.972        C   48 1.393    C   56 1.377    H  114 0.960
    56  C   3.932        C   55 1.377    C   58 1.272    S   57 1.106
    57  S   2.616        C   47 1.183    C   56 1.106
    58  C   3.942        C   59 1.521    C   56 1.272    H  115 0.941
    59  C   3.955        C   58 1.521    C   60 1.152    C   74 1.010
    60  C   3.971        C   61 1.483    C   59 1.152    C   66 1.066
    61  C   3.965        C   60 1.483    C   64 1.096    C   62 1.095
    62  C   3.942        N   63 2.773    C   61 1.095
    63  N   2.970        C   62 2.773
    64  C   3.943        N   65 2.769    C   61 1.096
    65  N   2.982        C   64 2.769
    66  C   3.979        C   67 1.394    C   73 1.310    C   60 1.066
    67  C   3.972        C   68 1.397    C   66 1.394    H  116 0.956
    68  C   3.888        C   67 1.397    C   70 1.317    F   69 0.996
    69  F   1.139        C   68 0.996
    70  C   3.882        C   72 1.393    C   68 1.317    F   71 0.994
    71  F   1.135        C   70 0.994
    72  C   3.977        C   73 1.407    C   70 1.393    H  117 0.959
    73  C   3.974        C   72 1.407    C   66 1.310    C   74 1.013
    74  C   3.923        O   75 1.782    C   73 1.013    C   59 1.010
    75  O   2.058        C   74 1.782
    76  H   0.991        C    4 0.959
    77  H   0.991        C    9 0.955
    78  H   0.994        C   18 0.948
    79  H   0.991        C   20 0.945
    80  H   0.997        C   28 0.971
    81  H   0.996        C   28 0.969
    82  H   0.998        C   29 0.984
    83  H   0.998        C   29 0.986
    84  H   0.998        C   29 0.986
    85  H   0.998        C   30 0.974
    86  H   0.999        C   30 0.975
    87  H   0.998        C   31 0.984
    88  H   0.997        C   31 0.985
    89  H   0.998        C   31 0.986
    90  H   0.996        C   32 0.963
    91  H   0.997        C   35 0.961
    92  H   0.998        C   37 0.974
    93  H   0.997        C   37 0.970
    94  H   0.999        C   38 0.987
    95  H   0.998        C   38 0.986
    96  H   0.999        C   38 0.987
    97  H   0.998        C   39 0.973
    98  H   0.999        C   39 0.977
    99  H   0.998        C   40 0.982
   100  H   0.997        C   40 0.984
   101  H   0.999        C   40 0.984
   102  H   0.995        C   43 0.963
   103  H   0.997        C   46 0.963
   104  H   0.998        C   50 0.973
   105  H   0.996        C   50 0.970
   106  H   0.999        C   51 0.985
   107  H   0.998        C   51 0.986
   108  H   0.998        C   51 0.985
   109  H   0.998        C   52 0.973
   110  H   0.999        C   52 0.975
   111  H   0.998        C   53 0.984
   112  H   0.997        C   53 0.985
   113  H   0.998        C   53 0.986
   114  H   0.997        C   55 0.960
   115  H   0.991        C   58 0.941
   116  H   0.991        C   67 0.956
   117  H   0.991        C   72 0.959

molecular dipole:
                 x           y           z       tot (Debye)
 q only:        2.763      -0.729       1.300
   full:        3.397      -0.854       1.463       9.648
molecular quadrupole (traceless):
                xx          xy          yy          xz          yz          zz
 q only:      124.298     -81.019     -97.878      54.848      98.088     -26.421
  q+dip:      145.100     -69.603    -107.275      42.715      86.638     -37.826
   full:      137.081     -69.100    -109.403      42.181      92.741     -27.678


           -------------------------------------------------
          | TOTAL ENERGY             -205.308843985725 Eh   |
          | GRADIENT NORM               0.109085344416 Eh/α |
          | HOMO-LUMO GAP               1.097835921288 eV   |
           -------------------------------------------------

------------------------------------------------------------------------
 * finished run on 2020/11/20 at 13:45:15.157     
------------------------------------------------------------------------
 total:
 * wall-time:     0 d,  0 h,  0 min,  1.043 sec
 *  cpu-time:     0 d,  0 h,  0 min,  1.028 sec
 * ratio c/w:     0.986 speedup
 SCF:
 * wall-time:     0 d,  0 h,  0 min,  0.772 sec
 *  cpu-time:     0 d,  0 h,  0 min,  0.772 sec
 * ratio c/w:     1.000 speedup

