      -----------------------------------------------------------      
     |                   =====================                   |     
     |                           x T B                           |     
     |                   =====================                   |     
     |                         S. Grimme                         |     
     |          Mulliken Center for Theoretical Chemistry        |     
     |                    University of Bonn                     |     
     |                Version 6.2 RC2 (SAW190805)                |     
      -----------------------------------------------------------      

   This program is distributed in the hope that it will be useful,
   but WITHOUT ANY WARRANTY; without even the implied warranty of
   MERCHANTABILITY or FITNESS FOR A PARTICULAR PURPOSE.
   
   FOR NON-COMMERCIAL, ACADEMIA USE ONLY.
   
   Cite this work as:
   * S. Grimme, C. Bannwarth, P. Shushkov, J. Chem. Theory Comput., 2017,
     13, 1989-2009. DOI: 10.1021/acs.jctc.7b00118
   * C. Bannwarth, S. Ehlert and S. Grimme., J. Chem. Theory Comput., 2019,
     15, 1652-1671. DOI: 10.1021/acs.jctc.8b01176
   * P. Pracht, E. Caldeweyher, S. Ehlert, S. Grimme, ChemRxiv, 2019, preprint.
     DOI: 10.26434/chemrxiv.8326202.v1
   
   for DFT-D4:
   * E. Caldeweyher, C. Bannwarth and S. Grimme, J. Chem. Phys., 2017,
     147, 034112. DOI: 10.1063/1.4993215
   * E. Caldeweyher, S. Ehlert, A. Hansen, H. Neugebauer, S. Spicher,
     C. Bannwarth and S. Grimme, J. Chem. Phys., 2019, 150, 154122.
     DOI: 10.1063/1.5090222
   
   for sTDA-xTB:
   * S. Grimme and C. Bannwarth, J. Chem. Phys., 2016, 145, 054103.
     DOI: 10.1063/1.4959605
   
   in the mass-spec context:
   * V. Asgeirsson, C. Bauer and S. Grimme, Chem. Sci., 2017, 8, 4879.
     DOI: 10.1039/c7sc00601b
   
   for metadynamics refer to:
   * S. Grimme, J. Chem. Theory Comput., 2019, 155, 2847-2862
     DOI: 10.1021/acs.jctc.9b00143
   
   with help from (in alphabetical order)
   C. Bannwarth, F. Bohle, G. Brandenburg, E. Caldeweyher, M. Checinski,
   S. Dohm, S. Ehlert, S. Ehrlich, F. März, H. Neugebauer, J. Pisarek,
   P. Pracht, P. Shushkov, and S. Spicher.
   
 * started run on 2021/04/12 at 13:53:53.874     

           -------------------------------------------------
          |                Calculation Setup                |
           -------------------------------------------------

          program call               : /ihome/ghutchison/geoffh/xtb/xtb i-cc34.xyz -sp
          hostname                   : smp-n149
          coordinate file            : i-cc34.xyz
          omp threads                :                     1
          number of atoms            :                   148
          number of electrons        :                   454
          charge                     :                     0
          spin                       :                   0.0
          first test random number   :      0.68435189927458


########################################################################
# WARNING! Please study the warnings concerning your input carefully
#  - XTBPATH is not set, using XTBHOME instead
#  - the use of '-sp' is discouraged, please use '--sp' next time
########################################################################

           ------------------------------------------------- 
          |                 G F N 2 - x T B                 |
          | Geometry, Frequencies, Noncovalent interactions |
          |            JCTC 2019 parametrisation            |
           ------------------------------------------------- 
             KAB for C  - Si     :                1.0500
             KAB for H  - Pd     :                0.9500
             k(s)              :                1.8500
             k(p)              :                2.2300
             k(d)              :                2.2300
             k(f)              :                2.0000
             kEN (H0ij)        :               -2.0000
             D4 a1             :                0.5200
             D4 a2             :                5.0000
             D4 s6             :                1.0000
             D4 s8             :                2.7000
             D4 s9             :                5.0000
             alphaj            :                2.0000

  Z AO/shell   Hii/eV     exponent
  1     Wed Apr 25 08:07:45 CEST 2018   EN: 2.200 GM2: 0.406  GM3: 0.0800  RAES: 1.40
     1s    -10.707211    1.230000
  6     Wed Apr 25 08:07:45 CEST 2018   EN: 2.550 GM2: 0.538  GM3: 0.1500  RAES: 3.00
     2s    -13.970922    2.096432
     2p    -10.063292    1.800000
  7     Wed Apr 25 08:07:45 CEST 2018   EN: 3.040 GM2: 0.461  GM3:-0.0640  RAES: 1.90
     2s    -16.686243    2.339881
     2p    -12.523956    2.014332
  8     Wed Apr 25 08:07:45 CEST 2018   EN: 3.440 GM2: 0.452  GM3:-0.0517  RAES: 1.80
     2s    -20.229985    2.439742
     2p    -15.503117    2.137023
 16     Tue Apr 24 11:44:34 CEST 2018   EN: 2.580 GM2: 0.340  GM3:-0.0502  RAES: 3.10
     3s    -20.029654    1.981333
     3p    -11.377694    2.025643
     3d     -0.420282    1.702555

           ------------------------------------------------- 
          |        Self-Consistent Charge Iterations        |
           ------------------------------------------------- 

          ...................................................
          :                      SETUP                      :
          :.................................................:
          :  # basis functions                 466          :
          :  # atomic orbitals                 460          :
          :  # shells                          248          :
          :  # electrons                       454          :
          :  max. iterations                   250          :
          :  Hamiltonian                  GFN2-xTB          :
          :  restarted?                      false          :
          :  GBSA solvation                  false          :
          :  PC potential                    false          :
          :  electronic temp.          300.0000000     K    :
          :  accuracy                    1.0000000          :
          :  -> integral cutoff          0.2500000E+02      :
          :  -> integral neglect         0.1000000E-07      :
          :  -> SCF convergence          0.1000000E-05 Eh   :
          :  -> wf. convergence          0.1000000E-03 e    :
          :  Broyden damping             0.4000000          :
          ...................................................

 iter      E             dE          RMSdq      gap      omega  full diag
   1   -249.5546662 -0.249555E+03  0.489E+00    1.71       0.0  T
   2   -249.6385453 -0.838791E-01  0.301E+00    1.40       1.0  T
   3   -249.1942650  0.444280E+00  0.223E+00    0.75       1.0  T
   4   -249.7921841 -0.597919E+00  0.557E-01    0.88       1.0  T
   5   -249.8185762 -0.263921E-01  0.192E-01    0.71       1.0  T
   6   -249.8207660 -0.218983E-02  0.968E-02    0.78       1.0  T
   7   -249.8214813 -0.715280E-03  0.387E-02    0.76       1.0  T
   8   -249.8215633 -0.819829E-04  0.171E-02    0.78       1.0  T
   9   -249.8215822 -0.188820E-04  0.881E-03    0.78       1.0  T
  10   -249.8215882 -0.605037E-05  0.343E-03    0.78       2.4  T
  11   -249.8215888 -0.554904E-06  0.176E-03    0.78       4.7  T
  12   -249.8215890 -0.254426E-06  0.736E-04    0.78      11.2  T
  13   -249.8215890 -0.105338E-07  0.466E-04    0.78      17.6  T

   *** convergence criteria satisfied after 13 iterations ***

         #    Occupation            Energy/Eh            Energy/eV
      -------------------------------------------------------------
         1        2.0000           -0.7655191             -20.8308
       ...           ...                  ...                  ...
       221        2.0000           -0.3929319             -10.6922
       222        2.0000           -0.3912613             -10.6468
       223        2.0000           -0.3902186             -10.6184
       224        2.0000           -0.3866772             -10.5220
       225        2.0000           -0.3848147             -10.4713
       226        2.0000           -0.3824428             -10.4068
       227        2.0000           -0.3635940              -9.8939 (HOMO)
       228        0.0000           -0.3349930              -9.1156 (LUMO)
       229                         -0.3290603              -8.9542
       230                         -0.3139438              -8.5428
       231                         -0.3078008              -8.3757
       232                         -0.2883754              -7.8471
       ...                                ...                  ...
       460                          1.0753706              29.2623
      -------------------------------------------------------------
                  HL-Gap            0.0286010 Eh            0.7783 eV
             Fermi-level           -0.3492944 Eh           -9.5048 eV

 SCC (total)                   0 d,  0 h,  0 min,  1.149 sec
 SCC setup                      ...        0 min,  0.004 sec (  0.378%)
 Dispersion                     ...        0 min,  0.009 sec (  0.797%)
 integral evaluation            ...        0 min,  0.365 sec ( 31.758%)
 zeroth order Hamiltonian       ...        0 min,  0.002 sec (  0.176%)
 iterations                     ...        0 min,  0.472 sec ( 41.040%)
 molecular gradient             ...        0 min,  0.293 sec ( 25.462%)
 printout                       ...        0 min,  0.004 sec (  0.384%)

         :::::::::::::::::::::::::::::::::::::::::::::::::::::
         ::                     SUMMARY                     ::
         :::::::::::::::::::::::::::::::::::::::::::::::::::::
         :: total energy            -246.048348955279 Eh    ::
         :: gradient norm              0.113335198681 Eh/a0 ::
         :: HOMO-LUMO gap              0.778273515653 eV    ::
         ::.................................................::
         :: SCC energy              -249.821589023946 Eh    ::
         :: -> isotropic ES            0.118162673555 Eh    ::
         :: -> anisotropic ES          0.024396430320 Eh    ::
         :: -> anisotropic XC          0.163238469253 Eh    ::
         :: -> dispersion             -0.229939939271 Eh    ::
         :: repulsion energy           3.769585431986 Eh    ::
         :: add. restraining           0.000000000000 Eh    ::
         :::::::::::::::::::::::::::::::::::::::::::::::::::::

           -------------------------------------------------
          |                Property Printout                |
           -------------------------------------------------

    * Orbital Energies and Occupations

         #    Occupation            Energy/Eh            Energy/eV
      -------------------------------------------------------------
         1        2.0000           -0.7655191             -20.8308
       ...           ...                  ...                  ...
       215        2.0000           -0.4020012             -10.9390
       216        2.0000           -0.4016243             -10.9288
       217        2.0000           -0.3998401             -10.8802
       218        2.0000           -0.3987954             -10.8518
       219        2.0000           -0.3979560             -10.8289
       220        2.0000           -0.3956911             -10.7673
       221        2.0000           -0.3929319             -10.6922
       222        2.0000           -0.3912613             -10.6468
       223        2.0000           -0.3902186             -10.6184
       224        2.0000           -0.3866772             -10.5220
       225        2.0000           -0.3848147             -10.4713
       226        2.0000           -0.3824428             -10.4068
       227        2.0000           -0.3635940              -9.8939 (HOMO)
       228        0.0000           -0.3349930              -9.1156 (LUMO)
       229                         -0.3290603              -8.9542
       230                         -0.3139438              -8.5428
       231                         -0.3078008              -8.3757
       232                         -0.2883754              -7.8471
       233                         -0.2806628              -7.6372
       234                         -0.2779599              -7.5637
       235                         -0.2676539              -7.2832
       236                         -0.2527784              -6.8785
       237                         -0.2496624              -6.7937
       238                         -0.2461334              -6.6976
       ...                                ...                  ...
       460                          1.0753706              29.2623
      -------------------------------------------------------------
                  HL-Gap            0.0286010 Eh            0.7783 eV
             Fermi-level           -0.3492944 Eh           -9.5048 eV

     #   Z        covCN         q      C6AA      α(0)
     1   6 C      3.005    -0.002    28.053     8.688
     2   6 C      3.008     0.017    27.616     8.620
     3  16 S      2.259    -0.023   141.986    20.055
     4   6 C      3.048     0.014    27.644     8.623
     5   6 C      3.185    -0.011    27.830     8.609
     6   6 C      3.042    -0.045    29.074     8.844
     7   6 C      3.022     0.001    27.978     8.676
     8   6 C      3.035     0.001    27.968     8.674
     9   6 C      3.931     0.012    20.305     6.404
    10   6 C      2.903    -0.036    28.907     8.816
    11   6 C      3.055     0.002    27.925     8.666
    12   6 C      3.010    -0.001    28.036     8.686
    13   6 C      2.902    -0.036    28.893     8.814
    14   6 C      3.931     0.012    20.305     6.404
    15   6 C      3.190    -0.012    27.813     8.602
    16   6 C      3.046     0.015    27.642     8.623
    17   6 C      3.047    -0.048    29.135     8.853
    18   6 C      3.006     0.014    27.687     8.631
    19  16 S      2.245    -0.050   143.142    20.137
    20   6 C      2.962     0.012    27.754     8.641
    21   6 C      2.961     0.012    27.746     8.640
    22   6 C      2.961     0.010    27.780     8.645
    23   6 C      2.967     0.010    27.789     8.647
    24   6 C      2.912    -0.037    28.920     8.818
    25   6 C      2.914    -0.039    28.963     8.825
    26   6 C      2.957     0.011    27.773     8.644
    27   6 C      2.914    -0.037    28.910     8.817
    28   6 C      2.913    -0.034    28.845     8.807
    29   6 C      2.913    -0.036    28.896     8.815
    30   6 C      2.914    -0.036    28.902     8.816
    31   6 C      2.958     0.012    27.753     8.641
    32   6 C      2.914    -0.038    28.946     8.822
    33   6 C      2.911    -0.034    28.851     8.808
    34   6 C      2.913    -0.035    28.870     8.811
    35   6 C      2.914    -0.037    28.932     8.820
    36   6 C      2.956     0.012    27.750     8.640
    37   6 C      2.915    -0.039    28.970     8.826
    38   6 C      2.912    -0.036    28.887     8.813
    39   6 C      2.913    -0.034    28.843     8.807
    40   6 C      2.914    -0.038    28.939     8.821
    41   6 C      2.958     0.011    27.768     8.643
    42   6 C      2.914    -0.037    28.929     8.820
    43   6 C      2.912    -0.037    28.931     8.820
    44   6 C      3.800    -0.054    21.539     6.608
    45   6 C      3.745    -0.094    22.360     6.745
    46   6 C      3.800    -0.054    21.542     6.608
    47   6 C      3.745    -0.094    22.359     6.745
    48   6 C      3.800    -0.054    21.543     6.608
    49   6 C      3.745    -0.093    22.342     6.743
    50   6 C      3.799    -0.054    21.538     6.608
    51   6 C      3.745    -0.095    22.391     6.750
    52  16 S      2.295     0.025   140.055    19.918
    53   6 C      2.923    -0.029    28.715     8.788
    54   6 C      3.127    -0.014    28.155     8.688
    55   6 C      3.037     0.129    25.150     8.226
    56   6 C      2.894     0.003    27.951     8.668
    57   8 O      1.702    -0.291    18.830     5.859
    58   6 C      3.645     0.043    20.190     6.458
    59   6 C      2.990    -0.031    28.767     8.798
    60   6 C      2.844     0.230    23.183     7.891
    61   6 C      3.205    -0.031    28.150     8.642
    62   6 C      3.200    -0.009    27.676     8.573
    63   6 C      2.988     0.035    27.198     8.555
    64   6 C      2.914    -0.012    28.303     8.724
    65  16 S      2.315     0.064   138.454    19.804
    66   6 C      2.916    -0.024    28.613     8.772
    67   8 O      0.856    -0.352    20.754     6.108
    68   6 C      2.944     0.005    27.907     8.664
    69   6 C      1.914     0.117    28.227     8.580
    70   6 C      1.909     0.119    28.174     8.572
    71   7 N      0.911    -0.239    26.237     7.408
    72   7 N      0.911    -0.230    26.046     7.381
    73   6 C      2.981    -0.027    28.666     8.782
    74  16 S      2.288     0.034   139.677    19.891
    75   6 C      2.918    -0.016    28.420     8.742
    76   6 C      3.119    -0.011    28.125     8.686
    77   6 C      3.022     0.132    25.089     8.216
    78   6 C      2.898    -0.004    28.121     8.695
    79   8 O      1.704    -0.250    18.140     5.750
    80   6 C      3.634     0.033    20.402     6.500
    81   6 C      2.990    -0.033    28.805     8.804
    82   6 C      2.852     0.229    23.211     7.896
    83   6 C      3.207    -0.031    28.138     8.638
    84   6 C      3.200    -0.009    27.684     8.575
    85   6 C      2.989     0.035    27.201     8.555
    86   6 C      2.914    -0.011    28.290     8.722
    87  16 S      2.314     0.055   138.846    19.832
    88   6 C      2.917    -0.024    28.595     8.769
    89   8 O      0.856    -0.359    20.882     6.127
    90   6 C      2.944     0.003    27.969     8.674
    91   6 C      1.912     0.116    28.253     8.584
    92   6 C      1.909     0.117    28.214     8.578
    93   7 N      0.911    -0.232    26.073     7.385
    94   7 N      0.911    -0.235    26.155     7.397
    95   1 H      0.925     0.046     2.366     2.405
    96   1 H      0.924     0.041     2.430     2.438
    97   1 H      0.924     0.038     2.475     2.460
    98   1 H      0.925     0.041     2.437     2.441
    99   1 H      0.925     0.029     2.595     2.519
   100   1 H      0.924     0.028     2.622     2.532
   101   1 H      0.924     0.031     2.569     2.506
   102   1 H      0.924     0.031     2.577     2.511
   103   1 H      0.924     0.027     2.634     2.538
   104   1 H      0.924     0.028     2.619     2.531
   105   1 H      0.924     0.029     2.598     2.520
   106   1 H      0.924     0.030     2.591     2.517
   107   1 H      0.924     0.029     2.603     2.523
   108   1 H      0.924     0.037     2.488     2.467
   109   1 H      0.924     0.028     2.619     2.531
   110   1 H      0.924     0.027     2.637     2.539
   111   1 H      0.924     0.031     2.575     2.509
   112   1 H      0.924     0.030     2.586     2.515
   113   1 H      0.924     0.029     2.595     2.519
   114   1 H      0.924     0.029     2.607     2.525
   115   1 H      0.922     0.038     2.479     2.462
   116   1 H      0.923     0.034     2.531     2.488
   117   1 H      0.923     0.035     2.520     2.482
   118   1 H      0.923     0.033     2.540     2.492
   119   1 H      0.923     0.033     2.543     2.494
   120   1 H      0.923     0.034     2.528     2.487
   121   1 H      0.922     0.037     2.485     2.465
   122   1 H      0.923     0.034     2.534     2.489
   123   1 H      0.923     0.034     2.528     2.487
   124   1 H      0.923     0.034     2.525     2.485
   125   1 H      0.923     0.035     2.522     2.484
   126   1 H      0.923     0.034     2.526     2.486
   127   1 H      0.923     0.034     2.529     2.487
   128   1 H      0.923     0.034     2.524     2.485
   129   1 H      0.923     0.034     2.532     2.489
   130   1 H      0.922     0.041     2.439     2.442
   131   1 H      0.923     0.037     2.487     2.466
   132   1 H      0.923     0.034     2.524     2.485
   133   1 H      0.923     0.033     2.549     2.497
   134   1 H      0.923     0.037     2.495     2.470
   135   1 H      0.925     0.051     2.303     2.373
   136   1 H      0.924     0.088     1.897     2.154
   137   1 H      0.924     0.065     2.137     2.286
   138   1 H      0.923     0.039     2.461     2.453
   139   1 H      0.923     0.046     2.375     2.410
   140   1 H      0.925     0.074     2.045     2.237
   141   1 H      0.925     0.073     2.049     2.239
   142   1 H      0.925     0.057     2.240     2.341
   143   1 H      0.924     0.097     1.816     2.107
   144   1 H      0.923     0.047     2.356     2.400
   145   1 H      0.924     0.072     2.062     2.246
   146   1 H      0.923     0.050     2.321     2.383
   147   1 H      0.925     0.072     2.067     2.248
   148   1 H      0.925     0.071     2.070     2.250

 Mol. C6AA /au·bohr⁶  :     370003.621922
 Mol. C8AA /au·bohr⁸  :   10219662.829661
 Mol. α(0) /au        :        973.720287


Wiberg/Mayer (AO) data.
largest (>0.10) Wiberg bond orders for each atom
          total WBO             WBO to atom ...
     1  C   3.942        C   55 1.489    S   52 1.126    C    2 1.110
     2  C   3.926        C    6 1.515    S    3 1.116    C    1 1.110
     3  S   2.593        C    4 1.157    C    2 1.116
     4  C   3.936        C    5 1.454    S    3 1.157    C    7 1.123
     5  C   3.965        C    4 1.454    C    6 1.298    C    9 0.967
     6  C   3.981        C    2 1.515    C    5 1.298    H   95 0.961
     7  C   3.966        C   10 1.361    C    8 1.299    C    4 1.123
     8  C   3.973        C   13 1.459    C    7 1.299    C    9 0.966
     9  C   3.985        C    5 0.967    C    8 0.966    C   21 0.957    C   20 0.955
    10  C   3.981        C   11 1.452    C    7 1.361    H   96 0.963
    11  C   3.976        C   10 1.452    C   12 1.303    C   14 0.967
    12  C   3.961        C   13 1.355    C   11 1.303    C   16 1.118
    13  C   3.985        C    8 1.459    C   12 1.355    H   97 0.966
    14  C   3.985        C   15 0.974    C   11 0.967    C   22 0.963    C   23 0.941
    15  C   3.966        C   16 1.463    C   17 1.290    C   14 0.974
    16  C   3.937        C   15 1.463    S   19 1.150    C   12 1.118
    17  C   3.983        C   18 1.540    C   15 1.290    H   98 0.962
    18  C   3.923        C   17 1.540    S   19 1.117    C   73 1.074
    19  S   2.576        C   16 1.150    C   18 1.117
    20  C   3.982        C   33 1.415    C   29 1.401    C    9 0.955    C   31 0.106
    21  C   3.982        C   24 1.425    C   28 1.391    C    9 0.957    C   26 0.106
    22  C   3.983        C   43 1.415    C   39 1.401    C   14 0.963    C   41 0.107
    23  C   3.980        C   34 1.407    C   38 1.407    C   14 0.941    C   36 0.106
    24  C   3.988        C   25 1.431    C   21 1.425    H   99 0.966    C   27 0.108
    25  C   3.989        C   24 1.431    C   26 1.424    H  100 0.968    C   28 0.109
    26  C   3.985        C   25 1.424    C   27 1.393    C   44 1.011    C   21 0.106
    27  C   3.989        C   28 1.466    C   26 1.393    H  101 0.967    C   24 0.108
    28  C   3.989        C   27 1.466    C   21 1.391    H  102 0.968    C   25 0.109
    29  C   3.990        C   30 1.457    C   20 1.401    H  103 0.965    C   32 0.108
    30  C   3.990        C   29 1.457    C   31 1.401    H  104 0.968    C   33 0.109
    31  C   3.985        C   32 1.416    C   30 1.401    C   46 1.012    C   20 0.106
    32  C   3.989        C   33 1.439    C   31 1.416    H  105 0.968    C   29 0.108
    33  C   3.989        C   32 1.439    C   20 1.415    H  106 0.967    C   30 0.109
    34  C   3.989        C   35 1.446    C   23 1.407    H  107 0.967    C   37 0.109
    35  C   3.989        C   34 1.446    C   36 1.410    H  108 0.966    C   38 0.107
    36  C   3.984        C   35 1.410    C   37 1.405    C   50 1.011    C   23 0.106
    37  C   3.989        C   38 1.451    C   36 1.405    H  109 0.969    C   34 0.109
    38  C   3.990        C   37 1.451    C   23 1.407    H  110 0.967    C   35 0.107
    39  C   3.989        C   40 1.455    C   22 1.401    H  111 0.968    C   42 0.109
    40  C   3.989        C   39 1.455    C   41 1.403    H  112 0.969    C   43 0.107
    41  C   3.985        C   42 1.414    C   40 1.403    C   48 1.012    C   22 0.107
    42  C   3.989        C   43 1.442    C   41 1.414    H  113 0.969    C   39 0.109
    43  C   3.988        C   42 1.442    C   22 1.415    H  114 0.966    C   40 0.107
    44  C   3.996        C   26 1.011    C   45 1.010    H  116 0.976    H  115 0.962
    45  C   3.996        C   44 1.010    H  119 0.988    H  118 0.987    H  117 0.985
    46  C   3.996        C   31 1.012    C   47 1.007    H  120 0.976    H  121 0.965
    47  C   3.996        C   46 1.007    H  122 0.988    H  123 0.987    H  124 0.986
    48  C   3.996        C   41 1.012    C   49 1.002    H  126 0.975    H  125 0.972
    49  C   3.995        C   48 1.002    H  129 0.988    H  127 0.988    H  128 0.986
    50  C   3.996        C   51 1.018    C   36 1.011    H  131 0.970    H  130 0.958
    51  C   3.996        C   50 1.018    H  134 0.987    H  133 0.987    H  132 0.985
    52  S   2.653        C   53 1.232    C    1 1.126
    53  C   3.934        C   54 1.495    S   52 1.232    H  135 0.969
    54  C   3.979        C   53 1.495    C   55 1.175    C   56 1.126
    55  C   3.927        C    1 1.489    C   54 1.175    O   57 1.040
    56  C   3.949        C   59 1.645    C   54 1.126    H  136 0.946
    57  O   2.135        C   55 1.040    C   58 0.951
    58  C   3.936        H  137 0.980    H  138 0.979    H  139 0.977    O   57 0.951
    59  C   3.979        C   56 1.645    C   63 1.106    C   60 0.988
    60  C   3.927        O   67 1.798    C   61 1.021    C   59 0.988
    61  C   3.976        C   64 1.575    C   62 1.167    C   60 1.021
    62  C   3.982        C   66 1.550    C   61 1.167    C   63 1.091
    63  C   3.980        C   68 1.501    C   59 1.106    C   62 1.091
    64  C   3.950        C   61 1.575    S   65 1.211    H  140 0.965
    65  S   2.679        C   66 1.215    C   64 1.211
    66  C   3.938        C   62 1.550    S   65 1.215    H  141 0.963
    67  O   2.085        C   60 1.798
    68  C   3.979        C   63 1.501    C   70 1.095    C   69 1.092
    69  C   3.943        N   72 2.776    C   68 1.092
    70  C   3.942        N   71 2.772    C   68 1.095
    71  N   2.979        C   70 2.772
    72  N   2.983        C   69 2.776
    73  C   3.923        C   77 1.513    S   74 1.083    C   18 1.074
    74  S   2.663        C   75 1.271    C   73 1.083
    75  C   3.937        C   76 1.465    S   74 1.271    H  142 0.965
    76  C   3.976        C   75 1.465    C   78 1.189    C   77 1.136
    77  C   3.931        C   73 1.513    C   76 1.136    O   79 1.090
    78  C   3.949        C   81 1.588    C   76 1.189    H  143 0.941
    79  O   2.258        C   77 1.090    C   80 0.968
    80  C   3.934        H  144 0.979    H  145 0.978    H  146 0.975    O   79 0.968
    81  C   3.979        C   78 1.588    C   85 1.131    C   82 0.993
    82  C   3.929        O   89 1.791    C   83 1.021    C   81 0.993
    83  C   3.975        C   86 1.579    C   84 1.167    C   82 1.021
    84  C   3.981        C   88 1.557    C   83 1.167    C   85 1.084
    85  C   3.980        C   90 1.482    C   81 1.131    C   84 1.084
    86  C   3.950        C   83 1.579    S   87 1.207    H  147 0.966
    87  S   2.668        C   88 1.208    C   86 1.207
    88  C   3.937        C   84 1.557    S   87 1.208    H  148 0.963
    89  O   2.072        C   82 1.791
    90  C   3.978        C   85 1.482    C   92 1.102    C   91 1.094
    91  C   3.943        N   94 2.773    C   90 1.094
    92  C   3.943        N   93 2.768    C   90 1.102
    93  N   2.984        C   92 2.768
    94  N   2.977        C   91 2.773
    95  H   0.998        C    6 0.961
    96  H   0.997        C   10 0.963
    97  H   0.997        C   13 0.966
    98  H   0.998        C   17 0.962
    99  H   0.999        C   24 0.966
   100  H   0.999        C   25 0.968
   101  H   0.998        C   27 0.967
   102  H   0.999        C   28 0.968
   103  H   0.999        C   29 0.965
   104  H   0.999        C   30 0.968
   105  H   0.999        C   32 0.968
   106  H   0.999        C   33 0.967
   107  H   0.999        C   34 0.967
   108  H   0.998        C   35 0.966
   109  H   0.999        C   37 0.969
   110  H   0.999        C   38 0.967
   111  H   0.999        C   39 0.968
   112  H   0.999        C   40 0.969
   113  H   0.999        C   42 0.969
   114  H   0.999        C   43 0.966
   115  H   0.998        C   44 0.962
   116  H   0.999        C   44 0.976
   117  H   0.999        C   45 0.985
   118  H   0.998        C   45 0.987
   119  H   0.999        C   45 0.988
   120  H   0.999        C   46 0.976
   121  H   0.998        C   46 0.965
   122  H   0.999        C   47 0.988
   123  H   0.998        C   47 0.987
   124  H   0.999        C   47 0.986
   125  H   0.998        C   48 0.972
   126  H   0.999        C   48 0.975
   127  H   0.999        C   49 0.988
   128  H   0.998        C   49 0.986
   129  H   0.999        C   49 0.988
   130  H   0.998        C   50 0.958
   131  H   0.998        C   50 0.970
   132  H   0.999        C   51 0.985
   133  H   0.998        C   51 0.987
   134  H   0.999        C   51 0.987
   135  H   0.997        C   53 0.969
   136  H   0.991        C   56 0.946
   137  H   0.995        C   58 0.980
   138  H   0.998        C   58 0.979
   139  H   0.998        C   58 0.977
   140  H   0.994        C   64 0.965
   141  H   0.994        C   66 0.963
   142  H   0.995        C   75 0.965
   143  H   0.989        C   78 0.941
   144  H   0.997        C   80 0.979
   145  H   0.994        C   80 0.978
   146  H   0.997        C   80 0.975
   147  H   0.994        C   86 0.966
   148  H   0.994        C   88 0.963

molecular dipole:
                 x           y           z       tot (Debye)
 q only:       -0.668      -1.299       1.269
   full:       -0.820      -1.426       1.610       5.850
molecular quadrupole (traceless):
                xx          xy          yy          xz          yz          zz
 q only:       30.835     -23.922      12.783      59.388      17.428     -43.618
  q+dip:       39.248     -37.330       4.212      53.419      21.890     -43.460
   full:       34.296     -35.395       8.127      50.440      20.074     -42.423


           -------------------------------------------------
          | TOTAL ENERGY             -246.048348955279 Eh   |
          | GRADIENT NORM               0.113335198681 Eh/α |
          | HOMO-LUMO GAP               0.778273515653 eV   |
           -------------------------------------------------

------------------------------------------------------------------------
 * finished run on 2021/04/12 at 13:53:55.410     
------------------------------------------------------------------------
 total:
 * wall-time:     0 d,  0 h,  0 min,  1.536 sec
 *  cpu-time:     0 d,  0 h,  0 min,  1.531 sec
 * ratio c/w:     0.997 speedup
 SCF:
 * wall-time:     0 d,  0 h,  0 min,  1.150 sec
 *  cpu-time:     0 d,  0 h,  0 min,  1.147 sec
 * ratio c/w:     0.998 speedup

