      -----------------------------------------------------------      
     |                   =====================                   |     
     |                           x T B                           |     
     |                   =====================                   |     
     |                         S. Grimme                         |     
     |          Mulliken Center for Theoretical Chemistry        |     
     |                    University of Bonn                     |     
     |                Version 6.2 RC2 (SAW190805)                |     
      -----------------------------------------------------------      

   This program is distributed in the hope that it will be useful,
   but WITHOUT ANY WARRANTY; without even the implied warranty of
   MERCHANTABILITY or FITNESS FOR A PARTICULAR PURPOSE.
   
   FOR NON-COMMERCIAL, ACADEMIA USE ONLY.
   
   Cite this work as:
   * S. Grimme, C. Bannwarth, P. Shushkov, J. Chem. Theory Comput., 2017,
     13, 1989-2009. DOI: 10.1021/acs.jctc.7b00118
   * C. Bannwarth, S. Ehlert and S. Grimme., J. Chem. Theory Comput., 2019,
     15, 1652-1671. DOI: 10.1021/acs.jctc.8b01176
   * P. Pracht, E. Caldeweyher, S. Ehlert, S. Grimme, ChemRxiv, 2019, preprint.
     DOI: 10.26434/chemrxiv.8326202.v1
   
   for DFT-D4:
   * E. Caldeweyher, C. Bannwarth and S. Grimme, J. Chem. Phys., 2017,
     147, 034112. DOI: 10.1063/1.4993215
   * E. Caldeweyher, S. Ehlert, A. Hansen, H. Neugebauer, S. Spicher,
     C. Bannwarth and S. Grimme, J. Chem. Phys., 2019, 150, 154122.
     DOI: 10.1063/1.5090222
   
   for sTDA-xTB:
   * S. Grimme and C. Bannwarth, J. Chem. Phys., 2016, 145, 054103.
     DOI: 10.1063/1.4959605
   
   in the mass-spec context:
   * V. Asgeirsson, C. Bauer and S. Grimme, Chem. Sci., 2017, 8, 4879.
     DOI: 10.1039/c7sc00601b
   
   for metadynamics refer to:
   * S. Grimme, J. Chem. Theory Comput., 2019, 155, 2847-2862
     DOI: 10.1021/acs.jctc.9b00143
   
   with help from (in alphabetical order)
   C. Bannwarth, F. Bohle, G. Brandenburg, E. Caldeweyher, M. Checinski,
   S. Dohm, S. Ehlert, S. Ehrlich, F. März, H. Neugebauer, J. Pisarek,
   P. Pracht, P. Shushkov, and S. Spicher.
   
 * started run on 2021/04/12 at 13:53:52.320     

           -------------------------------------------------
          |                Calculation Setup                |
           -------------------------------------------------

          program call               : /ihome/ghutchison/geoffh/xtb/xtb i-cc23.xyz -sp
          hostname                   : smp-n149
          coordinate file            : i-cc23.xyz
          omp threads                :                     1
          number of atoms            :                   148
          number of electrons        :                   454
          charge                     :                     0
          spin                       :                   0.0
          first test random number   :      0.76052532095679


########################################################################
# WARNING! Please study the warnings concerning your input carefully
#  - XTBPATH is not set, using XTBHOME instead
#  - the use of '-sp' is discouraged, please use '--sp' next time
########################################################################

           ------------------------------------------------- 
          |                 G F N 2 - x T B                 |
          | Geometry, Frequencies, Noncovalent interactions |
          |            JCTC 2019 parametrisation            |
           ------------------------------------------------- 
             KAB for C  - Si     :                1.0500
             KAB for H  - Pd     :                0.9500
             k(s)              :                1.8500
             k(p)              :                2.2300
             k(d)              :                2.2300
             k(f)              :                2.0000
             kEN (H0ij)        :               -2.0000
             D4 a1             :                0.5200
             D4 a2             :                5.0000
             D4 s6             :                1.0000
             D4 s8             :                2.7000
             D4 s9             :                5.0000
             alphaj            :                2.0000

  Z AO/shell   Hii/eV     exponent
  1     Wed Apr 25 08:07:45 CEST 2018   EN: 2.200 GM2: 0.406  GM3: 0.0800  RAES: 1.40
     1s    -10.707211    1.230000
  6     Wed Apr 25 08:07:45 CEST 2018   EN: 2.550 GM2: 0.538  GM3: 0.1500  RAES: 3.00
     2s    -13.970922    2.096432
     2p    -10.063292    1.800000
  7     Wed Apr 25 08:07:45 CEST 2018   EN: 3.040 GM2: 0.461  GM3:-0.0640  RAES: 1.90
     2s    -16.686243    2.339881
     2p    -12.523956    2.014332
  8     Wed Apr 25 08:07:45 CEST 2018   EN: 3.440 GM2: 0.452  GM3:-0.0517  RAES: 1.80
     2s    -20.229985    2.439742
     2p    -15.503117    2.137023
 16     Tue Apr 24 11:44:34 CEST 2018   EN: 2.580 GM2: 0.340  GM3:-0.0502  RAES: 3.10
     3s    -20.029654    1.981333
     3p    -11.377694    2.025643
     3d     -0.420282    1.702555

           ------------------------------------------------- 
          |        Self-Consistent Charge Iterations        |
           ------------------------------------------------- 

          ...................................................
          :                      SETUP                      :
          :.................................................:
          :  # basis functions                 466          :
          :  # atomic orbitals                 460          :
          :  # shells                          248          :
          :  # electrons                       454          :
          :  max. iterations                   250          :
          :  Hamiltonian                  GFN2-xTB          :
          :  restarted?                      false          :
          :  GBSA solvation                  false          :
          :  PC potential                    false          :
          :  electronic temp.          300.0000000     K    :
          :  accuracy                    1.0000000          :
          :  -> integral cutoff          0.2500000E+02      :
          :  -> integral neglect         0.1000000E-07      :
          :  -> SCF convergence          0.1000000E-05 Eh   :
          :  -> wf. convergence          0.1000000E-03 e    :
          :  Broyden damping             0.4000000          :
          ...................................................

 iter      E             dE          RMSdq      gap      omega  full diag
   1   -249.5670949 -0.249567E+03  0.483E+00    1.74       0.0  T
   2   -249.6533041 -0.862092E-01  0.296E+00    1.53       1.0  T
   3   -249.2298650  0.423439E+00  0.221E+00    0.68       1.0  T
   4   -249.7991971 -0.569332E+00  0.544E-01    0.88       1.0  T
   5   -249.8232504 -0.240534E-01  0.197E-01    0.69       1.0  T
   6   -249.8258344 -0.258399E-02  0.962E-02    0.77       1.0  T
   7   -249.8265519 -0.717472E-03  0.386E-02    0.76       1.0  T
   8   -249.8266389 -0.870134E-04  0.169E-02    0.77       1.0  T
   9   -249.8266512 -0.123321E-04  0.101E-02    0.77       1.0  T
  10   -249.8266600 -0.881532E-05  0.367E-03    0.77       2.2  T
  11   -249.8266606 -0.534220E-06  0.217E-03    0.77       3.8  T
  12   -249.8266609 -0.335139E-06  0.983E-04    0.77       8.4  T
  13   -249.8266609 -0.145181E-07  0.580E-04    0.77      14.2  T

   *** convergence criteria satisfied after 13 iterations ***

         #    Occupation            Energy/Eh            Energy/eV
      -------------------------------------------------------------
         1        2.0000           -0.7633212             -20.7710
       ...           ...                  ...                  ...
       221        2.0000           -0.3947051             -10.7405
       222        2.0000           -0.3924570             -10.6793
       223        2.0000           -0.3908263             -10.6349
       224        2.0000           -0.3865553             -10.5187
       225        2.0000           -0.3847356             -10.4692
       226        2.0000           -0.3825636             -10.4101
       227        2.0000           -0.3633947              -9.8885 (HOMO)
       228        0.0000           -0.3351281              -9.1193 (LUMO)
       229                         -0.3305458              -8.9946
       230                         -0.3200003              -8.7077
       231                         -0.3169140              -8.6237
       232                         -0.2909892              -7.9182
       ...                                ...                  ...
       460                          1.0734062              29.2089
      -------------------------------------------------------------
                  HL-Gap            0.0282667 Eh            0.7692 eV
             Fermi-level           -0.3492652 Eh           -9.5040 eV

 SCC (total)                   0 d,  0 h,  0 min,  1.133 sec
 SCC setup                      ...        0 min,  0.004 sec (  0.384%)
 Dispersion                     ...        0 min,  0.010 sec (  0.848%)
 integral evaluation            ...        0 min,  0.361 sec ( 31.822%)
 zeroth order Hamiltonian       ...        0 min,  0.002 sec (  0.178%)
 iterations                     ...        0 min,  0.464 sec ( 40.964%)
 molecular gradient             ...        0 min,  0.288 sec ( 25.408%)
 printout                       ...        0 min,  0.004 sec (  0.390%)

         :::::::::::::::::::::::::::::::::::::::::::::::::::::
         ::                     SUMMARY                     ::
         :::::::::::::::::::::::::::::::::::::::::::::::::::::
         :: total energy            -246.052201654706 Eh    ::
         :: gradient norm              0.112478896002 Eh/a0 ::
         :: HOMO-LUMO gap              0.769175521177 eV    ::
         ::.................................................::
         :: SCC energy              -249.826660929212 Eh    ::
         :: -> isotropic ES            0.117340888154 Eh    ::
         :: -> anisotropic ES          0.025409056492 Eh    ::
         :: -> anisotropic XC          0.162719418063 Eh    ::
         :: -> dispersion             -0.228053313345 Eh    ::
         :: repulsion energy           3.771268633169 Eh    ::
         :: add. restraining           0.000000000000 Eh    ::
         :::::::::::::::::::::::::::::::::::::::::::::::::::::

           -------------------------------------------------
          |                Property Printout                |
           -------------------------------------------------

    * Orbital Energies and Occupations

         #    Occupation            Energy/Eh            Energy/eV
      -------------------------------------------------------------
         1        2.0000           -0.7633212             -20.7710
       ...           ...                  ...                  ...
       215        2.0000           -0.4028271             -10.9615
       216        2.0000           -0.4024364             -10.9509
       217        2.0000           -0.4014963             -10.9253
       218        2.0000           -0.4005645             -10.8999
       219        2.0000           -0.3991573             -10.8616
       220        2.0000           -0.3967757             -10.7968
       221        2.0000           -0.3947051             -10.7405
       222        2.0000           -0.3924570             -10.6793
       223        2.0000           -0.3908263             -10.6349
       224        2.0000           -0.3865553             -10.5187
       225        2.0000           -0.3847356             -10.4692
       226        2.0000           -0.3825636             -10.4101
       227        2.0000           -0.3633947              -9.8885 (HOMO)
       228        0.0000           -0.3351281              -9.1193 (LUMO)
       229                         -0.3305458              -8.9946
       230                         -0.3200003              -8.7077
       231                         -0.3169140              -8.6237
       232                         -0.2909892              -7.9182
       233                         -0.2747496              -7.4763
       234                         -0.2639635              -7.1828
       235                         -0.2601533              -7.0791
       236                         -0.2492505              -6.7825
       237                         -0.2482970              -6.7565
       238                         -0.2437445              -6.6326
       ...                                ...                  ...
       460                          1.0734062              29.2089
      -------------------------------------------------------------
                  HL-Gap            0.0282667 Eh            0.7692 eV
             Fermi-level           -0.3492652 Eh           -9.5040 eV

     #   Z        covCN         q      C6AA      α(0)
     1   6 C      2.997    -0.003    28.078     8.692
     2   6 C      3.007     0.017    27.605     8.619
     3  16 S      2.253    -0.030   142.300    20.077
     4   6 C      3.050     0.016    27.608     8.617
     5   6 C      3.184    -0.011    27.822     8.608
     6   6 C      3.043    -0.047    29.124     8.851
     7   6 C      3.020     0.001    27.991     8.678
     8   6 C      3.041     0.001    27.966     8.674
     9   6 C      3.932     0.013    20.295     6.402
    10   6 C      2.903    -0.036    28.906     8.816
    11   6 C      3.054     0.002    27.923     8.666
    12   6 C      3.012    -0.001    28.023     8.684
    13   6 C      2.903    -0.036    28.903     8.815
    14   6 C      3.932     0.012    20.305     6.404
    15   6 C      3.187    -0.012    27.838     8.609
    16   6 C      3.048     0.015    27.625     8.620
    17   6 C      3.045    -0.048    29.140     8.854
    18   6 C      3.006     0.015    27.663     8.628
    19  16 S      2.248    -0.046   142.966    20.124
    20   6 C      2.965     0.012    27.755     8.641
    21   6 C      2.963     0.012    27.751     8.641
    22   6 C      2.962     0.010    27.783     8.646
    23   6 C      2.966     0.010    27.791     8.647
    24   6 C      2.911    -0.036    28.904     8.816
    25   6 C      2.914    -0.038    28.955     8.824
    26   6 C      2.958     0.011    27.771     8.644
    27   6 C      2.914    -0.036    28.902     8.816
    28   6 C      2.913    -0.034    28.845     8.807
    29   6 C      2.912    -0.036    28.887     8.813
    30   6 C      2.914    -0.038    28.954     8.824
    31   6 C      2.958     0.012    27.752     8.641
    32   6 C      2.914    -0.036    28.898     8.815
    33   6 C      2.912    -0.035    28.860     8.809
    34   6 C      2.913    -0.035    28.878     8.812
    35   6 C      2.914    -0.038    28.941     8.822
    36   6 C      2.956     0.012    27.755     8.641
    37   6 C      2.915    -0.039    28.969     8.826
    38   6 C      2.912    -0.036    28.884     8.813
    39   6 C      2.913    -0.034    28.846     8.807
    40   6 C      2.913    -0.038    28.944     8.822
    41   6 C      2.959     0.011    27.766     8.643
    42   6 C      2.914    -0.037    28.928     8.820
    43   6 C      2.912    -0.038    28.933     8.820
    44   6 C      3.800    -0.054    21.540     6.608
    45   6 C      3.745    -0.093    22.355     6.745
    46   6 C      3.800    -0.054    21.542     6.608
    47   6 C      3.745    -0.094    22.357     6.745
    48   6 C      3.800    -0.054    21.544     6.609
    49   6 C      3.745    -0.093    22.343     6.743
    50   6 C      3.799    -0.054    21.542     6.608
    51   6 C      3.745    -0.095    22.388     6.750
    52  16 S      2.295     0.024   140.060    19.919
    53   6 C      2.924    -0.028    28.695     8.785
    54   6 C      3.125    -0.013    28.144     8.687
    55   6 C      3.041     0.126    25.201     8.234
    56   6 C      2.895     0.002    27.978     8.672
    57   8 O      1.701    -0.291    18.842     5.861
    58   6 C      3.647     0.041    20.209     6.460
    59   6 C      2.998    -0.036    28.872     8.814
    60   6 C      2.855     0.226    23.255     7.904
    61   6 C      3.042    -0.016    28.377     8.737
    62   6 C      3.191    -0.005    27.637     8.574
    63   6 C      3.005     0.034    27.224     8.559
    64  16 S      2.223     0.078   137.896    19.764
    65   6 C      2.937    -0.019    28.494     8.755
    66   6 C      3.041    -0.040    28.952     8.825
    67   8 O      0.856    -0.350    20.703     6.100
    68   6 C      2.944     0.010    27.803     8.648
    69   6 C      1.912     0.120    28.161     8.570
    70   6 C      1.908     0.119    28.169     8.572
    71   7 N      0.911    -0.234    26.124     7.392
    72   7 N      0.911    -0.227    25.970     7.371
    73   6 C      2.985    -0.023    28.563     8.767
    74  16 S      2.288     0.032   139.747    19.896
    75   6 C      2.918    -0.017    28.436     8.745
    76   6 C      3.118    -0.012    28.144     8.689
    77   6 C      3.024     0.129    25.148     8.226
    78   6 C      2.899    -0.004    28.132     8.696
    79   8 O      1.703    -0.258    18.271     5.771
    80   6 C      3.634     0.034    20.377     6.496
    81   6 C      2.993    -0.038    28.923     8.822
    82   6 C      2.862     0.224    23.295     7.911
    83   6 C      3.041    -0.016    28.375     8.737
    84   6 C      3.191    -0.006    27.660     8.578
    85   6 C      3.004     0.034    27.222     8.559
    86  16 S      2.223     0.073   138.117    19.780
    87   6 C      2.937    -0.020    28.503     8.756
    88   6 C      3.045    -0.040    28.961     8.826
    89   8 O      0.856    -0.356    20.826     6.118
    90   6 C      2.944     0.008    27.850     8.655
    91   6 C      1.912     0.119    28.170     8.572
    92   6 C      1.909     0.117    28.223     8.580
    93   7 N      0.911    -0.227    25.973     7.371
    94   7 N      0.911    -0.231    26.056     7.383
    95   1 H      0.925     0.051     2.304     2.374
    96   1 H      0.924     0.041     2.437     2.441
    97   1 H      0.924     0.039     2.464     2.455
    98   1 H      0.924     0.041     2.435     2.440
    99   1 H      0.924     0.028     2.615     2.529
   100   1 H      0.924     0.028     2.616     2.530
   101   1 H      0.924     0.031     2.568     2.506
   102   1 H      0.924     0.031     2.574     2.509
   103   1 H      0.924     0.025     2.655     2.548
   104   1 H      0.924     0.029     2.606     2.524
   105   1 H      0.924     0.032     2.560     2.502
   106   1 H      0.924     0.029     2.595     2.519
   107   1 H      0.924     0.029     2.606     2.524
   108   1 H      0.924     0.036     2.500     2.473
   109   1 H      0.924     0.028     2.612     2.527
   110   1 H      0.924     0.027     2.633     2.537
   111   1 H      0.924     0.031     2.575     2.510
   112   1 H      0.924     0.030     2.585     2.514
   113   1 H      0.924     0.030     2.591     2.517
   114   1 H      0.924     0.028     2.611     2.527
   115   1 H      0.922     0.037     2.486     2.466
   116   1 H      0.923     0.034     2.537     2.491
   117   1 H      0.923     0.035     2.518     2.481
   118   1 H      0.923     0.034     2.536     2.491
   119   1 H      0.923     0.033     2.545     2.495
   120   1 H      0.923     0.034     2.531     2.488
   121   1 H      0.923     0.038     2.473     2.459
   122   1 H      0.923     0.033     2.547     2.496
   123   1 H      0.923     0.034     2.529     2.487
   124   1 H      0.923     0.035     2.517     2.481
   125   1 H      0.923     0.035     2.517     2.481
   126   1 H      0.923     0.034     2.525     2.485
   127   1 H      0.923     0.034     2.527     2.486
   128   1 H      0.923     0.035     2.521     2.483
   129   1 H      0.923     0.034     2.534     2.490
   130   1 H      0.922     0.041     2.439     2.442
   131   1 H      0.923     0.037     2.483     2.464
   132   1 H      0.923     0.034     2.528     2.486
   133   1 H      0.923     0.033     2.540     2.492
   134   1 H      0.923     0.036     2.505     2.475
   135   1 H      0.925     0.050     2.317     2.380
   136   1 H      0.924     0.090     1.878     2.143
   137   1 H      0.923     0.065     2.144     2.290
   138   1 H      0.923     0.043     2.405     2.425
   139   1 H      0.923     0.042     2.423     2.434
   140   1 H      0.925     0.066     2.130     2.283
   141   1 H      0.925     0.068     2.108     2.271
   142   1 H      0.925     0.057     2.240     2.341
   143   1 H      0.924     0.098     1.806     2.101
   144   1 H      0.923     0.044     2.396     2.421
   145   1 H      0.924     0.071     2.072     2.251
   146   1 H      0.923     0.049     2.329     2.387
   147   1 H      0.925     0.064     2.150     2.293
   148   1 H      0.925     0.067     2.120     2.277

 Mol. C6AA /au·bohr⁶  :     370194.394758
 Mol. C8AA /au·bohr⁸  :   10223721.478232
 Mol. α(0) /au        :        974.122315


Wiberg/Mayer (AO) data.
largest (>0.10) Wiberg bond orders for each atom
          total WBO             WBO to atom ...
     1  C   3.942        C   55 1.476    C    2 1.135    S   52 1.122
     2  C   3.927        C    6 1.493    C    1 1.135    S    3 1.119
     3  S   2.585        C    4 1.156    C    2 1.119
     4  C   3.934        C    5 1.445    S    3 1.156    C    7 1.128
     5  C   3.966        C    4 1.445    C    6 1.309    C    9 0.969
     6  C   3.981        C    2 1.493    C    5 1.309    H   95 0.960
     7  C   3.964        C   10 1.358    C    8 1.297    C    4 1.128
     8  C   3.971        C   13 1.458    C    7 1.297    C    9 0.964
     9  C   3.985        C    5 0.969    C    8 0.964    C   21 0.961    C   20 0.950
    10  C   3.980        C   11 1.454    C    7 1.358    H   96 0.964
    11  C   3.974        C   10 1.454    C   12 1.301    C   14 0.966
    12  C   3.960        C   13 1.356    C   11 1.301    C   16 1.121
    13  C   3.982        C    8 1.458    C   12 1.356    H   97 0.965
    14  C   3.985        C   15 0.972    C   11 0.966    C   22 0.962    C   23 0.945
    15  C   3.965        C   16 1.458    C   17 1.295    C   14 0.972
    16  C   3.935        C   15 1.458    S   19 1.151    C   12 1.121
    17  C   3.982        C   18 1.524    C   15 1.295    H   98 0.962
    18  C   3.924        C   17 1.524    S   19 1.117    C   73 1.095
    19  S   2.577        C   16 1.151    C   18 1.117
    20  C   3.981        C   29 1.419    C   33 1.395    C    9 0.950    C   31 0.106
    21  C   3.983        C   24 1.423    C   28 1.392    C    9 0.961    C   26 0.106
    22  C   3.983        C   43 1.413    C   39 1.402    C   14 0.962    C   41 0.107
    23  C   3.980        C   38 1.408    C   34 1.407    C   14 0.945    C   36 0.106
    24  C   3.988        C   25 1.432    C   21 1.423    H   99 0.967    C   27 0.108
    25  C   3.989        C   24 1.432    C   26 1.423    H  100 0.968    C   28 0.108
    26  C   3.985        C   25 1.423    C   27 1.395    C   44 1.012    C   21 0.106
    27  C   3.989        C   28 1.465    C   26 1.395    H  101 0.968    C   24 0.108
    28  C   3.989        C   27 1.465    C   21 1.392    H  102 0.968    C   25 0.108
    29  C   3.989        C   30 1.436    C   20 1.419    H  103 0.966    C   32 0.108
    30  C   3.989        C   29 1.436    C   31 1.419    H  104 0.968    C   33 0.108
    31  C   3.985        C   30 1.419    C   32 1.398    C   46 1.012    C   20 0.106
    32  C   3.989        C   33 1.460    C   31 1.398    H  105 0.968    C   29 0.108
    33  C   3.989        C   32 1.460    C   20 1.395    H  106 0.967    C   30 0.108
    34  C   3.989        C   35 1.446    C   23 1.407    H  107 0.967    C   37 0.109
    35  C   3.989        C   34 1.446    C   36 1.409    H  108 0.966    C   38 0.107
    36  C   3.985        C   35 1.409    C   37 1.406    C   50 1.011    C   23 0.106
    37  C   3.989        C   38 1.450    C   36 1.406    H  109 0.969    C   34 0.109
    38  C   3.989        C   37 1.450    C   23 1.408    H  110 0.967    C   35 0.107
    39  C   3.989        C   40 1.453    C   22 1.402    H  111 0.968    C   42 0.109
    40  C   3.989        C   39 1.453    C   41 1.405    H  112 0.969    C   43 0.107
    41  C   3.985        C   42 1.413    C   40 1.405    C   48 1.012    C   22 0.107
    42  C   3.989        C   43 1.444    C   41 1.413    H  113 0.969    C   39 0.109
    43  C   3.988        C   42 1.444    C   22 1.413    H  114 0.966    C   40 0.107
    44  C   3.996        C   26 1.012    C   45 1.008    H  116 0.976    H  115 0.964
    45  C   3.996        C   44 1.008    H  119 0.988    H  118 0.987    H  117 0.986
    46  C   3.996        C   31 1.012    C   47 1.008    H  120 0.976    H  121 0.964
    47  C   3.996        C   46 1.008    H  122 0.988    H  123 0.987    H  124 0.986
    48  C   3.996        C   41 1.012    C   49 1.002    H  126 0.975    H  125 0.972
    49  C   3.995        C   48 1.002    H  129 0.988    H  127 0.988    H  128 0.986
    50  C   3.996        C   51 1.018    C   36 1.011    H  131 0.970    H  130 0.958
    51  C   3.996        C   50 1.018    H  134 0.988    H  133 0.987    H  132 0.984
    52  S   2.647        C   53 1.231    C    1 1.122
    53  C   3.931        C   54 1.490    S   52 1.231    H  135 0.968
    54  C   3.981        C   53 1.490    C   55 1.182    C   56 1.129
    55  C   3.925        C    1 1.476    C   54 1.182    O   57 1.037
    56  C   3.954        C   59 1.655    C   54 1.129    H  136 0.945
    57  O   2.132        C   55 1.037    C   58 0.952
    58  C   3.937        H  137 0.980    H  138 0.980    H  139 0.979    O   57 0.952
    59  C   3.978        C   56 1.655    C   63 1.101    C   60 0.978
    60  C   3.936        O   67 1.784    C   61 1.053    C   59 0.978
    61  C   3.933        C   62 1.398    S   64 1.202    C   60 1.053
    62  C   3.979        C   61 1.398    C   66 1.263    C   63 1.093
    63  C   3.980        C   68 1.504    C   59 1.101    C   62 1.093
    64  S   2.697        C   65 1.207    C   61 1.202
    65  C   3.937        C   66 1.611    S   64 1.207    H  140 0.968
    66  C   3.981        C   65 1.611    C   62 1.263    H  141 0.958
    67  O   2.084        C   60 1.784
    68  C   3.980        C   63 1.504    C   70 1.093    C   69 1.090
    69  C   3.943        N   72 2.780    C   68 1.090
    70  C   3.942        N   71 2.776    C   68 1.093
    71  N   2.979        C   70 2.776
    72  N   2.978        C   69 2.780
    73  C   3.929        C   77 1.503    C   18 1.095    S   74 1.089
    74  S   2.655        C   75 1.264    C   73 1.089
    75  C   3.936        C   76 1.471    S   74 1.264    H  142 0.965
    76  C   3.979        C   75 1.471    C   78 1.180    C   77 1.143
    77  C   3.928        C   73 1.503    C   76 1.143    O   79 1.079
    78  C   3.953        C   81 1.608    C   76 1.180    H  143 0.940
    79  O   2.236        C   77 1.079    C   80 0.965
    80  C   3.934        H  144 0.980    H  145 0.978    H  146 0.975    O   79 0.965
    81  C   3.977        C   78 1.608    C   85 1.123    C   82 0.980
    82  C   3.930        O   89 1.778    C   83 1.055    C   81 0.980
    83  C   3.930        C   84 1.404    S   86 1.199    C   82 1.055
    84  C   3.977        C   83 1.404    C   88 1.264    C   85 1.085
    85  C   3.977        C   90 1.490    C   81 1.123    C   84 1.085
    86  S   2.695        C   87 1.207    C   83 1.199
    87  C   3.937        C   88 1.609    S   86 1.207    H  147 0.968
    88  C   3.980        C   87 1.609    C   84 1.264    H  148 0.958
    89  O   2.072        C   82 1.778
    90  C   3.980        C   85 1.490    C   92 1.099    C   91 1.091
    91  C   3.942        N   94 2.777    C   90 1.091
    92  C   3.943        N   93 2.771    C   90 1.099
    93  N   2.978        C   92 2.771
    94  N   2.974        C   91 2.777
    95  H   0.997        C    6 0.960
    96  H   0.997        C   10 0.964
    97  H   0.997        C   13 0.965
    98  H   0.998        C   17 0.962
    99  H   0.999        C   24 0.967
   100  H   0.999        C   25 0.968
   101  H   0.998        C   27 0.968
   102  H   0.999        C   28 0.968
   103  H   0.999        C   29 0.966
   104  H   0.999        C   30 0.968
   105  H   0.998        C   32 0.968
   106  H   0.999        C   33 0.967
   107  H   0.999        C   34 0.967
   108  H   0.998        C   35 0.966
   109  H   0.999        C   37 0.969
   110  H   0.999        C   38 0.967
   111  H   0.999        C   39 0.968
   112  H   0.999        C   40 0.969
   113  H   0.999        C   42 0.969
   114  H   0.999        C   43 0.966
   115  H   0.998        C   44 0.964
   116  H   0.999        C   44 0.976
   117  H   0.999        C   45 0.986
   118  H   0.998        C   45 0.987
   119  H   0.999        C   45 0.988
   120  H   0.999        C   46 0.976
   121  H   0.998        C   46 0.964
   122  H   0.999        C   47 0.988
   123  H   0.998        C   47 0.987
   124  H   0.999        C   47 0.986
   125  H   0.998        C   48 0.972
   126  H   0.999        C   48 0.975
   127  H   0.999        C   49 0.988
   128  H   0.998        C   49 0.986
   129  H   0.999        C   49 0.988
   130  H   0.998        C   50 0.958
   131  H   0.998        C   50 0.970
   132  H   0.999        C   51 0.984
   133  H   0.998        C   51 0.987
   134  H   0.999        C   51 0.988
   135  H   0.997        C   53 0.968
   136  H   0.991        C   56 0.945
   137  H   0.995        C   58 0.980
   138  H   0.998        C   58 0.980
   139  H   0.998        C   58 0.979
   140  H   0.995        C   65 0.968
   141  H   0.995        C   66 0.958
   142  H   0.995        C   75 0.965
   143  H   0.989        C   78 0.940
   144  H   0.998        C   80 0.980
   145  H   0.994        C   80 0.978
   146  H   0.997        C   80 0.975
   147  H   0.995        C   87 0.968
   148  H   0.995        C   88 0.958

molecular dipole:
                 x           y           z       tot (Debye)
 q only:       -0.372      -1.563       0.877
   full:       -0.481      -1.698       1.017       5.178
molecular quadrupole (traceless):
                xx          xy          yy          xz          yz          zz
 q only:       27.059     -26.763       7.724      45.914      23.642     -34.783
  q+dip:       44.786     -27.665      -4.012      41.685      24.263     -40.773
   full:       38.157     -28.173       1.112      39.230      22.706     -39.269


           -------------------------------------------------
          | TOTAL ENERGY             -246.052201654706 Eh   |
          | GRADIENT NORM               0.112478896002 Eh/α |
          | HOMO-LUMO GAP               0.769175521177 eV   |
           -------------------------------------------------

------------------------------------------------------------------------
 * finished run on 2021/04/12 at 13:53:53.845     
------------------------------------------------------------------------
 total:
 * wall-time:     0 d,  0 h,  0 min,  1.525 sec
 *  cpu-time:     0 d,  0 h,  0 min,  1.511 sec
 * ratio c/w:     0.991 speedup
 SCF:
 * wall-time:     0 d,  0 h,  0 min,  1.134 sec
 *  cpu-time:     0 d,  0 h,  0 min,  1.131 sec
 * ratio c/w:     0.998 speedup

