      -----------------------------------------------------------      
     |                   =====================                   |     
     |                           x T B                           |     
     |                   =====================                   |     
     |                         S. Grimme                         |     
     |          Mulliken Center for Theoretical Chemistry        |     
     |                    University of Bonn                     |     
     |                Version 6.2 RC2 (SAW190805)                |     
      -----------------------------------------------------------      

   This program is distributed in the hope that it will be useful,
   but WITHOUT ANY WARRANTY; without even the implied warranty of
   MERCHANTABILITY or FITNESS FOR A PARTICULAR PURPOSE.
   
   FOR NON-COMMERCIAL, ACADEMIA USE ONLY.
   
   Cite this work as:
   * S. Grimme, C. Bannwarth, P. Shushkov, J. Chem. Theory Comput., 2017,
     13, 1989-2009. DOI: 10.1021/acs.jctc.7b00118
   * C. Bannwarth, S. Ehlert and S. Grimme., J. Chem. Theory Comput., 2019,
     15, 1652-1671. DOI: 10.1021/acs.jctc.8b01176
   * P. Pracht, E. Caldeweyher, S. Ehlert, S. Grimme, ChemRxiv, 2019, preprint.
     DOI: 10.26434/chemrxiv.8326202.v1
   
   for DFT-D4:
   * E. Caldeweyher, C. Bannwarth and S. Grimme, J. Chem. Phys., 2017,
     147, 034112. DOI: 10.1063/1.4993215
   * E. Caldeweyher, S. Ehlert, A. Hansen, H. Neugebauer, S. Spicher,
     C. Bannwarth and S. Grimme, J. Chem. Phys., 2019, 150, 154122.
     DOI: 10.1063/1.5090222
   
   for sTDA-xTB:
   * S. Grimme and C. Bannwarth, J. Chem. Phys., 2016, 145, 054103.
     DOI: 10.1063/1.4959605
   
   in the mass-spec context:
   * V. Asgeirsson, C. Bauer and S. Grimme, Chem. Sci., 2017, 8, 4879.
     DOI: 10.1039/c7sc00601b
   
   for metadynamics refer to:
   * S. Grimme, J. Chem. Theory Comput., 2019, 155, 2847-2862
     DOI: 10.1021/acs.jctc.9b00143
   
   with help from (in alphabetical order)
   C. Bannwarth, F. Bohle, G. Brandenburg, E. Caldeweyher, M. Checinski,
   S. Dohm, S. Ehlert, S. Ehrlich, F. März, H. Neugebauer, J. Pisarek,
   P. Pracht, P. Shushkov, and S. Spicher.
   
 * started run on 2021/04/12 at 13:53:19.139     

           -------------------------------------------------
          |                Calculation Setup                |
           -------------------------------------------------

          program call               : /ihome/ghutchison/geoffh/xtb/xtb IDF-4F.xyz -sp
          hostname                   : smp-n149
          coordinate file            : IDF-4F.xyz
          omp threads                :                     1
          number of atoms            :                   132
          number of electrons        :                   414
          charge                     :                     0
          spin                       :                   0.0
          first test random number   :      0.91774492338687


########################################################################
# WARNING! Please study the warnings concerning your input carefully
#  - XTBPATH is not set, using XTBHOME instead
#  - the use of '-sp' is discouraged, please use '--sp' next time
########################################################################

           ------------------------------------------------- 
          |                 G F N 2 - x T B                 |
          | Geometry, Frequencies, Noncovalent interactions |
          |            JCTC 2019 parametrisation            |
           ------------------------------------------------- 
             KAB for C  - Si     :                1.0500
             KAB for H  - Pd     :                0.9500
             k(s)              :                1.8500
             k(p)              :                2.2300
             k(d)              :                2.2300
             k(f)              :                2.0000
             kEN (H0ij)        :               -2.0000
             D4 a1             :                0.5200
             D4 a2             :                5.0000
             D4 s6             :                1.0000
             D4 s8             :                2.7000
             D4 s9             :                5.0000
             alphaj            :                2.0000

  Z AO/shell   Hii/eV     exponent
  1     Wed Apr 25 08:07:45 CEST 2018   EN: 2.200 GM2: 0.406  GM3: 0.0800  RAES: 1.40
     1s    -10.707211    1.230000
  6     Wed Apr 25 08:07:45 CEST 2018   EN: 2.550 GM2: 0.538  GM3: 0.1500  RAES: 3.00
     2s    -13.970922    2.096432
     2p    -10.063292    1.800000
  7     Wed Apr 25 08:07:45 CEST 2018   EN: 3.040 GM2: 0.461  GM3:-0.0640  RAES: 1.90
     2s    -16.686243    2.339881
     2p    -12.523956    2.014332
  8     Wed Apr 25 08:07:45 CEST 2018   EN: 3.440 GM2: 0.452  GM3:-0.0517  RAES: 1.80
     2s    -20.229985    2.439742
     2p    -15.503117    2.137023
  9     Mon Apr 23 13:58:50 CEST 2018   EN: 3.980 GM2: 0.532  GM3: 0.1426  RAES: 2.40
     2s    -23.458179    2.416361
     2p    -15.746583    2.308399

           ------------------------------------------------- 
          |        Self-Consistent Charge Iterations        |
           ------------------------------------------------- 

          ...................................................
          :                      SETUP                      :
          :.................................................:
          :  # basis functions                 390          :
          :  # atomic orbitals                 390          :
          :  # shells                          218          :
          :  # electrons                       414          :
          :  max. iterations                   250          :
          :  Hamiltonian                  GFN2-xTB          :
          :  restarted?                      false          :
          :  GBSA solvation                  false          :
          :  PC potential                    false          :
          :  electronic temp.          300.0000000     K    :
          :  accuracy                    1.0000000          :
          :  -> integral cutoff          0.2500000E+02      :
          :  -> integral neglect         0.1000000E-07      :
          :  -> SCF convergence          0.1000000E-05 Eh   :
          :  -> wf. convergence          0.1000000E-03 e    :
          :  Broyden damping             0.4000000          :
          ...................................................

 iter      E             dE          RMSdq      gap      omega  full diag
   1   -231.8578206 -0.231858E+03  0.466E+00    1.42       0.0  T
   2   -231.9353841 -0.775636E-01  0.295E+00    1.33       1.0  T
   3   -231.5655225  0.369862E+00  0.220E+00    1.03       1.0  T
   4   -232.0851396 -0.519617E+00  0.597E-01    1.26       1.0  T
   5   -232.1264327 -0.412931E-01  0.173E-01    1.12       1.0  T
   6   -232.1278784 -0.144575E-02  0.926E-02    1.17       1.0  T
   7   -232.1286996 -0.821182E-03  0.461E-02    1.15       1.0  T
   8   -232.1289374 -0.237845E-03  0.168E-02    1.17       1.0  T
   9   -232.1289623 -0.249132E-04  0.821E-03    1.16       1.1  T
  10   -232.1289680 -0.562224E-05  0.340E-03    1.16       2.6  T
  11   -232.1289688 -0.821670E-06  0.157E-03    1.16       5.5  T
  12   -232.1289690 -0.246531E-06  0.692E-04    1.16      12.6  T
  13   -232.1289691 -0.438770E-07  0.337E-04    1.16      25.9  T

   *** convergence criteria satisfied after 13 iterations ***

         #    Occupation            Energy/Eh            Energy/eV
      -------------------------------------------------------------
         1        2.0000           -0.8539881             -23.2382
       ...           ...                  ...                  ...
       201        2.0000           -0.4073312             -11.0840
       202        2.0000           -0.4068728             -11.0716
       203        2.0000           -0.4030900             -10.9686
       204        2.0000           -0.3998756             -10.8812
       205        2.0000           -0.3969020             -10.8003
       206        2.0000           -0.3934746             -10.7070
       207        2.0000           -0.3897786             -10.6064 (HOMO)
       208                         -0.3470179              -9.4428 (LUMO)
       209                         -0.3399612              -9.2508
       210                         -0.3322091              -9.0399
       211                         -0.3273075              -8.9065
       212                         -0.2915297              -7.9329
       ...                                ...                  ...
       390                          1.0631032              28.9285
      -------------------------------------------------------------
                  HL-Gap            0.0427606 Eh            1.1636 eV
             Fermi-level           -0.3683886 Eh          -10.0244 eV

 SCC (total)                   0 d,  0 h,  0 min,  0.836 sec
 SCC setup                      ...        0 min,  0.003 sec (  0.404%)
 Dispersion                     ...        0 min,  0.007 sec (  0.853%)
 integral evaluation            ...        0 min,  0.271 sec ( 32.442%)
 zeroth order Hamiltonian       ...        0 min,  0.002 sec (  0.186%)
 iterations                     ...        0 min,  0.325 sec ( 38.899%)
 molecular gradient             ...        0 min,  0.224 sec ( 26.832%)
 printout                       ...        0 min,  0.003 sec (  0.378%)

         :::::::::::::::::::::::::::::::::::::::::::::::::::::
         ::                     SUMMARY                     ::
         :::::::::::::::::::::::::::::::::::::::::::::::::::::
         :: total energy            -228.629064470728 Eh    ::
         :: gradient norm              0.113191343035 Eh/a0 ::
         :: HOMO-LUMO gap              1.163576065728 eV    ::
         ::.................................................::
         :: SCC energy              -232.128969077774 Eh    ::
         :: -> isotropic ES            0.145853616761 Eh    ::
         :: -> anisotropic ES          0.014902456773 Eh    ::
         :: -> anisotropic XC          0.133983685736 Eh    ::
         :: -> dispersion             -0.189123105748 Eh    ::
         :: repulsion energy           3.497190283438 Eh    ::
         :: add. restraining           0.000000000000 Eh    ::
         :::::::::::::::::::::::::::::::::::::::::::::::::::::

           -------------------------------------------------
          |                Property Printout                |
           -------------------------------------------------

    * Orbital Energies and Occupations

         #    Occupation            Energy/Eh            Energy/eV
      -------------------------------------------------------------
         1        2.0000           -0.8539881             -23.2382
       ...           ...                  ...                  ...
       195        2.0000           -0.4191176             -11.4048
       196        2.0000           -0.4190520             -11.4030
       197        2.0000           -0.4147080             -11.2848
       198        2.0000           -0.4141331             -11.2691
       199        2.0000           -0.4108794             -11.1806
       200        2.0000           -0.4095228             -11.1437
       201        2.0000           -0.4073312             -11.0840
       202        2.0000           -0.4068728             -11.0716
       203        2.0000           -0.4030900             -10.9686
       204        2.0000           -0.3998756             -10.8812
       205        2.0000           -0.3969020             -10.8003
       206        2.0000           -0.3934746             -10.7070
       207        2.0000           -0.3897786             -10.6064 (HOMO)
       208                         -0.3470179              -9.4428 (LUMO)
       209                         -0.3399612              -9.2508
       210                         -0.3322091              -9.0399
       211                         -0.3273075              -8.9065
       212                         -0.2915297              -7.9329
       213                         -0.2804176              -7.6306
       214                         -0.2716691              -7.3925
       215                         -0.2595006              -7.0614
       216                         -0.2559237              -6.9640
       217                         -0.2529699              -6.8837
       218                         -0.2487753              -6.7695
       ...                                ...                  ...
       390                          1.0631032              28.9285
      -------------------------------------------------------------
                  HL-Gap            0.0427606 Eh            1.1636 eV
             Fermi-level           -0.3683886 Eh          -10.0244 eV

     #   Z        covCN         q      C6AA      α(0)
     1   6 C      2.890    -0.015    28.386     8.735
     2   6 C      2.984    -0.036    28.888     8.817
     3   6 C      3.001     0.032    27.278     8.567
     4   6 C      3.011     0.005    27.886     8.662
     5   6 C      3.030    -0.019    28.449     8.749
     6   6 C      2.859     0.226    23.263     7.906
     7   6 C      2.908    -0.050    29.239     8.867
     8   6 C      2.775     0.162    24.481     8.104
     9   6 C      2.778     0.161    24.504     8.108
    10   6 C      2.907    -0.038    28.936     8.820
    11   9 F      0.787    -0.181    11.044     3.925
    12   9 F      0.787    -0.180    11.034     3.924
    13   8 O      0.856    -0.368    21.052     6.152
    14   6 C      2.943     0.012    27.750     8.640
    15   6 C      1.916     0.119    28.167     8.571
    16   6 C      1.915     0.119    28.178     8.573
    17   7 N      0.911    -0.222    25.857     7.354
    18   7 N      0.911    -0.224    25.905     7.361
    19   6 C      3.061     0.118    25.353     8.257
    20   8 O      1.717    -0.196    17.266     5.610
    21   6 C      3.164     0.136    24.719     8.126
    22   6 C      3.110    -0.015    28.223     8.704
    23   6 C      2.998    -0.047    29.142     8.855
    24   6 C      2.893    -0.015    28.390     8.736
    25   6 C      2.991    -0.028    28.699     8.788
    26   6 C      3.000     0.039    27.123     8.543
    27   6 C      3.015     0.006    27.857     8.658
    28   6 C      3.027    -0.019    28.442     8.748
    29   6 C      2.861     0.226    23.253     7.904
    30   6 C      2.907    -0.049    29.217     8.863
    31   6 C      2.775     0.163    24.475     8.103
    32   6 C      2.778     0.162    24.498     8.107
    33   6 C      2.906    -0.037    28.925     8.819
    34   9 F      0.787    -0.180    11.031     3.923
    35   9 F      0.787    -0.180    11.028     3.923
    36   8 O      0.856    -0.351    20.734     6.105
    37   6 C      2.944     0.014    27.694     8.631
    38   6 C      1.911     0.119    28.185     8.574
    39   6 C      1.913     0.127    27.994     8.545
    40   7 N      0.911    -0.230    26.033     7.380
    41   7 N      0.911    -0.239    26.252     7.410
    42   6 C      3.006    -0.003    28.091     8.694
    43   6 C      3.066     0.008    27.763     8.640
    44   6 C      3.929     0.013    20.299     6.403
    45   6 C      2.901    -0.026    28.647     8.776
    46   6 C      3.065     0.008    27.775     8.642
    47   6 C      3.008    -0.002    28.069     8.691
    48   6 C      2.901    -0.026    28.647     8.776
    49   6 C      3.931     0.013    20.293     6.402
    50   6 C      3.102    -0.015    28.242     8.708
    51   6 C      3.197     0.135    24.565     8.079
    52   6 C      2.964     0.008    27.839     8.654
    53   6 C      2.964     0.009    27.805     8.649
    54   6 C      2.961     0.010    27.796     8.648
    55   6 C      2.964     0.008    27.837     8.654
    56   6 C      2.912    -0.038    28.951     8.823
    57   6 C      2.914    -0.037    28.911     8.817
    58   6 C      2.956     0.013    27.713     8.635
    59   6 C      2.915    -0.037    28.922     8.819
    60   6 C      2.912    -0.032    28.800     8.800
    61   6 C      2.912    -0.037    28.911     8.817
    62   6 C      2.915    -0.038    28.934     8.821
    63   6 C      2.957     0.015    27.671     8.628
    64   6 C      2.913    -0.035    28.877     8.812
    65   6 C      2.912    -0.034    28.856     8.809
    66   6 C      2.910    -0.035    28.882     8.812
    67   6 C      2.914    -0.037    28.919     8.818
    68   6 C      2.959     0.014    27.699     8.632
    69   6 C      2.915    -0.034    28.851     8.808
    70   6 C      2.911    -0.038    28.950     8.823
    71   6 C      2.913    -0.035    28.862     8.810
    72   6 C      2.914    -0.036    28.891     8.814
    73   6 C      2.957     0.013    27.713     8.635
    74   6 C      2.915    -0.038    28.934     8.821
    75   6 C      2.912    -0.038    28.957     8.824
    76   6 C      3.799    -0.055    21.560     6.611
    77   6 C      3.745    -0.095    22.380     6.748
    78   6 C      3.800    -0.054    21.547     6.609
    79   6 C      3.745    -0.097    22.418     6.754
    80   6 C      3.800    -0.055    21.554     6.610
    81   6 C      3.745    -0.094    22.372     6.747
    82   6 C      3.800    -0.055    21.562     6.611
    83   6 C      3.745    -0.094    22.358     6.745
    84   6 C      3.007    -0.044    29.087     8.847
    85   6 C      3.079     0.118    25.316     8.249
    86   8 O      1.718    -0.197    17.290     5.614
    87   1 H      0.924     0.085     1.932     2.174
    88   1 H      0.925     0.090     1.875     2.141
    89   1 H      0.924     0.094     1.841     2.122
    90   1 H      0.925     0.101     1.775     2.083
    91   1 H      0.924     0.088     1.902     2.157
    92   1 H      0.925     0.087     1.904     2.158
    93   1 H      0.924     0.095     1.832     2.116
    94   1 H      0.924     0.058     2.218     2.329
    95   1 H      0.925     0.052     2.293     2.368
    96   1 H      0.924     0.021     2.715     2.577
    97   1 H      0.924     0.034     2.526     2.486
    98   1 H      0.924     0.034     2.532     2.489
    99   1 H      0.924     0.038     2.472     2.459
   100   1 H      0.924     0.023     2.683     2.561
   101   1 H      0.924     0.031     2.571     2.508
   102   1 H      0.924     0.048     2.344     2.394
   103   1 H      0.924     0.029     2.599     2.521
   104   1 H      0.924     0.032     2.563     2.504
   105   1 H      0.924     0.034     2.536     2.491
   106   1 H      0.924     0.039     2.468     2.457
   107   1 H      0.924     0.042     2.425     2.435
   108   1 H      0.924     0.034     2.531     2.488
   109   1 H      0.924     0.035     2.516     2.480
   110   1 H      0.924     0.032     2.565     2.504
   111   1 H      0.925     0.029     2.602     2.523
   112   1 H      0.923     0.039     2.466     2.456
   113   1 H      0.922     0.041     2.433     2.439
   114   1 H      0.923     0.035     2.520     2.483
   115   1 H      0.923     0.035     2.515     2.480
   116   1 H      0.923     0.034     2.536     2.491
   117   1 H      0.922     0.041     2.433     2.439
   118   1 H      0.923     0.035     2.521     2.483
   119   1 H      0.923     0.047     2.355     2.400
   120   1 H      0.923     0.034     2.533     2.489
   121   1 H      0.923     0.032     2.556     2.500
   122   1 H      0.923     0.036     2.508     2.477
   123   1 H      0.922     0.039     2.463     2.454
   124   1 H      0.923     0.035     2.518     2.481
   125   1 H      0.923     0.036     2.504     2.475
   126   1 H      0.923     0.036     2.505     2.475
   127   1 H      0.923     0.038     2.476     2.461
   128   1 H      0.923     0.036     2.502     2.474
   129   1 H      0.923     0.036     2.509     2.477
   130   1 H      0.923     0.036     2.501     2.473
   131   1 H      0.923     0.033     2.538     2.492
   132   1 H      0.925     0.059     2.210     2.325

 Mol. C6AA /au·bohr⁶  :     254991.043406
 Mol. C8AA /au·bohr⁸  :    6428824.848106
 Mol. α(0) /au        :        798.529393


Wiberg/Mayer (AO) data.
largest (>0.10) Wiberg bond orders for each atom
          total WBO             WBO to atom ...
     1  C   3.947        C    2 1.510    C   19 1.273    H   87 0.943
     2  C   3.953        C    1 1.510    C    3 1.140    C    6 1.043
     3  C   3.971        C   14 1.497    C    2 1.140    C    4 1.073
     4  C   3.980        C    7 1.388    C    5 1.315    C    3 1.073
     5  C   3.977        C   10 1.404    C    4 1.315    C    6 1.018
     6  C   3.928        O   13 1.754    C    2 1.043    C    5 1.018
     7  C   3.972        C    8 1.400    C    4 1.388    H   88 0.955
     8  C   3.888        C    7 1.400    C    9 1.315    F   12 0.996
     9  C   3.866        C   10 1.395    C    8 1.315    F   11 0.994
    10  C   3.977        C    5 1.404    C    9 1.395    H   89 0.959
    11  F   1.136        C    9 0.994
    12  F   1.138        C    8 0.996
    13  O   2.052        C    6 1.754
    14  C   3.928        C    3 1.497    C   16 1.092    C   15 1.091
    15  C   3.942        N   17 2.773    C   14 1.091
    16  C   3.942        N   18 2.767    C   14 1.092
    17  N   2.972        C   15 2.773
    18  N   2.969        C   16 2.767
    19  C   3.874        C   23 1.371    C    1 1.273    O   20 1.031
    20  O   2.412        C   21 1.163    C   19 1.031
    21  C   3.893        C   22 1.351    O   20 1.163    C   42 1.136
    22  C   3.957        C   23 1.401    C   21 1.351    C   44 0.980
    23  C   3.947        C   22 1.401    C   19 1.371    H   90 0.951
    24  C   3.948        C   25 1.533    C   85 1.247    H   91 0.949
    25  C   3.954        C   24 1.533    C   26 1.142    C   29 1.016
    26  C   3.975        C   37 1.490    C   25 1.142    C   27 1.070
    27  C   3.979        C   30 1.392    C   28 1.309    C   26 1.070
    28  C   3.973        C   33 1.407    C   27 1.309    C   29 1.012
    29  C   3.925        O   36 1.784    C   25 1.016    C   28 1.012
    30  C   3.973        C   31 1.398    C   27 1.392    H   92 0.957
    31  C   3.888        C   30 1.398    C   32 1.315    F   35 0.997
    32  C   3.882        C   33 1.394    C   31 1.315    F   34 0.995
    33  C   3.977        C   28 1.407    C   32 1.394    H   93 0.958
    34  F   1.137        C   32 0.995
    35  F   1.140        C   31 0.997
    36  O   2.050        C   29 1.784
    37  C   3.970        C   26 1.490    C   38 1.098    C   39 1.091
    38  C   3.942        N   40 2.768    C   37 1.098
    39  C   3.941        N   41 2.772    C   37 1.091
    40  N   2.969        C   38 2.768
    41  N   2.983        C   39 2.772
    42  C   3.955        C   45 1.344    C   43 1.280    C   21 1.136
    43  C   3.955        C   48 1.470    C   42 1.280    C   44 0.965
    44  C   3.983        C   22 0.980    C   43 0.965    C   53 0.955    C   52 0.950
    45  C   3.967        C   46 1.468    C   42 1.344    H   94 0.964
    46  C   3.956        C   45 1.468    C   47 1.281    C   49 0.968
    47  C   3.952        C   48 1.344    C   46 1.281    C   51 1.139
    48  C   3.972        C   43 1.470    C   47 1.344    H   95 0.963
    49  C   3.982        C   50 0.977    C   46 0.968    C   54 0.957    C   55 0.947
    50  C   3.957        C   84 1.384    C   51 1.370    C   49 0.977
    51  C   3.895        C   50 1.370    O   86 1.141    C   47 1.139
    52  C   3.979        C   61 1.416    C   65 1.399    C   44 0.950    C   63 0.106
    53  C   3.981        C   56 1.412    C   60 1.405    C   44 0.955    C   58 0.106
    54  C   3.981        C   75 1.423    C   71 1.393    C   49 0.957    C   73 0.106
    55  C   3.978        C   66 1.423    C   70 1.395    C   49 0.947    C   68 0.106
    56  C   3.990        C   57 1.445    C   53 1.412    H   96 0.968    C   59 0.108
    57  C   3.990        C   56 1.445    C   58 1.410    H   97 0.966    C   60 0.109
    58  C   3.984        C   57 1.410    C   59 1.405    C   76 1.012    C   53 0.106
    59  C   3.989        C   60 1.451    C   58 1.405    H   98 0.968    C   56 0.108
    60  C   3.989        C   59 1.451    C   53 1.405    H   99 0.967    C   57 0.109
    61  C   3.989        C   62 1.441    C   52 1.416    H  100 0.967    C   64 0.108
    62  C   3.989        C   61 1.441    C   63 1.415    H  101 0.968    C   65 0.107
    63  C   3.984        C   62 1.415    C   64 1.400    C   78 1.013    C   52 0.106
    64  C   3.988        C   65 1.456    C   63 1.400    H  102 0.966    C   61 0.108
    65  C   3.989        C   64 1.456    C   52 1.399    H  103 0.967    C   62 0.107
    66  C   3.988        C   67 1.432    C   55 1.423    H  104 0.967    C   69 0.108
    67  C   3.988        C   66 1.432    C   68 1.421    H  105 0.968    C   70 0.109
    68  C   3.985        C   67 1.421    C   69 1.396    C   82 1.013    C   55 0.106
    69  C   3.989        C   70 1.463    C   68 1.396    H  106 0.968    C   66 0.108
    70  C   3.988        C   69 1.463    C   55 1.395    H  107 0.964    C   67 0.109
    71  C   3.989        C   72 1.464    C   54 1.393    H  108 0.969    C   74 0.108
    72  C   3.989        C   71 1.464    C   73 1.394    H  109 0.968    C   75 0.108
    73  C   3.985        C   74 1.423    C   72 1.394    C   80 1.012    C   54 0.106
    74  C   3.989        C   75 1.433    C   73 1.423    H  110 0.968    C   71 0.108
    75  C   3.989        C   74 1.433    C   54 1.423    H  111 0.964    C   72 0.108
    76  C   3.996        C   77 1.014    C   58 1.012    H  112 0.973    H  113 0.959
    77  C   3.996        C   76 1.014    H  114 0.988    H  115 0.987    H  116 0.985
    78  C   3.996        C   63 1.013    C   79 1.011    H  118 0.975    H  117 0.959
    79  C   3.995        C   78 1.011    H  121 0.988    H  120 0.987    H  119 0.984
    80  C   3.996        C   73 1.012    C   81 1.008    H  122 0.976    H  123 0.964
    81  C   3.995        C   80 1.008    H  124 0.988    H  125 0.986    H  126 0.986
    82  C   3.996        C   68 1.013    C   83 1.002    H  128 0.975    H  127 0.971
    83  C   3.995        C   82 1.002    H  131 0.988    H  129 0.988    H  130 0.986
    84  C   3.958        C   50 1.384    C   85 1.384    H  132 0.970
    85  C   3.882        C   84 1.384    C   24 1.247    O   86 1.052
    86  O   2.417        C   51 1.141    C   85 1.052
    87  H   0.992        C    1 0.943
    88  H   0.991        C    7 0.955
    89  H   0.991        C   10 0.959
    90  H   0.989        C   23 0.951
    91  H   0.990        C   24 0.949
    92  H   0.992        C   30 0.957
    93  H   0.990        C   33 0.958
    94  H   0.996        C   45 0.964
    95  H   0.996        C   48 0.963
    96  H   0.999        C   56 0.968
    97  H   0.998        C   57 0.966
    98  H   0.998        C   59 0.968
    99  H   0.998        C   60 0.967
   100  H   0.999        C   61 0.967
   101  H   0.998        C   62 0.968
   102  H   0.997        C   64 0.966
   103  H   0.999        C   65 0.967
   104  H   0.999        C   66 0.967
   105  H   0.998        C   67 0.968
   106  H   0.998        C   69 0.968
   107  H   0.998        C   70 0.964
   108  H   0.998        C   71 0.969
   109  H   0.998        C   72 0.968
   110  H   0.998        C   74 0.968
   111  H   0.999        C   75 0.964
   112  H   0.998        C   76 0.973
   113  H   0.998        C   76 0.959
   114  H   0.999        C   77 0.988
   115  H   0.998        C   77 0.987
   116  H   0.999        C   77 0.985
   117  H   0.998        C   78 0.959
   118  H   0.998        C   78 0.975
   119  H   0.998        C   79 0.984
   120  H   0.998        C   79 0.987
   121  H   0.999        C   79 0.988
   122  H   0.998        C   80 0.976
   123  H   0.998        C   80 0.964
   124  H   0.999        C   81 0.988
   125  H   0.998        C   81 0.986
   126  H   0.999        C   81 0.986
   127  H   0.998        C   82 0.971
   128  H   0.998        C   82 0.975
   129  H   0.999        C   83 0.988
   130  H   0.998        C   83 0.986
   131  H   0.999        C   83 0.988
   132  H   0.996        C   84 0.970

molecular dipole:
                 x           y           z       tot (Debye)
 q only:        2.043      -0.422      -0.936
   full:        2.460      -0.468      -0.508       6.494
molecular quadrupole (traceless):
                xx          xy          yy          xz          yz          zz
 q only:      -27.319     -90.843      -5.846     -48.693     -12.956      33.165
  q+dip:      -12.493     -90.399      -8.528     -49.152     -13.054      21.021
   full:      -14.601     -95.070       0.800     -47.934     -18.488      13.801


           -------------------------------------------------
          | TOTAL ENERGY             -228.629064470728 Eh   |
          | GRADIENT NORM               0.113191343035 Eh/α |
          | HOMO-LUMO GAP               1.163576065728 eV   |
           -------------------------------------------------

------------------------------------------------------------------------
 * finished run on 2021/04/12 at 13:53:20.263     
------------------------------------------------------------------------
 total:
 * wall-time:     0 d,  0 h,  0 min,  1.125 sec
 *  cpu-time:     0 d,  0 h,  0 min,  1.121 sec
 * ratio c/w:     0.997 speedup
 SCF:
 * wall-time:     0 d,  0 h,  0 min,  0.837 sec
 *  cpu-time:     0 d,  0 h,  0 min,  0.835 sec
 * ratio c/w:     0.998 speedup

