      -----------------------------------------------------------      
     |                   =====================                   |     
     |                           x T B                           |     
     |                   =====================                   |     
     |                         S. Grimme                         |     
     |          Mulliken Center for Theoretical Chemistry        |     
     |                    University of Bonn                     |     
     |                Version 6.2 RC2 (SAW190805)                |     
      -----------------------------------------------------------      

   This program is distributed in the hope that it will be useful,
   but WITHOUT ANY WARRANTY; without even the implied warranty of
   MERCHANTABILITY or FITNESS FOR A PARTICULAR PURPOSE.
   
   FOR NON-COMMERCIAL, ACADEMIA USE ONLY.
   
   Cite this work as:
   * S. Grimme, C. Bannwarth, P. Shushkov, J. Chem. Theory Comput., 2017,
     13, 1989-2009. DOI: 10.1021/acs.jctc.7b00118
   * C. Bannwarth, S. Ehlert and S. Grimme., J. Chem. Theory Comput., 2019,
     15, 1652-1671. DOI: 10.1021/acs.jctc.8b01176
   * P. Pracht, E. Caldeweyher, S. Ehlert, S. Grimme, ChemRxiv, 2019, preprint.
     DOI: 10.26434/chemrxiv.8326202.v1
   
   for DFT-D4:
   * E. Caldeweyher, C. Bannwarth and S. Grimme, J. Chem. Phys., 2017,
     147, 034112. DOI: 10.1063/1.4993215
   * E. Caldeweyher, S. Ehlert, A. Hansen, H. Neugebauer, S. Spicher,
     C. Bannwarth and S. Grimme, J. Chem. Phys., 2019, 150, 154122.
     DOI: 10.1063/1.5090222
   
   for sTDA-xTB:
   * S. Grimme and C. Bannwarth, J. Chem. Phys., 2016, 145, 054103.
     DOI: 10.1063/1.4959605
   
   in the mass-spec context:
   * V. Asgeirsson, C. Bauer and S. Grimme, Chem. Sci., 2017, 8, 4879.
     DOI: 10.1039/c7sc00601b
   
   for metadynamics refer to:
   * S. Grimme, J. Chem. Theory Comput., 2019, 155, 2847-2862
     DOI: 10.1021/acs.jctc.9b00143
   
   with help from (in alphabetical order)
   C. Bannwarth, F. Bohle, G. Brandenburg, E. Caldeweyher, M. Checinski,
   S. Dohm, S. Ehlert, S. Ehrlich, F. März, H. Neugebauer, J. Pisarek,
   P. Pracht, P. Shushkov, and S. Spicher.
   
 * started run on 2020/11/20 at 13:45:19.230     

           -------------------------------------------------
          |                Calculation Setup                |
           -------------------------------------------------

          program call               : /ihome/ghutchison/geoffh/xtb/xtb IDIC.xyz -sp
          hostname                   : smp-n106
          coordinate file            : IDIC.xyz
          omp threads                :                     1
          number of atoms            :                    92
          number of electrons        :                   278
          charge                     :                     0
          spin                       :                   0.0
          first test random number   :      0.48696672096484


########################################################################
# WARNING! Please study the warnings concerning your input carefully
#  - XTBPATH is not set, using XTBHOME instead
#  - the use of '-sp' is discouraged, please use '--sp' next time
########################################################################

           ------------------------------------------------- 
          |                 G F N 2 - x T B                 |
          | Geometry, Frequencies, Noncovalent interactions |
          |            JCTC 2019 parametrisation            |
           ------------------------------------------------- 
             KAB for C  - Si     :                1.0500
             KAB for H  - Pd     :                0.9500
             k(s)              :                1.8500
             k(p)              :                2.2300
             k(d)              :                2.2300
             k(f)              :                2.0000
             kEN (H0ij)        :               -2.0000
             D4 a1             :                0.5200
             D4 a2             :                5.0000
             D4 s6             :                1.0000
             D4 s8             :                2.7000
             D4 s9             :                5.0000
             alphaj            :                2.0000

  Z AO/shell   Hii/eV     exponent
  1     Wed Apr 25 08:07:45 CEST 2018   EN: 2.200 GM2: 0.406  GM3: 0.0800  RAES: 1.40
     1s    -10.707211    1.230000
  6     Wed Apr 25 08:07:45 CEST 2018   EN: 2.550 GM2: 0.538  GM3: 0.1500  RAES: 3.00
     2s    -13.970922    2.096432
     2p    -10.063292    1.800000
  7     Wed Apr 25 08:07:45 CEST 2018   EN: 3.040 GM2: 0.461  GM3:-0.0640  RAES: 1.90
     2s    -16.686243    2.339881
     2p    -12.523956    2.014332
  8     Wed Apr 25 08:07:45 CEST 2018   EN: 3.440 GM2: 0.452  GM3:-0.0517  RAES: 1.80
     2s    -20.229985    2.439742
     2p    -15.503117    2.137023
 16     Tue Apr 24 11:44:34 CEST 2018   EN: 2.580 GM2: 0.340  GM3:-0.0502  RAES: 3.10
     3s    -20.029654    1.981333
     3p    -11.377694    2.025643
     3d     -0.420282    1.702555

           ------------------------------------------------- 
          |        Self-Consistent Charge Iterations        |
           ------------------------------------------------- 

          ...................................................
          :                      SETUP                      :
          :.................................................:
          :  # basis functions                 278          :
          :  # atomic orbitals                 276          :
          :  # shells                          152          :
          :  # electrons                       278          :
          :  max. iterations                   250          :
          :  Hamiltonian                  GFN2-xTB          :
          :  restarted?                      false          :
          :  GBSA solvation                  false          :
          :  PC potential                    false          :
          :  electronic temp.          300.0000000     K    :
          :  accuracy                    1.0000000          :
          :  -> integral cutoff          0.2500000E+02      :
          :  -> integral neglect         0.1000000E-07      :
          :  -> SCF convergence          0.1000000E-05 Eh   :
          :  -> wf. convergence          0.1000000E-03 e    :
          :  Broyden damping             0.4000000          :
          ...................................................

 iter      E             dE          RMSdq      gap      omega  full diag
   1   -152.7713550 -0.152771E+03  0.512E+00    1.32       0.0  T
   2   -152.8156069 -0.442519E-01  0.321E+00    1.31       1.0  T
   3   -152.5060917  0.309515E+00  0.245E+00    1.11       1.0  T
   4   -152.9452759 -0.439184E+00  0.615E-01    1.32       1.0  T
   5   -152.9709145 -0.256386E-01  0.213E-01    1.23       1.0  T
   6   -152.9728353 -0.192077E-02  0.115E-01    1.27       1.0  T
   7   -152.9738323 -0.996958E-03  0.451E-02    1.26       1.0  T
   8   -152.9739233 -0.910103E-04  0.185E-02    1.26       1.0  T
   9   -152.9739399 -0.166582E-04  0.846E-03    1.26       1.2  T
  10   -152.9739425 -0.261723E-05  0.346E-03    1.26       3.0  T
  11   -152.9739431 -0.569162E-06  0.156E-03    1.26       6.7  T
  12   -152.9739432 -0.132057E-06  0.625E-04    1.26      16.7  T
  13   -152.9739432 -0.360996E-08  0.326E-04    1.26      32.0  T

   *** convergence criteria satisfied after 13 iterations ***

         #    Occupation            Energy/Eh            Energy/eV
      -------------------------------------------------------------
         1        2.0000           -0.7504437             -20.4206
       ...           ...                  ...                  ...
       133        2.0000           -0.4154675             -11.3054
       134        2.0000           -0.4151444             -11.2967
       135        2.0000           -0.4118820             -11.2079
       136        2.0000           -0.4021334             -10.9426
       137        2.0000           -0.4018920             -10.9360
       138        2.0000           -0.3982183             -10.8361
       139        2.0000           -0.3819920             -10.3945 (HOMO)
       140                         -0.3357476              -9.1362 (LUMO)
       141                         -0.3276979              -8.9171
       142                         -0.3196254              -8.6974
       143                         -0.3158251              -8.5940
       144                         -0.2825357              -7.6882
       ...                                ...                  ...
       276                          1.0716334              29.1606
      -------------------------------------------------------------
                  HL-Gap            0.0462444 Eh            1.2584 eV
             Fermi-level           -0.3588698 Eh           -9.7653 eV

 SCC (total)                   0 d,  0 h,  0 min,  0.490 sec
 SCC setup                      ...        0 min,  0.002 sec (  0.422%)
 Dispersion                     ...        0 min,  0.005 sec (  1.117%)
 integral evaluation            ...        0 min,  0.153 sec ( 31.287%)
 zeroth order Hamiltonian       ...        0 min,  0.001 sec (  0.225%)
 iterations                     ...        0 min,  0.187 sec ( 38.143%)
 molecular gradient             ...        0 min,  0.139 sec ( 28.403%)
 printout                       ...        0 min,  0.002 sec (  0.388%)

         :::::::::::::::::::::::::::::::::::::::::::::::::::::
         ::                     SUMMARY                     ::
         :::::::::::::::::::::::::::::::::::::::::::::::::::::
         :: total energy            -150.553107670660 Eh    ::
         :: gradient norm              0.096489581729 Eh/a0 ::
         :: HOMO-LUMO gap              1.258373437456 eV    ::
         ::.................................................::
         :: SCC energy              -152.973943241085 Eh    ::
         :: -> isotropic ES            0.090817919716 Eh    ::
         :: -> anisotropic ES          0.009348503877 Eh    ::
         :: -> anisotropic XC          0.125720170578 Eh    ::
         :: -> dispersion             -0.131298694195 Eh    ::
         :: repulsion energy           2.421147598613 Eh    ::
         :: add. restraining           0.000000000000 Eh    ::
         :::::::::::::::::::::::::::::::::::::::::::::::::::::

           -------------------------------------------------
          |                Property Printout                |
           -------------------------------------------------

    * Orbital Energies and Occupations

         #    Occupation            Energy/Eh            Energy/eV
      -------------------------------------------------------------
         1        2.0000           -0.7504437             -20.4206
       ...           ...                  ...                  ...
       127        2.0000           -0.4311840             -11.7331
       128        2.0000           -0.4302572             -11.7079
       129        2.0000           -0.4301942             -11.7062
       130        2.0000           -0.4280663             -11.6483
       131        2.0000           -0.4237508             -11.5308
       132        2.0000           -0.4191773             -11.4064
       133        2.0000           -0.4154675             -11.3054
       134        2.0000           -0.4151444             -11.2967
       135        2.0000           -0.4118820             -11.2079
       136        2.0000           -0.4021334             -10.9426
       137        2.0000           -0.4018920             -10.9360
       138        2.0000           -0.3982183             -10.8361
       139        2.0000           -0.3819920             -10.3945 (HOMO)
       140                         -0.3357476              -9.1362 (LUMO)
       141                         -0.3276979              -8.9171
       142                         -0.3196254              -8.6974
       143                         -0.3158251              -8.5940
       144                         -0.2825357              -7.6882
       145                         -0.2661376              -7.2420
       146                         -0.2535262              -6.8988
       147                         -0.2494758              -6.7886
       148                         -0.2451116              -6.6698
       149                         -0.2449181              -6.6646
       150                         -0.2415441              -6.5728
       ...                                ...                  ...
       276                          1.0716334              29.1606
      -------------------------------------------------------------
                  HL-Gap            0.0462444 Eh            1.2584 eV
             Fermi-level           -0.3588698 Eh           -9.7653 eV

     #   Z        covCN         q      C6AA      α(0)
     1   6 C      3.016     0.002    27.964     8.674
     2   6 C      3.046     0.002    27.940     8.669
     3   6 C      2.902    -0.035    28.861     8.809
     4   6 C      3.018     0.003    27.942     8.671
     5   6 C      3.043     0.005    27.861     8.657
     6   6 C      2.902    -0.033    28.833     8.804
     7   6 C      3.048     0.025    27.392     8.584
     8   6 C      3.188    -0.008    27.729     8.591
     9   6 C      3.921     0.014    20.274     6.399
    10   6 C      3.048     0.024    27.419     8.588
    11   6 C      3.184    -0.009    27.775     8.601
    12   6 C      3.919     0.014    20.272     6.399
    13  16 S      2.263    -0.004   141.215    20.001
    14   6 C      2.978     0.025    27.449     8.594
    15   6 C      3.030    -0.041    28.998     8.833
    16  16 S      2.255    -0.005   141.249    20.003
    17   6 C      2.977     0.025    27.449     8.594
    18   6 C      3.033    -0.043    29.044     8.840
    19   6 C      3.798    -0.051    21.490     6.601
    20   6 C      3.798    -0.049    21.447     6.594
    21   6 C      3.744    -0.100    22.476     6.763
    22   6 C      3.745    -0.096    22.403     6.752
    23   6 C      3.798    -0.047    21.424     6.591
    24   6 C      3.798    -0.047    21.415     6.589
    25   6 C      3.745    -0.098    22.453     6.759
    26   6 C      3.745    -0.101    22.495     6.766
    27   6 C      2.944    -0.014    28.361     8.734
    28   6 C      2.950    -0.013    28.347     8.732
    29   6 C      2.983    -0.037    28.913     8.820
    30   6 C      2.982    -0.037    28.925     8.822
    31   6 C      2.856     0.224    23.300     7.912
    32   6 C      3.023    -0.016    28.393     8.740
    33   6 C      3.009     0.007    27.851     8.657
    34   6 C      2.999     0.028    27.363     8.581
    35   6 C      2.856     0.224    23.296     7.911
    36   6 C      3.023    -0.016    28.394     8.741
    37   6 C      3.010     0.007    27.849     8.657
    38   6 C      3.000     0.028    27.362     8.581
    39   6 C      2.905    -0.014    28.360     8.732
    40   6 C      2.912    -0.021    28.530     8.759
    41   6 C      2.911    -0.019    28.480     8.751
    42   6 C      2.907    -0.026    28.662     8.779
    43   6 C      2.905    -0.014    28.360     8.732
    44   6 C      2.912    -0.021    28.529     8.759
    45   6 C      2.911    -0.019    28.480     8.751
    46   6 C      2.906    -0.026    28.662     8.779
    47   8 O      0.856    -0.383    21.339     6.193
    48   8 O      0.856    -0.381    21.302     6.188
    49   6 C      2.943     0.006    27.893     8.662
    50   6 C      2.943     0.006    27.894     8.662
    51   6 C      1.918     0.118    28.194     8.575
    52   6 C      1.919     0.120    28.150     8.568
    53   6 C      1.917     0.118    28.204     8.577
    54   6 C      1.918     0.120    28.150     8.568
    55   7 N      0.911    -0.236    26.182     7.401
    56   7 N      0.911    -0.234    26.124     7.392
    57   7 N      0.911    -0.234    26.121     7.392
    58   7 N      0.911    -0.236    26.181     7.400
    59   1 H      0.924     0.046     2.364     2.405
    60   1 H      0.924     0.047     2.352     2.398
    61   1 H      0.925     0.096     1.819     2.109
    62   1 H      0.925     0.101     1.777     2.085
    63   1 H      0.923     0.044     2.396     2.421
    64   1 H      0.923     0.043     2.414     2.430
    65   1 H      0.923     0.044     2.393     2.419
    66   1 H      0.923     0.033     2.542     2.494
    67   1 H      0.923     0.039     2.457     2.451
    68   1 H      0.923     0.040     2.447     2.446
    69   1 H      0.923     0.038     2.482     2.464
    70   1 H      0.923     0.034     2.536     2.490
    71   1 H      0.923     0.040     2.448     2.447
    72   1 H      0.923     0.030     2.581     2.512
    73   1 H      0.923     0.047     2.362     2.403
    74   1 H      0.923     0.031     2.579     2.511
    75   1 H      0.923     0.043     2.414     2.430
    76   1 H      0.923     0.030     2.589     2.516
    77   1 H      0.923     0.042     2.429     2.437
    78   1 H      0.923     0.038     2.479     2.462
    79   1 H      0.923     0.036     2.508     2.477
    80   1 H      0.923     0.037     2.494     2.470
    81   1 H      0.923     0.044     2.402     2.424
    82   1 H      0.923     0.042     2.422     2.434
    83   1 H      0.925     0.068     2.110     2.271
    84   1 H      0.924     0.067     2.117     2.276
    85   1 H      0.924     0.059     2.210     2.325
    86   1 H      0.924     0.047     2.360     2.402
    87   1 H      0.924     0.049     2.336     2.390
    88   1 H      0.925     0.057     2.238     2.340
    89   1 H      0.924     0.059     2.212     2.326
    90   1 H      0.924     0.047     2.359     2.402
    91   1 H      0.924     0.049     2.336     2.390
    92   1 H      0.925     0.057     2.239     2.340

 Mol. C6AA /au·bohr⁶  :     131743.909588
 Mol. C8AA /au·bohr⁸  :    3494537.582652
 Mol. α(0) /au        :        575.831040


Wiberg/Mayer (AO) data.
largest (>0.10) Wiberg bond orders for each atom
          total WBO             WBO to atom ...
     1  C   3.953        C    6 1.342    C    2 1.282    C   10 1.150
     2  C   3.962        C    3 1.469    C    1 1.282    C   12 0.985
     3  C   3.973        C    2 1.469    C    4 1.345    H   59 0.961
     4  C   3.953        C    3 1.345    C    5 1.281    C    7 1.148
     5  C   3.962        C    6 1.471    C    4 1.281    C    9 0.985
     6  C   3.973        C    5 1.471    C    1 1.342    H   60 0.962
     7  C   3.922        C    8 1.365    S   13 1.205    C    4 1.148
     8  C   3.960        C   15 1.393    C    7 1.365    C    9 0.985
     9  C   3.987        C    8 0.985    C    5 0.985    C   19 0.963    C   20 0.951
    10  C   3.921        C   11 1.363    S   16 1.204    C    1 1.150
    11  C   3.960        C   18 1.394    C   10 1.363    C   12 0.986
    12  C   3.986        C   11 0.986    C    2 0.985    C   24 0.959    C   23 0.954
    13  S   2.608        C    7 1.205    C   14 1.084
    14  C   3.922        C   15 1.388    C   28 1.276    S   13 1.084
    15  C   3.954        C    8 1.393    C   14 1.388    H   61 0.939
    16  S   2.606        C   10 1.204    C   17 1.083
    17  C   3.922        C   18 1.386    C   27 1.279    S   16 1.083
    18  C   3.953        C   11 1.394    C   17 1.386    H   62 0.933
    19  C   3.993        C   22 1.021    H   63 0.974    H   64 0.971    C    9 0.963
    20  C   3.992        C   21 1.020    H   66 0.977    H   65 0.974    C    9 0.951
    21  C   3.994        C   20 1.020    H   67 0.984    H   69 0.984    H   68 0.984
    22  C   3.996        C   19 1.021    H   72 0.987    H   70 0.986    H   71 0.986
    23  C   3.992        C   25 1.020    H   74 0.977    H   73 0.972    C   12 0.954
    24  C   3.993        C   26 1.020    H   76 0.977    H   75 0.970    C   12 0.959
    25  C   3.994        C   23 1.020    H   77 0.984    H   78 0.984    H   79 0.984
    26  C   3.993        C   24 1.020    H   80 0.984    H   82 0.984    H   81 0.983
    27  C   3.953        C   30 1.518    C   17 1.279    H   83 0.942
    28  C   3.954        C   29 1.522    C   14 1.276    H   84 0.942
    29  C   3.957        C   28 1.522    C   38 1.133    C   35 1.038
    30  C   3.956        C   27 1.518    C   34 1.134    C   31 1.039
    31  C   3.921        O   47 1.746    C   30 1.039    C   32 1.022
    32  C   3.977        C   39 1.415    C   33 1.304    C   31 1.022
    33  C   3.979        C   42 1.398    C   32 1.304    C   34 1.076
    34  C   3.972        C   50 1.496    C   30 1.134    C   33 1.076
    35  C   3.921        O   48 1.750    C   29 1.038    C   36 1.021
    36  C   3.977        C   43 1.415    C   37 1.303    C   35 1.021
    37  C   3.979        C   46 1.397    C   36 1.303    C   38 1.076
    38  C   3.972        C   49 1.496    C   29 1.133    C   37 1.076
    39  C   3.982        C   40 1.426    C   32 1.415    H   85 0.966
    40  C   3.952        C   41 1.431    C   39 1.426    H   86 0.970
    41  C   3.979        C   42 1.434    C   40 1.431    H   87 0.970
    42  C   3.977        C   41 1.434    C   33 1.398    H   88 0.961
    43  C   3.982        C   44 1.426    C   36 1.415    H   89 0.966
    44  C   3.951        C   45 1.431    C   43 1.426    H   90 0.970
    45  C   3.979        C   46 1.434    C   44 1.431    H   91 0.970
    46  C   3.977        C   45 1.434    C   37 1.397    H   92 0.961
    47  O   2.052        C   31 1.746
    48  O   2.051        C   35 1.750
    49  C   3.927        C   38 1.496    C   53 1.092    C   54 1.092
    50  C   3.927        C   34 1.496    C   51 1.092    C   52 1.092
    51  C   3.941        N   55 2.757    C   50 1.092
    52  C   3.941        N   56 2.768    C   50 1.092
    53  C   3.941        N   58 2.759    C   49 1.092
    54  C   3.941        N   57 2.769    C   49 1.092
    55  N   2.968        C   51 2.757
    56  N   2.971        C   52 2.768
    57  N   2.971        C   54 2.769
    58  N   2.968        C   53 2.759
    59  H   0.997        C    3 0.961
    60  H   0.997        C    6 0.962
    61  H   0.990        C   15 0.939
    62  H   0.989        C   18 0.933
    63  H   0.997        C   19 0.974
    64  H   0.997        C   19 0.971
    65  H   0.997        C   20 0.974
    66  H   0.999        C   20 0.977
    67  H   0.998        C   21 0.984
    68  H   0.997        C   21 0.984
    69  H   0.999        C   21 0.984
    70  H   0.999        C   22 0.986
    71  H   0.998        C   22 0.986
    72  H   0.999        C   22 0.987
    73  H   0.997        C   23 0.972
    74  H   0.999        C   23 0.977
    75  H   0.997        C   24 0.970
    76  H   0.999        C   24 0.977
    77  H   0.998        C   25 0.984
    78  H   0.997        C   25 0.984
    79  H   0.999        C   25 0.984
    80  H   0.998        C   26 0.984
    81  H   0.998        C   26 0.983
    82  H   0.998        C   26 0.984
    83  H   0.994        C   27 0.942
    84  H   0.994        C   28 0.942
    85  H   0.996        C   39 0.966
    86  H   0.997        C   40 0.970
    87  H   0.997        C   41 0.970
    88  H   0.996        C   42 0.961
    89  H   0.996        C   43 0.966
    90  H   0.997        C   44 0.970
    91  H   0.997        C   45 0.970
    92  H   0.996        C   46 0.961

molecular dipole:
                 x           y           z       tot (Debye)
 q only:       -0.048       0.002      -1.269
   full:       -0.085       0.006      -1.444       3.676
molecular quadrupole (traceless):
                xx          xy          yy          xz          yz          zz
 q only:       20.975     -83.309     -42.677      -8.443      -0.792      21.702
  q+dip:       45.247     -99.222     -57.569     -10.330      -0.091      12.322
   full:       34.476     -99.026     -64.416      -9.605      -1.150      29.940


           -------------------------------------------------
          | TOTAL ENERGY             -150.553107670660 Eh   |
          | GRADIENT NORM               0.096489581729 Eh/α |
          | HOMO-LUMO GAP               1.258373437456 eV   |
           -------------------------------------------------

------------------------------------------------------------------------
 * finished run on 2020/11/20 at 13:45:19.901     
------------------------------------------------------------------------
 total:
 * wall-time:     0 d,  0 h,  0 min,  0.671 sec
 *  cpu-time:     0 d,  0 h,  0 min,  0.662 sec
 * ratio c/w:     0.986 speedup
 SCF:
 * wall-time:     0 d,  0 h,  0 min,  0.491 sec
 *  cpu-time:     0 d,  0 h,  0 min,  0.491 sec
 * ratio c/w:     1.000 speedup

