      -----------------------------------------------------------      
     |                   =====================                   |     
     |                           x T B                           |     
     |                   =====================                   |     
     |                         S. Grimme                         |     
     |          Mulliken Center for Theoretical Chemistry        |     
     |                    University of Bonn                     |     
     |                Version 6.2 RC2 (SAW190805)                |     
      -----------------------------------------------------------      

   This program is distributed in the hope that it will be useful,
   but WITHOUT ANY WARRANTY; without even the implied warranty of
   MERCHANTABILITY or FITNESS FOR A PARTICULAR PURPOSE.
   
   FOR NON-COMMERCIAL, ACADEMIA USE ONLY.
   
   Cite this work as:
   * S. Grimme, C. Bannwarth, P. Shushkov, J. Chem. Theory Comput., 2017,
     13, 1989-2009. DOI: 10.1021/acs.jctc.7b00118
   * C. Bannwarth, S. Ehlert and S. Grimme., J. Chem. Theory Comput., 2019,
     15, 1652-1671. DOI: 10.1021/acs.jctc.8b01176
   * P. Pracht, E. Caldeweyher, S. Ehlert, S. Grimme, ChemRxiv, 2019, preprint.
     DOI: 10.26434/chemrxiv.8326202.v1
   
   for DFT-D4:
   * E. Caldeweyher, C. Bannwarth and S. Grimme, J. Chem. Phys., 2017,
     147, 034112. DOI: 10.1063/1.4993215
   * E. Caldeweyher, S. Ehlert, A. Hansen, H. Neugebauer, S. Spicher,
     C. Bannwarth and S. Grimme, J. Chem. Phys., 2019, 150, 154122.
     DOI: 10.1063/1.5090222
   
   for sTDA-xTB:
   * S. Grimme and C. Bannwarth, J. Chem. Phys., 2016, 145, 054103.
     DOI: 10.1063/1.4959605
   
   in the mass-spec context:
   * V. Asgeirsson, C. Bauer and S. Grimme, Chem. Sci., 2017, 8, 4879.
     DOI: 10.1039/c7sc00601b
   
   for metadynamics refer to:
   * S. Grimme, J. Chem. Theory Comput., 2019, 155, 2847-2862
     DOI: 10.1021/acs.jctc.9b00143
   
   with help from (in alphabetical order)
   C. Bannwarth, F. Bohle, G. Brandenburg, E. Caldeweyher, M. Checinski,
   S. Dohm, S. Ehlert, S. Ehrlich, F. März, H. Neugebauer, J. Pisarek,
   P. Pracht, P. Shushkov, and S. Spicher.
   
 * started run on 2020/11/20 at 13:45:20.996     

           -------------------------------------------------
          |                Calculation Setup                |
           -------------------------------------------------

          program call               : /ihome/ghutchison/geoffh/xtb/xtb IDTCF.xyz -sp
          hostname                   : smp-n106
          coordinate file            : IDTCF.xyz
          omp threads                :                     1
          number of atoms            :                    98
          number of electrons        :                   286
          charge                     :                     0
          spin                       :                   0.0
          first test random number   :      0.31907931907184


########################################################################
# WARNING! Please study the warnings concerning your input carefully
#  - XTBPATH is not set, using XTBHOME instead
#  - the use of '-sp' is discouraged, please use '--sp' next time
########################################################################

           ------------------------------------------------- 
          |                 G F N 2 - x T B                 |
          | Geometry, Frequencies, Noncovalent interactions |
          |            JCTC 2019 parametrisation            |
           ------------------------------------------------- 
             KAB for C  - Si     :                1.0500
             KAB for H  - Pd     :                0.9500
             k(s)              :                1.8500
             k(p)              :                2.2300
             k(d)              :                2.2300
             k(f)              :                2.0000
             kEN (H0ij)        :               -2.0000
             D4 a1             :                0.5200
             D4 a2             :                5.0000
             D4 s6             :                1.0000
             D4 s8             :                2.7000
             D4 s9             :                5.0000
             alphaj            :                2.0000

  Z AO/shell   Hii/eV     exponent
  1     Wed Apr 25 08:07:45 CEST 2018   EN: 2.200 GM2: 0.406  GM3: 0.0800  RAES: 1.40
     1s    -10.707211    1.230000
  6     Wed Apr 25 08:07:45 CEST 2018   EN: 2.550 GM2: 0.538  GM3: 0.1500  RAES: 3.00
     2s    -13.970922    2.096432
     2p    -10.063292    1.800000
  7     Wed Apr 25 08:07:45 CEST 2018   EN: 3.040 GM2: 0.461  GM3:-0.0640  RAES: 1.90
     2s    -16.686243    2.339881
     2p    -12.523956    2.014332
  8     Wed Apr 25 08:07:45 CEST 2018   EN: 3.440 GM2: 0.452  GM3:-0.0517  RAES: 1.80
     2s    -20.229985    2.439742
     2p    -15.503117    2.137023
 16     Tue Apr 24 11:44:34 CEST 2018   EN: 2.580 GM2: 0.340  GM3:-0.0502  RAES: 3.10
     3s    -20.029654    1.981333
     3p    -11.377694    2.025643
     3d     -0.420282    1.702555

           ------------------------------------------------- 
          |        Self-Consistent Charge Iterations        |
           ------------------------------------------------- 

          ...................................................
          :                      SETUP                      :
          :.................................................:
          :  # basis functions                 284          :
          :  # atomic orbitals                 282          :
          :  # shells                          158          :
          :  # electrons                       286          :
          :  max. iterations                   250          :
          :  Hamiltonian                  GFN2-xTB          :
          :  restarted?                      false          :
          :  GBSA solvation                  false          :
          :  PC potential                    false          :
          :  electronic temp.          300.0000000     K    :
          :  accuracy                    1.0000000          :
          :  -> integral cutoff          0.2500000E+02      :
          :  -> integral neglect         0.1000000E-07      :
          :  -> SCF convergence          0.1000000E-05 Eh   :
          :  -> wf. convergence          0.1000000E-03 e    :
          :  Broyden damping             0.4000000          :
          ...................................................

 iter      E             dE          RMSdq      gap      omega  full diag
   1   -157.2817737 -0.157282E+03  0.497E+00    1.22       0.0  T
   2   -157.2583891  0.233846E-01  0.335E+00    1.05       1.0  T
   3   -157.0990069  0.159382E+00  0.249E+00    1.21       1.0  T
   4   -157.5599453 -0.460938E+00  0.560E-01    1.18       1.0  T
   5   -157.5764802 -0.165349E-01  0.256E-01    1.13       1.0  T
   6   -157.5799389 -0.345873E-02  0.116E-01    1.17       1.0  T
   7   -157.5805336 -0.594688E-03  0.624E-02    1.15       1.0  T
   8   -157.5808190 -0.285439E-03  0.223E-02    1.16       1.0  T
   9   -157.5808345 -0.154720E-04  0.102E-02    1.16       1.0  T
  10   -157.5808381 -0.361032E-05  0.455E-03    1.16       2.2  T
  11   -157.5808389 -0.785892E-06  0.245E-03    1.16       4.1  T
  12   -157.5808393 -0.384673E-06  0.113E-03    1.16       9.0  T
  13   -157.5808393 -0.613744E-07  0.582E-04    1.16      17.4  T
  14   -157.5808394 -0.104828E-07  0.228E-04    1.16      44.2  T

   *** convergence criteria satisfied after 14 iterations ***

         #    Occupation            Energy/Eh            Energy/eV
      -------------------------------------------------------------
         1        2.0000           -0.7623125             -20.7436
       ...           ...                  ...                  ...
       137        2.0000           -0.4234284             -11.5221
       138        2.0000           -0.4210864             -11.4583
       139        2.0000           -0.4203814             -11.4392
       140        2.0000           -0.4163202             -11.3286
       141        2.0000           -0.4059278             -11.0459
       142        2.0000           -0.3955292             -10.7629
       143        2.0000           -0.3859404             -10.5020 (HOMO)
       144                         -0.3433960              -9.3443 (LUMO)
       145                         -0.3351320              -9.1194
       146                         -0.2986731              -8.1273
       147                         -0.2814735              -7.6593
       148                         -0.2705167              -7.3611
       ...                                ...                  ...
       282                          1.0814779              29.4285
      -------------------------------------------------------------
                  HL-Gap            0.0425444 Eh            1.1577 eV
             Fermi-level           -0.3646682 Eh           -9.9231 eV

 SCC (total)                   0 d,  0 h,  0 min,  0.518 sec
 SCC setup                      ...        0 min,  0.002 sec (  0.417%)
 Dispersion                     ...        0 min,  0.006 sec (  1.068%)
 integral evaluation            ...        0 min,  0.151 sec ( 29.065%)
 zeroth order Hamiltonian       ...        0 min,  0.001 sec (  0.219%)
 iterations                     ...        0 min,  0.213 sec ( 41.112%)
 molecular gradient             ...        0 min,  0.144 sec ( 27.726%)
 printout                       ...        0 min,  0.002 sec (  0.378%)

         :::::::::::::::::::::::::::::::::::::::::::::::::::::
         ::                     SUMMARY                     ::
         :::::::::::::::::::::::::::::::::::::::::::::::::::::
         :: total energy            -155.129977215337 Eh    ::
         :: gradient norm              0.119410219186 Eh/a0 ::
         :: HOMO-LUMO gap              1.157692037139 eV    ::
         ::.................................................::
         :: SCC energy              -157.580839355900 Eh    ::
         :: -> isotropic ES            0.091007192535 Eh    ::
         :: -> anisotropic ES          0.028046333962 Eh    ::
         :: -> anisotropic XC          0.149633362260 Eh    ::
         :: -> dispersion             -0.129584100133 Eh    ::
         :: repulsion energy           2.450413170334 Eh    ::
         :: add. restraining           0.000000000000 Eh    ::
         :::::::::::::::::::::::::::::::::::::::::::::::::::::

           -------------------------------------------------
          |                Property Printout                |
           -------------------------------------------------

    * Orbital Energies and Occupations

         #    Occupation            Energy/Eh            Energy/eV
      -------------------------------------------------------------
         1        2.0000           -0.7623125             -20.7436
       ...           ...                  ...                  ...
       131        2.0000           -0.4395491             -11.9607
       132        2.0000           -0.4383108             -11.9270
       133        2.0000           -0.4335191             -11.7967
       134        2.0000           -0.4299675             -11.7000
       135        2.0000           -0.4292386             -11.6802
       136        2.0000           -0.4274880             -11.6325
       137        2.0000           -0.4234284             -11.5221
       138        2.0000           -0.4210864             -11.4583
       139        2.0000           -0.4203814             -11.4392
       140        2.0000           -0.4163202             -11.3286
       141        2.0000           -0.4059278             -11.0459
       142        2.0000           -0.3955292             -10.7629
       143        2.0000           -0.3859404             -10.5020 (HOMO)
       144                         -0.3433960              -9.3443 (LUMO)
       145                         -0.3351320              -9.1194
       146                         -0.2986731              -8.1273
       147                         -0.2814735              -7.6593
       148                         -0.2705167              -7.3611
       149                         -0.2650657              -7.2128
       150                         -0.2599661              -7.0740
       151                         -0.2455199              -6.6809
       152                         -0.2397225              -6.5232
       153                         -0.2388835              -6.5004
       154                         -0.2356175              -6.4115
       ...                                ...                  ...
       282                          1.0814779              29.4285
      -------------------------------------------------------------
                  HL-Gap            0.0425444 Eh            1.1577 eV
             Fermi-level           -0.3646682 Eh           -9.9231 eV

     #   Z        covCN         q      C6AA      α(0)
     1   6 C      3.017     0.001    27.975     8.676
     2   6 C      3.042     0.000    27.988     8.677
     3   6 C      2.902    -0.036    28.894     8.814
     4   6 C      3.017     0.002    27.952     8.672
     5   6 C      3.045     0.003    27.905     8.664
     6   6 C      2.902    -0.035    28.864     8.809
     7   6 C      3.047     0.018    27.558     8.610
     8   6 C      3.193    -0.010    27.754     8.591
     9   6 C      3.922     0.014    20.284     6.401
    10   6 C      3.050     0.018    27.554     8.609
    11   6 C      3.180    -0.012    27.885     8.621
    12   6 C      3.920     0.014    20.277     6.400
    13  16 S      2.242     0.001   141.026    19.987
    14   6 C      2.985     0.021    27.532     8.607
    15   6 C      3.043    -0.045    29.064     8.842
    16  16 S      2.240     0.004   140.884    19.977
    17   6 C      2.982     0.021    27.540     8.608
    18   6 C      3.047    -0.044    29.048     8.839
    19   6 C      3.798    -0.050    21.476     6.599
    20   6 C      3.799    -0.047    21.425     6.590
    21   6 C      3.745    -0.100    22.491     6.765
    22   6 C      3.745    -0.096    22.410     6.753
    23   6 C      3.798    -0.047    21.415     6.589
    24   6 C      3.798    -0.047    21.422     6.590
    25   6 C      3.745    -0.099    22.465     6.761
    26   6 C      3.745    -0.098    22.444     6.758
    27   6 C      2.922    -0.023    28.582     8.767
    28   6 C      2.922    -0.022    28.564     8.765
    29   6 C      2.894    -0.046    29.134     8.850
    30   6 C      3.008     0.011    27.762     8.643
    31   6 C      3.861     0.146    18.190     6.065
    32   8 O      1.708    -0.256    18.246     5.767
    33   6 C      2.946     0.171    24.320     8.088
    34   6 C      2.980    -0.018    28.454     8.750
    35   6 C      3.749    -0.108    22.621     6.783
    36   6 C      3.749    -0.107    22.608     6.781
    37   6 C      1.897     0.111    28.377     8.603
    38   6 C      2.943    -0.024    28.593     8.770
    39   6 C      1.906     0.110    28.387     8.605
    40   6 C      1.910     0.121    28.117     8.564
    41   7 N      0.911    -0.228    25.978     7.372
    42   7 N      0.911    -0.233    26.116     7.391
    43   7 N      0.911    -0.218    25.767     7.342
    44   6 C      2.894    -0.045    29.111     8.846
    45   6 C      3.007     0.011    27.754     8.642
    46   6 C      3.858     0.146    18.194     6.066
    47   8 O      1.708    -0.256    18.237     5.766
    48   6 C      2.945     0.171    24.317     8.088
    49   6 C      2.980    -0.017    28.433     8.747
    50   6 C      1.896     0.110    28.389     8.605
    51   6 C      2.943    -0.023    28.589     8.769
    52   6 C      1.906     0.110    28.386     8.605
    53   6 C      1.910     0.122    28.116     8.563
    54   6 C      3.749    -0.107    22.615     6.782
    55   6 C      3.749    -0.107    22.620     6.783
    56   7 N      0.911    -0.233    26.101     7.389
    57   7 N      0.911    -0.226    25.951     7.368
    58   7 N      0.911    -0.216    25.708     7.333
    59   1 H      0.924     0.046     2.373     2.409
    60   1 H      0.924     0.046     2.367     2.406
    61   1 H      0.925     0.043     2.409     2.427
    62   1 H      0.925     0.043     2.412     2.429
    63   1 H      0.923     0.038     2.478     2.462
    64   1 H      0.923     0.044     2.402     2.424
    65   1 H      0.923     0.038     2.471     2.458
    66   1 H      0.923     0.035     2.520     2.483
    67   1 H      0.923     0.039     2.457     2.452
    68   1 H      0.923     0.041     2.430     2.438
    69   1 H      0.923     0.039     2.461     2.454
    70   1 H      0.923     0.031     2.571     2.508
    71   1 H      0.923     0.040     2.448     2.447
    72   1 H      0.923     0.033     2.550     2.498
    73   1 H      0.923     0.041     2.442     2.444
    74   1 H      0.923     0.032     2.561     2.503
    75   1 H      0.923     0.043     2.409     2.427
    76   1 H      0.923     0.032     2.561     2.503
    77   1 H      0.923     0.041     2.442     2.444
    78   1 H      0.923     0.039     2.466     2.456
    79   1 H      0.923     0.038     2.482     2.464
    80   1 H      0.923     0.040     2.449     2.447
    81   1 H      0.923     0.038     2.472     2.459
    82   1 H      0.923     0.034     2.529     2.487
    83   1 H      0.924     0.067     2.117     2.276
    84   1 H      0.924     0.066     2.125     2.280
    85   1 H      0.924     0.040     2.446     2.446
    86   1 H      0.923     0.053     2.286     2.365
    87   1 H      0.923     0.050     2.319     2.381
    88   1 H      0.923     0.066     2.135     2.285
    89   1 H      0.923     0.052     2.300     2.372
    90   1 H      0.923     0.066     2.130     2.282
    91   1 H      0.923     0.050     2.326     2.385
    92   1 H      0.924     0.042     2.426     2.436
    93   1 H      0.923     0.053     2.279     2.361
    94   1 H      0.923     0.050     2.318     2.381
    95   1 H      0.923     0.066     2.128     2.282
    96   1 H      0.923     0.052     2.298     2.371
    97   1 H      0.923     0.066     2.127     2.281
    98   1 H      0.923     0.050     2.314     2.379

 Mol. C6AA /au·bohr⁶  :     134923.225274
 Mol. C8AA /au·bohr⁸  :    3490830.738224
 Mol. α(0) /au        :        574.554985


Wiberg/Mayer (AO) data.
largest (>0.10) Wiberg bond orders for each atom
          total WBO             WBO to atom ...
     1  C   3.952        C    6 1.342    C    2 1.286    C   10 1.148
     2  C   3.963        C    3 1.467    C    1 1.286    C   12 0.984
     3  C   3.973        C    2 1.467    C    4 1.348    H   59 0.962
     4  C   3.951        C    3 1.348    C    5 1.282    C    7 1.143
     5  C   3.965        C    6 1.473    C    4 1.282    C    9 0.985
     6  C   3.972        C    5 1.473    C    1 1.342    H   60 0.962
     7  C   3.912        C    8 1.389    S   13 1.182    C    4 1.143
     8  C   3.958        C    7 1.389    C   15 1.371    C    9 0.986
     9  C   3.987        C    8 0.986    C    5 0.985    C   19 0.966    C   20 0.949
    10  C   3.910        C   11 1.380    S   16 1.187    C    1 1.148
    11  C   3.958        C   10 1.380    C   18 1.380    C   12 0.986
    12  C   3.986        C   11 0.986    C    2 0.984    C   24 0.959    C   23 0.957
    13  S   2.590        C    7 1.182    C   14 1.110
    14  C   3.926        C   15 1.418    C   28 1.227    S   13 1.110
    15  C   3.949        C   14 1.418    C    8 1.371    H   61 0.960
    16  S   2.594        C   10 1.187    C   17 1.111
    17  C   3.927        C   18 1.404    C   27 1.242    S   16 1.111
    18  C   3.946        C   17 1.404    C   11 1.380    H   62 0.957
    19  C   3.993        C   22 1.021    H   63 0.974    H   64 0.971    C    9 0.966
    20  C   3.992        C   21 1.020    H   66 0.977    H   65 0.974    C    9 0.949
    21  C   3.993        C   20 1.020    H   67 0.985    H   69 0.984    H   68 0.983
    22  C   3.996        C   19 1.021    H   72 0.987    H   70 0.986    H   71 0.986
    23  C   3.993        C   25 1.020    H   74 0.977    H   73 0.972    C   12 0.957
    24  C   3.993        C   26 1.020    H   76 0.977    H   75 0.971    C   12 0.959
    25  C   3.994        C   23 1.020    H   79 0.984    H   78 0.984    H   77 0.984
    26  C   3.994        C   24 1.020    H   81 0.984    H   80 0.984    H   82 0.984
    27  C   3.939        C   29 1.574    C   17 1.242    H   83 0.956
    28  C   3.941        C   44 1.591    C   14 1.227    H   84 0.956
    29  C   3.963        C   27 1.574    C   30 1.247    H   85 0.956
    30  C   3.957        C   34 1.468    C   29 1.247    C   31 0.984
    31  C   3.928        C   30 0.984    C   35 0.979    C   36 0.977    O   32 0.920
    32  O   2.297        C   33 1.130    C   31 0.920
    33  C   3.929        C   38 1.437    O   32 1.130    C   34 1.114
    34  C   3.921        C   30 1.468    C   37 1.116    C   33 1.114
    35  C   3.982        H   86 0.984    H   87 0.980    H   88 0.980    C   31 0.979
    36  C   3.981        H   89 0.985    H   91 0.980    H   90 0.980    C   31 0.977
    37  C   3.945        N   43 2.774    C   34 1.116
    38  C   3.919        C   33 1.437    C   39 1.104    C   40 1.095
    39  C   3.946        N   41 2.775    C   38 1.104
    40  C   3.944        N   42 2.780    C   38 1.095
    41  N   2.990        C   39 2.775
    42  N   2.974        C   40 2.780
    43  N   2.984        C   37 2.774
    44  C   3.965        C   28 1.591    C   45 1.235    H   92 0.957
    45  C   3.956        C   49 1.480    C   44 1.235    C   46 0.984
    46  C   3.928        C   45 0.984    C   54 0.979    C   55 0.976    O   47 0.918
    47  O   2.299        C   48 1.131    C   46 0.918
    48  C   3.930        C   51 1.439    O   47 1.131    C   49 1.111
    49  C   3.926        C   45 1.480    C   50 1.114    C   48 1.111
    50  C   3.945        N   58 2.777    C   49 1.114
    51  C   3.922        C   48 1.439    C   52 1.103    C   53 1.095
    52  C   3.946        N   57 2.776    C   51 1.103
    53  C   3.945        N   56 2.781    C   51 1.095
    54  C   3.981        H   93 0.984    H   94 0.980    H   95 0.980    C   46 0.979
    55  C   3.981        H   96 0.985    H   98 0.981    H   97 0.980    C   46 0.976
    56  N   2.974        C   53 2.781
    57  N   2.991        C   52 2.776
    58  N   2.987        C   50 2.777
    59  H   0.997        C    3 0.962
    60  H   0.997        C    6 0.962
    61  H   0.998        C   15 0.960
    62  H   0.998        C   18 0.957
    63  H   0.998        C   19 0.974
    64  H   0.997        C   19 0.971
    65  H   0.998        C   20 0.974
    66  H   0.999        C   20 0.977
    67  H   0.998        C   21 0.985
    68  H   0.997        C   21 0.983
    69  H   0.998        C   21 0.984
    70  H   0.999        C   22 0.986
    71  H   0.998        C   22 0.986
    72  H   0.999        C   22 0.987
    73  H   0.998        C   23 0.972
    74  H   0.999        C   23 0.977
    75  H   0.997        C   24 0.971
    76  H   0.999        C   24 0.977
    77  H   0.998        C   25 0.984
    78  H   0.997        C   25 0.984
    79  H   0.999        C   25 0.984
    80  H   0.998        C   26 0.984
    81  H   0.998        C   26 0.984
    82  H   0.999        C   26 0.984
    83  H   0.995        C   27 0.956
    84  H   0.995        C   28 0.956
    85  H   0.998        C   29 0.956
    86  H   0.997        C   35 0.984
    87  H   0.996        C   35 0.980
    88  H   0.994        C   35 0.980
    89  H   0.997        C   36 0.985
    90  H   0.994        C   36 0.980
    91  H   0.996        C   36 0.980
    92  H   0.998        C   44 0.957
    93  H   0.997        C   54 0.984
    94  H   0.996        C   54 0.980
    95  H   0.994        C   54 0.980
    96  H   0.997        C   55 0.985
    97  H   0.994        C   55 0.980
    98  H   0.996        C   55 0.981

molecular dipole:
                 x           y           z       tot (Debye)
 q only:        0.131      -0.172      -0.743
   full:        0.217      -0.179      -0.657       1.816
molecular quadrupole (traceless):
                xx          xy          yy          xz          yz          zz
 q only:      -83.826    -244.468     -54.928     -18.446     -18.376     138.754
  q+dip:      -65.485    -278.232     -84.263     -22.146     -24.857     149.747
   full:      -72.465    -274.867     -88.734     -19.105     -28.071     161.199


           -------------------------------------------------
          | TOTAL ENERGY             -155.129977215337 Eh   |
          | GRADIENT NORM               0.119410219186 Eh/α |
          | HOMO-LUMO GAP               1.157692037139 eV   |
           -------------------------------------------------

------------------------------------------------------------------------
 * finished run on 2020/11/20 at 13:45:21.695     
------------------------------------------------------------------------
 total:
 * wall-time:     0 d,  0 h,  0 min,  0.699 sec
 *  cpu-time:     0 d,  0 h,  0 min,  0.687 sec
 * ratio c/w:     0.984 speedup
 SCF:
 * wall-time:     0 d,  0 h,  0 min,  0.519 sec
 *  cpu-time:     0 d,  0 h,  0 min,  0.519 sec
 * ratio c/w:     0.999 speedup

