      -----------------------------------------------------------      
     |                   =====================                   |     
     |                           x T B                           |     
     |                   =====================                   |     
     |                         S. Grimme                         |     
     |          Mulliken Center for Theoretical Chemistry        |     
     |                    University of Bonn                     |     
     |                Version 6.2 RC2 (SAW190805)                |     
      -----------------------------------------------------------      

   This program is distributed in the hope that it will be useful,
   but WITHOUT ANY WARRANTY; without even the implied warranty of
   MERCHANTABILITY or FITNESS FOR A PARTICULAR PURPOSE.
   
   FOR NON-COMMERCIAL, ACADEMIA USE ONLY.
   
   Cite this work as:
   * S. Grimme, C. Bannwarth, P. Shushkov, J. Chem. Theory Comput., 2017,
     13, 1989-2009. DOI: 10.1021/acs.jctc.7b00118
   * C. Bannwarth, S. Ehlert and S. Grimme., J. Chem. Theory Comput., 2019,
     15, 1652-1671. DOI: 10.1021/acs.jctc.8b01176
   * P. Pracht, E. Caldeweyher, S. Ehlert, S. Grimme, ChemRxiv, 2019, preprint.
     DOI: 10.26434/chemrxiv.8326202.v1
   
   for DFT-D4:
   * E. Caldeweyher, C. Bannwarth and S. Grimme, J. Chem. Phys., 2017,
     147, 034112. DOI: 10.1063/1.4993215
   * E. Caldeweyher, S. Ehlert, A. Hansen, H. Neugebauer, S. Spicher,
     C. Bannwarth and S. Grimme, J. Chem. Phys., 2019, 150, 154122.
     DOI: 10.1063/1.5090222
   
   for sTDA-xTB:
   * S. Grimme and C. Bannwarth, J. Chem. Phys., 2016, 145, 054103.
     DOI: 10.1063/1.4959605
   
   in the mass-spec context:
   * V. Asgeirsson, C. Bauer and S. Grimme, Chem. Sci., 2017, 8, 4879.
     DOI: 10.1039/c7sc00601b
   
   for metadynamics refer to:
   * S. Grimme, J. Chem. Theory Comput., 2019, 155, 2847-2862
     DOI: 10.1021/acs.jctc.9b00143
   
   with help from (in alphabetical order)
   C. Bannwarth, F. Bohle, G. Brandenburg, E. Caldeweyher, M. Checinski,
   S. Dohm, S. Ehlert, S. Ehrlich, F. März, H. Neugebauer, J. Pisarek,
   P. Pracht, P. Shushkov, and S. Spicher.
   
 * started run on 2021/04/12 at 13:53:23.478     

           -------------------------------------------------
          |                Calculation Setup                |
           -------------------------------------------------

          program call               : /ihome/ghutchison/geoffh/xtb/xtb IDTT-TBTA.xyz -sp
          hostname                   : smp-n149
          coordinate file            : IDTT-TBTA.xyz
          omp threads                :                     1
          number of atoms            :                   146
          number of electrons        :                   422
          charge                     :                     0
          spin                       :                   0.0
          first test random number   :      0.41652673362045


########################################################################
# WARNING! Please study the warnings concerning your input carefully
#  - XTBPATH is not set, using XTBHOME instead
#  - the use of '-sp' is discouraged, please use '--sp' next time
########################################################################

           ------------------------------------------------- 
          |                 G F N 2 - x T B                 |
          | Geometry, Frequencies, Noncovalent interactions |
          |            JCTC 2019 parametrisation            |
           ------------------------------------------------- 
             KAB for C  - Si     :                1.0500
             KAB for H  - Pd     :                0.9500
             k(s)              :                1.8500
             k(p)              :                2.2300
             k(d)              :                2.2300
             k(f)              :                2.0000
             kEN (H0ij)        :               -2.0000
             D4 a1             :                0.5200
             D4 a2             :                5.0000
             D4 s6             :                1.0000
             D4 s8             :                2.7000
             D4 s9             :                5.0000
             alphaj            :                2.0000

  Z AO/shell   Hii/eV     exponent
  1     Wed Apr 25 08:07:45 CEST 2018   EN: 2.200 GM2: 0.406  GM3: 0.0800  RAES: 1.40
     1s    -10.707211    1.230000
  6     Wed Apr 25 08:07:45 CEST 2018   EN: 2.550 GM2: 0.538  GM3: 0.1500  RAES: 3.00
     2s    -13.970922    2.096432
     2p    -10.063292    1.800000
  7     Wed Apr 25 08:07:45 CEST 2018   EN: 3.040 GM2: 0.461  GM3:-0.0640  RAES: 1.90
     2s    -16.686243    2.339881
     2p    -12.523956    2.014332
  8     Wed Apr 25 08:07:45 CEST 2018   EN: 3.440 GM2: 0.452  GM3:-0.0517  RAES: 1.80
     2s    -20.229985    2.439742
     2p    -15.503117    2.137023
 16     Tue Apr 24 11:44:34 CEST 2018   EN: 2.580 GM2: 0.340  GM3:-0.0502  RAES: 3.10
     3s    -20.029654    1.981333
     3p    -11.377694    2.025643
     3d     -0.420282    1.702555

           ------------------------------------------------- 
          |        Self-Consistent Charge Iterations        |
           ------------------------------------------------- 

          ...................................................
          :                      SETUP                      :
          :.................................................:
          :  # basis functions                 434          :
          :  # atomic orbitals                 428          :
          :  # shells                          236          :
          :  # electrons                       422          :
          :  max. iterations                   250          :
          :  Hamiltonian                  GFN2-xTB          :
          :  restarted?                      false          :
          :  GBSA solvation                  false          :
          :  PC potential                    false          :
          :  electronic temp.          300.0000000     K    :
          :  accuracy                    1.0000000          :
          :  -> integral cutoff          0.2500000E+02      :
          :  -> integral neglect         0.1000000E-07      :
          :  -> SCF convergence          0.1000000E-05 Eh   :
          :  -> wf. convergence          0.1000000E-03 e    :
          :  Broyden damping             0.4000000          :
          ...................................................

 iter      E             dE          RMSdq      gap      omega  full diag
   1   -231.8959286 -0.231896E+03  0.434E+00    1.29       0.0  T
   2   -232.2603893 -0.364461E+00  0.246E+00    0.81       1.0  T
   3   -232.2727993 -0.124100E-01  0.144E+00    1.04       1.0  T
   4   -232.3232211 -0.504218E-01  0.400E-01    0.65       1.0  T
   5   -232.3362805 -0.130594E-01  0.168E-01    0.72       1.0  T
   6   -232.3377077 -0.142721E-02  0.913E-02    0.76       1.0  T
   7   -232.3383731 -0.665429E-03  0.386E-02    0.74       1.0  T
   8   -232.3385414 -0.168264E-03  0.132E-02    0.74       1.0  T
   9   -232.3385504 -0.894635E-05  0.741E-03    0.74       1.1  T
  10   -232.3385549 -0.459647E-05  0.358E-03    0.74       2.3  T
  11   -232.3385556 -0.637772E-06  0.115E-03    0.74       7.2  T
  12   -232.3385556 -0.598878E-07  0.651E-04    0.74      12.7  T
  13   -232.3385557 -0.179046E-07  0.356E-04    0.74      23.2  T

   *** convergence criteria satisfied after 13 iterations ***

         #    Occupation            Energy/Eh            Energy/eV
      -------------------------------------------------------------
         1        2.0000           -0.7484579             -20.3666
       ...           ...                  ...                  ...
       205        2.0000           -0.3938298             -10.7167
       206        2.0000           -0.3923297             -10.6758
       207        2.0000           -0.3892762             -10.5927
       208        2.0000           -0.3859820             -10.5031
       209        2.0000           -0.3772505             -10.2655
       210        2.0000           -0.3604884              -9.8094
       211        2.0000           -0.3589567              -9.7677 (HOMO)
       212        0.0000           -0.3317231              -9.0266 (LUMO)
       213                         -0.3244374              -8.8284
       214                         -0.2905417              -7.9060
       215                         -0.2763268              -7.5192
       216                         -0.2645140              -7.1978
       ...                                ...                  ...
       428                          0.6859900              18.6667
      -------------------------------------------------------------
                  HL-Gap            0.0272335 Eh            0.7411 eV
             Fermi-level           -0.3452537 Eh           -9.3948 eV

 SCC (total)                   0 d,  0 h,  0 min,  0.995 sec
 SCC setup                      ...        0 min,  0.004 sec (  0.396%)
 Dispersion                     ...        0 min,  0.008 sec (  0.830%)
 integral evaluation            ...        0 min,  0.317 sec ( 31.798%)
 zeroth order Hamiltonian       ...        0 min,  0.002 sec (  0.184%)
 iterations                     ...        0 min,  0.395 sec ( 39.672%)
 molecular gradient             ...        0 min,  0.266 sec ( 26.734%)
 printout                       ...        0 min,  0.004 sec (  0.381%)

         :::::::::::::::::::::::::::::::::::::::::::::::::::::
         ::                     SUMMARY                     ::
         :::::::::::::::::::::::::::::::::::::::::::::::::::::
         :: total energy            -229.131567713655 Eh    ::
         :: gradient norm              0.084207639179 Eh/a0 ::
         :: HOMO-LUMO gap              0.741061436472 eV    ::
         ::.................................................::
         :: SCC energy              -232.338555665088 Eh    ::
         :: -> isotropic ES            0.155355948861 Eh    ::
         :: -> anisotropic ES          0.016419341890 Eh    ::
         :: -> anisotropic XC          0.101305700367 Eh    ::
         :: -> dispersion             -0.212849159732 Eh    ::
         :: repulsion energy           3.204226221897 Eh    ::
         :: add. restraining           0.000000000000 Eh    ::
         :::::::::::::::::::::::::::::::::::::::::::::::::::::

           -------------------------------------------------
          |                Property Printout                |
           -------------------------------------------------

    * Orbital Energies and Occupations

         #    Occupation            Energy/Eh            Energy/eV
      -------------------------------------------------------------
         1        2.0000           -0.7484579             -20.3666
       ...           ...                  ...                  ...
       199        2.0000           -0.4069118             -11.0726
       200        2.0000           -0.4037354             -10.9862
       201        2.0000           -0.4022879             -10.9468
       202        2.0000           -0.3999922             -10.8843
       203        2.0000           -0.3973355             -10.8120
       204        2.0000           -0.3957293             -10.7683
       205        2.0000           -0.3938298             -10.7167
       206        2.0000           -0.3923297             -10.6758
       207        2.0000           -0.3892762             -10.5927
       208        2.0000           -0.3859820             -10.5031
       209        2.0000           -0.3772505             -10.2655
       210        2.0000           -0.3604884              -9.8094
       211        2.0000           -0.3589567              -9.7677 (HOMO)
       212        0.0000           -0.3317231              -9.0266 (LUMO)
       213                         -0.3244374              -8.8284
       214                         -0.2905417              -7.9060
       215                         -0.2763268              -7.5192
       216                         -0.2645140              -7.1978
       217                         -0.2530577              -6.8861
       218                         -0.2519648              -6.8563
       219                         -0.2443813              -6.6500
       220                         -0.2431787              -6.6172
       221                         -0.2419034              -6.5825
       222                         -0.2372410              -6.4557
       ...                                ...                  ...
       428                          0.6859900              18.6667
      -------------------------------------------------------------
                  HL-Gap            0.0272335 Eh            0.7411 eV
             Fermi-level           -0.3452537 Eh           -9.3948 eV

     #   Z        covCN         q      C6AA      α(0)
     1   6 C      2.953    -0.000    28.039     8.685
     2   6 C      2.978     0.028    27.364     8.581
     3   6 C      3.021    -0.043    29.031     8.838
     4   6 C      3.157     0.017    27.326     8.547
     5   6 C      3.108     0.021    27.405     8.577
     6  16 S      2.251    -0.017   141.744    20.038
     7   6 C      3.149    -0.013    28.054     8.664
     8   6 C      3.930     0.015    20.256     6.396
     9   6 C      2.963     0.010    27.792     8.647
    10   6 C      2.912    -0.035    28.879     8.812
    11   6 C      2.914    -0.036    28.895     8.815
    12   6 C      2.959     0.014    27.709     8.634
    13   6 C      3.800    -0.055    21.555     6.610
    14   6 C      3.745    -0.093    22.351     6.744
    15   6 C      2.914    -0.036    28.902     8.816
    16   6 C      2.912    -0.033    28.832     8.805
    17   6 C      2.966     0.009    27.807     8.650
    18   6 C      2.911    -0.036    28.906     8.816
    19   6 C      2.914    -0.037    28.925     8.819
    20   6 C      2.959     0.014    27.705     8.633
    21   6 C      3.800    -0.054    21.550     6.609
    22   6 C      3.746    -0.094    22.362     6.745
    23   6 C      2.915    -0.035    28.872     8.811
    24   6 C      2.913    -0.034    28.855     8.808
    25   6 C      3.041     0.005    27.868     8.659
    26   6 C      3.018     0.003    27.927     8.669
    27   6 C      3.056     0.020    27.506     8.601
    28  16 S      2.163    -0.023   142.021    20.058
    29   6 C      2.902    -0.033    28.816     8.802
    30   6 C      3.045     0.006    27.842     8.654
    31   6 C      3.929     0.014    20.275     6.399
    32   6 C      2.964     0.010    27.800     8.648
    33   6 C      2.913    -0.034    28.837     8.806
    34   6 C      2.914    -0.035    28.864     8.810
    35   6 C      2.959     0.013    27.713     8.635
    36   6 C      3.800    -0.054    21.550     6.610
    37   6 C      3.746    -0.093    22.355     6.744
    38   6 C      2.914    -0.037    28.924     8.819
    39   6 C      2.911    -0.037    28.918     8.818
    40   6 C      2.963     0.010    27.785     8.646
    41   6 C      2.912    -0.035    28.873     8.811
    42   6 C      2.914    -0.036    28.888     8.813
    43   6 C      2.959     0.014    27.706     8.634
    44   6 C      3.801    -0.054    21.552     6.610
    45   6 C      3.745    -0.093    22.351     6.744
    46   6 C      2.914    -0.036    28.901     8.816
    47   6 C      2.912    -0.033    28.829     8.804
    48   6 C      3.153    -0.011    27.990     8.652
    49   6 C      3.054     0.021    27.490     8.599
    50   6 C      3.016     0.004    27.921     8.668
    51   6 C      2.902    -0.033    28.820     8.802
    52  16 S      2.160    -0.036   142.553    20.095
    53   6 C      3.127     0.017    27.444     8.578
    54   6 C      3.115     0.008    27.681     8.618
    55  16 S      2.207     0.057   138.761    19.826
    56   6 C      2.974     0.022    27.500     8.602
    57   6 C      3.034    -0.044    29.060     8.842
    58   6 C      2.918    -0.000    28.041     8.684
    59   6 C      2.946    -0.068    29.697     8.938
    60   6 C      2.947    -0.068    29.686     8.936
    61   6 C      2.774     0.264    22.548     7.777
    62   7 N      2.777    -0.085    22.904     7.108
    63   6 C      2.817     0.180    24.142     8.051
    64   7 N      2.778    -0.086    22.909     7.109
    65   6 C      2.766     0.267    22.493     7.767
    66   6 C      2.764     0.267    22.494     7.767
    67   7 N      2.779    -0.086    22.916     7.110
    68   6 C      2.818     0.180    24.136     8.050
    69   7 N      2.777    -0.085    22.893     7.106
    70   6 C      2.773     0.264    22.545     7.777
    71   8 O      0.858    -0.412    21.930     6.279
    72   8 O      0.880    -0.403    21.734     6.251
    73   6 C      3.747     0.008    20.506     6.459
    74   6 C      3.746    -0.102    22.520     6.769
    75   6 C      3.746     0.007    20.518     6.461
    76   6 C      3.746    -0.102    22.521     6.769
    77  16 S      1.066    -0.358   154.751    21.039
    78   8 O      0.858    -0.422    22.121     6.306
    79   6 C      3.747     0.009    20.496     6.457
    80  16 S      1.067    -0.360   154.823    21.044
    81   6 C      3.747     0.006    20.540     6.464
    82   8 O      0.858    -0.411    21.910     6.276
    83   6 C      3.746    -0.102    22.519     6.769
    84   6 C      3.746    -0.102    22.512     6.768
    85   1 H      0.924     0.092     1.863     2.135
    86   1 H      0.925     0.112     1.680     2.027
    87   1 H      0.924     0.026     2.646     2.544
    88   1 H      0.924     0.033     2.543     2.494
    89   1 H      0.923     0.037     2.491     2.468
    90   1 H      0.923     0.036     2.499     2.472
    91   1 H      0.923     0.034     2.527     2.486
    92   1 H      0.923     0.036     2.498     2.471
    93   1 H      0.923     0.034     2.530     2.487
    94   1 H      0.924     0.033     2.543     2.494
    95   1 H      0.924     0.031     2.575     2.509
    96   1 H      0.924     0.026     2.637     2.540
    97   1 H      0.924     0.031     2.569     2.506
    98   1 H      0.923     0.035     2.522     2.484
    99   1 H      0.923     0.038     2.472     2.459
   100   1 H      0.923     0.033     2.544     2.494
   101   1 H      0.923     0.036     2.501     2.473
   102   1 H      0.923     0.037     2.496     2.471
   103   1 H      0.924     0.035     2.512     2.478
   104   1 H      0.924     0.035     2.515     2.480
   105   1 H      0.924     0.047     2.355     2.400
   106   1 H      0.924     0.040     2.448     2.447
   107   1 H      0.924     0.036     2.497     2.471
   108   1 H      0.923     0.035     2.522     2.483
   109   1 H      0.923     0.037     2.491     2.468
   110   1 H      0.923     0.034     2.534     2.489
   111   1 H      0.923     0.036     2.503     2.474
   112   1 H      0.923     0.035     2.513     2.479
   113   1 H      0.924     0.031     2.574     2.509
   114   1 H      0.924     0.026     2.651     2.546
   115   1 H      0.924     0.026     2.649     2.545
   116   1 H      0.924     0.032     2.552     2.498
   117   1 H      0.923     0.036     2.502     2.474
   118   1 H      0.923     0.037     2.494     2.470
   119   1 H      0.923     0.034     2.529     2.487
   120   1 H      0.923     0.036     2.502     2.473
   121   1 H      0.923     0.034     2.529     2.487
   122   1 H      0.924     0.033     2.543     2.494
   123   1 H      0.924     0.031     2.574     2.509
   124   1 H      0.924     0.046     2.368     2.406
   125   1 H      0.925     0.059     2.211     2.325
   126   1 H      0.924     0.090     1.877     2.143
   127   1 H      0.924     0.076     2.023     2.224
   128   1 H      0.924     0.070     2.081     2.256
   129   1 H      0.923     0.049     2.337     2.391
   130   1 H      0.923     0.051     2.308     2.376
   131   1 H      0.923     0.053     2.284     2.363
   132   1 H      0.924     0.070     2.080     2.256
   133   1 H      0.924     0.077     2.012     2.218
   134   1 H      0.923     0.052     2.295     2.369
   135   1 H      0.923     0.051     2.303     2.373
   136   1 H      0.923     0.050     2.324     2.384
   137   1 H      0.924     0.071     2.077     2.254
   138   1 H      0.924     0.075     2.036     2.232
   139   1 H      0.924     0.079     1.986     2.204
   140   1 H      0.924     0.071     2.075     2.253
   141   1 H      0.923     0.047     2.364     2.404
   142   1 H      0.923     0.052     2.300     2.372
   143   1 H      0.923     0.052     2.290     2.367
   144   1 H      0.923     0.051     2.303     2.373
   145   1 H      0.923     0.051     2.311     2.377
   146   1 H      0.923     0.050     2.321     2.383

 Mol. C6AA /au·bohr⁶  :     315907.652090
 Mol. C8AA /au·bohr⁸  :    8578247.698153
 Mol. α(0) /au        :        892.760610


Wiberg/Mayer (AO) data.
largest (>0.10) Wiberg bond orders for each atom
          total WBO             WBO to atom ...
     1  C   3.929        C   59 1.517    C    2 1.277    H   85 0.947
     2  C   3.928        C    3 1.406    C    1 1.277    S    6 1.067
     3  C   3.950        C    2 1.406    C    4 1.370    H   86 0.934
     4  C   3.932        C    3 1.370    C    5 1.284    S   28 1.091
     5  C   3.938        C    7 1.288    C    4 1.284    S    6 1.156
     6  S   2.571        C    5 1.156    C    2 1.067
     7  C   3.960        C   27 1.433    C    5 1.288    C    8 0.971
     8  C   3.984        C    7 0.971    C   25 0.969    C    9 0.952    C   17 0.951
     9  C   3.981        C   10 1.415    C   16 1.401    C    8 0.952    C   12 0.106
    10  C   3.989        C   11 1.442    C    9 1.415    H   87 0.967    C   15 0.107
    11  C   3.990        C   10 1.442    C   12 1.413    H   88 0.969    C   16 0.109
    12  C   3.985        C   11 1.413    C   15 1.404    C   13 1.013    C    9 0.106
    13  C   3.996        C   12 1.013    C   14 1.002    H   90 0.974    H   89 0.973
    14  C   3.995        C   13 1.002    H   93 0.988    H   91 0.988    H   92 0.986
    15  C   3.989        C   16 1.453    C   12 1.404    H   94 0.969    C   10 0.107
    16  C   3.989        C   15 1.453    C    9 1.401    H   95 0.967    C   11 0.109
    17  C   3.980        C   18 1.422    C   24 1.393    C    8 0.951    C   20 0.106
    18  C   3.988        C   19 1.433    C   17 1.422    H   96 0.967    C   23 0.108
    19  C   3.989        C   18 1.433    C   20 1.421    H   97 0.968    C   24 0.108
    20  C   3.984        C   19 1.421    C   23 1.396    C   21 1.013    C   17 0.106
    21  C   3.996        C   20 1.013    C   22 1.004    H   98 0.976    H   99 0.968
    22  C   3.995        C   21 1.004    H  100 0.989    H  102 0.987    H  101 0.986
    23  C   3.989        C   24 1.462    C   20 1.396    H  103 0.968    C   18 0.108
    24  C   3.988        C   23 1.462    C   17 1.393    H  104 0.965    C   19 0.108
    25  C   3.964        C   51 1.465    C   26 1.288    C    8 0.969
    26  C   3.956        C   29 1.348    C   25 1.288    C   27 1.139
    27  C   3.906        C    7 1.433    C   26 1.139    S   28 1.136
    28  S   2.535        C   27 1.136    C    4 1.091
    29  C   3.969        C   30 1.466    C   26 1.348    H  105 0.963
    30  C   3.965        C   29 1.466    C   50 1.287    C   31 0.971
    31  C   3.985        C   48 0.973    C   30 0.971    C   40 0.952    C   32 0.947
    32  C   3.980        C   39 1.420    C   33 1.397    C   31 0.947    C   35 0.106
    33  C   3.988        C   34 1.458    C   32 1.397    H  106 0.964    C   38 0.109
    34  C   3.988        C   33 1.458    C   35 1.400    H  107 0.968    C   39 0.108
    35  C   3.984        C   38 1.418    C   34 1.400    C   36 1.012    C   32 0.106
    36  C   3.996        C   35 1.012    C   37 1.002    H  108 0.975    H  109 0.972
    37  C   3.995        C   36 1.002    H  110 0.988    H  112 0.988    H  111 0.986
    38  C   3.989        C   39 1.436    C   35 1.418    H  113 0.969    C   33 0.109
    39  C   3.988        C   38 1.436    C   32 1.420    H  114 0.967    C   34 0.108
    40  C   3.981        C   41 1.414    C   47 1.403    C   31 0.952    C   43 0.106
    41  C   3.989        C   42 1.444    C   40 1.414    H  115 0.967    C   46 0.107
    42  C   3.989        C   41 1.444    C   43 1.412    H  116 0.969    C   47 0.109
    43  C   3.985        C   42 1.412    C   46 1.405    C   44 1.013    C   40 0.106
    44  C   3.996        C   43 1.013    C   45 1.002    H  117 0.974    H  118 0.972
    45  C   3.995        C   44 1.002    H  119 0.988    H  121 0.988    H  120 0.986
    46  C   3.989        C   47 1.452    C   43 1.405    H  122 0.969    C   41 0.107
    47  C   3.989        C   46 1.452    C   40 1.403    H  123 0.967    C   42 0.109
    48  C   3.958        C   49 1.441    C   54 1.284    C   31 0.973
    49  C   3.903        C   48 1.441    C   50 1.138    S   52 1.125
    50  C   3.955        C   51 1.349    C   30 1.287    C   49 1.138
    51  C   3.969        C   25 1.465    C   50 1.349    H  124 0.964
    52  S   2.518        C   49 1.125    C   53 1.087
    53  C   3.931        C   57 1.386    C   54 1.279    S   52 1.087
    54  C   3.947        C   48 1.284    C   53 1.279    S   55 1.167
    55  S   2.695        C   54 1.167    C   56 1.098
    56  C   3.937        C   57 1.377    C   58 1.285    S   55 1.098
    57  C   3.967        C   53 1.386    C   56 1.377    H  125 0.961
    58  C   3.928        C   60 1.514    C   56 1.285    H  126 0.942
    59  C   3.947        C    1 1.517    C   66 1.082    C   70 1.053
    60  C   3.948        C   58 1.514    C   65 1.087    C   61 1.057
    61  C   3.942        O   71 1.682    N   62 1.095    C   60 1.057
    62  N   3.572        C   63 1.189    C   61 1.095    C   75 0.957    O   71 0.132
    63  C   3.950        S   77 1.492    N   62 1.189    N   64 1.182
    64  N   3.571        C   63 1.182    C   65 1.101    C   73 0.958    O   72 0.127
    65  C   3.945        O   72 1.644    N   64 1.101    C   60 1.087
    66  C   3.945        O   78 1.653    N   67 1.097    C   59 1.082
    67  N   3.574        C   68 1.186    C   66 1.097    C   79 0.958    O   78 0.131
    68  C   3.950        S   80 1.488    N   69 1.188    N   67 1.186
    69  N   3.572        C   68 1.188    C   70 1.096    C   81 0.957    O   82 0.132
    70  C   3.942        O   82 1.684    N   69 1.096    C   59 1.053
    71  O   2.017        C   61 1.682    N   62 0.132
    72  O   2.061        C   65 1.644    N   64 0.127
    73  C   3.947        C   74 1.013    H  128 0.965    H  127 0.965    N   64 0.958
    74  C   3.991        C   73 1.013    H  129 0.986    H  131 0.985    H  130 0.982
    75  C   3.946        C   76 1.012    H  132 0.966    H  133 0.965    N   62 0.957
    76  C   3.991        C   75 1.012    H  136 0.986    H  134 0.985    H  135 0.982
    77  S   1.842        C   63 1.492
    78  O   2.021        C   66 1.653    N   67 0.131
    79  C   3.947        C   84 1.013    H  137 0.965    H  138 0.965    N   67 0.958
    80  S   1.840        C   68 1.488
    81  C   3.946        C   83 1.012    H  140 0.965    H  139 0.964    N   69 0.957
    82  O   2.014        C   70 1.684    N   69 0.132
    83  C   3.991        C   81 1.012    H  141 0.986    H  143 0.984    H  142 0.982
    84  C   3.991        C   79 1.013    H  146 0.986    H  144 0.985    H  145 0.982
    85  H   0.990        C    1 0.947
    86  H   0.987        C    3 0.934
    87  H   0.999        C   10 0.967
    88  H   0.998        C   11 0.969
    89  H   0.998        C   13 0.973
    90  H   0.998        C   13 0.974
    91  H   0.999        C   14 0.988
    92  H   0.998        C   14 0.986
    93  H   0.999        C   14 0.988
    94  H   0.998        C   15 0.969
    95  H   0.999        C   16 0.967
    96  H   0.999        C   18 0.967
    97  H   0.998        C   19 0.968
    98  H   0.998        C   21 0.976
    99  H   0.998        C   21 0.968
   100  H   0.999        C   22 0.989
   101  H   0.998        C   22 0.986
   102  H   0.999        C   22 0.987
   103  H   0.998        C   23 0.968
   104  H   0.998        C   24 0.965
   105  H   0.996        C   29 0.963
   106  H   0.998        C   33 0.964
   107  H   0.998        C   34 0.968
   108  H   0.998        C   36 0.975
   109  H   0.998        C   36 0.972
   110  H   0.999        C   37 0.988
   111  H   0.998        C   37 0.986
   112  H   0.999        C   37 0.988
   113  H   0.998        C   38 0.969
   114  H   0.999        C   39 0.967
   115  H   0.999        C   41 0.967
   116  H   0.998        C   42 0.969
   117  H   0.998        C   44 0.974
   118  H   0.998        C   44 0.972
   119  H   0.999        C   45 0.988
   120  H   0.998        C   45 0.986
   121  H   0.999        C   45 0.988
   122  H   0.998        C   46 0.969
   123  H   0.999        C   47 0.967
   124  H   0.997        C   51 0.964
   125  H   0.996        C   57 0.961
   126  H   0.991        C   58 0.942
   127  H   0.994        C   73 0.965
   128  H   0.994        C   73 0.965
   129  H   0.998        C   74 0.986
   130  H   0.997        C   74 0.982
   131  H   0.997        C   74 0.985
   132  H   0.994        C   75 0.966
   133  H   0.994        C   75 0.965
   134  H   0.997        C   76 0.985
   135  H   0.997        C   76 0.982
   136  H   0.998        C   76 0.986
   137  H   0.994        C   79 0.965
   138  H   0.994        C   79 0.965
   139  H   0.993        C   81 0.964
   140  H   0.994        C   81 0.965
   141  H   0.998        C   83 0.986
   142  H   0.996        C   83 0.982
   143  H   0.997        C   83 0.984
   144  H   0.997        C   84 0.985
   145  H   0.997        C   84 0.982
   146  H   0.997        C   84 0.986

molecular dipole:
                 x           y           z       tot (Debye)
 q only:       -0.624      -0.236      -0.298
   full:       -0.789      -0.274      -0.258       2.223
molecular quadrupole (traceless):
                xx          xy          yy          xz          yz          zz
 q only:      -24.757      92.213     -44.562     -12.029       7.049      69.320
  q+dip:      -24.875      89.338     -51.297      -9.497       1.206      76.172
   full:      -23.073      88.784     -56.256     -15.847       0.640      79.329


           -------------------------------------------------
          | TOTAL ENERGY             -229.131567713655 Eh   |
          | GRADIENT NORM               0.084207639179 Eh/α |
          | HOMO-LUMO GAP               0.741061436472 eV   |
           -------------------------------------------------

------------------------------------------------------------------------
 * finished run on 2021/04/12 at 13:53:24.813     
------------------------------------------------------------------------
 total:
 * wall-time:     0 d,  0 h,  0 min,  1.335 sec
 *  cpu-time:     0 d,  0 h,  0 min,  1.325 sec
 * ratio c/w:     0.993 speedup
 SCF:
 * wall-time:     0 d,  0 h,  0 min,  0.997 sec
 *  cpu-time:     0 d,  0 h,  0 min,  0.994 sec
 * ratio c/w:     0.998 speedup

