      -----------------------------------------------------------      
     |                   =====================                   |     
     |                           x T B                           |     
     |                   =====================                   |     
     |                         S. Grimme                         |     
     |          Mulliken Center for Theoretical Chemistry        |     
     |                    University of Bonn                     |     
     |                Version 6.2 RC2 (SAW190805)                |     
      -----------------------------------------------------------      

   This program is distributed in the hope that it will be useful,
   but WITHOUT ANY WARRANTY; without even the implied warranty of
   MERCHANTABILITY or FITNESS FOR A PARTICULAR PURPOSE.
   
   FOR NON-COMMERCIAL, ACADEMIA USE ONLY.
   
   Cite this work as:
   * S. Grimme, C. Bannwarth, P. Shushkov, J. Chem. Theory Comput., 2017,
     13, 1989-2009. DOI: 10.1021/acs.jctc.7b00118
   * C. Bannwarth, S. Ehlert and S. Grimme., J. Chem. Theory Comput., 2019,
     15, 1652-1671. DOI: 10.1021/acs.jctc.8b01176
   * P. Pracht, E. Caldeweyher, S. Ehlert, S. Grimme, ChemRxiv, 2019, preprint.
     DOI: 10.26434/chemrxiv.8326202.v1
   
   for DFT-D4:
   * E. Caldeweyher, C. Bannwarth and S. Grimme, J. Chem. Phys., 2017,
     147, 034112. DOI: 10.1063/1.4993215
   * E. Caldeweyher, S. Ehlert, A. Hansen, H. Neugebauer, S. Spicher,
     C. Bannwarth and S. Grimme, J. Chem. Phys., 2019, 150, 154122.
     DOI: 10.1063/1.5090222
   
   for sTDA-xTB:
   * S. Grimme and C. Bannwarth, J. Chem. Phys., 2016, 145, 054103.
     DOI: 10.1063/1.4959605
   
   in the mass-spec context:
   * V. Asgeirsson, C. Bauer and S. Grimme, Chem. Sci., 2017, 8, 4879.
     DOI: 10.1039/c7sc00601b
   
   for metadynamics refer to:
   * S. Grimme, J. Chem. Theory Comput., 2019, 155, 2847-2862
     DOI: 10.1021/acs.jctc.9b00143
   
   with help from (in alphabetical order)
   C. Bannwarth, F. Bohle, G. Brandenburg, E. Caldeweyher, M. Checinski,
   S. Dohm, S. Ehlert, S. Ehrlich, F. März, H. Neugebauer, J. Pisarek,
   P. Pracht, P. Shushkov, and S. Spicher.
   
 * started run on 2020/11/20 at 13:45:23.308     

           -------------------------------------------------
          |                Calculation Setup                |
           -------------------------------------------------

          program call               : /ihome/ghutchison/geoffh/xtb/xtb IPTBO-4Cl.xyz -sp
          hostname                   : smp-n106
          coordinate file            : IPTBO-4Cl.xyz
          omp threads                :                     1
          number of atoms            :                   157
          number of electrons        :                   478
          charge                     :                     0
          spin                       :                   0.0
          first test random number   :      0.37191443453204


########################################################################
# WARNING! Please study the warnings concerning your input carefully
#  - XTBPATH is not set, using XTBHOME instead
#  - the use of '-sp' is discouraged, please use '--sp' next time
########################################################################

           ------------------------------------------------- 
          |                 G F N 2 - x T B                 |
          | Geometry, Frequencies, Noncovalent interactions |
          |            JCTC 2019 parametrisation            |
           ------------------------------------------------- 
             KAB for C  - Si     :                1.0500
             KAB for H  - Pd     :                0.9500
             k(s)              :                1.8500
             k(p)              :                2.2300
             k(d)              :                2.2300
             k(f)              :                2.0000
             kEN (H0ij)        :               -2.0000
             D4 a1             :                0.5200
             D4 a2             :                5.0000
             D4 s6             :                1.0000
             D4 s8             :                2.7000
             D4 s9             :                5.0000
             alphaj            :                2.0000

  Z AO/shell   Hii/eV     exponent
  1     Wed Apr 25 08:07:45 CEST 2018   EN: 2.200 GM2: 0.406  GM3: 0.0800  RAES: 1.40
     1s    -10.707211    1.230000
  6     Wed Apr 25 08:07:45 CEST 2018   EN: 2.550 GM2: 0.538  GM3: 0.1500  RAES: 3.00
     2s    -13.970922    2.096432
     2p    -10.063292    1.800000
  7     Wed Apr 25 08:07:45 CEST 2018   EN: 3.040 GM2: 0.461  GM3:-0.0640  RAES: 1.90
     2s    -16.686243    2.339881
     2p    -12.523956    2.014332
  8     Wed Apr 25 08:07:45 CEST 2018   EN: 3.440 GM2: 0.452  GM3:-0.0517  RAES: 1.80
     2s    -20.229985    2.439742
     2p    -15.503117    2.137023
 16     Tue Apr 24 11:44:34 CEST 2018   EN: 2.580 GM2: 0.340  GM3:-0.0502  RAES: 3.10
     3s    -20.029654    1.981333
     3p    -11.377694    2.025643
     3d     -0.420282    1.702555
 17     Mon Apr 23 14:09:22 CEST 2018   EN: 3.160 GM2: 0.249  GM3: 0.1495  RAES: 2.50
     3s    -29.278781    2.485265
     3p    -12.673758    2.199650
     3d     -0.240338    2.476089

           ------------------------------------------------- 
          |        Self-Consistent Charge Iterations        |
           ------------------------------------------------- 

          ...................................................
          :                      SETUP                      :
          :.................................................:
          :  # basis functions                 493          :
          :  # atomic orbitals                 486          :
          :  # shells                          262          :
          :  # electrons                       478          :
          :  max. iterations                   250          :
          :  Hamiltonian                  GFN2-xTB          :
          :  restarted?                      false          :
          :  GBSA solvation                  false          :
          :  PC potential                    false          :
          :  electronic temp.          300.0000000     K    :
          :  accuracy                    1.0000000          :
          :  -> integral cutoff          0.2500000E+02      :
          :  -> integral neglect         0.1000000E-07      :
          :  -> SCF convergence          0.1000000E-05 Eh   :
          :  -> wf. convergence          0.1000000E-03 e    :
          :  Broyden damping             0.4000000          :
          ...................................................

 iter      E             dE          RMSdq      gap      omega  full diag
   1   -264.1481809 -0.264148E+03  0.463E+00    1.27       0.0  T
   2   -264.2960106 -0.147830E+00  0.284E+00    1.09       1.0  T
   3   -263.9205522  0.375458E+00  0.203E+00    0.87       1.0  T
   4   -264.4119195 -0.491367E+00  0.671E-01    1.14       1.0  T
   5   -264.4683614 -0.564420E-01  0.217E-01    0.92       1.0  T
   6   -264.4728661 -0.450465E-02  0.119E-01    1.03       1.0  T
   7   -264.4745778 -0.171170E-02  0.601E-02    0.99       1.0  T
   8   -264.4749337 -0.355950E-03  0.327E-02    1.00       1.0  T
   9   -264.4749876 -0.539003E-04  0.229E-02    1.00       1.0  T
  10   -264.4750108 -0.231285E-04  0.169E-02    1.00       1.0  T
  11   -264.4750217 -0.109023E-04  0.115E-02    1.00       1.0  T
  12   -264.4750309 -0.926608E-05  0.654E-03    1.00       1.2  T
  13   -264.4750338 -0.288259E-05  0.346E-03    1.00       2.3  T
  14   -264.4750351 -0.125621E-05  0.142E-03    1.00       5.6  T
  15   -264.4750352 -0.115595E-06  0.685E-04    1.00      11.6  T
  16   -264.4750352 -0.207551E-07  0.459E-04    1.00      17.4  T

   *** convergence criteria satisfied after 16 iterations ***

         #    Occupation            Energy/Eh            Energy/eV
      -------------------------------------------------------------
         1        2.0000           -1.0759284             -29.2775
       ...           ...                  ...                  ...
       233        2.0000           -0.4036163             -10.9830
       234        2.0000           -0.4015358             -10.9263
       235        2.0000           -0.4006244             -10.9015
       236        2.0000           -0.3941314             -10.7249
       237        2.0000           -0.3911804             -10.6446
       238        2.0000           -0.3841662             -10.4537
       239        2.0000           -0.3759411             -10.2299 (HOMO)
       240                         -0.3391081              -9.2276 (LUMO)
       241                         -0.3321518              -9.0383
       242                         -0.3261105              -8.8739
       243                         -0.3215402              -8.7496
       244                         -0.2924705              -7.9585
       ...                                ...                  ...
       486                          1.0736681              29.2160
      -------------------------------------------------------------
                  HL-Gap            0.0368330 Eh            1.0023 eV
             Fermi-level           -0.3575248 Eh           -9.7287 eV

 SCC (total)                   0 d,  0 h,  0 min,  1.731 sec
 SCC setup                      ...        0 min,  0.005 sec (  0.310%)
 Dispersion                     ...        0 min,  0.014 sec (  0.785%)
 integral evaluation            ...        0 min,  0.483 sec ( 27.912%)
 zeroth order Hamiltonian       ...        0 min,  0.003 sec (  0.163%)
 iterations                     ...        0 min,  0.840 sec ( 48.506%)
 molecular gradient             ...        0 min,  0.380 sec ( 21.971%)
 printout                       ...        0 min,  0.006 sec (  0.348%)

         :::::::::::::::::::::::::::::::::::::::::::::::::::::
         ::                     SUMMARY                     ::
         :::::::::::::::::::::::::::::::::::::::::::::::::::::
         :: total energy            -260.548834294087 Eh    ::
         :: gradient norm              0.111475118344 Eh/a0 ::
         :: HOMO-LUMO gap              1.002277916744 eV    ::
         ::.................................................::
         :: SCC energy              -264.475035208497 Eh    ::
         :: -> isotropic ES            0.106968788819 Eh    ::
         :: -> anisotropic ES          0.016939688191 Eh    ::
         :: -> anisotropic XC          0.172637869910 Eh    ::
         :: -> dispersion             -0.245341423924 Eh    ::
         :: repulsion energy           3.920256352314 Eh    ::
         :: add. restraining           0.000000000000 Eh    ::
         :::::::::::::::::::::::::::::::::::::::::::::::::::::

           -------------------------------------------------
          |                Property Printout                |
           -------------------------------------------------

    * Orbital Energies and Occupations

         #    Occupation            Energy/Eh            Energy/eV
      -------------------------------------------------------------
         1        2.0000           -1.0759284             -29.2775
       ...           ...                  ...                  ...
       227        2.0000           -0.4128409             -11.2340
       228        2.0000           -0.4116747             -11.2022
       229        2.0000           -0.4114815             -11.1970
       230        2.0000           -0.4097393             -11.1496
       231        2.0000           -0.4056708             -11.0389
       232        2.0000           -0.4053149             -11.0292
       233        2.0000           -0.4036163             -10.9830
       234        2.0000           -0.4015358             -10.9263
       235        2.0000           -0.4006244             -10.9015
       236        2.0000           -0.3941314             -10.7249
       237        2.0000           -0.3911804             -10.6446
       238        2.0000           -0.3841662             -10.4537
       239        2.0000           -0.3759411             -10.2299 (HOMO)
       240                         -0.3391081              -9.2276 (LUMO)
       241                         -0.3321518              -9.0383
       242                         -0.3261105              -8.8739
       243                         -0.3215402              -8.7496
       244                         -0.2924705              -7.9585
       245                         -0.2782018              -7.5703
       246                         -0.2698852              -7.3440
       247                         -0.2582423              -7.0271
       248                         -0.2548680              -6.9353
       249                         -0.2503432              -6.8122
       250                         -0.2458331              -6.6895
       ...                                ...                  ...
       486                          1.0736681              29.2160
      -------------------------------------------------------------
                  HL-Gap            0.0368330 Eh            1.0023 eV
             Fermi-level           -0.3575248 Eh           -9.7287 eV

     #   Z        covCN         q      C6AA      α(0)
     1   6 C      2.947    -0.014    28.364     8.735
     2   6 C      2.984    -0.040    28.975     8.830
     3   6 C      3.001     0.030    27.323     8.574
     4   6 C      3.010     0.007    27.848     8.656
     5   6 C      3.025    -0.018    28.419     8.744
     6   6 C      2.858     0.225    23.273     7.907
     7   6 C      2.944    -0.039    28.973     8.828
     8   6 C      2.901     0.092    25.962     8.354
     9   6 C      2.905     0.090    26.009     8.362
    10   6 C      2.939    -0.026    28.653     8.779
    11  17 Cl     0.966    -0.124   103.014    15.528
    12  17 Cl     0.971    -0.120   102.901    15.519
    13   8 O      0.856    -0.382    21.334     6.193
    14   6 C      2.943     0.007    27.856     8.656
    15   6 C      1.916     0.119    28.164     8.571
    16   6 C      1.914     0.119    28.175     8.572
    17   7 N      0.911    -0.230    26.045     7.381
    18   7 N      0.911    -0.231    26.065     7.384
    19   6 C      2.919    -0.008    28.217     8.711
    20   6 C      2.994    -0.033    28.800     8.803
    21   6 C      3.003     0.036    27.191     8.554
    22   6 C      3.016     0.009    27.799     8.649
    23   6 C      3.024    -0.016    28.384     8.739
    24   6 C      2.858     0.229    23.212     7.897
    25   6 C      2.945    -0.037    28.927     8.821
    26   6 C      2.903     0.093    25.941     8.351
    27   6 C      2.903     0.091    25.984     8.358
    28   6 C      2.939    -0.025    28.625     8.775
    29  17 Cl     0.967    -0.118   102.826    15.514
    30  17 Cl     0.970    -0.116   102.787    15.511
    31   8 O      0.856    -0.349    20.697     6.099
    32   6 C      2.944     0.010    27.787     8.646
    33   6 C      1.912     0.118    28.196     8.576
    34   6 C      1.912     0.122    28.115     8.563
    35   7 N      0.911    -0.229    26.009     7.376
    36   7 N      0.911    -0.237    26.195     7.402
    37   6 C      2.984     0.027    27.387     8.584
    38  16 S      2.227    -0.020   141.894    20.049
    39   6 C      3.062     0.008    27.783     8.644
    40   6 C      3.240     0.040    26.210     8.301
    41   6 C      2.998    -0.054    29.316     8.882
    42   6 C      3.072    -0.008    28.152     8.700
    43   6 C      3.211     0.037    26.545     8.386
    44   7 N      2.779    -0.036    21.933     6.956
    45  16 S      2.146    -0.034   142.441    20.087
    46   6 C      3.062     0.017    27.561     8.609
    47   6 C      3.127    -0.023    28.391     8.724
    48   6 C      3.018     0.006    27.875     8.660
    49   6 C      3.049     0.005    27.865     8.658
    50   6 C      3.928     0.015    20.258     6.397
    51   6 C      2.902    -0.034    28.839     8.805
    52   6 C      3.050     0.009    27.775     8.643
    53   6 C      3.020     0.003    27.943     8.671
    54   6 C      2.902    -0.033    28.814     8.802
    55   6 C      3.931     0.014    20.282     6.400
    56   6 C      3.187    -0.001    27.570     8.567
    57   6 C      3.056     0.028    27.313     8.571
    58   6 C      3.044    -0.033    28.781     8.799
    59   6 C      2.982     0.024    27.462     8.596
    60  16 S      2.235    -0.024   142.060    20.060
    61   6 C      2.965     0.011    27.769     8.644
    62   6 C      2.965     0.008    27.848     8.656
    63   6 C      2.963     0.005    27.898     8.664
    64   6 C      2.963     0.006    27.892     8.663
    65   6 C      3.742    -0.005    20.738     6.497
    66   6 C      3.845    -0.024    20.970     6.514
    67   6 C      3.796    -0.057    21.601     6.618
    68   6 C      3.745    -0.093    22.344     6.743
    69   6 C      3.803    -0.055    21.560     6.611
    70   6 C      3.745    -0.099    22.469     6.762
    71   6 C      2.913    -0.035    28.859     8.809
    72   6 C      2.914    -0.035    28.876     8.812
    73   6 C      2.959     0.014    27.689     8.631
    74   6 C      2.915    -0.038    28.953     8.823
    75   6 C      2.912    -0.039    28.964     8.825
    76   6 C      2.912    -0.035    28.882     8.812
    77   6 C      2.914    -0.038    28.955     8.824
    78   6 C      2.958     0.012    27.742     8.639
    79   6 C      2.914    -0.036    28.898     8.815
    80   6 C      2.913    -0.038    28.935     8.821
    81   6 C      2.913    -0.035    28.859     8.809
    82   6 C      2.914    -0.036    28.895     8.815
    83   6 C      2.958     0.013    27.730     8.637
    84   6 C      2.914    -0.038    28.939     8.821
    85   6 C      2.911    -0.037    28.923     8.819
    86   6 C      2.911    -0.036    28.891     8.814
    87   6 C      2.913    -0.038    28.940     8.822
    88   6 C      2.959     0.013    27.728     8.637
    89   6 C      2.915    -0.034    28.856     8.809
    90   6 C      2.911    -0.038    28.947     8.822
    91   6 C      3.801    -0.054    21.552     6.610
    92   6 C      3.746    -0.094    22.370     6.747
    93   6 C      3.800    -0.054    21.554     6.610
    94   6 C      3.745    -0.093    22.351     6.744
    95   6 C      3.800    -0.054    21.547     6.609
    96   6 C      3.745    -0.094    22.364     6.746
    97   6 C      3.800    -0.054    21.549     6.609
    98   6 C      3.745    -0.093    22.354     6.744
    99   1 H      0.925     0.073     2.051     2.240
   100   1 H      0.925     0.089     1.892     2.151
   101   1 H      0.924     0.089     1.889     2.149
   102   1 H      0.924     0.080     1.980     2.201
   103   1 H      0.925     0.087     1.905     2.158
   104   1 H      0.924     0.092     1.857     2.131
   105   1 H      0.925     0.104     1.751     2.070
   106   1 H      0.924     0.048     2.341     2.393
   107   1 H      0.924     0.043     2.411     2.428
   108   1 H      0.925     0.056     2.246     2.344
   109   1 H      0.923     0.049     2.336     2.390
   110   1 H      0.924     0.064     2.158     2.297
   111   1 H      0.923     0.046     2.365     2.405
   112   1 H      0.923     0.042     2.417     2.431
   113   1 H      0.923     0.033     2.551     2.498
   114   1 H      0.923     0.030     2.590     2.517
   115   1 H      0.923     0.033     2.541     2.493
   116   1 H      0.923     0.027     2.634     2.538
   117   1 H      0.923     0.035     2.516     2.481
   118   1 H      0.922     0.027     2.635     2.539
   119   1 H      0.923     0.039     2.461     2.453
   120   1 H      0.923     0.038     2.471     2.458
   121   1 H      0.923     0.036     2.505     2.475
   122   1 H      0.924     0.026     2.643     2.542
   123   1 H      0.924     0.036     2.510     2.477
   124   1 H      0.924     0.033     2.549     2.497
   125   1 H      0.925     0.030     2.585     2.514
   126   1 H      0.924     0.033     2.546     2.495
   127   1 H      0.924     0.031     2.566     2.505
   128   1 H      0.924     0.033     2.544     2.494
   129   1 H      0.924     0.031     2.570     2.507
   130   1 H      0.924     0.033     2.547     2.496
   131   1 H      0.924     0.034     2.529     2.487
   132   1 H      0.924     0.030     2.585     2.514
   133   1 H      0.924     0.027     2.631     2.537
   134   1 H      0.924     0.028     2.621     2.532
   135   1 H      0.924     0.030     2.584     2.514
   136   1 H      0.924     0.038     2.473     2.459
   137   1 H      0.924     0.045     2.385     2.415
   138   1 H      0.923     0.036     2.498     2.472
   139   1 H      0.923     0.036     2.497     2.471
   140   1 H      0.923     0.035     2.520     2.482
   141   1 H      0.923     0.038     2.477     2.461
   142   1 H      0.923     0.038     2.470     2.458
   143   1 H      0.923     0.035     2.511     2.478
   144   1 H      0.923     0.038     2.473     2.459
   145   1 H      0.923     0.033     2.540     2.492
   146   1 H      0.923     0.036     2.497     2.471
   147   1 H      0.923     0.035     2.522     2.483
   148   1 H      0.923     0.035     2.522     2.484
   149   1 H      0.922     0.039     2.469     2.457
   150   1 H      0.923     0.034     2.529     2.487
   151   1 H      0.923     0.035     2.511     2.478
   152   1 H      0.923     0.036     2.507     2.476
   153   1 H      0.923     0.037     2.486     2.466
   154   1 H      0.923     0.034     2.530     2.487
   155   1 H      0.923     0.036     2.499     2.472
   156   1 H      0.923     0.035     2.514     2.480
   157   1 H      0.923     0.033     2.547     2.496

 Mol. C6AA /au·bohr⁶  :     404054.123932
 Mol. C8AA /au·bohr⁸  :   11026025.151660
 Mol. α(0) /au        :       1009.609599


Wiberg/Mayer (AO) data.
largest (>0.10) Wiberg bond orders for each atom
          total WBO             WBO to atom ...
     1  C   3.940        C    2 1.478    C   37 1.310    H   99 0.941
     2  C   3.946        C    1 1.478    C    3 1.148    C    6 1.056
     3  C   3.965        C   14 1.483    C    2 1.148    C    4 1.072
     4  C   3.980        C    7 1.400    C    5 1.299    C    3 1.072
     5  C   3.977        C   10 1.417    C    4 1.299    C    6 1.016
     6  C   3.920        O   13 1.734    C    2 1.056    C    5 1.016
     7  C   3.969        C    4 1.400    C    8 1.394    H  100 0.953
     8  C   3.919        C    7 1.394    C    9 1.345    Cl  12 1.010
     9  C   3.896        C   10 1.389    C    8 1.345    Cl  11 1.006
    10  C   3.975        C    5 1.417    C    9 1.389    H  101 0.959
    11  Cl  1.152        C    9 1.006
    12  Cl  1.156        C    8 1.010
    13  O   2.038        C    6 1.734
    14  C   3.922        C    3 1.483    C   16 1.095    C   15 1.095
    15  C   3.941        N   17 2.767    C   14 1.095
    16  C   3.941        N   18 2.757    C   14 1.095
    17  N   2.968        C   15 2.767
    18  N   2.966        C   16 2.757
    19  C   3.942        C   20 1.550    C   59 1.236    H  102 0.944
    20  C   3.957        C   19 1.550    C   21 1.134    C   24 1.008
    21  C   3.971        C   32 1.490    C   20 1.134    C   22 1.073
    22  C   3.981        C   25 1.401    C   23 1.294    C   21 1.073
    23  C   3.973        C   28 1.419    C   22 1.294    C   24 1.007
    24  C   3.921        O   31 1.789    C   20 1.008    C   23 1.007
    25  C   3.971        C   22 1.401    C   26 1.394    H  103 0.956
    26  C   3.920        C   25 1.394    C   27 1.342    Cl  30 1.012
    27  C   3.897        C   28 1.387    C   26 1.342    Cl  29 1.011
    28  C   3.976        C   23 1.419    C   27 1.387    H  104 0.959
    29  Cl  1.157        C   27 1.011
    30  Cl  1.160        C   26 1.012
    31  O   2.055        C   24 1.789
    32  C   3.952        C   21 1.490    C   34 1.095    C   33 1.095
    33  C   3.942        N   35 2.771    C   32 1.095
    34  C   3.942        N   36 2.771    C   32 1.095
    35  N   2.971        C   33 2.771
    36  N   2.982        C   34 2.771
    37  C   3.917        C   41 1.382    C    1 1.310    S   38 1.058
    38  S   2.537        C   39 1.158    C   37 1.058    C   41 0.103
    39  C   3.927        C   42 1.328    C   40 1.219    S   38 1.158
    40  C   3.936        C   41 1.359    C   39 1.219    N   44 1.149
    41  C   3.945        C   37 1.382    C   40 1.359    H  105 0.932    S   38 0.103
    42  C   3.917        C   39 1.328    C   43 1.260    S   45 1.097
    43  C   3.918        C   47 1.260    C   42 1.260    N   44 1.171
    44  N   3.575        C   43 1.171    C   40 1.149    C   65 0.979
    45  S   2.520        C   46 1.126    C   42 1.097
    46  C   3.886        C   47 1.440    C   48 1.140    S   45 1.126
    47  C   3.952        C   46 1.440    C   43 1.260    C   50 0.967
    48  C   3.950        C   51 1.348    C   49 1.283    C   46 1.140
    49  C   3.963        C   54 1.475    C   48 1.283    C   50 0.958
    50  C   3.984        C   47 0.967    C   64 0.962    C   49 0.958    C   63 0.952
    51  C   3.972        C   52 1.465    C   48 1.348    H  106 0.964
    52  C   3.961        C   51 1.465    C   53 1.283    C   55 0.968
    53  C   3.955        C   54 1.339    C   52 1.283    C   57 1.149
    54  C   3.973        C   49 1.475    C   53 1.339    H  107 0.963
    55  C   3.983        C   52 0.968    C   56 0.968    C   62 0.957    C   61 0.949
    56  C   3.961        C   57 1.387    C   58 1.367    C   55 0.968
    57  C   3.926        C   56 1.387    S   60 1.175    C   53 1.149
    58  C   3.963        C   59 1.416    C   56 1.367    H  108 0.959
    59  C   3.926        C   58 1.416    C   19 1.236    S   60 1.095
    60  S   2.588        C   57 1.175    C   59 1.095
    61  C   3.980        C   85 1.424    C   81 1.391    C   55 0.949    C   83 0.106
    62  C   3.980        C   86 1.414    C   90 1.402    C   55 0.957    C   88 0.106
    63  C   3.980        C   75 1.412    C   71 1.403    C   50 0.952    C   73 0.106
    64  C   3.981        C   80 1.407    C   76 1.402    C   50 0.962    C   78 0.106
    65  C   3.960        C   66 0.983    N   44 0.979    H  109 0.962    H  110 0.961
    66  C   3.987        C   67 0.998    C   69 0.989    C   65 0.983    H  111 0.963
    67  C   3.995        C   68 1.019    C   66 0.998    H  113 0.973    H  112 0.972
    68  C   3.996        C   67 1.019    H  114 0.987    H  115 0.987    H  116 0.981
    69  C   3.995        C   70 1.021    C   66 0.989    H  118 0.976    H  117 0.976
    70  C   3.995        C   69 1.021    H  119 0.987    H  120 0.985    H  121 0.985
    71  C   3.990        C   72 1.455    C   63 1.403    H  122 0.968    C   74 0.109
    72  C   3.989        C   71 1.455    C   73 1.403    H  123 0.968    C   75 0.106
    73  C   3.984        C   74 1.413    C   72 1.403    C   91 1.013    C   63 0.106
    74  C   3.988        C   75 1.440    C   73 1.413    H  124 0.969    C   71 0.109
    75  C   3.988        C   74 1.440    C   63 1.412    H  125 0.962    C   72 0.106
    76  C   3.988        C   77 1.449    C   64 1.402    H  126 0.967    C   79 0.109
    77  C   3.988        C   76 1.449    C   78 1.408    H  127 0.968    C   80 0.106
    78  C   3.985        C   79 1.408    C   77 1.408    C   93 1.013    C   64 0.106
    79  C   3.990        C   80 1.447    C   78 1.408    H  128 0.968    C   76 0.109
    80  C   3.989        C   79 1.447    C   64 1.407    H  129 0.962    C   77 0.106
    81  C   3.988        C   82 1.466    C   61 1.391    H  130 0.968    C   84 0.108
    82  C   3.989        C   81 1.466    C   83 1.393    H  131 0.968    C   85 0.108
    83  C   3.984        C   84 1.424    C   82 1.393    C   95 1.012    C   61 0.106
    84  C   3.989        C   85 1.431    C   83 1.424    H  132 0.968    C   81 0.108
    85  C   3.988        C   84 1.431    C   61 1.424    H  133 0.966    C   82 0.108
    86  C   3.988        C   87 1.439    C   62 1.414    H  134 0.968    C   89 0.109
    87  C   3.989        C   86 1.439    C   88 1.416    H  135 0.969    C   90 0.108
    88  C   3.985        C   87 1.416    C   89 1.402    C   97 1.013    C   62 0.106
    89  C   3.989        C   90 1.456    C   88 1.402    H  136 0.968    C   86 0.109
    90  C   3.988        C   89 1.456    C   62 1.402    H  137 0.963    C   87 0.108
    91  C   3.996        C   73 1.013    C   92 1.002    H  139 0.975    H  138 0.971
    92  C   3.995        C   91 1.002    H  142 0.988    H  140 0.988    H  141 0.986
    93  C   3.996        C   78 1.013    C   94 1.005    H  143 0.976    H  144 0.967
    94  C   3.995        C   93 1.005    H  145 0.988    H  147 0.987    H  146 0.986
    95  C   3.996        C   83 1.012    C   96 1.007    H  148 0.976    H  149 0.965
    96  C   3.995        C   95 1.007    H  150 0.988    H  152 0.987    H  151 0.986
    97  C   3.996        C   88 1.013    C   98 1.003    H  154 0.976    H  153 0.970
    98  C   3.995        C   97 1.003    H  157 0.988    H  155 0.987    H  156 0.986
    99  H   0.994        C    1 0.941
   100  H   0.992        C    7 0.953
   101  H   0.992        C   10 0.959
   102  H   0.991        C   19 0.944
   103  H   0.992        C   25 0.956
   104  H   0.991        C   28 0.959
   105  H   0.988        C   41 0.932
   106  H   0.996        C   51 0.964
   107  H   0.997        C   54 0.963
   108  H   0.997        C   58 0.959
   109  H   0.995        C   65 0.962
   110  H   0.995        C   65 0.961
   111  H   0.997        C   66 0.963
   112  H   0.998        C   67 0.972
   113  H   0.999        C   67 0.973
   114  H   0.999        C   68 0.987
   115  H   0.999        C   68 0.987
   116  H   0.999        C   68 0.981
   117  H   0.999        C   69 0.976
   118  H   0.999        C   69 0.976
   119  H   0.998        C   70 0.987
   120  H   0.998        C   70 0.985
   121  H   0.999        C   70 0.985
   122  H   0.999        C   71 0.968
   123  H   0.998        C   72 0.968
   124  H   0.998        C   74 0.969
   125  H   0.999        C   75 0.962
   126  H   0.999        C   76 0.967
   127  H   0.998        C   77 0.968
   128  H   0.998        C   79 0.968
   129  H   0.999        C   80 0.962
   130  H   0.998        C   81 0.968
   131  H   0.998        C   82 0.968
   132  H   0.998        C   84 0.968
   133  H   0.999        C   85 0.966
   134  H   0.999        C   86 0.968
   135  H   0.998        C   87 0.969
   136  H   0.998        C   89 0.968
   137  H   0.998        C   90 0.963
   138  H   0.998        C   91 0.971
   139  H   0.998        C   91 0.975
   140  H   0.999        C   92 0.988
   141  H   0.998        C   92 0.986
   142  H   0.999        C   92 0.988
   143  H   0.998        C   93 0.976
   144  H   0.998        C   93 0.967
   145  H   0.999        C   94 0.988
   146  H   0.998        C   94 0.986
   147  H   0.999        C   94 0.987
   148  H   0.998        C   95 0.976
   149  H   0.998        C   95 0.965
   150  H   0.999        C   96 0.988
   151  H   0.998        C   96 0.986
   152  H   0.999        C   96 0.987
   153  H   0.998        C   97 0.970
   154  H   0.999        C   97 0.976
   155  H   0.999        C   98 0.987
   156  H   0.998        C   98 0.986
   157  H   0.999        C   98 0.988

molecular dipole:
                 x           y           z       tot (Debye)
 q only:        3.151      -2.419       0.153
   full:        3.354      -2.024       1.526      10.686
molecular quadrupole (traceless):
                xx          xy          yy          xz          yz          zz
 q only:      -39.755    -116.438      15.244     -31.372      -5.254      24.511
  q+dip:       -7.545    -100.532       2.614     -18.359       0.732       4.931
   full:      -10.863     -98.756      10.813     -18.812      -4.307       0.050


           -------------------------------------------------
          | TOTAL ENERGY             -260.548834294087 Eh   |
          | GRADIENT NORM               0.111475118344 Eh/α |
          | HOMO-LUMO GAP               1.002277916744 eV   |
           -------------------------------------------------

------------------------------------------------------------------------
 * finished run on 2020/11/20 at 13:45:25.532     
------------------------------------------------------------------------
 total:
 * wall-time:     0 d,  0 h,  0 min,  2.224 sec
 *  cpu-time:     0 d,  0 h,  0 min,  2.220 sec
 * ratio c/w:     0.998 speedup
 SCF:
 * wall-time:     0 d,  0 h,  0 min,  1.732 sec
 *  cpu-time:     0 d,  0 h,  0 min,  1.731 sec
 * ratio c/w:     0.999 speedup

