      -----------------------------------------------------------      
     |                   =====================                   |     
     |                           x T B                           |     
     |                   =====================                   |     
     |                         S. Grimme                         |     
     |          Mulliken Center for Theoretical Chemistry        |     
     |                    University of Bonn                     |     
     |                Version 6.2 RC2 (SAW190805)                |     
      -----------------------------------------------------------      

   This program is distributed in the hope that it will be useful,
   but WITHOUT ANY WARRANTY; without even the implied warranty of
   MERCHANTABILITY or FITNESS FOR A PARTICULAR PURPOSE.
   
   FOR NON-COMMERCIAL, ACADEMIA USE ONLY.
   
   Cite this work as:
   * S. Grimme, C. Bannwarth, P. Shushkov, J. Chem. Theory Comput., 2017,
     13, 1989-2009. DOI: 10.1021/acs.jctc.7b00118
   * C. Bannwarth, S. Ehlert and S. Grimme., J. Chem. Theory Comput., 2019,
     15, 1652-1671. DOI: 10.1021/acs.jctc.8b01176
   * P. Pracht, E. Caldeweyher, S. Ehlert, S. Grimme, ChemRxiv, 2019, preprint.
     DOI: 10.26434/chemrxiv.8326202.v1
   
   for DFT-D4:
   * E. Caldeweyher, C. Bannwarth and S. Grimme, J. Chem. Phys., 2017,
     147, 034112. DOI: 10.1063/1.4993215
   * E. Caldeweyher, S. Ehlert, A. Hansen, H. Neugebauer, S. Spicher,
     C. Bannwarth and S. Grimme, J. Chem. Phys., 2019, 150, 154122.
     DOI: 10.1063/1.5090222
   
   for sTDA-xTB:
   * S. Grimme and C. Bannwarth, J. Chem. Phys., 2016, 145, 054103.
     DOI: 10.1063/1.4959605
   
   in the mass-spec context:
   * V. Asgeirsson, C. Bauer and S. Grimme, Chem. Sci., 2017, 8, 4879.
     DOI: 10.1039/c7sc00601b
   
   for metadynamics refer to:
   * S. Grimme, J. Chem. Theory Comput., 2019, 155, 2847-2862
     DOI: 10.1021/acs.jctc.9b00143
   
   with help from (in alphabetical order)
   C. Bannwarth, F. Bohle, G. Brandenburg, E. Caldeweyher, M. Checinski,
   S. Dohm, S. Ehlert, S. Ehrlich, F. März, H. Neugebauer, J. Pisarek,
   P. Pracht, P. Shushkov, and S. Spicher.
   
 * started run on 2021/04/12 at 13:53:26.721     

           -------------------------------------------------
          |                Calculation Setup                |
           -------------------------------------------------

          program call               : /ihome/ghutchison/geoffh/xtb/xtb IT-4F.xyz -sp
          hostname                   : smp-n149
          coordinate file            : IT-4F.xyz
          omp threads                :                     1
          number of atoms            :                   138
          number of electrons        :                   442
          charge                     :                     0
          spin                       :                   0.0
          first test random number   :      0.13887534281444


########################################################################
# WARNING! Please study the warnings concerning your input carefully
#  - XTBPATH is not set, using XTBHOME instead
#  - the use of '-sp' is discouraged, please use '--sp' next time
########################################################################

           ------------------------------------------------- 
          |                 G F N 2 - x T B                 |
          | Geometry, Frequencies, Noncovalent interactions |
          |            JCTC 2019 parametrisation            |
           ------------------------------------------------- 
             KAB for C  - Si     :                1.0500
             KAB for H  - Pd     :                0.9500
             k(s)              :                1.8500
             k(p)              :                2.2300
             k(d)              :                2.2300
             k(f)              :                2.0000
             kEN (H0ij)        :               -2.0000
             D4 a1             :                0.5200
             D4 a2             :                5.0000
             D4 s6             :                1.0000
             D4 s8             :                2.7000
             D4 s9             :                5.0000
             alphaj            :                2.0000

  Z AO/shell   Hii/eV     exponent
  1     Wed Apr 25 08:07:45 CEST 2018   EN: 2.200 GM2: 0.406  GM3: 0.0800  RAES: 1.40
     1s    -10.707211    1.230000
  6     Wed Apr 25 08:07:45 CEST 2018   EN: 2.550 GM2: 0.538  GM3: 0.1500  RAES: 3.00
     2s    -13.970922    2.096432
     2p    -10.063292    1.800000
  7     Wed Apr 25 08:07:45 CEST 2018   EN: 3.040 GM2: 0.461  GM3:-0.0640  RAES: 1.90
     2s    -16.686243    2.339881
     2p    -12.523956    2.014332
  8     Wed Apr 25 08:07:45 CEST 2018   EN: 3.440 GM2: 0.452  GM3:-0.0517  RAES: 1.80
     2s    -20.229985    2.439742
     2p    -15.503117    2.137023
  9     Mon Apr 23 13:58:50 CEST 2018   EN: 3.980 GM2: 0.532  GM3: 0.1426  RAES: 2.40
     2s    -23.458179    2.416361
     2p    -15.746583    2.308399
 16     Tue Apr 24 11:44:34 CEST 2018   EN: 2.580 GM2: 0.340  GM3:-0.0502  RAES: 3.10
     3s    -20.029654    1.981333
     3p    -11.377694    2.025643
     3d     -0.420282    1.702555

           ------------------------------------------------- 
          |        Self-Consistent Charge Iterations        |
           ------------------------------------------------- 

          ...................................................
          :                      SETUP                      :
          :.................................................:
          :  # basis functions                 438          :
          :  # atomic orbitals                 434          :
          :  # shells                          234          :
          :  # electrons                       442          :
          :  max. iterations                   250          :
          :  Hamiltonian                  GFN2-xTB          :
          :  restarted?                      false          :
          :  GBSA solvation                  false          :
          :  PC potential                    false          :
          :  electronic temp.          300.0000000     K    :
          :  accuracy                    1.0000000          :
          :  -> integral cutoff          0.2500000E+02      :
          :  -> integral neglect         0.1000000E-07      :
          :  -> SCF convergence          0.1000000E-05 Eh   :
          :  -> wf. convergence          0.1000000E-03 e    :
          :  Broyden damping             0.4000000          :
          ...................................................

 iter      E             dE          RMSdq      gap      omega  full diag
   1   -245.4535261 -0.245454E+03  0.488E+00    1.29       0.0  T
   2   -245.5274264 -0.739003E-01  0.303E+00    1.26       1.0  T
   3   -245.0628435  0.464583E+00  0.227E+00    0.79       1.0  T
   4   -245.6739219 -0.611078E+00  0.636E-01    1.23       1.0  T
   5   -245.7181739 -0.442520E-01  0.205E-01    1.01       1.0  T
   6   -245.7203385 -0.216454E-02  0.119E-01    1.10       1.0  T
   7   -245.7222576 -0.191909E-02  0.487E-02    1.06       1.0  T
   8   -245.7224791 -0.221535E-03  0.175E-02    1.07       1.0  T
   9   -245.7224987 -0.195628E-04  0.924E-03    1.07       1.0  T
  10   -245.7225067 -0.798083E-05  0.384E-03    1.07       2.2  T
  11   -245.7225075 -0.837789E-06  0.173E-03    1.07       4.9  T
  12   -245.7225077 -0.206987E-06  0.816E-04    1.07      10.4  T
  13   -245.7225077 -0.404300E-07  0.477E-04    1.07      17.8  T

   *** convergence criteria satisfied after 13 iterations ***

         #    Occupation            Energy/Eh            Energy/eV
      -------------------------------------------------------------
         1        2.0000           -0.8516820             -23.1754
       ...           ...                  ...                  ...
       215        2.0000           -0.4061506             -11.0519
       216        2.0000           -0.4039531             -10.9921
       217        2.0000           -0.4030641             -10.9679
       218        2.0000           -0.3999215             -10.8824
       219        2.0000           -0.3975990             -10.8192
       220        2.0000           -0.3970584             -10.8045
       221        2.0000           -0.3848496             -10.4723 (HOMO)
       222                         -0.3455556              -9.4030 (LUMO)
       223                         -0.3416724              -9.2974
       224                         -0.3324184              -9.0456
       225                         -0.3294522              -8.9648
       226                         -0.3000906              -8.1659
       ...                                ...                  ...
       434                          1.0644631              28.9655
      -------------------------------------------------------------
                  HL-Gap            0.0392940 Eh            1.0692 eV
             Fermi-level           -0.3652105 Eh           -9.9379 eV

 SCC (total)                   0 d,  0 h,  0 min,  1.017 sec
 SCC setup                      ...        0 min,  0.004 sec (  0.386%)
 Dispersion                     ...        0 min,  0.009 sec (  0.846%)
 integral evaluation            ...        0 min,  0.326 sec ( 32.063%)
 zeroth order Hamiltonian       ...        0 min,  0.002 sec (  0.183%)
 iterations                     ...        0 min,  0.413 sec ( 40.607%)
 molecular gradient             ...        0 min,  0.260 sec ( 25.526%)
 printout                       ...        0 min,  0.004 sec (  0.382%)

         :::::::::::::::::::::::::::::::::::::::::::::::::::::
         ::                     SUMMARY                     ::
         :::::::::::::::::::::::::::::::::::::::::::::::::::::
         :: total energy            -242.059989277460 Eh    ::
         :: gradient norm              0.110091422683 Eh/a0 ::
         :: HOMO-LUMO gap              1.069244112933 eV    ::
         ::.................................................::
         :: SCC energy              -245.722507744394 Eh    ::
         :: -> isotropic ES            0.127226984158 Eh    ::
         :: -> anisotropic ES          0.020216237074 Eh    ::
         :: -> anisotropic XC          0.141388325278 Eh    ::
         :: -> dispersion             -0.214365314879 Eh    ::
         :: repulsion energy           3.660052506504 Eh    ::
         :: add. restraining           0.000000000000 Eh    ::
         :::::::::::::::::::::::::::::::::::::::::::::::::::::

           -------------------------------------------------
          |                Property Printout                |
           -------------------------------------------------

    * Orbital Energies and Occupations

         #    Occupation            Energy/Eh            Energy/eV
      -------------------------------------------------------------
         1        2.0000           -0.8516820             -23.1754
       ...           ...                  ...                  ...
       209        2.0000           -0.4162360             -11.3264
       210        2.0000           -0.4150667             -11.2945
       211        2.0000           -0.4132151             -11.2442
       212        2.0000           -0.4130489             -11.2396
       213        2.0000           -0.4117458             -11.2042
       214        2.0000           -0.4076154             -11.0918
       215        2.0000           -0.4061506             -11.0519
       216        2.0000           -0.4039531             -10.9921
       217        2.0000           -0.4030641             -10.9679
       218        2.0000           -0.3999215             -10.8824
       219        2.0000           -0.3975990             -10.8192
       220        2.0000           -0.3970584             -10.8045
       221        2.0000           -0.3848496             -10.4723 (HOMO)
       222                         -0.3455556              -9.4030 (LUMO)
       223                         -0.3416724              -9.2974
       224                         -0.3324184              -9.0456
       225                         -0.3294522              -8.9648
       226                         -0.3000906              -8.1659
       227                         -0.2873515              -7.8192
       228                         -0.2766358              -7.5276
       229                         -0.2661634              -7.2427
       230                         -0.2575815              -7.0091
       231                         -0.2542122              -6.9175
       232                         -0.2536999              -6.9035
       ...                                ...                  ...
       434                          1.0644631              28.9655
      -------------------------------------------------------------
                  HL-Gap            0.0392940 Eh            1.0692 eV
             Fermi-level           -0.3652105 Eh           -9.9379 eV

     #   Z        covCN         q      C6AA      α(0)
     1   6 C      2.861     0.226    23.251     7.904
     2   8 O      0.863    -0.353    20.760     6.109
     3   6 C      3.027    -0.019    28.462     8.751
     4   6 C      2.906    -0.038    28.937     8.820
     5   6 C      2.777     0.161    24.512     8.109
     6   9 F      0.787    -0.181    11.045     3.926
     7   6 C      2.775     0.163    24.477     8.103
     8   9 F      0.787    -0.180    11.032     3.923
     9   6 C      2.908    -0.051    29.255     8.869
    10   6 C      3.015     0.005    27.886     8.662
    11   6 C      3.000     0.031    27.304     8.572
    12   6 C      2.943     0.010    27.792     8.646
    13   6 C      1.914     0.120    28.148     8.568
    14   7 N      0.911    -0.231    26.061     7.383
    15   6 C      1.915     0.119    28.163     8.571
    16   7 N      0.911    -0.223    25.882     7.358
    17   6 C      2.986    -0.036    28.882     8.816
    18   6 C      2.906    -0.012    28.324     8.727
    19   6 C      2.975     0.023    27.494     8.601
    20   6 C      3.032    -0.043    29.039     8.839
    21   6 C      3.129     0.018    27.418     8.573
    22   6 C      3.113     0.010    27.646     8.613
    23  16 S      2.186     0.053   138.909    19.837
    24   6 C      3.153    -0.010    27.970     8.649
    25   6 C      3.930     0.016    20.247     6.395
    26   6 C      2.963     0.009    27.819     8.651
    27   6 C      2.913    -0.034    28.838     8.806
    28   6 C      2.915    -0.039    28.968     8.826
    29   6 C      2.957     0.013    27.717     8.635
    30   6 C      3.800    -0.055    21.557     6.611
    31   6 C      3.745    -0.096    22.397     6.751
    32   6 C      2.914    -0.037    28.913     8.817
    33   6 C      2.912    -0.036    28.893     8.814
    34   6 C      2.968     0.009    27.823     8.652
    35   6 C      2.912    -0.033    28.827     8.804
    36   6 C      2.914    -0.035    28.870     8.811
    37   6 C      2.959     0.014    27.703     8.633
    38   6 C      3.800    -0.054    21.548     6.609
    39   6 C      3.746    -0.094    22.358     6.745
    40   6 C      2.914    -0.036    28.894     8.814
    41   6 C      2.911    -0.036    28.905     8.816
    42   6 C      3.040     0.007    27.833     8.653
    43   6 C      3.021     0.005    27.881     8.661
    44   6 C      3.056     0.022    27.462     8.594
    45  16 S      2.158    -0.025   142.086    20.062
    46   6 C      2.901    -0.033    28.810     8.801
    47   6 C      3.051     0.008    27.798     8.647
    48   6 C      3.931     0.015    20.258     6.396
    49   6 C      2.968     0.009    27.817     8.651
    50   6 C      2.912    -0.034    28.840     8.806
    51   6 C      2.914    -0.035    28.869     8.811
    52   6 C      2.960     0.015    27.666     8.627
    53   6 C      3.801    -0.055    21.560     6.611
    54   6 C      3.746    -0.094    22.357     6.745
    55   6 C      2.915    -0.036    28.889     8.814
    56   6 C      2.912    -0.036    28.899     8.815
    57   6 C      2.961     0.008    27.842     8.655
    58   6 C      2.912    -0.035    28.882     8.812
    59   6 C      2.914    -0.035    28.883     8.813
    60   6 C      2.958     0.014    27.697     8.632
    61   6 C      3.800    -0.055    21.561     6.611
    62   6 C      3.745    -0.094    22.357     6.745
    63   6 C      2.914    -0.037    28.912     8.817
    64   6 C      2.912    -0.034    28.848     8.807
    65   6 C      3.167    -0.010    27.902     8.631
    66   6 C      3.053     0.020    27.502     8.601
    67   6 C      3.017     0.006    27.873     8.660
    68   6 C      2.902    -0.032    28.805     8.800
    69  16 S      2.169    -0.016   141.724    20.037
    70   6 C      3.146     0.018    27.347     8.555
    71   6 C      3.117     0.022    27.353     8.567
    72  16 S      2.256     0.003   140.924    19.980
    73   6 C      2.977     0.025    27.449     8.594
    74   6 C      3.025    -0.032    28.773     8.799
    75   6 C      2.952    -0.012    28.311     8.727
    76   6 C      2.984    -0.036    28.897     8.818
    77   6 C      3.000     0.034    27.237     8.561
    78   6 C      2.944     0.009    27.809     8.649
    79   6 C      1.912     0.117    28.214     8.578
    80   7 N      0.911    -0.224    25.907     7.362
    81   6 C      1.913     0.119    28.183     8.574
    82   7 N      0.911    -0.228    25.983     7.372
    83   6 C      3.015     0.006    27.876     8.661
    84   6 C      2.907    -0.050    29.242     8.867
    85   6 C      2.775     0.163    24.468     8.102
    86   9 F      0.788    -0.179    11.023     3.922
    87   6 C      2.777     0.161    24.504     8.108
    88   9 F      0.787    -0.181    11.038     3.924
    89   6 C      2.906    -0.037    28.926     8.819
    90   6 C      3.022    -0.019    28.459     8.751
    91   6 C      2.866     0.225    23.272     7.908
    92   8 O      0.856    -0.353    20.768     6.110
    93   1 H      0.924     0.093     1.854     2.129
    94   1 H      0.925     0.091     1.866     2.136
    95   1 H      0.925     0.074     2.042     2.235
    96   1 H      0.924     0.064     2.148     2.292
    97   1 H      0.924     0.031     2.565     2.505
    98   1 H      0.924     0.031     2.579     2.511
    99   1 H      0.923     0.039     2.460     2.453
   100   1 H      0.922     0.043     2.404     2.425
   101   1 H      0.923     0.035     2.522     2.484
   102   1 H      0.923     0.035     2.518     2.482
   103   1 H      0.923     0.035     2.519     2.482
   104   1 H      0.924     0.038     2.478     2.462
   105   1 H      0.924     0.025     2.658     2.550
   106   1 H      0.924     0.039     2.468     2.457
   107   1 H      0.924     0.037     2.488     2.467
   108   1 H      0.923     0.037     2.493     2.469
   109   1 H      0.923     0.036     2.501     2.473
   110   1 H      0.923     0.035     2.515     2.480
   111   1 H      0.923     0.037     2.496     2.471
   112   1 H      0.923     0.035     2.522     2.483
   113   1 H      0.924     0.032     2.553     2.499
   114   1 H      0.924     0.021     2.711     2.575
   115   1 H      0.924     0.048     2.349     2.397
   116   1 H      0.924     0.036     2.509     2.477
   117   1 H      0.924     0.036     2.503     2.474
   118   1 H      0.923     0.037     2.490     2.468
   119   1 H      0.923     0.039     2.466     2.456
   120   1 H      0.923     0.034     2.535     2.490
   121   1 H      0.923     0.037     2.486     2.466
   122   1 H      0.923     0.035     2.515     2.480
   123   1 H      0.924     0.033     2.544     2.494
   124   1 H      0.925     0.024     2.680     2.560
   125   1 H      0.924     0.023     2.682     2.561
   126   1 H      0.924     0.033     2.541     2.493
   127   1 H      0.923     0.037     2.496     2.471
   128   1 H      0.923     0.038     2.472     2.459
   129   1 H      0.923     0.034     2.528     2.486
   130   1 H      0.923     0.037     2.494     2.470
   131   1 H      0.923     0.035     2.524     2.484
   132   1 H      0.924     0.033     2.538     2.491
   133   1 H      0.924     0.032     2.554     2.499
   134   1 H      0.924     0.049     2.333     2.389
   135   1 H      0.925     0.054     2.275     2.359
   136   1 H      0.923     0.089     1.887     2.148
   137   1 H      0.925     0.090     1.878     2.143
   138   1 H      0.924     0.094     1.838     2.120

 Mol. C6AA /au·bohr⁶  :     320644.618948
 Mol. C8AA /au·bohr⁸  :    8693621.602934
 Mol. α(0) /au        :        903.593570


Wiberg/Mayer (AO) data.
largest (>0.10) Wiberg bond orders for each atom
          total WBO             WBO to atom ...
     1  C   3.925        O    2 1.750    C   17 1.049    C    3 1.016
     2  O   2.083        C    1 1.750
     3  C   3.975        C    4 1.407    C   10 1.313    C    1 1.016
     4  C   3.977        C    3 1.407    C    5 1.393    H   93 0.959
     5  C   3.865        C    4 1.393    C    7 1.316    F    6 0.994
     6  F   1.135        C    5 0.994
     7  C   3.888        C    9 1.399    C    5 1.316    F    8 0.996
     8  F   1.139        C    7 0.996
     9  C   3.971        C    7 1.399    C   10 1.389    H   94 0.954
    10  C   3.980        C    9 1.389    C    3 1.313    C   11 1.074
    11  C   3.969        C   12 1.490    C   17 1.141    C   10 1.074
    12  C   3.925        C   11 1.490    C   13 1.094    C   15 1.093
    13  C   3.941        N   14 2.760    C   12 1.094
    14  N   2.969        C   13 2.760
    15  C   3.942        N   16 2.771    C   12 1.093
    16  N   2.971        C   15 2.771
    17  C   3.950        C   18 1.506    C   11 1.141    C    1 1.049
    18  C   3.939        C   17 1.506    C   19 1.288    H   95 0.936
    19  C   3.934        C   20 1.369    C   18 1.288    S   23 1.098
    20  C   3.955        C   21 1.393    C   19 1.369    H   96 0.960
    21  C   3.929        C   20 1.393    C   22 1.274    S   45 1.088
    22  C   3.941        C   24 1.291    C   21 1.274    S   23 1.162
    23  S   2.662        C   22 1.162    C   19 1.098
    24  C   3.953        C   44 1.429    C   22 1.291    C   25 0.970
    25  C   3.984        C   24 0.970    C   42 0.966    C   26 0.960    C   34 0.945
    26  C   3.981        C   33 1.422    C   27 1.392    C   25 0.960    C   29 0.106
    27  C   3.988        C   28 1.462    C   26 1.392    H   97 0.967    C   32 0.108
    28  C   3.989        C   27 1.462    C   29 1.395    H   98 0.969    C   33 0.108
    29  C   3.985        C   32 1.420    C   28 1.395    C   30 1.012    C   26 0.106
    30  C   3.996        C   31 1.019    C   29 1.012    H   99 0.969    H  100 0.957
    31  C   3.996        C   30 1.019    H  101 0.987    H  102 0.986    H  103 0.985
    32  C   3.990        C   33 1.435    C   29 1.420    H  104 0.966    C   27 0.108
    33  C   3.989        C   32 1.435    C   26 1.422    H  105 0.967    C   28 0.108
    34  C   3.978        C   35 1.412    C   41 1.402    C   25 0.945    C   37 0.106
    35  C   3.987        C   36 1.440    C   34 1.412    H  106 0.966    C   40 0.109
    36  C   3.988        C   35 1.440    C   37 1.415    H  107 0.968    C   41 0.107
    37  C   3.984        C   36 1.415    C   40 1.401    C   38 1.013    C   34 0.106
    38  C   3.996        C   37 1.013    C   39 1.004    H  109 0.976    H  108 0.969
    39  C   3.995        C   38 1.004    H  112 0.988    H  110 0.987    H  111 0.986
    40  C   3.990        C   41 1.456    C   37 1.401    H  113 0.969    C   35 0.109
    41  C   3.990        C   40 1.456    C   34 1.402    H  114 0.968    C   36 0.107
    42  C   3.962        C   68 1.465    C   43 1.285    C   25 0.966
    43  C   3.954        C   46 1.345    C   42 1.285    C   44 1.144
    44  C   3.899        C   24 1.429    C   43 1.144    S   45 1.131
    45  S   2.526        C   44 1.131    C   21 1.088
    46  C   3.968        C   47 1.470    C   43 1.345    H  115 0.964
    47  C   3.964        C   46 1.470    C   67 1.281    C   48 0.971
    48  C   3.984        C   47 0.971    C   65 0.970    C   57 0.964    C   49 0.937
    49  C   3.978        C   56 1.412    C   50 1.404    C   48 0.937    C   52 0.106
    50  C   3.988        C   51 1.450    C   49 1.404    H  116 0.966    C   55 0.108
    51  C   3.988        C   50 1.450    C   52 1.405    H  117 0.969    C   56 0.108
    52  C   3.983        C   55 1.411    C   51 1.405    C   53 1.013    C   49 0.106
    53  C   3.996        C   52 1.013    C   54 1.002    H  118 0.975    H  119 0.971
    54  C   3.995        C   53 1.002    H  120 0.988    H  122 0.988    H  121 0.986
    55  C   3.989        C   56 1.445    C   52 1.411    H  123 0.968    C   50 0.108
    56  C   3.990        C   55 1.445    C   49 1.412    H  124 0.966    C   51 0.108
    57  C   3.982        C   64 1.409    C   58 1.407    C   48 0.964    C   60 0.106
    58  C   3.989        C   59 1.451    C   57 1.407    H  125 0.967    C   63 0.107
    59  C   3.990        C   58 1.451    C   60 1.406    H  126 0.969    C   64 0.109
    60  C   3.985        C   63 1.411    C   59 1.406    C   61 1.012    C   57 0.106
    61  C   3.996        C   60 1.012    C   62 1.004    H  127 0.975    H  128 0.970
    62  C   3.995        C   61 1.004    H  129 0.988    H  131 0.988    H  130 0.986
    63  C   3.989        C   64 1.445    C   60 1.411    H  132 0.968    C   58 0.107
    64  C   3.989        C   63 1.445    C   57 1.409    H  133 0.967    C   59 0.109
    65  C   3.959        C   66 1.429    C   71 1.293    C   48 0.970
    66  C   3.901        C   65 1.429    C   67 1.138    S   69 1.132
    67  C   3.952        C   68 1.350    C   47 1.281    C   66 1.138
    68  C   3.968        C   42 1.465    C   67 1.350    H  134 0.962
    69  S   2.531        C   66 1.132    C   70 1.094
    70  C   3.933        C   74 1.366    C   71 1.285    S   69 1.094
    71  C   3.933        C   65 1.293    C   70 1.285    S   72 1.154
    72  S   2.574        C   71 1.154    C   73 1.080
    73  C   3.930        C   74 1.402    C   75 1.271    S   72 1.080
    74  C   3.964        C   73 1.402    C   70 1.366    H  135 0.959
    75  C   3.941        C   76 1.518    C   73 1.271    H  136 0.944
    76  C   3.950        C   75 1.518    C   77 1.158    C   91 1.010
    77  C   3.974        C   78 1.477    C   76 1.158    C   83 1.066
    78  C   3.955        C   77 1.477    C   81 1.101    C   79 1.095
    79  C   3.943        N   80 2.772    C   78 1.095
    80  N   2.969        C   79 2.772
    81  C   3.944        N   82 2.766    C   78 1.101
    82  N   2.982        C   81 2.766
    83  C   3.981        C   84 1.392    C   90 1.312    C   77 1.066
    84  C   3.972        C   85 1.398    C   83 1.392    H  137 0.955
    85  C   3.889        C   84 1.398    C   87 1.317    F   86 0.997
    86  F   1.140        C   85 0.997
    87  C   3.882        C   89 1.394    C   85 1.317    F   88 0.995
    88  F   1.136        C   87 0.995
    89  C   3.978        C   90 1.406    C   87 1.394    H  138 0.959
    90  C   3.974        C   89 1.406    C   83 1.312    C   91 1.016
    91  C   3.925        O   92 1.785    C   90 1.016    C   76 1.010
    92  O   2.054        C   91 1.785
    93  H   0.991        C    4 0.959
    94  H   0.991        C    9 0.954
    95  H   0.993        C   18 0.936
    96  H   0.995        C   20 0.960
    97  H   0.999        C   27 0.967
    98  H   0.998        C   28 0.969
    99  H   0.998        C   30 0.969
   100  H   0.998        C   30 0.957
   101  H   0.999        C   31 0.987
   102  H   0.998        C   31 0.986
   103  H   0.999        C   31 0.985
   104  H   0.998        C   32 0.966
   105  H   0.999        C   33 0.967
   106  H   0.998        C   35 0.966
   107  H   0.998        C   36 0.968
   108  H   0.998        C   38 0.969
   109  H   0.998        C   38 0.976
   110  H   0.999        C   39 0.987
   111  H   0.998        C   39 0.986
   112  H   0.999        C   39 0.988
   113  H   0.998        C   40 0.969
   114  H   0.999        C   41 0.968
   115  H   0.996        C   46 0.964
   116  H   0.998        C   50 0.966
   117  H   0.998        C   51 0.969
   118  H   0.998        C   53 0.975
   119  H   0.998        C   53 0.971
   120  H   0.999        C   54 0.988
   121  H   0.998        C   54 0.986
   122  H   0.999        C   54 0.988
   123  H   0.998        C   55 0.968
   124  H   0.999        C   56 0.966
   125  H   0.999        C   58 0.967
   126  H   0.998        C   59 0.969
   127  H   0.998        C   61 0.975
   128  H   0.998        C   61 0.970
   129  H   0.999        C   62 0.988
   130  H   0.998        C   62 0.986
   131  H   0.999        C   62 0.988
   132  H   0.998        C   63 0.968
   133  H   0.999        C   64 0.967
   134  H   0.996        C   68 0.962
   135  H   0.997        C   74 0.959
   136  H   0.990        C   75 0.944
   137  H   0.991        C   84 0.955
   138  H   0.990        C   89 0.959

molecular dipole:
                 x           y           z       tot (Debye)
 q only:        0.748      -1.285      -0.542
   full:        1.038      -0.970      -0.573       3.894
molecular quadrupole (traceless):
                xx          xy          yy          xz          yz          zz
 q only:      -79.261     -96.123      46.636    -138.727     -45.390      32.626
  q+dip:      -52.832     -93.399      29.771    -133.730     -51.915      23.061
   full:      -57.339     -92.246      21.752    -137.581     -49.698      35.588


           -------------------------------------------------
          | TOTAL ENERGY             -242.059989277460 Eh   |
          | GRADIENT NORM               0.110091422683 Eh/α |
          | HOMO-LUMO GAP               1.069244112933 eV   |
           -------------------------------------------------

------------------------------------------------------------------------
 * finished run on 2021/04/12 at 13:53:28.092     
------------------------------------------------------------------------
 total:
 * wall-time:     0 d,  0 h,  0 min,  1.370 sec
 *  cpu-time:     0 d,  0 h,  0 min,  1.359 sec
 * ratio c/w:     0.992 speedup
 SCF:
 * wall-time:     0 d,  0 h,  0 min,  1.018 sec
 *  cpu-time:     0 d,  0 h,  0 min,  1.016 sec
 * ratio c/w:     0.998 speedup

