      -----------------------------------------------------------      
     |                   =====================                   |     
     |                           x T B                           |     
     |                   =====================                   |     
     |                         S. Grimme                         |     
     |          Mulliken Center for Theoretical Chemistry        |     
     |                    University of Bonn                     |     
     |                Version 6.2 RC2 (SAW190805)                |     
      -----------------------------------------------------------      

   This program is distributed in the hope that it will be useful,
   but WITHOUT ANY WARRANTY; without even the implied warranty of
   MERCHANTABILITY or FITNESS FOR A PARTICULAR PURPOSE.
   
   FOR NON-COMMERCIAL, ACADEMIA USE ONLY.
   
   Cite this work as:
   * S. Grimme, C. Bannwarth, P. Shushkov, J. Chem. Theory Comput., 2017,
     13, 1989-2009. DOI: 10.1021/acs.jctc.7b00118
   * C. Bannwarth, S. Ehlert and S. Grimme., J. Chem. Theory Comput., 2019,
     15, 1652-1671. DOI: 10.1021/acs.jctc.8b01176
   * P. Pracht, E. Caldeweyher, S. Ehlert, S. Grimme, ChemRxiv, 2019, preprint.
     DOI: 10.26434/chemrxiv.8326202.v1
   
   for DFT-D4:
   * E. Caldeweyher, C. Bannwarth and S. Grimme, J. Chem. Phys., 2017,
     147, 034112. DOI: 10.1063/1.4993215
   * E. Caldeweyher, S. Ehlert, A. Hansen, H. Neugebauer, S. Spicher,
     C. Bannwarth and S. Grimme, J. Chem. Phys., 2019, 150, 154122.
     DOI: 10.1063/1.5090222
   
   for sTDA-xTB:
   * S. Grimme and C. Bannwarth, J. Chem. Phys., 2016, 145, 054103.
     DOI: 10.1063/1.4959605
   
   in the mass-spec context:
   * V. Asgeirsson, C. Bauer and S. Grimme, Chem. Sci., 2017, 8, 4879.
     DOI: 10.1039/c7sc00601b
   
   for metadynamics refer to:
   * S. Grimme, J. Chem. Theory Comput., 2019, 155, 2847-2862
     DOI: 10.1021/acs.jctc.9b00143
   
   with help from (in alphabetical order)
   C. Bannwarth, F. Bohle, G. Brandenburg, E. Caldeweyher, M. Checinski,
   S. Dohm, S. Ehlert, S. Ehrlich, F. März, H. Neugebauer, J. Pisarek,
   P. Pracht, P. Shushkov, and S. Spicher.
   
 * started run on 2021/04/12 at 13:53:29.435     

           -------------------------------------------------
          |                Calculation Setup                |
           -------------------------------------------------

          program call               : /ihome/ghutchison/geoffh/xtb/xtb ITIC-Th.xyz -sp
          hostname                   : smp-n149
          coordinate file            : ITIC-Th.xyz
          omp threads                :                     1
          number of atoms            :                   126
          number of electrons        :                   402
          charge                     :                     0
          spin                       :                   0.0
          first test random number   :      0.82191905140091


########################################################################
# WARNING! Please study the warnings concerning your input carefully
#  - XTBPATH is not set, using XTBHOME instead
#  - the use of '-sp' is discouraged, please use '--sp' next time
########################################################################

           ------------------------------------------------- 
          |                 G F N 2 - x T B                 |
          | Geometry, Frequencies, Noncovalent interactions |
          |            JCTC 2019 parametrisation            |
           ------------------------------------------------- 
             KAB for C  - Si     :                1.0500
             KAB for H  - Pd     :                0.9500
             k(s)              :                1.8500
             k(p)              :                2.2300
             k(d)              :                2.2300
             k(f)              :                2.0000
             kEN (H0ij)        :               -2.0000
             D4 a1             :                0.5200
             D4 a2             :                5.0000
             D4 s6             :                1.0000
             D4 s8             :                2.7000
             D4 s9             :                5.0000
             alphaj            :                2.0000

  Z AO/shell   Hii/eV     exponent
  1     Wed Apr 25 08:07:45 CEST 2018   EN: 2.200 GM2: 0.406  GM3: 0.0800  RAES: 1.40
     1s    -10.707211    1.230000
  6     Wed Apr 25 08:07:45 CEST 2018   EN: 2.550 GM2: 0.538  GM3: 0.1500  RAES: 3.00
     2s    -13.970922    2.096432
     2p    -10.063292    1.800000
  7     Wed Apr 25 08:07:45 CEST 2018   EN: 3.040 GM2: 0.461  GM3:-0.0640  RAES: 1.90
     2s    -16.686243    2.339881
     2p    -12.523956    2.014332
  8     Wed Apr 25 08:07:45 CEST 2018   EN: 3.440 GM2: 0.452  GM3:-0.0517  RAES: 1.80
     2s    -20.229985    2.439742
     2p    -15.503117    2.137023
 16     Tue Apr 24 11:44:34 CEST 2018   EN: 2.580 GM2: 0.340  GM3:-0.0502  RAES: 3.10
     3s    -20.029654    1.981333
     3p    -11.377694    2.025643
     3d     -0.420282    1.702555

           ------------------------------------------------- 
          |        Self-Consistent Charge Iterations        |
           ------------------------------------------------- 

          ...................................................
          :                      SETUP                      :
          :.................................................:
          :  # basis functions                 426          :
          :  # atomic orbitals                 418          :
          :  # shells                          218          :
          :  # electrons                       402          :
          :  max. iterations                   250          :
          :  Hamiltonian                  GFN2-xTB          :
          :  restarted?                      false          :
          :  GBSA solvation                  false          :
          :  PC potential                    false          :
          :  electronic temp.          300.0000000     K    :
          :  accuracy                    1.0000000          :
          :  -> integral cutoff          0.2500000E+02      :
          :  -> integral neglect         0.1000000E-07      :
          :  -> SCF convergence          0.1000000E-05 Eh   :
          :  -> wf. convergence          0.1000000E-03 e    :
          :  Broyden damping             0.4000000          :
          ...................................................

 iter      E             dE          RMSdq      gap      omega  full diag
   1   -219.9851109 -0.219985E+03  0.486E+00    1.29       0.0  T
   2   -220.0489137 -0.638029E-01  0.296E+00    1.30       1.0  T
   3   -219.6417456  0.407168E+00  0.228E+00    0.91       1.0  T
   4   -220.1826774 -0.540932E+00  0.632E-01    1.21       1.0  T
   5   -220.2176415 -0.349640E-01  0.253E-01    1.08       1.0  T
   6   -220.2206598 -0.301838E-02  0.134E-01    1.15       1.0  T
   7   -220.2223566 -0.169672E-02  0.580E-02    1.12       1.0  T
   8   -220.2226758 -0.319222E-03  0.242E-02    1.13       1.0  T
   9   -220.2227073 -0.315355E-04  0.121E-02    1.13       1.0  T
  10   -220.2227117 -0.435422E-05  0.561E-03    1.13       1.6  T
  11   -220.2227141 -0.245219E-05  0.262E-03    1.13       3.4  T
  12   -220.2227144 -0.232625E-06  0.125E-03    1.13       7.1  T
  13   -220.2227144 -0.486934E-07  0.677E-04    1.13      13.2  T
  14   -220.2227144 -0.185197E-07  0.363E-04    1.13      24.6  T

   *** convergence criteria satisfied after 14 iterations ***

         #    Occupation            Energy/Eh            Energy/eV
      -------------------------------------------------------------
         1        2.0000           -0.7526621             -20.4810
       ...           ...                  ...                  ...
       195        2.0000           -0.3932123             -10.6999
       196        2.0000           -0.3913443             -10.6490
       197        2.0000           -0.3868512             -10.5268
       198        2.0000           -0.3851863             -10.4815
       199        2.0000           -0.3808839             -10.3644
       200        2.0000           -0.3782771             -10.2934
       201        2.0000           -0.3770363             -10.2597 (HOMO)
       202                         -0.3355910              -9.1319 (LUMO)
       203                         -0.3301281              -8.9832
       204                         -0.3187962              -8.6749
       205                         -0.3149447              -8.5701
       206                         -0.2925711              -7.9613
       ...                                ...                  ...
       418                          1.0748896              29.2492
      -------------------------------------------------------------
                  HL-Gap            0.0414453 Eh            1.1278 eV
             Fermi-level           -0.3561953 Eh           -9.6926 eV

 SCC (total)                   0 d,  0 h,  0 min,  0.983 sec
 SCC setup                      ...        0 min,  0.004 sec (  0.361%)
 Dispersion                     ...        0 min,  0.007 sec (  0.709%)
 integral evaluation            ...        0 min,  0.309 sec ( 31.429%)
 zeroth order Hamiltonian       ...        0 min,  0.002 sec (  0.203%)
 iterations                     ...        0 min,  0.408 sec ( 41.553%)
 molecular gradient             ...        0 min,  0.249 sec ( 25.367%)
 printout                       ...        0 min,  0.004 sec (  0.371%)

         :::::::::::::::::::::::::::::::::::::::::::::::::::::
         ::                     SUMMARY                     ::
         :::::::::::::::::::::::::::::::::::::::::::::::::::::
         :: total energy            -216.917682968049 Eh    ::
         :: gradient norm              0.107510936751 Eh/a0 ::
         :: HOMO-LUMO gap              1.127783208630 eV    ::
         ::.................................................::
         :: SCC energy              -220.222714422490 Eh    ::
         :: -> isotropic ES            0.092531921078 Eh    ::
         :: -> anisotropic ES          0.012933120055 Eh    ::
         :: -> anisotropic XC          0.151211921642 Eh    ::
         :: -> dispersion             -0.213273068689 Eh    ::
         :: repulsion energy           3.299792066319 Eh    ::
         :: add. restraining           0.000000000000 Eh    ::
         :::::::::::::::::::::::::::::::::::::::::::::::::::::

           -------------------------------------------------
          |                Property Printout                |
           -------------------------------------------------

    * Orbital Energies and Occupations

         #    Occupation            Energy/Eh            Energy/eV
      -------------------------------------------------------------
         1        2.0000           -0.7526621             -20.4810
       ...           ...                  ...                  ...
       189        2.0000           -0.4027271             -10.9588
       190        2.0000           -0.4003109             -10.8930
       191        2.0000           -0.3994192             -10.8688
       192        2.0000           -0.3974624             -10.8155
       193        2.0000           -0.3969574             -10.8018
       194        2.0000           -0.3953925             -10.7592
       195        2.0000           -0.3932123             -10.6999
       196        2.0000           -0.3913443             -10.6490
       197        2.0000           -0.3868512             -10.5268
       198        2.0000           -0.3851863             -10.4815
       199        2.0000           -0.3808839             -10.3644
       200        2.0000           -0.3782771             -10.2934
       201        2.0000           -0.3770363             -10.2597 (HOMO)
       202                         -0.3355910              -9.1319 (LUMO)
       203                         -0.3301281              -8.9832
       204                         -0.3187962              -8.6749
       205                         -0.3149447              -8.5701
       206                         -0.2925711              -7.9613
       207                         -0.2750558              -7.4846
       208                         -0.2617234              -7.1219
       209                         -0.2565377              -6.9807
       210                         -0.2545633              -6.9270
       211                         -0.2497090              -6.7949
       212                         -0.2487854              -6.7698
       ...                                ...                  ...
       418                          1.0748896              29.2492
      -------------------------------------------------------------
                  HL-Gap            0.0414453 Eh            1.1278 eV
             Fermi-level           -0.3561953 Eh           -9.6926 eV

     #   Z        covCN         q      C6AA      α(0)
     1   6 C      2.862     0.224    23.292     7.911
     2   8 O      0.856    -0.363    20.954     6.137
     3   6 C      3.019    -0.016    28.381     8.739
     4   6 C      2.905    -0.014    28.353     8.731
     5   6 C      2.911    -0.021    28.538     8.760
     6   6 C      2.911    -0.019    28.472     8.750
     7   6 C      2.905    -0.026    28.642     8.775
     8   6 C      3.013     0.008    27.813     8.651
     9   6 C      3.000     0.033    27.252     8.563
    10   6 C      2.944     0.010    27.799     8.647
    11   6 C      1.913     0.120    28.144     8.568
    12   7 N      0.911    -0.234    26.123     7.392
    13   6 C      1.912     0.120    28.154     8.569
    14   7 N      0.911    -0.234    26.120     7.392
    15   6 C      2.988    -0.032    28.789     8.801
    16   6 C      2.915    -0.013    28.336     8.729
    17   6 C      2.979     0.027    27.404     8.587
    18   6 C      3.033    -0.040    28.970     8.828
    19   6 C      3.142     0.016    27.399     8.565
    20   6 C      3.120     0.022    27.340     8.564
    21  16 S      2.214    -0.009   141.428    20.016
    22   6 C      3.159    -0.015    28.058     8.660
    23   6 C      3.961     0.029    20.021     6.358
    24   6 C      2.976     0.012    27.748     8.641
    25   6 C      3.081    -0.048    29.095     8.843
    26   6 C      3.090    -0.055    29.247     8.864
    27   6 C      2.968     0.023    27.493     8.601
    28   6 C      3.815    -0.050    21.451     6.592
    29   6 C      3.745    -0.097    22.420     6.754
    30  16 S      2.315    -0.053   143.266    20.145
    31   6 C      2.982     0.013    27.719     8.636
    32   6 C      3.078    -0.051    29.179     8.856
    33   6 C      3.090    -0.056    29.268     8.868
    34   6 C      2.968     0.022    27.523     8.605
    35   6 C      3.814    -0.050    21.454     6.593
    36   6 C      3.745    -0.097    22.417     6.754
    37  16 S      2.308    -0.044   142.892    20.119
    38   6 C      3.044     0.003    27.909     8.665
    39   6 C      3.019     0.007    27.847     8.656
    40   6 C      3.055     0.020    27.507     8.601
    41  16 S      2.170    -0.015   141.686    20.034
    42   6 C      2.901    -0.028    28.702     8.784
    43   6 C      3.045     0.004    27.898     8.663
    44   6 C      3.957     0.029    20.021     6.358
    45   6 C      2.982     0.010    27.794     8.648
    46   6 C      3.079    -0.051    29.180     8.856
    47   6 C      3.087    -0.054    29.233     8.863
    48   6 C      2.969     0.024    27.467     8.597
    49   6 C      3.814    -0.051    21.475     6.596
    50   6 C      3.745    -0.096    22.400     6.751
    51  16 S      2.302    -0.054   143.300    20.148
    52   6 C      2.977     0.014    27.697     8.633
    53   6 C      3.081    -0.048    29.090     8.842
    54   6 C      3.089    -0.055    29.256     8.866
    55   6 C      2.969     0.023    27.492     8.601
    56   6 C      3.814    -0.050    21.461     6.594
    57   6 C      3.745    -0.096    22.411     6.753
    58  16 S      2.311    -0.056   143.397    20.154
    59   6 C      3.166    -0.015    28.026     8.651
    60   6 C      3.054     0.020    27.505     8.601
    61   6 C      3.020     0.008    27.828     8.653
    62   6 C      2.902    -0.030    28.744     8.791
    63  16 S      2.176    -0.009   141.421    20.015
    64   6 C      3.146     0.018    27.360     8.557
    65   6 C      3.123     0.023    27.318     8.559
    66  16 S      2.217    -0.025   142.100    20.063
    67   6 C      2.983     0.028    27.375     8.582
    68   6 C      3.030    -0.038    28.916     8.820
    69   6 C      2.916    -0.010    28.275     8.720
    70   6 C      2.988    -0.031    28.760     8.797
    71   6 C      3.000     0.034    27.235     8.561
    72   6 C      2.944     0.009    27.817     8.650
    73   6 C      1.912     0.119    28.163     8.571
    74   7 N      0.911    -0.234    26.136     7.394
    75   6 C      1.914     0.121    28.126     8.565
    76   7 N      0.911    -0.240    26.280     7.414
    77   6 C      3.013     0.009    27.798     8.649
    78   6 C      2.905    -0.025    28.628     8.773
    79   6 C      2.912    -0.018    28.461     8.748
    80   6 C      2.912    -0.020    28.517     8.757
    81   6 C      2.905    -0.013    28.341     8.729
    82   6 C      3.020    -0.015    28.370     8.737
    83   6 C      2.860     0.225    23.281     7.909
    84   8 O      0.856    -0.360    20.891     6.128
    85   1 H      0.924     0.060     2.200     2.320
    86   1 H      0.924     0.048     2.349     2.397
    87   1 H      0.924     0.049     2.331     2.388
    88   1 H      0.925     0.057     2.233     2.337
    89   1 H      0.923     0.081     1.964     2.192
    90   1 H      0.925     0.062     2.181     2.310
    91   1 H      0.925     0.035     2.523     2.484
    92   1 H      0.924     0.038     2.481     2.463
    93   1 H      0.923     0.045     2.388     2.417
    94   1 H      0.922     0.045     2.384     2.415
    95   1 H      0.923     0.041     2.439     2.442
    96   1 H      0.923     0.038     2.475     2.460
    97   1 H      0.923     0.043     2.414     2.430
    98   1 H      0.925     0.029     2.601     2.522
    99   1 H      0.924     0.035     2.522     2.483
   100   1 H      0.923     0.043     2.406     2.426
   101   1 H      0.922     0.043     2.406     2.426
   102   1 H      0.923     0.040     2.449     2.447
   103   1 H      0.923     0.039     2.468     2.457
   104   1 H      0.923     0.044     2.400     2.423
   105   1 H      0.924     0.055     2.261     2.352
   106   1 H      0.925     0.037     2.489     2.467
   107   1 H      0.924     0.038     2.471     2.458
   108   1 H      0.923     0.046     2.373     2.409
   109   1 H      0.923     0.049     2.333     2.388
   110   1 H      0.923     0.036     2.500     2.473
   111   1 H      0.923     0.039     2.456     2.451
   112   1 H      0.923     0.042     2.428     2.437
   113   1 H      0.925     0.035     2.516     2.480
   114   1 H      0.924     0.034     2.526     2.486
   115   1 H      0.923     0.043     2.415     2.430
   116   1 H      0.922     0.044     2.391     2.418
   117   1 H      0.923     0.039     2.463     2.454
   118   1 H      0.923     0.039     2.463     2.454
   119   1 H      0.923     0.043     2.416     2.431
   120   1 H      0.924     0.057     2.235     2.338
   121   1 H      0.924     0.062     2.170     2.304
   122   1 H      0.923     0.082     1.962     2.190
   123   1 H      0.925     0.056     2.245     2.343
   124   1 H      0.924     0.050     2.319     2.382
   125   1 H      0.924     0.049     2.334     2.389
   126   1 H      0.924     0.061     2.185     2.311

 Mol. C6AA /au·bohr⁶  :     305649.340762
 Mol. C8AA /au·bohr⁸  :    8898707.710576
 Mol. α(0) /au        :        889.702764


Wiberg/Mayer (AO) data.
largest (>0.10) Wiberg bond orders for each atom
          total WBO             WBO to atom ...
     1  C   3.923        O    2 1.783    C    3 1.014    C   15 1.004
     2  O   2.061        C    1 1.783
     3  C   3.973        C    4 1.416    C    8 1.300    C    1 1.014
     4  C   3.983        C    5 1.426    C    3 1.416    H   85 0.966
     5  C   3.953        C    6 1.432    C    4 1.426    H   86 0.970
     6  C   3.979        C    5 1.432    C    7 1.431    H   87 0.970
     7  C   3.978        C    6 1.431    C    8 1.402    H   88 0.963
     8  C   3.978        C    7 1.402    C    3 1.300    C    9 1.068
     9  C   3.974        C   10 1.491    C   15 1.139    C    8 1.068
    10  C   3.950        C    9 1.491    C   13 1.095    C   11 1.093
    11  C   3.942        N   12 2.772    C   10 1.093
    12  N   2.979        C   11 2.772
    13  C   3.941        N   14 2.770    C   10 1.095
    14  N   2.971        C   13 2.770
    15  C   3.948        C   16 1.550    C    9 1.139    C    1 1.004
    16  C   3.946        C   15 1.550    C   17 1.247    H   89 0.944
    17  C   3.930        C   18 1.412    C   16 1.247    S   21 1.094
    18  C   3.967        C   17 1.412    C   19 1.359    H   90 0.961
    19  C   3.928        C   18 1.359    C   20 1.291    S   41 1.096
    20  C   3.940        C   22 1.294    C   19 1.291    S   21 1.143
    21  S   2.586        C   20 1.143    C   17 1.094
    22  C   3.957        C   40 1.434    C   20 1.294    C   23 0.962
    23  C   3.987        C   24 0.977    C   22 0.962    C   31 0.960    C   38 0.958
    24  C   3.939        C   25 1.602    S   30 1.144    C   23 0.977    C   27 0.112
    25  C   3.982        C   24 1.602    C   26 1.262    H   91 0.962
    26  C   3.983        C   27 1.607    C   25 1.262    H   92 0.964
    27  C   3.945        C   26 1.607    S   30 1.150    C   28 1.024    C   24 0.112
    28  C   3.996        C   27 1.024    C   29 1.012    H   93 0.968    H   94 0.957
    29  C   3.995        C   28 1.012    H   95 0.988    H   96 0.986    H   97 0.984
    30  S   2.583        C   27 1.150    C   24 1.144
    31  C   3.937        C   32 1.596    S   37 1.151    C   23 0.960    C   34 0.112
    32  C   3.983        C   31 1.596    C   33 1.265    H   98 0.964
    33  C   3.982        C   34 1.602    C   32 1.265    H   99 0.964
    34  C   3.943        C   33 1.602    S   37 1.154    C   35 1.024    C   31 0.112
    35  C   3.995        C   34 1.024    C   36 1.007    H  100 0.969    H  101 0.960
    36  C   3.994        C   35 1.007    H  102 0.988    H  103 0.986    H  104 0.985
    37  S   2.595        C   34 1.154    C   31 1.151
    38  C   3.963        C   62 1.468    C   39 1.291    C   23 0.958
    39  C   3.955        C   42 1.346    C   38 1.291    C   40 1.138
    40  C   3.906        C   22 1.434    C   39 1.138    S   41 1.135
    41  S   2.535        C   40 1.135    C   19 1.096
    42  C   3.969        C   43 1.469    C   39 1.346    H  105 0.963
    43  C   3.964        C   42 1.469    C   61 1.288    C   44 0.958
    44  C   3.987        C   52 0.978    C   59 0.962    C   45 0.958    C   43 0.958
    45  C   3.936        C   46 1.603    S   51 1.142    C   44 0.958    C   48 0.112
    46  C   3.981        C   45 1.603    C   47 1.262    H  106 0.960
    47  C   3.983        C   48 1.608    C   46 1.262    H  107 0.963
    48  C   3.944        C   47 1.608    S   51 1.147    C   49 1.025    C   45 0.112
    49  C   3.995        C   48 1.025    C   50 1.005    H  108 0.969    H  109 0.961
    50  C   3.995        C   49 1.005    H  110 0.988    H  112 0.986    H  111 0.986
    51  S   2.576        C   48 1.147    C   45 1.142
    52  C   3.940        C   53 1.597    S   58 1.151    C   44 0.978    C   55 0.112
    53  C   3.982        C   52 1.597    C   54 1.264    H  113 0.963
    54  C   3.982        C   55 1.603    C   53 1.264    H  114 0.964
    55  C   3.944        C   54 1.603    S   58 1.153    C   56 1.024    C   52 0.112
    56  C   3.995        C   55 1.024    C   57 1.006    H  115 0.970    H  116 0.961
    57  C   3.994        C   56 1.006    H  117 0.988    H  119 0.986    H  118 0.986
    58  S   2.585        C   55 1.153    C   52 1.151
    59  C   3.960        C   60 1.434    C   65 1.295    C   44 0.962
    60  C   3.911        C   59 1.434    C   61 1.136    S   63 1.136
    61  C   3.954        C   62 1.349    C   43 1.288    C   60 1.136
    62  C   3.970        C   38 1.468    C   61 1.349    H  120 0.961
    63  S   2.538        C   60 1.136    C   64 1.100
    64  C   3.930        C   68 1.338    C   65 1.305    S   63 1.100
    65  C   3.940        C   64 1.305    C   59 1.295    S   66 1.130
    66  S   2.561        C   65 1.130    C   67 1.092
    67  C   3.930        C   68 1.440    C   69 1.219    S   66 1.092
    68  C   3.967        C   67 1.440    C   64 1.338    H  121 0.960
    69  C   3.949        C   70 1.575    C   67 1.219    H  122 0.943
    70  C   3.953        C   69 1.575    C   71 1.129    C   83 1.004
    71  C   3.973        C   72 1.496    C   70 1.129    C   77 1.072
    72  C   3.972        C   71 1.496    C   73 1.095    C   75 1.092
    73  C   3.941        N   74 2.770    C   72 1.095
    74  N   2.972        C   73 2.770
    75  C   3.941        N   76 2.769    C   72 1.092
    76  N   2.982        C   75 2.769
    77  C   3.979        C   78 1.401    C   82 1.298    C   71 1.072
    78  C   3.978        C   79 1.433    C   77 1.401    H  123 0.963
    79  C   3.979        C   78 1.433    C   80 1.431    H  124 0.970
    80  C   3.971        C   79 1.431    C   81 1.427    H  125 0.969
    81  C   3.983        C   80 1.427    C   82 1.416    H  126 0.965
    82  C   3.973        C   81 1.416    C   77 1.298    C   83 1.016
    83  C   3.924        O   84 1.786    C   82 1.016    C   70 1.004
    84  O   2.064        C   83 1.786
    85  H   0.996        C    4 0.966
    86  H   0.997        C    5 0.970
    87  H   0.997        C    6 0.970
    88  H   0.996        C    7 0.963
    89  H   0.991        C   16 0.944
    90  H   0.996        C   18 0.961
    91  H   0.998        C   25 0.962
    92  H   0.998        C   26 0.964
    93  H   0.998        C   28 0.968
    94  H   0.997        C   28 0.957
    95  H   0.998        C   29 0.988
    96  H   0.998        C   29 0.986
    97  H   0.998        C   29 0.984
    98  H   0.999        C   32 0.964
    99  H   0.998        C   33 0.964
   100  H   0.998        C   35 0.969
   101  H   0.998        C   35 0.960
   102  H   0.998        C   36 0.988
   103  H   0.998        C   36 0.986
   104  H   0.998        C   36 0.985
   105  H   0.996        C   42 0.963
   106  H   0.998        C   46 0.960
   107  H   0.998        C   47 0.963
   108  H   0.998        C   49 0.969
   109  H   0.997        C   49 0.961
   110  H   0.999        C   50 0.988
   111  H   0.998        C   50 0.986
   112  H   0.998        C   50 0.986
   113  H   0.998        C   53 0.963
   114  H   0.998        C   54 0.964
   115  H   0.998        C   56 0.970
   116  H   0.998        C   56 0.961
   117  H   0.998        C   57 0.988
   118  H   0.998        C   57 0.986
   119  H   0.998        C   57 0.986
   120  H   0.995        C   62 0.961
   121  H   0.996        C   68 0.960
   122  H   0.990        C   69 0.943
   123  H   0.996        C   78 0.963
   124  H   0.997        C   79 0.970
   125  H   0.997        C   80 0.969
   126  H   0.995        C   81 0.965

molecular dipole:
                 x           y           z       tot (Debye)
 q only:       -0.320      -0.636       0.203
   full:       -0.635      -1.146       0.584       3.647
molecular quadrupole (traceless):
                xx          xy          yy          xz          yz          zz
 q only:        8.905      59.012       1.571      12.346      41.663     -10.477
  q+dip:      -12.218      72.823      46.274       9.817      36.659     -34.057
   full:      -21.051      70.732      44.361      11.825      32.934     -23.310


           -------------------------------------------------
          | TOTAL ENERGY             -216.917682968049 Eh   |
          | GRADIENT NORM               0.107510936751 Eh/α |
          | HOMO-LUMO GAP               1.127783208630 eV   |
           -------------------------------------------------

------------------------------------------------------------------------
 * finished run on 2021/04/12 at 13:53:30.749     
------------------------------------------------------------------------
 total:
 * wall-time:     0 d,  0 h,  0 min,  1.314 sec
 *  cpu-time:     0 d,  0 h,  0 min,  1.309 sec
 * ratio c/w:     0.997 speedup
 SCF:
 * wall-time:     0 d,  0 h,  0 min,  0.984 sec
 *  cpu-time:     0 d,  0 h,  0 min,  0.981 sec
 * ratio c/w:     0.998 speedup

