      -----------------------------------------------------------      
     |                   =====================                   |     
     |                           x T B                           |     
     |                   =====================                   |     
     |                         S. Grimme                         |     
     |          Mulliken Center for Theoretical Chemistry        |     
     |                    University of Bonn                     |     
     |                Version 6.2 RC2 (SAW190805)                |     
      -----------------------------------------------------------      

   This program is distributed in the hope that it will be useful,
   but WITHOUT ANY WARRANTY; without even the implied warranty of
   MERCHANTABILITY or FITNESS FOR A PARTICULAR PURPOSE.
   
   FOR NON-COMMERCIAL, ACADEMIA USE ONLY.
   
   Cite this work as:
   * S. Grimme, C. Bannwarth, P. Shushkov, J. Chem. Theory Comput., 2017,
     13, 1989-2009. DOI: 10.1021/acs.jctc.7b00118
   * C. Bannwarth, S. Ehlert and S. Grimme., J. Chem. Theory Comput., 2019,
     15, 1652-1671. DOI: 10.1021/acs.jctc.8b01176
   * P. Pracht, E. Caldeweyher, S. Ehlert, S. Grimme, ChemRxiv, 2019, preprint.
     DOI: 10.26434/chemrxiv.8326202.v1
   
   for DFT-D4:
   * E. Caldeweyher, C. Bannwarth and S. Grimme, J. Chem. Phys., 2017,
     147, 034112. DOI: 10.1063/1.4993215
   * E. Caldeweyher, S. Ehlert, A. Hansen, H. Neugebauer, S. Spicher,
     C. Bannwarth and S. Grimme, J. Chem. Phys., 2019, 150, 154122.
     DOI: 10.1063/1.5090222
   
   for sTDA-xTB:
   * S. Grimme and C. Bannwarth, J. Chem. Phys., 2016, 145, 054103.
     DOI: 10.1063/1.4959605
   
   in the mass-spec context:
   * V. Asgeirsson, C. Bauer and S. Grimme, Chem. Sci., 2017, 8, 4879.
     DOI: 10.1039/c7sc00601b
   
   for metadynamics refer to:
   * S. Grimme, J. Chem. Theory Comput., 2019, 155, 2847-2862
     DOI: 10.1021/acs.jctc.9b00143
   
   with help from (in alphabetical order)
   C. Bannwarth, F. Bohle, G. Brandenburg, E. Caldeweyher, M. Checinski,
   S. Dohm, S. Ehlert, S. Ehrlich, F. März, H. Neugebauer, J. Pisarek,
   P. Pracht, P. Shushkov, and S. Spicher.
   
 * started run on 2020/11/20 at 13:45:30.380     

           -------------------------------------------------
          |                Calculation Setup                |
           -------------------------------------------------

          program call               : /ihome/ghutchison/geoffh/xtb/xtb ITIC.xyz -sp
          hostname                   : smp-n106
          coordinate file            : ITIC.xyz
          omp threads                :                     1
          number of atoms            :                   138
          number of electrons        :                   418
          charge                     :                     0
          spin                       :                   0.0
          first test random number   :      0.25266498721974


########################################################################
# WARNING! Please study the warnings concerning your input carefully
#  - XTBPATH is not set, using XTBHOME instead
#  - the use of '-sp' is discouraged, please use '--sp' next time
########################################################################

           ------------------------------------------------- 
          |                 G F N 2 - x T B                 |
          | Geometry, Frequencies, Noncovalent interactions |
          |            JCTC 2019 parametrisation            |
           ------------------------------------------------- 
             KAB for C  - Si     :                1.0500
             KAB for H  - Pd     :                0.9500
             k(s)              :                1.8500
             k(p)              :                2.2300
             k(d)              :                2.2300
             k(f)              :                2.0000
             kEN (H0ij)        :               -2.0000
             D4 a1             :                0.5200
             D4 a2             :                5.0000
             D4 s6             :                1.0000
             D4 s8             :                2.7000
             D4 s9             :                5.0000
             alphaj            :                2.0000

  Z AO/shell   Hii/eV     exponent
  1     Wed Apr 25 08:07:45 CEST 2018   EN: 2.200 GM2: 0.406  GM3: 0.0800  RAES: 1.40
     1s    -10.707211    1.230000
  6     Wed Apr 25 08:07:45 CEST 2018   EN: 2.550 GM2: 0.538  GM3: 0.1500  RAES: 3.00
     2s    -13.970922    2.096432
     2p    -10.063292    1.800000
  7     Wed Apr 25 08:07:45 CEST 2018   EN: 3.040 GM2: 0.461  GM3:-0.0640  RAES: 1.90
     2s    -16.686243    2.339881
     2p    -12.523956    2.014332
  8     Wed Apr 25 08:07:45 CEST 2018   EN: 3.440 GM2: 0.452  GM3:-0.0517  RAES: 1.80
     2s    -20.229985    2.439742
     2p    -15.503117    2.137023
 16     Tue Apr 24 11:44:34 CEST 2018   EN: 2.580 GM2: 0.340  GM3:-0.0502  RAES: 3.10
     3s    -20.029654    1.981333
     3p    -11.377694    2.025643
     3d     -0.420282    1.702555

           ------------------------------------------------- 
          |        Self-Consistent Charge Iterations        |
           ------------------------------------------------- 

          ...................................................
          :                      SETUP                      :
          :.................................................:
          :  # basis functions                 426          :
          :  # atomic orbitals                 422          :
          :  # shells                          230          :
          :  # electrons                       418          :
          :  max. iterations                   250          :
          :  Hamiltonian                  GFN2-xTB          :
          :  restarted?                      false          :
          :  GBSA solvation                  false          :
          :  PC potential                    false          :
          :  electronic temp.          300.0000000     K    :
          :  accuracy                    1.0000000          :
          :  -> integral cutoff          0.2500000E+02      :
          :  -> integral neglect         0.1000000E-07      :
          :  -> SCF convergence          0.1000000E-05 Eh   :
          :  -> wf. convergence          0.1000000E-03 e    :
          :  Broyden damping             0.4000000          :
          ...................................................

 iter      E             dE          RMSdq      gap      omega  full diag
   1   -228.6305749 -0.228631E+03  0.458E+00    1.29       0.0  T
   2   -228.6971751 -0.666002E-01  0.278E+00    1.28       1.0  T
   3   -228.2558173  0.441358E+00  0.218E+00    0.90       1.0  T
   4   -228.8163562 -0.560539E+00  0.557E-01    1.23       1.0  T
   5   -228.8474510 -0.310948E-01  0.209E-01    1.06       1.0  T
   6   -228.8503063 -0.285531E-02  0.119E-01    1.15       1.0  T
   7   -228.8523001 -0.199384E-02  0.448E-02    1.11       1.0  T
   8   -228.8524591 -0.158978E-03  0.180E-02    1.12       1.0  T
   9   -228.8524800 -0.208542E-04  0.828E-03    1.12       1.0  T
  10   -228.8524834 -0.344668E-05  0.335E-03    1.12       2.5  T
  11   -228.8524843 -0.868653E-06  0.182E-03    1.12       4.7  T
  12   -228.8524845 -0.237710E-06  0.857E-04    1.12       9.9  T
  13   -228.8524846 -0.217861E-07  0.496E-04    1.12      17.2  T

   *** convergence criteria satisfied after 13 iterations ***

         #    Occupation            Energy/Eh            Energy/eV
      -------------------------------------------------------------
         1        2.0000           -0.7487550             -20.3747
       ...           ...                  ...                  ...
       203        2.0000           -0.3965535             -10.7908
       204        2.0000           -0.3955415             -10.7632
       205        2.0000           -0.3947588             -10.7419
       206        2.0000           -0.3901472             -10.6164
       207        2.0000           -0.3883410             -10.5673
       208        2.0000           -0.3875263             -10.5451
       209        2.0000           -0.3742462             -10.1838 (HOMO)
       210                         -0.3331413              -9.0652 (LUMO)
       211                         -0.3289263              -8.9505
       212                         -0.3166129              -8.6155
       213                         -0.3145307              -8.5588
       214                         -0.2893716              -7.8742
       ...                                ...                  ...
       422                          1.0739469              29.2236
      -------------------------------------------------------------
                  HL-Gap            0.0411048 Eh            1.1185 eV
             Fermi-level           -0.3536993 Eh           -9.6246 eV

 SCC (total)                   0 d,  0 h,  0 min,  1.182 sec
 SCC setup                      ...        0 min,  0.004 sec (  0.366%)
 Dispersion                     ...        0 min,  0.012 sec (  1.019%)
 integral evaluation            ...        0 min,  0.357 sec ( 30.234%)
 zeroth order Hamiltonian       ...        0 min,  0.002 sec (  0.202%)
 iterations                     ...        0 min,  0.495 sec ( 41.832%)
 molecular gradient             ...        0 min,  0.307 sec ( 25.968%)
 printout                       ...        0 min,  0.004 sec (  0.372%)

         :::::::::::::::::::::::::::::::::::::::::::::::::::::
         ::                     SUMMARY                     ::
         :::::::::::::::::::::::::::::::::::::::::::::::::::::
         :: total energy            -225.173086816124 Eh    ::
         :: gradient norm              0.106845214539 Eh/a0 ::
         :: HOMO-LUMO gap              1.118519789050 eV    ::
         ::.................................................::
         :: SCC energy              -228.852484551157 Eh    ::
         :: -> isotropic ES            0.091366910438 Eh    ::
         :: -> anisotropic ES          0.018294885531 Eh    ::
         :: -> anisotropic XC          0.167692082101 Eh    ::
         :: -> dispersion             -0.224322001699 Eh    ::
         :: repulsion energy           3.673561502735 Eh    ::
         :: add. restraining           0.000000000000 Eh    ::
         :::::::::::::::::::::::::::::::::::::::::::::::::::::

           -------------------------------------------------
          |                Property Printout                |
           -------------------------------------------------

    * Orbital Energies and Occupations

         #    Occupation            Energy/Eh            Energy/eV
      -------------------------------------------------------------
         1        2.0000           -0.7487550             -20.3747
       ...           ...                  ...                  ...
       197        2.0000           -0.4076223             -11.0920
       198        2.0000           -0.4033405             -10.9755
       199        2.0000           -0.4025901             -10.9550
       200        2.0000           -0.4024512             -10.9513
       201        2.0000           -0.4023035             -10.9472
       202        2.0000           -0.3988289             -10.8527
       203        2.0000           -0.3965535             -10.7908
       204        2.0000           -0.3955415             -10.7632
       205        2.0000           -0.3947588             -10.7419
       206        2.0000           -0.3901472             -10.6164
       207        2.0000           -0.3883410             -10.5673
       208        2.0000           -0.3875263             -10.5451
       209        2.0000           -0.3742462             -10.1838 (HOMO)
       210                         -0.3331413              -9.0652 (LUMO)
       211                         -0.3289263              -8.9505
       212                         -0.3166129              -8.6155
       213                         -0.3145307              -8.5588
       214                         -0.2893716              -7.8742
       215                         -0.2728677              -7.4251
       216                         -0.2588072              -7.0425
       217                         -0.2514611              -6.8426
       218                         -0.2487657              -6.7693
       219                         -0.2440173              -6.6400
       220                         -0.2431097              -6.6154
       ...                                ...                  ...
       422                          1.0739469              29.2236
      -------------------------------------------------------------
                  HL-Gap            0.0411048 Eh            1.1185 eV
             Fermi-level           -0.3536993 Eh           -9.6246 eV

     #   Z        covCN         q      C6AA      α(0)
     1   6 C      2.860     0.225    23.285     7.909
     2   8 O      0.856    -0.361    20.921     6.132
     3   6 C      3.019    -0.015    28.375     8.738
     4   6 C      2.905    -0.014    28.350     8.730
     5   6 C      2.912    -0.021    28.530     8.759
     6   6 C      2.911    -0.019    28.472     8.750
     7   6 C      2.905    -0.025    28.631     8.774
     8   6 C      3.012     0.009    27.808     8.650
     9   6 C      2.999     0.033    27.249     8.563
    10   6 C      2.944     0.008    27.835     8.653
    11   6 C      1.914     0.120    28.141     8.567
    12   7 N      0.911    -0.240    26.265     7.412
    13   6 C      1.914     0.122    28.110     8.562
    14   7 N      0.911    -0.239    26.238     7.408
    15   6 C      2.987    -0.032    28.794     8.802
    16   6 C      2.919    -0.011    28.285     8.721
    17   6 C      2.982     0.027    27.398     8.586
    18   6 C      3.030    -0.039    28.930     8.822
    19   6 C      3.144     0.017    27.368     8.559
    20   6 C      3.125     0.023    27.310     8.557
    21  16 S      2.223    -0.024   142.060    20.060
    22   6 C      3.164    -0.010    27.931     8.638
    23   6 C      3.929     0.016    20.243     6.394
    24   6 C      2.963     0.010    27.793     8.647
    25   6 C      2.912    -0.036    28.888     8.813
    26   6 C      2.914    -0.036    28.905     8.816
    27   6 C      2.959     0.013    27.719     8.636
    28   6 C      3.800    -0.054    21.546     6.609
    29   6 C      3.745    -0.093    22.351     6.744
    30   6 C      2.914    -0.036    28.901     8.815
    31   6 C      2.913    -0.033    28.829     8.804
    32   6 C      2.968     0.008    27.840     8.655
    33   6 C      2.911    -0.036    28.890     8.814
    34   6 C      2.914    -0.033    28.828     8.804
    35   6 C      2.957     0.016    27.660     8.626
    36   6 C      3.800    -0.056    21.588     6.615
    37   6 C      3.745    -0.092    22.332     6.741
    38   6 C      2.914    -0.037    28.932     8.820
    39   6 C      2.912    -0.034    28.853     8.808
    40   6 C      3.043     0.006    27.852     8.656
    41   6 C      3.019     0.004    27.904     8.665
    42   6 C      3.055     0.019    27.531     8.605
    43  16 S      2.173    -0.023   142.006    20.057
    44   6 C      2.902    -0.033    28.819     8.802
    45   6 C      3.043     0.006    27.854     8.656
    46   6 C      3.929     0.016    20.246     6.394
    47   6 C      2.965     0.007    27.852     8.657
    48   6 C      2.913    -0.035    28.877     8.812
    49   6 C      2.914    -0.036    28.899     8.815
    50   6 C      2.956     0.015    27.671     8.628
    51   6 C      3.800    -0.054    21.542     6.608
    52   6 C      3.745    -0.096    22.399     6.751
    53   6 C      2.915    -0.037    28.921     8.819
    54   6 C      2.911    -0.035    28.874     8.811
    55   6 C      2.964     0.010    27.783     8.646
    56   6 C      2.911    -0.036    28.888     8.813
    57   6 C      2.914    -0.036    28.906     8.816
    58   6 C      2.959     0.013    27.719     8.636
    59   6 C      3.800    -0.054    21.546     6.609
    60   6 C      3.746    -0.093    22.351     6.744
    61   6 C      2.914    -0.036    28.900     8.815
    62   6 C      2.913    -0.033    28.825     8.804
    63   6 C      3.159    -0.011    27.958     8.644
    64   6 C      3.056     0.019    27.528     8.604
    65   6 C      3.019     0.004    27.905     8.665
    66   6 C      2.902    -0.033    28.826     8.803
    67  16 S      2.173    -0.022   141.955    20.053
    68   6 C      3.146     0.018    27.354     8.556
    69   6 C      3.125     0.023    27.309     8.557
    70  16 S      2.223    -0.027   142.153    20.067
    71   6 C      2.982     0.027    27.394     8.585
    72   6 C      3.030    -0.038    28.911     8.820
    73   6 C      2.918    -0.010    28.273     8.719
    74   6 C      2.987    -0.032    28.791     8.802
    75   6 C      3.000     0.033    27.248     8.563
    76   6 C      2.944     0.008    27.836     8.653
    77   6 C      1.912     0.120    28.141     8.567
    78   7 N      0.911    -0.238    26.228     7.407
    79   6 C      1.913     0.119    28.162     8.570
    80   7 N      0.911    -0.239    26.254     7.411
    81   6 C      3.012     0.009    27.807     8.650
    82   6 C      2.905    -0.025    28.636     8.774
    83   6 C      2.911    -0.019    28.473     8.750
    84   6 C      2.911    -0.021    28.531     8.759
    85   6 C      2.904    -0.013    28.349     8.730
    86   6 C      3.019    -0.015    28.373     8.738
    87   6 C      2.859     0.225    23.285     7.909
    88   8 O      0.856    -0.361    20.913     6.131
    89   1 H      0.924     0.060     2.194     2.316
    90   1 H      0.924     0.048     2.344     2.394
    91   1 H      0.924     0.049     2.329     2.386
    92   1 H      0.925     0.055     2.260     2.351
    93   1 H      0.924     0.080     1.979     2.200
    94   1 H      0.924     0.060     2.196     2.317
    95   1 H      0.924     0.025     2.658     2.550
    96   1 H      0.924     0.032     2.564     2.504
    97   1 H      0.923     0.035     2.512     2.479
    98   1 H      0.923     0.036     2.506     2.476
    99   1 H      0.923     0.034     2.527     2.486
   100   1 H      0.923     0.036     2.502     2.474
   101   1 H      0.923     0.035     2.515     2.480
   102   1 H      0.924     0.033     2.544     2.494
   103   1 H      0.924     0.031     2.566     2.505
   104   1 H      0.924     0.025     2.660     2.550
   105   1 H      0.924     0.035     2.515     2.480
   106   1 H      0.922     0.039     2.466     2.456
   107   1 H      0.923     0.046     2.370     2.408
   108   1 H      0.923     0.033     2.539     2.492
   109   1 H      0.923     0.035     2.510     2.478
   110   1 H      0.923     0.035     2.523     2.484
   111   1 H      0.924     0.033     2.542     2.494
   112   1 H      0.924     0.029     2.604     2.524
   113   1 H      0.925     0.047     2.359     2.402
   114   1 H      0.924     0.028     2.614     2.528
   115   1 H      0.924     0.037     2.485     2.465
   116   1 H      0.923     0.035     2.523     2.484
   117   1 H      0.923     0.048     2.351     2.398
   118   1 H      0.923     0.030     2.589     2.516
   119   1 H      0.923     0.036     2.509     2.477
   120   1 H      0.923     0.047     2.361     2.403
   121   1 H      0.924     0.031     2.577     2.511
   122   1 H      0.924     0.025     2.655     2.548
   123   1 H      0.924     0.025     2.658     2.550
   124   1 H      0.924     0.032     2.561     2.503
   125   1 H      0.923     0.036     2.506     2.475
   126   1 H      0.923     0.035     2.510     2.478
   127   1 H      0.923     0.035     2.516     2.480
   128   1 H      0.923     0.036     2.501     2.473
   129   1 H      0.923     0.034     2.528     2.486
   130   1 H      0.924     0.033     2.543     2.494
   131   1 H      0.924     0.032     2.565     2.504
   132   1 H      0.925     0.047     2.355     2.400
   133   1 H      0.924     0.061     2.192     2.315
   134   1 H      0.924     0.080     1.980     2.201
   135   1 H      0.925     0.055     2.260     2.351
   136   1 H      0.924     0.049     2.330     2.387
   137   1 H      0.924     0.048     2.343     2.394
   138   1 H      0.924     0.061     2.193     2.316

 Mol. C6AA /au·bohr⁶  :     315497.231869
 Mol. C8AA /au·bohr⁸  :    8569631.339954
 Mol. α(0) /au        :        900.942042


Wiberg/Mayer (AO) data.
largest (>0.10) Wiberg bond orders for each atom
          total WBO             WBO to atom ...
     1  C   3.923        O    2 1.784    C    3 1.014    C   15 1.004
     2  O   2.062        C    1 1.784
     3  C   3.974        C    4 1.416    C    8 1.300    C    1 1.014
     4  C   3.982        C    5 1.426    C    3 1.416    H   89 0.966
     5  C   3.953        C    6 1.432    C    4 1.426    H   90 0.970
     6  C   3.979        C    7 1.432    C    5 1.432    H   91 0.970
     7  C   3.978        C    6 1.432    C    8 1.402    H   92 0.963
     8  C   3.979        C    7 1.402    C    3 1.300    C    9 1.069
     9  C   3.972        C   10 1.494    C   15 1.133    C    8 1.069
    10  C   3.953        C    9 1.494    C   13 1.096    C   11 1.091
    11  C   3.942        N   12 2.772    C   10 1.091
    12  N   2.980        C   11 2.772
    13  C   3.941        N   14 2.765    C   10 1.096
    14  N   2.970        C   13 2.765
    15  C   3.951        C   16 1.563    C    9 1.133    C    1 1.004
    16  C   3.948        C   15 1.563    C   17 1.230    H   93 0.944
    17  C   3.930        C   18 1.429    C   16 1.230    S   21 1.091
    18  C   3.967        C   17 1.429    C   19 1.346    H   94 0.961
    19  C   3.930        C   18 1.346    C   20 1.300    S   43 1.096
    20  C   3.939        C   19 1.300    C   22 1.292    S   21 1.135
    21  S   2.572        C   20 1.135    C   17 1.091
    22  C   3.960        C   42 1.431    C   20 1.292    C   23 0.971
    23  C   3.984        C   22 0.971    C   40 0.968    C   24 0.959    C   32 0.943
    24  C   3.982        C   25 1.417    C   31 1.398    C   23 0.959    C   27 0.106
    25  C   3.989        C   26 1.439    C   24 1.417    H   95 0.966    C   30 0.107
    26  C   3.990        C   25 1.439    C   27 1.416    H   96 0.969    C   31 0.109
    27  C   3.985        C   26 1.416    C   30 1.401    C   28 1.012    C   24 0.106
    28  C   3.996        C   27 1.012    C   29 1.002    H   98 0.974    H   97 0.973
    29  C   3.995        C   28 1.002    H  101 0.988    H   99 0.988    H  100 0.986
    30  C   3.989        C   31 1.456    C   27 1.401    H  102 0.969    C   25 0.107
    31  C   3.989        C   30 1.456    C   24 1.398    H  103 0.967    C   26 0.109
    32  C   3.978        C   39 1.407    C   33 1.406    C   23 0.943    C   35 0.106
    33  C   3.990        C   34 1.452    C   32 1.406    H  104 0.968    C   38 0.106
    34  C   3.989        C   33 1.452    C   35 1.404    H  105 0.968    C   39 0.109
    35  C   3.983        C   38 1.410    C   34 1.404    C   36 1.013    C   32 0.106
    36  C   3.995        C   35 1.013    C   37 1.007    H  107 0.974    H  106 0.963
    37  C   3.996        C   36 1.007    H  110 0.988    H  108 0.987    H  109 0.986
    38  C   3.988        C   39 1.445    C   35 1.410    H  111 0.967    C   33 0.106
    39  C   3.988        C   38 1.445    C   32 1.407    H  112 0.966    C   34 0.109
    40  C   3.964        C   66 1.467    C   41 1.286    C   23 0.968
    41  C   3.954        C   44 1.349    C   40 1.286    C   42 1.139
    42  C   3.904        C   22 1.431    C   41 1.139    S   43 1.131
    43  S   2.532        C   42 1.131    C   19 1.096
    44  C   3.969        C   45 1.466    C   41 1.349    H  113 0.962
    45  C   3.964        C   44 1.466    C   65 1.287    C   46 0.968
    46  C   3.984        C   63 0.973    C   45 0.968    C   55 0.954    C   47 0.947
    47  C   3.979        C   54 1.414    C   48 1.401    C   46 0.947    C   50 0.105
    48  C   3.988        C   49 1.453    C   47 1.401    H  114 0.966    C   53 0.108
    49  C   3.988        C   48 1.453    C   50 1.402    H  115 0.965    C   54 0.107
    50  C   3.984        C   53 1.410    C   49 1.402    C   51 1.014    C   47 0.105
    51  C   3.996        C   50 1.014    C   52 1.014    H  116 0.974    H  117 0.956
    52  C   3.995        C   51 1.014    H  118 0.989    H  119 0.986    H  120 0.983
    53  C   3.989        C   54 1.443    C   50 1.410    H  121 0.968    C   48 0.108
    54  C   3.990        C   53 1.443    C   47 1.414    H  122 0.968    C   49 0.107
    55  C   3.981        C   56 1.418    C   62 1.397    C   46 0.954    C   58 0.106
    56  C   3.989        C   57 1.438    C   55 1.418    H  123 0.966    C   61 0.107
    57  C   3.989        C   56 1.438    C   58 1.417    H  124 0.969    C   62 0.109
    58  C   3.985        C   57 1.417    C   61 1.400    C   59 1.012    C   55 0.106
    59  C   3.996        C   58 1.012    C   60 1.002    H  125 0.974    H  126 0.973
    60  C   3.995        C   59 1.002    H  127 0.988    H  129 0.988    H  128 0.986
    61  C   3.989        C   62 1.457    C   58 1.400    H  130 0.969    C   56 0.107
    62  C   3.989        C   61 1.457    C   55 1.397    H  131 0.966    C   57 0.109
    63  C   3.960        C   64 1.430    C   69 1.293    C   46 0.973
    64  C   3.907        C   63 1.430    C   65 1.139    S   67 1.132
    65  C   3.954        C   66 1.348    C   45 1.287    C   64 1.139
    66  C   3.970        C   40 1.467    C   65 1.348    H  132 0.962
    67  S   2.534        C   64 1.132    C   68 1.098
    68  C   3.930        C   72 1.344    C   69 1.301    S   67 1.098
    69  C   3.939        C   68 1.301    C   63 1.293    S   70 1.133
    70  S   2.568        C   69 1.133    C   71 1.091
    71  C   3.930        C   72 1.433    C   73 1.226    S   70 1.091
    72  C   3.967        C   71 1.433    C   68 1.344    H  133 0.961
    73  C   3.947        C   74 1.565    C   71 1.226    H  134 0.944
    74  C   3.952        C   73 1.565    C   75 1.133    C   87 1.005
    75  C   3.972        C   76 1.492    C   74 1.133    C   81 1.071
    76  C   3.971        C   75 1.492    C   77 1.097    C   79 1.092
    77  C   3.941        N   78 2.765    C   76 1.097
    78  N   2.970        C   77 2.765
    79  C   3.942        N   80 2.773    C   76 1.092
    80  N   2.983        C   79 2.773
    81  C   3.979        C   82 1.401    C   86 1.300    C   75 1.071
    82  C   3.978        C   83 1.433    C   81 1.401    H  135 0.963
    83  C   3.980        C   82 1.433    C   84 1.431    H  136 0.970
    84  C   3.971        C   83 1.431    C   85 1.426    H  137 0.970
    85  C   3.982        C   84 1.426    C   86 1.416    H  138 0.966
    86  C   3.973        C   85 1.416    C   81 1.300    C   87 1.014
    87  C   3.923        O   88 1.785    C   86 1.014    C   74 1.005
    88  O   2.062        C   87 1.785
    89  H   0.996        C    4 0.966
    90  H   0.997        C    5 0.970
    91  H   0.997        C    6 0.970
    92  H   0.996        C    7 0.963
    93  H   0.991        C   16 0.944
    94  H   0.996        C   18 0.961
    95  H   0.999        C   25 0.966
    96  H   0.998        C   26 0.969
    97  H   0.998        C   28 0.973
    98  H   0.998        C   28 0.974
    99  H   0.999        C   29 0.988
   100  H   0.998        C   29 0.986
   101  H   0.999        C   29 0.988
   102  H   0.998        C   30 0.969
   103  H   0.999        C   31 0.967
   104  H   0.999        C   33 0.968
   105  H   0.998        C   34 0.968
   106  H   0.998        C   36 0.963
   107  H   0.998        C   36 0.974
   108  H   0.999        C   37 0.987
   109  H   0.998        C   37 0.986
   110  H   0.999        C   37 0.988
   111  H   0.998        C   38 0.967
   112  H   0.999        C   39 0.966
   113  H   0.996        C   44 0.962
   114  H   0.999        C   48 0.966
   115  H   0.998        C   49 0.965
   116  H   0.998        C   51 0.974
   117  H   0.997        C   51 0.956
   118  H   0.999        C   52 0.989
   119  H   0.998        C   52 0.986
   120  H   0.998        C   52 0.983
   121  H   0.998        C   53 0.968
   122  H   0.999        C   54 0.968
   123  H   0.999        C   56 0.966
   124  H   0.998        C   57 0.969
   125  H   0.998        C   59 0.974
   126  H   0.998        C   59 0.973
   127  H   0.999        C   60 0.988
   128  H   0.998        C   60 0.986
   129  H   0.999        C   60 0.988
   130  H   0.998        C   61 0.969
   131  H   0.999        C   62 0.966
   132  H   0.996        C   66 0.962
   133  H   0.996        C   72 0.961
   134  H   0.991        C   73 0.944
   135  H   0.996        C   82 0.963
   136  H   0.997        C   83 0.970
   137  H   0.997        C   84 0.970
   138  H   0.995        C   85 0.966

molecular dipole:
                 x           y           z       tot (Debye)
 q only:       -0.139      -0.112       0.008
   full:       -0.107      -0.129       0.054       0.448
molecular quadrupole (traceless):
                xx          xy          yy          xz          yz          zz
 q only:       41.249      68.785     -26.182       5.964      -4.218     -15.066
  q+dip:       32.926      77.926      -7.618       6.263      13.866     -25.308
   full:       31.440      68.516      -4.272      14.024       6.732     -27.168


           -------------------------------------------------
          | TOTAL ENERGY             -225.173086816124 Eh   |
          | GRADIENT NORM               0.106845214539 Eh/α |
          | HOMO-LUMO GAP               1.118519789050 eV   |
           -------------------------------------------------

------------------------------------------------------------------------
 * finished run on 2020/11/20 at 13:45:31.947     
------------------------------------------------------------------------
 total:
 * wall-time:     0 d,  0 h,  0 min,  1.567 sec
 *  cpu-time:     0 d,  0 h,  0 min,  1.563 sec
 * ratio c/w:     0.998 speedup
 SCF:
 * wall-time:     0 d,  0 h,  0 min,  1.184 sec
 *  cpu-time:     0 d,  0 h,  0 min,  1.182 sec
 * ratio c/w:     0.998 speedup

