      -----------------------------------------------------------      
     |                   =====================                   |     
     |                           x T B                           |     
     |                   =====================                   |     
     |                         S. Grimme                         |     
     |          Mulliken Center for Theoretical Chemistry        |     
     |                    University of Bonn                     |     
     |                Version 6.2 RC2 (SAW190805)                |     
      -----------------------------------------------------------      

   This program is distributed in the hope that it will be useful,
   but WITHOUT ANY WARRANTY; without even the implied warranty of
   MERCHANTABILITY or FITNESS FOR A PARTICULAR PURPOSE.
   
   FOR NON-COMMERCIAL, ACADEMIA USE ONLY.
   
   Cite this work as:
   * S. Grimme, C. Bannwarth, P. Shushkov, J. Chem. Theory Comput., 2017,
     13, 1989-2009. DOI: 10.1021/acs.jctc.7b00118
   * C. Bannwarth, S. Ehlert and S. Grimme., J. Chem. Theory Comput., 2019,
     15, 1652-1671. DOI: 10.1021/acs.jctc.8b01176
   * P. Pracht, E. Caldeweyher, S. Ehlert, S. Grimme, ChemRxiv, 2019, preprint.
     DOI: 10.26434/chemrxiv.8326202.v1
   
   for DFT-D4:
   * E. Caldeweyher, C. Bannwarth and S. Grimme, J. Chem. Phys., 2017,
     147, 034112. DOI: 10.1063/1.4993215
   * E. Caldeweyher, S. Ehlert, A. Hansen, H. Neugebauer, S. Spicher,
     C. Bannwarth and S. Grimme, J. Chem. Phys., 2019, 150, 154122.
     DOI: 10.1063/1.5090222
   
   for sTDA-xTB:
   * S. Grimme and C. Bannwarth, J. Chem. Phys., 2016, 145, 054103.
     DOI: 10.1063/1.4959605
   
   in the mass-spec context:
   * V. Asgeirsson, C. Bauer and S. Grimme, Chem. Sci., 2017, 8, 4879.
     DOI: 10.1039/c7sc00601b
   
   for metadynamics refer to:
   * S. Grimme, J. Chem. Theory Comput., 2019, 155, 2847-2862
     DOI: 10.1021/acs.jctc.9b00143
   
   with help from (in alphabetical order)
   C. Bannwarth, F. Bohle, G. Brandenburg, E. Caldeweyher, M. Checinski,
   S. Dohm, S. Ehlert, S. Ehrlich, F. März, H. Neugebauer, J. Pisarek,
   P. Pracht, P. Shushkov, and S. Spicher.
   
 * started run on 2020/11/20 at 13:45:31.975     

           -------------------------------------------------
          |                Calculation Setup                |
           -------------------------------------------------

          program call               : /ihome/ghutchison/geoffh/xtb/xtb M34.xyz -sp
          hostname                   : smp-n106
          coordinate file            : M34.xyz
          omp threads                :                     1
          number of atoms            :                    98
          number of electrons        :                   342
          charge                     :                     0
          spin                       :                   0.0
          first test random number   :      0.96865546346442


########################################################################
# WARNING! Please study the warnings concerning your input carefully
#  - XTBPATH is not set, using XTBHOME instead
#  - the use of '-sp' is discouraged, please use '--sp' next time
########################################################################

           ------------------------------------------------- 
          |                 G F N 2 - x T B                 |
          | Geometry, Frequencies, Noncovalent interactions |
          |            JCTC 2019 parametrisation            |
           ------------------------------------------------- 
             KAB for C  - Si     :                1.0500
             KAB for H  - Pd     :                0.9500
             k(s)              :                1.8500
             k(p)              :                2.2300
             k(d)              :                2.2300
             k(f)              :                2.0000
             kEN (H0ij)        :               -2.0000
             D4 a1             :                0.5200
             D4 a2             :                5.0000
             D4 s6             :                1.0000
             D4 s8             :                2.7000
             D4 s9             :                5.0000
             alphaj            :                2.0000

  Z AO/shell   Hii/eV     exponent
  1     Wed Apr 25 08:07:45 CEST 2018   EN: 2.200 GM2: 0.406  GM3: 0.0800  RAES: 1.40
     1s    -10.707211    1.230000
  6     Wed Apr 25 08:07:45 CEST 2018   EN: 2.550 GM2: 0.538  GM3: 0.1500  RAES: 3.00
     2s    -13.970922    2.096432
     2p    -10.063292    1.800000
  7     Wed Apr 25 08:07:45 CEST 2018   EN: 3.040 GM2: 0.461  GM3:-0.0640  RAES: 1.90
     2s    -16.686243    2.339881
     2p    -12.523956    2.014332
  8     Wed Apr 25 08:07:45 CEST 2018   EN: 3.440 GM2: 0.452  GM3:-0.0517  RAES: 1.80
     2s    -20.229985    2.439742
     2p    -15.503117    2.137023
  9     Mon Apr 23 13:58:50 CEST 2018   EN: 3.980 GM2: 0.532  GM3: 0.1426  RAES: 2.40
     2s    -23.458179    2.416361
     2p    -15.746583    2.308399
 16     Tue Apr 24 11:44:34 CEST 2018   EN: 2.580 GM2: 0.340  GM3:-0.0502  RAES: 3.10
     3s    -20.029654    1.981333
     3p    -11.377694    2.025643
     3d     -0.420282    1.702555

           ------------------------------------------------- 
          |        Self-Consistent Charge Iterations        |
           ------------------------------------------------- 

          ...................................................
          :                      SETUP                      :
          :.................................................:
          :  # basis functions                 332          :
          :  # atomic orbitals                 328          :
          :  # shells                          172          :
          :  # electrons                       342          :
          :  max. iterations                   250          :
          :  Hamiltonian                  GFN2-xTB          :
          :  restarted?                      false          :
          :  GBSA solvation                  false          :
          :  PC potential                    false          :
          :  electronic temp.          300.0000000     K    :
          :  accuracy                    1.0000000          :
          :  -> integral cutoff          0.2500000E+02      :
          :  -> integral neglect         0.1000000E-07      :
          :  -> SCF convergence          0.1000000E-05 Eh   :
          :  -> wf. convergence          0.1000000E-03 e    :
          :  Broyden damping             0.4000000          :
          ...................................................

 iter      E             dE          RMSdq      gap      omega  full diag
   1   -193.4253745 -0.193425E+03  0.491E+00    1.24       0.0  T
   2   -193.5513172 -0.125943E+00  0.311E+00    1.15       1.0  T
   3   -193.4106588  0.140658E+00  0.217E+00    0.64       1.0  T
   4   -193.7010653 -0.290406E+00  0.819E-01    1.02       1.0  T
   5   -193.7591602 -0.580949E-01  0.236E-01    0.79       1.0  T
   6   -193.7623050 -0.314481E-02  0.120E-01    0.90       1.0  T
   7   -193.7631664 -0.861384E-03  0.561E-02    0.85       1.0  T
   8   -193.7634383 -0.271932E-03  0.202E-02    0.87       1.0  T
   9   -193.7634531 -0.147622E-04  0.118E-02    0.87       1.0  T
  10   -193.7634632 -0.100699E-04  0.446E-03    0.87       2.3  T
  11   -193.7634634 -0.228087E-06  0.222E-03    0.87       4.5  T
  12   -193.7634637 -0.332258E-06  0.925E-04    0.87      10.9  T
  13   -193.7634638 -0.306717E-07  0.573E-04    0.87      17.6  T

   *** convergence criteria satisfied after 13 iterations ***

         #    Occupation            Energy/Eh            Energy/eV
      -------------------------------------------------------------
         1        2.0000           -0.8522993             -23.1922
       ...           ...                  ...                  ...
       165        2.0000           -0.4179154             -11.3721
       166        2.0000           -0.4160485             -11.3213
       167        2.0000           -0.4114435             -11.1959
       168        2.0000           -0.4024310             -10.9507
       169        2.0000           -0.3952295             -10.7547
       170        2.0000           -0.3925253             -10.6812
       171        2.0000           -0.3776376             -10.2760 (HOMO)
       172        0.0000           -0.3457734              -9.4090 (LUMO)
       173                         -0.3418364              -9.3018
       174                         -0.3316079              -9.0235
       175                         -0.3287916              -8.9469
       176                         -0.2951098              -8.0303
       ...                                ...                  ...
       328                          1.0634783              28.9387
      -------------------------------------------------------------
                  HL-Gap            0.0318641 Eh            0.8671 eV
             Fermi-level           -0.3617130 Eh           -9.8427 eV

 SCC (total)                   0 d,  0 h,  0 min,  0.667 sec
 SCC setup                      ...        0 min,  0.003 sec (  0.382%)
 Dispersion                     ...        0 min,  0.006 sec (  0.948%)
 integral evaluation            ...        0 min,  0.209 sec ( 31.394%)
 zeroth order Hamiltonian       ...        0 min,  0.001 sec (  0.216%)
 iterations                     ...        0 min,  0.269 sec ( 40.420%)
 molecular gradient             ...        0 min,  0.175 sec ( 26.252%)
 printout                       ...        0 min,  0.003 sec (  0.377%)

         :::::::::::::::::::::::::::::::::::::::::::::::::::::
         ::                     SUMMARY                     ::
         :::::::::::::::::::::::::::::::::::::::::::::::::::::
         :: total energy            -191.218789752022 Eh    ::
         :: gradient norm              0.103270167778 Eh/a0 ::
         :: HOMO-LUMO gap              0.867067417982 eV    ::
         ::.................................................::
         :: SCC energy              -193.763463769465 Eh    ::
         :: -> isotropic ES            0.159907488678 Eh    ::
         :: -> anisotropic ES          0.011758858372 Eh    ::
         :: -> anisotropic XC          0.093812288658 Eh    ::
         :: -> dispersion             -0.153505389146 Eh    ::
         :: repulsion energy           2.544508288281 Eh    ::
         :: add. restraining           0.000000000000 Eh    ::
         :::::::::::::::::::::::::::::::::::::::::::::::::::::

           -------------------------------------------------
          |                Property Printout                |
           -------------------------------------------------

    * Orbital Energies and Occupations

         #    Occupation            Energy/Eh            Energy/eV
      -------------------------------------------------------------
         1        2.0000           -0.8522993             -23.1922
       ...           ...                  ...                  ...
       159        2.0000           -0.4387253             -11.9383
       160        2.0000           -0.4352020             -11.8424
       161        2.0000           -0.4325130             -11.7693
       162        2.0000           -0.4299681             -11.7000
       163        2.0000           -0.4259694             -11.5912
       164        2.0000           -0.4257358             -11.5849
       165        2.0000           -0.4179154             -11.3721
       166        2.0000           -0.4160485             -11.3213
       167        2.0000           -0.4114435             -11.1959
       168        2.0000           -0.4024310             -10.9507
       169        2.0000           -0.3952295             -10.7547
       170        2.0000           -0.3925253             -10.6812
       171        2.0000           -0.3776376             -10.2760 (HOMO)
       172        0.0000           -0.3457734              -9.4090 (LUMO)
       173                         -0.3418364              -9.3018
       174                         -0.3316079              -9.0235
       175                         -0.3287916              -8.9469
       176                         -0.2951098              -8.0303
       177                         -0.2845062              -7.7418
       178                         -0.2760547              -7.5118
       179                         -0.2676298              -7.2826
       180                         -0.2581070              -7.0234
       181                         -0.2555362              -6.9535
       182                         -0.2539695              -6.9109
       ...                                ...                  ...
       328                          1.0634783              28.9387
      -------------------------------------------------------------
                  HL-Gap            0.0318641 Eh            0.8671 eV
             Fermi-level           -0.3617130 Eh           -9.8427 eV

     #   Z        covCN         q      C6AA      α(0)
     1   6 C      2.996    -0.003    28.084     8.693
     2   6 C      3.042    -0.033    28.790     8.801
     3   6 C      2.874     0.129    25.180     8.226
     4   6 C      2.992     0.001    27.985     8.678
     5   6 C      3.049    -0.029    28.665     8.781
     6   6 C      2.875     0.129    25.181     8.226
     7   8 O      1.700    -0.302    19.028     5.889
     8   6 C      3.685     0.079    19.457     6.315
     9   8 O      1.700    -0.303    19.040     5.891
    10   6 C      3.689     0.082    19.397     6.303
    11  16 S      2.137    -0.019   141.830    20.044
    12   6 C      3.069    -0.002    28.006     8.677
    13   6 C      3.189     0.041    26.611     8.415
    14  16 S      2.139    -0.035   142.487    20.090
    15   6 C      3.076     0.000    27.940     8.666
    16   6 C      3.175     0.040    26.725     8.443
    17   6 C      3.074    -0.005    28.065     8.686
    18   6 C      3.205     0.037    26.583     8.398
    19   7 N      2.777    -0.057    22.339     7.020
    20  16 S      2.173     0.047   139.140    19.853
    21   6 C      2.975     0.022    27.514     8.604
    22   6 C      3.015    -0.051    29.250     8.872
    23   6 C      3.065     0.005    27.849     8.654
    24   6 C      3.251     0.039    26.100     8.269
    25   7 N      2.776    -0.042    22.047     6.974
    26  16 S      2.215     0.002   140.960    19.983
    27   6 C      2.982     0.024    27.456     8.595
    28   6 C      3.015    -0.044    29.065     8.843
    29   6 C      2.905    -0.012    28.319     8.726
    30   6 C      2.983    -0.036    28.897     8.818
    31   6 C      2.923    -0.009    28.236     8.714
    32   6 C      2.985    -0.037    28.915     8.821
    33   6 C      2.863     0.226    23.258     7.905
    34   6 C      3.027    -0.019    28.451     8.749
    35   6 C      3.012     0.005    27.895     8.664
    36   6 C      3.003     0.031    27.300     8.571
    37   6 C      2.861     0.226    23.251     7.904
    38   6 C      3.020    -0.019    28.461     8.751
    39   6 C      3.016     0.005    27.898     8.664
    40   6 C      2.999     0.033    27.255     8.564
    41   6 C      2.906    -0.038    28.937     8.821
    42   6 C      2.778     0.161    24.504     8.108
    43   6 C      2.775     0.162    24.481     8.104
    44   6 C      2.908    -0.050    29.251     8.868
    45   6 C      2.906    -0.037    28.923     8.818
    46   6 C      2.776     0.161    24.515     8.109
    47   6 C      2.775     0.163    24.472     8.102
    48   6 C      2.907    -0.051    29.276     8.872
    49   9 F      0.787    -0.181    11.042     3.925
    50   9 F      0.787    -0.180    11.035     3.924
    51   8 O      0.869    -0.350    20.700     6.100
    52   6 C      2.943     0.009    27.806     8.649
    53   6 C      1.913     0.120    28.153     8.569
    54   6 C      1.914     0.119    28.170     8.572
    55   6 C      3.734    -0.002    20.703     6.494
    56   6 C      3.746    -0.105    22.583     6.779
    57   6 C      3.735    -0.003    20.712     6.495
    58   6 C      3.746    -0.105    22.584     6.779
    59   6 C      3.745    -0.109    22.648     6.789
    60   6 C      3.745    -0.112    22.706     6.797
    61   8 O      0.856    -0.350    20.700     6.100
    62   6 C      2.944     0.006    27.896     8.663
    63   9 F      0.787    -0.180    11.030     3.923
    64   9 F      0.787    -0.181    11.043     3.925
    65   7 N      0.911    -0.224    25.900     7.361
    66   7 N      0.911    -0.234    26.125     7.393
    67   6 C      1.914     0.119    28.180     8.573
    68   6 C      1.914     0.116    28.245     8.583
    69   7 N      0.911    -0.229    26.021     7.378
    70   7 N      0.911    -0.233    26.102     7.389
    71   1 H      0.923     0.061     2.190     2.315
    72   1 H      0.923     0.041     2.433     2.439
    73   1 H      0.923     0.057     2.241     2.341
    74   1 H      0.923     0.032     2.558     2.501
    75   1 H      0.924     0.057     2.229     2.335
    76   1 H      0.925     0.046     2.375     2.410
    77   1 H      0.925     0.071     2.075     2.253
    78   1 H      0.923     0.086     1.919     2.166
    79   1 H      0.924     0.094     1.843     2.123
    80   1 H      0.925     0.091     1.869     2.138
    81   1 H      0.924     0.094     1.841     2.122
    82   1 H      0.925     0.090     1.882     2.145
    83   1 H      0.923     0.054     2.269     2.356
    84   1 H      0.924     0.079     1.990     2.206
    85   1 H      0.923     0.044     2.394     2.420
    86   1 H      0.923     0.053     2.285     2.364
    87   1 H      0.923     0.044     2.391     2.418
    88   1 H      0.923     0.051     2.307     2.375
    89   1 H      0.924     0.089     1.889     2.150
    90   1 H      0.923     0.041     2.440     2.443
    91   1 H      0.923     0.053     2.279     2.361
    92   1 H      0.923     0.050     2.318     2.381
    93   1 H      0.923     0.050     2.319     2.382
    94   1 H      0.923     0.049     2.338     2.391
    95   1 H      0.923     0.041     2.437     2.441
    96   1 H      0.923     0.044     2.398     2.421
    97   1 H      0.923     0.061     2.192     2.315
    98   1 H      0.923     0.049     2.327     2.386

 Mol. C6AA /au·bohr⁶  :     173181.910234
 Mol. C8AA /au·bohr⁸  :    4769624.539496
 Mol. α(0) /au        :        657.798193


Wiberg/Mayer (AO) data.
largest (>0.10) Wiberg bond orders for each atom
          total WBO             WBO to atom ...
     1  C   3.936        C    6 1.384    C    2 1.238    S   14 1.089
     2  C   3.958        C    3 1.287    C    1 1.238    C   16 1.185
     3  C   3.925        C    4 1.383    C    2 1.287    O    9 1.032
     4  C   3.937        C    3 1.383    C    5 1.241    S   11 1.089
     5  C   3.960        C    6 1.288    C    4 1.241    C   13 1.185
     6  C   3.927        C    1 1.384    C    5 1.288    O    7 1.032
     7  O   2.137        C    6 1.032    C    8 0.931
     8  C   3.934        C   59 1.018    H   71 0.969    H   72 0.968    O    7 0.931
     9  O   2.135        C    3 1.032    C   10 0.929
    10  C   3.934        C   60 1.018    H   74 0.970    H   73 0.970    O    9 0.929
    11  S   2.469        C    4 1.089    C   12 1.087
    12  C   3.929        C   13 1.317    C   23 1.308    S   11 1.087
    13  C   3.910        C   12 1.317    C    5 1.185    N   25 1.169
    14  S   2.474        C    1 1.089    C   15 1.087
    15  C   3.929        C   16 1.328    C   17 1.300    S   14 1.087
    16  C   3.907        C   15 1.328    C    2 1.185    N   19 1.156
    17  C   3.938        C   15 1.300    C   18 1.242    S   20 1.167
    18  C   3.938        C   22 1.365    C   17 1.242    N   19 1.131
    19  N   3.523        C   16 1.156    C   18 1.131    C   55 0.971
    20  S   2.657        C   17 1.167    C   21 1.095    C   22 0.110
    21  C   3.930        C   22 1.369    C   29 1.297    S   20 1.095
    22  C   3.956        C   21 1.369    C   18 1.365    H   75 0.960    S   20 0.110
    23  C   3.925        C   12 1.308    C   24 1.246    S   26 1.147
    24  C   3.944        C   28 1.339    C   23 1.246    N   25 1.152
    25  N   3.553        C   13 1.169    C   24 1.152    C   57 0.966
    26  S   2.542        C   23 1.147    C   27 1.079
    27  C   3.928        C   28 1.407    C   31 1.271    S   26 1.079
    28  C   3.964        C   27 1.407    C   24 1.339    H   76 0.955
    29  C   3.946        C   30 1.500    C   21 1.297    H   77 0.939
    30  C   3.951        C   29 1.500    C   36 1.142    C   33 1.050
    31  C   3.942        C   32 1.513    C   27 1.271    H   78 0.949
    32  C   3.950        C   31 1.513    C   40 1.157    C   37 1.013
    33  C   3.924        O   51 1.747    C   30 1.050    C   34 1.016
    34  C   3.975        C   41 1.406    C   35 1.314    C   33 1.016
    35  C   3.980        C   44 1.388    C   34 1.314    C   36 1.072
    36  C   3.969        C   52 1.490    C   30 1.142    C   35 1.072
    37  C   3.925        O   61 1.789    C   32 1.013    C   38 1.008
    38  C   3.973        C   45 1.407    C   39 1.313    C   37 1.008
    39  C   3.982        C   48 1.391    C   38 1.313    C   40 1.069
    40  C   3.972        C   62 1.472    C   32 1.157    C   39 1.069
    41  C   3.977        C   34 1.406    C   42 1.394    H   79 0.959
    42  C   3.866        C   41 1.394    C   43 1.316    F   49 0.995
    43  C   3.888        C   44 1.400    C   42 1.316    F   50 0.996
    44  C   3.971        C   43 1.400    C   35 1.388    H   80 0.954
    45  C   3.977        C   38 1.407    C   46 1.393    H   81 0.959
    46  C   3.881        C   45 1.393    C   47 1.317    F   64 0.994
    47  C   3.888        C   48 1.399    C   46 1.317    F   63 0.996
    48  C   3.972        C   47 1.399    C   39 1.391    H   82 0.955
    49  F   1.136        C   42 0.995
    50  F   1.138        C   43 0.996
    51  O   2.092        C   33 1.747
    52  C   3.925        C   36 1.490    C   53 1.095    C   54 1.093
    53  C   3.941        N   66 2.761    C   52 1.095
    54  C   3.942        N   65 2.772    C   52 1.093
    55  C   3.960        C   56 1.009    H   83 0.971    N   19 0.971    H   84 0.960
    56  C   3.990        C   55 1.009    H   87 0.987    H   85 0.986    H   86 0.982
    57  C   3.956        C   58 1.016    H   88 0.966    N   25 0.966    H   89 0.959
    58  C   3.991        C   57 1.016    H   90 0.983    H   91 0.982    H   92 0.981
    59  C   3.994        C    8 1.018    H   95 0.985    H   94 0.982    H   93 0.980
    60  C   3.992        C   10 1.018    H   96 0.985    H   97 0.984    H   98 0.981
    61  O   2.053        C   37 1.789
    62  C   3.958        C   40 1.472    C   67 1.100    C   68 1.097
    63  F   1.140        C   47 0.996
    64  F   1.136        C   46 0.994
    65  N   2.971        C   54 2.772
    66  N   2.969        C   53 2.761
    67  C   3.943        N   70 2.766    C   62 1.100
    68  C   3.942        N   69 2.766    C   62 1.097
    69  N   2.968        C   68 2.766
    70  N   2.982        C   67 2.766
    71  H   0.996        C    8 0.969
    72  H   0.998        C    8 0.968
    73  H   0.996        C   10 0.970
    74  H   0.999        C   10 0.970
    75  H   0.996        C   22 0.960
    76  H   0.997        C   28 0.955
    77  H   0.994        C   29 0.939
    78  H   0.990        C   31 0.949
    79  H   0.991        C   41 0.959
    80  H   0.991        C   44 0.954
    81  H   0.990        C   45 0.959
    82  H   0.991        C   48 0.955
    83  H   0.996        C   55 0.971
    84  H   0.993        C   55 0.960
    85  H   0.998        C   56 0.986
    86  H   0.997        C   56 0.982
    87  H   0.998        C   56 0.987
    88  H   0.996        C   57 0.966
    89  H   0.991        C   57 0.959
    90  H   0.998        C   58 0.983
    91  H   0.996        C   58 0.982
    92  H   0.997        C   58 0.981
    93  H   0.997        C   59 0.980
    94  H   0.997        C   59 0.982
    95  H   0.998        C   59 0.985
    96  H   0.998        C   60 0.985
    97  H   0.996        C   60 0.984
    98  H   0.997        C   60 0.981

molecular dipole:
                 x           y           z       tot (Debye)
 q only:       -0.689      -1.632       1.222
   full:       -0.615      -1.815       0.762       5.242
molecular quadrupole (traceless):
                xx          xy          yy          xz          yz          zz
 q only:      -90.490     124.441      16.090     -15.415      25.955      74.400
  q+dip:      -84.288     112.849      21.468     -11.058      26.584      62.820
   full:      -84.082     123.020      25.239      -6.544      31.656      58.842


           -------------------------------------------------
          | TOTAL ENERGY             -191.218789752022 Eh   |
          | GRADIENT NORM               0.103270167778 Eh/α |
          | HOMO-LUMO GAP               0.867067417982 eV   |
           -------------------------------------------------

------------------------------------------------------------------------
 * finished run on 2020/11/20 at 13:45:32.881     
------------------------------------------------------------------------
 total:
 * wall-time:     0 d,  0 h,  0 min,  0.906 sec
 *  cpu-time:     0 d,  0 h,  0 min,  0.896 sec
 * ratio c/w:     0.989 speedup
 SCF:
 * wall-time:     0 d,  0 h,  0 min,  0.668 sec
 *  cpu-time:     0 d,  0 h,  0 min,  0.667 sec
 * ratio c/w:     1.000 speedup

