      -----------------------------------------------------------      
     |                   =====================                   |     
     |                           x T B                           |     
     |                   =====================                   |     
     |                         S. Grimme                         |     
     |          Mulliken Center for Theoretical Chemistry        |     
     |                    University of Bonn                     |     
     |                Version 6.2 RC2 (SAW190805)                |     
      -----------------------------------------------------------      

   This program is distributed in the hope that it will be useful,
   but WITHOUT ANY WARRANTY; without even the implied warranty of
   MERCHANTABILITY or FITNESS FOR A PARTICULAR PURPOSE.
   
   FOR NON-COMMERCIAL, ACADEMIA USE ONLY.
   
   Cite this work as:
   * S. Grimme, C. Bannwarth, P. Shushkov, J. Chem. Theory Comput., 2017,
     13, 1989-2009. DOI: 10.1021/acs.jctc.7b00118
   * C. Bannwarth, S. Ehlert and S. Grimme., J. Chem. Theory Comput., 2019,
     15, 1652-1671. DOI: 10.1021/acs.jctc.8b01176
   * P. Pracht, E. Caldeweyher, S. Ehlert, S. Grimme, ChemRxiv, 2019, preprint.
     DOI: 10.26434/chemrxiv.8326202.v1
   
   for DFT-D4:
   * E. Caldeweyher, C. Bannwarth and S. Grimme, J. Chem. Phys., 2017,
     147, 034112. DOI: 10.1063/1.4993215
   * E. Caldeweyher, S. Ehlert, A. Hansen, H. Neugebauer, S. Spicher,
     C. Bannwarth and S. Grimme, J. Chem. Phys., 2019, 150, 154122.
     DOI: 10.1063/1.5090222
   
   for sTDA-xTB:
   * S. Grimme and C. Bannwarth, J. Chem. Phys., 2016, 145, 054103.
     DOI: 10.1063/1.4959605
   
   in the mass-spec context:
   * V. Asgeirsson, C. Bauer and S. Grimme, Chem. Sci., 2017, 8, 4879.
     DOI: 10.1039/c7sc00601b
   
   for metadynamics refer to:
   * S. Grimme, J. Chem. Theory Comput., 2019, 155, 2847-2862
     DOI: 10.1021/acs.jctc.9b00143
   
   with help from (in alphabetical order)
   C. Bannwarth, F. Bohle, G. Brandenburg, E. Caldeweyher, M. Checinski,
   S. Dohm, S. Ehlert, S. Ehrlich, F. März, H. Neugebauer, J. Pisarek,
   P. Pracht, P. Shushkov, and S. Spicher.
   
 * started run on 2020/11/20 at 13:45:32.897     

           -------------------------------------------------
          |                Calculation Setup                |
           -------------------------------------------------

          program call               : /ihome/ghutchison/geoffh/xtb/xtb M8.xyz -sp
          hostname                   : smp-n106
          coordinate file            : M8.xyz
          omp threads                :                     1
          number of atoms            :                    98
          number of electrons        :                   342
          charge                     :                     0
          spin                       :                   0.0
          first test random number   :      0.41479160229549


########################################################################
# WARNING! Please study the warnings concerning your input carefully
#  - XTBPATH is not set, using XTBHOME instead
#  - the use of '-sp' is discouraged, please use '--sp' next time
########################################################################

           ------------------------------------------------- 
          |                 G F N 2 - x T B                 |
          | Geometry, Frequencies, Noncovalent interactions |
          |            JCTC 2019 parametrisation            |
           ------------------------------------------------- 
             KAB for C  - Si     :                1.0500
             KAB for H  - Pd     :                0.9500
             k(s)              :                1.8500
             k(p)              :                2.2300
             k(d)              :                2.2300
             k(f)              :                2.0000
             kEN (H0ij)        :               -2.0000
             D4 a1             :                0.5200
             D4 a2             :                5.0000
             D4 s6             :                1.0000
             D4 s8             :                2.7000
             D4 s9             :                5.0000
             alphaj            :                2.0000

  Z AO/shell   Hii/eV     exponent
  1     Wed Apr 25 08:07:45 CEST 2018   EN: 2.200 GM2: 0.406  GM3: 0.0800  RAES: 1.40
     1s    -10.707211    1.230000
  6     Wed Apr 25 08:07:45 CEST 2018   EN: 2.550 GM2: 0.538  GM3: 0.1500  RAES: 3.00
     2s    -13.970922    2.096432
     2p    -10.063292    1.800000
  7     Wed Apr 25 08:07:45 CEST 2018   EN: 3.040 GM2: 0.461  GM3:-0.0640  RAES: 1.90
     2s    -16.686243    2.339881
     2p    -12.523956    2.014332
  8     Wed Apr 25 08:07:45 CEST 2018   EN: 3.440 GM2: 0.452  GM3:-0.0517  RAES: 1.80
     2s    -20.229985    2.439742
     2p    -15.503117    2.137023
  9     Mon Apr 23 13:58:50 CEST 2018   EN: 3.980 GM2: 0.532  GM3: 0.1426  RAES: 2.40
     2s    -23.458179    2.416361
     2p    -15.746583    2.308399
 16     Tue Apr 24 11:44:34 CEST 2018   EN: 2.580 GM2: 0.340  GM3:-0.0502  RAES: 3.10
     3s    -20.029654    1.981333
     3p    -11.377694    2.025643
     3d     -0.420282    1.702555

           ------------------------------------------------- 
          |        Self-Consistent Charge Iterations        |
           ------------------------------------------------- 

          ...................................................
          :                      SETUP                      :
          :.................................................:
          :  # basis functions                 320          :
          :  # atomic orbitals                 318          :
          :  # shells                          170          :
          :  # electrons                       342          :
          :  max. iterations                   250          :
          :  Hamiltonian                  GFN2-xTB          :
          :  restarted?                      false          :
          :  GBSA solvation                  false          :
          :  PC potential                    false          :
          :  electronic temp.          300.0000000     K    :
          :  accuracy                    1.0000000          :
          :  -> integral cutoff          0.2500000E+02      :
          :  -> integral neglect         0.1000000E-07      :
          :  -> SCF convergence          0.1000000E-05 Eh   :
          :  -> wf. convergence          0.1000000E-03 e    :
          :  Broyden damping             0.4000000          :
          ...................................................

 iter      E             dE          RMSdq      gap      omega  full diag
   1   -195.0663679 -0.195066E+03  0.505E+00    1.20       0.0  T
   2   -195.2037904 -0.137422E+00  0.324E+00    1.21       1.0  T
   3   -195.0596124  0.144178E+00  0.222E+00    0.83       1.0  T
   4   -195.3463598 -0.286747E+00  0.841E-01    1.17       1.0  T
   5   -195.4081369 -0.617771E-01  0.218E-01    0.98       1.0  T
   6   -195.4106298 -0.249289E-02  0.110E-01    1.06       1.0  T
   7   -195.4112333 -0.603487E-03  0.521E-02    1.03       1.0  T
   8   -195.4114307 -0.197391E-03  0.189E-02    1.04       1.0  T
   9   -195.4114432 -0.125053E-04  0.108E-02    1.04       1.0  T
  10   -195.4114519 -0.873449E-05  0.430E-03    1.04       2.4  T
  11   -195.4114523 -0.343955E-06  0.225E-03    1.04       4.5  T
  12   -195.4114526 -0.377851E-06  0.878E-04    1.04      11.5  T
  13   -195.4114527 -0.303399E-07  0.529E-04    1.04      19.1  T

   *** convergence criteria satisfied after 13 iterations ***

         #    Occupation            Energy/Eh            Energy/eV
      -------------------------------------------------------------
         1        2.0000           -0.8519915             -23.1839
       ...           ...                  ...                  ...
       165        2.0000           -0.4179834             -11.3739
       166        2.0000           -0.4171737             -11.3519
       167        2.0000           -0.4159736             -11.3192
       168        2.0000           -0.4040812             -10.9956
       169        2.0000           -0.4004128             -10.8958
       170        2.0000           -0.3976553             -10.8208
       171        2.0000           -0.3827756             -10.4159 (HOMO)
       172                         -0.3446593              -9.3787 (LUMO)
       173                         -0.3409443              -9.2776
       174                         -0.3326858              -9.0528
       175                         -0.3284763              -8.9383
       176                         -0.2918562              -7.9418
       ...                                ...                  ...
       318                          1.0638757              28.9495
      -------------------------------------------------------------
                  HL-Gap            0.0381163 Eh            1.0372 eV
             Fermi-level           -0.3637269 Eh           -9.8975 eV

 SCC (total)                   0 d,  0 h,  0 min,  0.620 sec
 SCC setup                      ...        0 min,  0.002 sec (  0.400%)
 Dispersion                     ...        0 min,  0.006 sec (  1.013%)
 integral evaluation            ...        0 min,  0.191 sec ( 30.820%)
 zeroth order Hamiltonian       ...        0 min,  0.001 sec (  0.214%)
 iterations                     ...        0 min,  0.252 sec ( 40.689%)
 molecular gradient             ...        0 min,  0.164 sec ( 26.456%)
 printout                       ...        0 min,  0.002 sec (  0.393%)

         :::::::::::::::::::::::::::::::::::::::::::::::::::::
         ::                     SUMMARY                     ::
         :::::::::::::::::::::::::::::::::::::::::::::::::::::
         :: total energy            -192.857177869495 Eh    ::
         :: gradient norm              0.104588166617 Eh/a0 ::
         :: HOMO-LUMO gap              1.037197625445 eV    ::
         ::.................................................::
         :: SCC energy              -195.411452663900 Eh    ::
         :: -> isotropic ES            0.176841651651 Eh    ::
         :: -> anisotropic ES          0.011143247167 Eh    ::
         :: -> anisotropic XC          0.085878793094 Eh    ::
         :: -> dispersion             -0.143144624520 Eh    ::
         :: repulsion energy           2.554513147574 Eh    ::
         :: add. restraining           0.000000000000 Eh    ::
         :::::::::::::::::::::::::::::::::::::::::::::::::::::

           -------------------------------------------------
          |                Property Printout                |
           -------------------------------------------------

    * Orbital Energies and Occupations

         #    Occupation            Energy/Eh            Energy/eV
      -------------------------------------------------------------
         1        2.0000           -0.8519915             -23.1839
       ...           ...                  ...                  ...
       159        2.0000           -0.4411877             -12.0053
       160        2.0000           -0.4401969             -11.9784
       161        2.0000           -0.4370133             -11.8917
       162        2.0000           -0.4352405             -11.8435
       163        2.0000           -0.4296159             -11.6904
       164        2.0000           -0.4269204             -11.6171
       165        2.0000           -0.4179834             -11.3739
       166        2.0000           -0.4171737             -11.3519
       167        2.0000           -0.4159736             -11.3192
       168        2.0000           -0.4040812             -10.9956
       169        2.0000           -0.4004128             -10.8958
       170        2.0000           -0.3976553             -10.8208
       171        2.0000           -0.3827756             -10.4159 (HOMO)
       172                         -0.3446593              -9.3787 (LUMO)
       173                         -0.3409443              -9.2776
       174                         -0.3326858              -9.0528
       175                         -0.3284763              -8.9383
       176                         -0.2918562              -7.9418
       177                         -0.2839513              -7.7267
       178                         -0.2737248              -7.4484
       179                         -0.2555935              -6.9551
       180                         -0.2540477              -6.9130
       181                         -0.2534526              -6.8968
       182                         -0.2527398              -6.8774
       ...                                ...                  ...
       318                          1.0638757              28.9495
      -------------------------------------------------------------
                  HL-Gap            0.0381163 Eh            1.0372 eV
             Fermi-level           -0.3637269 Eh           -9.8975 eV

     #   Z        covCN         q      C6AA      α(0)
     1   6 C      3.107     0.090    25.867     8.333
     2   6 C      3.037    -0.046    29.104     8.849
     3   6 C      2.846     0.117    25.415     8.262
     4   6 C      3.073     0.100    25.720     8.315
     5   6 C      3.046    -0.045    29.071     8.843
     6   6 C      2.838     0.124    25.262     8.237
     7   8 O      1.701    -0.277    18.595     5.822
     8   6 C      3.682     0.075    19.528     6.328
     9   8 O      1.700    -0.294    18.895     5.869
    10   6 C      3.690     0.084    19.352     6.296
    11   8 O      1.711    -0.200    17.326     5.620
    12   6 C      3.164     0.099    25.490     8.252
    13   6 C      3.167     0.027    27.047     8.498
    14   8 O      1.711    -0.211    17.513     5.650
    15   6 C      3.199     0.101    25.264     8.192
    16   6 C      3.136     0.024    27.251     8.545
    17   6 C      3.054    -0.009    28.189     8.707
    18   6 C      3.242     0.032    26.357     8.321
    19   7 N      2.783    -0.040    22.013     6.968
    20  16 S      2.229    -0.004   141.234    20.002
    21   6 C      2.982     0.028    27.379     8.583
    22   6 C      2.998    -0.047    29.148     8.856
    23   6 C      3.049    -0.009    28.204     8.710
    24   6 C      3.282     0.035    25.787     8.168
    25   7 N      2.779    -0.030    21.816     6.937
    26  16 S      2.208     0.008   140.749    19.968
    27   6 C      2.982     0.025    27.443     8.593
    28   6 C      3.006    -0.041    29.006     8.835
    29   6 C      2.960    -0.011    28.288     8.724
    30   6 C      2.987    -0.037    28.916     8.821
    31   6 C      2.928    -0.011    28.282     8.721
    32   6 C      2.984    -0.038    28.944     8.825
    33   6 C      2.856     0.227    23.241     7.902
    34   6 C      3.026    -0.020    28.476     8.753
    35   6 C      3.015     0.005    27.880     8.661
    36   6 C      3.001     0.030    27.317     8.574
    37   6 C      2.866     0.225    23.270     7.907
    38   6 C      3.021    -0.019    28.463     8.751
    39   6 C      3.014     0.004    27.906     8.665
    40   6 C      3.000     0.032    27.267     8.566
    41   6 C      2.906    -0.038    28.940     8.821
    42   6 C      2.777     0.160    24.524     8.111
    43   6 C      2.776     0.163    24.468     8.102
    44   6 C      2.908    -0.051    29.255     8.869
    45   6 C      2.906    -0.038    28.935     8.820
    46   6 C      2.777     0.161    24.513     8.109
    47   6 C      2.774     0.162    24.489     8.105
    48   6 C      2.907    -0.051    29.269     8.871
    49   9 F      0.787    -0.182    11.050     3.927
    50   9 F      0.788    -0.180    11.027     3.923
    51   8 O      0.856    -0.373    21.150     6.166
    52   6 C      2.943     0.011    27.779     8.644
    53   6 C      1.915     0.118    28.195     8.575
    54   6 C      1.916     0.119    28.176     8.572
    55   6 C      3.733     0.003    20.625     6.482
    56   6 C      3.746    -0.110    22.667     6.791
    57   6 C      3.733    -0.005    20.766     6.504
    58   6 C      3.746    -0.106    22.588     6.779
    59   6 C      3.745    -0.108    22.630     6.786
    60   6 C      3.745    -0.112    22.711     6.798
    61   8 O      0.856    -0.353    20.765     6.110
    62   6 C      2.944     0.005    27.911     8.665
    63   9 F      0.787    -0.181    11.042     3.925
    64   9 F      0.787    -0.181    11.046     3.926
    65   7 N      0.911    -0.223    25.870     7.356
    66   7 N      0.911    -0.225    25.928     7.365
    67   6 C      1.913     0.117    28.213     8.578
    68   6 C      1.913     0.116    28.249     8.584
    69   7 N      0.911    -0.230    26.042     7.381
    70   7 N      0.911    -0.231    26.067     7.384
    71   1 H      0.923     0.060     2.195     2.317
    72   1 H      0.923     0.055     2.258     2.350
    73   1 H      0.923     0.056     2.252     2.347
    74   1 H      0.922     0.025     2.659     2.550
    75   1 H      0.925     0.097     1.812     2.105
    76   1 H      0.925     0.051     2.314     2.379
    77   1 H      0.924     0.074     2.046     2.237
    78   1 H      0.923     0.089     1.889     2.150
    79   1 H      0.924     0.091     1.866     2.136
    80   1 H      0.925     0.090     1.874     2.141
    81   1 H      0.924     0.094     1.843     2.123
    82   1 H      0.925     0.089     1.885     2.147
    83   1 H      0.923     0.063     2.165     2.301
    84   1 H      0.923     0.062     2.179     2.309
    85   1 H      0.923     0.048     2.350     2.397
    86   1 H      0.923     0.055     2.264     2.353
    87   1 H      0.923     0.058     2.220     2.330
    88   1 H      0.923     0.058     2.219     2.330
    89   1 H      0.924     0.087     1.910     2.161
    90   1 H      0.923     0.045     2.389     2.417
    91   1 H      0.923     0.054     2.270     2.356
    92   1 H      0.923     0.046     2.373     2.409
    93   1 H      0.923     0.046     2.372     2.409
    94   1 H      0.923     0.052     2.300     2.372
    95   1 H      0.923     0.043     2.403     2.424
    96   1 H      0.923     0.063     2.167     2.302
    97   1 H      0.923     0.047     2.363     2.404
    98   1 H      0.923     0.044     2.398     2.422

 Mol. C6AA /au·bohr⁶  :     159707.660735
 Mol. C8AA /au·bohr⁸  :    4202097.539684
 Mol. α(0) /au        :        627.133140


Wiberg/Mayer (AO) data.
largest (>0.10) Wiberg bond orders for each atom
          total WBO             WBO to atom ...
     1  C   3.901        C    6 1.354    C    2 1.235    O   14 1.056
     2  C   3.953        C    3 1.285    C    1 1.235    C   16 1.188
     3  C   3.926        C    4 1.364    C    2 1.285    O    9 1.037
     4  C   3.907        C    3 1.364    C    5 1.232    O   11 1.070
     5  C   3.954        C    6 1.277    C    4 1.232    C   13 1.195
     6  C   3.926        C    1 1.354    C    5 1.277    O    7 1.068
     7  O   2.194        C    6 1.068    C    8 0.934
     8  C   3.930        C   59 1.019    H   71 0.970    H   72 0.968    O    7 0.934
     9  O   2.120        C    3 1.037    C   10 0.932
    10  C   3.936        C   60 1.017    H   74 0.971    H   73 0.969    O    9 0.932
    11  O   2.358        C    4 1.070    C   12 1.056
    12  C   3.899        C   23 1.312    C   13 1.295    O   11 1.056
    13  C   3.911        C   12 1.295    C    5 1.195    N   25 1.184
    14  O   2.351        C   15 1.058    C    1 1.056
    15  C   3.904        C   17 1.309    C   16 1.306    O   14 1.058
    16  C   3.909        C   15 1.306    C    2 1.188    N   19 1.173
    17  C   3.927        C   15 1.309    C   18 1.229    S   20 1.153
    18  C   3.934        C   22 1.347    C   17 1.229    N   19 1.148
    19  N   3.560        C   16 1.173    C   18 1.148    C   55 0.977
    20  S   2.553        C   17 1.153    C   21 1.068    C   22 0.104
    21  C   3.924        C   22 1.399    C   29 1.288    S   20 1.068
    22  C   3.949        C   21 1.399    C   18 1.347    H   75 0.942    S   20 0.104
    23  C   3.922        C   12 1.312    C   24 1.230    S   26 1.141
    24  C   3.940        C   28 1.349    C   23 1.230    N   25 1.155
    25  N   3.578        C   13 1.184    C   24 1.155    C   57 0.975
    26  S   2.534        C   23 1.141    C   27 1.072
    27  C   3.929        C   28 1.395    C   31 1.290    S   26 1.072
    28  C   3.971        C   27 1.395    C   24 1.349    H   76 0.954
    29  C   3.945        C   30 1.503    C   21 1.288    H   77 0.942
    30  C   3.950        C   29 1.503    C   36 1.139    C   33 1.045
    31  C   3.940        C   32 1.495    C   27 1.290    H   78 0.947
    32  C   3.948        C   31 1.495    C   40 1.167    C   37 1.014
    33  C   3.922        O   51 1.752    C   30 1.045    C   34 1.013
    34  C   3.975        C   41 1.408    C   35 1.312    C   33 1.013
    35  C   3.980        C   44 1.390    C   34 1.312    C   36 1.076
    36  C   3.971        C   52 1.494    C   30 1.139    C   35 1.076
    37  C   3.925        O   61 1.784    C   32 1.014    C   38 1.011
    38  C   3.974        C   45 1.408    C   39 1.314    C   37 1.011
    39  C   3.981        C   48 1.393    C   38 1.314    C   40 1.064
    40  C   3.972        C   62 1.468    C   32 1.167    C   39 1.064
    41  C   3.977        C   34 1.408    C   42 1.392    H   79 0.960
    42  C   3.880        C   41 1.392    C   43 1.317    F   49 0.994
    43  C   3.888        C   44 1.399    C   42 1.317    F   50 0.997
    44  C   3.972        C   43 1.399    C   35 1.390    H   80 0.954
    45  C   3.977        C   38 1.408    C   46 1.392    H   81 0.959
    46  C   3.882        C   45 1.392    C   47 1.319    F   64 0.994
    47  C   3.888        C   48 1.397    C   46 1.319    F   63 0.995
    48  C   3.972        C   47 1.397    C   39 1.393    H   82 0.955
    49  F   1.135        C   42 0.994
    50  F   1.140        C   43 0.997
    51  O   2.047        C   33 1.752
    52  C   3.944        C   36 1.494    C   54 1.092    C   53 1.092
    53  C   3.942        N   66 2.764    C   52 1.092
    54  C   3.942        N   65 2.772    C   52 1.092
    55  C   3.961        C   56 1.009    N   19 0.977    H   83 0.970    H   84 0.964
    56  C   3.988        C   55 1.009    H   85 0.986    H   87 0.984    H   86 0.982
    57  C   3.957        C   58 1.011    N   25 0.975    H   88 0.967    H   89 0.961
    58  C   3.991        C   57 1.011    H   92 0.984    H   90 0.984    H   91 0.983
    59  C   3.993        C    8 1.019    H   95 0.985    H   93 0.983    H   94 0.982
    60  C   3.992        C   10 1.017    H   98 0.985    H   96 0.984    H   97 0.982
    61  O   2.061        C   37 1.784
    62  C   3.952        C   40 1.468    C   67 1.102    C   68 1.097
    63  F   1.138        C   47 0.995
    64  F   1.136        C   46 0.994
    65  N   2.972        C   54 2.772
    66  N   2.969        C   53 2.764
    67  C   3.944        N   70 2.764    C   62 1.102
    68  C   3.942        N   69 2.767    C   62 1.097
    69  N   2.966        C   68 2.767
    70  N   2.979        C   67 2.764
    71  H   0.996        C    8 0.970
    72  H   0.996        C    8 0.968
    73  H   0.996        C   10 0.969
    74  H   0.999        C   10 0.971
    75  H   0.990        C   22 0.942
    76  H   0.997        C   28 0.954
    77  H   0.993        C   29 0.942
    78  H   0.990        C   31 0.947
    79  H   0.991        C   41 0.960
    80  H   0.991        C   44 0.954
    81  H   0.991        C   45 0.959
    82  H   0.991        C   48 0.955
    83  H   0.996        C   55 0.970
    84  H   0.995        C   55 0.964
    85  H   0.998        C   56 0.986
    86  H   0.996        C   56 0.982
    87  H   0.997        C   56 0.984
    88  H   0.996        C   57 0.967
    89  H   0.992        C   57 0.961
    90  H   0.998        C   58 0.984
    91  H   0.996        C   58 0.983
    92  H   0.998        C   58 0.984
    93  H   0.998        C   59 0.983
    94  H   0.997        C   59 0.982
    95  H   0.998        C   59 0.985
    96  H   0.996        C   60 0.984
    97  H   0.997        C   60 0.982
    98  H   0.998        C   60 0.985

molecular dipole:
                 x           y           z       tot (Debye)
 q only:       -0.367      -0.126       1.192
   full:       -0.655      -0.420       1.461       4.208
molecular quadrupole (traceless):
                xx          xy          yy          xz          yz          zz
 q only:      -88.110     121.115      10.001     -27.945      45.638      78.109
  q+dip:      -80.922     111.982      16.504     -34.134      51.510      64.418
   full:      -80.017     120.378      20.368     -30.389      55.733      59.649


           -------------------------------------------------
          | TOTAL ENERGY             -192.857177869495 Eh   |
          | GRADIENT NORM               0.104588166617 Eh/α |
          | HOMO-LUMO GAP               1.037197625445 eV   |
           -------------------------------------------------

------------------------------------------------------------------------
 * finished run on 2020/11/20 at 13:45:33.744     
------------------------------------------------------------------------
 total:
 * wall-time:     0 d,  0 h,  0 min,  0.846 sec
 *  cpu-time:     0 d,  0 h,  0 min,  0.837 sec
 * ratio c/w:     0.988 speedup
 SCF:
 * wall-time:     0 d,  0 h,  0 min,  0.621 sec
 *  cpu-time:     0 d,  0 h,  0 min,  0.621 sec
 * ratio c/w:     0.999 speedup

