      -----------------------------------------------------------      
     |                   =====================                   |     
     |                           x T B                           |     
     |                   =====================                   |     
     |                         S. Grimme                         |     
     |          Mulliken Center for Theoretical Chemistry        |     
     |                    University of Bonn                     |     
     |                Version 6.2 RC2 (SAW190805)                |     
      -----------------------------------------------------------      

   This program is distributed in the hope that it will be useful,
   but WITHOUT ANY WARRANTY; without even the implied warranty of
   MERCHANTABILITY or FITNESS FOR A PARTICULAR PURPOSE.
   
   FOR NON-COMMERCIAL, ACADEMIA USE ONLY.
   
   Cite this work as:
   * S. Grimme, C. Bannwarth, P. Shushkov, J. Chem. Theory Comput., 2017,
     13, 1989-2009. DOI: 10.1021/acs.jctc.7b00118
   * C. Bannwarth, S. Ehlert and S. Grimme., J. Chem. Theory Comput., 2019,
     15, 1652-1671. DOI: 10.1021/acs.jctc.8b01176
   * P. Pracht, E. Caldeweyher, S. Ehlert, S. Grimme, ChemRxiv, 2019, preprint.
     DOI: 10.26434/chemrxiv.8326202.v1
   
   for DFT-D4:
   * E. Caldeweyher, C. Bannwarth and S. Grimme, J. Chem. Phys., 2017,
     147, 034112. DOI: 10.1063/1.4993215
   * E. Caldeweyher, S. Ehlert, A. Hansen, H. Neugebauer, S. Spicher,
     C. Bannwarth and S. Grimme, J. Chem. Phys., 2019, 150, 154122.
     DOI: 10.1063/1.5090222
   
   for sTDA-xTB:
   * S. Grimme and C. Bannwarth, J. Chem. Phys., 2016, 145, 054103.
     DOI: 10.1063/1.4959605
   
   in the mass-spec context:
   * V. Asgeirsson, C. Bauer and S. Grimme, Chem. Sci., 2017, 8, 4879.
     DOI: 10.1039/c7sc00601b
   
   for metadynamics refer to:
   * S. Grimme, J. Chem. Theory Comput., 2019, 155, 2847-2862
     DOI: 10.1021/acs.jctc.9b00143
   
   with help from (in alphabetical order)
   C. Bannwarth, F. Bohle, G. Brandenburg, E. Caldeweyher, M. Checinski,
   S. Dohm, S. Ehlert, S. Ehrlich, F. März, H. Neugebauer, J. Pisarek,
   P. Pracht, P. Shushkov, and S. Spicher.
   
 * started run on 2021/04/12 at 13:53:35.227     

           -------------------------------------------------
          |                Calculation Setup                |
           -------------------------------------------------

          program call               : /ihome/ghutchison/geoffh/xtb/xtb N65-IC.xyz -sp
          hostname                   : smp-n149
          coordinate file            : N65-IC.xyz
          omp threads                :                     1
          number of atoms            :                   147
          number of electrons        :                   442
          charge                     :                     0
          spin                       :                   0.0
          first test random number   :      0.13643896328160


########################################################################
# WARNING! Please study the warnings concerning your input carefully
#  - XTBPATH is not set, using XTBHOME instead
#  - the use of '-sp' is discouraged, please use '--sp' next time
########################################################################

           ------------------------------------------------- 
          |                 G F N 2 - x T B                 |
          | Geometry, Frequencies, Noncovalent interactions |
          |            JCTC 2019 parametrisation            |
           ------------------------------------------------- 
             KAB for C  - Si     :                1.0500
             KAB for H  - Pd     :                0.9500
             k(s)              :                1.8500
             k(p)              :                2.2300
             k(d)              :                2.2300
             k(f)              :                2.0000
             kEN (H0ij)        :               -2.0000
             D4 a1             :                0.5200
             D4 a2             :                5.0000
             D4 s6             :                1.0000
             D4 s8             :                2.7000
             D4 s9             :                5.0000
             alphaj            :                2.0000

  Z AO/shell   Hii/eV     exponent
  1     Wed Apr 25 08:07:45 CEST 2018   EN: 2.200 GM2: 0.406  GM3: 0.0800  RAES: 1.40
     1s    -10.707211    1.230000
  6     Wed Apr 25 08:07:45 CEST 2018   EN: 2.550 GM2: 0.538  GM3: 0.1500  RAES: 3.00
     2s    -13.970922    2.096432
     2p    -10.063292    1.800000
  7     Wed Apr 25 08:07:45 CEST 2018   EN: 3.040 GM2: 0.461  GM3:-0.0640  RAES: 1.90
     2s    -16.686243    2.339881
     2p    -12.523956    2.014332
  8     Wed Apr 25 08:07:45 CEST 2018   EN: 3.440 GM2: 0.452  GM3:-0.0517  RAES: 1.80
     2s    -20.229985    2.439742
     2p    -15.503117    2.137023
 16     Tue Apr 24 11:44:34 CEST 2018   EN: 2.580 GM2: 0.340  GM3:-0.0502  RAES: 3.10
     3s    -20.029654    1.981333
     3p    -11.377694    2.025643
     3d     -0.420282    1.702555

           ------------------------------------------------- 
          |        Self-Consistent Charge Iterations        |
           ------------------------------------------------- 

          ...................................................
          :                      SETUP                      :
          :.................................................:
          :  # basis functions                 450          :
          :  # atomic orbitals                 446          :
          :  # shells                          244          :
          :  # electrons                       442          :
          :  max. iterations                   250          :
          :  Hamiltonian                  GFN2-xTB          :
          :  restarted?                      false          :
          :  GBSA solvation                  false          :
          :  PC potential                    false          :
          :  electronic temp.          300.0000000     K    :
          :  accuracy                    1.0000000          :
          :  -> integral cutoff          0.2500000E+02      :
          :  -> integral neglect         0.1000000E-07      :
          :  -> SCF convergence          0.1000000E-05 Eh   :
          :  -> wf. convergence          0.1000000E-03 e    :
          :  Broyden damping             0.4000000          :
          ...................................................

 iter      E             dE          RMSdq      gap      omega  full diag
   1   -241.6060388 -0.241606E+03  0.452E+00    1.17       0.0  T
   2   -241.6794270 -0.733883E-01  0.273E+00    1.16       1.0  T
   3   -241.2253300  0.454097E+00  0.213E+00    0.81       1.0  T
   4   -241.7962901 -0.570960E+00  0.554E-01    1.12       1.0  T
   5   -241.8291740 -0.328839E-01  0.211E-01    0.94       1.0  T
   6   -241.8325354 -0.336143E-02  0.121E-01    1.05       1.0  T
   7   -241.8349249 -0.238951E-02  0.450E-02    1.00       1.0  T
   8   -241.8350948 -0.169842E-03  0.180E-02    1.01       1.0  T
   9   -241.8351132 -0.184695E-04  0.858E-03    1.01       1.0  T
  10   -241.8351174 -0.418148E-05  0.350E-03    1.01       2.4  T
  11   -241.8351184 -0.947311E-06  0.187E-03    1.01       4.4  T
  12   -241.8351186 -0.264433E-06  0.900E-04    1.01       9.2  T
  13   -241.8351187 -0.406885E-07  0.534E-04    1.01      15.5  T

   *** convergence criteria satisfied after 13 iterations ***

         #    Occupation            Energy/Eh            Energy/eV
      -------------------------------------------------------------
         1        2.0000           -0.7488524             -20.3773
       ...           ...                  ...                  ...
       215        2.0000           -0.3964459             -10.7878
       216        2.0000           -0.3960312             -10.7766
       217        2.0000           -0.3945741             -10.7369
       218        2.0000           -0.3909136             -10.6373
       219        2.0000           -0.3897088             -10.6045
       220        2.0000           -0.3837871             -10.4434
       221        2.0000           -0.3704128             -10.0794 (HOMO)
       222                         -0.3333637              -9.0713 (LUMO)
       223                         -0.3276868              -8.9168
       224                         -0.3165089              -8.6126
       225                         -0.3136951              -8.5361
       226                         -0.2955488              -8.0423
       ...                                ...                  ...
       446                          1.0749821              29.2518
      -------------------------------------------------------------
                  HL-Gap            0.0370491 Eh            1.0082 eV
             Fermi-level           -0.3518895 Eh           -9.5754 eV

 SCC (total)                   0 d,  0 h,  0 min,  1.111 sec
 SCC setup                      ...        0 min,  0.004 sec (  0.382%)
 Dispersion                     ...        0 min,  0.009 sec (  0.844%)
 integral evaluation            ...        0 min,  0.348 sec ( 31.343%)
 zeroth order Hamiltonian       ...        0 min,  0.002 sec (  0.192%)
 iterations                     ...        0 min,  0.451 sec ( 40.588%)
 molecular gradient             ...        0 min,  0.292 sec ( 26.260%)
 printout                       ...        0 min,  0.004 sec (  0.385%)

         :::::::::::::::::::::::::::::::::::::::::::::::::::::
         ::                     SUMMARY                     ::
         :::::::::::::::::::::::::::::::::::::::::::::::::::::
         :: total energy            -237.938219847362 Eh    ::
         :: gradient norm              0.107325147827 Eh/a0 ::
         :: HOMO-LUMO gap              1.008156645370 eV    ::
         ::.................................................::
         :: SCC energy              -241.835118661592 Eh    ::
         :: -> isotropic ES            0.092079226395 Eh    ::
         :: -> anisotropic ES          0.019183930849 Eh    ::
         :: -> anisotropic XC          0.174897017283 Eh    ::
         :: -> dispersion             -0.242741773135 Eh    ::
         :: repulsion energy           3.891431188591 Eh    ::
         :: add. restraining           0.000000000000 Eh    ::
         :::::::::::::::::::::::::::::::::::::::::::::::::::::

           -------------------------------------------------
          |                Property Printout                |
           -------------------------------------------------

    * Orbital Energies and Occupations

         #    Occupation            Energy/Eh            Energy/eV
      -------------------------------------------------------------
         1        2.0000           -0.7488524             -20.3773
       ...           ...                  ...                  ...
       209        2.0000           -0.4046308             -11.0106
       210        2.0000           -0.4033767             -10.9764
       211        2.0000           -0.4028993             -10.9634
       212        2.0000           -0.4003984             -10.8954
       213        2.0000           -0.3993812             -10.8677
       214        2.0000           -0.3978360             -10.8257
       215        2.0000           -0.3964459             -10.7878
       216        2.0000           -0.3960312             -10.7766
       217        2.0000           -0.3945741             -10.7369
       218        2.0000           -0.3909136             -10.6373
       219        2.0000           -0.3897088             -10.6045
       220        2.0000           -0.3837871             -10.4434
       221        2.0000           -0.3704128             -10.0794 (HOMO)
       222                         -0.3333637              -9.0713 (LUMO)
       223                         -0.3276868              -8.9168
       224                         -0.3165089              -8.6126
       225                         -0.3136951              -8.5361
       226                         -0.2955488              -8.0423
       227                         -0.2722423              -7.4081
       228                         -0.2639863              -7.1834
       229                         -0.2508722              -6.8266
       230                         -0.2504240              -6.8144
       231                         -0.2490789              -6.7778
       232                         -0.2431221              -6.6157
       ...                                ...                  ...
       446                          1.0749821              29.2518
      -------------------------------------------------------------
                  HL-Gap            0.0370491 Eh            1.0082 eV
             Fermi-level           -0.3518895 Eh           -9.5754 eV

     #   Z        covCN         q      C6AA      α(0)
     1   6 C      2.912    -0.030    28.758     8.794
     2   6 C      2.962     0.010    27.803     8.649
     3   6 C      2.981     0.002    27.969     8.675
     4   6 C      2.969     0.012    27.752     8.641
     5   6 C      2.909    -0.034    28.847     8.807
     6   6 C      2.906    -0.027    28.673     8.780
     7   6 C      2.985     0.006    27.877     8.661
     8   6 C      2.909    -0.036    28.886     8.813
     9   6 C      3.055     0.002    27.919     8.665
    10   6 C      3.011    -0.003    28.077     8.692
    11   6 C      3.905     0.015    20.258     6.398
    12   6 C      3.086    -0.004    28.033     8.679
    13   6 C      3.001     0.022    27.513     8.604
    14   6 C      3.924     0.019    20.189     6.386
    15   6 C      3.129    -0.016    28.201     8.695
    16   6 C      3.070     0.021    27.477     8.595
    17   6 C      2.966     0.004    27.925     8.668
    18   6 C      2.959     0.008    27.833     8.653
    19   6 C      2.911    -0.037    28.925     8.819
    20   6 C      2.915    -0.038    28.946     8.822
    21   6 C      2.960     0.014    27.701     8.633
    22   6 C      2.914    -0.035    28.869     8.811
    23   6 C      2.913    -0.032    28.803     8.800
    24   6 C      2.913    -0.036    28.902     8.816
    25   6 C      2.915    -0.038    28.945     8.822
    26   6 C      2.957     0.012    27.739     8.639
    27   6 C      2.915    -0.036    28.897     8.815
    28   6 C      2.914    -0.036    28.898     8.815
    29   6 C      3.800    -0.054    21.546     6.609
    30   6 C      3.745    -0.094    22.368     6.746
    31   6 C      3.801    -0.056    21.586     6.615
    32   6 C      3.746    -0.092    22.322     6.739
    33   6 C      2.959     0.007    27.854     8.657
    34   6 C      3.804    -0.052    21.499     6.601
    35   6 C      2.913    -0.038    28.936     8.821
    36   6 C      2.915    -0.040    28.982     8.828
    37   6 C      2.957     0.013    27.728     8.637
    38   6 C      2.914    -0.036    28.907     8.816
    39   6 C      2.915    -0.035    28.877     8.812
    40   6 C      3.799    -0.054    21.545     6.609
    41   6 C      3.745    -0.095    22.383     6.749
    42   6 C      3.110     0.023    27.346     8.567
    43   6 C      3.153     0.019    27.288     8.543
    44  16 S      2.160    -0.032   142.395    20.084
    45  16 S      2.220    -0.020   141.869    20.047
    46   6 C      2.982     0.027    27.405     8.587
    47   6 C      3.035    -0.041    28.977     8.829
    48   6 C      3.145     0.021    27.271     8.544
    49   6 C      3.140     0.020    27.326     8.554
    50  16 S      2.205    -0.039   142.670    20.103
    51  16 S      2.220    -0.026   142.112    20.064
    52   6 C      2.981     0.028    27.377     8.583
    53   6 C      3.034    -0.041    28.990     8.832
    54   6 C      2.915    -0.012    28.325     8.727
    55   6 C      2.987    -0.032    28.787     8.801
    56   6 C      2.958     0.009    27.820     8.651
    57   6 C      2.911    -0.036    28.885     8.813
    58   6 C      2.913    -0.037    28.920     8.818
    59   6 C      2.957     0.012    27.748     8.640
    60   6 C      2.913    -0.036    28.899     8.815
    61   6 C      2.913    -0.036    28.899     8.815
    62   6 C      3.800    -0.056    21.583     6.615
    63   6 C      3.745    -0.092    22.332     6.741
    64   6 C      3.001     0.033    27.254     8.564
    65   6 C      3.013     0.008    27.814     8.651
    66   6 C      3.019    -0.016    28.380     8.739
    67   6 C      2.862     0.225    23.288     7.910
    68   6 C      2.906    -0.026    28.647     8.776
    69   6 C      2.911    -0.019    28.472     8.750
    70   6 C      2.912    -0.021    28.535     8.759
    71   6 C      2.905    -0.014    28.354     8.731
    72   8 O      0.856    -0.362    20.930     6.134
    73   6 C      2.944     0.009    27.826     8.652
    74   6 C      1.913     0.120    28.151     8.569
    75   6 C      1.912     0.119    28.164     8.571
    76   7 N      0.911    -0.237    26.199     7.403
    77   7 N      0.911    -0.235    26.145     7.395
    78   6 C      2.913    -0.013    28.331     8.728
    79   6 C      2.986    -0.033    28.825     8.807
    80   6 C      3.000     0.033    27.261     8.565
    81   6 C      3.015     0.008    27.821     8.652
    82   6 C      3.017    -0.016    28.390     8.740
    83   6 C      2.863     0.224    23.304     7.913
    84   6 C      2.906    -0.025    28.632     8.774
    85   6 C      2.911    -0.019    28.479     8.751
    86   6 C      2.912    -0.021    28.542     8.760
    87   6 C      2.905    -0.014    28.353     8.731
    88   8 O      0.856    -0.364    20.968     6.139
    89   6 C      2.944     0.007    27.866     8.658
    90   6 C      1.914     0.121    28.133     8.566
    91   6 C      1.914     0.121    28.123     8.564
    92   7 N      0.911    -0.240    26.271     7.413
    93   7 N      0.911    -0.238    26.226     7.407
    94   1 H      0.924     0.040     2.455     2.450
    95   1 H      0.925     0.046     2.367     2.406
    96   1 H      0.924     0.039     2.462     2.454
    97   1 H      0.924     0.046     2.375     2.410
    98   1 H      0.925     0.029     2.606     2.525
    99   1 H      0.924     0.031     2.575     2.509
   100   1 H      0.924     0.036     2.504     2.475
   101   1 H      0.924     0.025     2.664     2.553
   102   1 H      0.925     0.034     2.534     2.489
   103   1 H      0.924     0.030     2.586     2.515
   104   1 H      0.924     0.032     2.553     2.499
   105   1 H      0.925     0.027     2.634     2.538
   106   1 H      0.922     0.040     2.456     2.451
   107   1 H      0.923     0.036     2.509     2.477
   108   1 H      0.923     0.035     2.517     2.481
   109   1 H      0.923     0.035     2.516     2.481
   110   1 H      0.923     0.033     2.538     2.491
   111   1 H      0.923     0.048     2.351     2.398
   112   1 H      0.923     0.039     2.461     2.453
   113   1 H      0.923     0.032     2.561     2.503
   114   1 H      0.923     0.038     2.479     2.462
   115   1 H      0.923     0.032     2.556     2.500
   116   1 H      0.923     0.040     2.455     2.450
   117   1 H      0.923     0.046     2.372     2.409
   118   1 H      0.925     0.030     2.587     2.515
   119   1 H      0.924     0.028     2.608     2.526
   120   1 H      0.924     0.035     2.521     2.483
   121   1 H      0.925     0.040     2.451     2.448
   122   1 H      0.922     0.041     2.431     2.438
   123   1 H      0.923     0.037     2.492     2.469
   124   1 H      0.923     0.035     2.520     2.483
   125   1 H      0.923     0.034     2.532     2.488
   126   1 H      0.923     0.034     2.532     2.488
   127   1 H      0.925     0.058     2.223     2.331
   128   1 H      0.925     0.060     2.199     2.319
   129   1 H      0.924     0.081     1.970     2.195
   130   1 H      0.924     0.033     2.542     2.493
   131   1 H      0.924     0.026     2.644     2.543
   132   1 H      0.924     0.030     2.581     2.512
   133   1 H      0.924     0.025     2.659     2.550
   134   1 H      0.922     0.033     2.542     2.493
   135   1 H      0.923     0.048     2.345     2.395
   136   1 H      0.923     0.031     2.567     2.505
   137   1 H      0.923     0.036     2.509     2.477
   138   1 H      0.923     0.034     2.536     2.490
   139   1 H      0.925     0.056     2.246     2.344
   140   1 H      0.924     0.049     2.329     2.386
   141   1 H      0.924     0.048     2.346     2.395
   142   1 H      0.924     0.060     2.197     2.318
   143   1 H      0.923     0.081     1.968     2.194
   144   1 H      0.925     0.054     2.269     2.356
   145   1 H      0.924     0.049     2.336     2.390
   146   1 H      0.924     0.047     2.353     2.399
   147   1 H      0.924     0.059     2.206     2.323

 Mol. C6AA /au·bohr⁶  :     352851.587397
 Mol. C8AA /au·bohr⁸  :    9544164.435466
 Mol. α(0) /au        :        952.555512


Wiberg/Mayer (AO) data.
largest (>0.10) Wiberg bond orders for each atom
          total WBO             WBO to atom ...
     1  C   3.976        C    2 1.492    C    6 1.342    H   94 0.965
     2  C   3.976        C    1 1.492    C    3 1.282    C   11 0.972    C    5 0.110
     3  C   3.976        C    2 1.282    C    4 1.257    C    7 1.202
     4  C   3.978        C    5 1.300    C    3 1.257    C   10 1.218
     5  C   3.979        C    6 1.529    C    4 1.300    H   95 0.961    C    2 0.110
     6  C   3.978        C    5 1.529    C    1 1.342    H   96 0.970
     7  C   3.948        C    8 1.406    C    3 1.202    C   13 1.155
     8  C   3.961        C    7 1.406    C    9 1.382    H   97 0.957
     9  C   3.958        C    8 1.382    C   10 1.355    C   14 0.985
    10  C   3.946        C    9 1.355    C    4 1.218    C   16 1.159
    11  C   3.985        C   12 0.978    C    2 0.972    C   17 0.954    C   18 0.937
    12  C   3.957        C   13 1.453    C   48 1.272    C   11 0.978
    13  C   3.909        C   12 1.453    C    7 1.155    S   50 1.104
    14  C   3.977        C    9 0.985    C   15 0.979    C   33 0.966    C   34 0.914
    15  C   3.944        C   16 1.413    C   42 1.300    C   14 0.979
    16  C   3.903        C   15 1.413    C   10 1.159    S   44 1.130
    17  C   3.979        C   19 1.419    C   23 1.397    C   11 0.954    C   21 0.106
    18  C   3.976        C   24 1.413    C   28 1.405    C   11 0.937    C   26 0.107
    19  C   3.989        C   20 1.436    C   17 1.419    H   98 0.966    C   22 0.107
    20  C   3.989        C   19 1.436    C   21 1.417    H   99 0.969    C   23 0.109
    21  C   3.985        C   20 1.417    C   22 1.397    C   31 1.014    C   17 0.106
    22  C   3.989        C   23 1.460    C   21 1.397    H  100 0.968    C   19 0.107
    23  C   3.990        C   22 1.460    C   17 1.397    H  101 0.969    C   20 0.109
    24  C   3.988        C   25 1.442    C   18 1.413    H  102 0.961    C   27 0.109
    25  C   3.988        C   24 1.442    C   26 1.413    H  103 0.968    C   28 0.107
    26  C   3.985        C   25 1.413    C   27 1.404    C   29 1.012    C   18 0.107
    27  C   3.989        C   28 1.452    C   26 1.404    H  104 0.967    C   24 0.109
    28  C   3.988        C   27 1.452    C   18 1.405    H  105 0.963    C   25 0.107
    29  C   3.996        C   26 1.012    C   30 1.010    H  107 0.976    H  106 0.962
    30  C   3.996        C   29 1.010    H  110 0.988    H  109 0.987    H  108 0.985
    31  C   3.994        C   21 1.014    C   32 1.000    H  112 0.973    H  111 0.969
    32  C   3.996        C   31 1.000    H  115 0.988    H  113 0.988    H  114 0.986
    33  C   3.981        C   35 1.410    C   39 1.402    C   14 0.966    C   37 0.106
    34  C   3.986        C   56 1.016    H  116 0.971    H  117 0.968    C   14 0.914
    35  C   3.987        C   36 1.445    C   33 1.410    H  118 0.964    C   38 0.107
    36  C   3.988        C   35 1.445    C   37 1.410    H  119 0.969    C   39 0.108
    37  C   3.984        C   36 1.410    C   38 1.406    C   40 1.012    C   33 0.106
    38  C   3.989        C   39 1.450    C   37 1.406    H  120 0.965    C   35 0.107
    39  C   3.989        C   38 1.450    C   33 1.402    H  121 0.957    C   36 0.108
    40  C   3.996        C   41 1.016    C   37 1.012    H  123 0.972    H  122 0.958
    41  C   3.996        C   40 1.016    H  126 0.988    H  125 0.987    H  124 0.984
    42  C   3.936        C   15 1.300    C   43 1.289    S   45 1.133
    43  C   3.924        C   47 1.360    C   42 1.289    S   44 1.095
    44  S   2.540        C   16 1.130    C   43 1.095
    45  S   2.574        C   42 1.133    C   46 1.089
    46  C   3.928        C   47 1.416    C   78 1.242    S   45 1.089
    47  C   3.967        C   46 1.416    C   43 1.360    H  127 0.961
    48  C   3.936        C   49 1.308    C   12 1.272    S   51 1.132
    49  C   3.930        C   53 1.343    C   48 1.308    S   50 1.103
    50  S   2.520        C   13 1.104    C   49 1.103
    51  S   2.571        C   48 1.132    C   52 1.095
    52  C   3.930        C   53 1.425    C   54 1.236    S   51 1.095
    53  C   3.966        C   52 1.425    C   49 1.343    H  128 0.961
    54  C   3.943        C   55 1.560    C   52 1.236    H  129 0.944
    55  C   3.950        C   54 1.560    C   64 1.134    C   67 1.003
    56  C   3.985        C   57 1.413    C   61 1.391    C   34 1.016    C   59 0.106
    57  C   3.988        C   58 1.440    C   56 1.413    H  130 0.968    C   60 0.107
    58  C   3.990        C   57 1.440    C   59 1.415    H  131 0.967    C   61 0.107
    59  C   3.979        C   58 1.415    C   60 1.398    C   62 1.013    C   56 0.106
    60  C   3.990        C   61 1.461    C   59 1.398    H  132 0.968    C   57 0.107
    61  C   3.988        C   60 1.461    C   56 1.391    H  133 0.969    C   58 0.107
    62  C   3.994        C   59 1.013    C   63 1.008    H  135 0.970    H  134 0.963
    63  C   3.996        C   62 1.008    H  138 0.988    H  137 0.987    H  136 0.986
    64  C   3.972        C   73 1.494    C   55 1.134    C   65 1.068
    65  C   3.979        C   68 1.402    C   66 1.301    C   64 1.068
    66  C   3.973        C   71 1.415    C   65 1.301    C   67 1.015
    67  C   3.923        O   72 1.784    C   66 1.015    C   55 1.003
    68  C   3.978        C   69 1.432    C   65 1.402    H  139 0.963
    69  C   3.980        C   68 1.432    C   70 1.431    H  140 0.970
    70  C   3.953        C   69 1.431    C   71 1.427    H  141 0.970
    71  C   3.982        C   70 1.427    C   66 1.415    H  142 0.966
    72  O   2.062        C   67 1.784
    73  C   3.950        C   64 1.494    C   74 1.095    C   75 1.092
    74  C   3.941        N   76 2.766    C   73 1.095
    75  C   3.942        N   77 2.773    C   73 1.092
    76  N   2.971        C   74 2.766
    77  N   2.980        C   75 2.773
    78  C   3.940        C   79 1.552    C   46 1.242    H  143 0.941
    79  C   3.949        C   78 1.552    C   80 1.143    C   83 1.003
    80  C   3.971        C   89 1.487    C   79 1.143    C   81 1.067
    81  C   3.979        C   84 1.404    C   82 1.301    C   80 1.067
    82  C   3.974        C   87 1.416    C   81 1.301    C   83 1.015
    83  C   3.922        O   88 1.782    C   82 1.015    C   79 1.003
    84  C   3.978        C   85 1.431    C   81 1.404    H  144 0.964
    85  C   3.980        C   86 1.433    C   84 1.431    H  145 0.970
    86  C   3.972        C   85 1.433    C   87 1.425    H  146 0.970
    87  C   3.982        C   86 1.425    C   82 1.416    H  147 0.966
    88  O   2.060        C   83 1.782
    89  C   3.966        C   80 1.487    C   90 1.096    C   91 1.094
    90  C   3.941        N   92 2.762    C   89 1.096
    91  C   3.942        N   93 2.770    C   89 1.094
    92  N   2.969        C   90 2.762
    93  N   2.979        C   91 2.770
    94  H   0.998        C    1 0.965
    95  H   0.997        C    5 0.961
    96  H   0.997        C    6 0.970
    97  H   0.996        C    8 0.957
    98  H   0.999        C   19 0.966
    99  H   0.999        C   20 0.969
   100  H   0.998        C   22 0.968
   101  H   0.999        C   23 0.969
   102  H   0.999        C   24 0.961
   103  H   0.998        C   25 0.968
   104  H   0.998        C   27 0.967
   105  H   0.999        C   28 0.963
   106  H   0.998        C   29 0.962
   107  H   0.998        C   29 0.976
   108  H   0.999        C   30 0.985
   109  H   0.998        C   30 0.987
   110  H   0.999        C   30 0.988
   111  H   0.997        C   31 0.969
   112  H   0.998        C   31 0.973
   113  H   0.999        C   32 0.988
   114  H   0.998        C   32 0.986
   115  H   0.999        C   32 0.988
   116  H   0.997        C   34 0.971
   117  H   0.997        C   34 0.968
   118  H   0.999        C   35 0.964
   119  H   0.998        C   36 0.969
   120  H   0.998        C   38 0.965
   121  H   0.998        C   39 0.957
   122  H   0.998        C   40 0.958
   123  H   0.998        C   40 0.972
   124  H   0.999        C   41 0.984
   125  H   0.998        C   41 0.987
   126  H   0.999        C   41 0.988
   127  H   0.996        C   47 0.961
   128  H   0.996        C   53 0.961
   129  H   0.991        C   54 0.944
   130  H   0.999        C   57 0.968
   131  H   0.999        C   58 0.967
   132  H   0.999        C   60 0.968
   133  H   0.999        C   61 0.969
   134  H   0.998        C   62 0.963
   135  H   0.997        C   62 0.970
   136  H   0.999        C   63 0.986
   137  H   0.998        C   63 0.987
   138  H   0.999        C   63 0.988
   139  H   0.996        C   68 0.963
   140  H   0.997        C   69 0.970
   141  H   0.997        C   70 0.970
   142  H   0.996        C   71 0.966
   143  H   0.990        C   78 0.941
   144  H   0.997        C   84 0.964
   145  H   0.997        C   85 0.970
   146  H   0.997        C   86 0.970
   147  H   0.996        C   87 0.966

molecular dipole:
                 x           y           z       tot (Debye)
 q only:       -1.497       0.129       2.347
   full:       -1.633       0.258       2.822       8.313
molecular quadrupole (traceless):
                xx          xy          yy          xz          yz          zz
 q only:       19.409      42.174     -40.835      10.120      20.694      21.426
  q+dip:        7.705      52.655     -20.635      14.873      10.098      12.929
   full:        0.944      44.714     -20.383       7.389      13.660      19.439


           -------------------------------------------------
          | TOTAL ENERGY             -237.938219847362 Eh   |
          | GRADIENT NORM               0.107325147827 Eh/α |
          | HOMO-LUMO GAP               1.008156645370 eV   |
           -------------------------------------------------

------------------------------------------------------------------------
 * finished run on 2021/04/12 at 13:53:36.706     
------------------------------------------------------------------------
 total:
 * wall-time:     0 d,  0 h,  0 min,  1.479 sec
 *  cpu-time:     0 d,  0 h,  0 min,  1.475 sec
 * ratio c/w:     0.997 speedup
 SCF:
 * wall-time:     0 d,  0 h,  0 min,  1.112 sec
 *  cpu-time:     0 d,  0 h,  0 min,  1.109 sec
 * ratio c/w:     0.998 speedup

