      -----------------------------------------------------------      
     |                   =====================                   |     
     |                           x T B                           |     
     |                   =====================                   |     
     |                         S. Grimme                         |     
     |          Mulliken Center for Theoretical Chemistry        |     
     |                    University of Bonn                     |     
     |                Version 6.2 RC2 (SAW190805)                |     
      -----------------------------------------------------------      

   This program is distributed in the hope that it will be useful,
   but WITHOUT ANY WARRANTY; without even the implied warranty of
   MERCHANTABILITY or FITNESS FOR A PARTICULAR PURPOSE.
   
   FOR NON-COMMERCIAL, ACADEMIA USE ONLY.
   
   Cite this work as:
   * S. Grimme, C. Bannwarth, P. Shushkov, J. Chem. Theory Comput., 2017,
     13, 1989-2009. DOI: 10.1021/acs.jctc.7b00118
   * C. Bannwarth, S. Ehlert and S. Grimme., J. Chem. Theory Comput., 2019,
     15, 1652-1671. DOI: 10.1021/acs.jctc.8b01176
   * P. Pracht, E. Caldeweyher, S. Ehlert, S. Grimme, ChemRxiv, 2019, preprint.
     DOI: 10.26434/chemrxiv.8326202.v1
   
   for DFT-D4:
   * E. Caldeweyher, C. Bannwarth and S. Grimme, J. Chem. Phys., 2017,
     147, 034112. DOI: 10.1063/1.4993215
   * E. Caldeweyher, S. Ehlert, A. Hansen, H. Neugebauer, S. Spicher,
     C. Bannwarth and S. Grimme, J. Chem. Phys., 2019, 150, 154122.
     DOI: 10.1063/1.5090222
   
   for sTDA-xTB:
   * S. Grimme and C. Bannwarth, J. Chem. Phys., 2016, 145, 054103.
     DOI: 10.1063/1.4959605
   
   in the mass-spec context:
   * V. Asgeirsson, C. Bauer and S. Grimme, Chem. Sci., 2017, 8, 4879.
     DOI: 10.1039/c7sc00601b
   
   for metadynamics refer to:
   * S. Grimme, J. Chem. Theory Comput., 2019, 155, 2847-2862
     DOI: 10.1021/acs.jctc.9b00143
   
   with help from (in alphabetical order)
   C. Bannwarth, F. Bohle, G. Brandenburg, E. Caldeweyher, M. Checinski,
   S. Dohm, S. Ehlert, S. Ehrlich, F. März, H. Neugebauer, J. Pisarek,
   P. Pracht, P. Shushkov, and S. Spicher.
   
 * started run on 2020/11/20 at 13:45:35.018     

           -------------------------------------------------
          |                Calculation Setup                |
           -------------------------------------------------

          program call               : /ihome/ghutchison/geoffh/xtb/xtb N65-2FIC.xyz -sp
          hostname                   : smp-n25
          coordinate file            : N65-2FIC.xyz
          omp threads                :                     1
          number of atoms            :                   147
          number of electrons        :                   466
          charge                     :                     0
          spin                       :                   0.0
          first test random number   :      0.00215057618115


########################################################################
# WARNING! Please study the warnings concerning your input carefully
#  - XTBPATH is not set, using XTBHOME instead
#  - the use of '-sp' is discouraged, please use '--sp' next time
########################################################################

           ------------------------------------------------- 
          |                 G F N 2 - x T B                 |
          | Geometry, Frequencies, Noncovalent interactions |
          |            JCTC 2019 parametrisation            |
           ------------------------------------------------- 
             KAB for C  - Si     :                1.0500
             KAB for H  - Pd     :                0.9500
             k(s)              :                1.8500
             k(p)              :                2.2300
             k(d)              :                2.2300
             k(f)              :                2.0000
             kEN (H0ij)        :               -2.0000
             D4 a1             :                0.5200
             D4 a2             :                5.0000
             D4 s6             :                1.0000
             D4 s8             :                2.7000
             D4 s9             :                5.0000
             alphaj            :                2.0000

  Z AO/shell   Hii/eV     exponent
  1     Wed Apr 25 08:07:45 CEST 2018   EN: 2.200 GM2: 0.406  GM3: 0.0800  RAES: 1.40
     1s    -10.707211    1.230000
  6     Wed Apr 25 08:07:45 CEST 2018   EN: 2.550 GM2: 0.538  GM3: 0.1500  RAES: 3.00
     2s    -13.970922    2.096432
     2p    -10.063292    1.800000
  7     Wed Apr 25 08:07:45 CEST 2018   EN: 3.040 GM2: 0.461  GM3:-0.0640  RAES: 1.90
     2s    -16.686243    2.339881
     2p    -12.523956    2.014332
  8     Wed Apr 25 08:07:45 CEST 2018   EN: 3.440 GM2: 0.452  GM3:-0.0517  RAES: 1.80
     2s    -20.229985    2.439742
     2p    -15.503117    2.137023
  9     Mon Apr 23 13:58:50 CEST 2018   EN: 3.980 GM2: 0.532  GM3: 0.1426  RAES: 2.40
     2s    -23.458179    2.416361
     2p    -15.746583    2.308399
 16     Tue Apr 24 11:44:34 CEST 2018   EN: 2.580 GM2: 0.340  GM3:-0.0502  RAES: 3.10
     3s    -20.029654    1.981333
     3p    -11.377694    2.025643
     3d     -0.420282    1.702555

           ------------------------------------------------- 
          |        Self-Consistent Charge Iterations        |
           ------------------------------------------------- 

          ...................................................
          :                      SETUP                      :
          :.................................................:
          :  # basis functions                 462          :
          :  # atomic orbitals                 458          :
          :  # shells                          248          :
          :  # electrons                       466          :
          :  max. iterations                   250          :
          :  Hamiltonian                  GFN2-xTB          :
          :  restarted?                      false          :
          :  GBSA solvation                  false          :
          :  PC potential                    false          :
          :  electronic temp.          300.0000000     K    :
          :  accuracy                    1.0000000          :
          :  -> integral cutoff          0.2500000E+02      :
          :  -> integral neglect         0.1000000E-07      :
          :  -> SCF convergence          0.1000000E-05 Eh   :
          :  -> wf. convergence          0.1000000E-03 e    :
          :  Broyden damping             0.4000000          :
          ...................................................

 iter      E             dE          RMSdq      gap      omega  full diag
   1   -258.4311137 -0.258431E+03  0.468E+00    1.18       0.0  T
   2   -258.5154254 -0.843117E-01  0.288E+00    1.14       1.0  T
   3   -258.0604587  0.454967E+00  0.217E+00    0.65       1.0  T
   4   -258.6572845 -0.596826E+00  0.615E-01    1.09       1.0  T
   5   -258.7018453 -0.445608E-01  0.212E-01    0.85       1.0  T
   6   -258.7044498 -0.260451E-02  0.127E-01    0.96       1.0  T
   7   -258.7069629 -0.251316E-02  0.491E-02    0.91       1.0  T
   8   -258.7072177 -0.254768E-03  0.179E-02    0.92       1.0  T
   9   -258.7072359 -0.181783E-04  0.929E-03    0.92       1.0  T
  10   -258.7072439 -0.800372E-05  0.390E-03    0.92       2.1  T
  11   -258.7072448 -0.886172E-06  0.178E-03    0.92       4.6  T
  12   -258.7072450 -0.264690E-06  0.749E-04    0.92      11.0  T
  13   -258.7072451 -0.243551E-07  0.460E-04    0.92      17.9  T

   *** convergence criteria satisfied after 13 iterations ***

         #    Occupation            Energy/Eh            Energy/eV
      -------------------------------------------------------------
         1        2.0000           -0.8519186             -23.1819
       ...           ...                  ...                  ...
       227        2.0000           -0.4042772             -11.0009
       228        2.0000           -0.4041627             -10.9978
       229        2.0000           -0.4010547             -10.9133
       230        2.0000           -0.3990868             -10.8597
       231        2.0000           -0.3966282             -10.7928
       232        2.0000           -0.3925762             -10.6825
       233        2.0000           -0.3798498             -10.3362 (HOMO)
       234                         -0.3459887              -9.4148 (LUMO)
       235                         -0.3414889              -9.2924
       236                         -0.3323269              -9.0431
       237                         -0.3287521              -8.9458
       238                         -0.3060529              -8.3281
       ...                                ...                  ...
       458                          1.0666021              29.0237
      -------------------------------------------------------------
                  HL-Gap            0.0338610 Eh            0.9214 eV
             Fermi-level           -0.3629234 Eh           -9.8756 eV

 SCC (total)                   0 d,  0 h,  0 min,  1.426 sec
 SCC setup                      ...        0 min,  0.005 sec (  0.362%)
 Dispersion                     ...        0 min,  0.014 sec (  0.977%)
 integral evaluation            ...        0 min,  0.451 sec ( 31.634%)
 zeroth order Hamiltonian       ...        0 min,  0.003 sec (  0.194%)
 iterations                     ...        0 min,  0.598 sec ( 41.913%)
 molecular gradient             ...        0 min,  0.350 sec ( 24.555%)
 printout                       ...        0 min,  0.005 sec (  0.360%)

         :::::::::::::::::::::::::::::::::::::::::::::::::::::
         ::                     SUMMARY                     ::
         :::::::::::::::::::::::::::::::::::::::::::::::::::::
         :: total energy            -254.822541290045 Eh    ::
         :: gradient norm              0.111313380358 Eh/a0 ::
         :: HOMO-LUMO gap              0.921405926141 eV    ::
         ::.................................................::
         :: SCC energy              -258.707245073023 Eh    ::
         :: -> isotropic ES            0.128305258770 Eh    ::
         :: -> anisotropic ES          0.020834239277 Eh    ::
         :: -> anisotropic XC          0.149273365728 Eh    ::
         :: -> dispersion             -0.235221189353 Eh    ::
         :: repulsion energy           3.881292138723 Eh    ::
         :: add. restraining           0.000000000000 Eh    ::
         :::::::::::::::::::::::::::::::::::::::::::::::::::::

           -------------------------------------------------
          |                Property Printout                |
           -------------------------------------------------

    * Orbital Energies and Occupations

         #    Occupation            Energy/Eh            Energy/eV
      -------------------------------------------------------------
         1        2.0000           -0.8519186             -23.1819
       ...           ...                  ...                  ...
       221        2.0000           -0.4162831             -11.3276
       222        2.0000           -0.4123227             -11.2199
       223        2.0000           -0.4111084             -11.1868
       224        2.0000           -0.4100894             -11.1591
       225        2.0000           -0.4062390             -11.0543
       226        2.0000           -0.4059606             -11.0467
       227        2.0000           -0.4042772             -11.0009
       228        2.0000           -0.4041627             -10.9978
       229        2.0000           -0.4010547             -10.9133
       230        2.0000           -0.3990868             -10.8597
       231        2.0000           -0.3966282             -10.7928
       232        2.0000           -0.3925762             -10.6825
       233        2.0000           -0.3798498             -10.3362 (HOMO)
       234                         -0.3459887              -9.4148 (LUMO)
       235                         -0.3414889              -9.2924
       236                         -0.3323269              -9.0431
       237                         -0.3287521              -8.9458
       238                         -0.3060529              -8.3281
       239                         -0.2873528              -7.8193
       240                         -0.2805619              -7.6345
       241                         -0.2670888              -7.2679
       242                         -0.2621174              -7.1326
       243                         -0.2579334              -7.0187
       244                         -0.2533217              -6.8932
       ...                                ...                  ...
       458                          1.0666021              29.0237
      -------------------------------------------------------------
                  HL-Gap            0.0338610 Eh            0.9214 eV
             Fermi-level           -0.3629234 Eh           -9.8756 eV

     #   Z        covCN         q      C6AA      α(0)
     1   6 C      2.911    -0.030    28.752     8.793
     2   6 C      2.966     0.010    27.784     8.646
     3   6 C      2.983     0.002    27.969     8.675
     4   6 C      2.969     0.012    27.735     8.638
     5   6 C      2.908    -0.034    28.841     8.806
     6   6 C      2.906    -0.026    28.647     8.776
     7   6 C      2.982     0.008    27.843     8.655
     8   6 C      2.908    -0.033    28.831     8.804
     9   6 C      3.045     0.006    27.855     8.656
    10   6 C      3.019    -0.001    28.037     8.686
    11   6 C      3.908     0.016    20.256     6.397
    12   6 C      3.091    -0.003    27.997     8.673
    13   6 C      3.000     0.023    27.474     8.598
    14   6 C      3.922     0.018    20.219     6.391
    15   6 C      3.169    -0.015    28.003     8.646
    16   6 C      3.056     0.022    27.471     8.595
    17   6 C      2.966     0.003    27.951     8.672
    18   6 C      2.963     0.008    27.846     8.656
    19   6 C      2.912    -0.037    28.917     8.818
    20   6 C      2.914    -0.038    28.955     8.824
    21   6 C      2.957     0.014    27.704     8.633
    22   6 C      2.915    -0.038    28.949     8.823
    23   6 C      2.913    -0.033    28.819     8.803
    24   6 C      2.913    -0.036    28.888     8.813
    25   6 C      2.914    -0.036    28.886     8.813
    26   6 C      2.958     0.013    27.715     8.635
    27   6 C      2.914    -0.038    28.934     8.821
    28   6 C      2.912    -0.035    28.882     8.812
    29   6 C      3.800    -0.054    21.553     6.610
    30   6 C      3.745    -0.094    22.363     6.746
    31   6 C      3.800    -0.055    21.559     6.611
    32   6 C      3.745    -0.096    22.411     6.753
    33   6 C      2.963     0.010    27.788     8.647
    34   6 C      3.801    -0.054    21.552     6.610
    35   6 C      2.912    -0.037    28.926     8.819
    36   6 C      2.914    -0.038    28.938     8.821
    37   6 C      2.959     0.014    27.706     8.634
    38   6 C      2.914    -0.035    28.873     8.811
    39   6 C      2.913    -0.035    28.874     8.811
    40   6 C      3.800    -0.054    21.553     6.610
    41   6 C      3.746    -0.094    22.367     6.746
    42   6 C      3.116     0.020    27.391     8.573
    43   6 C      3.146     0.018    27.339     8.554
    44  16 S      2.169    -0.024   142.056    20.060
    45  16 S      2.244     0.000   141.052    19.989
    46   6 C      2.979     0.025    27.451     8.594
    47   6 C      3.025    -0.034    28.807     8.804
    48   6 C      3.138     0.020    27.331     8.556
    49   6 C      3.145     0.021    27.292     8.547
    50  16 S      2.199    -0.028   142.191    20.070
    51  16 S      2.248     0.003   140.931    19.980
    52   6 C      2.982     0.025    27.432     8.591
    53   6 C      3.026    -0.035    28.852     8.811
    54   6 C      2.942    -0.010    28.274     8.721
    55   6 C      2.985    -0.036    28.881     8.815
    56   6 C      2.957     0.011    27.778     8.645
    57   6 C      2.916    -0.038    28.957     8.824
    58   6 C      2.913    -0.037    28.927     8.819
    59   6 C      2.959     0.012    27.749     8.640
    60   6 C      2.914    -0.036    28.906     8.816
    61   6 C      2.913    -0.036    28.899     8.815
    62   6 C      3.800    -0.054    21.553     6.610
    63   6 C      3.745    -0.093    22.351     6.744
    64   6 C      2.999     0.033    27.244     8.562
    65   6 C      3.016     0.006    27.877     8.661
    66   6 C      3.021    -0.019    28.461     8.751
    67   6 C      2.865     0.226    23.261     7.906
    68   6 C      2.907    -0.051    29.257     8.869
    69   6 C      2.775     0.163    24.466     8.101
    70   6 C      2.777     0.161    24.507     8.108
    71   6 C      2.906    -0.037    28.924     8.818
    72   9 F      0.787    -0.181    11.037     3.924
    73   9 F      0.787    -0.179    11.023     3.922
    74   8 O      0.856    -0.352    20.754     6.108
    75   6 C      2.944     0.009    27.809     8.649
    76   6 C      1.912     0.118    28.205     8.577
    77   6 C      1.912     0.119    28.163     8.571
    78   7 N      0.911    -0.225    25.913     7.362
    79   7 N      0.911    -0.228    25.990     7.373
    80   6 C      2.943    -0.011    28.299     8.725
    81   6 C      2.987    -0.037    28.908     8.820
    82   6 C      2.999     0.033    27.258     8.564
    83   6 C      3.018     0.005    27.885     8.662
    84   6 C      3.022    -0.020    28.470     8.752
    85   6 C      2.866     0.226    23.265     7.906
    86   6 C      2.907    -0.051    29.262     8.870
    87   6 C      2.776     0.163    24.470     8.102
    88   6 C      2.778     0.161    24.513     8.109
    89   6 C      2.906    -0.037    28.928     8.819
    90   8 O      0.856    -0.354    20.782     6.112
    91   6 C      2.944     0.009    27.827     8.652
    92   6 C      1.912     0.117    28.209     8.578
    93   6 C      1.913     0.119    28.169     8.571
    94   7 N      0.911    -0.226    25.944     7.367
    95   7 N      0.911    -0.230    26.026     7.378
    96   9 F      0.787    -0.181    11.043     3.925
    97   9 F      0.788    -0.179    11.026     3.922
    98   1 H      0.924     0.041     2.441     2.443
    99   1 H      0.924     0.047     2.364     2.404
   100   1 H      0.924     0.041     2.436     2.441
   101   1 H      0.924     0.050     2.317     2.380
   102   1 H      0.925     0.031     2.578     2.511
   103   1 H      0.924     0.039     2.464     2.455
   104   1 H      0.924     0.032     2.557     2.501
   105   1 H      0.924     0.027     2.635     2.539
   106   1 H      0.925     0.033     2.541     2.493
   107   1 H      0.924     0.034     2.528     2.486
   108   1 H      0.924     0.032     2.565     2.505
   109   1 H      0.925     0.025     2.665     2.553
   110   1 H      0.923     0.036     2.505     2.475
   111   1 H      0.922     0.040     2.450     2.448
   112   1 H      0.923     0.033     2.548     2.496
   113   1 H      0.923     0.036     2.498     2.472
   114   1 H      0.923     0.035     2.511     2.478
   115   1 H      0.923     0.041     2.431     2.438
   116   1 H      0.922     0.043     2.416     2.431
   117   1 H      0.923     0.036     2.497     2.471
   118   1 H      0.923     0.035     2.516     2.481
   119   1 H      0.923     0.035     2.522     2.484
   120   1 H      0.923     0.048     2.351     2.398
   121   1 H      0.923     0.046     2.376     2.411
   122   1 H      0.925     0.025     2.653     2.547
   123   1 H      0.924     0.030     2.586     2.515
   124   1 H      0.924     0.035     2.512     2.478
   125   1 H      0.925     0.041     2.440     2.443
   126   1 H      0.923     0.039     2.466     2.456
   127   1 H      0.923     0.035     2.522     2.483
   128   1 H      0.923     0.037     2.494     2.470
   129   1 H      0.923     0.036     2.500     2.473
   130   1 H      0.923     0.033     2.545     2.495
   131   1 H      0.925     0.050     2.321     2.382
   132   1 H      0.925     0.051     2.308     2.376
   133   1 H      0.923     0.088     1.902     2.157
   134   1 H      0.924     0.028     2.616     2.529
   135   1 H      0.924     0.031     2.566     2.505
   136   1 H      0.924     0.030     2.581     2.512
   137   1 H      0.925     0.027     2.634     2.538
   138   1 H      0.923     0.035     2.513     2.479
   139   1 H      0.923     0.038     2.480     2.463
   140   1 H      0.923     0.033     2.546     2.495
   141   1 H      0.923     0.035     2.518     2.482
   142   1 H      0.923     0.034     2.532     2.488
   143   1 H      0.925     0.091     1.868     2.137
   144   1 H      0.924     0.094     1.840     2.121
   145   1 H      0.923     0.087     1.907     2.160
   146   1 H      0.925     0.091     1.870     2.139
   147   1 H      0.924     0.094     1.844     2.124

 Mol. C6AA /au·bohr⁶  :     358235.924766
 Mol. C8AA /au·bohr⁸  :    9674261.923922
 Mol. α(0) /au        :        955.104670


Wiberg/Mayer (AO) data.
largest (>0.10) Wiberg bond orders for each atom
          total WBO             WBO to atom ...
     1  C   3.975        C    2 1.499    C    6 1.335    H   98 0.965
     2  C   3.975        C    1 1.499    C    3 1.275    C   11 0.970    C    5 0.109
     3  C   3.976        C    2 1.275    C    4 1.260    C    7 1.205
     4  C   3.978        C    5 1.294    C    3 1.260    C   10 1.223
     5  C   3.978        C    6 1.535    C    4 1.294    H   99 0.962    C    2 0.109
     6  C   3.977        C    5 1.535    C    1 1.335    H  100 0.970
     7  C   3.946        C    8 1.401    C    3 1.205    C   13 1.155
     8  C   3.960        C    7 1.401    C    9 1.392    H  101 0.951
     9  C   3.958        C    8 1.392    C   10 1.348    C   14 0.986
    10  C   3.944        C    9 1.348    C    4 1.223    C   16 1.156
    11  C   3.985        C   12 0.976    C    2 0.970    C   17 0.963    C   18 0.932
    12  C   3.960        C   13 1.449    C   48 1.276    C   11 0.976
    13  C   3.907        C   12 1.449    C    7 1.155    S   50 1.107
    14  C   3.980        C    9 0.986    C   15 0.975    C   33 0.963    C   34 0.927
    15  C   3.952        C   16 1.415    C   42 1.304    C   14 0.975
    16  C   3.900        C   15 1.415    C   10 1.156    S   44 1.128
    17  C   3.981        C   19 1.427    C   23 1.385    C   11 0.963    C   21 0.106
    18  C   3.975        C   28 1.420    C   24 1.399    C   11 0.932    C   26 0.106
    19  C   3.989        C   17 1.427    C   20 1.426    H  102 0.966    C   22 0.108
    20  C   3.989        C   21 1.427    C   19 1.426    H  103 0.966    C   23 0.108
    21  C   3.985        C   20 1.427    C   22 1.387    C   31 1.013    C   17 0.106
    22  C   3.989        C   23 1.471    C   21 1.387    H  104 0.969    C   19 0.108
    23  C   3.989        C   22 1.471    C   17 1.385    H  105 0.969    C   20 0.108
    24  C   3.988        C   25 1.458    C   18 1.399    H  106 0.963    C   27 0.108
    25  C   3.988        C   24 1.458    C   26 1.398    H  107 0.968    C   28 0.108
    26  C   3.985        C   27 1.419    C   25 1.398    C   29 1.012    C   18 0.106
    27  C   3.988        C   28 1.436    C   26 1.419    H  108 0.968    C   24 0.108
    28  C   3.988        C   27 1.436    C   18 1.420    H  109 0.964    C   25 0.108
    29  C   3.996        C   26 1.012    C   30 1.007    H  110 0.976    H  111 0.964
    30  C   3.996        C   29 1.007    H  112 0.988    H  113 0.986    H  114 0.986
    31  C   3.996        C   32 1.020    C   21 1.013    H  115 0.966    H  116 0.958
    32  C   3.996        C   31 1.020    H  117 0.987    H  118 0.986    H  119 0.985
    33  C   3.980        C   35 1.418    C   39 1.395    C   14 0.963    C   37 0.106
    34  C   3.984        C   56 1.012    H  120 0.970    H  121 0.961    C   14 0.927
    35  C   3.988        C   36 1.437    C   33 1.418    H  122 0.966    C   38 0.108
    36  C   3.989        C   35 1.437    C   37 1.419    H  123 0.968    C   39 0.108
    37  C   3.984        C   36 1.419    C   38 1.398    C   40 1.012    C   33 0.106
    38  C   3.989        C   39 1.459    C   37 1.398    H  124 0.968    C   35 0.108
    39  C   3.988        C   38 1.459    C   33 1.395    H  125 0.962    C   36 0.108
    40  C   3.996        C   37 1.012    C   41 1.005    H  127 0.976    H  126 0.967
    41  C   3.995        C   40 1.005    H  130 0.988    H  128 0.987    H  129 0.986
    42  C   3.931        C   15 1.304    C   43 1.279    S   45 1.147
    43  C   3.930        C   47 1.371    C   42 1.279    S   44 1.091
    44  S   2.530        C   16 1.128    C   43 1.091
    45  S   2.572        C   42 1.147    C   46 1.081
    46  C   3.927        C   47 1.398    C   80 1.272    S   45 1.081
    47  C   3.961        C   46 1.398    C   43 1.371    H  131 0.960
    48  C   3.930        C   49 1.293    C   12 1.276    S   51 1.149
    49  C   3.935        C   53 1.357    C   48 1.293    S   50 1.104
    50  S   2.525        C   13 1.107    C   49 1.104
    51  S   2.583        C   48 1.149    C   52 1.089
    52  C   3.931        C   53 1.408    C   54 1.260    S   51 1.089
    53  C   3.962        C   52 1.408    C   49 1.357    H  132 0.960
    54  C   3.939        C   55 1.526    C   52 1.260    H  133 0.945
    55  C   3.951        C   54 1.526    C   64 1.154    C   67 1.012
    56  C   3.985        C   57 1.408    C   61 1.403    C   34 1.012    C   59 0.106
    57  C   3.987        C   58 1.445    C   56 1.408    H  134 0.967    C   60 0.109
    58  C   3.989        C   57 1.445    C   59 1.414    H  135 0.968    C   61 0.107
    59  C   3.983        C   58 1.414    C   60 1.403    C   62 1.012    C   56 0.106
    60  C   3.990        C   61 1.455    C   59 1.403    H  136 0.969    C   57 0.109
    61  C   3.989        C   60 1.455    C   56 1.403    H  137 0.960    C   58 0.107
    62  C   3.996        C   59 1.012    C   63 1.006    H  138 0.976    H  139 0.966
    63  C   3.996        C   62 1.006    H  140 0.988    H  142 0.987    H  141 0.986
    64  C   3.973        C   75 1.476    C   55 1.154    C   65 1.069
    65  C   3.981        C   68 1.391    C   66 1.311    C   64 1.069
    66  C   3.973        C   71 1.406    C   65 1.311    C   67 1.014
    67  C   3.925        O   74 1.786    C   66 1.014    C   55 1.012
    68  C   3.971        C   69 1.399    C   65 1.391    H  143 0.954
    69  C   3.889        C   68 1.399    C   70 1.316    F   73 0.997
    70  C   3.881        C   71 1.394    C   69 1.316    F   72 0.995
    71  C   3.978        C   66 1.406    C   70 1.394    H  144 0.959
    72  F   1.136        C   70 0.995
    73  F   1.140        C   69 0.997
    74  O   2.054        C   67 1.786
    75  C   3.958        C   64 1.476    C   77 1.101    C   76 1.096
    76  C   3.942        N   78 2.770    C   75 1.096
    77  C   3.943        N   79 2.767    C   75 1.101
    78  N   2.969        C   76 2.770
    79  N   2.981        C   77 2.767
    80  C   3.939        C   81 1.514    C   46 1.272    H  145 0.945
    81  C   3.947        C   80 1.514    C   82 1.159    C   85 1.012
    82  C   3.972        C   91 1.474    C   81 1.159    C   83 1.068
    83  C   3.981        C   86 1.392    C   84 1.312    C   82 1.068
    84  C   3.974        C   89 1.407    C   83 1.312    C   85 1.014
    85  C   3.924        O   90 1.783    C   84 1.014    C   81 1.012
    86  C   3.971        C   87 1.398    C   83 1.392    H  146 0.954
    87  C   3.888        C   86 1.398    C   88 1.316    F   97 0.997
    88  C   3.881        C   89 1.393    C   87 1.316    F   96 0.994
    89  C   3.977        C   84 1.407    C   88 1.393    H  147 0.959
    90  O   2.052        C   85 1.783
    91  C   3.956        C   82 1.474    C   93 1.102    C   92 1.095
    92  C   3.942        N   94 2.770    C   91 1.095
    93  C   3.943        N   95 2.766    C   91 1.102
    94  N   2.968        C   92 2.770
    95  N   2.980        C   93 2.766
    96  F   1.136        C   88 0.994
    97  F   1.140        C   87 0.997
    98  H   0.997        C    1 0.965
    99  H   0.997        C    5 0.962
   100  H   0.997        C    6 0.970
   101  H   0.996        C    8 0.951
   102  H   0.999        C   19 0.966
   103  H   0.998        C   20 0.966
   104  H   0.998        C   22 0.969
   105  H   0.999        C   23 0.969
   106  H   0.998        C   24 0.963
   107  H   0.998        C   25 0.968
   108  H   0.998        C   27 0.968
   109  H   0.999        C   28 0.964
   110  H   0.998        C   29 0.976
   111  H   0.998        C   29 0.964
   112  H   0.999        C   30 0.988
   113  H   0.998        C   30 0.986
   114  H   0.999        C   30 0.986
   115  H   0.998        C   31 0.966
   116  H   0.998        C   31 0.958
   117  H   0.999        C   32 0.987
   118  H   0.998        C   32 0.986
   119  H   0.999        C   32 0.985
   120  H   0.997        C   34 0.970
   121  H   0.997        C   34 0.961
   122  H   0.999        C   35 0.966
   123  H   0.998        C   36 0.968
   124  H   0.998        C   38 0.968
   125  H   0.998        C   39 0.962
   126  H   0.998        C   40 0.967
   127  H   0.998        C   40 0.976
   128  H   0.999        C   41 0.987
   129  H   0.998        C   41 0.986
   130  H   0.999        C   41 0.988
   131  H   0.997        C   47 0.960
   132  H   0.997        C   53 0.960
   133  H   0.990        C   54 0.945
   134  H   0.999        C   57 0.967
   135  H   0.999        C   58 0.968
   136  H   0.999        C   60 0.969
   137  H   0.999        C   61 0.960
   138  H   0.998        C   62 0.976
   139  H   0.998        C   62 0.966
   140  H   0.999        C   63 0.988
   141  H   0.998        C   63 0.986
   142  H   0.999        C   63 0.987
   143  H   0.991        C   68 0.954
   144  H   0.990        C   71 0.959
   145  H   0.990        C   80 0.945
   146  H   0.991        C   86 0.954
   147  H   0.991        C   89 0.959

molecular dipole:
                 x           y           z       tot (Debye)
 q only:       -1.638      -0.560       2.566
   full:       -1.682      -0.488       2.885       8.578
molecular quadrupole (traceless):
                xx          xy          yy          xz          yz          zz
 q only:       84.908      26.452    -174.659       5.979      34.652      89.751
  q+dip:       72.177      33.374    -148.362       7.725      29.729      76.185
   full:       67.149      34.169    -151.332       4.438      35.700      84.183


           -------------------------------------------------
          | TOTAL ENERGY             -254.822541290045 Eh   |
          | GRADIENT NORM               0.111313380358 Eh/α |
          | HOMO-LUMO GAP               0.921405926141 eV   |
           -------------------------------------------------

------------------------------------------------------------------------
 * finished run on 2020/11/20 at 13:45:36.919     
------------------------------------------------------------------------
 total:
 * wall-time:     0 d,  0 h,  0 min,  1.901 sec
 *  cpu-time:     0 d,  0 h,  0 min,  1.895 sec
 * ratio c/w:     0.997 speedup
 SCF:
 * wall-time:     0 d,  0 h,  0 min,  1.427 sec
 *  cpu-time:     0 d,  0 h,  0 min,  1.427 sec
 * ratio c/w:     1.000 speedup

