      -----------------------------------------------------------      
     |                   =====================                   |     
     |                           x T B                           |     
     |                   =====================                   |     
     |                         S. Grimme                         |     
     |          Mulliken Center for Theoretical Chemistry        |     
     |                    University of Bonn                     |     
     |                Version 6.2 RC2 (SAW190805)                |     
      -----------------------------------------------------------      

   This program is distributed in the hope that it will be useful,
   but WITHOUT ANY WARRANTY; without even the implied warranty of
   MERCHANTABILITY or FITNESS FOR A PARTICULAR PURPOSE.
   
   FOR NON-COMMERCIAL, ACADEMIA USE ONLY.
   
   Cite this work as:
   * S. Grimme, C. Bannwarth, P. Shushkov, J. Chem. Theory Comput., 2017,
     13, 1989-2009. DOI: 10.1021/acs.jctc.7b00118
   * C. Bannwarth, S. Ehlert and S. Grimme., J. Chem. Theory Comput., 2019,
     15, 1652-1671. DOI: 10.1021/acs.jctc.8b01176
   * P. Pracht, E. Caldeweyher, S. Ehlert, S. Grimme, ChemRxiv, 2019, preprint.
     DOI: 10.26434/chemrxiv.8326202.v1
   
   for DFT-D4:
   * E. Caldeweyher, C. Bannwarth and S. Grimme, J. Chem. Phys., 2017,
     147, 034112. DOI: 10.1063/1.4993215
   * E. Caldeweyher, S. Ehlert, A. Hansen, H. Neugebauer, S. Spicher,
     C. Bannwarth and S. Grimme, J. Chem. Phys., 2019, 150, 154122.
     DOI: 10.1063/1.5090222
   
   for sTDA-xTB:
   * S. Grimme and C. Bannwarth, J. Chem. Phys., 2016, 145, 054103.
     DOI: 10.1063/1.4959605
   
   in the mass-spec context:
   * V. Asgeirsson, C. Bauer and S. Grimme, Chem. Sci., 2017, 8, 4879.
     DOI: 10.1039/c7sc00601b
   
   for metadynamics refer to:
   * S. Grimme, J. Chem. Theory Comput., 2019, 155, 2847-2862
     DOI: 10.1021/acs.jctc.9b00143
   
   with help from (in alphabetical order)
   C. Bannwarth, F. Bohle, G. Brandenburg, E. Caldeweyher, M. Checinski,
   S. Dohm, S. Ehlert, S. Ehrlich, F. März, H. Neugebauer, J. Pisarek,
   P. Pracht, P. Shushkov, and S. Spicher.
   
 * started run on 2020/11/20 at 13:45:38.374     

           -------------------------------------------------
          |                Calculation Setup                |
           -------------------------------------------------

          program call               : /ihome/ghutchison/geoffh/xtb/xtb NIBT.xyz -sp
          hostname                   : smp-n106
          coordinate file            : NIBT.xyz
          omp threads                :                     1
          number of atoms            :                   186
          number of electrons        :                   554
          charge                     :                     0
          spin                       :                   0.0
          first test random number   :      0.57066348870583


########################################################################
# WARNING! Please study the warnings concerning your input carefully
#  - XTBPATH is not set, using XTBHOME instead
#  - the use of '-sp' is discouraged, please use '--sp' next time
########################################################################

           ------------------------------------------------- 
          |                 G F N 2 - x T B                 |
          | Geometry, Frequencies, Noncovalent interactions |
          |            JCTC 2019 parametrisation            |
           ------------------------------------------------- 
             KAB for C  - Si     :                1.0500
             KAB for H  - Pd     :                0.9500
             k(s)              :                1.8500
             k(p)              :                2.2300
             k(d)              :                2.2300
             k(f)              :                2.0000
             kEN (H0ij)        :               -2.0000
             D4 a1             :                0.5200
             D4 a2             :                5.0000
             D4 s6             :                1.0000
             D4 s8             :                2.7000
             D4 s9             :                5.0000
             alphaj            :                2.0000

  Z AO/shell   Hii/eV     exponent
  1     Wed Apr 25 08:07:45 CEST 2018   EN: 2.200 GM2: 0.406  GM3: 0.0800  RAES: 1.40
     1s    -10.707211    1.230000
  6     Wed Apr 25 08:07:45 CEST 2018   EN: 2.550 GM2: 0.538  GM3: 0.1500  RAES: 3.00
     2s    -13.970922    2.096432
     2p    -10.063292    1.800000
  7     Wed Apr 25 08:07:45 CEST 2018   EN: 3.040 GM2: 0.461  GM3:-0.0640  RAES: 1.90
     2s    -16.686243    2.339881
     2p    -12.523956    2.014332
  8     Wed Apr 25 08:07:45 CEST 2018   EN: 3.440 GM2: 0.452  GM3:-0.0517  RAES: 1.80
     2s    -20.229985    2.439742
     2p    -15.503117    2.137023
 16     Tue Apr 24 11:44:34 CEST 2018   EN: 2.580 GM2: 0.340  GM3:-0.0502  RAES: 3.10
     3s    -20.029654    1.981333
     3p    -11.377694    2.025643
     3d     -0.420282    1.702555

           ------------------------------------------------- 
          |        Self-Consistent Charge Iterations        |
           ------------------------------------------------- 

          ...................................................
          :                      SETUP                      :
          :.................................................:
          :  # basis functions                 552          :
          :  # atomic orbitals                 548          :
          :  # shells                          304          :
          :  # electrons                       554          :
          :  max. iterations                   250          :
          :  Hamiltonian                  GFN2-xTB          :
          :  restarted?                      false          :
          :  GBSA solvation                  false          :
          :  PC potential                    false          :
          :  electronic temp.          300.0000000     K    :
          :  accuracy                    1.0000000          :
          :  -> integral cutoff          0.2500000E+02      :
          :  -> integral neglect         0.1000000E-07      :
          :  -> SCF convergence          0.1000000E-05 Eh   :
          :  -> wf. convergence          0.1000000E-03 e    :
          :  Broyden damping             0.4000000          :
          ...................................................

 iter      E             dE          RMSdq      gap      omega  full diag
   1   -305.4846612 -0.305485E+03  0.432E+00    0.58       0.0  T
   2   -305.6975985 -0.212937E+00  0.258E+00    0.61       1.0  T
   3   -305.1288934  0.568705E+00  0.180E+00    0.55       1.0  T
   4   -305.5057674 -0.376874E+00  0.108E+00    0.79       1.0  T
   5   -305.8101562 -0.304389E+00  0.553E-01    0.71       1.0  T
   6   -305.8798046 -0.696484E-01  0.258E-01    0.49       1.0  T
   7   -305.8841430 -0.433843E-02  0.187E-01    0.52       1.0  T
   8   -305.8841672 -0.241678E-04  0.111E-01    0.48       1.0  T
   9   -305.8871439 -0.297671E-02  0.378E-02    0.50       1.0  T
  10   -305.8872906 -0.146633E-03  0.185E-02    0.49       1.0  T
  11   -305.8872976 -0.705677E-05  0.150E-02    0.50       1.0  T
  12   -305.8873288 -0.312011E-04  0.478E-03    0.49       1.5  T
  13   -305.8873309 -0.210441E-05  0.233E-03    0.50       3.2  T
  14   -305.8873311 -0.160552E-06  0.166E-03    0.49       4.4  T
  15   -305.8873316 -0.497095E-06  0.594E-04    0.49      12.3  T
  16   -305.8873316 -0.293819E-07  0.264E-04    0.49      27.8  T

   *** convergence criteria satisfied after 16 iterations ***

         #    Occupation            Energy/Eh            Energy/eV
      -------------------------------------------------------------
         1        2.0000           -0.7629253             -20.7603
       ...           ...                  ...                  ...
       271        2.0000           -0.3968302             -10.7983
       272        2.0000           -0.3944591             -10.7338
       273        2.0000           -0.3925624             -10.6822
       274        2.0000           -0.3871754             -10.5356
       275        2.0000           -0.3790281             -10.3139
       276        2.0000           -0.3709053             -10.0928
       277        1.9999           -0.3491718              -9.5014 (HOMO)
       278        0.0001           -0.3309833              -9.0065 (LUMO)
       279                         -0.3239644              -8.8155
       280                         -0.3224435              -8.7741
       281                         -0.3147097              -8.5637
       282                         -0.3002913              -8.1713
       ...                                ...                  ...
       548                          0.7232524              19.6807
      -------------------------------------------------------------
                  HL-Gap            0.0181884 Eh            0.4949 eV
             Fermi-level           -0.3400779 Eh           -9.2540 eV

 SCC (total)                   0 d,  0 h,  0 min,  3.118 sec
 SCC setup                      ...        0 min,  0.007 sec (  0.227%)
 Dispersion                     ...        0 min,  0.018 sec (  0.587%)
 integral evaluation            ...        0 min,  0.537 sec ( 17.217%)
 zeroth order Hamiltonian       ...        0 min,  0.003 sec (  0.097%)
 iterations                     ...        0 min,  2.106 sec ( 67.561%)
 molecular gradient             ...        0 min,  0.438 sec ( 14.051%)
 printout                       ...        0 min,  0.008 sec (  0.258%)

         :::::::::::::::::::::::::::::::::::::::::::::::::::::
         ::                     SUMMARY                     ::
         :::::::::::::::::::::::::::::::::::::::::::::::::::::
         :: total energy            -301.495151216259 Eh    ::
         :: gradient norm              0.105758271766 Eh/a0 ::
         :: HOMO-LUMO gap              0.494932273138 eV    ::
         ::.................................................::
         :: SCC energy              -305.887331610432 Eh    ::
         :: -> isotropic ES            0.215497503323 Eh    ::
         :: -> anisotropic ES          0.025236662177 Eh    ::
         :: -> anisotropic XC          0.141754668726 Eh    ::
         :: -> dispersion             -0.279558932991 Eh    ::
         :: repulsion energy           4.389955762654 Eh    ::
         :: add. restraining           0.000000000000 Eh    ::
         :::::::::::::::::::::::::::::::::::::::::::::::::::::

           -------------------------------------------------
          |                Property Printout                |
           -------------------------------------------------

    * Orbital Energies and Occupations

         #    Occupation            Energy/Eh            Energy/eV
      -------------------------------------------------------------
         1        2.0000           -0.7629253             -20.7603
       ...           ...                  ...                  ...
       265        2.0000           -0.4053747             -11.0308
       266        2.0000           -0.4045258             -11.0077
       267        2.0000           -0.4035608             -10.9814
       268        2.0000           -0.4023622             -10.9488
       269        2.0000           -0.4014590             -10.9243
       270        2.0000           -0.3990905             -10.8598
       271        2.0000           -0.3968302             -10.7983
       272        2.0000           -0.3944591             -10.7338
       273        2.0000           -0.3925624             -10.6822
       274        2.0000           -0.3871754             -10.5356
       275        2.0000           -0.3790281             -10.3139
       276        2.0000           -0.3709053             -10.0928
       277        1.9999           -0.3491718              -9.5014 (HOMO)
       278        0.0001           -0.3309833              -9.0065 (LUMO)
       279                         -0.3239644              -8.8155
       280                         -0.3224435              -8.7741
       281                         -0.3147097              -8.5637
       282                         -0.3002913              -8.1713
       283                         -0.2966419              -8.0720
       284                         -0.2895451              -7.8789
       285                         -0.2792168              -7.5979
       286                         -0.2728614              -7.4249
       287                         -0.2589588              -7.0466
       288                         -0.2521572              -6.8615
       ...                                ...                  ...
       548                          0.7232524              19.6807
      -------------------------------------------------------------
                  HL-Gap            0.0181884 Eh            0.4949 eV
             Fermi-level           -0.3400779 Eh           -9.2540 eV

     #   Z        covCN         q      C6AA      α(0)
     1   6 C      3.031     0.000    27.993     8.678
     2   6 C      3.020     0.001    27.975     8.676
     3   6 C      2.901    -0.036    28.903     8.815
     4   6 C      3.017     0.005    27.889     8.663
     5   6 C      3.041     0.007    27.819     8.651
     6   6 C      2.902    -0.036    28.903     8.815
     7   6 C      2.981    -0.003    28.083     8.693
     8   6 C      4.678     0.028    20.022     6.355
     9   6 C      3.995     0.015    20.255     6.394
    10  16 S      2.102     0.063   138.503    19.808
    11   6 C      2.942    -0.007    28.195     8.709
    12   6 C      4.074    -0.011    20.696     6.462
    13   6 C      3.046     0.013    27.688     8.630
    14   6 C      3.187    -0.007    27.724     8.591
    15   6 C      3.928     0.012    20.307     6.404
    16  16 S      2.228     0.007   140.774    19.969
    17   6 C      2.983     0.019    27.587     8.616
    18   6 C      3.046    -0.048    29.135     8.853
    19   6 C      2.991    -0.006    28.171     8.707
    20   6 C      2.963     0.006    27.887     8.662
    21   6 C      3.415    -0.018    24.160     7.544
    22   6 C      2.964     0.010    27.793     8.647
    23   6 C      2.967     0.011    27.769     8.644
    24   6 C      2.970     0.005    27.907     8.665
    25   6 C      3.306     0.071    24.626     7.933
    26   6 C      3.306     0.075    24.534     7.917
    27   6 C      2.951    -0.006    28.170     8.705
    28   6 C      2.912    -0.033    28.828     8.804
    29   6 C      2.910    -0.051    29.278     8.873
    30   6 C      3.326     0.074    24.205     7.817
    31   6 C      3.322     0.082    24.135     7.816
    32   6 C      2.951     0.008    27.841     8.654
    33   6 C      2.917    -0.032    28.787     8.798
    34   6 C      2.913    -0.039    28.978     8.827
    35   7 N      1.852    -0.264    27.712     7.802
    36  16 S      2.628     0.282   130.068    19.195
    37   7 N      1.844    -0.263    27.681     7.797
    38   7 N      1.849    -0.256    27.511     7.774
    39  16 S      2.660     0.335   128.136    19.052
    40   7 N      1.844    -0.248    27.317     7.746
    41   6 C      2.896    -0.010    28.270     8.718
    42   6 C      2.996    -0.026    28.644     8.779
    43   6 C      2.898    -0.008    28.217     8.710
    44   6 C      2.990    -0.022    28.544     8.764
    45   6 C      2.995     0.022    27.495     8.601
    46   6 C      3.084     0.003    27.873     8.655
    47   6 C      2.997    -0.012    28.294     8.725
    48   6 C      2.869     0.223    23.308     7.914
    49   6 C      3.002     0.012    27.727     8.638
    50   6 C      3.078     0.004    27.848     8.652
    51   6 C      2.999    -0.011    28.275     8.723
    52   6 C      2.859     0.233    23.126     7.882
    53   6 C      2.908    -0.024    28.591     8.768
    54   6 C      2.912    -0.012    28.311     8.725
    55   6 C      2.967    -0.027    28.672     8.783
    56   6 C      2.986     0.009    27.805     8.650
    57   6 C      2.968    -0.019    28.468     8.752
    58   6 C      2.913    -0.013    28.348     8.731
    59   6 C      2.906    -0.014    28.354     8.731
    60   6 C      2.762     0.269    22.456     7.761
    61   7 N      2.732    -0.110    23.393     7.183
    62   6 C      2.760     0.270    22.432     7.756
    63   6 C      3.750     0.003    20.589     6.471
    64   6 C      3.846    -0.009    20.700     6.472
    65   6 C      3.748    -0.098    22.444     6.757
    66   6 C      3.750    -0.105    22.576     6.776
    67   6 C      2.907    -0.012    28.324     8.727
    68   6 C      2.912    -0.012    28.318     8.726
    69   6 C      2.968    -0.018    28.444     8.748
    70   6 C      2.986     0.010    27.796     8.648
    71   6 C      2.967    -0.025    28.614     8.774
    72   6 C      2.912    -0.011    28.301     8.723
    73   6 C      2.907    -0.029    28.720     8.788
    74   6 C      2.761     0.271    22.423     7.755
    75   7 N      2.733    -0.108    23.358     7.178
    76   6 C      2.761     0.270    22.438     7.757
    77   6 C      3.750     0.001    20.625     6.477
    78   6 C      3.846    -0.008    20.687     6.470
    79   6 C      3.748    -0.098    22.444     6.757
    80   6 C      3.750    -0.106    22.588     6.778
    81   6 C      4.157    -0.017    20.793     6.476
    82   6 C      4.070    -0.013    20.724     6.466
    83   6 C      2.954     0.001    28.013     8.681
    84   6 C      2.897    -0.043    29.066     8.839
    85   6 C      2.904    -0.047    29.156     8.854
    86   6 C      2.913    -0.035    28.861     8.809
    87   6 C      2.914    -0.036    28.908     8.817
    88   6 C      2.959     0.014    27.706     8.634
    89   6 C      2.914    -0.036    28.901     8.816
    90   6 C      2.912    -0.036    28.893     8.814
    91   6 C      2.912    -0.037    28.917     8.818
    92   6 C      2.914    -0.037    28.932     8.820
    93   6 C      2.958     0.012    27.744     8.640
    94   6 C      2.914    -0.037    28.917     8.818
    95   6 C      2.912    -0.035    28.876     8.812
    96   6 C      2.912    -0.036    28.900     8.815
    97   6 C      2.914    -0.037    28.920     8.818
    98   6 C      2.958     0.012    27.752     8.641
    99   6 C      2.914    -0.037    28.925     8.819
   100   6 C      2.912    -0.035    28.883     8.813
   101   8 O      0.858    -0.405    21.783     6.258
   102   8 O      0.858    -0.399    21.666     6.241
   103   8 O      0.856    -0.358    20.865     6.124
   104   8 O      0.856    -0.344    20.588     6.083
   105   8 O      0.858    -0.398    21.640     6.237
   106   8 O      0.858    -0.396    21.610     6.233
   107   6 C      3.800    -0.055    21.559     6.611
   108   6 C      3.801    -0.051    21.496     6.601
   109   6 C      3.746    -0.094    22.357     6.745
   110   6 C      3.745    -0.099    22.471     6.762
   111   6 C      3.800    -0.054    21.551     6.610
   112   6 C      3.745    -0.093    22.351     6.744
   113   6 C      3.800    -0.054    21.548     6.609
   114   6 C      3.745    -0.093    22.355     6.745
   115   1 H      0.924     0.048     2.349     2.397
   116   1 H      0.924     0.046     2.373     2.409
   117   1 H      0.924     0.049     2.339     2.391
   118   1 H      0.925     0.041     2.436     2.441
   119   1 H      0.924     0.041     2.434     2.440
   120   1 H      0.925     0.032     2.561     2.503
   121   1 H      0.924     0.043     2.408     2.427
   122   1 H      0.925     0.043     2.407     2.426
   123   1 H      0.924     0.068     2.106     2.269
   124   1 H      0.924     0.052     2.300     2.372
   125   1 H      0.925     0.041     2.437     2.441
   126   1 H      0.924     0.064     2.147     2.292
   127   1 H      0.924     0.071     2.074     2.252
   128   1 H      0.924     0.061     2.187     2.313
   129   1 H      0.923     0.060     2.198     2.318
   130   1 H      0.924     0.071     2.080     2.255
   131   1 H      0.923     0.046     2.374     2.410
   132   1 H      0.923     0.046     2.369     2.407
   133   1 H      0.923     0.025     2.655     2.548
   134   1 H      0.923     0.034     2.534     2.489
   135   1 H      0.923     0.037     2.487     2.466
   136   1 H      0.923     0.039     2.456     2.451
   137   1 H      0.923     0.036     2.508     2.477
   138   1 H      0.924     0.063     2.166     2.302
   139   1 H      0.924     0.073     2.050     2.239
   140   1 H      0.924     0.070     2.088     2.260
   141   1 H      0.924     0.045     2.390     2.417
   142   1 H      0.924     0.063     2.160     2.298
   143   1 H      0.924     0.073     2.055     2.242
   144   1 H      0.923     0.042     2.421     2.433
   145   1 H      0.923     0.048     2.346     2.395
   146   1 H      0.923     0.023     2.691     2.565
   147   1 H      0.923     0.035     2.515     2.480
   148   1 H      0.923     0.039     2.467     2.456
   149   1 H      0.923     0.040     2.444     2.445
   150   1 H      0.923     0.037     2.493     2.469
   151   1 H      0.923     0.028     2.617     2.530
   152   1 H      0.924     0.032     2.555     2.500
   153   1 H      0.924     0.043     2.414     2.430
   154   1 H      0.924     0.040     2.448     2.447
   155   1 H      0.924     0.035     2.512     2.479
   156   1 H      0.924     0.035     2.515     2.480
   157   1 H      0.924     0.033     2.545     2.495
   158   1 H      0.924     0.028     2.620     2.531
   159   1 H      0.924     0.029     2.607     2.525
   160   1 H      0.924     0.031     2.574     2.509
   161   1 H      0.924     0.032     2.553     2.499
   162   1 H      0.924     0.031     2.571     2.507
   163   1 H      0.924     0.026     2.648     2.545
   164   1 H      0.924     0.030     2.580     2.512
   165   1 H      0.924     0.031     2.567     2.506
   166   1 H      0.924     0.032     2.564     2.504
   167   1 H      0.923     0.036     2.505     2.475
   168   1 H      0.923     0.038     2.481     2.463
   169   1 H      0.922     0.042     2.416     2.431
   170   1 H      0.922     0.041     2.440     2.443
   171   1 H      0.923     0.034     2.534     2.489
   172   1 H      0.923     0.037     2.489     2.467
   173   1 H      0.923     0.035     2.517     2.481
   174   1 H      0.923     0.039     2.461     2.453
   175   1 H      0.923     0.040     2.444     2.445
   176   1 H      0.923     0.039     2.459     2.452
   177   1 H      0.923     0.035     2.520     2.482
   178   1 H      0.923     0.037     2.486     2.466
   179   1 H      0.923     0.033     2.548     2.496
   180   1 H      0.923     0.036     2.498     2.472
   181   1 H      0.923     0.035     2.521     2.483
   182   1 H      0.923     0.036     2.507     2.476
   183   1 H      0.923     0.035     2.522     2.484
   184   1 H      0.923     0.035     2.517     2.481
   185   1 H      0.923     0.036     2.508     2.477
   186   1 H      0.923     0.034     2.527     2.486

 Mol. C6AA /au·bohr⁶  :     514238.711263
 Mol. C8AA /au·bohr⁸  :   13491890.307377
 Mol. α(0) /au        :       1134.756465


Wiberg/Mayer (AO) data.
largest (>0.10) Wiberg bond orders for each atom
          total WBO             WBO to atom ...
     1  C   3.955        C    6 1.313    C    2 1.259    C    7 1.193
     2  C   3.947        C    3 1.472    C    1 1.259    C    9 0.981
     3  C   3.973        C    2 1.472    C    4 1.339    H  115 0.961
     4  C   3.920        C    3 1.339    C    5 1.267    C   13 1.154
     5  C   3.963        C    6 1.495    C    4 1.267    C   15 0.962
     6  C   3.955        C    5 1.495    C    1 1.313    H  116 0.962
     7  C   3.810        S   10 1.259    C    1 1.193    C    8 1.049    C   11 0.104
     8  C   3.948        C    7 1.049    C   82 0.940    C    9 0.922    C   81 0.826
     9  C   3.968        C   20 0.984    C    2 0.981    C    8 0.922    C   21 0.900
    10  S   2.759        C    7 1.259    C   11 1.187
    11  C   3.864        C   19 1.326    S   10 1.187    C   12 1.024    C    7 0.104
    12  C   3.982        C   11 1.024    C   81 0.964    H  117 0.951    C   82 0.904
    13  C   3.908        C   14 1.390    S   16 1.169    C    4 1.154
    14  C   3.949        C   13 1.390    C   18 1.360    C   15 0.967
    15  C   3.984        C   14 0.967    C    5 0.962    C   22 0.960    C   23 0.955
    16  S   2.609        C   13 1.169    C   17 1.126
    17  C   3.916        C   18 1.438    C   24 1.168    S   16 1.126
    18  C   3.944        C   17 1.438    C   14 1.360    H  118 0.958
    19  C   3.955        C   11 1.326    C   29 1.309    C   25 1.133
    20  C   3.980        C   90 1.411    C   86 1.393    C    9 0.984    C   88 0.105
    21  C   3.884        C   85 1.721    C   81 0.972    C    9 0.900
    22  C   3.981        C   91 1.418    C   95 1.395    C   15 0.960    C   93 0.106
    23  C   3.980        C   96 1.410    C  100 1.402    C   15 0.955    C   98 0.106
    24  C   3.944        C   34 1.413    C   30 1.171    C   17 1.168
    25  C   3.966        N   35 1.459    C   26 1.155    C   19 1.133    S   36 0.111
    26  C   3.969        N   37 1.423    C   27 1.174    C   25 1.155
    27  C   3.887        C   28 1.371    C   41 1.175    C   26 1.174
    28  C   3.972        C   29 1.446    C   27 1.371    H  119 0.967
    29  C   3.938        C   28 1.446    C   19 1.309    H  120 0.961
    30  C   3.970        N   38 1.427    C   24 1.171    C   31 1.158
    31  C   3.968        N   40 1.425    C   32 1.175    C   30 1.158
    32  C   3.932        C   33 1.422    C   31 1.175    C   43 1.155
    33  C   3.966        C   32 1.422    C   34 1.382    H  121 0.967
    34  C   3.967        C   24 1.413    C   33 1.382    H  122 0.963
    35  N   3.092        C   25 1.459    S   36 1.358    N   37 0.149
    36  S   3.062        N   37 1.375    N   35 1.358    C   25 0.111
    37  N   3.056        C   26 1.423    S   36 1.375    N   35 0.149
    38  N   3.094        C   30 1.427    S   39 1.390    N   40 0.159
    39  S   3.121        N   40 1.402    N   38 1.390
    40  N   3.082        C   31 1.425    S   39 1.402    N   38 0.159
    41  C   3.938        C   42 1.608    C   27 1.175    H  123 0.948
    42  C   3.918        C   41 1.608    C   45 1.110    C   48 1.008
    43  C   3.949        C   44 1.645    C   32 1.155    H  124 0.951
    44  C   3.933        C   43 1.645    C   49 1.094    C   52 0.998
    45  C   3.975        C   53 1.445    C   46 1.202    C   42 1.110
    46  C   3.976        C   56 1.284    C   47 1.256    C   45 1.202
    47  C   3.978        C   59 1.474    C   46 1.256    C   48 0.998
    48  C   3.916        O  103 1.796    C   42 1.008    C   47 0.998
    49  C   3.978        C   73 1.456    C   50 1.211    C   44 1.094
    50  C   3.976        C   70 1.282    C   51 1.253    C   49 1.211
    51  C   3.979        C   67 1.476    C   50 1.253    C   52 0.998
    52  C   3.919        O  104 1.815    C   44 0.998    C   51 0.998
    53  C   3.976        C   45 1.445    C   54 1.368    H  125 0.968
    54  C   3.972        C   55 1.448    C   53 1.368    H  126 0.966
    55  C   3.949        C   54 1.448    C   56 1.239    C   60 1.040
    56  C   3.990        C   46 1.284    C   57 1.251    C   55 1.239
    57  C   3.987        C   58 1.461    C   56 1.251    C   62 1.024
    58  C   3.971        C   57 1.461    C   59 1.357    H  127 0.964
    59  C   3.986        C   47 1.474    C   58 1.357    H  128 0.967
    60  C   3.941        O  101 1.701    N   61 1.105    C   55 1.040
    61  N   3.557        C   62 1.119    C   60 1.105    C   63 0.969    O  102 0.144    O  101 0.137
    62  C   3.946        O  102 1.707    N   61 1.119    C   57 1.024
    63  C   3.954        C   64 0.983    N   61 0.969    H  129 0.966    H  130 0.965
    64  C   3.992        C   65 1.011    C   66 1.007    C   63 0.983    H  131 0.966
    65  C   3.996        C   64 1.011    H  133 0.987    H  134 0.986    H  132 0.985
    66  C   3.995        C   64 1.007    H  137 0.986    H  135 0.986    H  136 0.986
    67  C   3.985        C   51 1.476    C   68 1.355    H  138 0.966
    68  C   3.971        C   69 1.462    C   67 1.355    H  139 0.964
    69  C   3.987        C   68 1.462    C   70 1.252    C   76 1.022
    70  C   3.990        C   50 1.282    C   69 1.252    C   71 1.241
    71  C   3.952        C   72 1.455    C   70 1.241    C   74 1.034
    72  C   3.971        C   71 1.455    C   73 1.362    H  140 0.965
    73  C   3.972        C   49 1.456    C   72 1.362    H  141 0.967
    74  C   3.943        O  105 1.708    N   75 1.106    C   71 1.034
    75  N   3.560        C   76 1.121    C   74 1.106    C   77 0.968    O  106 0.144    O  105 0.139
    76  C   3.947        O  106 1.711    N   75 1.121    C   69 1.022
    77  C   3.952        C   78 0.982    N   75 0.968    H  142 0.966    H  143 0.964
    78  C   3.992        C   79 1.010    C   80 1.007    C   77 0.982    H  144 0.967
    79  C   3.996        C   78 1.010    H  146 0.986    H  147 0.986    H  145 0.985
    80  C   3.995        C   78 1.007    H  148 0.986    H  150 0.986    H  149 0.986
    81  C   3.919        C   21 0.972    H  151 0.964    C   12 0.964    C    8 0.826
    82  C   3.969        C   83 1.012    H  152 0.968    C    8 0.940    C   12 0.904
    83  C   3.976        C   84 1.750    C   82 1.012    C  108 1.012
    84  C   3.972        C   83 1.750    C   85 1.125    H  153 0.961
    85  C   3.956        C   21 1.721    C   84 1.125    H  154 0.942
    86  C   3.988        C   87 1.458    C   20 1.393    H  155 0.966    C   89 0.108
    87  C   3.989        C   86 1.458    C   88 1.400    H  156 0.969    C   90 0.107
    88  C   3.984        C   89 1.416    C   87 1.400    C  107 1.013    C   20 0.105
    89  C   3.989        C   90 1.440    C   88 1.416    H  157 0.968    C   86 0.108
    90  C   3.989        C   89 1.440    C   20 1.411    H  158 0.967    C   87 0.107
    91  C   3.989        C   92 1.438    C   22 1.418    H  159 0.967    C   94 0.108
    92  C   3.990        C   91 1.438    C   93 1.418    H  160 0.969    C   95 0.108
    93  C   3.985        C   92 1.418    C   94 1.399    C  111 1.012    C   22 0.106
    94  C   3.989        C   95 1.458    C   93 1.399    H  161 0.969    C   91 0.108
    95  C   3.988        C   94 1.458    C   22 1.395    H  162 0.967    C   92 0.108
    96  C   3.990        C   97 1.446    C   23 1.410    H  163 0.968    C   99 0.108
    97  C   3.990        C   96 1.446    C   98 1.411    H  164 0.969    C  100 0.108
    98  C   3.984        C   97 1.411    C   99 1.405    C  113 1.012    C   23 0.106
    99  C   3.989        C  100 1.452    C   98 1.405    H  165 0.969    C   96 0.108
   100  C   3.988        C   99 1.452    C   23 1.402    H  166 0.967    C   97 0.108
   101  O   2.015        C   60 1.701    N   61 0.137
   102  O   2.027        C   62 1.707    N   61 0.144
   103  O   2.060        C   48 1.796
   104  O   2.085        C   52 1.815
   105  O   2.026        C   74 1.708    N   75 0.139
   106  O   2.028        C   76 1.711    N   75 0.144
   107  C   3.996        C   88 1.013    C  109 1.002    H  167 0.975    H  168 0.972
   108  C   3.994        C  110 1.020    C   83 1.012    H  170 0.960    H  169 0.955
   109  C   3.995        C  107 1.002    H  171 0.988    H  173 0.988    H  172 0.986
   110  C   3.993        C  108 1.020    H  176 0.986    H  174 0.986    H  175 0.985
   111  C   3.996        C   93 1.012    C  112 1.003    H  177 0.976    H  178 0.970
   112  C   3.995        C  111 1.003    H  179 0.989    H  181 0.987    H  180 0.986
   113  C   3.996        C   98 1.012    C  114 1.004    H  183 0.975    H  182 0.970
   114  C   3.995        C  113 1.004    H  186 0.988    H  184 0.988    H  185 0.986
   115  H   0.996        C    3 0.961
   116  H   0.996        C    6 0.962
   117  H   0.996        C   12 0.951
   118  H   0.998        C   18 0.958
   119  H   0.996        C   28 0.967
   120  H   0.997        C   29 0.961
   121  H   0.996        C   33 0.967
   122  H   0.996        C   34 0.963
   123  H   0.990        C   41 0.948
   124  H   0.994        C   43 0.951
   125  H   0.997        C   53 0.968
   126  H   0.995        C   54 0.966
   127  H   0.994        C   58 0.964
   128  H   0.995        C   59 0.967
   129  H   0.996        C   63 0.966
   130  H   0.995        C   63 0.965
   131  H   0.998        C   64 0.966
   132  H   0.998        C   65 0.985
   133  H   0.999        C   65 0.987
   134  H   0.999        C   65 0.986
   135  H   0.999        C   66 0.986
   136  H   0.998        C   66 0.986
   137  H   0.999        C   66 0.986
   138  H   0.995        C   67 0.966
   139  H   0.994        C   68 0.964
   140  H   0.994        C   72 0.965
   141  H   0.997        C   73 0.967
   142  H   0.995        C   77 0.966
   143  H   0.994        C   77 0.964
   144  H   0.998        C   78 0.967
   145  H   0.998        C   79 0.985
   146  H   0.999        C   79 0.986
   147  H   0.999        C   79 0.986
   148  H   0.999        C   80 0.986
   149  H   0.998        C   80 0.986
   150  H   0.999        C   80 0.986
   151  H   0.999        C   81 0.964
   152  H   0.998        C   82 0.968
   153  H   0.997        C   84 0.961
   154  H   0.997        C   85 0.942
   155  H   0.998        C   86 0.966
   156  H   0.998        C   87 0.969
   157  H   0.998        C   89 0.968
   158  H   0.999        C   90 0.967
   159  H   0.999        C   91 0.967
   160  H   0.998        C   92 0.969
   161  H   0.998        C   94 0.969
   162  H   0.999        C   95 0.967
   163  H   0.999        C   96 0.968
   164  H   0.999        C   97 0.969
   165  H   0.998        C   99 0.969
   166  H   0.999        C  100 0.967
   167  H   0.998        C  107 0.975
   168  H   0.998        C  107 0.972
   169  H   0.997        C  108 0.955
   170  H   0.998        C  108 0.960
   171  H   0.999        C  109 0.988
   172  H   0.998        C  109 0.986
   173  H   0.999        C  109 0.988
   174  H   0.998        C  110 0.986
   175  H   0.998        C  110 0.985
   176  H   0.998        C  110 0.986
   177  H   0.998        C  111 0.976
   178  H   0.998        C  111 0.970
   179  H   0.999        C  112 0.989
   180  H   0.998        C  112 0.986
   181  H   0.999        C  112 0.987
   182  H   0.998        C  113 0.970
   183  H   0.998        C  113 0.975
   184  H   0.999        C  114 0.988
   185  H   0.998        C  114 0.986
   186  H   0.999        C  114 0.988

molecular dipole:
                 x           y           z       tot (Debye)
 q only:       -0.680      -1.819      -1.974
   full:       -0.751      -1.565      -1.770       6.301
molecular quadrupole (traceless):
                xx          xy          yy          xz          yz          zz
 q only:       -1.569    -196.500     -94.558     -40.517      -7.491      96.127
  q+dip:       11.002    -199.266    -108.915     -39.298      -6.652      97.913
   full:       15.756    -203.367    -120.498     -43.481      -5.739     104.742


           -------------------------------------------------
          | TOTAL ENERGY             -301.495151216259 Eh   |
          | GRADIENT NORM               0.105758271766 Eh/α |
          | HOMO-LUMO GAP               0.494932273138 eV   |
           -------------------------------------------------

------------------------------------------------------------------------
 * finished run on 2020/11/20 at 13:45:42.073     
------------------------------------------------------------------------
 total:
 * wall-time:     0 d,  0 h,  0 min,  3.699 sec
 *  cpu-time:     0 d,  0 h,  0 min,  3.687 sec
 * ratio c/w:     0.997 speedup
 SCF:
 * wall-time:     0 d,  0 h,  0 min,  3.120 sec
 *  cpu-time:     0 d,  0 h,  0 min,  3.119 sec
 * ratio c/w:     1.000 speedup

