      -----------------------------------------------------------      
     |                   =====================                   |     
     |                           x T B                           |     
     |                   =====================                   |     
     |                         S. Grimme                         |     
     |          Mulliken Center for Theoretical Chemistry        |     
     |                    University of Bonn                     |     
     |                Version 6.2 RC2 (SAW190805)                |     
      -----------------------------------------------------------      

   This program is distributed in the hope that it will be useful,
   but WITHOUT ANY WARRANTY; without even the implied warranty of
   MERCHANTABILITY or FITNESS FOR A PARTICULAR PURPOSE.
   
   FOR NON-COMMERCIAL, ACADEMIA USE ONLY.
   
   Cite this work as:
   * S. Grimme, C. Bannwarth, P. Shushkov, J. Chem. Theory Comput., 2017,
     13, 1989-2009. DOI: 10.1021/acs.jctc.7b00118
   * C. Bannwarth, S. Ehlert and S. Grimme., J. Chem. Theory Comput., 2019,
     15, 1652-1671. DOI: 10.1021/acs.jctc.8b01176
   * P. Pracht, E. Caldeweyher, S. Ehlert, S. Grimme, ChemRxiv, 2019, preprint.
     DOI: 10.26434/chemrxiv.8326202.v1
   
   for DFT-D4:
   * E. Caldeweyher, C. Bannwarth and S. Grimme, J. Chem. Phys., 2017,
     147, 034112. DOI: 10.1063/1.4993215
   * E. Caldeweyher, S. Ehlert, A. Hansen, H. Neugebauer, S. Spicher,
     C. Bannwarth and S. Grimme, J. Chem. Phys., 2019, 150, 154122.
     DOI: 10.1063/1.5090222
   
   for sTDA-xTB:
   * S. Grimme and C. Bannwarth, J. Chem. Phys., 2016, 145, 054103.
     DOI: 10.1063/1.4959605
   
   in the mass-spec context:
   * V. Asgeirsson, C. Bauer and S. Grimme, Chem. Sci., 2017, 8, 4879.
     DOI: 10.1039/c7sc00601b
   
   for metadynamics refer to:
   * S. Grimme, J. Chem. Theory Comput., 2019, 155, 2847-2862
     DOI: 10.1021/acs.jctc.9b00143
   
   with help from (in alphabetical order)
   C. Bannwarth, F. Bohle, G. Brandenburg, E. Caldeweyher, M. Checinski,
   S. Dohm, S. Ehlert, S. Ehrlich, F. März, H. Neugebauer, J. Pisarek,
   P. Pracht, P. Shushkov, and S. Spicher.
   
 * started run on 2020/11/20 at 13:45:44.296     

           -------------------------------------------------
          |                Calculation Setup                |
           -------------------------------------------------

          program call               : /ihome/ghutchison/geoffh/xtb/xtb NITV.xyz -sp
          hostname                   : smp-n106
          coordinate file            : NITV.xyz
          omp threads                :                     1
          number of atoms            :                   116
          number of electrons        :                   332
          charge                     :                     0
          spin                       :                   0.0
          first test random number   :      0.18048986855039


########################################################################
# WARNING! Please study the warnings concerning your input carefully
#  - XTBPATH is not set, using XTBHOME instead
#  - the use of '-sp' is discouraged, please use '--sp' next time
########################################################################

           ------------------------------------------------- 
          |                 G F N 2 - x T B                 |
          | Geometry, Frequencies, Noncovalent interactions |
          |            JCTC 2019 parametrisation            |
           ------------------------------------------------- 
             KAB for C  - Si     :                1.0500
             KAB for H  - Pd     :                0.9500
             k(s)              :                1.8500
             k(p)              :                2.2300
             k(d)              :                2.2300
             k(f)              :                2.0000
             kEN (H0ij)        :               -2.0000
             D4 a1             :                0.5200
             D4 a2             :                5.0000
             D4 s6             :                1.0000
             D4 s8             :                2.7000
             D4 s9             :                5.0000
             alphaj            :                2.0000

  Z AO/shell   Hii/eV     exponent
  1     Wed Apr 25 08:07:45 CEST 2018   EN: 2.200 GM2: 0.406  GM3: 0.0800  RAES: 1.40
     1s    -10.707211    1.230000
  6     Wed Apr 25 08:07:45 CEST 2018   EN: 2.550 GM2: 0.538  GM3: 0.1500  RAES: 3.00
     2s    -13.970922    2.096432
     2p    -10.063292    1.800000
  7     Wed Apr 25 08:07:45 CEST 2018   EN: 3.040 GM2: 0.461  GM3:-0.0640  RAES: 1.90
     2s    -16.686243    2.339881
     2p    -12.523956    2.014332
  8     Wed Apr 25 08:07:45 CEST 2018   EN: 3.440 GM2: 0.452  GM3:-0.0517  RAES: 1.80
     2s    -20.229985    2.439742
     2p    -15.503117    2.137023
 16     Tue Apr 24 11:44:34 CEST 2018   EN: 2.580 GM2: 0.340  GM3:-0.0502  RAES: 3.10
     3s    -20.029654    1.981333
     3p    -11.377694    2.025643
     3d     -0.420282    1.702555

           ------------------------------------------------- 
          |        Self-Consistent Charge Iterations        |
           ------------------------------------------------- 

          ...................................................
          :                      SETUP                      :
          :.................................................:
          :  # basis functions                 326          :
          :  # atomic orbitals                 324          :
          :  # shells                          184          :
          :  # electrons                       332          :
          :  max. iterations                   250          :
          :  Hamiltonian                  GFN2-xTB          :
          :  restarted?                      false          :
          :  GBSA solvation                  false          :
          :  PC potential                    false          :
          :  electronic temp.          300.0000000     K    :
          :  accuracy                    1.0000000          :
          :  -> integral cutoff          0.2500000E+02      :
          :  -> integral neglect         0.1000000E-07      :
          :  -> SCF convergence          0.1000000E-05 Eh   :
          :  -> wf. convergence          0.1000000E-03 e    :
          :  Broyden damping             0.4000000          :
          ...................................................

 iter      E             dE          RMSdq      gap      omega  full diag
   1   -184.5810818 -0.184581E+03  0.452E+00    1.22       0.0  T
   2   -184.8084026 -0.227321E+00  0.248E+00    1.27       1.0  T
   3   -184.7952977  0.131049E-01  0.127E+00    1.19       1.0  T
   4   -184.8218188 -0.265211E-01  0.404E-01    1.26       1.0  T
   5   -184.8372723 -0.154535E-01  0.191E-01    1.21       1.0  T
   6   -184.8406589 -0.338651E-02  0.732E-02    1.24       1.0  T
   7   -184.8408799 -0.221051E-03  0.351E-02    1.23       1.0  T
   8   -184.8409790 -0.990605E-04  0.141E-02    1.23       1.0  T
   9   -184.8409871 -0.811771E-05  0.616E-03    1.23       1.5  T
  10   -184.8409882 -0.113801E-05  0.315E-03    1.23       2.9  T
  11   -184.8409888 -0.602625E-06  0.124E-03    1.23       7.5  T
  12   -184.8409889 -0.363580E-07  0.734E-04    1.23      12.6  T
  13   -184.8409889 -0.253784E-07  0.305E-04    1.23      30.4  T

   *** convergence criteria satisfied after 13 iterations ***

         #    Occupation            Energy/Eh            Energy/eV
      -------------------------------------------------------------
         1        2.0000           -0.7475088             -20.3407
       ...           ...                  ...                  ...
       160        2.0000           -0.4107174             -11.1762
       161        2.0000           -0.4099583             -11.1555
       162        2.0000           -0.4059549             -11.0466
       163        2.0000           -0.4029503             -10.9648
       164        2.0000           -0.4016214             -10.9287
       165        2.0000           -0.3975535             -10.8180
       166        2.0000           -0.3743300             -10.1860 (HOMO)
       167                         -0.3289788              -8.9520 (LUMO)
       168                         -0.3274045              -8.9091
       169                         -0.3247476              -8.8368
       170                         -0.3099070              -8.4330
       171                         -0.2787031              -7.5839
       ...                                ...                  ...
       324                          0.7186884              19.5565
      -------------------------------------------------------------
                  HL-Gap            0.0453512 Eh            1.2341 eV
             Fermi-level           -0.3517415 Eh           -9.5714 eV

 SCC (total)                   0 d,  0 h,  0 min,  0.662 sec
 SCC setup                      ...        0 min,  0.003 sec (  0.427%)
 Dispersion                     ...        0 min,  0.008 sec (  1.156%)
 integral evaluation            ...        0 min,  0.200 sec ( 30.131%)
 zeroth order Hamiltonian       ...        0 min,  0.001 sec (  0.202%)
 iterations                     ...        0 min,  0.267 sec ( 40.285%)
 molecular gradient             ...        0 min,  0.181 sec ( 27.395%)
 printout                       ...        0 min,  0.003 sec (  0.389%)

         :::::::::::::::::::::::::::::::::::::::::::::::::::::
         ::                     SUMMARY                     ::
         :::::::::::::::::::::::::::::::::::::::::::::::::::::
         :: total energy            -182.274691761214 Eh    ::
         :: gradient norm              0.073153096767 Eh/a0 ::
         :: HOMO-LUMO gap              1.234068208712 eV    ::
         ::.................................................::
         :: SCC energy              -184.840988885925 Eh    ::
         :: -> isotropic ES            0.177587811587 Eh    ::
         :: -> anisotropic ES          0.012175614796 Eh    ::
         :: -> anisotropic XC          0.072138594222 Eh    ::
         :: -> dispersion             -0.150758348775 Eh    ::
         :: repulsion energy           2.567483101109 Eh    ::
         :: add. restraining           0.000000000000 Eh    ::
         :::::::::::::::::::::::::::::::::::::::::::::::::::::

           -------------------------------------------------
          |                Property Printout                |
           -------------------------------------------------

    * Orbital Energies and Occupations

         #    Occupation            Energy/Eh            Energy/eV
      -------------------------------------------------------------
         1        2.0000           -0.7475088             -20.3407
       ...           ...                  ...                  ...
       154        2.0000           -0.4172372             -11.3536
       155        2.0000           -0.4164997             -11.3335
       156        2.0000           -0.4153084             -11.3011
       157        2.0000           -0.4132635             -11.2455
       158        2.0000           -0.4118073             -11.2058
       159        2.0000           -0.4110453             -11.1851
       160        2.0000           -0.4107174             -11.1762
       161        2.0000           -0.4099583             -11.1555
       162        2.0000           -0.4059549             -11.0466
       163        2.0000           -0.4029503             -10.9648
       164        2.0000           -0.4016214             -10.9287
       165        2.0000           -0.3975535             -10.8180
       166        2.0000           -0.3743300             -10.1860 (HOMO)
       167                         -0.3289788              -8.9520 (LUMO)
       168                         -0.3274045              -8.9091
       169                         -0.3247476              -8.8368
       170                         -0.3099070              -8.4330
       171                         -0.2787031              -7.5839
       172                         -0.2619528              -7.1281
       173                         -0.2593912              -7.0584
       174                         -0.2580626              -7.0222
       175                         -0.2505495              -6.8178
       176                         -0.2483401              -6.7577
       177                         -0.2448573              -6.6629
       ...                                ...                  ...
       324                          0.7186884              19.5565
      -------------------------------------------------------------
                  HL-Gap            0.0453512 Eh            1.2341 eV
             Fermi-level           -0.3517415 Eh           -9.5714 eV

     #   Z        covCN         q      C6AA      α(0)
     1   6 C      2.963     0.026    27.418     8.589
     2   6 C      2.962     0.023    27.498     8.601
     3   6 C      2.911    -0.021    28.521     8.757
     4   6 C      2.993    -0.031    28.755     8.796
     5   6 C      2.905    -0.015    28.374     8.734
     6   6 C      2.994    -0.032    28.781     8.800
     7   6 C      2.990     0.016    27.637     8.624
     8   6 C      3.085     0.002    27.873     8.655
     9   6 C      2.996    -0.012    28.303     8.727
    10   6 C      2.874     0.222    23.333     7.918
    11   6 C      3.002     0.011    27.756     8.642
    12   6 C      3.085     0.002    27.887     8.657
    13   6 C      3.003    -0.012    28.306     8.727
    14   6 C      2.868     0.225    23.279     7.909
    15   6 C      2.908    -0.030    28.750     8.792
    16   6 C      2.911    -0.012    28.304     8.724
    17   6 C      2.966    -0.024    28.604     8.773
    18   6 C      2.986     0.010    27.794     8.648
    19   6 C      2.969    -0.017    28.437     8.747
    20   6 C      2.913    -0.012    28.326     8.727
    21   6 C      2.906    -0.012    28.320     8.726
    22   6 C      2.762     0.269    22.452     7.760
    23   7 N      2.732    -0.108    23.359     7.178
    24   6 C      2.760     0.271    22.417     7.753
    25   6 C      3.750     0.002    20.609     6.475
    26   6 C      3.846    -0.008    20.692     6.470
    27   6 C      3.748    -0.099    22.451     6.758
    28   6 C      3.750    -0.106    22.587     6.778
    29   6 C      2.907    -0.012    28.317     8.726
    30   6 C      2.913    -0.013    28.329     8.728
    31   6 C      2.969    -0.017    28.423     8.745
    32   6 C      2.987     0.010    27.794     8.648
    33   6 C      2.967    -0.024    28.609     8.773
    34   6 C      2.911    -0.011    28.293     8.722
    35   6 C      2.908    -0.029    28.718     8.787
    36   6 C      2.758     0.270    22.432     7.756
    37   7 N      2.732    -0.109    23.384     7.182
    38   6 C      2.763     0.270    22.438     7.757
    39   6 C      3.750     0.002    20.608     6.474
    40   6 C      3.847    -0.009    20.709     6.473
    41   6 C      3.748    -0.099    22.459     6.759
    42   6 C      3.750    -0.106    22.584     6.778
    43   8 O      0.858    -0.400    21.676     6.242
    44   8 O      0.858    -0.395    21.575     6.228
    45   8 O      0.856    -0.358    20.853     6.122
    46   8 O      0.862    -0.353    20.754     6.108
    47   8 O      0.858    -0.395    21.585     6.229
    48   8 O      0.858    -0.396    21.609     6.232
    49   6 C      3.090    -0.047    29.064     8.837
    50   6 C      3.095     0.002    27.870     8.652
    51   6 C      2.981     0.026    27.426     8.590
    52  16 S      2.272    -0.034   142.461    20.089
    53   6 C      3.085    -0.051    29.157     8.852
    54   6 C      3.082     0.000    27.934     8.664
    55   6 C      2.988     0.016    27.650     8.626
    56  16 S      2.264     0.027   139.937    19.910
    57   6 C      2.919    -0.038    28.937     8.821
    58   6 C      2.922    -0.035    28.864     8.810
    59   6 C      3.802    -0.062    21.686     6.630
    60   6 C      3.846    -0.003    20.603     6.457
    61   6 C      3.747    -0.101    22.494     6.765
    62   6 C      3.749    -0.104    22.545     6.772
    63   6 C      3.803    -0.063    21.703     6.632
    64   6 C      3.846    -0.002    20.592     6.455
    65   6 C      3.748    -0.102    22.521     6.769
    66   6 C      3.749    -0.104    22.551     6.773
    67   1 H      0.923     0.079     1.986     2.204
    68   1 H      0.924     0.054     2.274     2.358
    69   1 H      0.925     0.056     2.242     2.341
    70   1 H      0.924     0.068     2.108     2.270
    71   1 H      0.924     0.074     2.042     2.234
    72   1 H      0.924     0.064     2.153     2.294
    73   1 H      0.924     0.063     2.167     2.302
    74   1 H      0.924     0.071     2.070     2.250
    75   1 H      0.923     0.044     2.392     2.419
    76   1 H      0.923     0.047     2.354     2.399
    77   1 H      0.923     0.024     2.673     2.557
    78   1 H      0.923     0.035     2.516     2.481
    79   1 H      0.923     0.038     2.477     2.461
    80   1 H      0.923     0.041     2.439     2.442
    81   1 H      0.923     0.037     2.494     2.470
    82   1 H      0.924     0.063     2.164     2.301
    83   1 H      0.924     0.074     2.043     2.235
    84   1 H      0.924     0.070     2.087     2.259
    85   1 H      0.924     0.044     2.391     2.418
    86   1 H      0.924     0.061     2.190     2.314
    87   1 H      0.924     0.073     2.053     2.241
    88   1 H      0.923     0.048     2.346     2.395
    89   1 H      0.923     0.044     2.402     2.424
    90   1 H      0.923     0.026     2.640     2.541
    91   1 H      0.923     0.035     2.512     2.479
    92   1 H      0.923     0.037     2.494     2.470
    93   1 H      0.923     0.041     2.437     2.441
    94   1 H      0.923     0.038     2.478     2.462
    95   1 H      0.924     0.047     2.364     2.404
    96   1 H      0.924     0.041     2.440     2.443
    97   1 H      0.924     0.065     2.137     2.286
    98   1 H      0.924     0.055     2.262     2.352
    99   1 H      0.923     0.044     2.398     2.422
   100   1 H      0.923     0.041     2.437     2.441
   101   1 H      0.922     0.030     2.592     2.518
   102   1 H      0.923     0.033     2.544     2.494
   103   1 H      0.923     0.032     2.554     2.499
   104   1 H      0.923     0.037     2.491     2.468
   105   1 H      0.923     0.037     2.495     2.470
   106   1 H      0.923     0.039     2.465     2.455
   107   1 H      0.923     0.033     2.540     2.493
   108   1 H      0.923     0.045     2.379     2.412
   109   1 H      0.923     0.044     2.395     2.420
   110   1 H      0.922     0.029     2.595     2.519
   111   1 H      0.923     0.040     2.446     2.446
   112   1 H      0.923     0.030     2.594     2.519
   113   1 H      0.923     0.037     2.496     2.471
   114   1 H      0.923     0.039     2.466     2.456
   115   1 H      0.923     0.038     2.473     2.459
   116   1 H      0.923     0.033     2.545     2.495

 Mol. C6AA /au·bohr⁶  :     177419.047015
 Mol. C8AA /au·bohr⁸  :    4522447.273349
 Mol. α(0) /au        :        661.426027


Wiberg/Mayer (AO) data.
largest (>0.10) Wiberg bond orders for each atom
          total WBO             WBO to atom ...
     1  C   3.927        C   49 1.421    C    3 1.226    S   52 1.116
     2  C   3.931        C   53 1.399    C    5 1.240    S   56 1.130
     3  C   3.948        C    4 1.593    C    1 1.226    H   67 0.942
     4  C   3.948        C    3 1.593    C    7 1.108    C   10 1.000
     5  C   3.952        C    6 1.576    C    2 1.240    H   68 0.952
     6  C   3.949        C    5 1.576    C   11 1.100    C   14 1.028
     7  C   3.978        C   15 1.454    C    8 1.199    C    4 1.108
     8  C   3.974        C   18 1.285    C    9 1.256    C    7 1.199
     9  C   3.980        C   21 1.469    C    8 1.256    C   10 1.008
    10  C   3.918        O   45 1.796    C    9 1.008    C    4 1.000
    11  C   3.977        C   35 1.456    C   12 1.206    C    6 1.100
    12  C   3.972        C   32 1.284    C   13 1.254    C   11 1.206
    13  C   3.979        C   29 1.471    C   12 1.254    C   14 1.006
    14  C   3.922        O   46 1.767    C    6 1.028    C   13 1.006
    15  C   3.980        C    7 1.454    C   16 1.358    H   69 0.958
    16  C   3.972        C   17 1.459    C   15 1.358    H   70 0.965
    17  C   3.949        C   16 1.459    C   18 1.237    C   22 1.033
    18  C   3.990        C    8 1.285    C   19 1.253    C   17 1.237
    19  C   3.987        C   20 1.459    C   18 1.253    C   24 1.022
    20  C   3.971        C   19 1.459    C   21 1.360    H   71 0.964
    21  C   3.985        C    9 1.469    C   20 1.360    H   72 0.966
    22  C   3.942        O   43 1.707    N   23 1.110    C   17 1.033
    23  N   3.560        C   24 1.118    C   22 1.110    C   25 0.967    O   44 0.143    O   43 0.139
    24  C   3.946        O   44 1.711    N   23 1.118    C   19 1.022
    25  C   3.952        C   26 0.983    N   23 0.967    H   73 0.966    H   74 0.965
    26  C   3.992        C   27 1.011    C   28 1.006    C   25 0.983    H   75 0.967
    27  C   3.996        C   26 1.011    H   77 0.986    H   78 0.986    H   76 0.985
    28  C   3.995        C   26 1.006    H   81 0.986    H   79 0.986    H   80 0.985
    29  C   3.985        C   13 1.471    C   30 1.358    H   82 0.966
    30  C   3.971        C   31 1.461    C   29 1.358    H   83 0.964
    31  C   3.987        C   30 1.461    C   32 1.252    C   38 1.022
    32  C   3.990        C   12 1.284    C   31 1.252    C   33 1.239
    33  C   3.951        C   34 1.457    C   32 1.239    C   36 1.033
    34  C   3.971        C   33 1.457    C   35 1.360    H   84 0.965
    35  C   3.967        C   11 1.456    C   34 1.360    H   85 0.967
    36  C   3.942        O   47 1.712    N   37 1.102    C   33 1.033
    37  N   3.558        C   38 1.124    C   36 1.102    C   39 0.967    O   48 0.144    O   47 0.139
    38  C   3.947        O   48 1.709    N   37 1.124    C   31 1.022
    39  C   3.952        C   40 0.984    N   37 0.967    H   86 0.965    H   87 0.965
    40  C   3.992        C   41 1.011    C   42 1.006    C   39 0.984    H   88 0.965
    41  C   3.996        C   40 1.011    H   90 0.986    H   91 0.986    H   89 0.985
    42  C   3.995        C   40 1.006    H   92 0.986    H   94 0.986    H   93 0.986
    43  O   2.022        C   22 1.707    N   23 0.139
    44  O   2.031        C   24 1.711    N   23 0.143
    45  O   2.062        C   10 1.796
    46  O   2.099        C   14 1.767
    47  O   2.030        C   36 1.712    N   37 0.139
    48  O   2.027        C   38 1.709    N   37 0.144
    49  C   3.970        C    1 1.421    C   50 1.361    H   95 0.962
    50  C   3.944        C   51 1.387    C   49 1.361    C   63 1.015
    51  C   3.929        C   50 1.387    C   57 1.213    S   52 1.130
    52  S   2.575        C   51 1.130    C    1 1.116
    53  C   3.963        C    2 1.399    C   54 1.377    H   96 0.963
    54  C   3.946        C   53 1.377    C   55 1.375    C   59 1.015
    55  C   3.941        C   54 1.375    C   58 1.206    S   56 1.159
    56  S   2.664        C   55 1.159    C    2 1.130
    57  C   3.955        C   58 1.630    C   51 1.213    H   97 0.941
    58  C   3.951        C   57 1.630    C   55 1.206    H   98 0.949
    59  C   3.993        C   54 1.015    C   60 0.972    H  100 0.968    H   99 0.967
    60  C   3.991        C   61 1.011    C   62 1.008    C   59 0.972    H  101 0.969
    61  C   3.996        C   60 1.011    H  103 0.985    H  104 0.985    H  102 0.985
    62  C   3.994        C   60 1.008    H  105 0.986    H  107 0.986    H  106 0.985
    63  C   3.993        C   50 1.015    C   64 0.971    H  109 0.966    H  108 0.966
    64  C   3.991        C   65 1.011    C   66 1.008    C   63 0.971    H  110 0.969
    65  C   3.996        C   64 1.011    H  112 0.985    H  113 0.985    H  111 0.984
    66  C   3.994        C   64 1.008    H  116 0.986    H  114 0.986    H  115 0.985
    67  H   0.992        C    3 0.942
    68  H   0.996        C    5 0.952
    69  H   0.996        C   15 0.958
    70  H   0.994        C   16 0.965
    71  H   0.993        C   20 0.964
    72  H   0.995        C   21 0.966
    73  H   0.995        C   25 0.966
    74  H   0.994        C   25 0.965
    75  H   0.998        C   26 0.967
    76  H   0.998        C   27 0.985
    77  H   0.999        C   27 0.986
    78  H   0.999        C   27 0.986
    79  H   0.999        C   28 0.986
    80  H   0.998        C   28 0.985
    81  H   0.999        C   28 0.986
    82  H   0.995        C   29 0.966
    83  H   0.993        C   30 0.964
    84  H   0.994        C   34 0.965
    85  H   0.997        C   35 0.967
    86  H   0.996        C   39 0.965
    87  H   0.994        C   39 0.965
    88  H   0.998        C   40 0.965
    89  H   0.998        C   41 0.985
    90  H   0.999        C   41 0.986
    91  H   0.999        C   41 0.986
    92  H   0.999        C   42 0.986
    93  H   0.998        C   42 0.986
    94  H   0.999        C   42 0.986
    95  H   0.997        C   49 0.962
    96  H   0.998        C   53 0.963
    97  H   0.995        C   57 0.941
    98  H   0.996        C   58 0.949
    99  H   0.996        C   59 0.967
   100  H   0.997        C   59 0.968
   101  H   0.999        C   60 0.969
   102  H   0.999        C   61 0.985
   103  H   0.999        C   61 0.985
   104  H   0.998        C   61 0.985
   105  H   0.999        C   62 0.986
   106  H   0.997        C   62 0.985
   107  H   0.999        C   62 0.986
   108  H   0.996        C   63 0.966
   109  H   0.997        C   63 0.966
   110  H   0.999        C   64 0.969
   111  H   0.998        C   65 0.984
   112  H   0.999        C   65 0.985
   113  H   0.998        C   65 0.985
   114  H   0.998        C   66 0.986
   115  H   0.997        C   66 0.985
   116  H   0.999        C   66 0.986

molecular dipole:
                 x           y           z       tot (Debye)
 q only:        0.631       0.371       0.578
   full:        0.657       0.537       0.529       2.541
molecular quadrupole (traceless):
                xx          xy          yy          xz          yz          zz
 q only:       40.633     -13.320     -80.491       5.594       2.321      39.858
  q+dip:       52.335      -5.272     -85.897       4.930       2.411      33.562
   full:       42.812      -5.971     -93.862       5.333       1.590      51.050


           -------------------------------------------------
          | TOTAL ENERGY             -182.274691761214 Eh   |
          | GRADIENT NORM               0.073153096767 Eh/α |
          | HOMO-LUMO GAP               1.234068208712 eV   |
           -------------------------------------------------

------------------------------------------------------------------------
 * finished run on 2020/11/20 at 13:45:45.186     
------------------------------------------------------------------------
 total:
 * wall-time:     0 d,  0 h,  0 min,  0.890 sec
 *  cpu-time:     0 d,  0 h,  0 min,  0.879 sec
 * ratio c/w:     0.988 speedup
 SCF:
 * wall-time:     0 d,  0 h,  0 min,  0.663 sec
 *  cpu-time:     0 d,  0 h,  0 min,  0.663 sec
 * ratio c/w:     0.999 speedup

