      -----------------------------------------------------------      
     |                   =====================                   |     
     |                           x T B                           |     
     |                   =====================                   |     
     |                         S. Grimme                         |     
     |          Mulliken Center for Theoretical Chemistry        |     
     |                    University of Bonn                     |     
     |                Version 6.2 RC2 (SAW190805)                |     
      -----------------------------------------------------------      

   This program is distributed in the hope that it will be useful,
   but WITHOUT ANY WARRANTY; without even the implied warranty of
   MERCHANTABILITY or FITNESS FOR A PARTICULAR PURPOSE.
   
   FOR NON-COMMERCIAL, ACADEMIA USE ONLY.
   
   Cite this work as:
   * S. Grimme, C. Bannwarth, P. Shushkov, J. Chem. Theory Comput., 2017,
     13, 1989-2009. DOI: 10.1021/acs.jctc.7b00118
   * C. Bannwarth, S. Ehlert and S. Grimme., J. Chem. Theory Comput., 2019,
     15, 1652-1671. DOI: 10.1021/acs.jctc.8b01176
   * P. Pracht, E. Caldeweyher, S. Ehlert, S. Grimme, ChemRxiv, 2019, preprint.
     DOI: 10.26434/chemrxiv.8326202.v1
   
   for DFT-D4:
   * E. Caldeweyher, C. Bannwarth and S. Grimme, J. Chem. Phys., 2017,
     147, 034112. DOI: 10.1063/1.4993215
   * E. Caldeweyher, S. Ehlert, A. Hansen, H. Neugebauer, S. Spicher,
     C. Bannwarth and S. Grimme, J. Chem. Phys., 2019, 150, 154122.
     DOI: 10.1063/1.5090222
   
   for sTDA-xTB:
   * S. Grimme and C. Bannwarth, J. Chem. Phys., 2016, 145, 054103.
     DOI: 10.1063/1.4959605
   
   in the mass-spec context:
   * V. Asgeirsson, C. Bauer and S. Grimme, Chem. Sci., 2017, 8, 4879.
     DOI: 10.1039/c7sc00601b
   
   for metadynamics refer to:
   * S. Grimme, J. Chem. Theory Comput., 2019, 155, 2847-2862
     DOI: 10.1021/acs.jctc.9b00143
   
   with help from (in alphabetical order)
   C. Bannwarth, F. Bohle, G. Brandenburg, E. Caldeweyher, M. Checinski,
   S. Dohm, S. Ehlert, S. Ehrlich, F. März, H. Neugebauer, J. Pisarek,
   P. Pracht, P. Shushkov, and S. Spicher.
   
 * started run on 2021/04/12 at 13:53:55.424     

           -------------------------------------------------
          |                Calculation Setup                |
           -------------------------------------------------

          program call               : /ihome/ghutchison/geoffh/xtb/xtb o-IO1.xyz -sp
          hostname                   : smp-n149
          coordinate file            : o-IO1.xyz
          omp threads                :                     1
          number of atoms            :                   137
          number of electrons        :                   416
          charge                     :                     0
          spin                       :                   0.0
          first test random number   :      0.31087463648261


########################################################################
# WARNING! Please study the warnings concerning your input carefully
#  - XTBPATH is not set, using XTBHOME instead
#  - the use of '-sp' is discouraged, please use '--sp' next time
########################################################################

           ------------------------------------------------- 
          |                 G F N 2 - x T B                 |
          | Geometry, Frequencies, Noncovalent interactions |
          |            JCTC 2019 parametrisation            |
           ------------------------------------------------- 
             KAB for C  - Si     :                1.0500
             KAB for H  - Pd     :                0.9500
             k(s)              :                1.8500
             k(p)              :                2.2300
             k(d)              :                2.2300
             k(f)              :                2.0000
             kEN (H0ij)        :               -2.0000
             D4 a1             :                0.5200
             D4 a2             :                5.0000
             D4 s6             :                1.0000
             D4 s8             :                2.7000
             D4 s9             :                5.0000
             alphaj            :                2.0000

  Z AO/shell   Hii/eV     exponent
  1     Wed Apr 25 08:07:45 CEST 2018   EN: 2.200 GM2: 0.406  GM3: 0.0800  RAES: 1.40
     1s    -10.707211    1.230000
  6     Wed Apr 25 08:07:45 CEST 2018   EN: 2.550 GM2: 0.538  GM3: 0.1500  RAES: 3.00
     2s    -13.970922    2.096432
     2p    -10.063292    1.800000
  7     Wed Apr 25 08:07:45 CEST 2018   EN: 3.040 GM2: 0.461  GM3:-0.0640  RAES: 1.90
     2s    -16.686243    2.339881
     2p    -12.523956    2.014332
  8     Wed Apr 25 08:07:45 CEST 2018   EN: 3.440 GM2: 0.452  GM3:-0.0517  RAES: 1.80
     2s    -20.229985    2.439742
     2p    -15.503117    2.137023
  9     Mon Apr 23 13:58:50 CEST 2018   EN: 3.980 GM2: 0.532  GM3: 0.1426  RAES: 2.40
     2s    -23.458179    2.416361
     2p    -15.746583    2.308399
 16     Tue Apr 24 11:44:34 CEST 2018   EN: 2.580 GM2: 0.340  GM3:-0.0502  RAES: 3.10
     3s    -20.029654    1.981333
     3p    -11.377694    2.025643
     3d     -0.420282    1.702555

           ------------------------------------------------- 
          |        Self-Consistent Charge Iterations        |
           ------------------------------------------------- 

          ...................................................
          :                      SETUP                      :
          :.................................................:
          :  # basis functions                 410          :
          :  # atomic orbitals                 406          :
          :  # shells                          224          :
          :  # electrons                       416          :
          :  max. iterations                   250          :
          :  Hamiltonian                  GFN2-xTB          :
          :  restarted?                      false          :
          :  GBSA solvation                  false          :
          :  PC potential                    false          :
          :  electronic temp.          300.0000000     K    :
          :  accuracy                    1.0000000          :
          :  -> integral cutoff          0.2500000E+02      :
          :  -> integral neglect         0.1000000E-07      :
          :  -> SCF convergence          0.1000000E-05 Eh   :
          :  -> wf. convergence          0.1000000E-03 e    :
          :  Broyden damping             0.4000000          :
          ...................................................

 iter      E             dE          RMSdq      gap      omega  full diag
   1   -231.7230704 -0.231723E+03  0.447E+00    1.16       0.0  T
   2   -231.8352386 -0.112168E+00  0.278E+00    1.12       1.0  T
   3   -231.5142473  0.320991E+00  0.202E+00    0.59       1.0  T
   4   -231.9608780 -0.446631E+00  0.694E-01    1.04       1.0  T
   5   -232.0158964 -0.550184E-01  0.264E-01    0.76       1.0  T
   6   -232.0213824 -0.548594E-02  0.132E-01    0.86       1.0  T
   7   -232.0232181 -0.183569E-02  0.643E-02    0.83       1.0  T
   8   -232.0236586 -0.440508E-03  0.263E-02    0.83       1.0  T
   9   -232.0237331 -0.745350E-04  0.122E-02    0.84       1.0  T
  10   -232.0237445 -0.113671E-04  0.602E-03    0.84       1.4  T
  11   -232.0237472 -0.277324E-05  0.284E-03    0.84       3.0  T
  12   -232.0237480 -0.807446E-06  0.110E-03    0.84       7.8  T
  13   -232.0237481 -0.608815E-07  0.619E-04    0.84      13.8  T
  14   -232.0237481 -0.119006E-07  0.271E-04    0.84      31.5  T

   *** convergence criteria satisfied after 14 iterations ***

         #    Occupation            Energy/Eh            Energy/eV
      -------------------------------------------------------------
         1        2.0000           -0.8511003             -23.1596
       ...           ...                  ...                  ...
       202        2.0000           -0.4136807             -11.2568
       203        2.0000           -0.4121723             -11.2158
       204        2.0000           -0.4112700             -11.1912
       205        2.0000           -0.4097113             -11.1488
       206        2.0000           -0.4038691             -10.9898
       207        2.0000           -0.3885028             -10.5717
       208        2.0000           -0.3731510             -10.1540 (HOMO)
       209        0.0000           -0.3423793              -9.3166 (LUMO)
       210                         -0.3382279              -9.2036
       211                         -0.3292103              -8.9583
       212                         -0.3278540              -8.9214
       213                         -0.2985076              -8.1228
       ...                                ...                  ...
       406                          1.0695743              29.1046
      -------------------------------------------------------------
                  HL-Gap            0.0307717 Eh            0.8373 eV
             Fermi-level           -0.3577711 Eh           -9.7354 eV

 SCC (total)                   0 d,  0 h,  0 min,  0.898 sec
 SCC setup                      ...        0 min,  0.004 sec (  0.400%)
 Dispersion                     ...        0 min,  0.008 sec (  0.870%)
 integral evaluation            ...        0 min,  0.268 sec ( 29.849%)
 zeroth order Hamiltonian       ...        0 min,  0.002 sec (  0.192%)
 iterations                     ...        0 min,  0.387 sec ( 43.066%)
 molecular gradient             ...        0 min,  0.227 sec ( 25.233%)
 printout                       ...        0 min,  0.003 sec (  0.384%)

         :::::::::::::::::::::::::::::::::::::::::::::::::::::
         ::                     SUMMARY                     ::
         :::::::::::::::::::::::::::::::::::::::::::::::::::::
         :: total energy            -228.826060050691 Eh    ::
         :: gradient norm              0.111448328481 Eh/a0 ::
         :: HOMO-LUMO gap              0.837340700384 eV    ::
         ::.................................................::
         :: SCC energy              -232.023748117664 Eh    ::
         :: -> isotropic ES            0.145248676603 Eh    ::
         :: -> anisotropic ES          0.022049040813 Eh    ::
         :: -> anisotropic XC          0.125711125355 Eh    ::
         :: -> dispersion             -0.195542767497 Eh    ::
         :: repulsion energy           3.196289103969 Eh    ::
         :: add. restraining           0.000000000000 Eh    ::
         :::::::::::::::::::::::::::::::::::::::::::::::::::::

           -------------------------------------------------
          |                Property Printout                |
           -------------------------------------------------

    * Orbital Energies and Occupations

         #    Occupation            Energy/Eh            Energy/eV
      -------------------------------------------------------------
         1        2.0000           -0.8511003             -23.1596
       ...           ...                  ...                  ...
       196        2.0000           -0.4290107             -11.6740
       197        2.0000           -0.4276457             -11.6368
       198        2.0000           -0.4207471             -11.4491
       199        2.0000           -0.4200700             -11.4307
       200        2.0000           -0.4165461             -11.3348
       201        2.0000           -0.4161048             -11.3228
       202        2.0000           -0.4136807             -11.2568
       203        2.0000           -0.4121723             -11.2158
       204        2.0000           -0.4112700             -11.1912
       205        2.0000           -0.4097113             -11.1488
       206        2.0000           -0.4038691             -10.9898
       207        2.0000           -0.3885028             -10.5717
       208        2.0000           -0.3731510             -10.1540 (HOMO)
       209        0.0000           -0.3423793              -9.3166 (LUMO)
       210                         -0.3382279              -9.2036
       211                         -0.3292103              -8.9583
       212                         -0.3278540              -8.9214
       213                         -0.2985076              -8.1228
       214                         -0.2869401              -7.8080
       215                         -0.2785999              -7.5811
       216                         -0.2686160              -7.3094
       217                         -0.2562486              -6.9729
       218                         -0.2520592              -6.8589
       219                         -0.2489878              -6.7753
       ...                                ...                  ...
       406                          1.0695743              29.1046
      -------------------------------------------------------------
                  HL-Gap            0.0307717 Eh            0.8373 eV
             Fermi-level           -0.3577711 Eh           -9.7354 eV

     #   Z        covCN         q      C6AA      α(0)
     1   6 C      2.858     0.226    23.261     7.905
     2   8 O      0.856    -0.380    21.292     6.186
     3   6 C      3.024    -0.020    28.485     8.755
     4   6 C      2.906    -0.039    28.961     8.824
     5   6 C      2.777     0.159    24.540     8.114
     6   6 C      2.775     0.162    24.491     8.105
     7   6 C      2.908    -0.052    29.285     8.873
     8   6 C      3.012     0.005    27.893     8.663
     9   6 C      3.001     0.029    27.342     8.577
    10   6 C      2.943     0.009    27.828     8.652
    11   6 C      1.916     0.118    28.187     8.574
    12   7 N      0.911    -0.231    26.049     7.382
    13   6 C      1.918     0.119    28.168     8.571
    14   7 N      0.911    -0.228    25.979     7.372
    15   6 C      2.982    -0.038    28.945     8.825
    16   9 F      0.787    -0.184    11.068     3.930
    17   9 F      0.787    -0.182    11.051     3.927
    18   6 C      2.862     0.227    23.249     7.903
    19   8 O      0.856    -0.351    20.722     6.103
    20   6 C      3.022    -0.019    28.461     8.751
    21   6 C      2.906    -0.037    28.929     8.819
    22   6 C      2.776     0.161    24.514     8.109
    23   6 C      2.774     0.162    24.478     8.103
    24   6 C      2.907    -0.051    29.255     8.869
    25   6 C      3.014     0.005    27.887     8.662
    26   6 C      3.001     0.033    27.253     8.563
    27   6 C      2.944     0.008    27.840     8.654
    28   6 C      1.912     0.120    28.142     8.567
    29   7 N      0.911    -0.231    26.050     7.382
    30   6 C      1.912     0.117    28.229     8.581
    31   7 N      0.911    -0.228    25.981     7.372
    32   6 C      2.987    -0.037    28.902     8.819
    33   9 F      0.787    -0.181    11.045     3.926
    34   9 F      0.787    -0.180    11.035     3.924
    35   6 C      2.949    -0.015    28.395     8.740
    36   6 C      2.970     0.028    27.384     8.584
    37   6 C      3.045    -0.077    29.885     8.966
    38   6 C      3.011     0.139    24.949     8.193
    39   6 C      2.989     0.006    27.872     8.660
    40  16 S      2.315    -0.007   141.351    20.010
    41   6 C      3.009     0.018    27.600     8.618
    42  16 S      2.226     0.001   141.032    19.988
    43   6 C      3.048     0.015    27.643     8.623
    44   6 C      3.182    -0.011    27.846     8.613
    45   6 C      3.042    -0.048    29.143     8.854
    46   6 C      3.015     0.001    27.994     8.679
    47   6 C      3.040     0.003    27.925     8.667
    48   6 C      3.923     0.014    20.280     6.400
    49   6 C      2.902    -0.037    28.908     8.816
    50   6 C      3.040     0.001    27.964     8.673
    51   6 C      3.015     0.001    27.989     8.678
    52   6 C      2.901    -0.036    28.901     8.815
    53   6 C      3.924     0.014    20.282     6.400
    54   6 C      3.190    -0.014    27.858     8.609
    55   6 C      3.046     0.016    27.614     8.619
    56   6 C      3.044    -0.049    29.171     8.858
    57   6 C      3.010     0.013    27.696     8.633
    58  16 S      2.249    -0.014   141.614    20.029
    59   6 C      3.006     0.022    27.490     8.601
    60  16 S      2.307     0.012   140.562    19.954
    61   6 C      2.965     0.024    27.459     8.595
    62   6 C      3.088    -0.039    28.859     8.806
    63   6 C      3.095     0.005    27.786     8.639
    64   6 C      2.927    -0.009    28.242     8.715
    65   8 O      1.703    -0.256    18.238     5.766
    66   6 C      3.691     0.071    19.567     6.330
    67   6 C      3.846    -0.020    20.891     6.502
    68   6 C      3.797    -0.055    21.566     6.612
    69   6 C      3.749    -0.110    22.670     6.791
    70   6 C      3.745    -0.098    22.440     6.757
    71   6 C      3.798    -0.050    21.467     6.597
    72   6 C      3.745    -0.096    22.407     6.752
    73   6 C      3.800    -0.047    21.423     6.590
    74   6 C      3.745    -0.099    22.463     6.761
    75   6 C      3.798    -0.049    21.449     6.594
    76   6 C      3.745    -0.095    22.388     6.750
    77   6 C      3.799    -0.047    21.422     6.590
    78   6 C      3.745    -0.099    22.462     6.761
    79   6 C      3.801    -0.062    21.685     6.630
    80   6 C      3.845    -0.010    20.721     6.475
    81   6 C      3.797    -0.053    21.536     6.608
    82   6 C      3.745    -0.099    22.453     6.759
    83   6 C      3.748    -0.103    22.525     6.769
    84   1 H      0.924     0.089     1.884     2.147
    85   1 H      0.925     0.091     1.874     2.141
    86   1 H      0.924     0.094     1.844     2.123
    87   1 H      0.925     0.090     1.883     2.146
    88   1 H      0.924     0.070     2.081     2.256
    89   1 H      0.925     0.102     1.771     2.081
    90   1 H      0.924     0.047     2.356     2.400
    91   1 H      0.924     0.043     2.410     2.428
    92   1 H      0.924     0.044     2.390     2.418
    93   1 H      0.925     0.041     2.439     2.442
    94   1 H      0.925     0.042     2.427     2.436
    95   1 H      0.924     0.083     1.947     2.182
    96   1 H      0.923     0.043     2.407     2.426
    97   1 H      0.923     0.055     2.253     2.347
    98   1 H      0.923     0.043     2.415     2.430
    99   1 H      0.923     0.035     2.515     2.480
   100   1 H      0.922     0.031     2.574     2.509
   101   1 H      0.923     0.034     2.529     2.487
   102   1 H      0.923     0.044     2.397     2.421
   103   1 H      0.923     0.048     2.350     2.397
   104   1 H      0.923     0.033     2.542     2.493
   105   1 H      0.923     0.032     2.554     2.499
   106   1 H      0.923     0.042     2.422     2.434
   107   1 H      0.923     0.041     2.442     2.444
   108   1 H      0.923     0.038     2.471     2.459
   109   1 H      0.923     0.032     2.555     2.500
   110   1 H      0.923     0.039     2.464     2.455
   111   1 H      0.923     0.034     2.531     2.488
   112   1 H      0.923     0.033     2.548     2.496
   113   1 H      0.923     0.039     2.466     2.456
   114   1 H      0.923     0.039     2.466     2.456
   115   1 H      0.923     0.040     2.452     2.449
   116   1 H      0.923     0.038     2.473     2.459
   117   1 H      0.922     0.035     2.516     2.481
   118   1 H      0.923     0.040     2.454     2.450
   119   1 H      0.923     0.033     2.542     2.494
   120   1 H      0.923     0.037     2.488     2.467
   121   1 H      0.923     0.033     2.538     2.491
   122   1 H      0.923     0.037     2.493     2.469
   123   1 H      0.923     0.034     2.533     2.489
   124   1 H      0.923     0.037     2.491     2.468
   125   1 H      0.923     0.039     2.464     2.455
   126   1 H      0.923     0.039     2.463     2.454
   127   1 H      0.923     0.048     2.346     2.395
   128   1 H      0.923     0.046     2.372     2.409
   129   1 H      0.923     0.030     2.590     2.517
   130   1 H      0.923     0.034     2.531     2.488
   131   1 H      0.922     0.026     2.643     2.543
   132   1 H      0.923     0.047     2.355     2.400
   133   1 H      0.923     0.033     2.539     2.492
   134   1 H      0.923     0.025     2.666     2.553
   135   1 H      0.923     0.034     2.535     2.490
   136   1 H      0.923     0.040     2.455     2.450
   137   1 H      0.923     0.032     2.554     2.499

 Mol. C6AA /au·bohr⁶  :     272684.151120
 Mol. C8AA /au·bohr⁸  :    7207800.072419
 Mol. α(0) /au        :        819.515561


Wiberg/Mayer (AO) data.
largest (>0.10) Wiberg bond orders for each atom
          total WBO             WBO to atom ...
     1  C   3.917        O    2 1.740    C   15 1.051    C    3 1.015
     2  O   2.041        C    1 1.740
     3  C   3.975        C    4 1.406    C    8 1.315    C    1 1.015
     4  C   3.976        C    3 1.406    C    5 1.393    H   84 0.960
     5  C   3.880        C    4 1.393    C    6 1.318    F   16 0.992
     6  C   3.887        C    7 1.398    C    5 1.318    F   17 0.994
     7  C   3.970        C    6 1.398    C    8 1.389    H   85 0.953
     8  C   3.980        C    7 1.389    C    3 1.315    C    9 1.073
     9  C   3.964        C   10 1.486    C   15 1.145    C    8 1.073
    10  C   3.937        C    9 1.486    C   11 1.095    C   13 1.093
    11  C   3.941        N   12 2.759    C   10 1.095
    12  N   2.965        C   11 2.759
    13  C   3.941        N   14 2.768    C   10 1.093
    14  N   2.969        C   13 2.768
    15  C   3.948        C   35 1.484    C    9 1.145    C    1 1.051
    16  F   1.133        C    5 0.992
    17  F   1.136        C    6 0.994
    18  C   3.925        O   19 1.788    C   32 1.012    C   20 1.009
    19  O   2.062        C   18 1.788
    20  C   3.974        C   21 1.408    C   25 1.311    C   18 1.009
    21  C   3.977        C   20 1.408    C   22 1.392    H   86 0.959
    22  C   3.881        C   21 1.392    C   23 1.317    F   33 0.994
    23  C   3.888        C   24 1.398    C   22 1.317    F   34 0.996
    24  C   3.972        C   23 1.398    C   25 1.392    H   87 0.955
    25  C   3.982        C   24 1.392    C   20 1.311    C   26 1.069
    26  C   3.971        C   27 1.478    C   32 1.151    C   25 1.069
    27  C   3.959        C   26 1.478    C   28 1.098    C   30 1.096
    28  C   3.943        N   29 2.768    C   27 1.098
    29  N   2.983        C   28 2.768
    30  C   3.942        N   31 2.770    C   27 1.096
    31  N   2.969        C   30 2.770
    32  C   3.961        C   64 1.527    C   26 1.151    C   18 1.012
    33  F   1.136        C   22 0.994
    34  F   1.139        C   23 0.996
    35  C   3.942        C   15 1.484    C   36 1.296    H   88 0.943
    36  C   3.926        C   37 1.376    C   35 1.296    S   40 1.085
    37  C   3.951        C   36 1.376    C   38 1.351    H   89 0.935
    38  C   3.922        C   37 1.351    C   39 1.296    O   65 1.097
    39  C   3.912        C   38 1.296    C   41 1.209    S   40 1.167
    40  S   2.588        C   39 1.167    C   36 1.085
    41  C   3.926        C   45 1.429    C   39 1.209    S   42 1.107
    42  S   2.598        C   43 1.170    C   41 1.107
    43  C   3.905        C   44 1.400    S   42 1.170    C   46 1.140
    44  C   3.957        C   43 1.400    C   45 1.359    C   48 0.984
    45  C   3.953        C   41 1.429    C   44 1.359    H   90 0.960
    46  C   3.956        C   49 1.346    C   47 1.289    C   43 1.140
    47  C   3.964        C   52 1.464    C   46 1.289    C   48 0.985
    48  C   3.987        C   47 0.985    C   44 0.984    C   71 0.968    C   73 0.948
    49  C   3.973        C   50 1.468    C   46 1.346    H   91 0.964
    50  C   3.970        C   49 1.468    C   51 1.290    C   53 0.984
    51  C   3.952        C   52 1.351    C   50 1.290    C   55 1.134
    52  C   3.978        C   47 1.464    C   51 1.351    H   92 0.963
    53  C   3.987        C   54 0.985    C   50 0.984    C   75 0.967    C   77 0.950
    54  C   3.959        C   55 1.428    C   56 1.327    C   53 0.985
    55  C   3.921        C   54 1.428    S   58 1.162    C   51 1.134
    56  C   3.966        C   57 1.472    C   54 1.327    H   93 0.959
    57  C   3.924        C   56 1.472    C   59 1.148    S   58 1.117
    58  S   2.585        C   55 1.162    C   57 1.117
    59  C   3.917        C   63 1.395    S   60 1.171    C   57 1.148
    60  S   2.605        C   59 1.171    C   61 1.109
    61  C   3.938        C   62 1.408    C   64 1.253    S   60 1.109
    62  C   3.977        C   61 1.408    C   63 1.362    H   94 0.959
    63  C   3.969        C   59 1.395    C   62 1.362    C   79 1.015
    64  C   3.945        C   32 1.527    C   61 1.253    H   95 0.950
    65  O   2.267        C   38 1.097    C   66 0.946
    66  C   3.928        C   67 0.986    H   97 0.968    H   96 0.966    O   65 0.946
    67  C   3.990        C   69 1.006    C   68 0.996    C   66 0.986    H   98 0.965
    68  C   3.996        C   70 1.020    C   67 0.996    H  100 0.976    H   99 0.976
    69  C   3.994        C   67 1.006    H  101 0.987    H  102 0.985    H  103 0.985
    70  C   3.995        C   68 1.020    H  104 0.987    H  105 0.987    H  106 0.985
    71  C   3.994        C   72 1.021    H  108 0.974    H  107 0.970    C   48 0.968
    72  C   3.996        C   71 1.021    H  111 0.987    H  109 0.987    H  110 0.986
    73  C   3.992        C   74 1.020    H  112 0.977    H  113 0.974    C   48 0.948
    74  C   3.994        C   73 1.020    H  114 0.985    H  115 0.983    H  116 0.983
    75  C   3.994        C   76 1.021    H  117 0.974    H  118 0.970    C   53 0.967
    76  C   3.996        C   75 1.021    H  119 0.987    H  121 0.986    H  120 0.986
    77  C   3.992        C   78 1.020    H  123 0.977    H  122 0.974    C   53 0.950
    78  C   3.994        C   77 1.020    H  126 0.985    H  125 0.984    H  124 0.983
    79  C   3.993        C   63 1.015    C   80 0.976    H  128 0.968    H  127 0.956
    80  C   3.990        C   83 1.009    C   81 0.997    C   79 0.976    H  129 0.965
    81  C   3.996        C   82 1.020    C   80 0.997    H  131 0.976    H  130 0.976
    82  C   3.995        C   81 1.020    H  133 0.986    H  134 0.983    H  132 0.982
    83  C   3.995        C   80 1.009    H  135 0.987    H  137 0.986    H  136 0.985
    84  H   0.992        C    4 0.960
    85  H   0.991        C    7 0.953
    86  H   0.990        C   21 0.959
    87  H   0.991        C   24 0.955
    88  H   0.994        C   35 0.943
    89  H   0.989        C   37 0.935
    90  H   0.997        C   45 0.960
    91  H   0.997        C   49 0.964
    92  H   0.997        C   52 0.963
    93  H   0.998        C   56 0.959
    94  H   0.997        C   62 0.959
    95  H   0.991        C   64 0.950
    96  H   0.998        C   66 0.966
    97  H   0.996        C   66 0.968
    98  H   0.998        C   67 0.965
    99  H   0.998        C   68 0.976
   100  H   0.999        C   68 0.976
   101  H   0.999        C   69 0.987
   102  H   0.998        C   69 0.985
   103  H   0.997        C   69 0.985
   104  H   0.999        C   70 0.987
   105  H   0.999        C   70 0.987
   106  H   0.998        C   70 0.985
   107  H   0.997        C   71 0.970
   108  H   0.998        C   71 0.974
   109  H   0.999        C   72 0.987
   110  H   0.998        C   72 0.986
   111  H   0.999        C   72 0.987
   112  H   0.999        C   73 0.977
   113  H   0.998        C   73 0.974
   114  H   0.998        C   74 0.985
   115  H   0.997        C   74 0.983
   116  H   0.999        C   74 0.983
   117  H   0.998        C   75 0.974
   118  H   0.997        C   75 0.970
   119  H   0.999        C   76 0.987
   120  H   0.998        C   76 0.986
   121  H   0.999        C   76 0.986
   122  H   0.998        C   77 0.974
   123  H   0.999        C   77 0.977
   124  H   0.999        C   78 0.983
   125  H   0.997        C   78 0.984
   126  H   0.998        C   78 0.985
   127  H   0.995        C   79 0.956
   128  H   0.997        C   79 0.968
   129  H   0.999        C   80 0.965
   130  H   0.999        C   81 0.976
   131  H   0.999        C   81 0.976
   132  H   0.998        C   82 0.982
   133  H   0.999        C   82 0.986
   134  H   0.999        C   82 0.983
   135  H   0.999        C   83 0.987
   136  H   0.998        C   83 0.985
   137  H   0.999        C   83 0.986

molecular dipole:
                 x           y           z       tot (Debye)
 q only:       -0.731       0.598      -2.468
   full:       -0.966       0.518      -3.069       8.282
molecular quadrupole (traceless):
                xx          xy          yy          xz          yz          zz
 q only:     -170.535      -8.311     115.017     111.696       9.388      55.518
  q+dip:     -160.480       8.975     103.583      80.824      -0.920      56.897
   full:     -163.596       2.170     112.473      86.132      -3.869      51.123


           -------------------------------------------------
          | TOTAL ENERGY             -228.826060050691 Eh   |
          | GRADIENT NORM               0.111448328481 Eh/α |
          | HOMO-LUMO GAP               0.837340700384 eV   |
           -------------------------------------------------

------------------------------------------------------------------------
 * finished run on 2021/04/12 at 13:53:56.619     
------------------------------------------------------------------------
 total:
 * wall-time:     0 d,  0 h,  0 min,  1.195 sec
 *  cpu-time:     0 d,  0 h,  0 min,  1.183 sec
 * ratio c/w:     0.990 speedup
 SCF:
 * wall-time:     0 d,  0 h,  0 min,  0.899 sec
 *  cpu-time:     0 d,  0 h,  0 min,  0.897 sec
 * ratio c/w:     0.998 speedup

