      -----------------------------------------------------------      
     |                   =====================                   |     
     |                           x T B                           |     
     |                   =====================                   |     
     |                         S. Grimme                         |     
     |          Mulliken Center for Theoretical Chemistry        |     
     |                    University of Bonn                     |     
     |                Version 6.2 RC2 (SAW190805)                |     
      -----------------------------------------------------------      

   This program is distributed in the hope that it will be useful,
   but WITHOUT ANY WARRANTY; without even the implied warranty of
   MERCHANTABILITY or FITNESS FOR A PARTICULAR PURPOSE.
   
   FOR NON-COMMERCIAL, ACADEMIA USE ONLY.
   
   Cite this work as:
   * S. Grimme, C. Bannwarth, P. Shushkov, J. Chem. Theory Comput., 2017,
     13, 1989-2009. DOI: 10.1021/acs.jctc.7b00118
   * C. Bannwarth, S. Ehlert and S. Grimme., J. Chem. Theory Comput., 2019,
     15, 1652-1671. DOI: 10.1021/acs.jctc.8b01176
   * P. Pracht, E. Caldeweyher, S. Ehlert, S. Grimme, ChemRxiv, 2019, preprint.
     DOI: 10.26434/chemrxiv.8326202.v1
   
   for DFT-D4:
   * E. Caldeweyher, C. Bannwarth and S. Grimme, J. Chem. Phys., 2017,
     147, 034112. DOI: 10.1063/1.4993215
   * E. Caldeweyher, S. Ehlert, A. Hansen, H. Neugebauer, S. Spicher,
     C. Bannwarth and S. Grimme, J. Chem. Phys., 2019, 150, 154122.
     DOI: 10.1063/1.5090222
   
   for sTDA-xTB:
   * S. Grimme and C. Bannwarth, J. Chem. Phys., 2016, 145, 054103.
     DOI: 10.1063/1.4959605
   
   in the mass-spec context:
   * V. Asgeirsson, C. Bauer and S. Grimme, Chem. Sci., 2017, 8, 4879.
     DOI: 10.1039/c7sc00601b
   
   for metadynamics refer to:
   * S. Grimme, J. Chem. Theory Comput., 2019, 155, 2847-2862
     DOI: 10.1021/acs.jctc.9b00143
   
   with help from (in alphabetical order)
   C. Bannwarth, F. Bohle, G. Brandenburg, E. Caldeweyher, M. Checinski,
   S. Dohm, S. Ehlert, S. Ehrlich, F. März, H. Neugebauer, J. Pisarek,
   P. Pracht, P. Shushkov, and S. Spicher.
   
 * started run on 2020/11/20 at 13:46:14.559     

           -------------------------------------------------
          |                Calculation Setup                |
           -------------------------------------------------

          program call               : /ihome/ghutchison/geoffh/xtb/xtb o-IO2.xyz -sp
          hostname                   : smp-n106
          coordinate file            : o-IO2.xyz
          omp threads                :                     1
          number of atoms            :                   132
          number of electrons        :                   410
          charge                     :                     0
          spin                       :                   0.0
          first test random number   :      0.30130294133478


########################################################################
# WARNING! Please study the warnings concerning your input carefully
#  - XTBPATH is not set, using XTBHOME instead
#  - the use of '-sp' is discouraged, please use '--sp' next time
########################################################################

           ------------------------------------------------- 
          |                 G F N 2 - x T B                 |
          | Geometry, Frequencies, Noncovalent interactions |
          |            JCTC 2019 parametrisation            |
           ------------------------------------------------- 
             KAB for C  - Si     :                1.0500
             KAB for H  - Pd     :                0.9500
             k(s)              :                1.8500
             k(p)              :                2.2300
             k(d)              :                2.2300
             k(f)              :                2.0000
             kEN (H0ij)        :               -2.0000
             D4 a1             :                0.5200
             D4 a2             :                5.0000
             D4 s6             :                1.0000
             D4 s8             :                2.7000
             D4 s9             :                5.0000
             alphaj            :                2.0000

  Z AO/shell   Hii/eV     exponent
  1     Wed Apr 25 08:07:45 CEST 2018   EN: 2.200 GM2: 0.406  GM3: 0.0800  RAES: 1.40
     1s    -10.707211    1.230000
  6     Wed Apr 25 08:07:45 CEST 2018   EN: 2.550 GM2: 0.538  GM3: 0.1500  RAES: 3.00
     2s    -13.970922    2.096432
     2p    -10.063292    1.800000
  7     Wed Apr 25 08:07:45 CEST 2018   EN: 3.040 GM2: 0.461  GM3:-0.0640  RAES: 1.90
     2s    -16.686243    2.339881
     2p    -12.523956    2.014332
  8     Wed Apr 25 08:07:45 CEST 2018   EN: 3.440 GM2: 0.452  GM3:-0.0517  RAES: 1.80
     2s    -20.229985    2.439742
     2p    -15.503117    2.137023
  9     Mon Apr 23 13:58:50 CEST 2018   EN: 3.980 GM2: 0.532  GM3: 0.1426  RAES: 2.40
     2s    -23.458179    2.416361
     2p    -15.746583    2.308399
 16     Tue Apr 24 11:44:34 CEST 2018   EN: 2.580 GM2: 0.340  GM3:-0.0502  RAES: 3.10
     3s    -20.029654    1.981333
     3p    -11.377694    2.025643
     3d     -0.420282    1.702555

           ------------------------------------------------- 
          |        Self-Consistent Charge Iterations        |
           ------------------------------------------------- 

          ...................................................
          :                      SETUP                      :
          :.................................................:
          :  # basis functions                 402          :
          :  # atomic orbitals                 398          :
          :  # shells                          218          :
          :  # electrons                       410          :
          :  max. iterations                   250          :
          :  Hamiltonian                  GFN2-xTB          :
          :  restarted?                      false          :
          :  GBSA solvation                  false          :
          :  PC potential                    false          :
          :  electronic temp.          300.0000000     K    :
          :  accuracy                    1.0000000          :
          :  -> integral cutoff          0.2500000E+02      :
          :  -> integral neglect         0.1000000E-07      :
          :  -> SCF convergence          0.1000000E-05 Eh   :
          :  -> wf. convergence          0.1000000E-03 e    :
          :  Broyden damping             0.4000000          :
          ...................................................

 iter      E             dE          RMSdq      gap      omega  full diag
   1   -229.3639316 -0.229364E+03  0.446E+00    1.03       0.0  T
   2   -229.4856634 -0.121732E+00  0.280E+00    0.99       1.0  T
   3   -229.2198106  0.265853E+00  0.197E+00    0.63       1.0  T
   4   -229.6029816 -0.383171E+00  0.726E-01    1.01       1.0  T
   5   -229.6635419 -0.605603E-01  0.281E-01    0.75       1.0  T
   6   -229.6715851 -0.804314E-02  0.141E-01    0.88       1.0  T
   7   -229.6742021 -0.261709E-02  0.604E-02    0.81       1.0  T
   8   -229.6746080 -0.405853E-03  0.218E-02    0.83       1.0  T
   9   -229.6746378 -0.297970E-04  0.113E-02    0.83       1.0  T
  10   -229.6746465 -0.870237E-05  0.574E-03    0.83       1.5  T
  11   -229.6746481 -0.157022E-05  0.321E-03    0.83       2.7  T
  12   -229.6746496 -0.151265E-05  0.128E-03    0.83       6.8  T
  13   -229.6746498 -0.193828E-06  0.586E-04    0.83      14.8  T
  14   -229.6746498 -0.104135E-07  0.289E-04    0.83      30.1  T

   *** convergence criteria satisfied after 14 iterations ***

         #    Occupation            Energy/Eh            Energy/eV
      -------------------------------------------------------------
         1        2.0000           -0.8482971             -23.0833
       ...           ...                  ...                  ...
       199        2.0000           -0.4133002             -11.2465
       200        2.0000           -0.4117251             -11.2036
       201        2.0000           -0.4113660             -11.1938
       202        2.0000           -0.4100340             -11.1576
       203        2.0000           -0.4039662             -10.9925
       204        2.0000           -0.3844960             -10.4627
       205        2.0000           -0.3720172             -10.1231 (HOMO)
       206        0.0000           -0.3414674              -9.2918 (LUMO)
       207                         -0.3375769              -9.1859
       208                         -0.3285730              -8.9409
       209                         -0.3267270              -8.8907
       210                         -0.2983287              -8.1179
       ...                                ...                  ...
       398                          1.0679655              29.0608
      -------------------------------------------------------------
                  HL-Gap            0.0305498 Eh            0.8313 eV
             Fermi-level           -0.3567501 Eh           -9.7077 eV

 SCC (total)                   0 d,  0 h,  0 min,  0.994 sec
 SCC setup                      ...        0 min,  0.004 sec (  0.383%)
 Dispersion                     ...        0 min,  0.010 sec (  1.023%)
 integral evaluation            ...        0 min,  0.279 sec ( 28.070%)
 zeroth order Hamiltonian       ...        0 min,  0.002 sec (  0.187%)
 iterations                     ...        0 min,  0.450 sec ( 45.293%)
 molecular gradient             ...        0 min,  0.245 sec ( 24.643%)
 printout                       ...        0 min,  0.004 sec (  0.393%)

         :::::::::::::::::::::::::::::::::::::::::::::::::::::
         ::                     SUMMARY                     ::
         :::::::::::::::::::::::::::::::::::::::::::::::::::::
         :: total energy            -226.564473668174 Eh    ::
         :: gradient norm              0.110504251543 Eh/a0 ::
         :: HOMO-LUMO gap              0.831301298650 eV    ::
         ::.................................................::
         :: SCC energy              -229.674649789401 Eh    ::
         :: -> isotropic ES            0.157994458187 Eh    ::
         :: -> anisotropic ES          0.018986694283 Eh    ::
         :: -> anisotropic XC          0.119143919189 Eh    ::
         :: -> dispersion             -0.184253590411 Eh    ::
         :: repulsion energy           3.110064757364 Eh    ::
         :: add. restraining           0.000000000000 Eh    ::
         :::::::::::::::::::::::::::::::::::::::::::::::::::::

           -------------------------------------------------
          |                Property Printout                |
           -------------------------------------------------

    * Orbital Energies and Occupations

         #    Occupation            Energy/Eh            Energy/eV
      -------------------------------------------------------------
         1        2.0000           -0.8482971             -23.0833
       ...           ...                  ...                  ...
       193        2.0000           -0.4296854             -11.6923
       194        2.0000           -0.4263881             -11.6026
       195        2.0000           -0.4214168             -11.4673
       196        2.0000           -0.4209776             -11.4554
       197        2.0000           -0.4168974             -11.3444
       198        2.0000           -0.4150835             -11.2950
       199        2.0000           -0.4133002             -11.2465
       200        2.0000           -0.4117251             -11.2036
       201        2.0000           -0.4113660             -11.1938
       202        2.0000           -0.4100340             -11.1576
       203        2.0000           -0.4039662             -10.9925
       204        2.0000           -0.3844960             -10.4627
       205        2.0000           -0.3720172             -10.1231 (HOMO)
       206        0.0000           -0.3414674              -9.2918 (LUMO)
       207                         -0.3375769              -9.1859
       208                         -0.3285730              -8.9409
       209                         -0.3267270              -8.8907
       210                         -0.2983287              -8.1179
       211                         -0.2873179              -7.8183
       212                         -0.2763279              -7.5193
       213                         -0.2674375              -7.2773
       214                         -0.2538503              -6.9076
       215                         -0.2511110              -6.8331
       216                         -0.2480531              -6.7499
       ...                                ...                  ...
       398                          1.0679655              29.0608
      -------------------------------------------------------------
                  HL-Gap            0.0305498 Eh            0.8313 eV
             Fermi-level           -0.3567501 Eh           -9.7077 eV

     #   Z        covCN         q      C6AA      α(0)
     1   6 C      2.858     0.226    23.258     7.905
     2   8 O      0.856    -0.378    21.246     6.180
     3   6 C      3.025    -0.020    28.481     8.754
     4   6 C      2.906    -0.038    28.956     8.823
     5   6 C      2.776     0.159    24.546     8.114
     6   6 C      2.774     0.162    24.493     8.106
     7   6 C      2.908    -0.051    29.271     8.871
     8   6 C      3.011     0.005    27.889     8.663
     9   6 C      3.002     0.029    27.342     8.578
    10   6 C      2.943     0.009    27.824     8.651
    11   6 C      1.914     0.118    28.197     8.576
    12   7 N      0.911    -0.230    26.026     7.379
    13   6 C      1.915     0.119    28.178     8.573
    14   7 N      0.911    -0.227    25.975     7.371
    15   6 C      2.982    -0.038    28.938     8.824
    16   9 F      0.787    -0.184    11.075     3.931
    17   9 F      0.787    -0.182    11.050     3.927
    18   6 C      2.866     0.224    23.289     7.910
    19   8 O      0.856    -0.356    20.820     6.118
    20   6 C      3.021    -0.020    28.472     8.753
    21   6 C      2.906    -0.038    28.940     8.821
    22   6 C      2.777     0.160    24.526     8.111
    23   6 C      2.775     0.162    24.491     8.105
    24   6 C      2.907    -0.051    29.266     8.871
    25   6 C      3.016     0.005    27.896     8.664
    26   6 C      2.999     0.032    27.268     8.566
    27   6 C      2.944     0.003    27.948     8.671
    28   6 C      1.915     0.118    28.199     8.576
    29   7 N      0.911    -0.238    26.233     7.408
    30   6 C      1.915     0.115    28.262     8.585
    31   7 N      0.911    -0.233    26.106     7.390
    32   6 C      2.983    -0.038    28.940     8.824
    33   9 F      0.787    -0.183    11.058     3.928
    34   9 F      0.787    -0.181    11.044     3.926
    35   6 C      2.946    -0.015    28.386     8.738
    36   6 C      2.971     0.028    27.368     8.581
    37   6 C      3.048    -0.078    29.902     8.968
    38   6 C      3.018     0.137    24.997     8.201
    39   6 C      2.990     0.006    27.873     8.660
    40  16 S      2.328     0.001   141.001    19.985
    41   6 C      3.005     0.020    27.536     8.608
    42  16 S      2.250    -0.019   141.823    20.044
    43   6 C      3.045     0.020    27.526     8.605
    44   6 C      3.190    -0.010    27.774     8.597
    45   6 C      3.039    -0.048    29.154     8.856
    46   6 C      3.012     0.002    27.972     8.676
    47   6 C      3.040     0.002    27.938     8.669
    48   6 C      3.923     0.014    20.285     6.401
    49   6 C      2.901    -0.036    28.885     8.812
    50   6 C      3.037     0.002    27.938     8.670
    51   6 C      3.014     0.002    27.971     8.675
    52   6 C      2.901    -0.036    28.893     8.813
    53   6 C      3.923     0.014    20.278     6.400
    54   6 C      3.183    -0.010    27.815     8.608
    55   6 C      3.047     0.021    27.498     8.600
    56   6 C      3.038    -0.046    29.102     8.848
    57   6 C      3.007     0.021    27.514     8.604
    58  16 S      2.263    -0.020   141.876    20.047
    59   6 C      2.995     0.006    27.865     8.659
    60  16 S      2.343     0.012   140.566    19.955
    61   6 C      2.968     0.026    27.426     8.590
    62   6 C      3.060    -0.067    29.597     8.921
    63   6 C      3.014     0.140    24.935     8.191
    64   6 C      2.944    -0.014    28.370     8.736
    65   8 O      1.703    -0.262    18.343     5.782
    66   6 C      3.696     0.077    19.460     6.310
    67   6 C      3.847    -0.010    20.719     6.475
    68   6 C      3.748    -0.103    22.533     6.770
    69   6 C      3.750    -0.110    22.667     6.790
    70   6 C      3.798    -0.049    21.459     6.596
    71   6 C      3.745    -0.096    22.407     6.752
    72   6 C      3.799    -0.048    21.432     6.592
    73   6 C      3.745    -0.099    22.471     6.762
    74   6 C      3.798    -0.049    21.463     6.596
    75   6 C      3.745    -0.096    22.408     6.753
    76   6 C      3.799    -0.048    21.429     6.591
    77   6 C      3.745    -0.099    22.473     6.762
    78   8 O      1.702    -0.259    18.291     5.774
    79   6 C      3.699     0.080    19.401     6.300
    80   6 C      3.847    -0.010    20.726     6.476
    81   6 C      3.749    -0.104    22.544     6.772
    82   6 C      3.750    -0.110    22.666     6.790
    83   1 H      0.924     0.090     1.878     2.143
    84   1 H      0.925     0.090     1.875     2.141
    85   1 H      0.924     0.093     1.850     2.127
    86   1 H      0.925     0.088     1.895     2.153
    87   1 H      0.924     0.070     2.082     2.256
    88   1 H      0.925     0.100     1.782     2.087
    89   1 H      0.925     0.062     2.174     2.306
    90   1 H      0.924     0.045     2.390     2.417
    91   1 H      0.924     0.044     2.392     2.419
    92   1 H      0.925     0.060     2.194     2.317
    93   1 H      0.925     0.047     2.359     2.402
    94   1 H      0.923     0.086     1.914     2.163
    95   1 H      0.923     0.038     2.478     2.462
    96   1 H      0.922     0.043     2.411     2.428
    97   1 H      0.922     0.042     2.417     2.431
    98   1 H      0.923     0.039     2.462     2.454
    99   1 H      0.923     0.043     2.410     2.428
   100   1 H      0.923     0.040     2.449     2.447
   101   1 H      0.923     0.041     2.432     2.439
   102   1 H      0.923     0.046     2.366     2.405
   103   1 H      0.923     0.038     2.475     2.460
   104   1 H      0.923     0.041     2.441     2.443
   105   1 H      0.923     0.038     2.476     2.461
   106   1 H      0.923     0.032     2.553     2.499
   107   1 H      0.923     0.038     2.473     2.459
   108   1 H      0.923     0.034     2.534     2.490
   109   1 H      0.923     0.033     2.541     2.493
   110   1 H      0.923     0.039     2.465     2.455
   111   1 H      0.923     0.039     2.466     2.456
   112   1 H      0.923     0.039     2.459     2.452
   113   1 H      0.923     0.038     2.480     2.463
   114   1 H      0.923     0.039     2.469     2.457
   115   1 H      0.923     0.041     2.435     2.440
   116   1 H      0.923     0.034     2.530     2.488
   117   1 H      0.923     0.038     2.473     2.459
   118   1 H      0.923     0.032     2.560     2.502
   119   1 H      0.923     0.039     2.463     2.454
   120   1 H      0.923     0.034     2.533     2.489
   121   1 H      0.923     0.038     2.477     2.461
   122   1 H      0.923     0.040     2.451     2.448
   123   1 H      0.923     0.039     2.467     2.457
   124   1 H      0.922     0.031     2.568     2.506
   125   1 H      0.923     0.040     2.448     2.447
   126   1 H      0.922     0.044     2.397     2.421
   127   1 H      0.923     0.043     2.414     2.430
   128   1 H      0.923     0.043     2.411     2.428
   129   1 H      0.923     0.041     2.434     2.440
   130   1 H      0.923     0.042     2.425     2.435
   131   1 H      0.923     0.048     2.343     2.394
   132   1 H      0.923     0.036     2.502     2.474

 Mol. C6AA /au·bohr⁶  :     260168.264342
 Mol. C8AA /au·bohr⁸  :    6909562.539563
 Mol. α(0) /au        :        801.004037


Wiberg/Mayer (AO) data.
largest (>0.10) Wiberg bond orders for each atom
          total WBO             WBO to atom ...
     1  C   3.917        O    2 1.743    C   15 1.050    C    3 1.014
     2  O   2.044        C    1 1.743
     3  C   3.975        C    4 1.407    C    8 1.314    C    1 1.014
     4  C   3.976        C    3 1.407    C    5 1.392    H   83 0.960
     5  C   3.864        C    4 1.392    C    6 1.319    F   16 0.992
     6  C   3.887        C    7 1.397    C    5 1.319    F   17 0.994
     7  C   3.970        C    6 1.397    C    8 1.391    H   84 0.954
     8  C   3.980        C    7 1.391    C    3 1.314    C    9 1.072
     9  C   3.964        C   10 1.486    C   15 1.146    C    8 1.072
    10  C   3.922        C    9 1.486    C   11 1.094    C   13 1.094
    11  C   3.941        N   12 2.761    C   10 1.094
    12  N   2.965        C   11 2.761
    13  C   3.941        N   14 2.769    C   10 1.094
    14  N   2.969        C   13 2.769
    15  C   3.945        C   35 1.484    C    9 1.146    C    1 1.050
    16  F   1.132        C    5 0.992
    17  F   1.137        C    6 0.994
    18  C   3.922        O   19 1.780    C   32 1.017    C   20 1.013
    19  O   2.048        C   18 1.780
    20  C   3.974        C   21 1.407    C   25 1.313    C   18 1.013
    21  C   3.977        C   20 1.407    C   22 1.392    H   85 0.959
    22  C   3.881        C   21 1.392    C   23 1.319    F   33 0.993
    23  C   3.888        C   24 1.396    C   22 1.319    F   34 0.995
    24  C   3.971        C   23 1.396    C   25 1.394    H   86 0.955
    25  C   3.980        C   24 1.394    C   20 1.313    C   26 1.064
    26  C   3.965        C   27 1.460    C   32 1.172    C   25 1.064
    27  C   3.942        C   26 1.460    C   28 1.104    C   30 1.098
    28  C   3.943        N   29 2.759    C   27 1.104
    29  N   2.975        C   28 2.759
    30  C   3.941        N   31 2.764    C   27 1.098
    31  N   2.963        C   30 2.764
    32  C   3.947        C   64 1.489    C   26 1.172    C   18 1.017
    33  F   1.134        C   22 0.993
    34  F   1.138        C   23 0.995
    35  C   3.942        C   15 1.484    C   36 1.296    H   87 0.944
    36  C   3.925        C   37 1.372    C   35 1.296    S   40 1.089
    37  C   3.952        C   36 1.372    C   38 1.359    H   88 0.936
    38  C   3.920        C   37 1.359    C   39 1.285    O   65 1.092
    39  C   3.914        C   38 1.285    C   41 1.220    S   40 1.174
    40  S   2.591        C   39 1.174    C   36 1.089
    41  C   3.925        C   45 1.419    C   39 1.220    S   42 1.108
    42  S   2.569        C   43 1.162    C   41 1.108
    43  C   3.900        C   44 1.402    S   42 1.162    C   46 1.143
    44  C   3.958        C   43 1.402    C   45 1.357    C   48 0.985
    45  C   3.949        C   41 1.419    C   44 1.357    H   89 0.955
    46  C   3.950        C   49 1.344    C   47 1.285    C   43 1.143
    47  C   3.963        C   52 1.471    C   46 1.285    C   48 0.984
    48  C   3.987        C   44 0.985    C   47 0.984    C   70 0.964    C   72 0.953
    49  C   3.971        C   50 1.470    C   46 1.344    H   90 0.963
    50  C   3.963        C   49 1.470    C   51 1.286    C   53 0.983
    51  C   3.951        C   52 1.343    C   50 1.286    C   55 1.145
    52  C   3.972        C   47 1.471    C   51 1.343    H   91 0.963
    53  C   3.986        C   54 0.984    C   50 0.983    C   74 0.965    C   76 0.953
    54  C   3.957        C   55 1.403    C   56 1.353    C   53 0.984
    55  C   3.901        C   54 1.403    S   58 1.162    C   51 1.145
    56  C   3.950        C   57 1.423    C   54 1.353    H   92 0.957
    57  C   3.924        C   56 1.423    C   59 1.217    S   58 1.107
    58  S   2.570        C   55 1.162    C   57 1.107
    59  C   3.910        C   63 1.295    C   57 1.217    S   60 1.166
    60  S   2.588        C   59 1.166    C   61 1.098
    61  C   3.929        C   62 1.376    C   64 1.288    S   60 1.098
    62  C   3.963        C   61 1.376    C   63 1.349    H   93 0.957
    63  C   3.925        C   62 1.349    C   59 1.295    O   78 1.096
    64  C   3.939        C   32 1.489    C   61 1.288    H   94 0.947
    65  O   2.252        C   38 1.092    C   66 0.947
    66  C   3.931        C   67 0.993    H   95 0.967    H   96 0.965    O   65 0.947
    67  C   3.992        C   68 1.009    C   69 1.007    C   66 0.993    H   97 0.966
    68  C   3.995        C   67 1.009    H  100 0.986    H   98 0.986    H   99 0.984
    69  C   3.994        C   67 1.007    H  103 0.986    H  101 0.986    H  102 0.985
    70  C   3.994        C   71 1.021    H  105 0.974    H  104 0.972    C   48 0.964
    71  C   3.996        C   70 1.021    H  106 0.987    H  107 0.986    H  108 0.986
    72  C   3.992        C   73 1.020    H  109 0.977    H  110 0.974    C   48 0.953
    73  C   3.994        C   72 1.020    H  113 0.985    H  111 0.984    H  112 0.984
    74  C   3.994        C   75 1.021    H  114 0.974    H  115 0.972    C   53 0.965
    75  C   3.996        C   74 1.021    H  118 0.987    H  117 0.986    H  116 0.986
    76  C   3.992        C   77 1.020    H  120 0.977    H  119 0.974    C   53 0.953
    77  C   3.994        C   76 1.020    H  121 0.985    H  123 0.984    H  122 0.984
    78  O   2.253        C   63 1.096    C   79 0.946
    79  C   3.932        C   80 0.993    H  124 0.967    H  125 0.966    O   78 0.946
    80  C   3.991        C   81 1.009    C   82 1.006    C   79 0.993    H  126 0.966
    81  C   3.994        C   80 1.009    H  129 0.986    H  127 0.985    H  128 0.985
    82  C   3.994        C   80 1.006    H  132 0.986    H  130 0.986    H  131 0.985
    83  H   0.991        C    4 0.960
    84  H   0.991        C    7 0.954
    85  H   0.991        C   21 0.959
    86  H   0.992        C   24 0.955
    87  H   0.994        C   35 0.944
    88  H   0.989        C   37 0.936
    89  H   0.996        C   45 0.955
    90  H   0.997        C   49 0.963
    91  H   0.997        C   52 0.963
    92  H   0.996        C   56 0.957
    93  H   0.997        C   62 0.957
    94  H   0.990        C   64 0.947
    95  H   0.998        C   66 0.967
    96  H   0.997        C   66 0.965
    97  H   0.998        C   67 0.966
    98  H   0.998        C   68 0.986
    99  H   0.998        C   68 0.984
   100  H   0.998        C   68 0.986
   101  H   0.998        C   69 0.986
   102  H   0.997        C   69 0.985
   103  H   0.999        C   69 0.986
   104  H   0.997        C   70 0.972
   105  H   0.998        C   70 0.974
   106  H   0.999        C   71 0.987
   107  H   0.998        C   71 0.986
   108  H   0.999        C   71 0.986
   109  H   0.999        C   72 0.977
   110  H   0.998        C   72 0.974
   111  H   0.998        C   73 0.984
   112  H   0.997        C   73 0.984
   113  H   0.999        C   73 0.985
   114  H   0.998        C   74 0.974
   115  H   0.997        C   74 0.972
   116  H   0.999        C   75 0.986
   117  H   0.998        C   75 0.986
   118  H   0.999        C   75 0.987
   119  H   0.998        C   76 0.974
   120  H   0.999        C   76 0.977
   121  H   0.999        C   77 0.985
   122  H   0.997        C   77 0.984
   123  H   0.998        C   77 0.984
   124  H   0.998        C   79 0.967
   125  H   0.998        C   79 0.966
   126  H   0.998        C   80 0.966
   127  H   0.998        C   81 0.985
   128  H   0.998        C   81 0.985
   129  H   0.998        C   81 0.986
   130  H   0.998        C   82 0.986
   131  H   0.997        C   82 0.985
   132  H   0.999        C   82 0.986

molecular dipole:
                 x           y           z       tot (Debye)
 q only:        0.443      -1.001       0.777
   full:        0.781      -1.340       0.959       4.636
molecular quadrupole (traceless):
                xx          xy          yy          xz          yz          zz
 q only:       83.063      72.281       9.232     153.067    -155.092     -92.295
  q+dip:       70.552      63.757       9.324     150.855    -121.064     -79.875
   full:       73.238      73.214      12.097     145.950    -128.535     -85.335


           -------------------------------------------------
          | TOTAL ENERGY             -226.564473668174 Eh   |
          | GRADIENT NORM               0.110504251543 Eh/α |
          | HOMO-LUMO GAP               0.831301298650 eV   |
           -------------------------------------------------

------------------------------------------------------------------------
 * finished run on 2020/11/20 at 13:46:15.869     
------------------------------------------------------------------------
 total:
 * wall-time:     0 d,  0 h,  0 min,  1.310 sec
 *  cpu-time:     0 d,  0 h,  0 min,  1.305 sec
 * ratio c/w:     0.996 speedup
 SCF:
 * wall-time:     0 d,  0 h,  0 min,  0.995 sec
 *  cpu-time:     0 d,  0 h,  0 min,  0.995 sec
 * ratio c/w:     1.000 speedup

