      -----------------------------------------------------------      
     |                   =====================                   |     
     |                           x T B                           |     
     |                   =====================                   |     
     |                         S. Grimme                         |     
     |          Mulliken Center for Theoretical Chemistry        |     
     |                    University of Bonn                     |     
     |                Version 6.2 RC2 (SAW190805)                |     
      -----------------------------------------------------------      

   This program is distributed in the hope that it will be useful,
   but WITHOUT ANY WARRANTY; without even the implied warranty of
   MERCHANTABILITY or FITNESS FOR A PARTICULAR PURPOSE.
   
   FOR NON-COMMERCIAL, ACADEMIA USE ONLY.
   
   Cite this work as:
   * S. Grimme, C. Bannwarth, P. Shushkov, J. Chem. Theory Comput., 2017,
     13, 1989-2009. DOI: 10.1021/acs.jctc.7b00118
   * C. Bannwarth, S. Ehlert and S. Grimme., J. Chem. Theory Comput., 2019,
     15, 1652-1671. DOI: 10.1021/acs.jctc.8b01176
   * P. Pracht, E. Caldeweyher, S. Ehlert, S. Grimme, ChemRxiv, 2019, preprint.
     DOI: 10.26434/chemrxiv.8326202.v1
   
   for DFT-D4:
   * E. Caldeweyher, C. Bannwarth and S. Grimme, J. Chem. Phys., 2017,
     147, 034112. DOI: 10.1063/1.4993215
   * E. Caldeweyher, S. Ehlert, A. Hansen, H. Neugebauer, S. Spicher,
     C. Bannwarth and S. Grimme, J. Chem. Phys., 2019, 150, 154122.
     DOI: 10.1063/1.5090222
   
   for sTDA-xTB:
   * S. Grimme and C. Bannwarth, J. Chem. Phys., 2016, 145, 054103.
     DOI: 10.1063/1.4959605
   
   in the mass-spec context:
   * V. Asgeirsson, C. Bauer and S. Grimme, Chem. Sci., 2017, 8, 4879.
     DOI: 10.1039/c7sc00601b
   
   for metadynamics refer to:
   * S. Grimme, J. Chem. Theory Comput., 2019, 155, 2847-2862
     DOI: 10.1021/acs.jctc.9b00143
   
   with help from (in alphabetical order)
   C. Bannwarth, F. Bohle, G. Brandenburg, E. Caldeweyher, M. Checinski,
   S. Dohm, S. Ehlert, S. Ehrlich, F. März, H. Neugebauer, J. Pisarek,
   P. Pracht, P. Shushkov, and S. Spicher.
   
 * started run on 2021/04/12 at 13:53:57.792     

           -------------------------------------------------
          |                Calculation Setup                |
           -------------------------------------------------

          program call               : /ihome/ghutchison/geoffh/xtb/xtb p-IO1.xyz -sp
          hostname                   : smp-n149
          coordinate file            : p-IO1.xyz
          omp threads                :                     1
          number of atoms            :                   159
          number of electrons        :                   492
          charge                     :                     0
          spin                       :                   0.0
          first test random number   :      0.59591587290766


########################################################################
# WARNING! Please study the warnings concerning your input carefully
#  - XTBPATH is not set, using XTBHOME instead
#  - the use of '-sp' is discouraged, please use '--sp' next time
########################################################################

           ------------------------------------------------- 
          |                 G F N 2 - x T B                 |
          | Geometry, Frequencies, Noncovalent interactions |
          |            JCTC 2019 parametrisation            |
           ------------------------------------------------- 
             KAB for C  - Si     :                1.0500
             KAB for H  - Pd     :                0.9500
             k(s)              :                1.8500
             k(p)              :                2.2300
             k(d)              :                2.2300
             k(f)              :                2.0000
             kEN (H0ij)        :               -2.0000
             D4 a1             :                0.5200
             D4 a2             :                5.0000
             D4 s6             :                1.0000
             D4 s8             :                2.7000
             D4 s9             :                5.0000
             alphaj            :                2.0000

  Z AO/shell   Hii/eV     exponent
  1     Wed Apr 25 08:07:45 CEST 2018   EN: 2.200 GM2: 0.406  GM3: 0.0800  RAES: 1.40
     1s    -10.707211    1.230000
  6     Wed Apr 25 08:07:45 CEST 2018   EN: 2.550 GM2: 0.538  GM3: 0.1500  RAES: 3.00
     2s    -13.970922    2.096432
     2p    -10.063292    1.800000
  7     Wed Apr 25 08:07:45 CEST 2018   EN: 3.040 GM2: 0.461  GM3:-0.0640  RAES: 1.90
     2s    -16.686243    2.339881
     2p    -12.523956    2.014332
  8     Wed Apr 25 08:07:45 CEST 2018   EN: 3.440 GM2: 0.452  GM3:-0.0517  RAES: 1.80
     2s    -20.229985    2.439742
     2p    -15.503117    2.137023
  9     Mon Apr 23 13:58:50 CEST 2018   EN: 3.980 GM2: 0.532  GM3: 0.1426  RAES: 2.40
     2s    -23.458179    2.416361
     2p    -15.746583    2.308399
 16     Tue Apr 24 11:44:34 CEST 2018   EN: 2.580 GM2: 0.340  GM3:-0.0502  RAES: 3.10
     3s    -20.029654    1.981333
     3p    -11.377694    2.025643
     3d     -0.420282    1.702555

           ------------------------------------------------- 
          |        Self-Consistent Charge Iterations        |
           ------------------------------------------------- 

          ...................................................
          :                      SETUP                      :
          :.................................................:
          :  # basis functions                 486          :
          :  # atomic orbitals                 482          :
          :  # shells                          264          :
          :  # electrons                       492          :
          :  max. iterations                   250          :
          :  Hamiltonian                  GFN2-xTB          :
          :  restarted?                      false          :
          :  GBSA solvation                  false          :
          :  PC potential                    false          :
          :  electronic temp.          300.0000000     K    :
          :  accuracy                    1.0000000          :
          :  -> integral cutoff          0.2500000E+02      :
          :  -> integral neglect         0.1000000E-07      :
          :  -> SCF convergence          0.1000000E-05 Eh   :
          :  -> wf. convergence          0.1000000E-03 e    :
          :  Broyden damping             0.4000000          :
          ...................................................

 iter      E             dE          RMSdq      gap      omega  full diag
   1   -273.1156347 -0.273116E+03  0.445E+00    1.14       0.0  T
   2   -273.2224279 -0.106793E+00  0.276E+00    1.09       1.0  T
   3   -272.8011540  0.421274E+00  0.202E+00    0.59       1.0  T
   4   -273.3532900 -0.552136E+00  0.633E-01    1.03       1.0  T
   5   -273.4069785 -0.536885E-01  0.229E-01    0.75       1.0  T
   6   -273.4120928 -0.511427E-02  0.128E-01    0.87       1.0  T
   7   -273.4149351 -0.284234E-02  0.545E-02    0.82       1.0  T
   8   -273.4153121 -0.377043E-03  0.249E-02    0.83       1.0  T
   9   -273.4153972 -0.850961E-04  0.118E-02    0.83       1.0  T
  10   -273.4154137 -0.164754E-04  0.549E-03    0.83       1.4  T
  11   -273.4154164 -0.264984E-05  0.255E-03    0.83       3.1  T
  12   -273.4154171 -0.753871E-06  0.107E-03    0.83       7.4  T
  13   -273.4154172 -0.103155E-06  0.536E-04    0.83      14.8  T
  14   -273.4154172 -0.814441E-08  0.264E-04    0.83      30.0  T

   *** convergence criteria satisfied after 14 iterations ***

         #    Occupation            Energy/Eh            Energy/eV
      -------------------------------------------------------------
         1        2.0000           -0.8500126             -23.1300
       ...           ...                  ...                  ...
       240        2.0000           -0.4046389             -11.0108
       241        2.0000           -0.4012387             -10.9183
       242        2.0000           -0.3976511             -10.8206
       243        2.0000           -0.3964891             -10.7890
       244        2.0000           -0.3922367             -10.6733
       245        2.0000           -0.3863231             -10.5124
       246        2.0000           -0.3717287             -10.1153 (HOMO)
       247        0.0000           -0.3412376              -9.2855 (LUMO)
       248                         -0.3368089              -9.1650
       249                         -0.3280268              -8.9261
       250                         -0.3264489              -8.8831
       251                         -0.2978280              -8.1043
       ...                                ...                  ...
       482                          1.0685176              29.0758
      -------------------------------------------------------------
                  HL-Gap            0.0304911 Eh            0.8297 eV
             Fermi-level           -0.3564877 Eh           -9.7005 eV

 SCC (total)                   0 d,  0 h,  0 min,  1.306 sec
 SCC setup                      ...        0 min,  0.005 sec (  0.371%)
 Dispersion                     ...        0 min,  0.011 sec (  0.869%)
 integral evaluation            ...        0 min,  0.391 sec ( 29.901%)
 zeroth order Hamiltonian       ...        0 min,  0.002 sec (  0.167%)
 iterations                     ...        0 min,  0.577 sec ( 44.201%)
 molecular gradient             ...        0 min,  0.315 sec ( 24.111%)
 printout                       ...        0 min,  0.005 sec (  0.377%)

         :::::::::::::::::::::::::::::::::::::::::::::::::::::
         ::                     SUMMARY                     ::
         :::::::::::::::::::::::::::::::::::::::::::::::::::::
         :: total energy            -269.387509047404 Eh    ::
         :: gradient norm              0.114536498090 Eh/a0 ::
         :: HOMO-LUMO gap              0.829705520325 eV    ::
         ::.................................................::
         :: SCC energy              -273.415417233272 Eh    ::
         :: -> isotropic ES            0.145162719469 Eh    ::
         :: -> anisotropic ES          0.022204601767 Eh    ::
         :: -> anisotropic XC          0.154261859285 Eh    ::
         :: -> dispersion             -0.240695473331 Eh    ::
         :: repulsion energy           4.024740064419 Eh    ::
         :: add. restraining           0.000000000000 Eh    ::
         :::::::::::::::::::::::::::::::::::::::::::::::::::::

           -------------------------------------------------
          |                Property Printout                |
           -------------------------------------------------

    * Orbital Energies and Occupations

         #    Occupation            Energy/Eh            Energy/eV
      -------------------------------------------------------------
         1        2.0000           -0.8500126             -23.1300
       ...           ...                  ...                  ...
       234        2.0000           -0.4122296             -11.2173
       235        2.0000           -0.4112105             -11.1896
       236        2.0000           -0.4100498             -11.1580
       237        2.0000           -0.4098298             -11.1520
       238        2.0000           -0.4079867             -11.1019
       239        2.0000           -0.4072550             -11.0820
       240        2.0000           -0.4046389             -11.0108
       241        2.0000           -0.4012387             -10.9183
       242        2.0000           -0.3976511             -10.8206
       243        2.0000           -0.3964891             -10.7890
       244        2.0000           -0.3922367             -10.6733
       245        2.0000           -0.3863231             -10.5124
       246        2.0000           -0.3717287             -10.1153 (HOMO)
       247        0.0000           -0.3412376              -9.2855 (LUMO)
       248                         -0.3368089              -9.1650
       249                         -0.3280268              -8.9261
       250                         -0.3264489              -8.8831
       251                         -0.2978280              -8.1043
       252                         -0.2863118              -7.7909
       253                         -0.2770422              -7.5387
       254                         -0.2677551              -7.2860
       255                         -0.2559354              -6.9644
       256                         -0.2519924              -6.8571
       257                         -0.2493617              -6.7855
       ...                                ...                  ...
       482                          1.0685176              29.0758
      -------------------------------------------------------------
                  HL-Gap            0.0304911 Eh            0.8297 eV
             Fermi-level           -0.3564877 Eh           -9.7005 eV

     #   Z        covCN         q      C6AA      α(0)
     1   6 C      2.858     0.226    23.257     7.905
     2   8 O      0.856    -0.377    21.229     6.177
     3   6 C      3.028    -0.020    28.485     8.754
     4   6 C      2.906    -0.038    28.955     8.823
     5   6 C      2.777     0.159    24.544     8.114
     6   6 C      2.775     0.162    24.495     8.106
     7   6 C      2.908    -0.051    29.273     8.872
     8   6 C      3.014     0.005    27.890     8.663
     9   6 C      3.003     0.029    27.343     8.578
    10   6 C      2.944     0.008    27.833     8.653
    11   6 C      1.914     0.117    28.210     8.578
    12   7 N      0.911    -0.231    26.052     7.382
    13   6 C      1.915     0.119    28.181     8.573
    14   7 N      0.911    -0.228    25.987     7.373
    15   6 C      2.986    -0.038    28.939     8.824
    16   9 F      0.787    -0.184    11.071     3.930
    17   9 F      0.787    -0.182    11.052     3.927
    18   6 C      2.862     0.226    23.259     7.905
    19   8 O      0.856    -0.352    20.755     6.108
    20   6 C      3.019    -0.019    28.467     8.752
    21   6 C      2.906    -0.037    28.930     8.819
    22   6 C      2.776     0.160    24.522     8.111
    23   6 C      2.775     0.163    24.474     8.103
    24   6 C      2.907    -0.051    29.265     8.870
    25   6 C      3.016     0.005    27.885     8.662
    26   6 C      2.998     0.033    27.259     8.564
    27   6 C      2.944     0.008    27.842     8.654
    28   6 C      1.914     0.120    28.159     8.570
    29   7 N      0.911    -0.230    26.028     7.379
    30   6 C      1.914     0.117    28.228     8.580
    31   7 N      0.911    -0.228    25.997     7.374
    32   6 C      2.985    -0.037    28.910     8.820
    33   9 F      0.787    -0.182    11.050     3.927
    34   9 F      0.787    -0.180    11.033     3.924
    35   6 C      2.954    -0.014    28.363     8.735
    36   6 C      2.973     0.029    27.355     8.579
    37   6 C      3.042    -0.076    29.864     8.963
    38   6 C      3.021     0.138    24.965     8.196
    39   6 C      2.988     0.007    27.846     8.656
    40  16 S      2.326    -0.006   141.296    20.006
    41   6 C      3.013     0.019    27.568     8.613
    42  16 S      2.230    -0.001   141.117    19.994
    43   6 C      3.045     0.015    27.633     8.622
    44   6 C      3.188    -0.004    27.648     8.578
    45   6 C      3.042    -0.046    29.106     8.849
    46   6 C      3.016     0.003    27.942     8.671
    47   6 C      3.036     0.005    27.876     8.660
    48   6 C      3.929     0.012    20.304     6.404
    49   6 C      2.902    -0.036    28.884     8.812
    50   6 C      3.040     0.004    27.905     8.664
    51   6 C      3.013     0.003    27.930     8.669
    52   6 C      2.902    -0.035    28.861     8.809
    53   6 C      3.930     0.013    20.295     6.402
    54   6 C      3.206    -0.008    27.603     8.556
    55   6 C      3.041     0.016    27.607     8.618
    56   6 C      3.046    -0.046    29.107     8.849
    57   6 C      3.010     0.017    27.613     8.620
    58  16 S      2.260    -0.010   141.483    20.020
    59   6 C      3.004     0.024    27.452     8.595
    60  16 S      2.308     0.011   140.612    19.958
    61   6 C      2.964     0.024    27.457     8.595
    62   6 C      3.087    -0.038    28.850     8.805
    63   6 C      3.093     0.005    27.801     8.642
    64   6 C      2.926    -0.009    28.242     8.715
    65   8 O      1.704    -0.253    18.195     5.759
    66   6 C      3.694     0.077    19.461     6.311
    67   6 C      3.847    -0.011    20.735     6.477
    68   6 C      3.748    -0.106    22.600     6.780
    69   6 C      3.749    -0.109    22.656     6.789
    70   6 C      2.962     0.010    27.785     8.646
    71   6 C      2.967     0.009    27.805     8.649
    72   6 C      2.972     0.010    27.786     8.646
    73   6 C      2.963     0.009    27.808     8.650
    74   6 C      3.803    -0.063    21.705     6.633
    75   6 C      3.847    -0.002    20.587     6.454
    76   6 C      2.913    -0.034    28.836     8.806
    77   6 C      2.913    -0.038    28.948     8.823
    78   6 C      2.957     0.018    27.616     8.619
    79   6 C      2.914    -0.039    28.961     8.825
    80   6 C      2.911    -0.036    28.904     8.816
    81   6 C      2.911    -0.036    28.902     8.815
    82   6 C      2.914    -0.038    28.945     8.822
    83   6 C      2.956     0.018    27.599     8.617
    84   6 C      2.914    -0.038    28.945     8.822
    85   6 C      2.913    -0.035    28.860     8.809
    86   6 C      2.913    -0.036    28.892     8.814
    87   6 C      2.914    -0.039    28.979     8.827
    88   6 C      2.956     0.018    27.605     8.618
    89   6 C      2.914    -0.038    28.936     8.821
    90   6 C      2.911    -0.036    28.888     8.813
    91   6 C      2.912    -0.036    28.901     8.815
    92   6 C      2.914    -0.039    28.959     8.824
    93   6 C      2.957     0.017    27.626     8.621
    94   6 C      2.914    -0.039    28.966     8.825
    95   6 C      2.913    -0.034    28.856     8.809
    96   6 C      3.750    -0.105    22.574     6.776
    97   6 C      3.750    -0.104    22.560     6.774
    98   6 C      3.750    -0.106    22.593     6.779
    99   6 C      3.750    -0.105    22.561     6.774
   100   6 C      3.748    -0.102    22.509     6.767
   101   6 C      3.749    -0.104    22.543     6.772
   102   1 H      0.924     0.090     1.875     2.141
   103   1 H      0.925     0.090     1.876     2.142
   104   1 H      0.924     0.093     1.849     2.126
   105   1 H      0.925     0.089     1.888     2.149
   106   1 H      0.924     0.069     2.097     2.265
   107   1 H      0.925     0.097     1.808     2.103
   108   1 H      0.924     0.050     2.314     2.379
   109   1 H      0.924     0.043     2.404     2.425
   110   1 H      0.924     0.045     2.385     2.415
   111   1 H      0.925     0.044     2.395     2.420
   112   1 H      0.924     0.041     2.430     2.438
   113   1 H      0.923     0.084     1.939     2.178
   114   1 H      0.923     0.042     2.429     2.437
   115   1 H      0.922     0.038     2.471     2.458
   116   1 H      0.922     0.046     2.371     2.408
   117   1 H      0.923     0.038     2.478     2.462
   118   1 H      0.924     0.050     2.318     2.381
   119   1 H      0.923     0.040     2.450     2.448
   120   1 H      0.923     0.040     2.452     2.449
   121   1 H      0.923     0.046     2.372     2.408
   122   1 H      0.923     0.038     2.474     2.460
   123   1 H      0.923     0.044     2.403     2.424
   124   1 H      0.924     0.046     2.376     2.411
   125   1 H      0.922     0.027     2.633     2.538
   126   1 H      0.924     0.031     2.575     2.509
   127   1 H      0.924     0.033     2.550     2.497
   128   1 H      0.924     0.031     2.572     2.508
   129   1 H      0.924     0.027     2.626     2.534
   130   1 H      0.924     0.025     2.652     2.547
   131   1 H      0.924     0.032     2.565     2.504
   132   1 H      0.924     0.034     2.527     2.486
   133   1 H      0.924     0.030     2.583     2.513
   134   1 H      0.924     0.029     2.603     2.523
   135   1 H      0.924     0.029     2.596     2.520
   136   1 H      0.924     0.033     2.539     2.492
   137   1 H      0.924     0.027     2.632     2.537
   138   1 H      0.924     0.028     2.617     2.530
   139   1 H      0.924     0.031     2.572     2.508
   140   1 H      0.924     0.031     2.573     2.508
   141   1 H      0.924     0.030     2.583     2.513
   142   1 H      0.923     0.041     2.441     2.443
   143   1 H      0.923     0.047     2.356     2.400
   144   1 H      0.923     0.047     2.360     2.403
   145   1 H      0.923     0.047     2.355     2.400
   146   1 H      0.923     0.042     2.424     2.435
   147   1 H      0.923     0.042     2.418     2.432
   148   1 H      0.923     0.053     2.285     2.364
   149   1 H      0.923     0.041     2.430     2.438
   150   1 H      0.923     0.043     2.415     2.430
   151   1 H      0.923     0.047     2.364     2.404
   152   1 H      0.923     0.043     2.415     2.430
   153   1 H      0.923     0.042     2.428     2.437
   154   1 H      0.923     0.030     2.594     2.519
   155   1 H      0.923     0.045     2.389     2.417
   156   1 H      0.923     0.039     2.465     2.455
   157   1 H      0.923     0.040     2.443     2.444
   158   1 H      0.923     0.037     2.496     2.470
   159   1 H      0.923     0.032     2.561     2.502

 Mol. C6AA /au·bohr⁶  :     395351.162436
 Mol. C8AA /au·bohr⁸  :   10537247.307970
 Mol. α(0) /au        :        999.724266


Wiberg/Mayer (AO) data.
largest (>0.10) Wiberg bond orders for each atom
          total WBO             WBO to atom ...
     1  C   3.918        O    2 1.745    C   15 1.049    C    3 1.013
     2  O   2.042        C    1 1.745
     3  C   3.975        C    4 1.409    C    8 1.313    C    1 1.013
     4  C   3.976        C    3 1.409    C    5 1.391    H  102 0.960
     5  C   3.880        C    4 1.391    C    6 1.319    F   16 0.992
     6  C   3.887        C    7 1.397    C    5 1.319    F   17 0.994
     7  C   3.970        C    6 1.397    C    8 1.391    H  103 0.954
     8  C   3.980        C    7 1.391    C    3 1.313    C    9 1.074
     9  C   3.964        C   10 1.485    C   15 1.146    C    8 1.074
    10  C   3.937        C    9 1.485    C   11 1.094    C   13 1.094
    11  C   3.942        N   12 2.762    C   10 1.094
    12  N   2.965        C   11 2.762
    13  C   3.941        N   14 2.769    C   10 1.094
    14  N   2.968        C   13 2.769
    15  C   3.946        C   35 1.485    C    9 1.146    C    1 1.049
    16  F   1.132        C    5 0.992
    17  F   1.136        C    6 0.994
    18  C   3.924        O   19 1.785    C   32 1.014    C   20 1.010
    19  O   2.059        C   18 1.785
    20  C   3.973        C   21 1.406    C   25 1.312    C   18 1.010
    21  C   3.977        C   20 1.406    C   22 1.394    H  104 0.959
    22  C   3.881        C   21 1.394    C   23 1.316    F   33 0.994
    23  C   3.888        C   24 1.399    C   22 1.316    F   34 0.996
    24  C   3.972        C   23 1.399    C   25 1.391    H  105 0.955
    25  C   3.982        C   24 1.391    C   20 1.312    C   26 1.069
    26  C   3.971        C   27 1.478    C   32 1.152    C   25 1.069
    27  C   3.958        C   26 1.478    C   28 1.098    C   30 1.096
    28  C   3.943        N   29 2.767    C   27 1.098
    29  N   2.983        C   28 2.767
    30  C   3.942        N   31 2.768    C   27 1.096
    31  N   2.968        C   30 2.768
    32  C   3.959        C   64 1.526    C   26 1.152    C   18 1.014
    33  F   1.135        C   22 0.994
    34  F   1.139        C   23 0.996
    35  C   3.942        C   15 1.485    C   36 1.295    H  106 0.945
    36  C   3.925        C   37 1.375    C   35 1.295    S   40 1.087
    37  C   3.952        C   36 1.375    C   38 1.353    H  107 0.940
    38  C   3.920        C   37 1.353    C   39 1.292    O   65 1.096
    39  C   3.914        C   38 1.292    C   41 1.220    S   40 1.165
    40  S   2.587        C   39 1.165    C   36 1.087
    41  C   3.928        C   45 1.425    C   39 1.220    S   42 1.103
    42  S   2.599        C   43 1.166    C   41 1.103
    43  C   3.901        C   44 1.400    S   42 1.166    C   46 1.140
    44  C   3.957        C   43 1.400    C   45 1.356    C   48 0.972
    45  C   3.951        C   41 1.425    C   44 1.356    H  108 0.958
    46  C   3.955        C   49 1.345    C   47 1.289    C   43 1.140
    47  C   3.961        C   52 1.464    C   46 1.289    C   48 0.969
    48  C   3.985        C   44 0.972    C   47 0.969    C   70 0.954    C   71 0.950
    49  C   3.971        C   50 1.469    C   46 1.345    H  109 0.963
    50  C   3.967        C   49 1.469    C   51 1.288    C   53 0.967
    51  C   3.950        C   52 1.351    C   50 1.288    C   55 1.132
    52  C   3.975        C   47 1.464    C   51 1.351    H  110 0.963
    53  C   3.985        C   50 0.967    C   54 0.967    C   73 0.966    C   72 0.944
    54  C   3.956        C   55 1.423    C   56 1.325    C   53 0.967
    55  C   3.915        C   54 1.423    S   58 1.161    C   51 1.132
    56  C   3.964        C   57 1.471    C   54 1.325    H  111 0.952
    57  C   3.926        C   56 1.471    C   59 1.161    S   58 1.113
    58  S   2.579        C   55 1.161    C   57 1.113
    59  C   3.918        C   63 1.386    S   60 1.170    C   57 1.161
    60  S   2.602        C   59 1.170    C   61 1.107
    61  C   3.936        C   62 1.406    C   64 1.254    S   60 1.107
    62  C   3.976        C   61 1.406    C   63 1.367    H  112 0.961
    63  C   3.967        C   59 1.386    C   62 1.367    C   74 1.013
    64  C   3.944        C   32 1.526    C   61 1.254    H  113 0.948
    65  O   2.270        C   38 1.096    C   66 0.945
    66  C   3.930        C   67 0.993    H  115 0.966    H  114 0.966    O   65 0.945
    67  C   3.991        C   68 1.009    C   69 1.007    C   66 0.993    H  116 0.965
    68  C   3.994        C   67 1.009    H  117 0.986    H  119 0.986    H  118 0.982
    69  C   3.994        C   67 1.007    H  120 0.986    H  122 0.986    H  121 0.986
    70  C   3.982        C   80 1.417    C   76 1.398    C   48 0.954    C   78 0.106
    71  C   3.980        C   81 1.425    C   85 1.391    C   48 0.950    C   83 0.105
    72  C   3.979        C   90 1.414    C   86 1.399    C   53 0.944    C   88 0.105
    73  C   3.983        C   91 1.418    C   95 1.396    C   53 0.966    C   93 0.105
    74  C   3.992        C   63 1.013    C   75 0.972    H  123 0.964    H  124 0.964
    75  C   3.990        C  100 1.011    C  101 1.008    C   74 0.972    H  125 0.968
    76  C   3.989        C   77 1.457    C   70 1.398    H  126 0.966    C   79 0.109
    77  C   3.989        C   76 1.457    C   78 1.400    H  127 0.969    C   80 0.107
    78  C   3.985        C   79 1.415    C   77 1.400    C   97 1.027    C   70 0.106
    79  C   3.989        C   80 1.440    C   78 1.415    H  128 0.969    C   76 0.109
    80  C   3.989        C   79 1.440    C   70 1.417    H  129 0.967    C   77 0.107
    81  C   3.990        C   82 1.431    C   71 1.425    H  130 0.968    C   84 0.108
    82  C   3.989        C   81 1.431    C   83 1.422    H  131 0.969    C   85 0.108
    83  C   3.985        C   82 1.422    C   84 1.393    C   96 1.027    C   71 0.105
    84  C   3.989        C   85 1.466    C   83 1.393    H  132 0.969    C   81 0.108
    85  C   3.989        C   84 1.466    C   71 1.391    H  133 0.967    C   82 0.108
    86  C   3.988        C   87 1.455    C   72 1.399    H  134 0.967    C   89 0.109
    87  C   3.989        C   86 1.455    C   88 1.400    H  135 0.968    C   90 0.106
    88  C   3.984        C   89 1.411    C   87 1.400    C   98 1.028    C   72 0.105
    89  C   3.989        C   90 1.443    C   88 1.411    H  136 0.969    C   86 0.109
    90  C   3.989        C   89 1.443    C   72 1.414    H  137 0.968    C   87 0.106
    91  C   3.990        C   92 1.439    C   73 1.418    H  138 0.967    C   94 0.108
    92  C   3.989        C   91 1.439    C   93 1.416    H  139 0.969    C   95 0.109
    93  C   3.986        C   92 1.416    C   94 1.399    C   99 1.027    C   73 0.105
    94  C   3.989        C   95 1.458    C   93 1.399    H  140 0.969    C   91 0.108
    95  C   3.989        C   94 1.458    C   73 1.396    H  141 0.967    C   92 0.109
    96  C   3.995        C   83 1.027    H  142 0.986    H  143 0.974    H  144 0.970
    97  C   3.995        C   78 1.027    H  147 0.982    H  146 0.981    H  145 0.967
    98  C   3.995        C   88 1.028    H  149 0.982    H  150 0.981    H  148 0.962
    99  C   3.996        C   93 1.027    H  153 0.983    H  152 0.980    H  151 0.967
   100  C   3.995        C   75 1.011    H  154 0.986    H  156 0.985    H  155 0.982
   101  C   3.994        C   75 1.008    H  159 0.986    H  158 0.984    H  157 0.982
   102  H   0.991        C    4 0.960
   103  H   0.991        C    7 0.954
   104  H   0.991        C   21 0.959
   105  H   0.991        C   24 0.955
   106  H   0.994        C   35 0.945
   107  H   0.990        C   37 0.940
   108  H   0.997        C   45 0.958
   109  H   0.997        C   49 0.963
   110  H   0.997        C   52 0.963
   111  H   0.998        C   56 0.952
   112  H   0.997        C   62 0.961
   113  H   0.991        C   64 0.948
   114  H   0.997        C   66 0.966
   115  H   0.997        C   66 0.966
   116  H   0.998        C   67 0.965
   117  H   0.999        C   68 0.986
   118  H   0.997        C   68 0.982
   119  H   0.998        C   68 0.986
   120  H   0.998        C   69 0.986
   121  H   0.997        C   69 0.986
   122  H   0.999        C   69 0.986
   123  H   0.997        C   74 0.964
   124  H   0.998        C   74 0.964
   125  H   0.999        C   75 0.968
   126  H   0.999        C   76 0.966
   127  H   0.998        C   77 0.969
   128  H   0.998        C   79 0.969
   129  H   0.999        C   80 0.967
   130  H   0.999        C   81 0.968
   131  H   0.998        C   82 0.969
   132  H   0.998        C   84 0.969
   133  H   0.999        C   85 0.967
   134  H   0.999        C   86 0.967
   135  H   0.999        C   87 0.968
   136  H   0.998        C   89 0.969
   137  H   0.999        C   90 0.968
   138  H   0.999        C   91 0.967
   139  H   0.998        C   92 0.969
   140  H   0.999        C   94 0.969
   141  H   0.999        C   95 0.967
   142  H   0.998        C   96 0.986
   143  H   0.997        C   96 0.974
   144  H   0.997        C   96 0.970
   145  H   0.997        C   97 0.967
   146  H   0.998        C   97 0.981
   147  H   0.998        C   97 0.982
   148  H   0.997        C   98 0.962
   149  H   0.998        C   98 0.982
   150  H   0.998        C   98 0.981
   151  H   0.997        C   99 0.967
   152  H   0.998        C   99 0.980
   153  H   0.998        C   99 0.983
   154  H   0.999        C  100 0.986
   155  H   0.998        C  100 0.982
   156  H   0.998        C  100 0.985
   157  H   0.998        C  101 0.982
   158  H   0.998        C  101 0.984
   159  H   0.999        C  101 0.986

molecular dipole:
                 x           y           z       tot (Debye)
 q only:        0.926       1.739      -2.666
   full:        1.102       1.903      -3.233       9.939
molecular quadrupole (traceless):
                xx          xy          yy          xz          yz          zz
 q only:       35.019    -106.621     -67.159    -171.931     -82.172      32.140
  q+dip:       41.271     -84.489     -58.597    -175.564     -63.737      17.326
   full:       38.769     -88.889     -57.500    -175.869     -67.881      18.731


           -------------------------------------------------
          | TOTAL ENERGY             -269.387509047404 Eh   |
          | GRADIENT NORM               0.114536498090 Eh/α |
          | HOMO-LUMO GAP               0.829705520325 eV   |
           -------------------------------------------------

------------------------------------------------------------------------
 * finished run on 2021/04/12 at 13:53:59.518     
------------------------------------------------------------------------
 total:
 * wall-time:     0 d,  0 h,  0 min,  1.726 sec
 *  cpu-time:     0 d,  0 h,  0 min,  1.714 sec
 * ratio c/w:     0.993 speedup
 SCF:
 * wall-time:     0 d,  0 h,  0 min,  1.307 sec
 *  cpu-time:     0 d,  0 h,  0 min,  1.304 sec
 * ratio c/w:     0.998 speedup

