      -----------------------------------------------------------      
     |                   =====================                   |     
     |                           x T B                           |     
     |                   =====================                   |     
     |                         S. Grimme                         |     
     |          Mulliken Center for Theoretical Chemistry        |     
     |                    University of Bonn                     |     
     |                Version 6.2 RC2 (SAW190805)                |     
      -----------------------------------------------------------      

   This program is distributed in the hope that it will be useful,
   but WITHOUT ANY WARRANTY; without even the implied warranty of
   MERCHANTABILITY or FITNESS FOR A PARTICULAR PURPOSE.
   
   FOR NON-COMMERCIAL, ACADEMIA USE ONLY.
   
   Cite this work as:
   * S. Grimme, C. Bannwarth, P. Shushkov, J. Chem. Theory Comput., 2017,
     13, 1989-2009. DOI: 10.1021/acs.jctc.7b00118
   * C. Bannwarth, S. Ehlert and S. Grimme., J. Chem. Theory Comput., 2019,
     15, 1652-1671. DOI: 10.1021/acs.jctc.8b01176
   * P. Pracht, E. Caldeweyher, S. Ehlert, S. Grimme, ChemRxiv, 2019, preprint.
     DOI: 10.26434/chemrxiv.8326202.v1
   
   for DFT-D4:
   * E. Caldeweyher, C. Bannwarth and S. Grimme, J. Chem. Phys., 2017,
     147, 034112. DOI: 10.1063/1.4993215
   * E. Caldeweyher, S. Ehlert, A. Hansen, H. Neugebauer, S. Spicher,
     C. Bannwarth and S. Grimme, J. Chem. Phys., 2019, 150, 154122.
     DOI: 10.1063/1.5090222
   
   for sTDA-xTB:
   * S. Grimme and C. Bannwarth, J. Chem. Phys., 2016, 145, 054103.
     DOI: 10.1063/1.4959605
   
   in the mass-spec context:
   * V. Asgeirsson, C. Bauer and S. Grimme, Chem. Sci., 2017, 8, 4879.
     DOI: 10.1039/c7sc00601b
   
   for metadynamics refer to:
   * S. Grimme, J. Chem. Theory Comput., 2019, 155, 2847-2862
     DOI: 10.1021/acs.jctc.9b00143
   
   with help from (in alphabetical order)
   C. Bannwarth, F. Bohle, G. Brandenburg, E. Caldeweyher, M. Checinski,
   S. Dohm, S. Ehlert, S. Ehrlich, F. März, H. Neugebauer, J. Pisarek,
   P. Pracht, P. Shushkov, and S. Spicher.
   
 * started run on 2021/04/12 at 13:53:59.536     

           -------------------------------------------------
          |                Calculation Setup                |
           -------------------------------------------------

          program call               : /ihome/ghutchison/geoffh/xtb/xtb p-IO2.xyz -sp
          hostname                   : smp-n149
          coordinate file            : p-IO2.xyz
          omp threads                :                     1
          number of atoms            :                   160
          number of electrons        :                   498
          charge                     :                     0
          spin                       :                   0.0
          first test random number   :      0.24948090603849


########################################################################
# WARNING! Please study the warnings concerning your input carefully
#  - XTBPATH is not set, using XTBHOME instead
#  - the use of '-sp' is discouraged, please use '--sp' next time
########################################################################

           ------------------------------------------------- 
          |                 G F N 2 - x T B                 |
          | Geometry, Frequencies, Noncovalent interactions |
          |            JCTC 2019 parametrisation            |
           ------------------------------------------------- 
             KAB for C  - Si     :                1.0500
             KAB for H  - Pd     :                0.9500
             k(s)              :                1.8500
             k(p)              :                2.2300
             k(d)              :                2.2300
             k(f)              :                2.0000
             kEN (H0ij)        :               -2.0000
             D4 a1             :                0.5200
             D4 a2             :                5.0000
             D4 s6             :                1.0000
             D4 s8             :                2.7000
             D4 s9             :                5.0000
             alphaj            :                2.0000

  Z AO/shell   Hii/eV     exponent
  1     Wed Apr 25 08:07:45 CEST 2018   EN: 2.200 GM2: 0.406  GM3: 0.0800  RAES: 1.40
     1s    -10.707211    1.230000
  6     Wed Apr 25 08:07:45 CEST 2018   EN: 2.550 GM2: 0.538  GM3: 0.1500  RAES: 3.00
     2s    -13.970922    2.096432
     2p    -10.063292    1.800000
  7     Wed Apr 25 08:07:45 CEST 2018   EN: 3.040 GM2: 0.461  GM3:-0.0640  RAES: 1.90
     2s    -16.686243    2.339881
     2p    -12.523956    2.014332
  8     Wed Apr 25 08:07:45 CEST 2018   EN: 3.440 GM2: 0.452  GM3:-0.0517  RAES: 1.80
     2s    -20.229985    2.439742
     2p    -15.503117    2.137023
  9     Mon Apr 23 13:58:50 CEST 2018   EN: 3.980 GM2: 0.532  GM3: 0.1426  RAES: 2.40
     2s    -23.458179    2.416361
     2p    -15.746583    2.308399
 16     Tue Apr 24 11:44:34 CEST 2018   EN: 2.580 GM2: 0.340  GM3:-0.0502  RAES: 3.10
     3s    -20.029654    1.981333
     3p    -11.377694    2.025643
     3d     -0.420282    1.702555

           ------------------------------------------------- 
          |        Self-Consistent Charge Iterations        |
           ------------------------------------------------- 

          ...................................................
          :                      SETUP                      :
          :.................................................:
          :  # basis functions                 490          :
          :  # atomic orbitals                 486          :
          :  # shells                          266          :
          :  # electrons                       498          :
          :  max. iterations                   250          :
          :  Hamiltonian                  GFN2-xTB          :
          :  restarted?                      false          :
          :  GBSA solvation                  false          :
          :  PC potential                    false          :
          :  electronic temp.          300.0000000     K    :
          :  accuracy                    1.0000000          :
          :  -> integral cutoff          0.2500000E+02      :
          :  -> integral neglect         0.1000000E-07      :
          :  -> SCF convergence          0.1000000E-05 Eh   :
          :  -> wf. convergence          0.1000000E-03 e    :
          :  Broyden damping             0.4000000          :
          ...................................................

 iter      E             dE          RMSdq      gap      omega  full diag
   1   -277.1543274 -0.277154E+03  0.471E+00    1.14       0.0  T
   2   -277.2755653 -0.121238E+00  0.291E+00    1.06       1.0  T
   3   -276.8164631  0.459102E+00  0.209E+00    0.61       1.0  T
   4   -277.3947134 -0.578250E+00  0.681E-01    1.06       1.0  T
   5   -277.4567957 -0.620824E-01  0.262E-01    0.76       1.0  T
   6   -277.4644812 -0.768551E-02  0.132E-01    0.90       1.0  T
   7   -277.4672012 -0.271998E-02  0.562E-02    0.83       1.0  T
   8   -277.4675911 -0.389862E-03  0.207E-02    0.85       1.0  T
   9   -277.4676268 -0.356730E-04  0.103E-02    0.85       1.0  T
  10   -277.4676349 -0.815085E-05  0.497E-03    0.85       1.6  T
  11   -277.4676366 -0.168753E-05  0.208E-03    0.85       3.8  T
  12   -277.4676370 -0.386819E-06  0.105E-03    0.85       7.5  T
  13   -277.4676371 -0.113112E-06  0.604E-04    0.85      13.1  T
  14   -277.4676371 -0.243601E-07  0.329E-04    0.85      24.1  T

   *** convergence criteria satisfied after 14 iterations ***

         #    Occupation            Energy/Eh            Energy/eV
      -------------------------------------------------------------
         1        2.0000           -0.8482978             -23.0834
       ...           ...                  ...                  ...
       243        2.0000           -0.4014685             -10.9245
       244        2.0000           -0.3987343             -10.8501
       245        2.0000           -0.3960194             -10.7762
       246        2.0000           -0.3940315             -10.7221
       247        2.0000           -0.3924458             -10.6790
       248        2.0000           -0.3836342             -10.4392
       249        2.0000           -0.3709668             -10.0945 (HOMO)
       250        0.0000           -0.3397100              -9.2440 (LUMO)
       251                         -0.3374346              -9.1821
       252                         -0.3287726              -8.9464
       253                         -0.3259247              -8.8689
       254                         -0.2966085              -8.0711
       ...                                ...                  ...
       486                          1.0678225              29.0569
      -------------------------------------------------------------
                  HL-Gap            0.0312568 Eh            0.8505 eV
             Fermi-level           -0.3553798 Eh           -9.6704 eV

 SCC (total)                   0 d,  0 h,  0 min,  1.326 sec
 SCC setup                      ...        0 min,  0.005 sec (  0.367%)
 Dispersion                     ...        0 min,  0.010 sec (  0.750%)
 integral evaluation            ...        0 min,  0.394 sec ( 29.740%)
 zeroth order Hamiltonian       ...        0 min,  0.002 sec (  0.160%)
 iterations                     ...        0 min,  0.595 sec ( 44.882%)
 molecular gradient             ...        0 min,  0.314 sec ( 23.712%)
 printout                       ...        0 min,  0.005 sec (  0.385%)

         :::::::::::::::::::::::::::::::::::::::::::::::::::::
         ::                     SUMMARY                     ::
         :::::::::::::::::::::::::::::::::::::::::::::::::::::
         :: total energy            -273.436797426582 Eh    ::
         :: gradient norm              0.114290218804 Eh/a0 ::
         :: HOMO-LUMO gap              0.850540149058 eV    ::
         ::.................................................::
         :: SCC energy              -277.467637125091 Eh    ::
         :: -> isotropic ES            0.158321988300 Eh    ::
         :: -> anisotropic ES          0.021095020189 Eh    ::
         :: -> anisotropic XC          0.151300795132 Eh    ::
         :: -> dispersion             -0.233201686221 Eh    ::
         :: repulsion energy           4.028095113510 Eh    ::
         :: add. restraining           0.000000000000 Eh    ::
         :::::::::::::::::::::::::::::::::::::::::::::::::::::

           -------------------------------------------------
          |                Property Printout                |
           -------------------------------------------------

    * Orbital Energies and Occupations

         #    Occupation            Energy/Eh            Energy/eV
      -------------------------------------------------------------
         1        2.0000           -0.8482978             -23.0834
       ...           ...                  ...                  ...
       237        2.0000           -0.4109855             -11.1835
       238        2.0000           -0.4106947             -11.1756
       239        2.0000           -0.4086281             -11.1193
       240        2.0000           -0.4079627             -11.1012
       241        2.0000           -0.4076308             -11.0922
       242        2.0000           -0.4065402             -11.0625
       243        2.0000           -0.4014685             -10.9245
       244        2.0000           -0.3987343             -10.8501
       245        2.0000           -0.3960194             -10.7762
       246        2.0000           -0.3940315             -10.7221
       247        2.0000           -0.3924458             -10.6790
       248        2.0000           -0.3836342             -10.4392
       249        2.0000           -0.3709668             -10.0945 (HOMO)
       250        0.0000           -0.3397100              -9.2440 (LUMO)
       251                         -0.3374346              -9.1821
       252                         -0.3287726              -8.9464
       253                         -0.3259247              -8.8689
       254                         -0.2966085              -8.0711
       255                         -0.2850551              -7.7567
       256                         -0.2771314              -7.5411
       257                         -0.2672823              -7.2731
       258                         -0.2539951              -6.9116
       259                         -0.2514178              -6.8414
       260                         -0.2494150              -6.7869
       ...                                ...                  ...
       486                          1.0678225              29.0569
      -------------------------------------------------------------
                  HL-Gap            0.0312568 Eh            0.8505 eV
             Fermi-level           -0.3553798 Eh           -9.6704 eV

     #   Z        covCN         q      C6AA      α(0)
     1   6 C      2.860     0.226    23.264     7.906
     2   8 O      0.856    -0.381    21.307     6.189
     3   6 C      3.031    -0.020    28.476     8.753
     4   6 C      2.907    -0.039    28.960     8.824
     5   6 C      2.779     0.160    24.530     8.112
     6   6 C      2.776     0.162    24.489     8.105
     7   6 C      2.908    -0.051    29.258     8.869
     8   6 C      3.012     0.005    27.890     8.663
     9   6 C      3.004     0.029    27.330     8.576
    10   6 C      2.943     0.009    27.808     8.649
    11   6 C      1.914     0.119    28.183     8.574
    12   7 N      0.911    -0.229    26.010     7.376
    13   6 C      1.915     0.119    28.179     8.573
    14   7 N      0.911    -0.226    25.949     7.368
    15   6 C      2.982    -0.039    28.957     8.827
    16   9 F      0.787    -0.183    11.063     3.929
    17   9 F      0.788    -0.181    11.042     3.925
    18   6 C      2.869     0.224    23.299     7.912
    19   8 O      0.856    -0.356    20.830     6.119
    20   6 C      3.019    -0.019    28.470     8.752
    21   6 C      2.906    -0.038    28.939     8.821
    22   6 C      2.777     0.160    24.525     8.111
    23   6 C      2.775     0.162    24.486     8.105
    24   6 C      2.908    -0.051    29.278     8.872
    25   6 C      3.017     0.005    27.892     8.663
    26   6 C      2.996     0.033    27.256     8.564
    27   6 C      2.944     0.005    27.910     8.665
    28   6 C      1.915     0.118    28.190     8.575
    29   7 N      0.911    -0.238    26.226     7.407
    30   6 C      1.915     0.116    28.232     8.581
    31   7 N      0.911    -0.231    26.068     7.384
    32   6 C      2.983    -0.038    28.945     8.825
    33   9 F      0.787    -0.183    11.057     3.928
    34   9 F      0.788    -0.181    11.042     3.925
    35   6 C      2.939    -0.014    28.373     8.736
    36   6 C      2.971     0.027    27.387     8.584
    37   6 C      3.055    -0.082    29.982     8.980
    38   6 C      3.012     0.141    24.918     8.188
    39   6 C      2.994     0.005    27.892     8.663
    40  16 S      2.313    -0.003   141.166    19.997
    41   6 C      3.018     0.018    27.575     8.614
    42  16 S      2.233    -0.002   141.157    19.996
    43   6 C      3.045     0.016    27.604     8.617
    44   6 C      3.196    -0.004    27.593     8.564
    45   6 C      3.039    -0.046    29.095     8.847
    46   6 C      3.015     0.003    27.946     8.672
    47   6 C      3.052     0.005    27.855     8.656
    48   6 C      3.932     0.013    20.294     6.402
    49   6 C      2.902    -0.035    28.869     8.810
    50   6 C      3.049     0.004    27.878     8.659
    51   6 C      3.016     0.003    27.935     8.670
    52   6 C      2.901    -0.035    28.868     8.810
    53   6 C      3.932     0.013    20.287     6.401
    54   6 C      3.182    -0.006    27.718     8.593
    55   6 C      3.048     0.020    27.513     8.603
    56   6 C      3.037    -0.041    28.993     8.832
    57   6 C      3.017     0.021    27.517     8.605
    58  16 S      2.258    -0.019   141.859    20.046
    59   6 C      3.000     0.006    27.874     8.661
    60  16 S      2.360     0.016   140.419    19.944
    61   6 C      2.968     0.024    27.455     8.595
    62   6 C      3.056    -0.065    29.569     8.918
    63   6 C      3.015     0.141    24.911     8.187
    64   6 C      2.967    -0.015    28.383     8.739
    65   8 O      1.702    -0.260    18.313     5.778
    66   6 C      3.694     0.069    19.590     6.332
    67   6 C      3.846    -0.016    20.827     6.491
    68   6 C      3.748    -0.103    22.540     6.772
    69   6 C      3.748    -0.110    22.663     6.790
    70   6 C      2.967     0.011    27.770     8.644
    71   6 C      2.961     0.008    27.844     8.655
    72   6 C      2.961     0.009    27.812     8.650
    73   6 C      2.969     0.011    27.772     8.644
    74   8 O      1.703    -0.256    18.244     5.767
    75   6 C      3.696     0.081    19.397     6.300
    76   6 C      3.847    -0.011    20.732     6.477
    77   6 C      3.748    -0.104    22.551     6.773
    78   6 C      3.750    -0.109    22.654     6.788
    79   6 C      2.912    -0.038    28.933     8.820
    80   6 C      2.914    -0.038    28.956     8.824
    81   6 C      2.956     0.017    27.628     8.621
    82   6 C      2.914    -0.038    28.955     8.824
    83   6 C      2.911    -0.034    28.835     8.805
    84   6 C      2.912    -0.037    28.909     8.817
    85   6 C      2.914    -0.038    28.947     8.823
    86   6 C      2.956     0.018    27.604     8.618
    87   6 C      2.914    -0.038    28.955     8.824
    88   6 C      2.912    -0.035    28.860     8.809
    89   6 C      2.913    -0.034    28.841     8.806
    90   6 C      2.914    -0.039    28.961     8.825
    91   6 C      2.956     0.018    27.612     8.619
    92   6 C      2.914    -0.038    28.947     8.823
    93   6 C      2.912    -0.037    28.926     8.819
    94   6 C      2.911    -0.035    28.868     8.810
    95   6 C      2.914    -0.039    28.957     8.824
    96   6 C      2.956     0.017    27.633     8.622
    97   6 C      2.915    -0.038    28.953     8.824
    98   6 C      2.912    -0.036    28.905     8.816
    99   6 C      3.749    -0.105    22.569     6.775
   100   6 C      3.750    -0.104    22.558     6.774
   101   6 C      3.750    -0.105    22.563     6.775
   102   6 C      3.750    -0.104    22.557     6.773
   103   1 H      0.924     0.091     1.870     2.138
   104   1 H      0.925     0.090     1.879     2.144
   105   1 H      0.924     0.093     1.850     2.127
   106   1 H      0.925     0.090     1.883     2.146
   107   1 H      0.924     0.071     2.078     2.255
   108   1 H      0.925     0.109     1.702     2.040
   109   1 H      0.924     0.050     2.325     2.385
   110   1 H      0.924     0.043     2.406     2.426
   111   1 H      0.924     0.044     2.391     2.418
   112   1 H      0.925     0.057     2.230     2.335
   113   1 H      0.925     0.049     2.334     2.389
   114   1 H      0.923     0.090     1.881     2.145
   115   1 H      0.923     0.043     2.415     2.430
   116   1 H      0.923     0.058     2.221     2.331
   117   1 H      0.923     0.044     2.395     2.420
   118   1 H      0.923     0.037     2.492     2.469
   119   1 H      0.923     0.041     2.437     2.441
   120   1 H      0.923     0.038     2.472     2.459
   121   1 H      0.923     0.034     2.524     2.484
   122   1 H      0.923     0.045     2.383     2.414
   123   1 H      0.923     0.046     2.369     2.407
   124   1 H      0.923     0.039     2.461     2.453
   125   1 H      0.922     0.031     2.569     2.507
   126   1 H      0.922     0.046     2.367     2.406
   127   1 H      0.923     0.037     2.493     2.469
   128   1 H      0.923     0.047     2.356     2.401
   129   1 H      0.923     0.041     2.436     2.441
   130   1 H      0.923     0.038     2.476     2.461
   131   1 H      0.923     0.047     2.353     2.399
   132   1 H      0.923     0.039     2.466     2.456
   133   1 H      0.925     0.028     2.621     2.532
   134   1 H      0.924     0.030     2.580     2.512
   135   1 H      0.924     0.033     2.541     2.493
   136   1 H      0.924     0.033     2.550     2.497
   137   1 H      0.924     0.027     2.627     2.534
   138   1 H      0.924     0.031     2.568     2.506
   139   1 H      0.924     0.033     2.551     2.498
   140   1 H      0.924     0.030     2.592     2.518
   141   1 H      0.924     0.031     2.573     2.508
   142   1 H      0.924     0.032     2.553     2.499
   143   1 H      0.924     0.031     2.577     2.511
   144   1 H      0.925     0.029     2.608     2.525
   145   1 H      0.924     0.032     2.557     2.501
   146   1 H      0.924     0.032     2.554     2.499
   147   1 H      0.924     0.031     2.579     2.512
   148   1 H      0.924     0.026     2.645     2.543
   149   1 H      0.923     0.041     2.438     2.442
   150   1 H      0.923     0.047     2.356     2.401
   151   1 H      0.923     0.045     2.385     2.415
   152   1 H      0.923     0.041     2.440     2.443
   153   1 H      0.923     0.043     2.407     2.426
   154   1 H      0.923     0.047     2.357     2.401
   155   1 H      0.923     0.046     2.371     2.408
   156   1 H      0.923     0.045     2.380     2.413
   157   1 H      0.923     0.040     2.443     2.444
   158   1 H      0.923     0.043     2.412     2.429
   159   1 H      0.923     0.042     2.428     2.437
   160   1 H      0.923     0.046     2.369     2.407

 Mol. C6AA /au·bohr⁶  :     399899.888695
 Mol. C8AA /au·bohr⁸  :   10642639.734723
 Mol. α(0) /au        :       1004.591185


Wiberg/Mayer (AO) data.
largest (>0.10) Wiberg bond orders for each atom
          total WBO             WBO to atom ...
     1  C   3.918        O    2 1.733    C   15 1.053    C    3 1.020
     2  O   2.045        C    1 1.733
     3  C   3.976        C    4 1.404    C    8 1.314    C    1 1.020
     4  C   3.976        C    3 1.404    C    5 1.395    H  103 0.959
     5  C   3.880        C    4 1.395    C    6 1.317    F   16 0.993
     6  C   3.887        C    7 1.398    C    5 1.317    F   17 0.995
     7  C   3.970        C    6 1.398    C    8 1.390    H  104 0.955
     8  C   3.979        C    7 1.390    C    3 1.314    C    9 1.072
     9  C   3.965        C   10 1.490    C   15 1.142    C    8 1.072
    10  C   3.939        C    9 1.490    C   11 1.094    C   13 1.093
    11  C   3.941        N   12 2.762    C   10 1.094
    12  N   2.967        C   11 2.762
    13  C   3.941        N   14 2.771    C   10 1.093
    14  N   2.970        C   13 2.771
    15  C   3.951        C   35 1.488    C    9 1.142    C    1 1.053
    16  F   1.133        C    5 0.993
    17  F   1.138        C    6 0.995
    18  C   3.918        O   19 1.780    C   20 1.015    C   32 1.014
    19  O   2.050        C   18 1.780
    20  C   3.974        C   21 1.406    C   25 1.313    C   18 1.015
    21  C   3.977        C   20 1.406    C   22 1.393    H  105 0.959
    22  C   3.881        C   21 1.393    C   23 1.318    F   33 0.993
    23  C   3.888        C   24 1.397    C   22 1.318    F   34 0.995
    24  C   3.970        C   23 1.397    C   25 1.393    H  106 0.954
    25  C   3.981        C   24 1.393    C   20 1.313    C   26 1.064
    26  C   3.967        C   27 1.463    C   32 1.170    C   25 1.064
    27  C   3.943        C   26 1.463    C   28 1.106    C   30 1.096
    28  C   3.943        N   29 2.758    C   27 1.106
    29  N   2.973        C   28 2.758
    30  C   3.941        N   31 2.765    C   27 1.096
    31  N   2.965        C   30 2.765
    32  C   3.954        C   64 1.497    C   26 1.170    C   18 1.014
    33  F   1.134        C   22 0.993
    34  F   1.138        C   23 0.995
    35  C   3.943        C   15 1.488    C   36 1.292    H  107 0.945
    36  C   3.930        C   37 1.381    C   35 1.292    S   40 1.089
    37  C   3.950        C   36 1.381    C   38 1.344    H  108 0.926    S   40 0.103
    38  C   3.925        C   37 1.344    C   39 1.312    O   65 1.096
    39  C   3.910        C   38 1.312    C   41 1.183    S   40 1.167
    40  S   2.594        C   39 1.167    C   36 1.089    C   37 0.103
    41  C   3.923        C   45 1.452    C   39 1.183    S   42 1.106
    42  S   2.582        C   43 1.166    C   41 1.106
    43  C   3.910        C   44 1.406    S   42 1.166    C   46 1.137
    44  C   3.956        C   43 1.406    C   45 1.346    C   48 0.973
    45  C   3.958        C   41 1.452    C   44 1.346    H  109 0.960
    46  C   3.952        C   49 1.353    C   47 1.281    C   43 1.137
    47  C   3.963        C   52 1.469    C   46 1.281    C   48 0.965
    48  C   3.984        C   44 0.973    C   71 0.971    C   47 0.965    C   70 0.934
    49  C   3.974        C   50 1.459    C   46 1.353    H  110 0.965
    50  C   3.961        C   49 1.459    C   51 1.290    C   53 0.963
    51  C   3.952        C   52 1.344    C   50 1.290    C   55 1.139
    52  C   3.974        C   47 1.469    C   51 1.344    H  111 0.964
    53  C   3.984        C   54 0.969    C   72 0.966    C   50 0.963    C   73 0.944
    54  C   3.956        C   55 1.413    C   56 1.337    C   53 0.969
    55  C   3.909        C   54 1.413    S   58 1.161    C   51 1.139
    56  C   3.956        C   57 1.453    C   54 1.337    H  112 0.959
    57  C   3.923        C   56 1.453    C   59 1.178    S   58 1.110
    58  S   2.575        C   55 1.161    C   57 1.110
    59  C   3.908        C   63 1.315    C   57 1.178    S   60 1.172
    60  S   2.607        C   59 1.172    C   61 1.098
    61  C   3.933        C   62 1.384    C   64 1.282    S   60 1.098
    62  C   3.965        C   61 1.384    C   63 1.335    H  113 0.959
    63  C   3.928        C   62 1.335    C   59 1.315    O   74 1.098
    64  C   3.941        C   32 1.497    C   61 1.282    H  114 0.942
    65  O   2.257        C   38 1.096    C   66 0.948
    66  C   3.928        C   67 0.986    H  116 0.969    H  115 0.967    O   65 0.948
    67  C   3.990        C   68 1.010    C   69 1.007    C   66 0.986    H  117 0.961
    68  C   3.995        C   67 1.010    H  120 0.986    H  118 0.986    H  119 0.986
    69  C   3.994        C   67 1.007    H  121 0.987    H  122 0.985    H  123 0.985
    70  C   3.979        C   79 1.415    C   83 1.401    C   48 0.934    C   81 0.106
    71  C   3.981        C   84 1.418    C   88 1.397    C   48 0.971    C   86 0.106
    72  C   3.983        C   93 1.421    C   89 1.394    C   53 0.966    C   91 0.106
    73  C   3.979        C   94 1.409    C   98 1.404    C   53 0.944    C   96 0.106
    74  O   2.255        C   63 1.098    C   75 0.949
    75  C   3.933        C   76 0.993    H  124 0.967    H  125 0.966    O   74 0.949
    76  C   3.991        C   77 1.009    C   78 1.007    C   75 0.993    H  126 0.966
    77  C   3.995        C   76 1.009    H  127 0.986    H  129 0.986    H  128 0.985
    78  C   3.994        C   76 1.007    H  130 0.986    H  132 0.986    H  131 0.985
    79  C   3.990        C   80 1.441    C   70 1.415    H  133 0.966    C   82 0.108
    80  C   3.989        C   79 1.441    C   81 1.414    H  134 0.969    C   83 0.107
    81  C   3.985        C   80 1.414    C   82 1.400    C  100 1.027    C   70 0.106
    82  C   3.988        C   83 1.456    C   81 1.400    H  135 0.969    C   79 0.108
    83  C   3.988        C   82 1.456    C   70 1.401    H  136 0.968    C   80 0.107
    84  C   3.989        C   85 1.438    C   71 1.418    H  137 0.967    C   87 0.109
    85  C   3.989        C   84 1.438    C   86 1.417    H  138 0.969    C   88 0.108
    86  C   3.985        C   85 1.417    C   87 1.398    C   99 1.027    C   71 0.106
    87  C   3.989        C   88 1.460    C   86 1.398    H  139 0.970    C   84 0.109
    88  C   3.989        C   87 1.460    C   71 1.397    H  140 0.968    C   85 0.108
    89  C   3.989        C   90 1.463    C   72 1.394    H  141 0.968    C   92 0.108
    90  C   3.989        C   89 1.463    C   91 1.395    H  142 0.970    C   93 0.108
    91  C   3.985        C   92 1.420    C   90 1.395    C  101 1.027    C   72 0.106
    92  C   3.989        C   93 1.435    C   91 1.420    H  143 0.969    C   89 0.108
    93  C   3.988        C   92 1.435    C   72 1.421    H  144 0.966    C   90 0.108
    94  C   3.988        C   95 1.445    C   73 1.409    H  145 0.967    C   97 0.107
    95  C   3.988        C   94 1.445    C   96 1.410    H  146 0.969    C   98 0.108
    96  C   3.985        C   95 1.410    C   97 1.404    C  102 1.027    C   73 0.106
    97  C   3.989        C   98 1.453    C   96 1.404    H  147 0.969    C   94 0.107
    98  C   3.990        C   97 1.453    C   73 1.404    H  148 0.967    C   95 0.108
    99  C   3.995        C   86 1.027    H  149 0.986    H  151 0.974    H  150 0.971
   100  C   3.995        C   81 1.027    H  152 0.984    H  153 0.978    H  154 0.968
   101  C   3.995        C   91 1.027    H  157 0.986    H  155 0.973    H  156 0.971
   102  C   3.996        C   96 1.027    H  159 0.983    H  158 0.980    H  160 0.967
   103  H   0.991        C    4 0.959
   104  H   0.991        C    7 0.955
   105  H   0.991        C   21 0.959
   106  H   0.991        C   24 0.954
   107  H   0.994        C   35 0.945
   108  H   0.987        C   37 0.926
   109  H   0.997        C   45 0.960
   110  H   0.997        C   49 0.965
   111  H   0.997        C   52 0.964
   112  H   0.996        C   56 0.959
   113  H   0.997        C   62 0.959
   114  H   0.990        C   64 0.942
   115  H   0.998        C   66 0.967
   116  H   0.996        C   66 0.969
   117  H   0.998        C   67 0.961
   118  H   0.998        C   68 0.986
   119  H   0.998        C   68 0.986
   120  H   0.998        C   68 0.986
   121  H   0.999        C   69 0.987
   122  H   0.998        C   69 0.985
   123  H   0.998        C   69 0.985
   124  H   0.998        C   75 0.967
   125  H   0.998        C   75 0.966
   126  H   0.998        C   76 0.966
   127  H   0.999        C   77 0.986
   128  H   0.998        C   77 0.985
   129  H   0.998        C   77 0.986
   130  H   0.999        C   78 0.986
   131  H   0.997        C   78 0.985
   132  H   0.998        C   78 0.986
   133  H   0.999        C   79 0.966
   134  H   0.999        C   80 0.969
   135  H   0.998        C   82 0.969
   136  H   0.999        C   83 0.968
   137  H   0.999        C   84 0.967
   138  H   0.998        C   85 0.969
   139  H   0.998        C   87 0.970
   140  H   0.999        C   88 0.968
   141  H   0.999        C   89 0.968
   142  H   0.998        C   90 0.970
   143  H   0.998        C   92 0.969
   144  H   0.999        C   93 0.966
   145  H   0.999        C   94 0.967
   146  H   0.998        C   95 0.969
   147  H   0.999        C   97 0.969
   148  H   0.999        C   98 0.967
   149  H   0.998        C   99 0.986
   150  H   0.997        C   99 0.971
   151  H   0.998        C   99 0.974
   152  H   0.998        C  100 0.984
   153  H   0.998        C  100 0.978
   154  H   0.997        C  100 0.968
   155  H   0.997        C  101 0.973
   156  H   0.997        C  101 0.971
   157  H   0.998        C  101 0.986
   158  H   0.998        C  102 0.980
   159  H   0.998        C  102 0.983
   160  H   0.997        C  102 0.967

molecular dipole:
                 x           y           z       tot (Debye)
 q only:       -1.139       3.537      -2.318
   full:       -1.068       3.563      -2.677      11.649
molecular quadrupole (traceless):
                xx          xy          yy          xz          yz          zz
 q only:     -220.178      98.030      87.311      54.624      -1.063     132.867
  q+dip:     -186.946     103.938      75.550      45.940       5.395     111.396
   full:     -192.068     100.115      86.213      43.551       6.845     105.855


           -------------------------------------------------
          | TOTAL ENERGY             -273.436797426582 Eh   |
          | GRADIENT NORM               0.114290218804 Eh/α |
          | HOMO-LUMO GAP               0.850540149058 eV   |
           -------------------------------------------------

------------------------------------------------------------------------
 * finished run on 2021/04/12 at 13:54:01.281     
------------------------------------------------------------------------
 total:
 * wall-time:     0 d,  0 h,  0 min,  1.745 sec
 *  cpu-time:     0 d,  0 h,  0 min,  1.740 sec
 * ratio c/w:     0.997 speedup
 SCF:
 * wall-time:     0 d,  0 h,  0 min,  1.327 sec
 *  cpu-time:     0 d,  0 h,  0 min,  1.324 sec
 * ratio c/w:     0.998 speedup

