      -----------------------------------------------------------      
     |                   =====================                   |     
     |                           x T B                           |     
     |                   =====================                   |     
     |                         S. Grimme                         |     
     |          Mulliken Center for Theoretical Chemistry        |     
     |                    University of Bonn                     |     
     |                Version 6.2 RC2 (SAW190805)                |     
      -----------------------------------------------------------      

   This program is distributed in the hope that it will be useful,
   but WITHOUT ANY WARRANTY; without even the implied warranty of
   MERCHANTABILITY or FITNESS FOR A PARTICULAR PURPOSE.
   
   FOR NON-COMMERCIAL, ACADEMIA USE ONLY.
   
   Cite this work as:
   * S. Grimme, C. Bannwarth, P. Shushkov, J. Chem. Theory Comput., 2017,
     13, 1989-2009. DOI: 10.1021/acs.jctc.7b00118
   * C. Bannwarth, S. Ehlert and S. Grimme., J. Chem. Theory Comput., 2019,
     15, 1652-1671. DOI: 10.1021/acs.jctc.8b01176
   * P. Pracht, E. Caldeweyher, S. Ehlert, S. Grimme, ChemRxiv, 2019, preprint.
     DOI: 10.26434/chemrxiv.8326202.v1
   
   for DFT-D4:
   * E. Caldeweyher, C. Bannwarth and S. Grimme, J. Chem. Phys., 2017,
     147, 034112. DOI: 10.1063/1.4993215
   * E. Caldeweyher, S. Ehlert, A. Hansen, H. Neugebauer, S. Spicher,
     C. Bannwarth and S. Grimme, J. Chem. Phys., 2019, 150, 154122.
     DOI: 10.1063/1.5090222
   
   for sTDA-xTB:
   * S. Grimme and C. Bannwarth, J. Chem. Phys., 2016, 145, 054103.
     DOI: 10.1063/1.4959605
   
   in the mass-spec context:
   * V. Asgeirsson, C. Bauer and S. Grimme, Chem. Sci., 2017, 8, 4879.
     DOI: 10.1039/c7sc00601b
   
   for metadynamics refer to:
   * S. Grimme, J. Chem. Theory Comput., 2019, 155, 2847-2862
     DOI: 10.1021/acs.jctc.9b00143
   
   with help from (in alphabetical order)
   C. Bannwarth, F. Bohle, G. Brandenburg, E. Caldeweyher, M. Checinski,
   S. Dohm, S. Ehlert, S. Ehrlich, F. März, H. Neugebauer, J. Pisarek,
   P. Pracht, P. Shushkov, and S. Spicher.
   
 * started run on 2020/11/20 at 13:45:47.579     

           -------------------------------------------------
          |                Calculation Setup                |
           -------------------------------------------------

          program call               : /ihome/ghutchison/geoffh/xtb/xtb PCBM.xyz -sp
          hostname                   : smp-n106
          coordinate file            : PCBM.xyz
          omp threads                :                     1
          number of atoms            :                    88
          number of electrons        :                   314
          charge                     :                     0
          spin                       :                   0.0
          first test random number   :      0.81385333611515


########################################################################
# WARNING! Please study the warnings concerning your input carefully
#  - XTBPATH is not set, using XTBHOME instead
#  - the use of '-sp' is discouraged, please use '--sp' next time
########################################################################

           ------------------------------------------------- 
          |                 G F N 2 - x T B                 |
          | Geometry, Frequencies, Noncovalent interactions |
          |            JCTC 2019 parametrisation            |
           ------------------------------------------------- 
             KAB for C  - Si     :                1.0500
             KAB for H  - Pd     :                0.9500
             k(s)              :                1.8500
             k(p)              :                2.2300
             k(d)              :                2.2300
             k(f)              :                2.0000
             kEN (H0ij)        :               -2.0000
             D4 a1             :                0.5200
             D4 a2             :                5.0000
             D4 s6             :                1.0000
             D4 s8             :                2.7000
             D4 s9             :                5.0000
             alphaj            :                2.0000

  Z AO/shell   Hii/eV     exponent
  1     Wed Apr 25 08:07:45 CEST 2018   EN: 2.200 GM2: 0.406  GM3: 0.0800  RAES: 1.40
     1s    -10.707211    1.230000
  6     Wed Apr 25 08:07:45 CEST 2018   EN: 2.550 GM2: 0.538  GM3: 0.1500  RAES: 3.00
     2s    -13.970922    2.096432
     2p    -10.063292    1.800000
  8     Wed Apr 25 08:07:45 CEST 2018   EN: 3.440 GM2: 0.452  GM3:-0.0517  RAES: 1.80
     2s    -20.229985    2.439742
     2p    -15.503117    2.137023

           ------------------------------------------------- 
          |        Self-Consistent Charge Iterations        |
           ------------------------------------------------- 

          ...................................................
          :                      SETUP                      :
          :.................................................:
          :  # basis functions                 310          :
          :  # atomic orbitals                 310          :
          :  # shells                          162          :
          :  # electrons                       314          :
          :  max. iterations                   250          :
          :  Hamiltonian                  GFN2-xTB          :
          :  restarted?                      false          :
          :  GBSA solvation                  false          :
          :  PC potential                    false          :
          :  electronic temp.          300.0000000     K    :
          :  accuracy                    1.0000000          :
          :  -> integral cutoff          0.2500000E+02      :
          :  -> integral neglect         0.1000000E-07      :
          :  -> SCF convergence          0.1000000E-05 Eh   :
          :  -> wf. convergence          0.1000000E-03 e    :
          :  Broyden damping             0.4000000          :
          ...................................................

 iter      E             dE          RMSdq      gap      omega  full diag
   1   -172.2283422 -0.172228E+03  0.441E+00    1.55       0.0  T
   2   -172.2853888 -0.570466E-01  0.258E+00    1.61       1.0  T
   3   -172.2372141  0.481746E-01  0.823E-01    1.42       1.0  T
   4   -172.2696349 -0.324208E-01  0.381E-01    1.60       1.0  T
   5   -172.2948069 -0.251719E-01  0.797E-02    1.54       1.0  T
   6   -172.2952907 -0.483851E-03  0.380E-02    1.55       1.0  T
   7   -172.2952724  0.183498E-04  0.255E-02    1.55       1.0  T
   8   -172.2953424 -0.700469E-04  0.731E-03    1.55       1.5  T
   9   -172.2953468 -0.436969E-05  0.322E-03    1.55       3.3  T
  10   -172.2953475 -0.677418E-06  0.124E-03    1.55       8.6  T
  11   -172.2953474  0.169993E-07  0.741E-04    1.55      14.4  T
  12   -172.2953475 -0.687345E-07  0.292E-04    1.55      36.5  T

   *** convergence criteria satisfied after 12 iterations ***

         #    Occupation            Energy/Eh            Energy/eV
      -------------------------------------------------------------
         1        2.0000           -0.7488234             -20.3765
       ...           ...                  ...                  ...
       151        2.0000           -0.4068750             -11.0716
       152        2.0000           -0.4002642             -10.8917
       153        2.0000           -0.3855291             -10.4908
       154        2.0000           -0.3826423             -10.4122
       155        2.0000           -0.3813630             -10.3774
       156        2.0000           -0.3809898             -10.3673
       157        2.0000           -0.3758319             -10.2269 (HOMO)
       158                         -0.3187964              -8.6749 (LUMO)
       159                         -0.3176544              -8.6438
       160                         -0.3112216              -8.4688
       161                         -0.2911867              -7.9236
       162                         -0.2898356              -7.8868
       ...                                ...                  ...
       310                          0.6612960              17.9948
      -------------------------------------------------------------
                  HL-Gap            0.0570355 Eh            1.5520 eV
             Fermi-level           -0.3474413 Eh           -9.4544 eV

 SCC (total)                   0 d,  0 h,  0 min,  0.646 sec
 SCC setup                      ...        0 min,  0.003 sec (  0.389%)
 Dispersion                     ...        0 min,  0.007 sec (  1.123%)
 integral evaluation            ...        0 min,  0.199 sec ( 30.818%)
 zeroth order Hamiltonian       ...        0 min,  0.002 sec (  0.325%)
 iterations                     ...        0 min,  0.230 sec ( 35.549%)
 molecular gradient             ...        0 min,  0.203 sec ( 31.415%)
 printout                       ...        0 min,  0.002 sec (  0.369%)

         :::::::::::::::::::::::::::::::::::::::::::::::::::::
         ::                     SUMMARY                     ::
         :::::::::::::::::::::::::::::::::::::::::::::::::::::
         :: total energy            -169.455812971383 Eh    ::
         :: gradient norm              0.069415284281 Eh/a0 ::
         :: HOMO-LUMO gap              1.552014024786 eV    ::
         ::.................................................::
         :: SCC energy              -172.295347510146 Eh    ::
         :: -> isotropic ES            0.042600774767 Eh    ::
         :: -> anisotropic ES          0.005618196860 Eh    ::
         :: -> anisotropic XC          0.051317912206 Eh    ::
         :: -> dispersion             -0.203606176053 Eh    ::
         :: repulsion energy           2.816998492911 Eh    ::
         :: add. restraining           0.000000000000 Eh    ::
         :::::::::::::::::::::::::::::::::::::::::::::::::::::

           -------------------------------------------------
          |                Property Printout                |
           -------------------------------------------------

    * Orbital Energies and Occupations

         #    Occupation            Energy/Eh            Energy/eV
      -------------------------------------------------------------
         1        2.0000           -0.7488234             -20.3765
       ...           ...                  ...                  ...
       145        2.0000           -0.4128698             -11.2348
       146        2.0000           -0.4126124             -11.2278
       147        2.0000           -0.4122914             -11.2190
       148        2.0000           -0.4122209             -11.2171
       149        2.0000           -0.4121225             -11.2144
       150        2.0000           -0.4110503             -11.1852
       151        2.0000           -0.4068750             -11.0716
       152        2.0000           -0.4002642             -10.8917
       153        2.0000           -0.3855291             -10.4908
       154        2.0000           -0.3826423             -10.4122
       155        2.0000           -0.3813630             -10.3774
       156        2.0000           -0.3809898             -10.3673
       157        2.0000           -0.3758319             -10.2269 (HOMO)
       158                         -0.3187964              -8.6749 (LUMO)
       159                         -0.3176544              -8.6438
       160                         -0.3112216              -8.4688
       161                         -0.2911867              -7.9236
       162                         -0.2898356              -7.8868
       163                         -0.2816113              -7.6630
       164                         -0.2595733              -7.0633
       165                         -0.2469664              -6.7203
       166                         -0.2464525              -6.7063
       167                         -0.2462489              -6.7008
       168                         -0.2458242              -6.6892
       ...                                ...                  ...
       310                          0.6612960              17.9948
      -------------------------------------------------------------
                  HL-Gap            0.0570355 Eh            1.5520 eV
             Fermi-level           -0.3474413 Eh           -9.4544 eV

     #   Z        covCN         q      C6AA      α(0)
     1   6 C      3.018    -0.001    28.041     8.686
     2   6 C      3.010    -0.005    28.131     8.700
     3   6 C      3.943     0.015    20.258     6.396
     4   6 C      3.011    -0.004    28.114     8.698
     5   6 C      3.018    -0.002    28.050     8.688
     6   6 C      3.026    -0.003    28.079     8.692
     7   6 C      3.021    -0.004    28.091     8.694
     8   6 C      3.019    -0.003    28.066     8.690
     9   6 C      3.014    -0.007    28.169     8.706
    10   6 C      3.013    -0.007    28.166     8.706
    11   6 C      3.011    -0.006    28.148     8.703
    12   6 C      3.942     0.014    20.275     6.399
    13   6 C      3.010    -0.008    28.211     8.713
    14   6 C      3.013    -0.009    28.233     8.716
    15   6 C      3.013    -0.008    28.209     8.712
    16   6 C      3.019    -0.003    28.085     8.693
    17   6 C      3.020    -0.000    28.013     8.682
    18   6 C      3.019    -0.004    28.097     8.695
    19   6 C      3.022    -0.004    28.096     8.695
    20   6 C      3.025    -0.004    28.095     8.694
    21   6 C      3.018    -0.003    28.079     8.692
    22   6 C      3.018    -0.003    28.080     8.692
    23   6 C      3.025    -0.004    28.095     8.694
    24   6 C      3.021    -0.004    28.093     8.694
    25   6 C      3.019    -0.003    28.070     8.691
    26   6 C      3.020     0.000    27.996     8.679
    27   6 C      3.021    -0.001    28.033     8.685
    28   6 C      3.020    -0.002    28.041     8.686
    29   6 C      3.023    -0.001    28.023     8.683
    30   6 C      3.021    -0.001    28.036     8.685
    31   6 C      3.020    -0.001    28.023     8.683
    32   6 C      3.020    -0.001    28.029     8.684
    33   6 C      3.021    -0.001    28.032     8.685
    34   6 C      3.021    -0.001    28.031     8.685
    35   6 C      3.020    -0.001    28.038     8.686
    36   6 C      3.023    -0.001    28.032     8.685
    37   6 C      3.021    -0.001    28.037     8.686
    38   6 C      3.021    -0.001    28.024     8.684
    39   6 C      3.021    -0.001    28.033     8.685
    40   6 C      3.021    -0.002    28.043     8.686
    41   6 C      3.023    -0.001    28.034     8.685
    42   6 C      3.020    -0.001    28.040     8.686
    43   6 C      3.021    -0.001    28.038     8.686
    44   6 C      3.019    -0.002    28.044     8.687
    45   6 C      3.020    -0.001    28.036     8.685
    46   6 C      3.021    -0.001    28.034     8.685
    47   6 C      3.020    -0.001    28.030     8.684
    48   6 C      3.021    -0.001    28.023     8.683
    49   6 C      3.020    -0.001    28.027     8.684
    50   6 C      3.021    -0.001    28.029     8.684
    51   6 C      3.021    -0.001    28.032     8.685
    52   6 C      3.020    -0.001    28.030     8.685
    53   6 C      3.020    -0.001    28.027     8.684
    54   6 C      3.020    -0.001    28.023     8.683
    55   6 C      3.021    -0.001    28.037     8.686
    56   6 C      3.023    -0.001    28.024     8.683
    57   6 C      3.021    -0.004    28.089     8.694
    58   6 C      3.026    -0.003    28.063     8.689
    59   6 C      3.021    -0.001    28.019     8.683
    60   6 C      3.021    -0.000    28.014     8.682
    61   6 C      3.912     0.029    20.024     6.360
    62   6 C      3.801    -0.056    21.582     6.614
    63   6 C      2.963     0.009    27.818     8.651
    64   6 C      2.913    -0.031    28.774     8.796
    65   6 C      2.909    -0.027    28.673     8.780
    66   6 C      2.909    -0.028    28.698     8.784
    67   6 C      2.909    -0.027    28.683     8.782
    68   6 C      2.914    -0.032    28.794     8.799
    69   1 H      0.924     0.036     2.501     2.473
    70   1 H      0.924     0.035     2.523     2.484
    71   1 H      0.924     0.037     2.490     2.468
    72   1 H      0.924     0.031     2.568     2.506
    73   1 H      0.924     0.035     2.523     2.484
    74   6 C      3.801    -0.052    21.511     6.603
    75   1 H      0.923     0.042     2.428     2.437
    76   1 H      0.923     0.048     2.349     2.397
    77   1 H      0.923     0.055     2.253     2.348
    78   6 C      3.800    -0.087    22.165     6.703
    79   1 H      0.923     0.048     2.339     2.392
    80   1 H      0.923     0.065     2.146     2.291
    81   1 H      0.922     0.068     2.110     2.272
    82   6 C      2.718     0.355    20.975     7.497
    83   8 O      0.856    -0.404    21.761     6.254
    84   8 O      1.703    -0.266    18.403     5.792
    85   6 C      3.648     0.033    20.332     6.478
    86   1 H      0.924     0.069     2.094     2.263
    87   1 H      0.923     0.062     2.171     2.304
    88   1 H      0.923     0.064     2.151     2.294

 Mol. C6AA /au·bohr⁶  :     164753.748079
 Mol. C8AA /au·bohr⁸  :    4556054.309259
 Mol. α(0) /au        :        655.096362


Wiberg/Mayer (AO) data.
largest (>0.10) Wiberg bond orders for each atom
          total WBO             WBO to atom ...
     1  C   3.961        C   58 1.368    C    2 1.183    C    5 1.149
     2  C   3.958        C   15 1.448    C    1 1.183    C    3 1.047
     3  C   3.931        C    4 1.047    C    2 1.047    C   61 0.905    C   12 0.734
     4  C   3.959        C    9 1.449    C    5 1.186    C    3 1.047
     5  C   3.961        C    6 1.366    C    4 1.186    C    1 1.149
     6  C   3.956        C    5 1.366    C    7 1.175    C   60 1.147
     7  C   3.955        C    8 1.368    C    6 1.175    C   29 1.154
     8  C   3.958        C    7 1.368    C    9 1.173    C   26 1.152
     9  C   3.959        C    4 1.449    C    8 1.173    C   10 1.086
    10  C   3.959        C   11 1.450    C   25 1.173    C    9 1.086
    11  C   3.958        C   10 1.450    C   22 1.186    C   12 1.046
    12  C   3.930        C   13 1.049    C   11 1.046    C   61 0.903    C    3 0.734
    13  C   3.957        C   14 1.447    C   21 1.184    C   12 1.049
    14  C   3.957        C   13 1.447    C   18 1.171    C   15 1.085
    15  C   3.957        C    2 1.448    C   16 1.172    C   14 1.085
    16  C   3.958        C   57 1.368    C   15 1.172    C   17 1.152
    17  C   3.959        C   43 1.393    C   18 1.153    C   16 1.152
    18  C   3.958        C   19 1.368    C   14 1.171    C   17 1.153
    19  C   3.955        C   18 1.368    C   20 1.175    C   41 1.154
    20  C   3.956        C   21 1.368    C   19 1.175    C   39 1.147
    21  C   3.960        C   20 1.368    C   13 1.184    C   22 1.149
    22  C   3.960        C   23 1.366    C   11 1.186    C   21 1.149
    23  C   3.956        C   22 1.366    C   24 1.176    C   38 1.147
    24  C   3.955        C   25 1.368    C   23 1.176    C   36 1.153
    25  C   3.958        C   24 1.368    C   10 1.173    C   26 1.151
    26  C   3.960        C   27 1.394    C    8 1.152    C   25 1.151
    27  C   3.957        C   26 1.394    C   28 1.149    C   35 1.149
    28  C   3.960        C   29 1.388    C   33 1.158    C   27 1.149
    29  C   3.957        C   28 1.388    C    7 1.154    C   30 1.150
    30  C   3.958        C   31 1.389    C   60 1.154    C   29 1.150
    31  C   3.958        C   30 1.389    C   32 1.154    C   54 1.150
    32  C   3.958        C   33 1.387    C   31 1.154    C   52 1.152
    33  C   3.957        C   32 1.387    C   28 1.158    C   34 1.147
    34  C   3.957        C   50 1.387    C   35 1.159    C   33 1.147
    35  C   3.960        C   36 1.388    C   34 1.159    C   27 1.149
    36  C   3.956        C   35 1.388    C   24 1.153    C   37 1.150
    37  C   3.959        C   49 1.388    C   38 1.155    C   36 1.150
    38  C   3.959        C   39 1.393    C   37 1.155    C   23 1.147
    39  C   3.958        C   38 1.393    C   40 1.155    C   20 1.147
    40  C   3.958        C   48 1.389    C   39 1.155    C   41 1.150
    41  C   3.956        C   42 1.388    C   19 1.154    C   40 1.150
    42  C   3.960        C   41 1.388    C   46 1.158    C   43 1.149
    43  C   3.957        C   17 1.393    C   44 1.149    C   42 1.149
    44  C   3.960        C   56 1.388    C   45 1.158    C   43 1.149
    45  C   3.957        C   53 1.387    C   44 1.158    C   46 1.148
    46  C   3.957        C   47 1.387    C   42 1.158    C   45 1.148
    47  C   3.958        C   46 1.387    C   48 1.154    C   51 1.152
    48  C   3.958        C   40 1.389    C   47 1.154    C   49 1.150
    49  C   3.957        C   37 1.388    C   50 1.154    C   48 1.150
    50  C   3.958        C   34 1.387    C   49 1.154    C   51 1.152
    51  C   3.957        C   52 1.389    C   47 1.152    C   50 1.152
    52  C   3.957        C   51 1.389    C   53 1.152    C   32 1.152
    53  C   3.958        C   45 1.387    C   54 1.154    C   52 1.152
    54  C   3.957        C   55 1.388    C   53 1.154    C   31 1.150
    55  C   3.958        C   54 1.388    C   59 1.154    C   56 1.150
    56  C   3.956        C   44 1.388    C   57 1.154    C   55 1.150
    57  C   3.955        C   16 1.368    C   58 1.175    C   56 1.154
    58  C   3.956        C    1 1.368    C   57 1.175    C   59 1.147
    59  C   3.959        C   60 1.393    C   55 1.154    C   58 1.147
    60  C   3.959        C   59 1.393    C   30 1.154    C    6 1.147
    61  C   3.924        C   63 0.987    C   62 0.979    C    3 0.905    C   12 0.903
    62  C   3.991        C   74 1.004    C   61 0.979    H   75 0.971    H   76 0.968
    63  C   3.984        C   64 1.412    C   68 1.408    C   61 0.987    C   66 0.110
    64  C   3.988        C   65 1.440    C   63 1.412    H   71 0.967    C   67 0.111
    65  C   3.990        C   66 1.441    C   64 1.440    H   69 0.970    C   68 0.112
    66  C   3.989        C   65 1.441    C   67 1.436    H   70 0.971    C   63 0.110
    67  C   3.990        C   68 1.445    C   66 1.436    H   73 0.971    C   64 0.111
    68  C   3.988        C   67 1.445    C   63 1.408    H   72 0.969    C   65 0.112
    69  H   0.998        C   65 0.970
    70  H   0.998        C   66 0.971
    71  H   0.999        C   64 0.967
    72  H   0.999        C   68 0.969
    73  H   0.998        C   67 0.971
    74  C   3.989        C   78 1.008    C   62 1.004    H   79 0.973    H   77 0.970
    75  H   0.996        C   62 0.971
    76  H   0.997        C   62 0.968
    77  H   0.997        C   74 0.970
    78  C   3.994        C   74 1.008    C   82 0.974    H   80 0.958    H   81 0.948
    79  H   0.998        C   74 0.973
    80  H   0.996        C   78 0.958
    81  H   0.995        C   78 0.948
    82  C   3.917        O   83 1.762    O   84 1.123    C   78 0.974
    83  O   2.042        C   82 1.762    O   84 0.170
    84  O   2.296        C   82 1.123    C   85 0.957    O   83 0.170
    85  C   3.924        H   86 0.982    H   88 0.977    H   87 0.977    O   84 0.957
    86  H   0.995        C   85 0.982
    87  H   0.996        C   85 0.977
    88  H   0.996        C   85 0.977

molecular dipole:
                 x           y           z       tot (Debye)
 q only:        1.332      -0.273      -0.868
   full:        1.323      -0.300      -0.969       4.236
molecular quadrupole (traceless):
                xx          xy          yy          xz          yz          zz
 q only:        4.560      -8.847       2.514     -11.803       9.436      -7.075
  q+dip:        4.995      -5.163       1.853     -12.123       9.789      -6.847
   full:        4.915      -7.192       2.696     -12.816      10.452      -7.610


           -------------------------------------------------
          | TOTAL ENERGY             -169.455812971383 Eh   |
          | GRADIENT NORM               0.069415284281 Eh/α |
          | HOMO-LUMO GAP               1.552014024786 eV   |
           -------------------------------------------------

------------------------------------------------------------------------
 * finished run on 2020/11/20 at 13:45:48.455     
------------------------------------------------------------------------
 total:
 * wall-time:     0 d,  0 h,  0 min,  0.875 sec
 *  cpu-time:     0 d,  0 h,  0 min,  0.859 sec
 * ratio c/w:     0.981 speedup
 SCF:
 * wall-time:     0 d,  0 h,  0 min,  0.647 sec
 *  cpu-time:     0 d,  0 h,  0 min,  0.647 sec
 * ratio c/w:     0.999 speedup

