      -----------------------------------------------------------      
     |                   =====================                   |     
     |                           x T B                           |     
     |                   =====================                   |     
     |                         S. Grimme                         |     
     |          Mulliken Center for Theoretical Chemistry        |     
     |                    University of Bonn                     |     
     |                Version 6.2 RC2 (SAW190805)                |     
      -----------------------------------------------------------      

   This program is distributed in the hope that it will be useful,
   but WITHOUT ANY WARRANTY; without even the implied warranty of
   MERCHANTABILITY or FITNESS FOR A PARTICULAR PURPOSE.
   
   FOR NON-COMMERCIAL, ACADEMIA USE ONLY.
   
   Cite this work as:
   * S. Grimme, C. Bannwarth, P. Shushkov, J. Chem. Theory Comput., 2017,
     13, 1989-2009. DOI: 10.1021/acs.jctc.7b00118
   * C. Bannwarth, S. Ehlert and S. Grimme., J. Chem. Theory Comput., 2019,
     15, 1652-1671. DOI: 10.1021/acs.jctc.8b01176
   * P. Pracht, E. Caldeweyher, S. Ehlert, S. Grimme, ChemRxiv, 2019, preprint.
     DOI: 10.26434/chemrxiv.8326202.v1
   
   for DFT-D4:
   * E. Caldeweyher, C. Bannwarth and S. Grimme, J. Chem. Phys., 2017,
     147, 034112. DOI: 10.1063/1.4993215
   * E. Caldeweyher, S. Ehlert, A. Hansen, H. Neugebauer, S. Spicher,
     C. Bannwarth and S. Grimme, J. Chem. Phys., 2019, 150, 154122.
     DOI: 10.1063/1.5090222
   
   for sTDA-xTB:
   * S. Grimme and C. Bannwarth, J. Chem. Phys., 2016, 145, 054103.
     DOI: 10.1063/1.4959605
   
   in the mass-spec context:
   * V. Asgeirsson, C. Bauer and S. Grimme, Chem. Sci., 2017, 8, 4879.
     DOI: 10.1039/c7sc00601b
   
   for metadynamics refer to:
   * S. Grimme, J. Chem. Theory Comput., 2019, 155, 2847-2862
     DOI: 10.1021/acs.jctc.9b00143
   
   with help from (in alphabetical order)
   C. Bannwarth, F. Bohle, G. Brandenburg, E. Caldeweyher, M. Checinski,
   S. Dohm, S. Ehlert, S. Ehrlich, F. März, H. Neugebauer, J. Pisarek,
   P. Pracht, P. Shushkov, and S. Spicher.
   
 * started run on 2020/11/20 at 13:45:51.341     

           -------------------------------------------------
          |                Calculation Setup                |
           -------------------------------------------------

          program call               : /ihome/ghutchison/geoffh/xtb/xtb SeTIC4Cl.xyz -sp
          hostname                   : smp-n106
          coordinate file            : SeTIC4Cl.xyz
          omp threads                :                     1
          number of atoms            :                   138
          number of electrons        :                   442
          charge                     :                     0
          spin                       :                   0.0
          first test random number   :      0.61197695509439


########################################################################
# WARNING! Please study the warnings concerning your input carefully
#  - XTBPATH is not set, using XTBHOME instead
#  - the use of '-sp' is discouraged, please use '--sp' next time
########################################################################

           ------------------------------------------------- 
          |                 G F N 2 - x T B                 |
          | Geometry, Frequencies, Noncovalent interactions |
          |            JCTC 2019 parametrisation            |
           ------------------------------------------------- 
             KAB for C  - Si     :                1.0500
             KAB for H  - Pd     :                0.9500
             k(s)              :                1.8500
             k(p)              :                2.2300
             k(d)              :                2.2300
             k(f)              :                2.0000
             kEN (H0ij)        :               -2.0000
             D4 a1             :                0.5200
             D4 a2             :                5.0000
             D4 s6             :                1.0000
             D4 s8             :                2.7000
             D4 s9             :                5.0000
             alphaj            :                2.0000

  Z AO/shell   Hii/eV     exponent
  1     Wed Apr 25 08:07:45 CEST 2018   EN: 2.200 GM2: 0.406  GM3: 0.0800  RAES: 1.40
     1s    -10.707211    1.230000
  6     Wed Apr 25 08:07:45 CEST 2018   EN: 2.550 GM2: 0.538  GM3: 0.1500  RAES: 3.00
     2s    -13.970922    2.096432
     2p    -10.063292    1.800000
  7     Wed Apr 25 08:07:45 CEST 2018   EN: 3.040 GM2: 0.461  GM3:-0.0640  RAES: 1.90
     2s    -16.686243    2.339881
     2p    -12.523956    2.014332
  8     Wed Apr 25 08:07:45 CEST 2018   EN: 3.440 GM2: 0.452  GM3:-0.0517  RAES: 1.80
     2s    -20.229985    2.439742
     2p    -15.503117    2.137023
 16     Tue Apr 24 11:44:34 CEST 2018   EN: 2.580 GM2: 0.340  GM3:-0.0502  RAES: 3.10
     3s    -20.029654    1.981333
     3p    -11.377694    2.025643
     3d     -0.420282    1.702555
 17     Mon Apr 23 14:09:22 CEST 2018   EN: 3.160 GM2: 0.249  GM3: 0.1495  RAES: 2.50
     3s    -29.278781    2.485265
     3p    -12.673758    2.199650
     3d     -0.240338    2.476089
 34     Tue Jun 26 11:49:08 CEST 2018   EN: 2.550 GM2: 0.235  GM3: 0.0914  RAES: 3.90
     4s    -20.584732    2.230969
     4p    -10.910799    2.150656
     4d     -0.110636    1.317549

           ------------------------------------------------- 
          |        Self-Consistent Charge Iterations        |
           ------------------------------------------------- 

          ...................................................
          :                      SETUP                      :
          :.................................................:
          :  # basis functions                 462          :
          :  # atomic orbitals                 454          :
          :  # shells                          238          :
          :  # electrons                       442          :
          :  max. iterations                   250          :
          :  Hamiltonian                  GFN2-xTB          :
          :  restarted?                      false          :
          :  GBSA solvation                  false          :
          :  PC potential                    false          :
          :  electronic temp.          300.0000000     K    :
          :  accuracy                    1.0000000          :
          :  -> integral cutoff          0.2500000E+02      :
          :  -> integral neglect         0.1000000E-07      :
          :  -> SCF convergence          0.1000000E-05 Eh   :
          :  -> wf. convergence          0.1000000E-03 e    :
          :  Broyden damping             0.4000000          :
          ...................................................

 iter      E             dE          RMSdq      gap      omega  full diag
   1   -244.5706171 -0.244571E+03  0.508E+00    1.27       0.0  T
   2   -244.6538888 -0.832717E-01  0.309E+00    1.22       1.0  T
   3   -244.1258598  0.528029E+00  0.231E+00    0.77       1.0  T
   4   -244.7813555 -0.655496E+00  0.650E-01    1.20       1.0  T
   5   -244.8259705 -0.446150E-01  0.239E-01    0.97       1.0  T
   6   -244.8299290 -0.395856E-02  0.134E-01    1.08       1.0  T
   7   -244.8316894 -0.176042E-02  0.680E-02    1.03       1.0  T
   8   -244.8319852 -0.295734E-03  0.332E-02    1.05       1.0  T
   9   -244.8320360 -0.508739E-04  0.239E-02    1.05       1.0  T
  10   -244.8320519 -0.158848E-04  0.178E-02    1.04       1.0  T
  11   -244.8320681 -0.161584E-04  0.106E-02    1.05       1.0  T
  12   -244.8320740 -0.594471E-05  0.588E-03    1.05       1.4  T
  13   -244.8320754 -0.139877E-05  0.340E-03    1.05       2.5  T
  14   -244.8320764 -0.993397E-06  0.170E-03    1.05       5.0  T
  15   -244.8320767 -0.234057E-06  0.706E-04    1.05      12.1  T
  16   -244.8320767 -0.241213E-07  0.441E-04    1.05      19.3  T

   *** convergence criteria satisfied after 16 iterations ***

         #    Occupation            Energy/Eh            Energy/eV
      -------------------------------------------------------------
         1        2.0000           -1.0757012             -29.2713
       ...           ...                  ...                  ...
       215        2.0000           -0.4015378             -10.9264
       216        2.0000           -0.4009646             -10.9108
       217        2.0000           -0.3963494             -10.7852
       218        2.0000           -0.3958435             -10.7715
       219        2.0000           -0.3946525             -10.7390
       220        2.0000           -0.3905327             -10.6269
       221        2.0000           -0.3802108             -10.3461 (HOMO)
       222                         -0.3417755              -9.3002 (LUMO)
       223                         -0.3376851              -9.1889
       224                         -0.3281491              -8.9294
       225                         -0.3253209              -8.8524
       226                         -0.2977090              -8.1011
       ...                                ...                  ...
       454                          1.0672721              29.0420
      -------------------------------------------------------------
                  HL-Gap            0.0384352 Eh            1.0459 eV
             Fermi-level           -0.3609995 Eh           -9.8233 eV

 SCC (total)                   0 d,  0 h,  0 min,  1.462 sec
 SCC setup                      ...        0 min,  0.005 sec (  0.314%)
 Dispersion                     ...        0 min,  0.012 sec (  0.818%)
 integral evaluation            ...        0 min,  0.408 sec ( 27.924%)
 zeroth order Hamiltonian       ...        0 min,  0.002 sec (  0.164%)
 iterations                     ...        0 min,  0.708 sec ( 48.451%)
 molecular gradient             ...        0 min,  0.321 sec ( 21.980%)
 printout                       ...        0 min,  0.005 sec (  0.344%)

         :::::::::::::::::::::::::::::::::::::::::::::::::::::
         ::                     SUMMARY                     ::
         :::::::::::::::::::::::::::::::::::::::::::::::::::::
         :: total energy            -241.210588019582 Eh    ::
         :: gradient norm              0.106789399544 Eh/a0 ::
         :: HOMO-LUMO gap              1.045876198105 eV    ::
         ::.................................................::
         :: SCC energy              -244.832076681149 Eh    ::
         :: -> isotropic ES            0.101001219075 Eh    ::
         :: -> anisotropic ES          0.013812545477 Eh    ::
         :: -> anisotropic XC          0.159635550884 Eh    ::
         :: -> dispersion             -0.224473082335 Eh    ::
         :: repulsion energy           3.618127313319 Eh    ::
         :: add. restraining           0.000000000000 Eh    ::
         :::::::::::::::::::::::::::::::::::::::::::::::::::::

           -------------------------------------------------
          |                Property Printout                |
           -------------------------------------------------

    * Orbital Energies and Occupations

         #    Occupation            Energy/Eh            Energy/eV
      -------------------------------------------------------------
         1        2.0000           -1.0757012             -29.2713
       ...           ...                  ...                  ...
       209        2.0000           -0.4130917             -11.2408
       210        2.0000           -0.4111550             -11.1881
       211        2.0000           -0.4110604             -11.1855
       212        2.0000           -0.4092916             -11.1374
       213        2.0000           -0.4088766             -11.1261
       214        2.0000           -0.4033716             -10.9763
       215        2.0000           -0.4015378             -10.9264
       216        2.0000           -0.4009646             -10.9108
       217        2.0000           -0.3963494             -10.7852
       218        2.0000           -0.3958435             -10.7715
       219        2.0000           -0.3946525             -10.7390
       220        2.0000           -0.3905327             -10.6269
       221        2.0000           -0.3802108             -10.3461 (HOMO)
       222                         -0.3417755              -9.3002 (LUMO)
       223                         -0.3376851              -9.1889
       224                         -0.3281491              -8.9294
       225                         -0.3253209              -8.8524
       226                         -0.2977090              -8.1011
       227                         -0.2842217              -7.7341
       228                         -0.2727597              -7.4222
       229                         -0.2639602              -7.1827
       230                         -0.2556523              -6.9567
       231                         -0.2543697              -6.9218
       232                         -0.2510752              -6.8321
       ...                                ...                  ...
       454                          1.0672721              29.0420
      -------------------------------------------------------------
                  HL-Gap            0.0384352 Eh            1.0459 eV
             Fermi-level           -0.3609995 Eh           -9.8233 eV

     #   Z        covCN         q      C6AA      α(0)
     1   6 C      3.020     0.008    27.827     8.653
     2   6 C      2.902    -0.033    28.817     8.802
     3   6 C      3.046     0.007    27.814     8.650
     4   6 C      3.020     0.007    27.840     8.655
     5   6 C      2.902    -0.033    28.809     8.801
     6   6 C      3.049     0.007    27.814     8.649
     7   6 C      3.932     0.016    20.250     6.395
     8   6 C      3.145    -0.007    27.922     8.645
     9   6 C      3.039     0.004    27.906     8.665
    10   6 C      3.932     0.016    20.246     6.394
    11   6 C      3.151    -0.005    27.865     8.634
    12   6 C      3.037     0.003    27.924     8.667
    13   6 C      2.967     0.010    27.801     8.649
    14   6 C      2.964     0.009    27.807     8.649
    15   6 C      2.965     0.009    27.803     8.649
    16   6 C      2.966     0.008    27.837     8.654
    17   6 C      3.105     0.024    27.339     8.567
    18   6 C      3.136    -0.001    27.821     8.633
    19  34 Se     2.173     0.009   235.438    26.736
    20  16 S      2.243     0.010   140.657    19.961
    21   6 C      2.981     0.024    27.452     8.595
    22   6 C      3.035    -0.034    28.801     8.803
    23   6 C      3.104     0.013    27.590     8.607
    24   6 C      3.115    -0.001    27.892     8.651
    25  34 Se     2.164     0.002   235.663    26.749
    26  16 S      2.198     0.053   138.905    19.836
    27   6 C      2.974     0.022    27.502     8.602
    28   6 C      3.037    -0.040    28.955     8.826
    29   6 C      2.912    -0.037    28.923     8.819
    30   6 C      2.914    -0.037    28.932     8.820
    31   6 C      2.958     0.013    27.720     8.636
    32   6 C      2.914    -0.035    28.865     8.810
    33   6 C      2.911    -0.034    28.846     8.807
    34   6 C      2.912    -0.035    28.859     8.809
    35   6 C      2.914    -0.036    28.890     8.814
    36   6 C      2.958     0.014    27.699     8.632
    37   6 C      2.914    -0.036    28.884     8.813
    38   6 C      2.912    -0.035    28.866     8.810
    39   6 C      2.912    -0.036    28.907     8.816
    40   6 C      2.914    -0.036    28.905     8.816
    41   6 C      2.959     0.013    27.715     8.635
    42   6 C      2.914    -0.036    28.897     8.815
    43   6 C      2.911    -0.034    28.851     8.808
    44   6 C      2.912    -0.035    28.879     8.812
    45   6 C      2.914    -0.035    28.878     8.812
    46   6 C      2.959     0.016    27.660     8.626
    47   6 C      2.914    -0.034    28.859     8.809
    48   6 C      2.912    -0.034    28.858     8.809
    49   6 C      2.931    -0.010    28.261     8.718
    50   6 C      2.989    -0.035    28.860     8.812
    51   6 C      2.999     0.033    27.249     8.563
    52   6 C      3.015     0.008    27.827     8.653
    53   6 C      3.020    -0.016    28.396     8.741
    54   6 C      2.862     0.227    23.243     7.902
    55   6 C      2.943    -0.038    28.945     8.824
    56   6 C      2.902     0.093    25.938     8.351
    57   6 C      2.904     0.091    25.983     8.358
    58   6 C      2.939    -0.025    28.622     8.774
    59  17 Cl     0.967    -0.117   102.802    15.512
    60  17 Cl     0.971    -0.115   102.736    15.507
    61   8 O      0.856    -0.351    20.732     6.105
    62   6 C      2.944     0.009    27.822     8.651
    63   6 C      1.913     0.117    28.208     8.577
    64   6 C      1.912     0.119    28.168     8.571
    65   7 N      0.911    -0.226    25.948     7.367
    66   7 N      0.911    -0.230    26.024     7.378
    67   6 C      3.800    -0.054    21.549     6.609
    68   6 C      3.746    -0.094    22.361     6.745
    69   6 C      3.800    -0.055    21.556     6.610
    70   6 C      3.745    -0.093    22.353     6.744
    71   6 C      3.800    -0.055    21.557     6.611
    72   6 C      3.745    -0.093    22.352     6.744
    73   6 C      3.801    -0.055    21.558     6.611
    74   6 C      3.746    -0.094    22.356     6.745
    75   6 C      2.906    -0.013    28.327     8.727
    76   6 C      2.986    -0.035    28.874     8.814
    77   6 C      2.999     0.031    27.303     8.571
    78   6 C      3.013     0.007    27.837     8.655
    79   6 C      3.023    -0.017    28.398     8.741
    80   6 C      2.861     0.226    23.256     7.904
    81   6 C      2.944    -0.038    28.951     8.825
    82   6 C      2.901     0.092    25.947     8.352
    83   6 C      2.904     0.091    25.986     8.359
    84   6 C      2.940    -0.025    28.634     8.776
    85  17 Cl     0.966    -0.119   102.859    15.516
    86  17 Cl     0.970    -0.117   102.796    15.511
    87   8 O      0.866    -0.354    20.776     6.111
    88   6 C      2.943     0.009    27.819     8.651
    89   6 C      1.915     0.119    28.164     8.571
    90   6 C      1.914     0.120    28.156     8.569
    91   7 N      0.911    -0.234    26.118     7.391
    92   7 N      0.911    -0.226    25.943     7.367
    93   1 H      0.924     0.047     2.354     2.399
    94   1 H      0.924     0.047     2.360     2.403
    95   1 H      0.925     0.047     2.354     2.399
    96   1 H      0.924     0.062     2.173     2.305
    97   1 H      0.924     0.024     2.668     2.554
    98   1 H      0.924     0.030     2.583     2.513
    99   1 H      0.924     0.037     2.493     2.469
   100   1 H      0.924     0.041     2.436     2.441
   101   1 H      0.924     0.031     2.576     2.510
   102   1 H      0.924     0.033     2.545     2.495
   103   1 H      0.924     0.032     2.551     2.498
   104   1 H      0.924     0.025     2.653     2.547
   105   1 H      0.924     0.025     2.665     2.553
   106   1 H      0.924     0.032     2.558     2.501
   107   1 H      0.924     0.034     2.530     2.487
   108   1 H      0.924     0.033     2.543     2.494
   109   1 H      0.924     0.025     2.657     2.549
   110   1 H      0.924     0.033     2.548     2.496
   111   1 H      0.924     0.035     2.516     2.481
   112   1 H      0.924     0.034     2.534     2.489
   113   1 H      0.923     0.086     1.923     2.169
   114   1 H      0.925     0.088     1.900     2.155
   115   1 H      0.924     0.093     1.853     2.129
   116   1 H      0.923     0.035     2.522     2.483
   117   1 H      0.923     0.038     2.478     2.462
   118   1 H      0.923     0.034     2.537     2.491
   119   1 H      0.923     0.036     2.505     2.475
   120   1 H      0.923     0.036     2.500     2.473
   121   1 H      0.923     0.038     2.481     2.463
   122   1 H      0.923     0.036     2.503     2.474
   123   1 H      0.923     0.034     2.524     2.485
   124   1 H      0.923     0.037     2.495     2.470
   125   1 H      0.923     0.034     2.533     2.489
   126   1 H      0.923     0.036     2.504     2.475
   127   1 H      0.923     0.038     2.478     2.462
   128   1 H      0.923     0.033     2.545     2.495
   129   1 H      0.923     0.037     2.492     2.469
   130   1 H      0.923     0.035     2.519     2.482
   131   1 H      0.923     0.040     2.445     2.445
   132   1 H      0.923     0.036     2.497     2.471
   133   1 H      0.923     0.035     2.515     2.480
   134   1 H      0.923     0.036     2.506     2.475
   135   1 H      0.923     0.033     2.542     2.493
   136   1 H      0.925     0.072     2.061     2.245
   137   1 H      0.925     0.089     1.889     2.150
   138   1 H      0.924     0.091     1.866     2.136

 Mol. C6AA /au·bohr⁶  :     361786.544175
 Mol. C8AA /au·bohr⁸  :   10577636.962885
 Mol. α(0) /au        :        964.585333


Wiberg/Mayer (AO) data.
largest (>0.10) Wiberg bond orders for each atom
          total WBO             WBO to atom ...
     1  C   3.953        C    2 1.346    C    6 1.283    C   12 1.137
     2  C   3.968        C    3 1.467    C    1 1.346    H   93 0.959
     3  C   3.963        C    2 1.467    C    4 1.282    C    7 0.966
     4  C   3.954        C    5 1.345    C    3 1.282    C    9 1.141
     5  C   3.967        C    6 1.467    C    4 1.345    H   94 0.959
     6  C   3.964        C    5 1.467    C    1 1.283    C   10 0.965
     7  C   3.984        C    8 0.966    C    3 0.966    C   14 0.962    C   13 0.944
     8  C   3.954        C    9 1.436    C   23 1.282    C    7 0.966
     9  C   3.907        C    8 1.436    C    4 1.141    Se  25 1.138
    10  C   3.984        C   11 0.968    C    6 0.965    C   16 0.954    C   15 0.952
    11  C   3.961        C   12 1.438    C   17 1.282    C   10 0.968
    12  C   3.910        C   11 1.438    Se  19 1.138    C    1 1.137
    13  C   3.979        C   29 1.412    C   33 1.403    C    7 0.944    C   31 0.106
    14  C   3.981        C   38 1.414    C   34 1.399    C    7 0.962    C   36 0.106
    15  C   3.980        C   39 1.411    C   43 1.402    C   10 0.952    C   41 0.106
    16  C   3.980        C   44 1.410    C   48 1.404    C   10 0.954    C   46 0.106
    17  C   3.933        C   18 1.295    C   11 1.282    S   20 1.148
    18  C   3.941        C   22 1.365    C   17 1.295    Se  19 1.100
    19  Se  2.597        C   12 1.138    C   18 1.100
    20  S   2.580        C   17 1.148    C   21 1.093
    21  C   3.931        C   22 1.409    C   49 1.250    S   20 1.093
    22  C   3.973        C   21 1.409    C   18 1.365    H   95 0.959
    23  C   3.942        C    8 1.282    C   24 1.277    S   26 1.165
    24  C   3.937        C   28 1.398    C   23 1.277    Se  25 1.092
    25  Se  2.590        C    9 1.138    C   24 1.092
    26  S   2.675        C   23 1.165    C   27 1.099
    27  C   3.934        C   28 1.364    C   75 1.290    S   26 1.099
    28  C   3.957        C   24 1.398    C   27 1.364    H   96 0.958
    29  C   3.990        C   30 1.444    C   13 1.412    H   97 0.967    C   32 0.109
    30  C   3.989        C   29 1.444    C   31 1.412    H   98 0.968    C   33 0.107
    31  C   3.984        C   30 1.412    C   32 1.405    C   67 1.012    C   13 0.106
    32  C   3.988        C   33 1.451    C   31 1.405    H   99 0.968    C   29 0.109
    33  C   3.987        C   32 1.451    C   13 1.403    H  100 0.966    C   30 0.107
    34  C   3.989        C   35 1.455    C   14 1.399    H  101 0.967    C   37 0.108
    35  C   3.989        C   34 1.455    C   36 1.402    H  102 0.969    C   38 0.108
    36  C   3.985        C   37 1.414    C   35 1.402    C   69 1.012    C   14 0.106
    37  C   3.990        C   38 1.443    C   36 1.414    H  103 0.969    C   34 0.108
    38  C   3.989        C   37 1.443    C   14 1.414    H  104 0.967    C   35 0.108
    39  C   3.989        C   40 1.445    C   15 1.411    H  105 0.966    C   42 0.108
    40  C   3.990        C   39 1.445    C   41 1.412    H  106 0.968    C   43 0.107
    41  C   3.984        C   40 1.412    C   42 1.404    C   71 1.013    C   15 0.106
    42  C   3.989        C   43 1.452    C   41 1.404    H  107 0.969    C   39 0.108
    43  C   3.988        C   42 1.452    C   15 1.402    H  108 0.967    C   40 0.107
    44  C   3.990        C   45 1.446    C   16 1.410    H  109 0.967    C   47 0.109
    45  C   3.990        C   44 1.446    C   46 1.411    H  110 0.968    C   48 0.107
    46  C   3.984        C   45 1.411    C   47 1.405    C   73 1.013    C   16 0.106
    47  C   3.988        C   48 1.450    C   46 1.405    H  111 0.968    C   44 0.109
    48  C   3.988        C   47 1.450    C   16 1.404    H  112 0.966    C   45 0.107
    49  C   3.940        C   50 1.535    C   21 1.250    H  113 0.947
    50  C   3.950        C   49 1.535    C   51 1.145    C   54 1.010
    51  C   3.970        C   62 1.484    C   50 1.145    C   52 1.070
    52  C   3.982        C   55 1.401    C   53 1.295    C   51 1.070
    53  C   3.974        C   58 1.417    C   52 1.295    C   54 1.012
    54  C   3.922        O   61 1.786    C   53 1.012    C   50 1.010
    55  C   3.971        C   52 1.401    C   56 1.394    H  114 0.955
    56  C   3.921        C   55 1.394    C   57 1.341    Cl  60 1.014
    57  C   3.898        C   58 1.389    C   56 1.341    Cl  59 1.011
    58  C   3.976        C   53 1.417    C   57 1.389    H  115 0.958
    59  Cl  1.157        C   57 1.011
    60  Cl  1.162        C   56 1.014
    61  O   2.060        C   54 1.786
    62  C   3.942        C   51 1.484    C   64 1.097    C   63 1.094
    63  C   3.942        N   65 2.771    C   62 1.094
    64  C   3.943        N   66 2.772    C   62 1.097
    65  N   2.970        C   63 2.771
    66  N   2.981        C   64 2.772
    67  C   3.996        C   31 1.012    C   68 1.005    H  116 0.976    H  117 0.968
    68  C   3.995        C   67 1.005    H  118 0.988    H  120 0.987    H  119 0.986
    69  C   3.996        C   36 1.012    C   70 1.002    H  122 0.975    H  121 0.971
    70  C   3.995        C   69 1.002    H  125 0.988    H  123 0.988    H  124 0.986
    71  C   3.996        C   41 1.013    C   72 1.002    H  126 0.975    H  127 0.971
    72  C   3.995        C   71 1.002    H  128 0.988    H  130 0.988    H  129 0.986
    73  C   3.996        C   46 1.013    C   74 1.005    H  132 0.976    H  131 0.966
    74  C   3.996        C   73 1.005    H  135 0.988    H  133 0.987    H  134 0.986
    75  C   3.937        C   76 1.504    C   27 1.290    H  136 0.937
    76  C   3.950        C   75 1.504    C   77 1.142    C   80 1.049
    77  C   3.966        C   88 1.488    C   76 1.142    C   78 1.074
    78  C   3.980        C   81 1.399    C   79 1.297    C   77 1.074
    79  C   3.975        C   84 1.417    C   78 1.297    C   80 1.016
    80  C   3.923        O   87 1.746    C   76 1.049    C   79 1.016
    81  C   3.970        C   78 1.399    C   82 1.395    H  137 0.953
    82  C   3.920        C   81 1.395    C   83 1.342    Cl  86 1.012
    83  C   3.897        C   84 1.389    C   82 1.342    Cl  85 1.010
    84  C   3.976        C   79 1.417    C   83 1.389    H  138 0.959
    85  Cl  1.157        C   83 1.010
    86  Cl  1.160        C   82 1.012
    87  O   2.084        C   80 1.746
    88  C   3.922        C   77 1.488    C   90 1.095    C   89 1.093
    89  C   3.941        N   92 2.770    C   88 1.093
    90  C   3.941        N   91 2.759    C   88 1.095
    91  N   2.968        C   90 2.759
    92  N   2.970        C   89 2.770
    93  H   0.996        C    2 0.959
    94  H   0.996        C    5 0.959
    95  H   0.997        C   22 0.959
    96  H   0.996        C   28 0.958
    97  H   0.999        C   29 0.967
    98  H   0.999        C   30 0.968
    99  H   0.998        C   32 0.968
   100  H   0.998        C   33 0.966
   101  H   0.999        C   34 0.967
   102  H   0.998        C   35 0.969
   103  H   0.998        C   37 0.969
   104  H   0.999        C   38 0.967
   105  H   0.999        C   39 0.966
   106  H   0.998        C   40 0.968
   107  H   0.998        C   42 0.969
   108  H   0.999        C   43 0.967
   109  H   0.999        C   44 0.967
   110  H   0.998        C   45 0.968
   111  H   0.998        C   47 0.968
   112  H   0.998        C   48 0.966
   113  H   0.989        C   49 0.947
   114  H   0.992        C   55 0.955
   115  H   0.991        C   58 0.958
   116  H   0.998        C   67 0.976
   117  H   0.998        C   67 0.968
   118  H   0.999        C   68 0.988
   119  H   0.998        C   68 0.986
   120  H   0.999        C   68 0.987
   121  H   0.998        C   69 0.971
   122  H   0.998        C   69 0.975
   123  H   0.999        C   70 0.988
   124  H   0.998        C   70 0.986
   125  H   0.999        C   70 0.988
   126  H   0.998        C   71 0.975
   127  H   0.998        C   71 0.971
   128  H   0.999        C   72 0.988
   129  H   0.998        C   72 0.986
   130  H   0.999        C   72 0.988
   131  H   0.998        C   73 0.966
   132  H   0.998        C   73 0.976
   133  H   0.999        C   74 0.987
   134  H   0.998        C   74 0.986
   135  H   0.999        C   74 0.988
   136  H   0.994        C   75 0.937
   137  H   0.992        C   81 0.953
   138  H   0.991        C   84 0.959

molecular dipole:
                 x           y           z       tot (Debye)
 q only:       -0.869       0.963       1.318
   full:       -0.958      -0.205       1.516       4.587
molecular quadrupole (traceless):
                xx          xy          yy          xz          yz          zz
 q only:     -153.869     -70.665      50.110      12.891      -8.500     103.760
  q+dip:     -109.878     -73.218      34.567       1.827     -11.384      75.311
   full:     -111.393     -72.274      28.026       7.629     -13.107      83.367


           -------------------------------------------------
          | TOTAL ENERGY             -241.210588019582 Eh   |
          | GRADIENT NORM               0.106789399544 Eh/α |
          | HOMO-LUMO GAP               1.045876198105 eV   |
           -------------------------------------------------

------------------------------------------------------------------------
 * finished run on 2020/11/20 at 13:45:53.254     
------------------------------------------------------------------------
 total:
 * wall-time:     0 d,  0 h,  0 min,  1.913 sec
 *  cpu-time:     0 d,  0 h,  0 min,  1.903 sec
 * ratio c/w:     0.995 speedup
 SCF:
 * wall-time:     0 d,  0 h,  0 min,  1.463 sec
 *  cpu-time:     0 d,  0 h,  0 min,  1.463 sec
 * ratio c/w:     1.000 speedup

