      -----------------------------------------------------------      
     |                   =====================                   |     
     |                           x T B                           |     
     |                   =====================                   |     
     |                         S. Grimme                         |     
     |          Mulliken Center for Theoretical Chemistry        |     
     |                    University of Bonn                     |     
     |                Version 6.2 RC2 (SAW190805)                |     
      -----------------------------------------------------------      

   This program is distributed in the hope that it will be useful,
   but WITHOUT ANY WARRANTY; without even the implied warranty of
   MERCHANTABILITY or FITNESS FOR A PARTICULAR PURPOSE.
   
   FOR NON-COMMERCIAL, ACADEMIA USE ONLY.
   
   Cite this work as:
   * S. Grimme, C. Bannwarth, P. Shushkov, J. Chem. Theory Comput., 2017,
     13, 1989-2009. DOI: 10.1021/acs.jctc.7b00118
   * C. Bannwarth, S. Ehlert and S. Grimme., J. Chem. Theory Comput., 2019,
     15, 1652-1671. DOI: 10.1021/acs.jctc.8b01176
   * P. Pracht, E. Caldeweyher, S. Ehlert, S. Grimme, ChemRxiv, 2019, preprint.
     DOI: 10.26434/chemrxiv.8326202.v1
   
   for DFT-D4:
   * E. Caldeweyher, C. Bannwarth and S. Grimme, J. Chem. Phys., 2017,
     147, 034112. DOI: 10.1063/1.4993215
   * E. Caldeweyher, S. Ehlert, A. Hansen, H. Neugebauer, S. Spicher,
     C. Bannwarth and S. Grimme, J. Chem. Phys., 2019, 150, 154122.
     DOI: 10.1063/1.5090222
   
   for sTDA-xTB:
   * S. Grimme and C. Bannwarth, J. Chem. Phys., 2016, 145, 054103.
     DOI: 10.1063/1.4959605
   
   in the mass-spec context:
   * V. Asgeirsson, C. Bauer and S. Grimme, Chem. Sci., 2017, 8, 4879.
     DOI: 10.1039/c7sc00601b
   
   for metadynamics refer to:
   * S. Grimme, J. Chem. Theory Comput., 2019, 155, 2847-2862
     DOI: 10.1021/acs.jctc.9b00143
   
   with help from (in alphabetical order)
   C. Bannwarth, F. Bohle, G. Brandenburg, E. Caldeweyher, M. Checinski,
   S. Dohm, S. Ehlert, S. Ehrlich, F. März, H. Neugebauer, J. Pisarek,
   P. Pracht, P. Shushkov, and S. Spicher.
   
 * started run on 2021/04/12 at 13:53:41.103     

           -------------------------------------------------
          |                Calculation Setup                |
           -------------------------------------------------

          program call               : /ihome/ghutchison/geoffh/xtb/xtb SeTIC.xyz -sp
          hostname                   : smp-n149
          coordinate file            : SeTIC.xyz
          omp threads                :                     1
          number of atoms            :                   138
          number of electrons        :                   418
          charge                     :                     0
          spin                       :                   0.0
          first test random number   :      0.22487498964852


########################################################################
# WARNING! Please study the warnings concerning your input carefully
#  - XTBPATH is not set, using XTBHOME instead
#  - the use of '-sp' is discouraged, please use '--sp' next time
########################################################################

           ------------------------------------------------- 
          |                 G F N 2 - x T B                 |
          | Geometry, Frequencies, Noncovalent interactions |
          |            JCTC 2019 parametrisation            |
           ------------------------------------------------- 
             KAB for C  - Si     :                1.0500
             KAB for H  - Pd     :                0.9500
             k(s)              :                1.8500
             k(p)              :                2.2300
             k(d)              :                2.2300
             k(f)              :                2.0000
             kEN (H0ij)        :               -2.0000
             D4 a1             :                0.5200
             D4 a2             :                5.0000
             D4 s6             :                1.0000
             D4 s8             :                2.7000
             D4 s9             :                5.0000
             alphaj            :                2.0000

  Z AO/shell   Hii/eV     exponent
  1     Wed Apr 25 08:07:45 CEST 2018   EN: 2.200 GM2: 0.406  GM3: 0.0800  RAES: 1.40
     1s    -10.707211    1.230000
  6     Wed Apr 25 08:07:45 CEST 2018   EN: 2.550 GM2: 0.538  GM3: 0.1500  RAES: 3.00
     2s    -13.970922    2.096432
     2p    -10.063292    1.800000
  7     Wed Apr 25 08:07:45 CEST 2018   EN: 3.040 GM2: 0.461  GM3:-0.0640  RAES: 1.90
     2s    -16.686243    2.339881
     2p    -12.523956    2.014332
  8     Wed Apr 25 08:07:45 CEST 2018   EN: 3.440 GM2: 0.452  GM3:-0.0517  RAES: 1.80
     2s    -20.229985    2.439742
     2p    -15.503117    2.137023
 16     Tue Apr 24 11:44:34 CEST 2018   EN: 2.580 GM2: 0.340  GM3:-0.0502  RAES: 3.10
     3s    -20.029654    1.981333
     3p    -11.377694    2.025643
     3d     -0.420282    1.702555
 34     Tue Jun 26 11:49:08 CEST 2018   EN: 2.550 GM2: 0.235  GM3: 0.0914  RAES: 3.90
     4s    -20.584732    2.230969
     4p    -10.910799    2.150656
     4d     -0.110636    1.317549

           ------------------------------------------------- 
          |        Self-Consistent Charge Iterations        |
           ------------------------------------------------- 

          ...................................................
          :                      SETUP                      :
          :.................................................:
          :  # basis functions                 426          :
          :  # atomic orbitals                 422          :
          :  # shells                          230          :
          :  # electrons                       418          :
          :  max. iterations                   250          :
          :  Hamiltonian                  GFN2-xTB          :
          :  restarted?                      false          :
          :  GBSA solvation                  false          :
          :  PC potential                    false          :
          :  electronic temp.          300.0000000     K    :
          :  accuracy                    1.0000000          :
          :  -> integral cutoff          0.2500000E+02      :
          :  -> integral neglect         0.1000000E-07      :
          :  -> SCF convergence          0.1000000E-05 Eh   :
          :  -> wf. convergence          0.1000000E-03 e    :
          :  Broyden damping             0.4000000          :
          ...................................................

 iter      E             dE          RMSdq      gap      omega  full diag
   1   -228.4544652 -0.228454E+03  0.489E+00    1.26       0.0  T
   2   -228.5283479 -0.738827E-01  0.294E+00    1.25       1.0  T
   3   -228.0087200  0.519628E+00  0.229E+00    0.81       1.0  T
   4   -228.6399170 -0.631197E+00  0.590E-01    1.20       1.0  T
   5   -228.6747062 -0.347892E-01  0.235E-01    1.01       1.0  T
   6   -228.6785595 -0.385328E-02  0.127E-01    1.11       1.0  T
   7   -228.6803906 -0.183111E-02  0.570E-02    1.07       1.0  T
   8   -228.6806608 -0.270166E-03  0.211E-02    1.08       1.0  T
   9   -228.6806878 -0.269849E-04  0.839E-03    1.08       1.0  T
  10   -228.6806901 -0.232307E-05  0.380E-03    1.08       2.2  T
  11   -228.6806908 -0.656542E-06  0.234E-03    1.08       3.6  T
  12   -228.6806912 -0.403526E-06  0.116E-03    1.08       7.3  T
  13   -228.6806912 -0.720262E-07  0.640E-04    1.08      13.3  T
  14   -228.6806913 -0.237701E-07  0.357E-04    1.08      23.8  T

   *** convergence criteria satisfied after 14 iterations ***

         #    Occupation            Energy/Eh            Energy/eV
      -------------------------------------------------------------
         1        2.0000           -0.7683748             -20.9085
       ...           ...                  ...                  ...
       203        2.0000           -0.3959829             -10.7752
       204        2.0000           -0.3926975             -10.6858
       205        2.0000           -0.3891124             -10.5883
       206        2.0000           -0.3887775             -10.5792
       207        2.0000           -0.3868890             -10.5278
       208        2.0000           -0.3856049             -10.4928
       209        2.0000           -0.3729795             -10.1493 (HOMO)
       210                         -0.3332838              -9.0691 (LUMO)
       211                         -0.3289185              -8.9503
       212                         -0.3163139              -8.6073
       213                         -0.3140353              -8.5453
       214                         -0.2894150              -7.8754
       ...                                ...                  ...
       422                          1.0717996              29.1652
      -------------------------------------------------------------
                  HL-Gap            0.0396957 Eh            1.0802 eV
             Fermi-level           -0.3531364 Eh           -9.6093 eV

 SCC (total)                   0 d,  0 h,  0 min,  1.021 sec
 SCC setup                      ...        0 min,  0.004 sec (  0.377%)
 Dispersion                     ...        0 min,  0.008 sec (  0.800%)
 integral evaluation            ...        0 min,  0.312 sec ( 30.561%)
 zeroth order Hamiltonian       ...        0 min,  0.002 sec (  0.197%)
 iterations                     ...        0 min,  0.423 sec ( 41.477%)
 molecular gradient             ...        0 min,  0.268 sec ( 26.209%)
 printout                       ...        0 min,  0.004 sec (  0.373%)

         :::::::::::::::::::::::::::::::::::::::::::::::::::::
         ::                     SUMMARY                     ::
         :::::::::::::::::::::::::::::::::::::::::::::::::::::
         :: total energy            -225.015305360060 Eh    ::
         :: gradient norm              0.106180848190 Eh/a0 ::
         :: HOMO-LUMO gap              1.080173871225 eV    ::
         ::.................................................::
         :: SCC energy              -228.680691256829 Eh    ::
         :: -> isotropic ES            0.091231009790 Eh    ::
         :: -> anisotropic ES          0.017854185177 Eh    ::
         :: -> anisotropic XC          0.167161677831 Eh    ::
         :: -> dispersion             -0.226416297190 Eh    ::
         :: repulsion energy           3.659916950886 Eh    ::
         :: add. restraining           0.000000000000 Eh    ::
         :::::::::::::::::::::::::::::::::::::::::::::::::::::

           -------------------------------------------------
          |                Property Printout                |
           -------------------------------------------------

    * Orbital Energies and Occupations

         #    Occupation            Energy/Eh            Energy/eV
      -------------------------------------------------------------
         1        2.0000           -0.7683748             -20.9085
       ...           ...                  ...                  ...
       197        2.0000           -0.4073374             -11.0842
       198        2.0000           -0.4025682             -10.9544
       199        2.0000           -0.4019863             -10.9386
       200        2.0000           -0.4013849             -10.9222
       201        2.0000           -0.4008315             -10.9072
       202        2.0000           -0.3974012             -10.8138
       203        2.0000           -0.3959829             -10.7752
       204        2.0000           -0.3926975             -10.6858
       205        2.0000           -0.3891124             -10.5883
       206        2.0000           -0.3887775             -10.5792
       207        2.0000           -0.3868890             -10.5278
       208        2.0000           -0.3856049             -10.4928
       209        2.0000           -0.3729795             -10.1493 (HOMO)
       210                         -0.3332838              -9.0691 (LUMO)
       211                         -0.3289185              -8.9503
       212                         -0.3163139              -8.6073
       213                         -0.3140353              -8.5453
       214                         -0.2894150              -7.8754
       215                         -0.2732194              -7.4347
       216                         -0.2583871              -7.0311
       217                         -0.2523538              -6.8669
       218                         -0.2485580              -6.7636
       219                         -0.2465395              -6.7087
       220                         -0.2462717              -6.7014
       ...                                ...                  ...
       422                          1.0717996              29.1652
      -------------------------------------------------------------
                  HL-Gap            0.0396957 Eh            1.0802 eV
             Fermi-level           -0.3531364 Eh           -9.6093 eV

     #   Z        covCN         q      C6AA      α(0)
     1   6 C      3.019     0.006    27.853     8.657
     2   6 C      2.901    -0.032    28.798     8.799
     3   6 C      3.041     0.006    27.848     8.655
     4   6 C      3.022     0.007    27.841     8.655
     5   6 C      2.902    -0.033    28.817     8.802
     6   6 C      3.043     0.007    27.833     8.653
     7   6 C      3.930     0.015    20.256     6.396
     8   6 C      3.158    -0.006    27.859     8.629
     9   6 C      3.036     0.001    27.964     8.674
    10   6 C      3.931     0.016    20.247     6.395
    11   6 C      3.151    -0.006    27.896     8.639
    12   6 C      3.040     0.002    27.944     8.670
    13   6 C      2.965     0.010    27.802     8.649
    14   6 C      2.962     0.008    27.846     8.655
    15   6 C      2.962     0.007    27.865     8.658
    16   6 C      2.967     0.011    27.773     8.644
    17   6 C      3.112     0.027    27.254     8.552
    18   6 C      3.133    -0.001    27.843     8.638
    19  34 Se     2.177     0.008   235.457    26.738
    20  16 S      2.228    -0.026   142.109    20.064
    21   6 C      2.980     0.026    27.420     8.589
    22   6 C      3.038    -0.035    28.832     8.807
    23   6 C      3.114     0.027    27.249     8.551
    24   6 C      3.133    -0.001    27.837     8.637
    25  34 Se     2.179     0.009   235.424    26.736
    26  16 S      2.238    -0.026   142.147    20.066
    27   6 C      2.982     0.026    27.406     8.587
    28   6 C      3.036    -0.035    28.833     8.807
    29   6 C      2.911    -0.036    28.892     8.814
    30   6 C      2.914    -0.037    28.929     8.820
    31   6 C      2.958     0.013    27.719     8.635
    32   6 C      2.915    -0.035    28.873     8.811
    33   6 C      2.913    -0.034    28.850     8.808
    34   6 C      2.912    -0.034    28.858     8.809
    35   6 C      2.914    -0.036    28.903     8.816
    36   6 C      2.958     0.015    27.673     8.628
    37   6 C      2.914    -0.036    28.888     8.814
    38   6 C      2.911    -0.036    28.897     8.815
    39   6 C      2.911    -0.037    28.912     8.817
    40   6 C      2.914    -0.033    28.834     8.805
    41   6 C      2.957     0.015    27.669     8.628
    42   6 C      2.914    -0.038    28.955     8.824
    43   6 C      2.913    -0.035    28.870     8.811
    44   6 C      2.911    -0.036    28.894     8.814
    45   6 C      2.914    -0.037    28.918     8.818
    46   6 C      2.959     0.013    27.718     8.635
    47   6 C      2.914    -0.035    28.879     8.812
    48   6 C      2.913    -0.034    28.838     8.806
    49   6 C      2.915    -0.011    28.294     8.723
    50   6 C      2.988    -0.033    28.814     8.805
    51   6 C      3.001     0.033    27.250     8.563
    52   6 C      3.013     0.009    27.809     8.650
    53   6 C      3.020    -0.016    28.379     8.738
    54   6 C      2.860     0.224    23.294     7.911
    55   6 C      2.905    -0.025    28.636     8.774
    56   6 C      2.911    -0.019    28.476     8.750
    57   6 C      2.912    -0.021    28.534     8.759
    58   6 C      2.905    -0.014    28.352     8.731
    59   8 O      0.856    -0.363    20.950     6.137
    60   6 C      2.944     0.007    27.862     8.657
    61   6 C      1.912     0.120    28.145     8.568
    62   6 C      1.915     0.121    28.116     8.563
    63   7 N      0.911    -0.240    26.274     7.414
    64   7 N      0.911    -0.242    26.307     7.418
    65   6 C      3.800    -0.054    21.546     6.609
    66   6 C      3.745    -0.094    22.366     6.746
    67   6 C      3.801    -0.056    21.580     6.614
    68   6 C      3.745    -0.092    22.334     6.741
    69   6 C      3.800    -0.058    21.609     6.619
    70   6 C      3.745    -0.093    22.340     6.742
    71   6 C      3.801    -0.054    21.546     6.609
    72   6 C      3.746    -0.094    22.357     6.745
    73   6 C      2.922    -0.010    28.272     8.720
    74   6 C      2.988    -0.033    28.806     8.804
    75   6 C      2.995     0.032    27.263     8.565
    76   6 C      3.012     0.008    27.817     8.652
    77   6 C      3.018    -0.016    28.376     8.738
    78   6 C      2.859     0.225    23.284     7.909
    79   6 C      2.906    -0.026    28.644     8.776
    80   6 C      2.911    -0.019    28.478     8.751
    81   6 C      2.912    -0.021    28.531     8.759
    82   6 C      2.905    -0.014    28.352     8.731
    83   8 O      0.856    -0.362    20.933     6.134
    84   6 C      2.944     0.008    27.849     8.655
    85   6 C      1.916     0.120    28.156     8.569
    86   6 C      1.916     0.121    28.130     8.565
    87   7 N      0.911    -0.240    26.280     7.414
    88   7 N      0.911    -0.238    26.227     7.407
    89   1 H      0.924     0.046     2.375     2.410
    90   1 H      0.924     0.047     2.352     2.398
    91   1 H      0.924     0.059     2.213     2.327
    92   1 H      0.924     0.059     2.213     2.326
    93   1 H      0.924     0.028     2.610     2.527
    94   1 H      0.924     0.032     2.553     2.499
    95   1 H      0.924     0.033     2.551     2.498
    96   1 H      0.924     0.032     2.554     2.499
    97   1 H      0.924     0.028     2.621     2.532
    98   1 H      0.924     0.033     2.551     2.498
    99   1 H      0.924     0.034     2.531     2.488
   100   1 H      0.924     0.032     2.565     2.504
   101   1 H      0.924     0.031     2.571     2.508
   102   1 H      0.924     0.034     2.531     2.488
   103   1 H      0.924     0.030     2.589     2.516
   104   1 H      0.924     0.027     2.623     2.533
   105   1 H      0.924     0.028     2.616     2.529
   106   1 H      0.924     0.033     2.548     2.496
   107   1 H      0.924     0.033     2.547     2.496
   108   1 H      0.924     0.033     2.549     2.497
   109   1 H      0.923     0.079     1.989     2.206
   110   1 H      0.925     0.054     2.265     2.354
   111   1 H      0.924     0.049     2.336     2.390
   112   1 H      0.924     0.048     2.349     2.397
   113   1 H      0.924     0.060     2.198     2.319
   114   1 H      0.923     0.036     2.507     2.476
   115   1 H      0.922     0.038     2.469     2.458
   116   1 H      0.923     0.034     2.531     2.488
   117   1 H      0.923     0.035     2.517     2.481
   118   1 H      0.923     0.035     2.516     2.480
   119   1 H      0.923     0.042     2.422     2.434
   120   1 H      0.923     0.044     2.396     2.421
   121   1 H      0.923     0.033     2.551     2.498
   122   1 H      0.923     0.036     2.508     2.476
   123   1 H      0.923     0.032     2.555     2.500
   124   1 H      0.923     0.056     2.248     2.345
   125   1 H      0.923     0.034     2.530     2.488
   126   1 H      0.923     0.036     2.507     2.476
   127   1 H      0.923     0.035     2.516     2.481
   128   1 H      0.923     0.030     2.583     2.513
   129   1 H      0.923     0.037     2.490     2.468
   130   1 H      0.923     0.035     2.512     2.479
   131   1 H      0.923     0.035     2.514     2.479
   132   1 H      0.923     0.036     2.507     2.476
   133   1 H      0.923     0.034     2.525     2.485
   134   1 H      0.924     0.079     1.992     2.207
   135   1 H      0.925     0.055     2.254     2.348
   136   1 H      0.924     0.049     2.334     2.389
   137   1 H      0.924     0.048     2.348     2.396
   138   1 H      0.924     0.060     2.200     2.319

 Mol. C6AA /au·bohr⁶  :     323320.425879
 Mol. C8AA /au·bohr⁸  :    9117451.634240
 Mol. α(0) /au        :        914.573601


Wiberg/Mayer (AO) data.
largest (>0.10) Wiberg bond orders for each atom
          total WBO             WBO to atom ...
     1  C   3.954        C    2 1.344    C    6 1.282    C   12 1.141
     2  C   3.967        C    3 1.468    C    1 1.344    H   89 0.960
     3  C   3.964        C    2 1.468    C    4 1.282    C    7 0.973
     4  C   3.953        C    5 1.347    C    3 1.282    C    9 1.139
     5  C   3.968        C    6 1.467    C    4 1.347    H   90 0.958
     6  C   3.964        C    5 1.467    C    1 1.282    C   10 0.972
     7  C   3.984        C    3 0.973    C    8 0.970    C   13 0.948    C   14 0.948
     8  C   3.962        C    9 1.439    C   23 1.283    C    7 0.970
     9  C   3.915        C    8 1.439    C    4 1.139    Se  25 1.138
    10  C   3.984        C    6 0.972    C   11 0.970    C   15 0.958    C   16 0.940
    11  C   3.961        C   12 1.433    C   17 1.286    C   10 0.970
    12  C   3.914        C   11 1.433    C    1 1.141    Se  19 1.140
    13  C   3.980        C   29 1.422    C   33 1.393    C    7 0.948    C   31 0.106
    14  C   3.980        C   38 1.420    C   34 1.395    C    7 0.948    C   36 0.106
    15  C   3.981        C   39 1.413    C   43 1.401    C   10 0.958    C   41 0.106
    16  C   3.979        C   44 1.421    C   48 1.396    C   10 0.940    C   46 0.106
    17  C   3.939        C   18 1.304    C   11 1.286    S   20 1.131
    18  C   3.938        C   22 1.353    C   17 1.304    Se  19 1.101
    19  Se  2.597        C   12 1.140    C   18 1.101
    20  S   2.573        C   17 1.131    C   21 1.093
    21  C   3.929        C   22 1.420    C   49 1.234    S   20 1.093
    22  C   3.968        C   21 1.420    C   18 1.353    H   91 0.959
    23  C   3.940        C   24 1.307    C    8 1.283    S   26 1.134
    24  C   3.938        C   28 1.348    C   23 1.307    Se  25 1.101
    25  Se  2.594        C    9 1.138    C   24 1.101
    26  S   2.582        C   23 1.134    C   27 1.093
    27  C   3.930        C   28 1.427    C   73 1.229    S   26 1.093
    28  C   3.969        C   27 1.427    C   24 1.348    H   92 0.959
    29  C   3.988        C   30 1.434    C   13 1.422    H   93 0.967    C   32 0.108
    30  C   3.989        C   29 1.434    C   31 1.420    H   94 0.968    C   33 0.108
    31  C   3.984        C   30 1.420    C   32 1.397    C   65 1.012    C   13 0.106
    32  C   3.989        C   33 1.461    C   31 1.397    H   95 0.967    C   29 0.108
    33  C   3.988        C   32 1.461    C   13 1.393    H   96 0.963    C   30 0.108
    34  C   3.989        C   35 1.460    C   14 1.395    H   97 0.968    C   37 0.108
    35  C   3.989        C   34 1.460    C   36 1.396    H   98 0.969    C   38 0.108
    36  C   3.985        C   37 1.419    C   35 1.396    C   67 1.013    C   14 0.106
    37  C   3.989        C   38 1.436    C   36 1.419    H   99 0.968    C   34 0.108
    38  C   3.989        C   37 1.436    C   14 1.420    H  100 0.965    C   35 0.108
    39  C   3.988        C   40 1.444    C   15 1.413    H  101 0.965    C   42 0.106
    40  C   3.989        C   39 1.444    C   41 1.410    H  102 0.968    C   43 0.110
    41  C   3.984        C   40 1.410    C   42 1.404    C   69 1.013    C   15 0.106
    42  C   3.988        C   43 1.451    C   41 1.404    H  103 0.968    C   39 0.106
    43  C   3.989        C   42 1.451    C   15 1.401    H  104 0.967    C   40 0.110
    44  C   3.988        C   45 1.435    C   16 1.421    H  105 0.967    C   47 0.108
    45  C   3.989        C   44 1.435    C   46 1.419    H  106 0.968    C   48 0.108
    46  C   3.983        C   45 1.419    C   47 1.398    C   71 1.012    C   16 0.106
    47  C   3.989        C   48 1.460    C   46 1.398    H  107 0.968    C   44 0.108
    48  C   3.988        C   47 1.460    C   16 1.396    H  108 0.965    C   45 0.108
    49  C   3.946        C   50 1.557    C   21 1.234    H  109 0.944
    50  C   3.950        C   49 1.557    C   51 1.136    C   54 1.008
    51  C   3.971        C   60 1.488    C   50 1.136    C   52 1.070
    52  C   3.979        C   55 1.402    C   53 1.299    C   51 1.070
    53  C   3.973        C   58 1.417    C   52 1.299    C   54 1.014
    54  C   3.923        O   59 1.783    C   53 1.014    C   50 1.008
    55  C   3.978        C   56 1.432    C   52 1.402    H  110 0.963
    56  C   3.980        C   57 1.432    C   55 1.432    H  111 0.970
    57  C   3.971        C   56 1.432    C   58 1.425    H  112 0.970
    58  C   3.982        C   57 1.425    C   53 1.417    H  113 0.966
    59  O   2.059        C   54 1.783
    60  C   3.970        C   51 1.488    C   61 1.098    C   62 1.093
    61  C   3.941        N   63 2.764    C   60 1.098
    62  C   3.941        N   64 2.768    C   60 1.093
    63  N   2.969        C   61 2.764
    64  N   2.981        C   62 2.768
    65  C   3.996        C   31 1.012    C   66 1.008    H  114 0.976    H  115 0.964
    66  C   3.995        C   65 1.008    H  116 0.988    H  117 0.987    H  118 0.985
    67  C   3.995        C   36 1.013    C   68 1.005    H  120 0.975    H  119 0.966
    68  C   3.996        C   67 1.005    H  123 0.988    H  121 0.987    H  122 0.986
    69  C   3.995        C   41 1.013    C   70 1.008    H  125 0.976    H  124 0.959
    70  C   3.996        C   69 1.008    H  128 0.989    H  127 0.987    H  126 0.986
    71  C   3.996        C   46 1.012    C   72 1.004    H  130 0.976    H  129 0.968
    72  C   3.995        C   71 1.004    H  133 0.988    H  131 0.987    H  132 0.986
    73  C   3.945        C   74 1.558    C   27 1.229    H  134 0.944
    74  C   3.951        C   73 1.558    C   75 1.136    C   78 1.006
    75  C   3.973        C   84 1.492    C   74 1.136    C   76 1.071
    76  C   3.980        C   79 1.401    C   77 1.301    C   75 1.071
    77  C   3.973        C   82 1.416    C   76 1.301    C   78 1.013
    78  C   3.923        O   83 1.784    C   77 1.013    C   74 1.006
    79  C   3.977        C   80 1.433    C   76 1.401    H  135 0.962
    80  C   3.980        C   79 1.433    C   81 1.431    H  136 0.970
    81  C   3.952        C   80 1.431    C   82 1.426    H  137 0.970
    82  C   3.982        C   81 1.426    C   77 1.416    H  138 0.966
    83  O   2.061        C   78 1.784
    84  C   3.952        C   75 1.492    C   85 1.095    C   86 1.092
    85  C   3.941        N   88 2.766    C   84 1.095
    86  C   3.941        N   87 2.769    C   84 1.092
    87  N   2.981        C   86 2.769
    88  N   2.969        C   85 2.766
    89  H   0.996        C    2 0.960
    90  H   0.996        C    5 0.958
    91  H   0.996        C   22 0.959
    92  H   0.996        C   28 0.959
    93  H   0.999        C   29 0.967
    94  H   0.998        C   30 0.968
    95  H   0.998        C   32 0.967
    96  H   0.998        C   33 0.963
    97  H   0.999        C   34 0.968
    98  H   0.998        C   35 0.969
    99  H   0.998        C   37 0.968
   100  H   0.999        C   38 0.965
   101  H   0.999        C   39 0.965
   102  H   0.998        C   40 0.968
   103  H   0.998        C   42 0.968
   104  H   0.999        C   43 0.967
   105  H   0.999        C   44 0.967
   106  H   0.998        C   45 0.968
   107  H   0.998        C   47 0.968
   108  H   0.998        C   48 0.965
   109  H   0.991        C   49 0.944
   110  H   0.996        C   55 0.963
   111  H   0.997        C   56 0.970
   112  H   0.997        C   57 0.970
   113  H   0.996        C   58 0.966
   114  H   0.998        C   65 0.976
   115  H   0.998        C   65 0.964
   116  H   0.999        C   66 0.988
   117  H   0.998        C   66 0.987
   118  H   0.999        C   66 0.985
   119  H   0.998        C   67 0.966
   120  H   0.998        C   67 0.975
   121  H   0.999        C   68 0.987
   122  H   0.998        C   68 0.986
   123  H   0.999        C   68 0.988
   124  H   0.996        C   69 0.959
   125  H   0.999        C   69 0.976
   126  H   0.999        C   70 0.986
   127  H   0.998        C   70 0.987
   128  H   0.999        C   70 0.989
   129  H   0.998        C   71 0.968
   130  H   0.998        C   71 0.976
   131  H   0.999        C   72 0.987
   132  H   0.998        C   72 0.986
   133  H   0.999        C   72 0.988
   134  H   0.991        C   73 0.944
   135  H   0.996        C   79 0.962
   136  H   0.997        C   80 0.970
   137  H   0.997        C   81 0.970
   138  H   0.996        C   82 0.966

molecular dipole:
                 x           y           z       tot (Debye)
 q only:       -0.165      -0.258      -0.221
   full:       -0.216      -0.298      -0.096       0.967
molecular quadrupole (traceless):
                xx          xy          yy          xz          yz          zz
 q only:      -13.565     -62.285      17.329      37.595     -12.738      -3.765
  q+dip:       16.582     -62.272       6.514      41.144     -16.621     -23.096
   full:       13.634     -57.390      -1.193      39.831     -18.414     -12.441


           -------------------------------------------------
          | TOTAL ENERGY             -225.015305360060 Eh   |
          | GRADIENT NORM               0.106180848190 Eh/α |
          | HOMO-LUMO GAP               1.080173871225 eV   |
           -------------------------------------------------

------------------------------------------------------------------------
 * finished run on 2021/04/12 at 13:53:42.466     
------------------------------------------------------------------------
 total:
 * wall-time:     0 d,  0 h,  0 min,  1.363 sec
 *  cpu-time:     0 d,  0 h,  0 min,  1.350 sec
 * ratio c/w:     0.990 speedup
 SCF:
 * wall-time:     0 d,  0 h,  0 min,  1.022 sec
 *  cpu-time:     0 d,  0 h,  0 min,  1.020 sec
 * ratio c/w:     0.998 speedup

