      -----------------------------------------------------------      
     |                   =====================                   |     
     |                           x T B                           |     
     |                   =====================                   |     
     |                         S. Grimme                         |     
     |          Mulliken Center for Theoretical Chemistry        |     
     |                    University of Bonn                     |     
     |                Version 6.2 RC2 (SAW190805)                |     
      -----------------------------------------------------------      

   This program is distributed in the hope that it will be useful,
   but WITHOUT ANY WARRANTY; without even the implied warranty of
   MERCHANTABILITY or FITNESS FOR A PARTICULAR PURPOSE.
   
   FOR NON-COMMERCIAL, ACADEMIA USE ONLY.
   
   Cite this work as:
   * S. Grimme, C. Bannwarth, P. Shushkov, J. Chem. Theory Comput., 2017,
     13, 1989-2009. DOI: 10.1021/acs.jctc.7b00118
   * C. Bannwarth, S. Ehlert and S. Grimme., J. Chem. Theory Comput., 2019,
     15, 1652-1671. DOI: 10.1021/acs.jctc.8b01176
   * P. Pracht, E. Caldeweyher, S. Ehlert, S. Grimme, ChemRxiv, 2019, preprint.
     DOI: 10.26434/chemrxiv.8326202.v1
   
   for DFT-D4:
   * E. Caldeweyher, C. Bannwarth and S. Grimme, J. Chem. Phys., 2017,
     147, 034112. DOI: 10.1063/1.4993215
   * E. Caldeweyher, S. Ehlert, A. Hansen, H. Neugebauer, S. Spicher,
     C. Bannwarth and S. Grimme, J. Chem. Phys., 2019, 150, 154122.
     DOI: 10.1063/1.5090222
   
   for sTDA-xTB:
   * S. Grimme and C. Bannwarth, J. Chem. Phys., 2016, 145, 054103.
     DOI: 10.1063/1.4959605
   
   in the mass-spec context:
   * V. Asgeirsson, C. Bauer and S. Grimme, Chem. Sci., 2017, 8, 4879.
     DOI: 10.1039/c7sc00601b
   
   for metadynamics refer to:
   * S. Grimme, J. Chem. Theory Comput., 2019, 155, 2847-2862
     DOI: 10.1021/acs.jctc.9b00143
   
   with help from (in alphabetical order)
   C. Bannwarth, F. Bohle, G. Brandenburg, E. Caldeweyher, M. Checinski,
   S. Dohm, S. Ehlert, S. Ehrlich, F. März, H. Neugebauer, J. Pisarek,
   P. Pracht, P. Shushkov, and S. Spicher.
   
 * started run on 2021/04/12 at 13:53:45.767     

           -------------------------------------------------
          |                Calculation Setup                |
           -------------------------------------------------

          program call               : /ihome/ghutchison/geoffh/xtb/xtb TPIC-4F.xyz -sp
          hostname                   : smp-n149
          coordinate file            : TPIC-4F.xyz
          omp threads                :                     1
          number of atoms            :                   145
          number of electrons        :                   454
          charge                     :                     0
          spin                       :                   0.0
          first test random number   :      0.67452567412270


########################################################################
# WARNING! Please study the warnings concerning your input carefully
#  - XTBPATH is not set, using XTBHOME instead
#  - the use of '-sp' is discouraged, please use '--sp' next time
########################################################################

           ------------------------------------------------- 
          |                 G F N 2 - x T B                 |
          | Geometry, Frequencies, Noncovalent interactions |
          |            JCTC 2019 parametrisation            |
           ------------------------------------------------- 
             KAB for C  - Si     :                1.0500
             KAB for H  - Pd     :                0.9500
             k(s)              :                1.8500
             k(p)              :                2.2300
             k(d)              :                2.2300
             k(f)              :                2.0000
             kEN (H0ij)        :               -2.0000
             D4 a1             :                0.5200
             D4 a2             :                5.0000
             D4 s6             :                1.0000
             D4 s8             :                2.7000
             D4 s9             :                5.0000
             alphaj            :                2.0000

  Z AO/shell   Hii/eV     exponent
  1     Wed Apr 25 08:07:45 CEST 2018   EN: 2.200 GM2: 0.406  GM3: 0.0800  RAES: 1.40
     1s    -10.707211    1.230000
  6     Wed Apr 25 08:07:45 CEST 2018   EN: 2.550 GM2: 0.538  GM3: 0.1500  RAES: 3.00
     2s    -13.970922    2.096432
     2p    -10.063292    1.800000
  7     Wed Apr 25 08:07:45 CEST 2018   EN: 3.040 GM2: 0.461  GM3:-0.0640  RAES: 1.90
     2s    -16.686243    2.339881
     2p    -12.523956    2.014332
  8     Wed Apr 25 08:07:45 CEST 2018   EN: 3.440 GM2: 0.452  GM3:-0.0517  RAES: 1.80
     2s    -20.229985    2.439742
     2p    -15.503117    2.137023
  9     Mon Apr 23 13:58:50 CEST 2018   EN: 3.980 GM2: 0.532  GM3: 0.1426  RAES: 2.40
     2s    -23.458179    2.416361
     2p    -15.746583    2.308399
 16     Tue Apr 24 11:44:34 CEST 2018   EN: 2.580 GM2: 0.340  GM3:-0.0502  RAES: 3.10
     3s    -20.029654    1.981333
     3p    -11.377694    2.025643
     3d     -0.420282    1.702555

           ------------------------------------------------- 
          |        Self-Consistent Charge Iterations        |
           ------------------------------------------------- 

          ...................................................
          :                      SETUP                      :
          :.................................................:
          :  # basis functions                 445          :
          :  # atomic orbitals                 442          :
          :  # shells                          242          :
          :  # electrons                       454          :
          :  max. iterations                   250          :
          :  Hamiltonian                  GFN2-xTB          :
          :  restarted?                      false          :
          :  GBSA solvation                  false          :
          :  PC potential                    false          :
          :  electronic temp.          300.0000000     K    :
          :  accuracy                    1.0000000          :
          :  -> integral cutoff          0.2500000E+02      :
          :  -> integral neglect         0.1000000E-07      :
          :  -> SCF convergence          0.1000000E-05 Eh   :
          :  -> wf. convergence          0.1000000E-03 e    :
          :  Broyden damping             0.4000000          :
          ...................................................

 iter      E             dE          RMSdq      gap      omega  full diag
   1   -252.0387610 -0.252039E+03  0.448E+00    1.28       0.0  T
   2   -252.1550544 -0.116293E+00  0.280E+00    1.15       1.0  T
   3   -251.8377313  0.317323E+00  0.205E+00    0.88       1.0  T
   4   -252.3001967 -0.462465E+00  0.643E-01    1.22       1.0  T
   5   -252.3517674 -0.515707E-01  0.198E-01    1.00       1.0  T
   6   -252.3549657 -0.319830E-02  0.112E-01    1.10       1.0  T
   7   -252.3565891 -0.162338E-02  0.477E-02    1.06       1.0  T
   8   -252.3568470 -0.257906E-03  0.176E-02    1.07       1.0  T
   9   -252.3568662 -0.192475E-04  0.963E-03    1.07       1.0  T
  10   -252.3568770 -0.107819E-04  0.360E-03    1.07       2.3  T
  11   -252.3568774 -0.363914E-06  0.171E-03    1.07       4.9  T
  12   -252.3568777 -0.326258E-06  0.574E-04    1.07      14.5  T
  13   -252.3568777 -0.150461E-07  0.361E-04    1.07      23.0  T

   *** convergence criteria satisfied after 13 iterations ***

         #    Occupation            Energy/Eh            Energy/eV
      -------------------------------------------------------------
         1        2.0000           -0.8489193             -23.1003
       ...           ...                  ...                  ...
       221        2.0000           -0.4085898             -11.1183
       222        2.0000           -0.4057675             -11.0415
       223        2.0000           -0.4038317             -10.9888
       224        2.0000           -0.3974433             -10.8150
       225        2.0000           -0.3963583             -10.7855
       226        2.0000           -0.3896982             -10.6042
       227        2.0000           -0.3808779             -10.3642 (HOMO)
       228                         -0.3416751              -9.2975 (LUMO)
       229                         -0.3371247              -9.1736
       230                         -0.3294970              -8.9661
       231                         -0.3248956              -8.8409
       232                         -0.2942016              -8.0056
       ...                                ...                  ...
       442                          1.0671264              29.0380
      -------------------------------------------------------------
                  HL-Gap            0.0392028 Eh            1.0668 eV
             Fermi-level           -0.3612804 Eh           -9.8309 eV

 SCC (total)                   0 d,  0 h,  0 min,  1.066 sec
 SCC setup                      ...        0 min,  0.004 sec (  0.387%)
 Dispersion                     ...        0 min,  0.009 sec (  0.831%)
 integral evaluation            ...        0 min,  0.341 sec ( 31.933%)
 zeroth order Hamiltonian       ...        0 min,  0.002 sec (  0.177%)
 iterations                     ...        0 min,  0.436 sec ( 40.867%)
 molecular gradient             ...        0 min,  0.271 sec ( 25.413%)
 printout                       ...        0 min,  0.004 sec (  0.387%)

         :::::::::::::::::::::::::::::::::::::::::::::::::::::
         ::                     SUMMARY                     ::
         :::::::::::::::::::::::::::::::::::::::::::::::::::::
         :: total energy            -248.593857864894 Eh    ::
         :: gradient norm              0.109722500733 Eh/a0 ::
         :: HOMO-LUMO gap              1.066762873479 eV    ::
         ::.................................................::
         :: SCC energy              -252.356877704137 Eh    ::
         :: -> isotropic ES            0.131858312807 Eh    ::
         :: -> anisotropic ES          0.020038706537 Eh    ::
         :: -> anisotropic XC          0.145781709859 Eh    ::
         :: -> dispersion             -0.219116773075 Eh    ::
         :: repulsion energy           3.760467234024 Eh    ::
         :: add. restraining           0.000000000000 Eh    ::
         :::::::::::::::::::::::::::::::::::::::::::::::::::::

           -------------------------------------------------
          |                Property Printout                |
           -------------------------------------------------

    * Orbital Energies and Occupations

         #    Occupation            Energy/Eh            Energy/eV
      -------------------------------------------------------------
         1        2.0000           -0.8489193             -23.1003
       ...           ...                  ...                  ...
       215        2.0000           -0.4168281             -11.3425
       216        2.0000           -0.4152947             -11.3007
       217        2.0000           -0.4134340             -11.2501
       218        2.0000           -0.4127396             -11.2312
       219        2.0000           -0.4111987             -11.1893
       220        2.0000           -0.4091216             -11.1328
       221        2.0000           -0.4085898             -11.1183
       222        2.0000           -0.4057675             -11.0415
       223        2.0000           -0.4038317             -10.9888
       224        2.0000           -0.3974433             -10.8150
       225        2.0000           -0.3963583             -10.7855
       226        2.0000           -0.3896982             -10.6042
       227        2.0000           -0.3808779             -10.3642 (HOMO)
       228                         -0.3416751              -9.2975 (LUMO)
       229                         -0.3371247              -9.1736
       230                         -0.3294970              -8.9661
       231                         -0.3248956              -8.8409
       232                         -0.2942016              -8.0056
       233                         -0.2812674              -7.6537
       234                         -0.2728058              -7.4234
       235                         -0.2580293              -7.0213
       236                         -0.2568531              -6.9893
       237                         -0.2516812              -6.8486
       238                         -0.2503279              -6.8118
       ...                                ...                  ...
       442                          1.0671264              29.0380
      -------------------------------------------------------------
                  HL-Gap            0.0392028 Eh            1.0668 eV
             Fermi-level           -0.3612804 Eh           -9.8309 eV

     #   Z        covCN         q      C6AA      α(0)
     1   6 C      2.938    -0.012    28.322     8.728
     2   6 C      2.980    -0.038    28.945     8.825
     3   6 C      3.001     0.030    27.312     8.573
     4   6 C      3.010     0.005    27.898     8.664
     5   6 C      3.025    -0.020    28.468     8.752
     6   6 C      2.857     0.226    23.251     7.903
     7   6 C      2.908    -0.052    29.281     8.873
     8   6 C      2.775     0.162    24.487     8.105
     9   6 C      2.777     0.160    24.523     8.111
    10   6 C      2.906    -0.038    28.947     8.822
    11   9 F      0.787    -0.182    11.055     3.927
    12   9 F      0.787    -0.182    11.047     3.926
    13   8 O      0.856    -0.371    21.109     6.160
    14   6 C      2.944     0.009    27.816     8.650
    15   6 C      1.917     0.119    28.160     8.570
    16   6 C      1.915     0.119    28.161     8.570
    17   7 N      0.911    -0.226    25.941     7.366
    18   7 N      0.911    -0.230    26.044     7.381
    19   6 C      2.977     0.025    27.444     8.593
    20  16 S      2.253    -0.003   141.166    19.997
    21   6 C      3.041     0.028    27.343     8.577
    22   6 C      3.191    -0.001    27.557     8.562
    23   6 C      3.027    -0.039    28.951     8.826
    24   6 C      2.908    -0.014    28.364     8.733
    25   6 C      2.987    -0.037    28.923     8.822
    26   6 C      3.001     0.030    27.319     8.574
    27   6 C      3.015     0.005    27.893     8.663
    28   6 C      3.024    -0.020    28.473     8.753
    29   6 C      2.860     0.226    23.257     7.905
    30   6 C      2.908    -0.051    29.260     8.870
    31   6 C      2.775     0.162    24.490     8.105
    32   6 C      2.776     0.160    24.530     8.112
    33   6 C      2.906    -0.038    28.941     8.821
    34   9 F      0.787    -0.183    11.063     3.929
    35   9 F      0.787    -0.182    11.048     3.926
    36   8 O      0.859    -0.354    20.780     6.112
    37   6 C      2.943     0.007    27.872     8.659
    38   6 C      1.914     0.118    28.189     8.574
    39   6 C      1.914     0.120    28.149     8.568
    40   7 N      0.911    -0.228    25.988     7.373
    41   7 N      0.911    -0.240    26.263     7.412
    42   6 C      3.014     0.002    27.962     8.674
    43   6 C      3.043     0.009    27.779     8.645
    44   6 C      3.929     0.012    20.304     6.404
    45   6 C      2.902    -0.032    28.806     8.800
    46   6 C      3.035     0.004    27.890     8.662
    47   6 C      3.015     0.006    27.857     8.658
    48   6 C      2.902    -0.034    28.847     8.806
    49   6 C      3.923     0.014    20.276     6.400
    50   6 C      3.118    -0.021    28.364     8.723
    51   6 C      3.057     0.017    27.566     8.610
    52   6 C      3.201     0.038    26.596     8.403
    53   6 C      3.073    -0.006    28.102     8.692
    54  16 S      2.148    -0.030   142.276    20.076
    55   7 N      2.777    -0.050    22.197     6.997
    56   6 C      3.217     0.038    26.483     8.371
    57   6 C      3.056    -0.003    28.045     8.685
    58   6 C      3.015    -0.053    29.307     8.880
    59   6 C      2.977     0.023    27.485     8.600
    60  16 S      2.162     0.041   139.408    19.872
    61   6 C      2.964     0.011    27.769     8.644
    62   6 C      3.734     0.005    20.587     6.476
    63   6 C      3.746    -0.107    22.606     6.782
    64   6 C      2.963     0.009    27.815     8.651
    65   6 C      2.957     0.007    27.873     8.660
    66   6 C      2.961     0.008    27.835     8.654
    67   6 C      2.911    -0.038    28.936     8.821
    68   6 C      2.914    -0.037    28.928     8.820
    69   6 C      2.959     0.013    27.722     8.636
    70   6 C      2.914    -0.035    28.882     8.813
    71   6 C      2.913    -0.033    28.828     8.804
    72   6 C      2.912    -0.036    28.889     8.814
    73   6 C      2.915    -0.037    28.913     8.817
    74   6 C      2.958     0.013    27.712     8.635
    75   6 C      2.914    -0.036    28.889     8.814
    76   6 C      2.912    -0.034    28.844     8.807
    77   6 C      2.913    -0.036    28.892     8.814
    78   6 C      2.914    -0.038    28.936     8.821
    79   6 C      2.959     0.014    27.706     8.634
    80   6 C      2.915    -0.036    28.903     8.816
    81   6 C      2.911    -0.038    28.948     8.822
    82   6 C      2.914    -0.041    29.010     8.832
    83   6 C      2.914    -0.037    28.920     8.818
    84   6 C      2.958     0.014    27.706     8.633
    85   6 C      2.914    -0.038    28.946     8.822
    86   6 C      2.914    -0.035    28.879     8.812
    87   6 C      3.801    -0.054    21.551     6.609
    88   6 C      3.746    -0.093    22.351     6.744
    89   6 C      3.800    -0.055    21.562     6.611
    90   6 C      3.745    -0.093    22.357     6.745
    91   6 C      3.800    -0.055    21.564     6.612
    92   6 C      3.745    -0.094    22.362     6.746
    93   6 C      3.800    -0.055    21.566     6.612
    94   6 C      3.746    -0.094    22.365     6.746
    95   1 H      0.925     0.071     2.072     2.251
    96   1 H      0.925     0.091     1.868     2.137
    97   1 H      0.924     0.092     1.864     2.135
    98   1 H      0.925     0.100     1.783     2.088
    99   1 H      0.925     0.070     2.080     2.256
   100   1 H      0.925     0.090     1.884     2.146
   101   1 H      0.924     0.092     1.860     2.133
   102   1 H      0.925     0.045     2.383     2.414
   103   1 H      0.924     0.048     2.346     2.395
   104   1 H      0.924     0.056     2.245     2.343
   105   1 H      0.923     0.060     2.196     2.318
   106   1 H      0.923     0.057     2.233     2.337
   107   1 H      0.923     0.048     2.351     2.398
   108   1 H      0.923     0.050     2.316     2.380
   109   1 H      0.923     0.047     2.358     2.401
   110   1 H      0.924     0.026     2.639     2.540
   111   1 H      0.924     0.031     2.569     2.506
   112   1 H      0.924     0.035     2.516     2.480
   113   1 H      0.924     0.037     2.484     2.465
   114   1 H      0.924     0.024     2.673     2.557
   115   1 H      0.924     0.032     2.559     2.502
   116   1 H      0.924     0.035     2.520     2.482
   117   1 H      0.924     0.033     2.539     2.492
   118   1 H      0.924     0.025     2.663     2.552
   119   1 H      0.924     0.032     2.557     2.501
   120   1 H      0.924     0.034     2.527     2.486
   121   1 H      0.925     0.033     2.542     2.493
   122   1 H      0.925     0.029     2.597     2.520
   123   1 H      0.924     0.033     2.546     2.495
   124   1 H      0.924     0.034     2.534     2.489
   125   1 H      0.925     0.034     2.524     2.484
   126   1 H      0.923     0.037     2.495     2.470
   127   1 H      0.923     0.035     2.512     2.478
   128   1 H      0.923     0.035     2.512     2.479
   129   1 H      0.923     0.036     2.504     2.475
   130   1 H      0.923     0.034     2.537     2.491
   131   1 H      0.923     0.038     2.475     2.460
   132   1 H      0.923     0.036     2.504     2.475
   133   1 H      0.923     0.035     2.515     2.480
   134   1 H      0.923     0.037     2.494     2.470
   135   1 H      0.923     0.033     2.542     2.493
   136   1 H      0.923     0.037     2.493     2.469
   137   1 H      0.923     0.039     2.467     2.456
   138   1 H      0.923     0.033     2.539     2.492
   139   1 H      0.923     0.038     2.479     2.462
   140   1 H      0.923     0.035     2.517     2.481
   141   1 H      0.923     0.036     2.498     2.472
   142   1 H      0.923     0.040     2.450     2.448
   143   1 H      0.923     0.033     2.545     2.495
   144   1 H      0.923     0.038     2.472     2.459
   145   1 H      0.923     0.034     2.530     2.488

 Mol. C6AA /au·bohr⁶  :     331903.706797
 Mol. C8AA /au·bohr⁸  :    8789219.407960
 Mol. α(0) /au        :        915.896377


Wiberg/Mayer (AO) data.
largest (>0.10) Wiberg bond orders for each atom
          total WBO             WBO to atom ...
     1  C   3.944        C    2 1.498    C   19 1.294    H   95 0.942
     2  C   3.956        C    1 1.498    C    3 1.141    C    6 1.046
     3  C   3.970        C   14 1.490    C    2 1.141    C    4 1.075
     4  C   3.980        C    7 1.386    C    5 1.316    C    3 1.075
     5  C   3.976        C   10 1.405    C    4 1.316    C    6 1.015
     6  C   3.922        O   13 1.752    C    2 1.046    C    5 1.015
     7  C   3.971        C    8 1.402    C    4 1.386    H   96 0.953
     8  C   3.888        C    7 1.402    C    9 1.316    F   12 0.995
     9  C   3.880        C   10 1.394    C    8 1.316    F   11 0.994
    10  C   3.977        C    5 1.405    C    9 1.394    H   97 0.959
    11  F   1.134        C    9 0.994
    12  F   1.137        C    8 0.995
    13  O   2.053        C    6 1.752
    14  C   3.942        C    3 1.490    C   16 1.095    C   15 1.092
    15  C   3.941        N   17 2.770    C   14 1.092
    16  C   3.942        N   18 2.759    C   14 1.095
    17  N   2.971        C   15 2.770
    18  N   2.968        C   16 2.759
    19  C   3.924        C   23 1.378    C    1 1.294    S   20 1.075
    20  S   2.596        C   21 1.207    C   19 1.075
    21  C   3.918        C   22 1.356    S   20 1.207    C   42 1.148
    22  C   3.961        C   23 1.402    C   21 1.356    C   44 0.972
    23  C   3.952        C   22 1.402    C   19 1.378    H   98 0.936
    24  C   3.938        C   25 1.491    C   59 1.303    H   99 0.936
    25  C   3.949        C   24 1.491    C   26 1.149    C   29 1.050
    26  C   3.967        C   37 1.482    C   25 1.149    C   27 1.073
    27  C   3.980        C   30 1.391    C   28 1.313    C   26 1.073
    28  C   3.974        C   33 1.410    C   27 1.313    C   29 1.010
    29  C   3.924        O   36 1.755    C   25 1.050    C   28 1.010
    30  C   3.971        C   31 1.398    C   27 1.391    H  100 0.954
    31  C   3.888        C   30 1.398    C   32 1.319    F   35 0.995
    32  C   3.865        C   33 1.391    C   31 1.319    F   34 0.993
    33  C   3.977        C   28 1.410    C   32 1.391    H  101 0.959
    34  F   1.133        C   32 0.993
    35  F   1.137        C   31 0.995
    36  O   2.077        C   29 1.755
    37  C   3.934        C   26 1.482    C   39 1.096    C   38 1.095
    38  C   3.941        N   40 2.769    C   37 1.095
    39  C   3.940        N   41 2.756    C   37 1.096
    40  N   2.969        C   38 2.769
    41  N   2.965        C   39 2.756
    42  C   3.954        C   45 1.338    C   43 1.285    C   21 1.148
    43  C   3.959        C   48 1.461    C   42 1.285    C   44 0.971
    44  C   3.984        C   22 0.972    C   43 0.971    C   64 0.962    C   61 0.938
    45  C   3.969        C   46 1.477    C   42 1.338    H  102 0.959
    46  C   3.960        C   45 1.477    C   47 1.283    C   49 0.960
    47  C   3.947        C   48 1.350    C   46 1.283    C   51 1.142
    48  C   3.970        C   43 1.461    C   47 1.350    H  103 0.964
    49  C   3.984        C   50 0.974    C   65 0.961    C   46 0.960    C   66 0.946
    50  C   3.954        C   51 1.441    C   52 1.264    C   49 0.974
    51  C   3.888        C   50 1.441    C   47 1.142    S   54 1.129
    52  C   3.918        C   53 1.270    C   50 1.264    N   55 1.157
    53  C   3.910        C   57 1.317    C   52 1.270    S   54 1.101
    54  S   2.525        C   51 1.129    C   53 1.101
    55  N   3.548        C   52 1.157    C   56 1.140    C   62 0.978
    56  C   3.936        C   58 1.368    C   57 1.230    N   55 1.140
    57  C   3.931        C   53 1.317    C   56 1.230    S   60 1.157
    58  C   3.966        C   56 1.368    C   59 1.363    H  104 0.959    S   60 0.107
    59  C   3.924        C   58 1.363    C   24 1.303    S   60 1.090
    60  S   2.611        C   57 1.157    C   59 1.090    C   58 0.107
    61  C   3.979        C   72 1.412    C   76 1.407    C   44 0.938    C   74 0.106
    62  C   3.965        C   63 1.009    N   55 0.978    H  106 0.970    H  105 0.966
    63  C   3.990        C   62 1.009    H  109 0.986    H  107 0.983    H  108 0.982
    64  C   3.979        C   67 1.422    C   71 1.394    C   44 0.962    C   69 0.106
    65  C   3.981        C   82 1.414    C   86 1.399    C   49 0.961    C   84 0.107
    66  C   3.981        C   81 1.416    C   77 1.401    C   49 0.946    C   79 0.106
    67  C   3.988        C   68 1.435    C   64 1.422    H  110 0.967    C   70 0.107
    68  C   3.989        C   67 1.435    C   69 1.419    H  111 0.969    C   71 0.110
    69  C   3.985        C   68 1.419    C   70 1.398    C   87 1.012    C   64 0.106
    70  C   3.989        C   71 1.461    C   69 1.398    H  112 0.968    C   67 0.107
    71  C   3.989        C   70 1.461    C   64 1.394    H  113 0.967    C   68 0.110
    72  C   3.989        C   73 1.445    C   61 1.412    H  114 0.967    C   75 0.109
    73  C   3.989        C   72 1.445    C   74 1.411    H  115 0.968    C   76 0.108
    74  C   3.984        C   73 1.411    C   75 1.407    C   89 1.012    C   61 0.106
    75  C   3.988        C   76 1.449    C   74 1.407    H  116 0.969    C   72 0.109
    76  C   3.988        C   75 1.449    C   61 1.407    H  117 0.967    C   73 0.108
    77  C   3.990        C   78 1.454    C   66 1.401    H  118 0.969    C   80 0.110
    78  C   3.989        C   77 1.454    C   79 1.402    H  119 0.968    C   81 0.106
    79  C   3.984        C   80 1.414    C   78 1.402    C   93 1.013    C   66 0.106
    80  C   3.989        C   81 1.439    C   79 1.414    H  120 0.969    C   77 0.110
    81  C   3.988        C   80 1.439    C   66 1.416    H  121 0.963    C   78 0.106
    82  C   3.988        C   83 1.443    C   65 1.414    H  122 0.963    C   85 0.106
    83  C   3.989        C   82 1.443    C   84 1.412    H  123 0.969    C   86 0.109
    84  C   3.985        C   83 1.412    C   85 1.404    C   91 1.013    C   65 0.107
    85  C   3.988        C   86 1.451    C   84 1.404    H  124 0.968    C   82 0.106
    86  C   3.988        C   85 1.451    C   65 1.399    H  125 0.962    C   83 0.109
    87  C   3.996        C   69 1.012    C   88 1.003    H  127 0.973    H  126 0.973
    88  C   3.995        C   87 1.003    H  130 0.988    H  128 0.988    H  129 0.986
    89  C   3.996        C   74 1.012    C   90 1.003    H  132 0.974    H  131 0.971
    90  C   3.996        C   89 1.003    H  135 0.988    H  133 0.988    H  134 0.986
    91  C   3.996        C   84 1.013    C   92 1.003    H  136 0.976    H  137 0.969
    92  C   3.995        C   91 1.003    H  138 0.988    H  140 0.988    H  139 0.986
    93  C   3.996        C   79 1.013    C   94 1.004    H  141 0.976    H  142 0.968
    94  C   3.995        C   93 1.004    H  143 0.988    H  145 0.987    H  144 0.986
    95  H   0.994        C    1 0.942
    96  H   0.991        C    7 0.953
    97  H   0.991        C   10 0.959
    98  H   0.990        C   23 0.936
    99  H   0.994        C   24 0.936
   100  H   0.991        C   30 0.954
   101  H   0.991        C   33 0.959
   102  H   0.997        C   45 0.959
   103  H   0.996        C   48 0.964
   104  H   0.996        C   58 0.959
   105  H   0.995        C   62 0.966
   106  H   0.996        C   62 0.970
   107  H   0.998        C   63 0.983
   108  H   0.996        C   63 0.982
   109  H   0.998        C   63 0.986
   110  H   0.999        C   67 0.967
   111  H   0.998        C   68 0.969
   112  H   0.998        C   70 0.968
   113  H   0.998        C   71 0.967
   114  H   0.999        C   72 0.967
   115  H   0.998        C   73 0.968
   116  H   0.998        C   75 0.969
   117  H   0.999        C   76 0.967
   118  H   0.999        C   77 0.969
   119  H   0.998        C   78 0.968
   120  H   0.998        C   80 0.969
   121  H   0.999        C   81 0.963
   122  H   0.999        C   82 0.963
   123  H   0.998        C   83 0.969
   124  H   0.998        C   85 0.968
   125  H   0.998        C   86 0.962
   126  H   0.998        C   87 0.973
   127  H   0.998        C   87 0.973
   128  H   0.999        C   88 0.988
   129  H   0.998        C   88 0.986
   130  H   0.999        C   88 0.988
   131  H   0.998        C   89 0.971
   132  H   0.998        C   89 0.974
   133  H   0.999        C   90 0.988
   134  H   0.998        C   90 0.986
   135  H   0.999        C   90 0.988
   136  H   0.998        C   91 0.976
   137  H   0.998        C   91 0.969
   138  H   0.999        C   92 0.988
   139  H   0.998        C   92 0.986
   140  H   0.999        C   92 0.988
   141  H   0.998        C   93 0.976
   142  H   0.998        C   93 0.968
   143  H   0.999        C   94 0.988
   144  H   0.998        C   94 0.986
   145  H   0.999        C   94 0.987

molecular dipole:
                 x           y           z       tot (Debye)
 q only:       -1.205       0.722      -0.810
   full:       -1.176       0.850      -0.355       3.796
molecular quadrupole (traceless):
                xx          xy          yy          xz          yz          zz
 q only:     -126.556    -180.878       5.193      39.201      14.200     121.362
  q+dip:     -121.215    -178.057       5.163      44.305      14.260     116.052
   full:     -122.712    -188.706      14.604      44.543      10.416     108.108


           -------------------------------------------------
          | TOTAL ENERGY             -248.593857864894 Eh   |
          | GRADIENT NORM               0.109722500733 Eh/α |
          | HOMO-LUMO GAP               1.066762873479 eV   |
           -------------------------------------------------

------------------------------------------------------------------------
 * finished run on 2021/04/12 at 13:53:47.200     
------------------------------------------------------------------------
 total:
 * wall-time:     0 d,  0 h,  0 min,  1.433 sec
 *  cpu-time:     0 d,  0 h,  0 min,  1.419 sec
 * ratio c/w:     0.991 speedup
 SCF:
 * wall-time:     0 d,  0 h,  0 min,  1.068 sec
 *  cpu-time:     0 d,  0 h,  0 min,  1.065 sec
 * ratio c/w:     0.998 speedup

