      -----------------------------------------------------------      
     |                   =====================                   |     
     |                           x T B                           |     
     |                   =====================                   |     
     |                         S. Grimme                         |     
     |          Mulliken Center for Theoretical Chemistry        |     
     |                    University of Bonn                     |     
     |                Version 6.2 RC2 (SAW190805)                |     
      -----------------------------------------------------------      

   This program is distributed in the hope that it will be useful,
   but WITHOUT ANY WARRANTY; without even the implied warranty of
   MERCHANTABILITY or FITNESS FOR A PARTICULAR PURPOSE.
   
   FOR NON-COMMERCIAL, ACADEMIA USE ONLY.
   
   Cite this work as:
   * S. Grimme, C. Bannwarth, P. Shushkov, J. Chem. Theory Comput., 2017,
     13, 1989-2009. DOI: 10.1021/acs.jctc.7b00118
   * C. Bannwarth, S. Ehlert and S. Grimme., J. Chem. Theory Comput., 2019,
     15, 1652-1671. DOI: 10.1021/acs.jctc.8b01176
   * P. Pracht, E. Caldeweyher, S. Ehlert, S. Grimme, ChemRxiv, 2019, preprint.
     DOI: 10.26434/chemrxiv.8326202.v1
   
   for DFT-D4:
   * E. Caldeweyher, C. Bannwarth and S. Grimme, J. Chem. Phys., 2017,
     147, 034112. DOI: 10.1063/1.4993215
   * E. Caldeweyher, S. Ehlert, A. Hansen, H. Neugebauer, S. Spicher,
     C. Bannwarth and S. Grimme, J. Chem. Phys., 2019, 150, 154122.
     DOI: 10.1063/1.5090222
   
   for sTDA-xTB:
   * S. Grimme and C. Bannwarth, J. Chem. Phys., 2016, 145, 054103.
     DOI: 10.1063/1.4959605
   
   in the mass-spec context:
   * V. Asgeirsson, C. Bauer and S. Grimme, Chem. Sci., 2017, 8, 4879.
     DOI: 10.1039/c7sc00601b
   
   for metadynamics refer to:
   * S. Grimme, J. Chem. Theory Comput., 2019, 155, 2847-2862
     DOI: 10.1021/acs.jctc.9b00143
   
   with help from (in alphabetical order)
   C. Bannwarth, F. Bohle, G. Brandenburg, E. Caldeweyher, M. Checinski,
   S. Dohm, S. Ehlert, S. Ehrlich, F. März, H. Neugebauer, J. Pisarek,
   P. Pracht, P. Shushkov, and S. Spicher.
   
 * started run on 2021/04/12 at 13:53:47.216     

           -------------------------------------------------
          |                Calculation Setup                |
           -------------------------------------------------

          program call               : /ihome/ghutchison/geoffh/xtb/xtb TPIC.xyz -sp
          hostname                   : smp-n149
          coordinate file            : TPIC.xyz
          omp threads                :                     1
          number of atoms            :                   145
          number of electrons        :                   430
          charge                     :                     0
          spin                       :                   0.0
          first test random number   :      0.26174351072321


########################################################################
# WARNING! Please study the warnings concerning your input carefully
#  - XTBPATH is not set, using XTBHOME instead
#  - the use of '-sp' is discouraged, please use '--sp' next time
########################################################################

           ------------------------------------------------- 
          |                 G F N 2 - x T B                 |
          | Geometry, Frequencies, Noncovalent interactions |
          |            JCTC 2019 parametrisation            |
           ------------------------------------------------- 
             KAB for C  - Si     :                1.0500
             KAB for H  - Pd     :                0.9500
             k(s)              :                1.8500
             k(p)              :                2.2300
             k(d)              :                2.2300
             k(f)              :                2.0000
             kEN (H0ij)        :               -2.0000
             D4 a1             :                0.5200
             D4 a2             :                5.0000
             D4 s6             :                1.0000
             D4 s8             :                2.7000
             D4 s9             :                5.0000
             alphaj            :                2.0000

  Z AO/shell   Hii/eV     exponent
  1     Wed Apr 25 08:07:45 CEST 2018   EN: 2.200 GM2: 0.406  GM3: 0.0800  RAES: 1.40
     1s    -10.707211    1.230000
  6     Wed Apr 25 08:07:45 CEST 2018   EN: 2.550 GM2: 0.538  GM3: 0.1500  RAES: 3.00
     2s    -13.970922    2.096432
     2p    -10.063292    1.800000
  7     Wed Apr 25 08:07:45 CEST 2018   EN: 3.040 GM2: 0.461  GM3:-0.0640  RAES: 1.90
     2s    -16.686243    2.339881
     2p    -12.523956    2.014332
  8     Wed Apr 25 08:07:45 CEST 2018   EN: 3.440 GM2: 0.452  GM3:-0.0517  RAES: 1.80
     2s    -20.229985    2.439742
     2p    -15.503117    2.137023
 16     Tue Apr 24 11:44:34 CEST 2018   EN: 2.580 GM2: 0.340  GM3:-0.0502  RAES: 3.10
     3s    -20.029654    1.981333
     3p    -11.377694    2.025643
     3d     -0.420282    1.702555

           ------------------------------------------------- 
          |        Self-Consistent Charge Iterations        |
           ------------------------------------------------- 

          ...................................................
          :                      SETUP                      :
          :.................................................:
          :  # basis functions                 433          :
          :  # atomic orbitals                 430          :
          :  # shells                          238          :
          :  # electrons                       430          :
          :  max. iterations                   250          :
          :  Hamiltonian                  GFN2-xTB          :
          :  restarted?                      false          :
          :  GBSA solvation                  false          :
          :  PC potential                    false          :
          :  electronic temp.          300.0000000     K    :
          :  accuracy                    1.0000000          :
          :  -> integral cutoff          0.2500000E+02      :
          :  -> integral neglect         0.1000000E-07      :
          :  -> SCF convergence          0.1000000E-05 Eh   :
          :  -> wf. convergence          0.1000000E-03 e    :
          :  Broyden damping             0.4000000          :
          ...................................................

 iter      E             dE          RMSdq      gap      omega  full diag
   1   -235.2216600 -0.235222E+03  0.446E+00    1.29       0.0  T
   2   -235.3371931 -0.115533E+00  0.272E+00    1.19       1.0  T
   3   -234.9963980  0.340795E+00  0.201E+00    0.93       1.0  T
   4   -235.4439089 -0.447511E+00  0.609E-01    1.21       1.0  T
   5   -235.4854122 -0.415033E-01  0.191E-01    1.02       1.0  T
   6   -235.4883320 -0.291984E-02  0.110E-01    1.13       1.0  T
   7   -235.4900395 -0.170750E-02  0.442E-02    1.09       1.0  T
   8   -235.4902512 -0.211720E-03  0.180E-02    1.09       1.0  T
   9   -235.4902741 -0.228572E-04  0.845E-03    1.09       1.0  T
  10   -235.4902801 -0.604349E-05  0.336E-03    1.09       2.5  T
  11   -235.4902805 -0.358034E-06  0.169E-03    1.09       4.9  T
  12   -235.4902809 -0.406412E-06  0.617E-04    1.09      13.5  T
  13   -235.4902809 -0.177334E-07  0.381E-04    1.09      21.8  T

   *** convergence criteria satisfied after 13 iterations ***

         #    Occupation            Energy/Eh            Energy/eV
      -------------------------------------------------------------
         1        2.0000           -0.7471234             -20.3303
       ...           ...                  ...                  ...
       209        2.0000           -0.3989512             -10.8560
       210        2.0000           -0.3981993             -10.8356
       211        2.0000           -0.3974817             -10.8160
       212        2.0000           -0.3898265             -10.6077
       213        2.0000           -0.3874399             -10.5428
       214        2.0000           -0.3825556             -10.4099
       215        2.0000           -0.3710205             -10.0960 (HOMO)
       216                         -0.3308740              -9.0035 (LUMO)
       217                         -0.3256943              -8.8626
       218                         -0.3147986              -8.5661
       219                         -0.3109425              -8.4612
       220                         -0.2842594              -7.7351
       ...                                ...                  ...
       430                          1.0770237              29.3073
      -------------------------------------------------------------
                  HL-Gap            0.0401464 Eh            1.0924 eV
             Fermi-level           -0.3509493 Eh           -9.5498 eV

 SCC (total)                   0 d,  0 h,  0 min,  1.024 sec
 SCC setup                      ...        0 min,  0.004 sec (  0.392%)
 Dispersion                     ...        0 min,  0.009 sec (  0.859%)
 integral evaluation            ...        0 min,  0.321 sec ( 31.391%)
 zeroth order Hamiltonian       ...        0 min,  0.002 sec (  0.188%)
 iterations                     ...        0 min,  0.414 sec ( 40.408%)
 molecular gradient             ...        0 min,  0.270 sec ( 26.373%)
 printout                       ...        0 min,  0.004 sec (  0.384%)

         :::::::::::::::::::::::::::::::::::::::::::::::::::::
         ::                     SUMMARY                     ::
         :::::::::::::::::::::::::::::::::::::::::::::::::::::
         :: total energy            -231.699566487388 Eh    ::
         :: gradient norm              0.106821929831 Eh/a0 ::
         :: HOMO-LUMO gap              1.092439262223 eV    ::
         ::.................................................::
         :: SCC energy              -235.490280922828 Eh    ::
         :: -> isotropic ES            0.094194228565 Eh    ::
         :: -> anisotropic ES          0.020631315890 Eh    ::
         :: -> anisotropic XC          0.171929588527 Eh    ::
         :: -> dispersion             -0.224079626551 Eh    ::
         :: repulsion energy           3.785926965009 Eh    ::
         :: add. restraining           0.000000000000 Eh    ::
         :::::::::::::::::::::::::::::::::::::::::::::::::::::

           -------------------------------------------------
          |                Property Printout                |
           -------------------------------------------------

    * Orbital Energies and Occupations

         #    Occupation            Energy/Eh            Energy/eV
      -------------------------------------------------------------
         1        2.0000           -0.7471234             -20.3303
       ...           ...                  ...                  ...
       203        2.0000           -0.4090265             -11.1302
       204        2.0000           -0.4082188             -11.1082
       205        2.0000           -0.4076828             -11.0936
       206        2.0000           -0.4017645             -10.9326
       207        2.0000           -0.4012290             -10.9180
       208        2.0000           -0.4008844             -10.9086
       209        2.0000           -0.3989512             -10.8560
       210        2.0000           -0.3981993             -10.8356
       211        2.0000           -0.3974817             -10.8160
       212        2.0000           -0.3898265             -10.6077
       213        2.0000           -0.3874399             -10.5428
       214        2.0000           -0.3825556             -10.4099
       215        2.0000           -0.3710205             -10.0960 (HOMO)
       216                         -0.3308740              -9.0035 (LUMO)
       217                         -0.3256943              -8.8626
       218                         -0.3147986              -8.5661
       219                         -0.3109425              -8.4612
       220                         -0.2842594              -7.7351
       221                         -0.2665239              -7.2525
       222                         -0.2567752              -6.9872
       223                         -0.2484839              -6.7616
       224                         -0.2459808              -6.6935
       225                         -0.2418933              -6.5823
       226                         -0.2414781              -6.5710
       ...                                ...                  ...
       430                          1.0770237              29.3073
      -------------------------------------------------------------
                  HL-Gap            0.0401464 Eh            1.0924 eV
             Fermi-level           -0.3509493 Eh           -9.5498 eV

     #   Z        covCN         q      C6AA      α(0)
     1   6 C      2.922    -0.010    28.265     8.718
     2   6 C      2.987    -0.036    28.887     8.816
     3   6 C      3.001     0.031    27.293     8.570
     4   6 C      3.013     0.007    27.840     8.655
     5   6 C      3.019    -0.016    28.389     8.740
     6   6 C      2.860     0.224    23.294     7.911
     7   6 C      2.905    -0.026    28.659     8.778
     8   6 C      2.911    -0.019    28.484     8.751
     9   6 C      2.912    -0.021    28.536     8.759
    10   6 C      2.905    -0.014    28.357     8.732
    11   1 H      0.924     0.047     2.352     2.398
    12   1 H      0.924     0.049     2.337     2.390
    13   8 O      0.856    -0.361    20.926     6.133
    14   6 C      2.944     0.004    27.936     8.669
    15   6 C      1.912     0.118    28.194     8.575
    16   6 C      1.913     0.119    28.161     8.570
    17   7 N      0.911    -0.239    26.252     7.410
    18   7 N      0.911    -0.239    26.251     7.410
    19   6 C      2.980     0.022    27.514     8.604
    20  16 S      2.244     0.008   140.742    19.967
    21   6 C      3.047     0.024    27.428     8.589
    22   6 C      3.190    -0.003    27.595     8.568
    23   6 C      3.045    -0.036    28.844     8.809
    24   6 C      2.947    -0.014    28.367     8.735
    25   6 C      2.985    -0.039    28.954     8.827
    26   6 C      3.001     0.031    27.287     8.569
    27   6 C      3.015     0.007    27.853     8.657
    28   6 C      3.017    -0.016    28.396     8.741
    29   6 C      2.867     0.222    23.326     7.917
    30   6 C      2.906    -0.027    28.666     8.779
    31   6 C      2.911    -0.020    28.496     8.753
    32   6 C      2.911    -0.022    28.552     8.762
    33   6 C      2.905    -0.014    28.362     8.732
    34   1 H      0.924     0.047     2.364     2.404
    35   1 H      0.924     0.048     2.351     2.398
    36   8 O      0.856    -0.365    20.991     6.143
    37   6 C      2.944    -0.001    28.058     8.688
    38   6 C      1.914     0.116    28.239     8.582
    39   6 C      1.914     0.119    28.182     8.573
    40   7 N      0.911    -0.243    26.336     7.422
    41   7 N      0.911    -0.250    26.510     7.447
    42   6 C      3.015     0.003    27.939     8.670
    43   6 C      3.048     0.008    27.789     8.646
    44   6 C      3.929     0.013    20.296     6.402
    45   6 C      2.903    -0.033    28.812     8.801
    46   6 C      3.038     0.004    27.897     8.663
    47   6 C      3.018     0.005    27.886     8.662
    48   6 C      2.902    -0.034    28.841     8.806
    49   6 C      3.925     0.014    20.272     6.399
    50   6 C      3.118    -0.022    28.377     8.725
    51   6 C      3.061     0.018    27.551     8.608
    52   6 C      3.201     0.037    26.610     8.405
    53   6 C      3.075    -0.007    28.107     8.692
    54  16 S      2.144    -0.037   142.567    20.096
    55   7 N      2.778    -0.050    22.201     6.998
    56   6 C      3.238     0.039    26.249     8.310
    57   6 C      3.059     0.007    27.809     8.648
    58   6 C      3.008    -0.043    29.056     8.842
    59   6 C      2.980     0.025    27.449     8.594
    60  16 S      2.233    -0.018   141.788    20.041
    61   6 C      2.963     0.010    27.786     8.646
    62   6 C      3.734     0.008    20.532     6.467
    63   6 C      3.747    -0.110    22.679     6.793
    64   6 C      2.964     0.008    27.842     8.655
    65   6 C      2.958     0.008    27.843     8.655
    66   6 C      2.961     0.008    27.831     8.653
    67   6 C      2.912    -0.035    28.879     8.812
    68   6 C      2.914    -0.037    28.929     8.820
    69   6 C      2.960     0.014    27.708     8.634
    70   6 C      2.914    -0.035    28.870     8.811
    71   6 C      2.912    -0.038    28.950     8.823
    72   6 C      2.912    -0.037    28.914     8.817
    73   6 C      2.915    -0.037    28.911     8.817
    74   6 C      2.959     0.013    27.731     8.637
    75   6 C      2.914    -0.037    28.921     8.819
    76   6 C      2.913    -0.034    28.835     8.805
    77   6 C      2.913    -0.035    28.873     8.811
    78   6 C      2.914    -0.037    28.908     8.817
    79   6 C      2.958     0.014    27.700     8.633
    80   6 C      2.915    -0.036    28.905     8.816
    81   6 C      2.912    -0.038    28.933     8.820
    82   6 C      2.913    -0.040    28.994     8.830
    83   6 C      2.915    -0.038    28.934     8.821
    84   6 C      2.959     0.013    27.718     8.635
    85   6 C      2.914    -0.037    28.931     8.820
    86   6 C      2.914    -0.035    28.877     8.812
    87   6 C      3.800    -0.054    21.541     6.608
    88   6 C      3.746    -0.094    22.357     6.745
    89   6 C      3.800    -0.054    21.545     6.609
    90   6 C      3.745    -0.093    22.352     6.744
    91   6 C      3.800    -0.054    21.546     6.609
    92   6 C      3.746    -0.094    22.357     6.745
    93   6 C      3.800    -0.055    21.559     6.611
    94   6 C      3.745    -0.094    22.370     6.747
    95   1 H      0.923     0.078     1.999     2.211
    96   1 H      0.925     0.055     2.256     2.349
    97   1 H      0.924     0.060     2.201     2.320
    98   1 H      0.925     0.039     2.465     2.455
    99   1 H      0.923     0.084     1.942     2.180
   100   1 H      0.925     0.054     2.267     2.355
   101   1 H      0.924     0.059     2.209     2.324
   102   1 H      0.925     0.043     2.409     2.427
   103   1 H      0.924     0.046     2.367     2.406
   104   1 H      0.925     0.047     2.364     2.404
   105   1 H      0.923     0.058     2.223     2.332
   106   1 H      0.923     0.050     2.325     2.384
   107   1 H      0.923     0.048     2.343     2.394
   108   1 H      0.923     0.047     2.355     2.400
   109   1 H      0.923     0.063     2.166     2.301
   110   1 H      0.924     0.029     2.605     2.524
   111   1 H      0.924     0.031     2.570     2.507
   112   1 H      0.924     0.036     2.501     2.473
   113   1 H      0.925     0.037     2.484     2.465
   114   1 H      0.924     0.026     2.641     2.541
   115   1 H      0.924     0.032     2.560     2.502
   116   1 H      0.924     0.031     2.568     2.506
   117   1 H      0.924     0.030     2.585     2.514
   118   1 H      0.924     0.024     2.673     2.557
   119   1 H      0.924     0.033     2.539     2.492
   120   1 H      0.924     0.033     2.549     2.497
   121   1 H      0.925     0.032     2.562     2.503
   122   1 H      0.925     0.029     2.608     2.525
   123   1 H      0.924     0.031     2.579     2.512
   124   1 H      0.924     0.033     2.538     2.491
   125   1 H      0.925     0.036     2.507     2.476
   126   1 H      0.923     0.034     2.528     2.486
   127   1 H      0.923     0.036     2.506     2.476
   128   1 H      0.923     0.033     2.539     2.492
   129   1 H      0.923     0.036     2.504     2.475
   130   1 H      0.923     0.039     2.459     2.452
   131   1 H      0.923     0.035     2.520     2.482
   132   1 H      0.923     0.036     2.506     2.476
   133   1 H      0.923     0.034     2.526     2.485
   134   1 H      0.923     0.036     2.501     2.473
   135   1 H      0.923     0.035     2.514     2.480
   136   1 H      0.923     0.036     2.510     2.477
   137   1 H      0.923     0.036     2.506     2.476
   138   1 H      0.923     0.035     2.522     2.483
   139   1 H      0.923     0.037     2.495     2.470
   140   1 H      0.923     0.036     2.505     2.475
   141   1 H      0.923     0.037     2.496     2.471
   142   1 H      0.923     0.037     2.494     2.470
   143   1 H      0.923     0.037     2.486     2.466
   144   1 H      0.923     0.038     2.479     2.463
   145   1 H      0.923     0.034     2.534     2.490

 Mol. C6AA /au·bohr⁶  :     326774.835734
 Mol. C8AA /au·bohr⁸  :    8664759.246990
 Mol. α(0) /au        :        913.404130


Wiberg/Mayer (AO) data.
largest (>0.10) Wiberg bond orders for each atom
          total WBO             WBO to atom ...
     1  C   3.947        C    2 1.542    C   19 1.245    H   95 0.950
     2  C   3.958        C    1 1.542    C    3 1.142    C    6 1.007
     3  C   3.972        C   14 1.481    C    2 1.142    C    4 1.071
     4  C   3.981        C    7 1.401    C    5 1.301    C    3 1.071
     5  C   3.974        C   10 1.418    C    4 1.301    C    6 1.012
     6  C   3.923        O   13 1.784    C    5 1.012    C    2 1.007
     7  C   3.977        C    8 1.432    C    4 1.401    H   96 0.963
     8  C   3.980        C    9 1.433    C    7 1.432    H   12 0.970
     9  C   3.971        C    8 1.433    C   10 1.425    H   11 0.970
    10  C   3.982        C    9 1.425    C    5 1.418    H   97 0.966
    11  H   0.997        C    9 0.970
    12  H   0.997        C    8 0.970
    13  O   2.060        C    6 1.784
    14  C   3.963        C    3 1.481    C   16 1.098    C   15 1.097
    15  C   3.941        N   17 2.766    C   14 1.097
    16  C   3.942        N   18 2.765    C   14 1.098
    17  N   2.968        C   15 2.766
    18  N   2.981        C   16 2.765
    19  C   3.928        C   23 1.405    C    1 1.245    S   20 1.100
    20  S   2.593        C   21 1.189    C   19 1.100
    21  C   3.917        C   22 1.378    S   20 1.189    C   42 1.145
    22  C   3.964        C   23 1.381    C   21 1.378    C   44 0.969
    23  C   3.978        C   19 1.405    C   22 1.381    H   98 0.961
    24  C   3.944        C   25 1.505    C   59 1.287    H   99 0.947
    25  C   3.948        C   24 1.505    C   26 1.166    C   29 1.008
    26  C   3.970        C   37 1.463    C   25 1.166    C   27 1.063
    27  C   3.980        C   30 1.406    C   28 1.302    C   26 1.063
    28  C   3.974        C   33 1.419    C   27 1.302    C   29 1.014
    29  C   3.921        O   36 1.781    C   28 1.014    C   25 1.008
    30  C   3.977        C   31 1.427    C   27 1.406    H  100 0.963
    31  C   3.980        C   32 1.436    C   30 1.427    H   35 0.970
    32  C   3.972        C   31 1.436    C   33 1.422    H   34 0.970
    33  C   3.982        C   32 1.422    C   28 1.419    H  101 0.966
    34  H   0.997        C   32 0.970
    35  H   0.997        C   31 0.970
    36  O   2.052        C   29 1.781
    37  C   3.953        C   26 1.463    C   39 1.106    C   38 1.098
    38  C   3.941        N   40 2.764    C   37 1.098
    39  C   3.942        N   41 2.752    C   37 1.106
    40  N   2.964        C   38 2.764
    41  N   2.975        C   39 2.752
    42  C   3.955        C   45 1.340    C   43 1.288    C   21 1.145
    43  C   3.962        C   48 1.462    C   42 1.288    C   44 0.970
    44  C   3.985        C   43 0.970    C   22 0.969    C   61 0.955    C   64 0.951
    45  C   3.971        C   46 1.474    C   42 1.340    H  102 0.959
    46  C   3.963        C   45 1.474    C   47 1.285    C   49 0.960
    47  C   3.952        C   48 1.350    C   46 1.285    C   51 1.142
    48  C   3.971        C   43 1.462    C   47 1.350    H  103 0.964
    49  C   3.984        C   50 0.974    C   65 0.961    C   46 0.960    C   66 0.947
    50  C   3.955        C   51 1.445    C   52 1.261    C   49 0.974
    51  C   3.891        C   50 1.445    C   47 1.142    S   54 1.126
    52  C   3.920        C   53 1.270    C   50 1.261    N   55 1.160
    53  C   3.917        C   57 1.318    C   52 1.270    S   54 1.101
    54  S   2.521        C   51 1.126    C   53 1.101
    55  N   3.552        C   52 1.160    C   56 1.146    C   62 0.975
    56  C   3.941        C   58 1.345    C   57 1.238    N   55 1.146
    57  C   3.925        C   53 1.318    C   56 1.238    S   60 1.150
    58  C   3.963        C   59 1.397    C   56 1.345    H  104 0.956
    59  C   3.919        C   58 1.397    C   24 1.287    S   60 1.069
    60  S   2.533        C   57 1.150    C   59 1.069
    61  C   3.981        C   72 1.414    C   76 1.402    C   44 0.955    C   74 0.106
    62  C   3.964        C   63 1.009    N   55 0.975    H  106 0.970    H  105 0.966
    63  C   3.987        C   62 1.009    H  108 0.982    H  107 0.982    H  109 0.981
    64  C   3.980        C   71 1.410    C   67 1.407    C   44 0.951    C   69 0.106
    65  C   3.981        C   82 1.415    C   86 1.398    C   49 0.961    C   84 0.106
    66  C   3.981        C   81 1.421    C   77 1.396    C   49 0.947    C   79 0.106
    67  C   3.988        C   68 1.447    C   64 1.407    H  110 0.967    C   70 0.108
    68  C   3.988        C   67 1.447    C   69 1.408    H  111 0.969    C   71 0.108
    69  C   3.984        C   70 1.408    C   68 1.408    C   87 1.013    C   64 0.106
    70  C   3.989        C   71 1.448    C   69 1.408    H  112 0.968    C   67 0.108
    71  C   3.987        C   70 1.448    C   64 1.410    H  113 0.961    C   68 0.108
    72  C   3.989        C   73 1.444    C   61 1.414    H  114 0.967    C   75 0.107
    73  C   3.990        C   72 1.444    C   74 1.412    H  115 0.969    C   76 0.109
    74  C   3.985        C   73 1.412    C   75 1.404    C   89 1.013    C   61 0.106
    75  C   3.989        C   76 1.453    C   74 1.404    H  116 0.969    C   72 0.107
    76  C   3.989        C   75 1.453    C   61 1.402    H  117 0.968    C   73 0.109
    77  C   3.990        C   78 1.459    C   66 1.396    H  118 0.969    C   80 0.109
    78  C   3.989        C   77 1.459    C   79 1.396    H  119 0.969    C   81 0.107
    79  C   3.984        C   80 1.420    C   78 1.396    C   93 1.013    C   66 0.106
    80  C   3.989        C   81 1.434    C   79 1.420    H  120 0.969    C   77 0.109
    81  C   3.988        C   80 1.434    C   66 1.421    H  121 0.964    C   78 0.107
    82  C   3.988        C   83 1.441    C   65 1.415    H  122 0.964    C   85 0.106
    83  C   3.989        C   82 1.441    C   84 1.414    H  123 0.969    C   86 0.109
    84  C   3.985        C   83 1.414    C   85 1.403    C   91 1.013    C   65 0.106
    85  C   3.988        C   86 1.453    C   84 1.403    H  124 0.968    C   82 0.106
    86  C   3.988        C   85 1.453    C   65 1.398    H  125 0.962    C   83 0.109
    87  C   3.996        C   69 1.013    C   88 1.001    H  126 0.974    H  127 0.973
    88  C   3.995        C   87 1.001    H  128 0.988    H  130 0.988    H  129 0.986
    89  C   3.996        C   74 1.013    C   90 1.002    H  131 0.974    H  132 0.973
    90  C   3.995        C   89 1.002    H  133 0.988    H  135 0.988    H  134 0.986
    91  C   3.996        C   84 1.013    C   92 1.002    H  137 0.975    H  136 0.972
    92  C   3.995        C   91 1.002    H  140 0.988    H  138 0.988    H  139 0.986
    93  C   3.996        C   79 1.013    C   94 1.001    H  141 0.974    H  142 0.973
    94  C   3.995        C   93 1.001    H  143 0.988    H  145 0.988    H  144 0.986
    95  H   0.991        C    1 0.950
    96  H   0.996        C    7 0.963
    97  H   0.996        C   10 0.966
    98  H   0.998        C   23 0.961
    99  H   0.991        C   24 0.947
   100  H   0.996        C   30 0.963
   101  H   0.996        C   33 0.966
   102  H   0.997        C   45 0.959
   103  H   0.996        C   48 0.964
   104  H   0.997        C   58 0.956
   105  H   0.995        C   62 0.966
   106  H   0.996        C   62 0.970
   107  H   0.998        C   63 0.982
   108  H   0.996        C   63 0.982
   109  H   0.996        C   63 0.981
   110  H   0.999        C   67 0.967
   111  H   0.998        C   68 0.969
   112  H   0.998        C   70 0.968
   113  H   0.998        C   71 0.961
   114  H   0.999        C   72 0.967
   115  H   0.998        C   73 0.969
   116  H   0.998        C   75 0.969
   117  H   0.999        C   76 0.968
   118  H   0.999        C   77 0.969
   119  H   0.998        C   78 0.969
   120  H   0.998        C   80 0.969
   121  H   0.999        C   81 0.964
   122  H   0.999        C   82 0.964
   123  H   0.998        C   83 0.969
   124  H   0.998        C   85 0.968
   125  H   0.998        C   86 0.962
   126  H   0.998        C   87 0.974
   127  H   0.998        C   87 0.973
   128  H   0.999        C   88 0.988
   129  H   0.998        C   88 0.986
   130  H   0.998        C   88 0.988
   131  H   0.998        C   89 0.974
   132  H   0.998        C   89 0.973
   133  H   0.999        C   90 0.988
   134  H   0.998        C   90 0.986
   135  H   0.999        C   90 0.988
   136  H   0.998        C   91 0.972
   137  H   0.998        C   91 0.975
   138  H   0.999        C   92 0.988
   139  H   0.998        C   92 0.986
   140  H   0.999        C   92 0.988
   141  H   0.998        C   93 0.974
   142  H   0.998        C   93 0.973
   143  H   0.999        C   94 0.988
   144  H   0.998        C   94 0.986
   145  H   0.999        C   94 0.988

molecular dipole:
                 x           y           z       tot (Debye)
 q only:       -0.266      -0.444      -0.144
   full:       -0.316      -0.427      -0.172       1.419
molecular quadrupole (traceless):
                xx          xy          yy          xz          yz          zz
 q only:       22.196     -13.836     -65.674     -41.911     -14.788      43.479
  q+dip:       23.016      10.854     -61.571     -55.469     -21.682      38.555
   full:       25.289       4.009     -55.135     -57.079     -18.077      29.846


           -------------------------------------------------
          | TOTAL ENERGY             -231.699566487388 Eh   |
          | GRADIENT NORM               0.106821929831 Eh/α |
          | HOMO-LUMO GAP               1.092439262223 eV   |
           -------------------------------------------------

------------------------------------------------------------------------
 * finished run on 2021/04/12 at 13:53:48.589     
------------------------------------------------------------------------
 total:
 * wall-time:     0 d,  0 h,  0 min,  1.373 sec
 *  cpu-time:     0 d,  0 h,  0 min,  1.365 sec
 * ratio c/w:     0.994 speedup
 SCF:
 * wall-time:     0 d,  0 h,  0 min,  1.025 sec
 *  cpu-time:     0 d,  0 h,  0 min,  1.022 sec
 * ratio c/w:     0.998 speedup

