      -----------------------------------------------------------      
     |                   =====================                   |     
     |                           x T B                           |     
     |                   =====================                   |     
     |                         S. Grimme                         |     
     |          Mulliken Center for Theoretical Chemistry        |     
     |                    University of Bonn                     |     
     |                Version 6.2 RC2 (SAW190805)                |     
      -----------------------------------------------------------      

   This program is distributed in the hope that it will be useful,
   but WITHOUT ANY WARRANTY; without even the implied warranty of
   MERCHANTABILITY or FITNESS FOR A PARTICULAR PURPOSE.
   
   FOR NON-COMMERCIAL, ACADEMIA USE ONLY.
   
   Cite this work as:
   * S. Grimme, C. Bannwarth, P. Shushkov, J. Chem. Theory Comput., 2017,
     13, 1989-2009. DOI: 10.1021/acs.jctc.7b00118
   * C. Bannwarth, S. Ehlert and S. Grimme., J. Chem. Theory Comput., 2019,
     15, 1652-1671. DOI: 10.1021/acs.jctc.8b01176
   * P. Pracht, E. Caldeweyher, S. Ehlert, S. Grimme, ChemRxiv, 2019, preprint.
     DOI: 10.26434/chemrxiv.8326202.v1
   
   for DFT-D4:
   * E. Caldeweyher, C. Bannwarth and S. Grimme, J. Chem. Phys., 2017,
     147, 034112. DOI: 10.1063/1.4993215
   * E. Caldeweyher, S. Ehlert, A. Hansen, H. Neugebauer, S. Spicher,
     C. Bannwarth and S. Grimme, J. Chem. Phys., 2019, 150, 154122.
     DOI: 10.1063/1.5090222
   
   for sTDA-xTB:
   * S. Grimme and C. Bannwarth, J. Chem. Phys., 2016, 145, 054103.
     DOI: 10.1063/1.4959605
   
   in the mass-spec context:
   * V. Asgeirsson, C. Bauer and S. Grimme, Chem. Sci., 2017, 8, 4879.
     DOI: 10.1039/c7sc00601b
   
   for metadynamics refer to:
   * S. Grimme, J. Chem. Theory Comput., 2019, 155, 2847-2862
     DOI: 10.1021/acs.jctc.9b00143
   
   with help from (in alphabetical order)
   C. Bannwarth, F. Bohle, G. Brandenburg, E. Caldeweyher, M. Checinski,
   S. Dohm, S. Ehlert, S. Ehrlich, F. März, H. Neugebauer, J. Pisarek,
   P. Pracht, P. Shushkov, and S. Spicher.
   
 * started run on 2020/11/20 at 13:45:58.640     

           -------------------------------------------------
          |                Calculation Setup                |
           -------------------------------------------------

          program call               : /ihome/ghutchison/geoffh/xtb/xtb Y1-4F.xyz -sp
          hostname                   : smp-n106
          coordinate file            : Y1-4F.xyz
          omp threads                :                     1
          number of atoms            :                    92
          number of electrons        :                   332
          charge                     :                     0
          spin                       :                   0.0
          first test random number   :      0.36771727365254


########################################################################
# WARNING! Please study the warnings concerning your input carefully
#  - XTBPATH is not set, using XTBHOME instead
#  - the use of '-sp' is discouraged, please use '--sp' next time
########################################################################

           ------------------------------------------------- 
          |                 G F N 2 - x T B                 |
          | Geometry, Frequencies, Noncovalent interactions |
          |            JCTC 2019 parametrisation            |
           ------------------------------------------------- 
             KAB for C  - Si     :                1.0500
             KAB for H  - Pd     :                0.9500
             k(s)              :                1.8500
             k(p)              :                2.2300
             k(d)              :                2.2300
             k(f)              :                2.0000
             kEN (H0ij)        :               -2.0000
             D4 a1             :                0.5200
             D4 a2             :                5.0000
             D4 s6             :                1.0000
             D4 s8             :                2.7000
             D4 s9             :                5.0000
             alphaj            :                2.0000

  Z AO/shell   Hii/eV     exponent
  1     Wed Apr 25 08:07:45 CEST 2018   EN: 2.200 GM2: 0.406  GM3: 0.0800  RAES: 1.40
     1s    -10.707211    1.230000
  6     Wed Apr 25 08:07:45 CEST 2018   EN: 2.550 GM2: 0.538  GM3: 0.1500  RAES: 3.00
     2s    -13.970922    2.096432
     2p    -10.063292    1.800000
  7     Wed Apr 25 08:07:45 CEST 2018   EN: 3.040 GM2: 0.461  GM3:-0.0640  RAES: 1.90
     2s    -16.686243    2.339881
     2p    -12.523956    2.014332
  8     Wed Apr 25 08:07:45 CEST 2018   EN: 3.440 GM2: 0.452  GM3:-0.0517  RAES: 1.80
     2s    -20.229985    2.439742
     2p    -15.503117    2.137023
  9     Mon Apr 23 13:58:50 CEST 2018   EN: 3.980 GM2: 0.532  GM3: 0.1426  RAES: 2.40
     2s    -23.458179    2.416361
     2p    -15.746583    2.308399
 16     Tue Apr 24 11:44:34 CEST 2018   EN: 2.580 GM2: 0.340  GM3:-0.0502  RAES: 3.10
     3s    -20.029654    1.981333
     3p    -11.377694    2.025643
     3d     -0.420282    1.702555

           ------------------------------------------------- 
          |        Self-Consistent Charge Iterations        |
           ------------------------------------------------- 

          ...................................................
          :                      SETUP                      :
          :.................................................:
          :  # basis functions                 323          :
          :  # atomic orbitals                 319          :
          :  # shells                          165          :
          :  # electrons                       332          :
          :  max. iterations                   250          :
          :  Hamiltonian                  GFN2-xTB          :
          :  restarted?                      false          :
          :  GBSA solvation                  false          :
          :  PC potential                    false          :
          :  electronic temp.          300.0000000     K    :
          :  accuracy                    1.0000000          :
          :  -> integral cutoff          0.2500000E+02      :
          :  -> integral neglect         0.1000000E-07      :
          :  -> SCF convergence          0.1000000E-05 Eh   :
          :  -> wf. convergence          0.1000000E-03 e    :
          :  Broyden damping             0.4000000          :
          ...................................................

 iter      E             dE          RMSdq      gap      omega  full diag
   1   -187.1235300 -0.187124E+03  0.497E+00    1.27       0.0  T
   2   -187.2683381 -0.144808E+00  0.335E+00    0.98       1.0  T
   3   -187.2711492 -0.281119E-02  0.213E+00    1.02       1.0  T
   4   -187.4656850 -0.194536E+00  0.856E-01    1.18       1.0  T
   5   -187.5286957 -0.630107E-01  0.249E-01    0.95       1.0  T
   6   -187.5322762 -0.358047E-02  0.133E-01    1.07       1.0  T
   7   -187.5335113 -0.123506E-02  0.579E-02    1.02       1.0  T
   8   -187.5337344 -0.223155E-03  0.224E-02    1.03       1.0  T
   9   -187.5337517 -0.173036E-04  0.121E-02    1.03       1.0  T
  10   -187.5337618 -0.101083E-04  0.463E-03    1.03       2.3  T
  11   -187.5337625 -0.708394E-06  0.224E-03    1.03       4.7  T
  12   -187.5337628 -0.225139E-06  0.116E-03    1.03       9.0  T
  13   -187.5337628 -0.832819E-07  0.531E-04    1.03      19.6  T
  14   -187.5337629 -0.751106E-08  0.286E-04    1.03      36.4  T

   *** convergence criteria satisfied after 14 iterations ***

         #    Occupation            Energy/Eh            Energy/eV
      -------------------------------------------------------------
         1        2.0000           -0.8520002             -23.1841
       ...           ...                  ...                  ...
       160        2.0000           -0.4183766             -11.3846
       161        2.0000           -0.4160664             -11.3217
       162        2.0000           -0.4160051             -11.3201
       163        2.0000           -0.4046667             -11.0115
       164        2.0000           -0.3970428             -10.8041
       165        2.0000           -0.3881362             -10.5617
       166        2.0000           -0.3836106             -10.4386 (HOMO)
       167                         -0.3457654              -9.4088 (LUMO)
       168                         -0.3416892              -9.2978
       169                         -0.3332954              -9.0694
       170                         -0.3305619              -8.9950
       171                         -0.2964749              -8.0675
       ...                                ...                  ...
       319                          1.0636133              28.9424
      -------------------------------------------------------------
                  HL-Gap            0.0378452 Eh            1.0298 eV
             Fermi-level           -0.3646905 Eh           -9.9237 eV

 SCC (total)                   0 d,  0 h,  0 min,  0.642 sec
 SCC setup                      ...        0 min,  0.002 sec (  0.372%)
 Dispersion                     ...        0 min,  0.006 sec (  0.938%)
 integral evaluation            ...        0 min,  0.200 sec ( 31.143%)
 zeroth order Hamiltonian       ...        0 min,  0.001 sec (  0.199%)
 iterations                     ...        0 min,  0.269 sec ( 41.876%)
 molecular gradient             ...        0 min,  0.161 sec ( 25.079%)
 printout                       ...        0 min,  0.002 sec (  0.381%)

         :::::::::::::::::::::::::::::::::::::::::::::::::::::
         ::                     SUMMARY                     ::
         :::::::::::::::::::::::::::::::::::::::::::::::::::::
         :: total energy            -185.030929899369 Eh    ::
         :: gradient norm              0.105439116428 Eh/a0 ::
         :: HOMO-LUMO gap              1.029820815867 eV    ::
         ::.................................................::
         :: SCC energy              -187.533762855257 Eh    ::
         :: -> isotropic ES            0.142681610618 Eh    ::
         :: -> anisotropic ES          0.008206125063 Eh    ::
         :: -> anisotropic XC          0.104885148913 Eh    ::
         :: -> dispersion             -0.144305364444 Eh    ::
         :: repulsion energy           2.504839252422 Eh    ::
         :: add. restraining           0.000000000000 Eh    ::
         :::::::::::::::::::::::::::::::::::::::::::::::::::::

           -------------------------------------------------
          |                Property Printout                |
           -------------------------------------------------

    * Orbital Energies and Occupations

         #    Occupation            Energy/Eh            Energy/eV
      -------------------------------------------------------------
         1        2.0000           -0.8520002             -23.1841
       ...           ...                  ...                  ...
       154        2.0000           -0.4365255             -11.8785
       155        2.0000           -0.4313020             -11.7363
       156        2.0000           -0.4295055             -11.6874
       157        2.0000           -0.4282643             -11.6537
       158        2.0000           -0.4214235             -11.4675
       159        2.0000           -0.4203320             -11.4378
       160        2.0000           -0.4183766             -11.3846
       161        2.0000           -0.4160664             -11.3217
       162        2.0000           -0.4160051             -11.3201
       163        2.0000           -0.4046667             -11.0115
       164        2.0000           -0.3970428             -10.8041
       165        2.0000           -0.3881362             -10.5617
       166        2.0000           -0.3836106             -10.4386 (HOMO)
       167                         -0.3457654              -9.4088 (LUMO)
       168                         -0.3416892              -9.2978
       169                         -0.3332954              -9.0694
       170                         -0.3305619              -8.9950
       171                         -0.2964749              -8.0675
       172                         -0.2862972              -7.7905
       173                         -0.2801023              -7.6220
       174                         -0.2645980              -7.2001
       175                         -0.2624169              -7.1407
       176                         -0.2549800              -6.9384
       177                         -0.2549256              -6.9369
       ...                                ...                  ...
       319                          1.0636133              28.9424
      -------------------------------------------------------------
                  HL-Gap            0.0378452 Eh            1.0298 eV
             Fermi-level           -0.3646905 Eh           -9.9237 eV

     #   Z        covCN         q      C6AA      α(0)
     1   6 C      2.859     0.227    23.245     7.903
     2   8 O      0.859    -0.358    20.860     6.124
     3   6 C      3.023    -0.020    28.474     8.753
     4   6 C      2.906    -0.038    28.943     8.821
     5   6 C      2.777     0.161    24.516     8.110
     6   9 F      0.787    -0.181    11.044     3.926
     7   6 C      2.775     0.163    24.471     8.102
     8   9 F      0.787    -0.180    11.033     3.924
     9   6 C      2.908    -0.051    29.264     8.870
    10   6 C      3.016     0.005    27.885     8.662
    11   6 C      2.999     0.030    27.319     8.574
    12   6 C      2.943     0.010    27.796     8.647
    13   6 C      1.915     0.119    28.162     8.570
    14   7 N      0.911    -0.231    26.051     7.382
    15   6 C      1.916     0.119    28.165     8.571
    16   7 N      0.911    -0.223    25.881     7.358
    17   6 C      2.986    -0.036    28.886     8.816
    18   6 C      2.907    -0.013    28.345     8.730
    19   6 C      2.972     0.024    27.470     8.597
    20  16 S      2.185     0.031   139.778    19.899
    21   6 C      3.078     0.000    27.939     8.666
    22   6 C      3.133     0.017    27.408     8.570
    23   6 C      3.039    -0.042    29.010     8.834
    24  16 S      2.132    -0.016   141.721    20.036
    25   6 C      3.073     0.010    27.720     8.633
    26   6 C      3.165     0.029    27.027     8.496
    27   7 N      2.779    -0.059    22.373     7.025
    28   6 C      3.736     0.002    20.636     6.483
    29   6 C      3.746    -0.114    22.755     6.804
    30   6 C      3.029     0.027    27.377     8.582
    31   6 C      3.051    -0.027    28.633     8.776
    32   6 C      3.127     0.055    26.568     8.440
    33   7 N      1.966    -0.239    27.068     7.715
    34   7 N      3.257     0.193    18.032     6.307
    35   6 C      3.737    -0.018    20.985     6.537
    36   6 C      3.747    -0.109    22.656     6.789
    37   7 N      1.965    -0.241    27.106     7.721
    38   6 C      3.128     0.056    26.542     8.435
    39   6 C      3.061    -0.029    28.655     8.778
    40   6 C      3.028     0.026    27.401     8.586
    41   7 N      2.789    -0.039    21.987     6.964
    42   6 C      3.737    -0.004    20.738     6.499
    43   6 C      3.746    -0.109    22.661     6.790
    44   6 C      3.181     0.026    26.988     8.480
    45   6 C      3.067     0.007    27.790     8.644
    46  16 S      2.140    -0.013   141.588    20.027
    47   6 C      3.153     0.018    27.311     8.547
    48   6 C      3.081     0.011    27.693     8.627
    49  16 S      2.241    -0.028   142.200    20.070
    50   6 C      2.977     0.028    27.365     8.581
    51   6 C      3.024    -0.041    28.996     8.833
    52   6 C      2.938    -0.012    28.312     8.727
    53   6 C      2.982    -0.037    28.918     8.821
    54   6 C      3.000     0.031    27.306     8.572
    55   6 C      2.943     0.010    27.787     8.646
    56   6 C      1.917     0.119    28.168     8.571
    57   7 N      0.911    -0.223    25.874     7.357
    58   6 C      1.916     0.119    28.176     8.572
    59   7 N      0.911    -0.229    26.018     7.377
    60   6 C      3.012     0.005    27.891     8.663
    61   6 C      2.908    -0.051    29.260     8.870
    62   6 C      2.775     0.163    24.474     8.103
    63   9 F      0.787    -0.180    11.031     3.923
    64   6 C      2.778     0.161    24.507     8.108
    65   9 F      0.787    -0.181    11.041     3.925
    66   6 C      2.906    -0.038    28.935     8.820
    67   6 C      3.027    -0.019    28.455     8.750
    68   6 C      2.858     0.226    23.251     7.903
    69   8 O      0.856    -0.369    21.070     6.154
    70   1 H      0.924     0.091     1.868     2.138
    71   1 H      0.925     0.091     1.867     2.137
    72   1 H      0.925     0.073     2.058     2.243
    73   1 H      0.924     0.065     2.136     2.286
    74   1 H      0.924     0.063     2.165     2.301
    75   1 H      0.923     0.051     2.313     2.378
    76   1 H      0.923     0.056     2.251     2.346
    77   1 H      0.923     0.066     2.128     2.281
    78   1 H      0.923     0.046     2.372     2.409
    79   1 H      0.924     0.078     2.004     2.214
    80   1 H      0.923     0.072     2.066     2.248
    81   1 H      0.923     0.053     2.277     2.360
    82   1 H      0.923     0.057     2.236     2.338
    83   1 H      0.923     0.062     2.171     2.304
    84   1 H      0.924     0.068     2.108     2.271
    85   1 H      0.923     0.058     2.222     2.331
    86   1 H      0.923     0.044     2.397     2.421
    87   1 H      0.923     0.056     2.246     2.344
    88   1 H      0.923     0.056     2.249     2.345
    89   1 H      0.925     0.109     1.708     2.044
    90   1 H      0.924     0.070     2.082     2.257
    91   1 H      0.925     0.091     1.872     2.140
    92   1 H      0.924     0.093     1.846     2.125

 Mol. C6AA /au·bohr⁶  :     164295.995610
 Mol. C8AA /au·bohr⁸  :    4575747.196867
 Mol. α(0) /au        :        642.738120


Wiberg/Mayer (AO) data.
largest (>0.10) Wiberg bond orders for each atom
          total WBO             WBO to atom ...
     1  C   3.923        O    2 1.750    C   17 1.049    C    3 1.013
     2  O   2.075        C    1 1.750
     3  C   3.974        C    4 1.407    C   10 1.313    C    1 1.013
     4  C   3.977        C    3 1.407    C    5 1.392    H   70 0.960
     5  C   3.880        C    4 1.392    C    7 1.317    F    6 0.994
     6  F   1.136        C    5 0.994
     7  C   3.888        C    9 1.399    C    5 1.317    F    8 0.996
     8  F   1.139        C    7 0.996
     9  C   3.971        C    7 1.399    C   10 1.389    H   71 0.953
    10  C   3.980        C    9 1.389    C    3 1.313    C   11 1.075
    11  C   3.969        C   12 1.490    C   17 1.141    C   10 1.075
    12  C   3.952        C   11 1.490    C   13 1.094    C   15 1.092
    13  C   3.942        N   14 2.761    C   12 1.094
    14  N   2.969        C   13 2.761
    15  C   3.942        N   16 2.771    C   12 1.092
    16  N   2.972        C   15 2.771
    17  C   3.950        C   18 1.504    C   11 1.141    C    1 1.049
    18  C   3.936        C   17 1.504    C   19 1.291    H   72 0.936
    19  C   3.927        C   23 1.374    C   18 1.291    S   20 1.085
    20  S   2.637        C   21 1.153    C   19 1.085
    21  C   3.935        C   22 1.282    C   26 1.261    S   20 1.153
    22  C   3.930        C   23 1.392    C   21 1.282    S   24 1.086
    23  C   3.968        C   22 1.392    C   19 1.374    H   73 0.959
    24  S   2.502        C   25 1.110    C   22 1.086
    25  C   3.912        C   26 1.308    C   31 1.275    S   24 1.110
    26  C   3.929        C   25 1.308    C   21 1.261    N   27 1.141
    27  N   3.512        C   30 1.145    C   26 1.141    C   28 0.969
    28  C   3.962        C   29 1.015    N   27 0.969    H   75 0.967    H   74 0.958
    29  C   3.984        C   28 1.015    H   76 0.981    H   78 0.974    H   77 0.974
    30  C   3.918        C   31 1.285    C   40 1.231    N   27 1.145
    31  C   3.950        C   30 1.285    C   25 1.275    C   32 1.164
    32  C   3.972        N   33 1.380    C   38 1.233    C   31 1.164
    33  N   2.979        C   32 1.380    N   34 1.271    N   37 0.204
    34  N   3.724        N   33 1.271    N   37 1.270    C   35 0.975
    35  C   3.960        C   36 1.007    N   34 0.975    H   79 0.969    H   80 0.964
    36  C   3.986        C   35 1.007    H   81 0.986    H   83 0.984    H   82 0.982
    37  N   2.978        C   38 1.379    N   34 1.270    N   33 0.204
    38  C   3.971        N   37 1.379    C   32 1.233    C   39 1.165
    39  C   3.949        C   45 1.289    C   40 1.266    C   38 1.165
    40  C   3.917        C   39 1.266    C   30 1.231    N   41 1.164
    41  N   3.559        C   40 1.164    C   44 1.156    C   42 0.981
    42  C   3.962        C   43 1.009    N   41 0.981    H   85 0.965    H   84 0.956
    43  C   3.988        C   42 1.009    H   88 0.983    H   87 0.982    H   86 0.976
    44  C   3.934        C   45 1.296    C   48 1.256    N   41 1.156
    45  C   3.913        C   44 1.296    C   39 1.289    S   46 1.107
    46  S   2.499        C   45 1.107    C   47 1.086
    47  C   3.930        C   51 1.378    C   48 1.286    S   46 1.086
    48  C   3.928        C   47 1.286    C   44 1.256    S   49 1.153
    49  S   2.555        C   48 1.153    C   50 1.060
    50  C   3.922        C   51 1.398    C   52 1.286    S   49 1.060
    51  C   3.946        C   50 1.398    C   47 1.378    H   89 0.935
    52  C   3.942        C   53 1.505    C   50 1.286    H   90 0.943
    53  C   3.949        C   52 1.505    C   54 1.139    C   68 1.043
    54  C   3.970        C   55 1.494    C   53 1.139    C   60 1.075
    55  C   3.942        C   54 1.494    C   58 1.093    C   56 1.091
    56  C   3.941        N   57 2.772    C   55 1.091
    57  N   2.972        C   56 2.772
    58  C   3.942        N   59 2.761    C   55 1.093
    59  N   2.967        C   58 2.761
    60  C   3.980        C   61 1.387    C   67 1.315    C   54 1.075
    61  C   3.971        C   62 1.401    C   60 1.387    H   91 0.954
    62  C   3.888        C   61 1.401    C   64 1.315    F   63 0.996
    63  F   1.139        C   62 0.996
    64  C   3.881        C   66 1.395    C   62 1.315    F   65 0.995
    65  F   1.136        C   64 0.995
    66  C   3.977        C   67 1.404    C   64 1.395    H   92 0.959
    67  C   3.976        C   66 1.404    C   60 1.315    C   68 1.017
    68  C   3.922        O   69 1.752    C   53 1.043    C   67 1.017
    69  O   2.054        C   68 1.752
    70  H   0.991        C    4 0.960
    71  H   0.991        C    9 0.953
    72  H   0.994        C   18 0.936
    73  H   0.995        C   23 0.959
    74  H   0.995        C   28 0.958
    75  H   0.995        C   28 0.967
    76  H   0.996        C   29 0.981
    77  H   0.996        C   29 0.974
    78  H   0.998        C   29 0.974
    79  H   0.993        C   35 0.969
    80  H   0.993        C   35 0.964
    81  H   0.997        C   36 0.986
    82  H   0.996        C   36 0.982
    83  H   0.996        C   36 0.984
    84  H   0.994        C   42 0.956
    85  H   0.995        C   42 0.965
    86  H   0.998        C   43 0.976
    87  H   0.996        C   43 0.982
    88  H   0.997        C   43 0.983
    89  H   0.988        C   51 0.935
    90  H   0.994        C   52 0.943
    91  H   0.991        C   61 0.954
    92  H   0.991        C   66 0.959

molecular dipole:
                 x           y           z       tot (Debye)
 q only:       -0.259      -2.795       1.175
   full:       -0.032      -2.547       1.172       7.127
molecular quadrupole (traceless):
                xx          xy          yy          xz          yz          zz
 q only:     -156.005     -73.821      94.023     116.647       0.544      61.982
  q+dip:     -145.616     -79.413      78.808     103.864       0.253      66.807
   full:     -151.531     -81.104      75.777     108.359      -7.348      75.755


           -------------------------------------------------
          | TOTAL ENERGY             -185.030929899369 Eh   |
          | GRADIENT NORM               0.105439116428 Eh/α |
          | HOMO-LUMO GAP               1.029820815867 eV   |
           -------------------------------------------------

------------------------------------------------------------------------
 * finished run on 2020/11/20 at 13:45:59.509     
------------------------------------------------------------------------
 total:
 * wall-time:     0 d,  0 h,  0 min,  0.869 sec
 *  cpu-time:     0 d,  0 h,  0 min,  0.862 sec
 * ratio c/w:     0.991 speedup
 SCF:
 * wall-time:     0 d,  0 h,  0 min,  0.643 sec
 *  cpu-time:     0 d,  0 h,  0 min,  0.642 sec
 * ratio c/w:     1.000 speedup

