      -----------------------------------------------------------      
     |                   =====================                   |     
     |                           x T B                           |     
     |                   =====================                   |     
     |                         S. Grimme                         |     
     |          Mulliken Center for Theoretical Chemistry        |     
     |                    University of Bonn                     |     
     |                Version 6.2 RC2 (SAW190805)                |     
      -----------------------------------------------------------      

   This program is distributed in the hope that it will be useful,
   but WITHOUT ANY WARRANTY; without even the implied warranty of
   MERCHANTABILITY or FITNESS FOR A PARTICULAR PURPOSE.
   
   FOR NON-COMMERCIAL, ACADEMIA USE ONLY.
   
   Cite this work as:
   * S. Grimme, C. Bannwarth, P. Shushkov, J. Chem. Theory Comput., 2017,
     13, 1989-2009. DOI: 10.1021/acs.jctc.7b00118
   * C. Bannwarth, S. Ehlert and S. Grimme., J. Chem. Theory Comput., 2019,
     15, 1652-1671. DOI: 10.1021/acs.jctc.8b01176
   * P. Pracht, E. Caldeweyher, S. Ehlert, S. Grimme, ChemRxiv, 2019, preprint.
     DOI: 10.26434/chemrxiv.8326202.v1
   
   for DFT-D4:
   * E. Caldeweyher, C. Bannwarth and S. Grimme, J. Chem. Phys., 2017,
     147, 034112. DOI: 10.1063/1.4993215
   * E. Caldeweyher, S. Ehlert, A. Hansen, H. Neugebauer, S. Spicher,
     C. Bannwarth and S. Grimme, J. Chem. Phys., 2019, 150, 154122.
     DOI: 10.1063/1.5090222
   
   for sTDA-xTB:
   * S. Grimme and C. Bannwarth, J. Chem. Phys., 2016, 145, 054103.
     DOI: 10.1063/1.4959605
   
   in the mass-spec context:
   * V. Asgeirsson, C. Bauer and S. Grimme, Chem. Sci., 2017, 8, 4879.
     DOI: 10.1039/c7sc00601b
   
   for metadynamics refer to:
   * S. Grimme, J. Chem. Theory Comput., 2019, 155, 2847-2862
     DOI: 10.1021/acs.jctc.9b00143
   
   with help from (in alphabetical order)
   C. Bannwarth, F. Bohle, G. Brandenburg, E. Caldeweyher, M. Checinski,
   S. Dohm, S. Ehlert, S. Ehrlich, F. März, H. Neugebauer, J. Pisarek,
   P. Pracht, P. Shushkov, and S. Spicher.
   
 * started run on 2021/04/12 at 13:52:54.465     

           -------------------------------------------------
          |                Calculation Setup                |
           -------------------------------------------------

          program call               : /ihome/ghutchison/geoffh/xtb/xtb Y14.xyz -sp
          hostname                   : smp-n149
          coordinate file            : Y14.xyz
          omp threads                :                     1
          number of atoms            :                   122
          number of electrons        :                   380
          charge                     :                     0
          spin                       :                   0.0
          first test random number   :      0.83418165608562


########################################################################
# WARNING! Please study the warnings concerning your input carefully
#  - XTBPATH is not set, using XTBHOME instead
#  - the use of '-sp' is discouraged, please use '--sp' next time
########################################################################

           ------------------------------------------------- 
          |                 G F N 2 - x T B                 |
          | Geometry, Frequencies, Noncovalent interactions |
          |            JCTC 2019 parametrisation            |
           ------------------------------------------------- 
             KAB for C  - Si     :                1.0500
             KAB for H  - Pd     :                0.9500
             k(s)              :                1.8500
             k(p)              :                2.2300
             k(d)              :                2.2300
             k(f)              :                2.0000
             kEN (H0ij)        :               -2.0000
             D4 a1             :                0.5200
             D4 a2             :                5.0000
             D4 s6             :                1.0000
             D4 s8             :                2.7000
             D4 s9             :                5.0000
             alphaj            :                2.0000

  Z AO/shell   Hii/eV     exponent
  1     Wed Apr 25 08:07:45 CEST 2018   EN: 2.200 GM2: 0.406  GM3: 0.0800  RAES: 1.40
     1s    -10.707211    1.230000
  6     Wed Apr 25 08:07:45 CEST 2018   EN: 2.550 GM2: 0.538  GM3: 0.1500  RAES: 3.00
     2s    -13.970922    2.096432
     2p    -10.063292    1.800000
  7     Wed Apr 25 08:07:45 CEST 2018   EN: 3.040 GM2: 0.461  GM3:-0.0640  RAES: 1.90
     2s    -16.686243    2.339881
     2p    -12.523956    2.014332
  8     Wed Apr 25 08:07:45 CEST 2018   EN: 3.440 GM2: 0.452  GM3:-0.0517  RAES: 1.80
     2s    -20.229985    2.439742
     2p    -15.503117    2.137023
  9     Mon Apr 23 13:58:50 CEST 2018   EN: 3.980 GM2: 0.532  GM3: 0.1426  RAES: 2.40
     2s    -23.458179    2.416361
     2p    -15.746583    2.308399
 16     Tue Apr 24 11:44:34 CEST 2018   EN: 2.580 GM2: 0.340  GM3:-0.0502  RAES: 3.10
     3s    -20.029654    1.981333
     3p    -11.377694    2.025643
     3d     -0.420282    1.702555

           ------------------------------------------------- 
          |        Self-Consistent Charge Iterations        |
           ------------------------------------------------- 

          ...................................................
          :                      SETUP                      :
          :.................................................:
          :  # basis functions                 377          :
          :  # atomic orbitals                 373          :
          :  # shells                          203          :
          :  # electrons                       380          :
          :  max. iterations                   250          :
          :  Hamiltonian                  GFN2-xTB          :
          :  restarted?                      false          :
          :  GBSA solvation                  false          :
          :  PC potential                    false          :
          :  electronic temp.          300.0000000     K    :
          :  accuracy                    1.0000000          :
          :  -> integral cutoff          0.2500000E+02      :
          :  -> integral neglect         0.1000000E-07      :
          :  -> SCF convergence          0.1000000E-05 Eh   :
          :  -> wf. convergence          0.1000000E-03 e    :
          :  Broyden damping             0.4000000          :
          ...................................................

 iter      E             dE          RMSdq      gap      omega  full diag
   1   -210.8088891 -0.210809E+03  0.423E+00    1.31       0.0  T
   2   -210.9773884 -0.168499E+00  0.276E+00    1.03       1.0  T
   3   -210.9242341  0.531543E-01  0.182E+00    1.02       1.0  T
   4   -211.1386365 -0.214402E+00  0.759E-01    1.21       1.0  T
   5   -211.2046841 -0.660475E-01  0.216E-01    0.97       1.0  T
   6   -211.2082735 -0.358945E-02  0.115E-01    1.09       1.0  T
   7   -211.2094329 -0.115934E-02  0.549E-02    1.04       1.0  T
   8   -211.2097064 -0.273553E-03  0.205E-02    1.05       1.0  T
   9   -211.2097286 -0.221784E-04  0.106E-02    1.05       1.0  T
  10   -211.2097383 -0.972959E-05  0.438E-03    1.05       2.1  T
  11   -211.2097392 -0.913804E-06  0.226E-03    1.05       4.0  T
  12   -211.2097395 -0.275133E-06  0.116E-03    1.05       7.8  T
  13   -211.2097396 -0.105832E-06  0.566E-04    1.05      16.0  T
  14   -211.2097396 -0.140194E-07  0.280E-04    1.05      32.4  T

   *** convergence criteria satisfied after 14 iterations ***

         #    Occupation            Energy/Eh            Energy/eV
      -------------------------------------------------------------
         1        2.0000           -0.8393558             -22.8400
       ...           ...                  ...                  ...
       184        2.0000           -0.4084348             -11.1141
       185        2.0000           -0.4066511             -11.0655
       186        2.0000           -0.4059283             -11.0459
       187        2.0000           -0.3942563             -10.7283
       188        2.0000           -0.3881097             -10.5610
       189        2.0000           -0.3788571             -10.3092
       190        2.0000           -0.3742186             -10.1830 (HOMO)
       191                         -0.3356169              -9.1326 (LUMO)
       192                         -0.3316492              -9.0246
       193                         -0.3228512              -8.7852
       194                         -0.3202914              -8.7156
       195                         -0.2876843              -7.8283
       ...                                ...                  ...
       373                          1.0706765              29.1346
      -------------------------------------------------------------
                  HL-Gap            0.0386017 Eh            1.0504 eV
             Fermi-level           -0.3549214 Eh           -9.6579 eV

 SCC (total)                   0 d,  0 h,  0 min,  0.831 sec
 SCC setup                      ...        0 min,  0.003 sec (  0.374%)
 Dispersion                     ...        0 min,  0.007 sec (  0.785%)
 integral evaluation            ...        0 min,  0.243 sec ( 29.235%)
 zeroth order Hamiltonian       ...        0 min,  0.002 sec (  0.202%)
 iterations                     ...        0 min,  0.345 sec ( 41.508%)
 molecular gradient             ...        0 min,  0.229 sec ( 27.510%)
 printout                       ...        0 min,  0.003 sec (  0.379%)

         :::::::::::::::::::::::::::::::::::::::::::::::::::::
         ::                     SUMMARY                     ::
         :::::::::::::::::::::::::::::::::::::::::::::::::::::
         :: total energy            -208.258112361447 Eh    ::
         :: gradient norm              0.110793010049 Eh/a0 ::
         :: HOMO-LUMO gap              1.050405991525 eV    ::
         ::.................................................::
         :: SCC energy              -211.209739641600 Eh    ::
         :: -> isotropic ES            0.129906755895 Eh    ::
         :: -> anisotropic ES          0.015180695329 Eh    ::
         :: -> anisotropic XC          0.135624100844 Eh    ::
         :: -> dispersion             -0.189087030838 Eh    ::
         :: repulsion energy           2.949513944103 Eh    ::
         :: add. restraining           0.000000000000 Eh    ::
         :::::::::::::::::::::::::::::::::::::::::::::::::::::

           -------------------------------------------------
          |                Property Printout                |
           -------------------------------------------------

    * Orbital Energies and Occupations

         #    Occupation            Energy/Eh            Energy/eV
      -------------------------------------------------------------
         1        2.0000           -0.8393558             -22.8400
       ...           ...                  ...                  ...
       178        2.0000           -0.4225884             -11.4992
       179        2.0000           -0.4213656             -11.4659
       180        2.0000           -0.4203794             -11.4391
       181        2.0000           -0.4194756             -11.4145
       182        2.0000           -0.4141862             -11.2706
       183        2.0000           -0.4120693             -11.2130
       184        2.0000           -0.4084348             -11.1141
       185        2.0000           -0.4066511             -11.0655
       186        2.0000           -0.4059283             -11.0459
       187        2.0000           -0.3942563             -10.7283
       188        2.0000           -0.3881097             -10.5610
       189        2.0000           -0.3788571             -10.3092
       190        2.0000           -0.3742186             -10.1830 (HOMO)
       191                         -0.3356169              -9.1326 (LUMO)
       192                         -0.3316492              -9.0246
       193                         -0.3228512              -8.7852
       194                         -0.3202914              -8.7156
       195                         -0.2876843              -7.8283
       196                         -0.2759476              -7.5089
       197                         -0.2706569              -7.3649
       198                         -0.2571223              -6.9967
       199                         -0.2514026              -6.8410
       200                         -0.2472721              -6.7286
       201                         -0.2466695              -6.7122
       ...                                ...                  ...
       373                          1.0706765              29.1346
      -------------------------------------------------------------
                  HL-Gap            0.0386017 Eh            1.0504 eV
             Fermi-level           -0.3549214 Eh           -9.6579 eV

     #   Z        covCN         q      C6AA      α(0)
     1   6 C      2.862     0.224    23.298     7.912
     2   8 O      0.867    -0.363    20.960     6.138
     3   6 C      3.028    -0.015    28.365     8.736
     4   6 C      2.904    -0.036    28.892     8.814
     5   6 C      2.781     0.176    24.204     8.058
     6   6 C      2.910    -0.042    29.031     8.835
     7   6 C      2.910    -0.027    28.676     8.781
     8   6 C      3.010     0.002    27.964     8.674
     9   6 C      3.002     0.028    27.353     8.579
    10   6 C      2.943     0.003    27.953     8.671
    11   6 C      1.916     0.119    28.173     8.572
    12   7 N      0.911    -0.235    26.153     7.396
    13   6 C      1.915     0.119    28.164     8.571
    14   7 N      0.911    -0.246    26.404     7.432
    15   6 C      2.984    -0.040    28.993     8.832
    16   6 C      2.907    -0.016    28.409     8.740
    17   6 C      2.976     0.014    27.688     8.631
    18  16 S      2.183     0.008   140.738    19.967
    19   6 C      3.082    -0.000    27.940     8.665
    20   6 C      3.143     0.009    27.564     8.590
    21   6 C      3.062     0.005    27.845     8.653
    22   6 C      3.799    -0.055    21.557     6.611
    23   6 C      3.746    -0.097    22.414     6.753
    24  16 S      2.143    -0.036   142.524    20.093
    25   6 C      3.065     0.007    27.806     8.647
    26   6 C      3.198     0.029    26.827     8.443
    27   7 N      2.783    -0.041    22.040     6.973
    28   6 C      3.743    -0.010    20.825     6.510
    29   6 C      3.845    -0.017    20.844     6.494
    30   6 C      3.033     0.031    27.268     8.565
    31   6 C      3.061    -0.031    28.702     8.786
    32   6 C      3.126     0.056    26.559     8.439
    33   7 N      1.964    -0.244    27.183     7.732
    34   7 N      3.252     0.189    18.098     6.318
    35   6 C      3.737    -0.018    20.972     6.535
    36   6 C      3.746    -0.108    22.629     6.785
    37   7 N      1.965    -0.243    27.157     7.728
    38   6 C      3.122     0.055    26.591     8.445
    39   6 C      3.057    -0.031    28.710     8.787
    40   6 C      3.033     0.030    27.304     8.571
    41   7 N      2.783    -0.043    22.068     6.977
    42   6 C      3.743    -0.011    20.841     6.513
    43   6 C      3.845    -0.017    20.841     6.494
    44   6 C      3.190     0.031    26.836     8.450
    45   6 C      3.066     0.006    27.831     8.651
    46  16 S      2.152    -0.032   142.373    20.082
    47   6 C      3.162     0.010    27.465     8.566
    48   6 C      3.085     0.011    27.685     8.625
    49  16 S      2.245    -0.033   142.411    20.085
    50   6 C      2.979     0.016    27.637     8.623
    51   6 C      3.062     0.007    27.811     8.648
    52   6 C      3.799    -0.045    21.390     6.585
    53   6 C      3.746    -0.095    22.391     6.750
    54   6 C      2.945    -0.010    28.264     8.719
    55   6 C      2.985    -0.039    28.954     8.827
    56   6 C      3.004     0.032    27.264     8.565
    57   6 C      2.944     0.008    27.835     8.653
    58   6 C      1.911     0.117    28.215     8.578
    59   7 N      0.911    -0.234    26.125     7.393
    60   6 C      1.911     0.120    28.149     8.568
    61   7 N      0.911    -0.238    26.228     7.407
    62   6 C      3.010     0.002    27.961     8.674
    63   6 C      2.909    -0.026    28.660     8.778
    64   6 C      2.910    -0.041    29.010     8.832
    65   6 C      2.780     0.177    24.186     8.055
    66   6 C      2.904    -0.035    28.870     8.810
    67   6 C      3.026    -0.015    28.362     8.736
    68   6 C      2.863     0.224    23.304     7.913
    69   8 O      0.856    -0.358    20.857     6.123
    70   9 F      0.787    -0.203    11.267     3.965
    71   9 F      0.787    -0.205    11.288     3.969
    72   6 C      3.796    -0.057    21.611     6.620
    73   6 C      3.745    -0.096    22.404     6.752
    74   6 C      3.750    -0.107    22.606     6.781
    75   6 C      3.796    -0.057    21.601     6.618
    76   6 C      3.745    -0.096    22.403     6.752
    77   6 C      3.751    -0.108    22.633     6.785
    78   1 H      0.924     0.079     1.985     2.203
    79   1 H      0.924     0.071     2.074     2.252
    80   1 H      0.925     0.068     2.103     2.268
    81   1 H      0.925     0.073     2.056     2.242
    82   1 H      0.923     0.056     2.251     2.346
    83   1 H      0.924     0.058     2.222     2.331
    84   1 H      0.923     0.044     2.394     2.420
    85   1 H      0.923     0.050     2.319     2.381
    86   1 H      0.923     0.038     2.474     2.460
    87   1 H      0.924     0.054     2.266     2.354
    88   1 H      0.924     0.070     2.082     2.257
    89   1 H      0.923     0.037     2.494     2.470
    90   1 H      0.923     0.075     2.035     2.231
    91   1 H      0.923     0.072     2.062     2.246
    92   1 H      0.923     0.055     2.256     2.349
    93   1 H      0.923     0.055     2.257     2.350
    94   1 H      0.923     0.057     2.234     2.338
    95   1 H      0.924     0.058     2.218     2.329
    96   1 H      0.923     0.062     2.172     2.305
    97   1 H      0.922     0.037     2.487     2.466
    98   1 H      0.924     0.034     2.530     2.488
    99   1 H      0.922     0.051     2.308     2.376
   100   1 H      0.923     0.042     2.424     2.435
   101   1 H      0.923     0.051     2.306     2.375
   102   1 H      0.924     0.039     2.467     2.456
   103   1 H      0.923     0.082     1.958     2.188
   104   1 H      0.925     0.067     2.115     2.274
   105   1 H      0.924     0.072     2.061     2.245
   106   1 H      0.924     0.082     1.955     2.187
   107   1 H      0.923     0.042     2.427     2.436
   108   1 H      0.923     0.037     2.484     2.465
   109   1 H      0.923     0.030     2.589     2.516
   110   1 H      0.923     0.040     2.443     2.444
   111   1 H      0.924     0.027     2.624     2.533
   112   1 H      0.923     0.041     2.435     2.440
   113   1 H      0.923     0.047     2.360     2.402
   114   1 H      0.923     0.032     2.562     2.503
   115   1 H      0.923     0.041     2.441     2.443
   116   1 H      0.923     0.034     2.529     2.487
   117   1 H      0.923     0.029     2.594     2.519
   118   1 H      0.923     0.037     2.493     2.469
   119   1 H      0.924     0.030     2.587     2.515
   120   1 H      0.923     0.045     2.390     2.417
   121   1 H      0.923     0.045     2.379     2.412
   122   1 H      0.923     0.034     2.535     2.490

 Mol. C6AA /au·bohr⁶  :     231620.572666
 Mol. C8AA /au·bohr⁸  :    6194401.330775
 Mol. α(0) /au        :        757.498602


Wiberg/Mayer (AO) data.
largest (>0.10) Wiberg bond orders for each atom
          total WBO             WBO to atom ...
     1  C   3.922        O    2 1.738    C   15 1.059    C    3 1.011
     2  O   2.082        C    1 1.738
     3  C   3.975        C    4 1.422    C    8 1.308    C    1 1.011
     4  C   3.979        C    3 1.422    C    5 1.378    H   78 0.962
     5  C   3.874        C    6 1.383    C    4 1.378    F   71 0.978
     6  C   3.977        C    7 1.440    C    5 1.383    H   79 0.965
     7  C   3.974        C    6 1.440    C    8 1.393    H   80 0.960
     8  C   3.979        C    7 1.393    C    3 1.308    C    9 1.075
     9  C   3.968        C   10 1.480    C   15 1.147    C    8 1.075
    10  C   3.940        C    9 1.480    C   13 1.098    C   11 1.095
    11  C   3.940        N   12 2.766    C   10 1.095
    12  N   2.968        C   11 2.766
    13  C   3.940        N   14 2.748    C   10 1.098
    14  N   2.966        C   13 2.748
    15  C   3.951        C   16 1.481    C    9 1.147    C    1 1.059
    16  C   3.938        C   15 1.481    C   17 1.318    H   81 0.925
    17  C   3.926        C   21 1.330    C   16 1.318    S   18 1.070
    18  S   2.649        C   19 1.156    C   17 1.070
    19  C   3.938        C   20 1.298    C   26 1.250    S   18 1.156
    20  C   3.928        C   21 1.358    C   19 1.298    S   24 1.076
    21  C   3.952        C   20 1.358    C   17 1.330    C   22 1.018
    22  C   3.991        C   21 1.018    C   23 0.995    H   83 0.960    H   82 0.959
    23  C   3.990        C   22 0.995    H   86 0.988    H   84 0.985    H   85 0.984
    24  S   2.482        C   25 1.100    C   20 1.076
    25  C   3.913        C   26 1.306    C   31 1.280    S   24 1.100
    26  C   3.931        C   25 1.306    C   19 1.250    N   27 1.152
    27  N   3.545        C   30 1.159    C   26 1.152    C   28 0.979
    28  C   3.959        C   29 0.983    N   27 0.979    H   88 0.960    H   87 0.947
    29  C   3.989        C   77 1.006    C   75 0.994    C   28 0.983    H   89 0.964
    30  C   3.921        C   31 1.273    C   40 1.230    N   27 1.159
    31  C   3.952        C   25 1.280    C   30 1.273    C   32 1.165
    32  C   3.971        N   33 1.383    C   38 1.230    C   31 1.165
    33  N   2.977        C   32 1.383    N   34 1.265    N   37 0.204
    34  N   3.718        N   37 1.267    N   33 1.265    C   35 0.976
    35  C   3.961        C   36 1.005    N   34 0.976    H   90 0.968    H   91 0.967
    36  C   3.986        C   35 1.005    H   92 0.985    H   94 0.985    H   93 0.982
    37  N   2.977        C   38 1.382    N   34 1.267    N   33 0.204
    38  C   3.971        N   37 1.382    C   32 1.230    C   39 1.164
    39  C   3.947        C   40 1.278    C   45 1.276    C   38 1.164
    40  C   3.922        C   39 1.278    C   30 1.230    N   41 1.154
    41  N   3.544        C   44 1.155    C   40 1.154    C   42 0.979
    42  C   3.959        C   43 0.981    N   41 0.979    H   96 0.962    H   95 0.946
    43  C   3.988        C   74 1.006    C   72 0.994    C   42 0.981    H   97 0.966
    44  C   3.937        C   45 1.310    C   48 1.243    N   41 1.155
    45  C   3.915        C   44 1.310    C   39 1.276    S   46 1.100
    46  S   2.493        C   45 1.100    C   47 1.085
    47  C   3.930        C   48 1.323    C   51 1.312    S   46 1.085
    48  C   3.929        C   47 1.323    C   44 1.243    S   49 1.137
    49  S   2.548        C   48 1.137    C   50 1.066
    50  C   3.922        C   51 1.397    C   54 1.251    S   49 1.066
    51  C   3.959        C   50 1.397    C   47 1.312    C   52 1.014
    52  C   3.994        C   51 1.014    C   53 1.001    H   98 0.971    H   99 0.958
    53  C   3.991        C   52 1.001    H  100 0.985    H  101 0.982    H  102 0.981
    54  C   3.942        C   55 1.535    C   50 1.251    H  103 0.944
    55  C   3.956        C   54 1.535    C   56 1.146    C   68 1.011
    56  C   3.973        C   57 1.477    C   55 1.146    C   62 1.070
    57  C   3.961        C   56 1.477    C   58 1.097    C   60 1.097
    58  C   3.942        N   59 2.769    C   57 1.097
    59  N   2.968        C   58 2.769
    60  C   3.943        N   61 2.768    C   57 1.097
    61  N   2.980        C   60 2.768
    62  C   3.982        C   63 1.396    C   67 1.305    C   56 1.070
    63  C   3.975        C   64 1.440    C   62 1.396    H  104 0.962
    64  C   3.977        C   63 1.440    C   65 1.382    H  105 0.965
    65  C   3.875        C   64 1.382    C   66 1.378    F   70 0.980
    66  C   3.980        C   67 1.421    C   65 1.378    H  106 0.961
    67  C   3.975        C   66 1.421    C   62 1.305    C   68 1.010
    68  C   3.924        O   69 1.785    C   55 1.011    C   67 1.010
    69  O   2.056        C   68 1.785
    70  F   1.115        C   65 0.980
    71  F   1.112        C    5 0.978
    72  C   3.994        C   73 1.021    C   43 0.994    H  108 0.975    H  107 0.975
    73  C   3.996        C   72 1.021    H  109 0.988    H  110 0.986    H  111 0.983
    74  C   3.993        C   43 1.006    H  112 0.986    H  113 0.984    H  114 0.984
    75  C   3.994        C   76 1.021    C   29 0.994    H  116 0.976    H  115 0.975
    76  C   3.996        C   75 1.021    H  117 0.987    H  118 0.986    H  119 0.983
    77  C   3.993        C   29 1.006    H  120 0.986    H  121 0.985    H  122 0.984
    78  H   0.993        C    4 0.962
    79  H   0.994        C    6 0.965
    80  H   0.995        C    7 0.960
    81  H   0.994        C   16 0.925
    82  H   0.995        C   22 0.959
    83  H   0.996        C   22 0.960
    84  H   0.998        C   23 0.985
    85  H   0.996        C   23 0.984
    86  H   0.998        C   23 0.988
    87  H   0.995        C   28 0.947
    88  H   0.995        C   28 0.960
    89  H   0.998        C   29 0.964
    90  H   0.993        C   35 0.968
    91  H   0.993        C   35 0.967
    92  H   0.997        C   36 0.985
    93  H   0.997        C   36 0.982
    94  H   0.997        C   36 0.985
    95  H   0.995        C   42 0.946
    96  H   0.996        C   42 0.962
    97  H   0.998        C   43 0.966
    98  H   0.998        C   52 0.971
    99  H   0.997        C   52 0.958
   100  H   0.997        C   53 0.985
   101  H   0.997        C   53 0.982
   102  H   0.998        C   53 0.981
   103  H   0.990        C   54 0.944
   104  H   0.995        C   63 0.962
   105  H   0.994        C   64 0.965
   106  H   0.992        C   66 0.961
   107  H   0.998        C   72 0.975
   108  H   0.998        C   72 0.975
   109  H   0.999        C   73 0.988
   110  H   0.998        C   73 0.986
   111  H   0.999        C   73 0.983
   112  H   0.998        C   74 0.986
   113  H   0.997        C   74 0.984
   114  H   0.999        C   74 0.984
   115  H   0.998        C   75 0.975
   116  H   0.999        C   75 0.976
   117  H   0.999        C   76 0.987
   118  H   0.998        C   76 0.986
   119  H   0.999        C   76 0.983
   120  H   0.998        C   77 0.986
   121  H   0.997        C   77 0.985
   122  H   0.999        C   77 0.984

molecular dipole:
                 x           y           z       tot (Debye)
 q only:       -1.811       0.816       0.660
   full:       -1.597       0.302      -0.096       4.139
molecular quadrupole (traceless):
                xx          xy          yy          xz          yz          zz
 q only:       80.137     -58.402    -110.964     -27.132     -23.746      30.826
  q+dip:       75.672     -42.317     -96.058      -7.009      -5.743      20.386
   full:       74.113     -52.381     -96.853      -1.030     -10.316      22.740


           -------------------------------------------------
          | TOTAL ENERGY             -208.258112361447 Eh   |
          | GRADIENT NORM               0.110793010049 Eh/α |
          | HOMO-LUMO GAP               1.050405991525 eV   |
           -------------------------------------------------

------------------------------------------------------------------------
 * finished run on 2021/04/12 at 13:52:55.564     
------------------------------------------------------------------------
 total:
 * wall-time:     0 d,  0 h,  0 min,  1.099 sec
 *  cpu-time:     0 d,  0 h,  0 min,  1.095 sec
 * ratio c/w:     0.997 speedup
 SCF:
 * wall-time:     0 d,  0 h,  0 min,  0.832 sec
 *  cpu-time:     0 d,  0 h,  0 min,  0.830 sec
 * ratio c/w:     0.998 speedup

