      -----------------------------------------------------------      
     |                   =====================                   |     
     |                           x T B                           |     
     |                   =====================                   |     
     |                         S. Grimme                         |     
     |          Mulliken Center for Theoretical Chemistry        |     
     |                    University of Bonn                     |     
     |                Version 6.2 RC2 (SAW190805)                |     
      -----------------------------------------------------------      

   This program is distributed in the hope that it will be useful,
   but WITHOUT ANY WARRANTY; without even the implied warranty of
   MERCHANTABILITY or FITNESS FOR A PARTICULAR PURPOSE.
   
   FOR NON-COMMERCIAL, ACADEMIA USE ONLY.
   
   Cite this work as:
   * S. Grimme, C. Bannwarth, P. Shushkov, J. Chem. Theory Comput., 2017,
     13, 1989-2009. DOI: 10.1021/acs.jctc.7b00118
   * C. Bannwarth, S. Ehlert and S. Grimme., J. Chem. Theory Comput., 2019,
     15, 1652-1671. DOI: 10.1021/acs.jctc.8b01176
   * P. Pracht, E. Caldeweyher, S. Ehlert, S. Grimme, ChemRxiv, 2019, preprint.
     DOI: 10.26434/chemrxiv.8326202.v1
   
   for DFT-D4:
   * E. Caldeweyher, C. Bannwarth and S. Grimme, J. Chem. Phys., 2017,
     147, 034112. DOI: 10.1063/1.4993215
   * E. Caldeweyher, S. Ehlert, A. Hansen, H. Neugebauer, S. Spicher,
     C. Bannwarth and S. Grimme, J. Chem. Phys., 2019, 150, 154122.
     DOI: 10.1063/1.5090222
   
   for sTDA-xTB:
   * S. Grimme and C. Bannwarth, J. Chem. Phys., 2016, 145, 054103.
     DOI: 10.1063/1.4959605
   
   in the mass-spec context:
   * V. Asgeirsson, C. Bauer and S. Grimme, Chem. Sci., 2017, 8, 4879.
     DOI: 10.1039/c7sc00601b
   
   for metadynamics refer to:
   * S. Grimme, J. Chem. Theory Comput., 2019, 155, 2847-2862
     DOI: 10.1021/acs.jctc.9b00143
   
   with help from (in alphabetical order)
   C. Bannwarth, F. Bohle, G. Brandenburg, E. Caldeweyher, M. Checinski,
   S. Dohm, S. Ehlert, S. Ehrlich, F. März, H. Neugebauer, J. Pisarek,
   P. Pracht, P. Shushkov, and S. Spicher.
   
 * started run on 2020/11/20 at 13:46:03.457     

           -------------------------------------------------
          |                Calculation Setup                |
           -------------------------------------------------

          program call               : /ihome/ghutchison/geoffh/xtb/xtb Y15.xyz -sp
          hostname                   : smp-n106
          coordinate file            : Y15.xyz
          omp threads                :                     1
          number of atoms            :                   104
          number of electrons        :                   356
          charge                     :                     0
          spin                       :                   0.0
          first test random number   :      0.79764073519011


########################################################################
# WARNING! Please study the warnings concerning your input carefully
#  - XTBPATH is not set, using XTBHOME instead
#  - the use of '-sp' is discouraged, please use '--sp' next time
########################################################################

           ------------------------------------------------- 
          |                 G F N 2 - x T B                 |
          | Geometry, Frequencies, Noncovalent interactions |
          |            JCTC 2019 parametrisation            |
           ------------------------------------------------- 
             KAB for C  - Si     :                1.0500
             KAB for H  - Pd     :                0.9500
             k(s)              :                1.8500
             k(p)              :                2.2300
             k(d)              :                2.2300
             k(f)              :                2.0000
             kEN (H0ij)        :               -2.0000
             D4 a1             :                0.5200
             D4 a2             :                5.0000
             D4 s6             :                1.0000
             D4 s8             :                2.7000
             D4 s9             :                5.0000
             alphaj            :                2.0000

  Z AO/shell   Hii/eV     exponent
  1     Wed Apr 25 08:07:45 CEST 2018   EN: 2.200 GM2: 0.406  GM3: 0.0800  RAES: 1.40
     1s    -10.707211    1.230000
  6     Wed Apr 25 08:07:45 CEST 2018   EN: 2.550 GM2: 0.538  GM3: 0.1500  RAES: 3.00
     2s    -13.970922    2.096432
     2p    -10.063292    1.800000
  7     Wed Apr 25 08:07:45 CEST 2018   EN: 3.040 GM2: 0.461  GM3:-0.0640  RAES: 1.90
     2s    -16.686243    2.339881
     2p    -12.523956    2.014332
  8     Wed Apr 25 08:07:45 CEST 2018   EN: 3.440 GM2: 0.452  GM3:-0.0517  RAES: 1.80
     2s    -20.229985    2.439742
     2p    -15.503117    2.137023
 16     Tue Apr 24 11:44:34 CEST 2018   EN: 2.580 GM2: 0.340  GM3:-0.0502  RAES: 3.10
     3s    -20.029654    1.981333
     3p    -11.377694    2.025643
     3d     -0.420282    1.702555
 17     Mon Apr 23 14:09:22 CEST 2018   EN: 3.160 GM2: 0.249  GM3: 0.1495  RAES: 2.50
     3s    -29.278781    2.485265
     3p    -12.673758    2.199650
     3d     -0.240338    2.476089

           ------------------------------------------------- 
          |        Self-Consistent Charge Iterations        |
           ------------------------------------------------- 

          ...................................................
          :                      SETUP                      :
          :.................................................:
          :  # basis functions                 371          :
          :  # atomic orbitals                 363          :
          :  # shells                          185          :
          :  # electrons                       356          :
          :  max. iterations                   250          :
          :  Hamiltonian                  GFN2-xTB          :
          :  restarted?                      false          :
          :  GBSA solvation                  false          :
          :  PC potential                    false          :
          :  electronic temp.          300.0000000     K    :
          :  accuracy                    1.0000000          :
          :  -> integral cutoff          0.2500000E+02      :
          :  -> integral neglect         0.1000000E-07      :
          :  -> SCF convergence          0.1000000E-05 Eh   :
          :  -> wf. convergence          0.1000000E-03 e    :
          :  Broyden damping             0.4000000          :
          ...................................................

 iter      E             dE          RMSdq      gap      omega  full diag
   1   -198.9087748 -0.198909E+03  0.536E+00    0.97       0.0  T
   2   -199.0328800 -0.124105E+00  0.350E+00    0.55       1.0  T
   3   -198.8291610  0.203719E+00  0.246E+00    0.92       1.0  T
   4   -199.1132185 -0.284057E+00  0.133E+00    0.79       1.0  T
   5   -199.2965991 -0.183381E+00  0.632E-01    0.75       1.0  T
   6   -199.3473315 -0.507324E-01  0.264E-01    0.83       1.0  T
   7   -199.3539601 -0.662868E-02  0.142E-01    0.79       1.0  T
   8   -199.3553060 -0.134587E-02  0.810E-02    0.81       1.0  T
   9   -199.3557273 -0.421263E-03  0.454E-02    0.79       1.0  T
  10   -199.3558653 -0.138044E-03  0.303E-02    0.81       1.0  T
  11   -199.3558878 -0.224441E-04  0.242E-02    0.80       1.0  T
  12   -199.3559108 -0.230701E-04  0.159E-02    0.80       1.0  T
  13   -199.3559172 -0.641239E-05  0.115E-02    0.80       1.0  T
  14   -199.3559245 -0.720690E-05  0.677E-03    0.80       1.4  T
  15   -199.3559273 -0.281595E-05  0.300E-03    0.80       3.3  T
  16   -199.3559279 -0.594057E-06  0.159E-03    0.80       6.2  T
  17   -199.3559280 -0.115630E-06  0.969E-04    0.80      10.1  T
  18   -199.3559280 -0.117352E-07  0.735E-04    0.80      13.3  T

   *** convergence criteria satisfied after 18 iterations ***

         #    Occupation            Energy/Eh            Energy/eV
      -------------------------------------------------------------
         1        2.0000           -1.0804833             -29.4014
       ...           ...                  ...                  ...
       172        2.0000           -0.4090094             -11.1297
       173        2.0000           -0.4024116             -10.9502
       174        2.0000           -0.3960806             -10.7779
       175        2.0000           -0.3927559             -10.6874
       176        2.0000           -0.3876697             -10.5490
       177        2.0000           -0.3774146             -10.2700
       178        2.0000           -0.3715094             -10.1093 (HOMO)
       179        0.0000           -0.3420096              -9.3066 (LUMO)
       180                         -0.3343105              -9.0971
       181                         -0.3275681              -8.9136
       182                         -0.3187416              -8.6734
       183                         -0.3037201              -8.2646
       ...                                ...                  ...
       363                          1.3055867              35.5268
      -------------------------------------------------------------
                  HL-Gap            0.0294998 Eh            0.8027 eV
             Fermi-level           -0.3567587 Eh           -9.7079 eV

 SCC (total)                   0 d,  0 h,  0 min,  0.974 sec
 SCC setup                      ...        0 min,  0.003 sec (  0.315%)
 Dispersion                     ...        0 min,  0.007 sec (  0.761%)
 integral evaluation            ...        0 min,  0.269 sec ( 27.620%)
 zeroth order Hamiltonian       ...        0 min,  0.002 sec (  0.208%)
 iterations                     ...        0 min,  0.466 sec ( 47.837%)
 molecular gradient             ...        0 min,  0.223 sec ( 22.931%)
 printout                       ...        0 min,  0.003 sec (  0.319%)

         :::::::::::::::::::::::::::::::::::::::::::::::::::::
         ::                     SUMMARY                     ::
         :::::::::::::::::::::::::::::::::::::::::::::::::::::
         :: total energy            -196.701638896122 Eh    ::
         :: gradient norm              0.112499524192 Eh/a0 ::
         :: HOMO-LUMO gap              0.802730741278 eV    ::
         ::.................................................::
         :: SCC energy              -199.355927993959 Eh    ::
         :: -> isotropic ES            0.106431738312 Eh    ::
         :: -> anisotropic ES          0.007294201260 Eh    ::
         :: -> anisotropic XC          0.133386051350 Eh    ::
         :: -> dispersion             -0.182344205554 Eh    ::
         :: repulsion energy           2.649736916575 Eh    ::
         :: add. restraining           0.000000000000 Eh    ::
         :::::::::::::::::::::::::::::::::::::::::::::::::::::

           -------------------------------------------------
          |                Property Printout                |
           -------------------------------------------------

    * Orbital Energies and Occupations

         #    Occupation            Energy/Eh            Energy/eV
      -------------------------------------------------------------
         1        2.0000           -1.0804833             -29.4014
       ...           ...                  ...                  ...
       166        2.0000           -0.4250944             -11.5674
       167        2.0000           -0.4235759             -11.5261
       168        2.0000           -0.4206899             -11.4476
       169        2.0000           -0.4151528             -11.2969
       170        2.0000           -0.4123232             -11.2199
       171        2.0000           -0.4117685             -11.2048
       172        2.0000           -0.4090094             -11.1297
       173        2.0000           -0.4024116             -10.9502
       174        2.0000           -0.3960806             -10.7779
       175        2.0000           -0.3927559             -10.6874
       176        2.0000           -0.3876697             -10.5490
       177        2.0000           -0.3774146             -10.2700
       178        2.0000           -0.3715094             -10.1093 (HOMO)
       179        0.0000           -0.3420096              -9.3066 (LUMO)
       180                         -0.3343105              -9.0971
       181                         -0.3275681              -8.9136
       182                         -0.3187416              -8.6734
       183                         -0.3037201              -8.2646
       184                         -0.2889093              -7.8616
       185                         -0.2849940              -7.7551
       186                         -0.2771680              -7.5421
       187                         -0.2597071              -7.0670
       188                         -0.2510671              -6.8319
       189                         -0.2491512              -6.7797
       ...                                ...                  ...
       363                          1.3055867              35.5268
      -------------------------------------------------------------
                  HL-Gap            0.0294998 Eh            0.8027 eV
             Fermi-level           -0.3567587 Eh           -9.7079 eV

     #   Z        covCN         q      C6AA      α(0)
     1   6 C      2.861     0.225    23.270     7.907
     2   8 O      0.865    -0.360    20.902     6.130
     3   6 C      3.025    -0.017    28.414     8.744
     4   6 C      2.940    -0.026    28.645     8.778
     5   6 C      2.904     0.090    25.996     8.360
     6  17 Cl     0.964    -0.121   102.918    15.520
     7   6 C      2.900     0.092    25.952     8.353
     8  17 Cl     0.970    -0.118   102.824    15.513
     9   6 C      2.946    -0.038    28.948     8.824
    10   6 C      3.013     0.007    27.839     8.655
    11   6 C      3.001     0.029    27.332     8.576
    12   6 C      2.943     0.006    27.876     8.659
    13   6 C      1.916     0.119    28.168     8.571
    14   7 N      0.911    -0.238    26.223     7.406
    15   6 C      1.916     0.118    28.187     8.574
    16   7 N      0.911    -0.228    25.986     7.373
    17   6 C      2.987    -0.038    28.943     8.825
    18   6 C      2.907    -0.017    28.431     8.743
    19   6 C      2.978     0.017    27.634     8.623
    20  16 S      2.175     0.019   140.266    19.933
    21   6 C      3.074    -0.001    27.982     8.673
    22   6 C      3.142     0.011    27.532     8.586
    23   6 C      3.063     0.005    27.844     8.653
    24   6 C      3.799    -0.054    21.547     6.609
    25   6 C      3.746    -0.096    22.394     6.750
    26  16 S      2.130    -0.021   141.912    20.050
    27   6 C      3.078     0.012    27.670     8.624
    28   6 C      3.191     0.032    26.797     8.443
    29   7 N      2.785    -0.033    21.884     6.948
    30   6 C      3.734     0.006    20.573     6.474
    31   6 C      3.746    -0.108    22.644     6.788
    32   6 C      3.059     0.023    27.427     8.588
    33   6 C      3.052    -0.023    28.522     8.759
    34   6 C      3.128     0.054    26.605     8.445
    35   7 N      1.968    -0.223    26.680     7.660
    36   7 N      3.251     0.182    18.199     6.336
    37   6 C      3.735    -0.013    20.901     6.524
    38   6 C      3.748    -0.113    22.731     6.800
    39   7 N      1.970    -0.244    27.193     7.733
    40   6 C      3.120     0.050    26.700     8.463
    41   6 C      4.165     0.029    19.997     6.351
    42   6 C      3.278     0.038    25.764     8.170
    43   7 N      2.960    -0.038    21.963     6.961
    44   6 C      3.730     0.007    20.550     6.471
    45   6 C      3.747    -0.106    22.596     6.780
    46   6 C      4.000    -0.042    21.242     6.548
    47   6 C      3.760    -0.055    21.617     6.628
    48  16 S      2.398    -0.106   145.495    20.301
    49   6 C      3.109    -0.041    28.855     8.801
    50   6 C      4.305     0.094    18.948     6.182
    51  16 S      1.944    -0.232   150.969    20.680
    52   6 C      2.010    -0.013    31.381     9.047
    53   6 C      2.966     0.034    27.231     8.559
    54   6 C      3.799    -0.044    21.369     6.582
    55   6 C      3.747    -0.098    22.441     6.757
    56   6 C      1.965    -0.003    31.148     9.013
    57   6 C      1.968    -0.021    31.630     9.082
    58   6 C      2.988     0.160    24.538     8.126
    59   6 C      2.942    -0.017    28.445     8.747
    60   6 C      1.909     0.113    28.313     8.593
    61   7 N      0.911    -0.243    26.351     7.424
    62   6 C      1.907     0.122    28.107     8.562
    63   7 N      0.911    -0.225    25.923     7.364
    64   6 C      3.023    -0.008    28.196     8.710
    65   6 C      2.938    -0.038    28.952     8.825
    66   6 C      2.901     0.087    26.056     8.370
    67  17 Cl     0.969    -0.121   102.931    15.521
    68   6 C      2.905     0.092    25.954     8.353
    69  17 Cl     0.972    -0.136   103.399    15.557
    70   6 C      2.943    -0.040    28.982     8.829
    71   6 C      3.038     0.003    27.919     8.666
    72   6 C      2.959     0.137    25.012     8.203
    73   8 O      1.715    -0.203    17.374     5.628
    74   1 H      0.924     0.090     1.883     2.146
    75   1 H      0.925     0.088     1.899     2.155
    76   1 H      0.925     0.078     1.998     2.210
    77   1 H      0.923     0.057     2.235     2.338
    78   1 H      0.923     0.056     2.251     2.347
    79   1 H      0.923     0.039     2.465     2.455
    80   1 H      0.923     0.056     2.250     2.346
    81   1 H      0.923     0.042     2.429     2.437
    82   1 H      0.923     0.066     2.131     2.283
    83   1 H      0.923     0.051     2.308     2.376
    84   1 H      0.923     0.048     2.341     2.393
    85   1 H      0.923     0.055     2.264     2.353
    86   1 H      0.923     0.054     2.267     2.355
    87   1 H      0.923     0.070     2.084     2.257
    88   1 H      0.924     0.070     2.081     2.256
    89   1 H      0.923     0.065     2.145     2.290
    90   1 H      0.923     0.067     2.115     2.275
    91   1 H      0.923     0.062     2.181     2.309
    92   1 H      0.924     0.052     2.293     2.368
    93   1 H      0.923     0.055     2.254     2.348
    94   1 H      0.923     0.045     2.388     2.416
    95   1 H      0.923     0.052     2.295     2.369
    96   1 H      0.923     0.058     2.226     2.333
    97   1 H      0.922     0.056     2.249     2.345
    98   1 H      0.922     0.053     2.287     2.365
    99   1 H      0.923     0.044     2.402     2.424
   100   1 H      0.923     0.042     2.428     2.437
   101   1 H      0.923     0.042     2.421     2.433
   102   1 H      0.922     0.171     1.259     1.755
   103   1 H      0.925     0.088     1.900     2.155
   104   1 H      0.925     0.075     2.027     2.226

 Mol. C6AA /au·bohr⁶  :     213628.685833
 Mol. C8AA /au·bohr⁸  :    6163190.150145
 Mol. α(0) /au        :        727.924768


Wiberg/Mayer (AO) data.
largest (>0.10) Wiberg bond orders for each atom
          total WBO             WBO to atom ...
     1  C   3.921        O    2 1.738    C   17 1.056    C    3 1.016
     2  O   2.076        C    1 1.738
     3  C   3.975        C    4 1.419    C   10 1.296    C    1 1.016
     4  C   3.975        C    3 1.419    C    5 1.387    H   74 0.959
     5  C   3.896        C    4 1.387    C    7 1.344    Cl   6 1.009
     6  Cl  1.156        C    5 1.009
     7  C   3.919        C    9 1.393    C    5 1.344    Cl   8 1.012
     8  Cl  1.160        C    7 1.012
     9  C   3.969        C   10 1.401    C    7 1.393    H   75 0.954
    10  C   3.980        C    9 1.401    C    3 1.296    C   11 1.074
    11  C   3.964        C   12 1.481    C   17 1.148    C   10 1.074
    12  C   3.920        C   11 1.481    C   13 1.098    C   15 1.094
    13  C   3.941        N   14 2.751    C   12 1.098
    14  N   2.966        C   13 2.751
    15  C   3.941        N   16 2.769    C   12 1.094
    16  N   2.968        C   15 2.769
    17  C   3.946        C   18 1.484    C   11 1.148    C    1 1.056
    18  C   3.933        C   17 1.484    C   19 1.315    H   76 0.926
    19  C   3.919        C   23 1.327    C   18 1.315    S   20 1.078
    20  S   2.639        C   21 1.153    C   19 1.078
    21  C   3.936        C   22 1.291    C   28 1.259    S   20 1.153
    22  C   3.922        C   23 1.363    C   21 1.291    S   26 1.077
    23  C   3.950        C   22 1.363    C   19 1.327    C   24 1.017
    24  C   3.991        C   23 1.017    C   25 0.992    H   78 0.966    H   77 0.959
    25  C   3.988        C   24 0.992    H   81 0.988    H   79 0.987    H   80 0.983
    26  S   2.483        C   27 1.100    C   22 1.077
    27  C   3.916        C   33 1.333    C   28 1.266    S   26 1.100
    28  C   3.912        C   27 1.266    C   21 1.259    N   29 1.172
    29  N   3.571        C   28 1.172    C   32 1.154    C   30 0.982
    30  C   3.963        C   31 1.008    N   29 0.982    H   82 0.966    H   83 0.960
    31  C   3.987        C   30 1.008    H   85 0.985    H   84 0.982    H   86 0.982
    32  C   3.920        C   42 1.268    C   33 1.239    N   29 1.154
    33  C   3.950        C   27 1.333    C   32 1.239    C   34 1.126
    34  C   3.972        N   35 1.397    C   40 1.262    C   33 1.126
    35  N   2.990        C   34 1.397    N   36 1.275    N   39 0.183
    36  N   3.714        N   35 1.275    N   39 1.251    C   37 0.968
    37  C   3.956        C   38 1.019    N   36 0.968    H   88 0.963    H   87 0.955
    38  C   3.985        C   37 1.019    H   89 0.984    H   90 0.980    H   91 0.980
    39  N   2.984        C   40 1.437    N   36 1.251    N   35 0.183
    40  C   3.967        N   39 1.437    C   34 1.262    C   41 1.037
    41  C   3.964        C   40 1.037    C   42 1.003    C   47 0.880    C   46 0.848
    42  C   3.926        C   32 1.268    N   43 1.261    C   41 1.003    C   46 0.120
    43  N   3.562        C   42 1.261    C   46 1.087    C   44 0.981
    44  C   3.968        C   45 1.005    N   43 0.981    H   93 0.966    H   92 0.960
    45  C   3.987        C   44 1.005    H   96 0.985    H   94 0.984    H   95 0.982
    46  C   3.447        N   43 1.087    C   41 0.848    C   50 0.846    C   47 0.297    C   42 0.120
    47  C   3.515        S   48 1.099    C   41 0.880    C   50 0.852    C   46 0.297    C   49 0.191
    48  S   2.551        C   49 1.110    C   47 1.099
    49  C   3.710        S   48 1.110    C   50 1.105    C   53 0.970    C   47 0.191
    50  C   3.947        C   49 1.105    S   51 0.995    C   47 0.852    C   46 0.846
    51  S   2.136        C   50 0.995    H  102 0.941
    52  C   3.853        C   56 1.771    C   53 1.714    C   72 0.119
    53  C   3.954        C   52 1.714    C   54 1.014    C   49 0.970    C   57 0.174
    54  C   3.982        C   55 1.018    C   53 1.014    H   98 0.954    H   97 0.946
    55  C   3.993        C   54 1.018    H  101 0.987    H  100 0.986    H   99 0.985
    56  C   3.965        C   57 2.014    C   52 1.771
    57  C   3.922        C   56 2.014    C   72 1.511    C   53 0.174
    58  C   3.913        C   59 1.420    C   64 1.127    O   73 1.116
    59  C   3.900        C   58 1.420    C   60 1.110    C   62 1.100
    60  C   3.942        N   61 2.757    C   59 1.110
    61  N   2.966        C   60 2.757
    62  C   3.946        N   63 2.779    C   59 1.100
    63  N   2.964        C   62 2.779
    64  C   3.966        C   65 1.356    C   71 1.271    C   58 1.127
    65  C   3.972        C   66 1.432    C   64 1.356    H  103 0.954
    66  C   3.911        C   65 1.432    C   68 1.310    Cl  67 1.006
    67  Cl  1.150        C   66 1.006
    68  C   3.903        C   70 1.440    C   66 1.310    Cl  69 0.998
    69  Cl  1.140        C   68 0.998
    70  C   3.982        C   68 1.440    C   71 1.341    H  104 0.959
    71  C   3.968        C   70 1.341    C   64 1.271    C   72 1.128
    72  C   3.902        C   57 1.511    C   71 1.128    O   73 1.010    C   52 0.119
    73  O   2.380        C   58 1.116    C   72 1.010
    74  H   0.991        C    4 0.959
    75  H   0.992        C    9 0.954
    76  H   0.993        C   18 0.926
    77  H   0.996        C   24 0.959
    78  H   0.995        C   24 0.966
    79  H   0.998        C   25 0.987
    80  H   0.995        C   25 0.983
    81  H   0.998        C   25 0.988
    82  H   0.994        C   30 0.966
    83  H   0.996        C   30 0.960
    84  H   0.998        C   31 0.982
    85  H   0.997        C   31 0.985
    86  H   0.996        C   31 0.982
    87  H   0.992        C   37 0.955
    88  H   0.994        C   37 0.963
    89  H   0.996        C   38 0.984
    90  H   0.995        C   38 0.980
    91  H   0.996        C   38 0.980
    92  H   0.997        C   44 0.960
    93  H   0.995        C   44 0.966
    94  H   0.998        C   45 0.984
    95  H   0.996        C   45 0.982
    96  H   0.996        C   45 0.985
    97  H   0.986        C   54 0.946
    98  H   0.990        C   54 0.954
    99  H   0.998        C   55 0.985
   100  H   0.998        C   55 0.986
   101  H   0.998        C   55 0.987
   102  H   0.970        S   51 0.941
   103  H   0.991        C   65 0.954
   104  H   0.994        C   70 0.959

molecular dipole:
                 x           y           z       tot (Debye)
 q only:        2.626       1.937       0.677
   full:        1.741       3.890       0.771      11.009
molecular quadrupole (traceless):
                xx          xy          yy          xz          yz          zz
 q only:       50.418     152.023     -53.409      39.064     -44.328       2.991
  q+dip:        6.848     203.242     -31.362      40.504     -48.974      24.514
   full:        0.845     201.960     -38.153      44.379     -50.904      37.309


           -------------------------------------------------
          | TOTAL ENERGY             -196.701638896122 Eh   |
          | GRADIENT NORM               0.112499524192 Eh/α |
          | HOMO-LUMO GAP               0.802730741278 eV   |
           -------------------------------------------------

------------------------------------------------------------------------
 * finished run on 2020/11/20 at 13:46:04.714     
------------------------------------------------------------------------
 total:
 * wall-time:     0 d,  0 h,  0 min,  1.257 sec
 *  cpu-time:     0 d,  0 h,  0 min,  1.252 sec
 * ratio c/w:     0.996 speedup
 SCF:
 * wall-time:     0 d,  0 h,  0 min,  0.975 sec
 *  cpu-time:     0 d,  0 h,  0 min,  0.975 sec
 * ratio c/w:     0.999 speedup

