      -----------------------------------------------------------      
     |                   =====================                   |     
     |                           x T B                           |     
     |                   =====================                   |     
     |                         S. Grimme                         |     
     |          Mulliken Center for Theoretical Chemistry        |     
     |                    University of Bonn                     |     
     |                Version 6.2 RC2 (SAW190805)                |     
      -----------------------------------------------------------      

   This program is distributed in the hope that it will be useful,
   but WITHOUT ANY WARRANTY; without even the implied warranty of
   MERCHANTABILITY or FITNESS FOR A PARTICULAR PURPOSE.
   
   FOR NON-COMMERCIAL, ACADEMIA USE ONLY.
   
   Cite this work as:
   * S. Grimme, C. Bannwarth, P. Shushkov, J. Chem. Theory Comput., 2017,
     13, 1989-2009. DOI: 10.1021/acs.jctc.7b00118
   * C. Bannwarth, S. Ehlert and S. Grimme., J. Chem. Theory Comput., 2019,
     15, 1652-1671. DOI: 10.1021/acs.jctc.8b01176
   * P. Pracht, E. Caldeweyher, S. Ehlert, S. Grimme, ChemRxiv, 2019, preprint.
     DOI: 10.26434/chemrxiv.8326202.v1
   
   for DFT-D4:
   * E. Caldeweyher, C. Bannwarth and S. Grimme, J. Chem. Phys., 2017,
     147, 034112. DOI: 10.1063/1.4993215
   * E. Caldeweyher, S. Ehlert, A. Hansen, H. Neugebauer, S. Spicher,
     C. Bannwarth and S. Grimme, J. Chem. Phys., 2019, 150, 154122.
     DOI: 10.1063/1.5090222
   
   for sTDA-xTB:
   * S. Grimme and C. Bannwarth, J. Chem. Phys., 2016, 145, 054103.
     DOI: 10.1063/1.4959605
   
   in the mass-spec context:
   * V. Asgeirsson, C. Bauer and S. Grimme, Chem. Sci., 2017, 8, 4879.
     DOI: 10.1039/c7sc00601b
   
   for metadynamics refer to:
   * S. Grimme, J. Chem. Theory Comput., 2019, 155, 2847-2862
     DOI: 10.1021/acs.jctc.9b00143
   
   with help from (in alphabetical order)
   C. Bannwarth, F. Bohle, G. Brandenburg, E. Caldeweyher, M. Checinski,
   S. Dohm, S. Ehlert, S. Ehrlich, F. März, H. Neugebauer, J. Pisarek,
   P. Pracht, P. Shushkov, and S. Spicher.
   
 * started run on 2021/04/12 at 13:52:56.701     

           -------------------------------------------------
          |                Calculation Setup                |
           -------------------------------------------------

          program call               : /ihome/ghutchison/geoffh/xtb/xtb Y16.xyz -sp
          hostname                   : smp-n149
          coordinate file            : Y16.xyz
          omp threads                :                     1
          number of atoms            :                   104
          number of electrons        :                   332
          charge                     :                     0
          spin                       :                   0.0
          first test random number   :      0.35505229615580


########################################################################
# WARNING! Please study the warnings concerning your input carefully
#  - XTBPATH is not set, using XTBHOME instead
#  - the use of '-sp' is discouraged, please use '--sp' next time
########################################################################

           ------------------------------------------------- 
          |                 G F N 2 - x T B                 |
          | Geometry, Frequencies, Noncovalent interactions |
          |            JCTC 2019 parametrisation            |
           ------------------------------------------------- 
             KAB for C  - Si     :                1.0500
             KAB for H  - Pd     :                0.9500
             k(s)              :                1.8500
             k(p)              :                2.2300
             k(d)              :                2.2300
             k(f)              :                2.0000
             kEN (H0ij)        :               -2.0000
             D4 a1             :                0.5200
             D4 a2             :                5.0000
             D4 s6             :                1.0000
             D4 s8             :                2.7000
             D4 s9             :                5.0000
             alphaj            :                2.0000

  Z AO/shell   Hii/eV     exponent
  1     Wed Apr 25 08:07:45 CEST 2018   EN: 2.200 GM2: 0.406  GM3: 0.0800  RAES: 1.40
     1s    -10.707211    1.230000
  6     Wed Apr 25 08:07:45 CEST 2018   EN: 2.550 GM2: 0.538  GM3: 0.1500  RAES: 3.00
     2s    -13.970922    2.096432
     2p    -10.063292    1.800000
  7     Wed Apr 25 08:07:45 CEST 2018   EN: 3.040 GM2: 0.461  GM3:-0.0640  RAES: 1.90
     2s    -16.686243    2.339881
     2p    -12.523956    2.014332
  8     Wed Apr 25 08:07:45 CEST 2018   EN: 3.440 GM2: 0.452  GM3:-0.0517  RAES: 1.80
     2s    -20.229985    2.439742
     2p    -15.503117    2.137023
 16     Tue Apr 24 11:44:34 CEST 2018   EN: 2.580 GM2: 0.340  GM3:-0.0502  RAES: 3.10
     3s    -20.029654    1.981333
     3p    -11.377694    2.025643
     3d     -0.420282    1.702555

           ------------------------------------------------- 
          |        Self-Consistent Charge Iterations        |
           ------------------------------------------------- 

          ...................................................
          :                      SETUP                      :
          :.................................................:
          :  # basis functions                 335          :
          :  # atomic orbitals                 331          :
          :  # shells                          177          :
          :  # electrons                       332          :
          :  max. iterations                   250          :
          :  Hamiltonian                  GFN2-xTB          :
          :  restarted?                      false          :
          :  GBSA solvation                  false          :
          :  PC potential                    false          :
          :  electronic temp.          300.0000000     K    :
          :  accuracy                    1.0000000          :
          :  -> integral cutoff          0.2500000E+02      :
          :  -> integral neglect         0.1000000E-07      :
          :  -> SCF convergence          0.1000000E-05 Eh   :
          :  -> wf. convergence          0.1000000E-03 e    :
          :  Broyden damping             0.4000000          :
          ...................................................

 iter      E             dE          RMSdq      gap      omega  full diag
   1   -183.1377544 -0.183138E+03  0.468E+00    1.27       0.0  T
   2   -183.2763582 -0.138604E+00  0.304E+00    1.02       1.0  T
   3   -183.1891662  0.871920E-01  0.203E+00    1.07       1.0  T
   4   -183.4305364 -0.241370E+00  0.774E-01    1.23       1.0  T
   5   -183.4874132 -0.568768E-01  0.230E-01    1.02       1.0  T
   6   -183.4907621 -0.334895E-02  0.123E-01    1.12       1.0  T
   7   -183.4920150 -0.125289E-02  0.533E-02    1.09       1.0  T
   8   -183.4922069 -0.191895E-03  0.207E-02    1.09       1.0  T
   9   -183.4922226 -0.156680E-04  0.112E-02    1.09       1.0  T
  10   -183.4922320 -0.944474E-05  0.473E-03    1.09       2.1  T
  11   -183.4922332 -0.114159E-05  0.236E-03    1.09       4.1  T
  12   -183.4922335 -0.314243E-06  0.119E-03    1.09       8.2  T
  13   -183.4922336 -0.908619E-07  0.561E-04    1.09      17.5  T
  14   -183.4922336 -0.906681E-08  0.278E-04    1.09      35.3  T

   *** convergence criteria satisfied after 14 iterations ***

         #    Occupation            Energy/Eh            Energy/eV
      -------------------------------------------------------------
         1        2.0000           -0.7496363             -20.3986
       ...           ...                  ...                  ...
       160        2.0000           -0.4040976             -10.9961
       161        2.0000           -0.4003918             -10.8952
       162        2.0000           -0.3992741             -10.8648
       163        2.0000           -0.3893081             -10.5936
       164        2.0000           -0.3859858             -10.5032
       165        2.0000           -0.3781949             -10.2912
       166        2.0000           -0.3708996             -10.0927 (HOMO)
       167                         -0.3307197              -8.9993 (LUMO)
       168                         -0.3261847              -8.8759
       169                         -0.3157983              -8.5933
       170                         -0.3131067              -8.5201
       171                         -0.2847966              -7.7497
       ...                                ...                  ...
       331                          1.0748976              29.2495
      -------------------------------------------------------------
                  HL-Gap            0.0401800 Eh            1.0934 eV
             Fermi-level           -0.3508134 Eh           -9.5461 eV

 SCC (total)                   0 d,  0 h,  0 min,  0.609 sec
 SCC setup                      ...        0 min,  0.002 sec (  0.399%)
 Dispersion                     ...        0 min,  0.005 sec (  0.859%)
 integral evaluation            ...        0 min,  0.195 sec ( 32.090%)
 zeroth order Hamiltonian       ...        0 min,  0.001 sec (  0.209%)
 iterations                     ...        0 min,  0.244 sec ( 40.099%)
 molecular gradient             ...        0 min,  0.158 sec ( 25.968%)
 printout                       ...        0 min,  0.002 sec (  0.368%)

         :::::::::::::::::::::::::::::::::::::::::::::::::::::
         ::                     SUMMARY                     ::
         :::::::::::::::::::::::::::::::::::::::::::::::::::::
         :: total energy            -180.805863969879 Eh    ::
         :: gradient norm              0.104095320748 Eh/a0 ::
         :: HOMO-LUMO gap              1.093352254761 eV    ::
         ::.................................................::
         :: SCC energy              -183.492233604150 Eh    ::
         :: -> isotropic ES            0.108425960008 Eh    ::
         :: -> anisotropic ES          0.011457298906 Eh    ::
         :: -> anisotropic XC          0.137125136513 Eh    ::
         :: -> dispersion             -0.160687504369 Eh    ::
         :: repulsion energy           2.687718616622 Eh    ::
         :: add. restraining           0.000000000000 Eh    ::
         :::::::::::::::::::::::::::::::::::::::::::::::::::::

           -------------------------------------------------
          |                Property Printout                |
           -------------------------------------------------

    * Orbital Energies and Occupations

         #    Occupation            Energy/Eh            Energy/eV
      -------------------------------------------------------------
         1        2.0000           -0.7496363             -20.3986
       ...           ...                  ...                  ...
       154        2.0000           -0.4209407             -11.4544
       155        2.0000           -0.4182083             -11.3800
       156        2.0000           -0.4173134             -11.3557
       157        2.0000           -0.4145611             -11.2808
       158        2.0000           -0.4131715             -11.2430
       159        2.0000           -0.4069775             -11.0744
       160        2.0000           -0.4040976             -10.9961
       161        2.0000           -0.4003918             -10.8952
       162        2.0000           -0.3992741             -10.8648
       163        2.0000           -0.3893081             -10.5936
       164        2.0000           -0.3859858             -10.5032
       165        2.0000           -0.3781949             -10.2912
       166        2.0000           -0.3708996             -10.0927 (HOMO)
       167                         -0.3307197              -8.9993 (LUMO)
       168                         -0.3261847              -8.8759
       169                         -0.3157983              -8.5933
       170                         -0.3131067              -8.5201
       171                         -0.2847966              -7.7497
       172                         -0.2682200              -7.2986
       173                         -0.2653195              -7.2197
       174                         -0.2494969              -6.7892
       175                         -0.2446960              -6.6585
       176                         -0.2422865              -6.5930
       177                         -0.2421940              -6.5904
       ...                                ...                  ...
       331                          1.0748976              29.2495
      -------------------------------------------------------------
                  HL-Gap            0.0401800 Eh            1.0934 eV
             Fermi-level           -0.3508134 Eh           -9.5461 eV

     #   Z        covCN         q      C6AA      α(0)
     1   6 C      2.861     0.223    23.323     7.916
     2   8 O      0.864    -0.369    21.068     6.154
     3   6 C      3.021    -0.017    28.409     8.743
     4   6 C      2.905    -0.015    28.377     8.735
     5   6 C      2.912    -0.022    28.548     8.761
     6   6 C      2.911    -0.020    28.500     8.754
     7   6 C      2.906    -0.027    28.683     8.782
     8   6 C      3.010     0.006    27.873     8.660
     9   6 C      3.000     0.027    27.389     8.585
    10   6 C      2.943     0.002    27.984     8.676
    11   6 C      1.915     0.117    28.226     8.580
    12   7 N      0.911    -0.245    26.392     7.430
    13   6 C      1.917     0.120    28.158     8.570
    14   7 N      0.911    -0.238    26.232     7.408
    15   6 C      2.983    -0.040    28.978     8.830
    16   6 C      2.906    -0.017    28.434     8.744
    17   6 C      2.976     0.015    27.680     8.630
    18  16 S      2.181     0.013   140.516    19.951
    19   6 C      3.077    -0.001    27.973     8.671
    20   6 C      3.141     0.008    27.590     8.596
    21   6 C      3.063     0.003    27.893     8.661
    22   6 C      3.799    -0.052    21.515     6.604
    23   6 C      3.746    -0.096    22.404     6.752
    24  16 S      2.138    -0.036   142.550    20.095
    25   6 C      3.070     0.008    27.764     8.640
    26   6 C      3.178     0.027    26.980     8.481
    27   7 N      2.780    -0.054    22.278     7.010
    28   6 C      3.735     0.003    20.616     6.480
    29   6 C      3.746    -0.113    22.737     6.802
    30   6 C      3.045     0.026    27.381     8.582
    31   6 C      3.048    -0.030    28.712     8.788
    32   6 C      3.122     0.056    26.565     8.441
    33   7 N      1.964    -0.241    27.117     7.722
    34   7 N      3.251     0.191    18.072     6.314
    35   6 C      3.737    -0.018    20.974     6.535
    36   6 C      3.747    -0.108    22.630     6.785
    37   7 N      1.963    -0.242    27.139     7.725
    38   6 C      3.123     0.055    26.586     8.444
    39   6 C      3.044    -0.028    28.666     8.781
    40   6 C      3.047     0.027    27.356     8.578
    41   7 N      2.773    -0.072    22.632     7.066
    42   6 C      3.736     0.008    20.530     6.466
    43   6 C      3.746    -0.113    22.736     6.801
    44   6 C      3.174     0.029    26.963     8.481
    45   6 C      3.073     0.008    27.771     8.640
    46  16 S      2.147    -0.027   142.156    20.067
    47   6 C      3.173     0.007    27.477     8.562
    48   6 C      3.081     0.011    27.680     8.625
    49  16 S      2.258    -0.045   142.937    20.122
    50   6 C      2.982     0.024    27.455     8.595
    51   6 C      3.059     0.018    27.554     8.608
    52   6 C      3.800    -0.056    21.591     6.616
    53   6 C      3.746    -0.092    22.325     6.740
    54   6 C      2.950    -0.005    28.150     8.702
    55   6 C      2.986    -0.038    28.930     8.823
    56   6 C      3.003     0.026    27.400     8.587
    57   6 C      2.944     0.004    27.932     8.668
    58   6 C      1.913     0.119    28.172     8.572
    59   7 N      0.911    -0.236    26.175     7.400
    60   6 C      1.913     0.115    28.264     8.586
    61   7 N      0.911    -0.239    26.245     7.409
    62   6 C      3.009     0.006    27.865     8.659
    63   6 C      2.906    -0.026    28.662     8.779
    64   6 C      2.911    -0.020    28.497     8.753
    65   6 C      2.912    -0.021    28.539     8.760
    66   6 C      2.905    -0.014    28.370     8.734
    67   6 C      3.023    -0.017    28.412     8.743
    68   6 C      2.855     0.224    23.287     7.909
    69   8 O      0.856    -0.376    21.214     6.175
    70   1 H      0.924     0.057     2.235     2.338
    71   1 H      0.924     0.045     2.380     2.413
    72   1 H      0.924     0.048     2.350     2.398
    73   1 H      0.925     0.057     2.232     2.336
    74   1 H      0.925     0.073     2.049     2.238
    75   1 H      0.923     0.052     2.291     2.367
    76   1 H      0.923     0.052     2.290     2.367
    77   1 H      0.923     0.039     2.466     2.456
    78   1 H      0.923     0.055     2.255     2.348
    79   1 H      0.923     0.040     2.447     2.446
    80   1 H      0.924     0.064     2.158     2.297
    81   1 H      0.923     0.051     2.303     2.373
    82   1 H      0.923     0.055     2.264     2.353
    83   1 H      0.923     0.065     2.146     2.291
    84   1 H      0.923     0.046     2.375     2.410
    85   1 H      0.924     0.075     2.035     2.231
    86   1 H      0.923     0.072     2.062     2.245
    87   1 H      0.923     0.055     2.260     2.351
    88   1 H      0.923     0.055     2.255     2.349
    89   1 H      0.923     0.058     2.218     2.329
    90   1 H      0.924     0.061     2.187     2.312
    91   1 H      0.923     0.044     2.395     2.420
    92   1 H      0.923     0.052     2.297     2.370
    93   1 H      0.923     0.061     2.184     2.311
    94   1 H      0.923     0.051     2.309     2.377
    95   1 H      0.923     0.080     1.983     2.202
    96   1 H      0.923     0.051     2.313     2.378
    97   1 H      0.923     0.032     2.560     2.502
    98   1 H      0.923     0.043     2.415     2.430
    99   1 H      0.923     0.040     2.447     2.446
   100   1 H      0.924     0.064     2.158     2.297
   101   1 H      0.925     0.056     2.241     2.341
   102   1 H      0.924     0.048     2.344     2.394
   103   1 H      0.924     0.046     2.367     2.406
   104   1 H      0.924     0.058     2.221     2.331

 Mol. C6AA /au·bohr⁶  :     186638.337515
 Mol. C8AA /au·bohr⁸  :    5116369.740815
 Mol. α(0) /au        :        686.500052


Wiberg/Mayer (AO) data.
largest (>0.10) Wiberg bond orders for each atom
          total WBO             WBO to atom ...
     1  C   3.921        O    2 1.739    C   15 1.050    C    3 1.017
     2  O   2.079        C    1 1.739
     3  C   3.975        C    4 1.418    C    8 1.305    C    1 1.017
     4  C   3.982        C    5 1.423    C    3 1.418    H   70 0.966
     5  C   3.953        C    6 1.434    C    4 1.423    H   71 0.970
     6  C   3.980        C    5 1.434    C    7 1.431    H   72 0.970
     7  C   3.976        C    6 1.431    C    8 1.400    H   73 0.961
     8  C   3.979        C    7 1.400    C    3 1.305    C    9 1.072
     9  C   3.969        C   10 1.482    C   15 1.147    C    8 1.072
    10  C   3.925        C    9 1.482    C   11 1.098    C   13 1.094
    11  C   3.940        N   12 2.750    C   10 1.098
    12  N   2.966        C   11 2.750
    13  C   3.940        N   14 2.765    C   10 1.094
    14  N   2.968        C   13 2.765
    15  C   3.950        C   16 1.494    C    9 1.147    C    1 1.050
    16  C   3.941        C   15 1.494    C   17 1.307    H   74 0.929
    17  C   3.926        C   21 1.334    C   16 1.307    S   18 1.077
    18  S   2.650        C   19 1.153    C   17 1.077
    19  C   3.937        C   20 1.296    C   26 1.254    S   18 1.153
    20  C   3.927        C   21 1.358    C   19 1.296    S   24 1.077
    21  C   3.953        C   20 1.358    C   17 1.334    C   22 1.017
    22  C   3.992        C   21 1.017    C   23 0.994    H   75 0.969    H   76 0.960
    23  C   3.990        C   22 0.994    H   77 0.988    H   79 0.986    H   78 0.983
    24  S   2.488        C   25 1.105    C   20 1.077
    25  C   3.912        C   26 1.311    C   31 1.275    S   24 1.105
    26  C   3.930        C   25 1.311    C   19 1.254    N   27 1.145
    27  N   3.528        C   30 1.156    C   26 1.145    C   28 0.971
    28  C   3.963        C   29 1.015    N   27 0.971    H   81 0.966    H   80 0.962
    29  C   3.988        C   28 1.015    H   82 0.981    H   84 0.978    H   83 0.976
    30  C   3.924        C   31 1.277    C   40 1.239    N   27 1.156
    31  C   3.952        C   30 1.277    C   25 1.275    C   32 1.167
    32  C   3.971        N   33 1.383    C   38 1.226    C   31 1.167
    33  N   2.979        C   32 1.383    N   34 1.267    N   37 0.205
    34  N   3.720        N   37 1.269    N   33 1.267    C   35 0.976
    35  C   3.961        C   36 1.005    N   34 0.976    H   85 0.969    H   86 0.967
    36  C   3.986        C   35 1.005    H   87 0.986    H   89 0.985    H   88 0.982
    37  N   2.978        C   38 1.381    N   34 1.269    N   33 0.205
    38  C   3.971        N   37 1.381    C   32 1.226    C   39 1.167
    39  C   3.951        C   40 1.299    C   45 1.255    C   38 1.167
    40  C   3.926        C   39 1.299    C   30 1.239    N   41 1.134
    41  N   3.483        C   40 1.134    C   44 1.131    C   42 0.963
    42  C   3.964        C   43 1.018    H   91 0.968    N   41 0.963    H   90 0.963
    43  C   3.985        C   42 1.018    H   92 0.981    H   94 0.979    H   93 0.974
    44  C   3.936        C   45 1.324    C   48 1.256    N   41 1.131
    45  C   3.914        C   44 1.324    C   39 1.255    S   46 1.112
    46  S   2.508        C   45 1.112    C   47 1.085
    47  C   3.926        C   51 1.318    C   48 1.315    S   46 1.085
    48  C   3.931        C   47 1.315    C   44 1.256    S   49 1.135
    49  S   2.542        C   48 1.135    C   50 1.061
    50  C   3.916        C   51 1.383    C   54 1.265    S   49 1.061
    51  C   3.957        C   50 1.383    C   47 1.318    C   52 1.017
    52  C   3.988        C   51 1.017    C   53 0.996    H   96 0.970    H   95 0.944
    53  C   3.993        C   52 0.996    H   99 0.988    H   97 0.987    H   98 0.985
    54  C   3.947        C   55 1.516    C   50 1.265    H  100 0.942
    55  C   3.951        C   54 1.516    C   56 1.142    C   68 1.035
    56  C   3.971        C   57 1.488    C   55 1.142    C   62 1.075
    57  C   3.930        C   56 1.488    C   58 1.095    C   60 1.093
    58  C   3.941        N   59 2.768    C   57 1.095
    59  N   2.969        C   58 2.768
    60  C   3.941        N   61 2.764    C   57 1.093
    61  N   2.969        C   60 2.764
    62  C   3.980        C   63 1.400    C   67 1.303    C   56 1.075
    63  C   3.977        C   64 1.431    C   62 1.400    H  101 0.962
    64  C   3.979        C   65 1.434    C   63 1.431    H  102 0.970
    65  C   3.952        C   64 1.434    C   66 1.422    H  103 0.970
    66  C   3.981        C   65 1.422    C   67 1.419    H  104 0.966
    67  C   3.977        C   66 1.419    C   62 1.303    C   68 1.012
    68  C   3.922        O   69 1.750    C   55 1.035    C   67 1.012
    69  O   2.054        C   68 1.750
    70  H   0.996        C    4 0.966
    71  H   0.997        C    5 0.970
    72  H   0.997        C    6 0.970
    73  H   0.996        C    7 0.961
    74  H   0.993        C   16 0.929
    75  H   0.996        C   22 0.969
    76  H   0.996        C   22 0.960
    77  H   0.998        C   23 0.988
    78  H   0.995        C   23 0.983
    79  H   0.998        C   23 0.986
    80  H   0.995        C   28 0.962
    81  H   0.996        C   28 0.966
    82  H   0.996        C   29 0.981
    83  H   0.996        C   29 0.976
    84  H   0.998        C   29 0.978
    85  H   0.994        C   35 0.969
    86  H   0.993        C   35 0.967
    87  H   0.997        C   36 0.986
    88  H   0.996        C   36 0.982
    89  H   0.997        C   36 0.985
    90  H   0.995        C   42 0.963
    91  H   0.996        C   42 0.968
    92  H   0.997        C   43 0.981
    93  H   0.996        C   43 0.974
    94  H   0.997        C   43 0.979
    95  H   0.992        C   52 0.944
    96  H   0.997        C   52 0.970
    97  H   0.999        C   53 0.987
    98  H   0.997        C   53 0.985
    99  H   0.998        C   53 0.988
   100  H   0.993        C   54 0.942
   101  H   0.996        C   63 0.962
   102  H   0.997        C   64 0.970
   103  H   0.997        C   65 0.970
   104  H   0.996        C   66 0.966

molecular dipole:
                 x           y           z       tot (Debye)
 q only:       -0.314      -0.397       1.794
   full:       -0.280       0.285       2.132       5.514
molecular quadrupole (traceless):
                xx          xy          yy          xz          yz          zz
 q only:      -37.573      80.595      45.283     -43.160       0.218      -7.710
  q+dip:      -40.140      65.038      42.702     -64.498       0.226      -2.562
   full:      -40.776      71.193      40.156     -55.521       2.251       0.620


           -------------------------------------------------
          | TOTAL ENERGY             -180.805863969879 Eh   |
          | GRADIENT NORM               0.104095320748 Eh/α |
          | HOMO-LUMO GAP               1.093352254761 eV   |
           -------------------------------------------------

------------------------------------------------------------------------
 * finished run on 2021/04/12 at 13:52:57.519     
------------------------------------------------------------------------
 total:
 * wall-time:     0 d,  0 h,  0 min,  0.818 sec
 *  cpu-time:     0 d,  0 h,  0 min,  0.816 sec
 * ratio c/w:     0.997 speedup
 SCF:
 * wall-time:     0 d,  0 h,  0 min,  0.610 sec
 *  cpu-time:     0 d,  0 h,  0 min,  0.608 sec
 * ratio c/w:     0.998 speedup

