      -----------------------------------------------------------      
     |                   =====================                   |     
     |                           x T B                           |     
     |                   =====================                   |     
     |                         S. Grimme                         |     
     |          Mulliken Center for Theoretical Chemistry        |     
     |                    University of Bonn                     |     
     |                Version 6.2 RC2 (SAW190805)                |     
      -----------------------------------------------------------      

   This program is distributed in the hope that it will be useful,
   but WITHOUT ANY WARRANTY; without even the implied warranty of
   MERCHANTABILITY or FITNESS FOR A PARTICULAR PURPOSE.
   
   FOR NON-COMMERCIAL, ACADEMIA USE ONLY.
   
   Cite this work as:
   * S. Grimme, C. Bannwarth, P. Shushkov, J. Chem. Theory Comput., 2017,
     13, 1989-2009. DOI: 10.1021/acs.jctc.7b00118
   * C. Bannwarth, S. Ehlert and S. Grimme., J. Chem. Theory Comput., 2019,
     15, 1652-1671. DOI: 10.1021/acs.jctc.8b01176
   * P. Pracht, E. Caldeweyher, S. Ehlert, S. Grimme, ChemRxiv, 2019, preprint.
     DOI: 10.26434/chemrxiv.8326202.v1
   
   for DFT-D4:
   * E. Caldeweyher, C. Bannwarth and S. Grimme, J. Chem. Phys., 2017,
     147, 034112. DOI: 10.1063/1.4993215
   * E. Caldeweyher, S. Ehlert, A. Hansen, H. Neugebauer, S. Spicher,
     C. Bannwarth and S. Grimme, J. Chem. Phys., 2019, 150, 154122.
     DOI: 10.1063/1.5090222
   
   for sTDA-xTB:
   * S. Grimme and C. Bannwarth, J. Chem. Phys., 2016, 145, 054103.
     DOI: 10.1063/1.4959605
   
   in the mass-spec context:
   * V. Asgeirsson, C. Bauer and S. Grimme, Chem. Sci., 2017, 8, 4879.
     DOI: 10.1039/c7sc00601b
   
   for metadynamics refer to:
   * S. Grimme, J. Chem. Theory Comput., 2019, 155, 2847-2862
     DOI: 10.1021/acs.jctc.9b00143
   
   with help from (in alphabetical order)
   C. Bannwarth, F. Bohle, G. Brandenburg, E. Caldeweyher, M. Checinski,
   S. Dohm, S. Ehlert, S. Ehrlich, F. März, H. Neugebauer, J. Pisarek,
   P. Pracht, P. Shushkov, and S. Spicher.
   
 * started run on 2020/11/20 at 13:46:05.733     

           -------------------------------------------------
          |                Calculation Setup                |
           -------------------------------------------------

          program call               : /ihome/ghutchison/geoffh/xtb/xtb Y2.xyz -sp
          hostname                   : smp-n106
          coordinate file            : Y2.xyz
          omp threads                :                     1
          number of atoms            :                    86
          number of electrons        :                   300
          charge                     :                     0
          spin                       :                   0.0
          first test random number   :      0.64020514740489


########################################################################
# WARNING! Please study the warnings concerning your input carefully
#  - XTBPATH is not set, using XTBHOME instead
#  - the use of '-sp' is discouraged, please use '--sp' next time
########################################################################

           ------------------------------------------------- 
          |                 G F N 2 - x T B                 |
          | Geometry, Frequencies, Noncovalent interactions |
          |            JCTC 2019 parametrisation            |
           ------------------------------------------------- 
             KAB for C  - Si     :                1.0500
             KAB for H  - Pd     :                0.9500
             k(s)              :                1.8500
             k(p)              :                2.2300
             k(d)              :                2.2300
             k(f)              :                2.0000
             kEN (H0ij)        :               -2.0000
             D4 a1             :                0.5200
             D4 a2             :                5.0000
             D4 s6             :                1.0000
             D4 s8             :                2.7000
             D4 s9             :                5.0000
             alphaj            :                2.0000

  Z AO/shell   Hii/eV     exponent
  1     Wed Apr 25 08:07:45 CEST 2018   EN: 2.200 GM2: 0.406  GM3: 0.0800  RAES: 1.40
     1s    -10.707211    1.230000
  6     Wed Apr 25 08:07:45 CEST 2018   EN: 2.550 GM2: 0.538  GM3: 0.1500  RAES: 3.00
     2s    -13.970922    2.096432
     2p    -10.063292    1.800000
  7     Wed Apr 25 08:07:45 CEST 2018   EN: 3.040 GM2: 0.461  GM3:-0.0640  RAES: 1.90
     2s    -16.686243    2.339881
     2p    -12.523956    2.014332
  8     Wed Apr 25 08:07:45 CEST 2018   EN: 3.440 GM2: 0.452  GM3:-0.0517  RAES: 1.80
     2s    -20.229985    2.439742
     2p    -15.503117    2.137023
 16     Tue Apr 24 11:44:34 CEST 2018   EN: 2.580 GM2: 0.340  GM3:-0.0502  RAES: 3.10
     3s    -20.029654    1.981333
     3p    -11.377694    2.025643
     3d     -0.420282    1.702555

           ------------------------------------------------- 
          |        Self-Consistent Charge Iterations        |
           ------------------------------------------------- 

          ...................................................
          :                      SETUP                      :
          :.................................................:
          :  # basis functions                 311          :
          :  # atomic orbitals                 305          :
          :  # shells                          155          :
          :  # electrons                       300          :
          :  max. iterations                   250          :
          :  Hamiltonian                  GFN2-xTB          :
          :  restarted?                      false          :
          :  GBSA solvation                  false          :
          :  PC potential                    false          :
          :  electronic temp.          300.0000000     K    :
          :  accuracy                    1.0000000          :
          :  -> integral cutoff          0.2500000E+02      :
          :  -> integral neglect         0.1000000E-07      :
          :  -> SCF convergence          0.1000000E-05 Eh   :
          :  -> wf. convergence          0.1000000E-03 e    :
          :  Broyden damping             0.4000000          :
          ...................................................

 iter      E             dE          RMSdq      gap      omega  full diag
   1   -165.9620637 -0.165962E+03  0.522E+00    1.24       0.0  T
   2   -166.0860717 -0.124008E+00  0.349E+00    0.96       1.0  T
   3   -166.0593568  0.267149E-01  0.224E+00    1.09       1.0  T
   4   -166.2768996 -0.217543E+00  0.878E-01    1.19       1.0  T
   5   -166.3362050 -0.593054E-01  0.281E-01    0.97       1.0  T
   6   -166.3407928 -0.458780E-02  0.143E-01    1.09       1.0  T
   7   -166.3421056 -0.131273E-02  0.601E-02    1.05       1.0  T
   8   -166.3423211 -0.215558E-03  0.221E-02    1.06       1.0  T
   9   -166.3423345 -0.133919E-04  0.119E-02    1.05       1.0  T
  10   -166.3423412 -0.665537E-05  0.497E-03    1.06       2.2  T
  11   -166.3423419 -0.745256E-06  0.251E-03    1.06       4.3  T
  12   -166.3423421 -0.203468E-06  0.133E-03    1.06       8.1  T
  13   -166.3423422 -0.759043E-07  0.691E-04    1.06      15.6  T
  14   -166.3423422 -0.126428E-07  0.368E-04    1.06      29.3  T

   *** convergence criteria satisfied after 14 iterations ***

         #    Occupation            Energy/Eh            Energy/eV
      -------------------------------------------------------------
         1        2.0000           -0.7591817             -20.6584
       ...           ...                  ...                  ...
       144        2.0000           -0.4086932             -11.1211
       145        2.0000           -0.4084527             -11.1146
       146        2.0000           -0.4066187             -11.0647
       147        2.0000           -0.3954054             -10.7595
       148        2.0000           -0.3893945             -10.5960
       149        2.0000           -0.3801786             -10.3452
       150        2.0000           -0.3747728             -10.1981 (HOMO)
       151                         -0.3359882              -9.1427 (LUMO)
       152                         -0.3307396              -8.9999
       153                         -0.3121788              -8.4948
       154                         -0.3104143              -8.4468
       155                         -0.2906573              -7.9092
       ...                                ...                  ...
       305                          1.0756910              29.2710
      -------------------------------------------------------------
                  HL-Gap            0.0387846 Eh            1.0554 eV
             Fermi-level           -0.3553808 Eh           -9.6704 eV

 SCC (total)                   0 d,  0 h,  0 min,  0.602 sec
 SCC setup                      ...        0 min,  0.002 sec (  0.364%)
 Dispersion                     ...        0 min,  0.005 sec (  0.844%)
 integral evaluation            ...        0 min,  0.188 sec ( 31.263%)
 zeroth order Hamiltonian       ...        0 min,  0.001 sec (  0.215%)
 iterations                     ...        0 min,  0.252 sec ( 41.853%)
 molecular gradient             ...        0 min,  0.151 sec ( 25.083%)
 printout                       ...        0 min,  0.002 sec (  0.365%)

         :::::::::::::::::::::::::::::::::::::::::::::::::::::
         ::                     SUMMARY                     ::
         :::::::::::::::::::::::::::::::::::::::::::::::::::::
         :: total energy            -164.009194615497 Eh    ::
         :: gradient norm              0.103975424826 Eh/a0 ::
         :: HOMO-LUMO gap              1.055383048818 eV    ::
         ::.................................................::
         :: SCC energy              -166.342342199198 Eh    ::
         :: -> isotropic ES            0.107543443678 Eh    ::
         :: -> anisotropic ES          0.010560883623 Eh    ::
         :: -> anisotropic XC          0.120363026229 Eh    ::
         :: -> dispersion             -0.140774354308 Eh    ::
         :: repulsion energy           2.334664371802 Eh    ::
         :: add. restraining           0.000000000000 Eh    ::
         :::::::::::::::::::::::::::::::::::::::::::::::::::::

           -------------------------------------------------
          |                Property Printout                |
           -------------------------------------------------

    * Orbital Energies and Occupations

         #    Occupation            Energy/Eh            Energy/eV
      -------------------------------------------------------------
         1        2.0000           -0.7591817             -20.6584
       ...           ...                  ...                  ...
       138        2.0000           -0.4271087             -11.6222
       139        2.0000           -0.4204554             -11.4412
       140        2.0000           -0.4181614             -11.3788
       141        2.0000           -0.4144675             -11.2782
       142        2.0000           -0.4134444             -11.2504
       143        2.0000           -0.4103781             -11.1670
       144        2.0000           -0.4086932             -11.1211
       145        2.0000           -0.4084527             -11.1146
       146        2.0000           -0.4066187             -11.0647
       147        2.0000           -0.3954054             -10.7595
       148        2.0000           -0.3893945             -10.5960
       149        2.0000           -0.3801786             -10.3452
       150        2.0000           -0.3747728             -10.1981 (HOMO)
       151                         -0.3359882              -9.1427 (LUMO)
       152                         -0.3307396              -8.9999
       153                         -0.3121788              -8.4948
       154                         -0.3104143              -8.4468
       155                         -0.2906573              -7.9092
       156                         -0.2833148              -7.7094
       157                         -0.2746709              -7.4742
       158                         -0.2567524              -6.9866
       159                         -0.2531433              -6.8884
       160                         -0.2453953              -6.6775
       161                         -0.2430994              -6.6151
       ...                                ...                  ...
       305                          1.0756910              29.2710
      -------------------------------------------------------------
                  HL-Gap            0.0387846 Eh            1.0554 eV
             Fermi-level           -0.3553808 Eh           -9.6704 eV

     #   Z        covCN         q      C6AA      α(0)
     1   6 C      2.853     0.227    23.242     7.902
     2   8 O      0.856    -0.366    21.022     6.147
     3   6 C      3.208    -0.032    28.144     8.638
     4   6 C      2.913    -0.011    28.282     8.721
     5  16 S      2.314     0.051   138.980    19.842
     6   6 C      2.917    -0.024    28.592     8.768
     7   6 C      3.200    -0.010    27.697     8.576
     8   6 C      2.990     0.034    27.242     8.562
     9   6 C      2.944     0.001    28.016     8.681
    10   6 C      1.912     0.115    28.257     8.585
    11   7 N      0.911    -0.238    26.232     7.408
    12   6 C      1.909     0.117    28.212     8.578
    13   7 N      0.911    -0.239    26.254     7.411
    14   6 C      2.992    -0.034    28.846     8.810
    15   6 C      2.946    -0.015    28.375     8.737
    16   6 C      2.977     0.027    27.400     8.586
    17  16 S      2.250    -0.023   141.997    20.056
    18   6 C      3.088     0.009    27.706     8.628
    19   6 C      3.149     0.019    27.325     8.551
    20   6 C      3.031    -0.033    28.779     8.799
    21  16 S      2.145    -0.018   141.818    20.043
    22   6 C      3.063     0.008    27.787     8.644
    23   6 C      3.191     0.027    26.901     8.459
    24   7 N      2.785    -0.045    22.104     6.983
    25   6 C      3.738    -0.005    20.746     6.499
    26   6 C      3.745    -0.111    22.692     6.795
    27   6 C      3.023     0.025    27.416     8.589
    28   6 C      3.062    -0.028    28.640     8.776
    29   6 C      3.125     0.056    26.558     8.439
    30   7 N      1.964    -0.241    27.115     7.722
    31   7 N      3.251     0.190    18.091     6.317
    32   6 C      3.736    -0.018    20.977     6.536
    33   6 C      3.746    -0.108    22.630     6.786
    34   7 N      1.965    -0.240    27.105     7.721
    35   6 C      3.123     0.056    26.561     8.440
    36   6 C      3.061    -0.029    28.667     8.780
    37   6 C      3.021     0.025    27.421     8.590
    38   7 N      2.788    -0.039    21.999     6.966
    39   6 C      3.738    -0.008    20.795     6.507
    40   6 C      3.746    -0.108    22.641     6.787
    41   6 C      3.189     0.027    26.934     8.466
    42   6 C      3.062     0.008    27.778     8.643
    43  16 S      2.138    -0.028   142.215    20.071
    44   6 C      3.124     0.018    27.428     8.576
    45   6 C      3.085    -0.002    27.980     8.671
    46  16 S      2.187     0.025   140.032    19.917
    47   6 C      2.971     0.024    27.462     8.596
    48   6 C      3.037    -0.043    29.031     8.837
    49   6 C      2.905    -0.014    28.363     8.733
    50   6 C      2.991    -0.034    28.828     8.807
    51   6 C      2.993     0.031    27.309     8.572
    52   6 C      2.944     0.001    28.000     8.679
    53   6 C      1.915     0.117    28.218     8.579
    54   7 N      0.911    -0.237    26.206     7.404
    55   6 C      1.910     0.117    28.212     8.578
    56   7 N      0.911    -0.241    26.292     7.416
    57   6 C      3.198    -0.010    27.708     8.579
    58   6 C      2.918    -0.023    28.581     8.767
    59  16 S      2.314     0.049   139.061    19.847
    60   6 C      2.914    -0.011    28.293     8.722
    61   6 C      3.214    -0.032    28.097     8.625
    62   6 C      2.850     0.227    23.230     7.899
    63   8 O      0.866    -0.368    21.053     6.152
    64   1 H      0.925     0.071     2.076     2.253
    65   1 H      0.925     0.072     2.065     2.247
    66   1 H      0.923     0.084     1.941     2.179
    67   1 H      0.925     0.053     2.287     2.365
    68   1 H      0.924     0.067     2.115     2.274
    69   1 H      0.923     0.058     2.224     2.332
    70   1 H      0.923     0.054     2.272     2.357
    71   1 H      0.923     0.058     2.226     2.333
    72   1 H      0.923     0.045     2.385     2.415
    73   1 H      0.923     0.073     2.049     2.239
    74   1 H      0.923     0.075     2.035     2.231
    75   1 H      0.923     0.057     2.229     2.335
    76   1 H      0.923     0.056     2.251     2.347
    77   1 H      0.923     0.056     2.248     2.345
    78   1 H      0.924     0.067     2.121     2.277
    79   1 H      0.923     0.064     2.151     2.294
    80   1 H      0.923     0.042     2.417     2.431
    81   1 H      0.923     0.054     2.275     2.359
    82   1 H      0.923     0.056     2.246     2.344
    83   1 H      0.924     0.063     2.163     2.300
    84   1 H      0.924     0.069     2.097     2.264
    85   1 H      0.925     0.072     2.061     2.245
    86   1 H      0.925     0.069     2.095     2.264

 Mol. C6AA /au·bohr⁶  :     157250.018174
 Mol. C8AA /au·bohr⁸  :    4601308.682991
 Mol. α(0) /au        :        634.531081


Wiberg/Mayer (AO) data.
largest (>0.10) Wiberg bond orders for each atom
          total WBO             WBO to atom ...
     1  C   3.926        O    2 1.779    C    3 1.023    C   14 1.001
     2  O   2.058        C    1 1.779
     3  C   3.974        C    4 1.579    C    7 1.167    C    1 1.023
     4  C   3.948        C    3 1.579    S    5 1.206    H   64 0.966
     5  S   2.662        C    4 1.206    C    6 1.205
     6  C   3.934        C    7 1.561    S    5 1.205    H   65 0.963
     7  C   3.980        C    6 1.561    C    3 1.167    C    8 1.081
     8  C   3.975        C    9 1.461    C   14 1.155    C    7 1.081
     9  C   3.954        C    8 1.461    C   12 1.108    C   10 1.098
    10  C   3.942        N   11 2.769    C    9 1.098
    11  N   2.971        C   10 2.769
    12  C   3.943        N   13 2.760    C    9 1.108
    13  N   2.976        C   12 2.760
    14  C   3.951        C   15 1.523    C    8 1.155    C    1 1.001
    15  C   3.940        C   14 1.523    C   16 1.268    H   66 0.945
    16  C   3.923        C   20 1.408    C   15 1.268    S   17 1.073
    17  S   2.556        C   18 1.145    C   16 1.073
    18  C   3.925        C   19 1.298    C   23 1.254    S   17 1.145
    19  C   3.934        C   20 1.363    C   18 1.298    S   21 1.089
    20  C   3.964        C   16 1.408    C   19 1.363    H   67 0.958
    21  S   2.493        C   22 1.103    C   19 1.089
    22  C   3.914        C   23 1.304    C   28 1.283    S   21 1.103
    23  C   3.936        C   22 1.304    C   18 1.254    N   24 1.156
    24  N   3.547        C   23 1.156    C   27 1.155    C   25 0.978
    25  C   3.963        C   26 1.010    N   24 0.978    H   69 0.965    H   68 0.956
    26  C   3.987        C   25 1.010    H   70 0.982    H   71 0.980    H   72 0.976
    27  C   3.916        C   28 1.273    C   37 1.227    N   24 1.155
    28  C   3.950        C   22 1.283    C   27 1.273    C   29 1.165
    29  C   3.972        N   30 1.381    C   35 1.233    C   28 1.165
    30  N   2.978        C   29 1.381    N   31 1.267    N   34 0.204
    31  N   3.719        N   30 1.267    N   34 1.267    C   32 0.976
    32  C   3.960        C   33 1.004    N   31 0.976    H   74 0.968    H   73 0.967
    33  C   3.986        C   32 1.004    H   77 0.986    H   75 0.985    H   76 0.982
    34  N   2.978        C   35 1.382    N   31 1.267    N   30 0.204
    35  C   3.972        N   34 1.382    C   29 1.233    C   36 1.164
    36  C   3.950        C   42 1.290    C   37 1.266    C   35 1.164
    37  C   3.916        C   36 1.266    C   27 1.227    N   38 1.163
    38  N   3.559        C   37 1.163    C   41 1.158    C   39 0.982
    39  C   3.962        C   40 1.007    N   38 0.982    H   79 0.963    H   78 0.953
    40  C   3.988        C   39 1.007    H   82 0.983    H   81 0.982    H   80 0.978
    41  C   3.930        C   42 1.302    C   45 1.252    N   38 1.158
    42  C   3.912        C   41 1.302    C   36 1.290    S   43 1.099
    43  S   2.480        C   42 1.099    C   44 1.081
    44  C   3.929        C   48 1.389    C   45 1.288    S   43 1.081
    45  C   3.935        C   44 1.288    C   41 1.252    S   46 1.156
    46  S   2.654        C   45 1.156    C   47 1.087
    47  C   3.927        C   48 1.375    C   49 1.289    S   46 1.087
    48  C   3.956        C   44 1.389    C   47 1.375    H   83 0.960
    49  C   3.937        C   50 1.509    C   47 1.289    H   84 0.938
    50  C   3.951        C   49 1.509    C   51 1.135    C   62 1.043
    51  C   3.971        C   52 1.478    C   50 1.135    C   57 1.088
    52  C   3.941        C   51 1.478    C   55 1.100    C   53 1.095
    53  C   3.941        N   54 2.770    C   52 1.095
    54  N   2.973        C   53 2.770
    55  C   3.941        N   56 2.757    C   52 1.100
    56  N   2.966        C   55 2.757
    57  C   3.979        C   58 1.556    C   61 1.170    C   51 1.088
    58  C   3.934        C   57 1.556    S   59 1.207    H   85 0.963
    59  S   2.660        C   58 1.207    C   60 1.205
    60  C   3.946        C   61 1.578    S   59 1.205    H   86 0.966
    61  C   3.976        C   60 1.578    C   57 1.170    C   62 1.025
    62  C   3.925        O   63 1.736    C   50 1.043    C   61 1.025
    63  O   2.088        C   62 1.736
    64  H   0.994        C    4 0.966
    65  H   0.994        C    6 0.963
    66  H   0.990        C   15 0.945
    67  H   0.997        C   20 0.958
    68  H   0.994        C   25 0.956
    69  H   0.995        C   25 0.965
    70  H   0.996        C   26 0.982
    71  H   0.997        C   26 0.980
    72  H   0.998        C   26 0.976
    73  H   0.993        C   32 0.967
    74  H   0.993        C   32 0.968
    75  H   0.997        C   33 0.985
    76  H   0.996        C   33 0.982
    77  H   0.997        C   33 0.986
    78  H   0.994        C   39 0.953
    79  H   0.995        C   39 0.963
    80  H   0.998        C   40 0.978
    81  H   0.996        C   40 0.982
    82  H   0.997        C   40 0.983
    83  H   0.995        C   48 0.960
    84  H   0.994        C   49 0.938
    85  H   0.994        C   58 0.963
    86  H   0.995        C   60 0.966

molecular dipole:
                 x           y           z       tot (Debye)
 q only:       -0.108       1.000      -0.158
   full:        0.187       1.539      -0.216       3.979
molecular quadrupole (traceless):
                xx          xy          yy          xz          yz          zz
 q only:        1.817     113.321     -51.041      30.755     -21.307      49.224
  q+dip:        9.206     120.455     -67.607      31.239     -23.717      58.401
   full:        0.575     122.358     -71.139      29.282     -22.814      70.563


           -------------------------------------------------
          | TOTAL ENERGY             -164.009194615497 Eh   |
          | GRADIENT NORM               0.103975424826 Eh/α |
          | HOMO-LUMO GAP               1.055383048818 eV   |
           -------------------------------------------------

------------------------------------------------------------------------
 * finished run on 2020/11/20 at 13:46:06.546     
------------------------------------------------------------------------
 total:
 * wall-time:     0 d,  0 h,  0 min,  0.813 sec
 *  cpu-time:     0 d,  0 h,  0 min,  0.803 sec
 * ratio c/w:     0.988 speedup
 SCF:
 * wall-time:     0 d,  0 h,  0 min,  0.603 sec
 *  cpu-time:     0 d,  0 h,  0 min,  0.602 sec
 * ratio c/w:     0.999 speedup

