      -----------------------------------------------------------      
     |                   =====================                   |     
     |                           x T B                           |     
     |                   =====================                   |     
     |                         S. Grimme                         |     
     |          Mulliken Center for Theoretical Chemistry        |     
     |                    University of Bonn                     |     
     |                Version 6.2 RC2 (SAW190805)                |     
      -----------------------------------------------------------      

   This program is distributed in the hope that it will be useful,
   but WITHOUT ANY WARRANTY; without even the implied warranty of
   MERCHANTABILITY or FITNESS FOR A PARTICULAR PURPOSE.
   
   FOR NON-COMMERCIAL, ACADEMIA USE ONLY.
   
   Cite this work as:
   * S. Grimme, C. Bannwarth, P. Shushkov, J. Chem. Theory Comput., 2017,
     13, 1989-2009. DOI: 10.1021/acs.jctc.7b00118
   * C. Bannwarth, S. Ehlert and S. Grimme., J. Chem. Theory Comput., 2019,
     15, 1652-1671. DOI: 10.1021/acs.jctc.8b01176
   * P. Pracht, E. Caldeweyher, S. Ehlert, S. Grimme, ChemRxiv, 2019, preprint.
     DOI: 10.26434/chemrxiv.8326202.v1
   
   for DFT-D4:
   * E. Caldeweyher, C. Bannwarth and S. Grimme, J. Chem. Phys., 2017,
     147, 034112. DOI: 10.1063/1.4993215
   * E. Caldeweyher, S. Ehlert, A. Hansen, H. Neugebauer, S. Spicher,
     C. Bannwarth and S. Grimme, J. Chem. Phys., 2019, 150, 154122.
     DOI: 10.1063/1.5090222
   
   for sTDA-xTB:
   * S. Grimme and C. Bannwarth, J. Chem. Phys., 2016, 145, 054103.
     DOI: 10.1063/1.4959605
   
   in the mass-spec context:
   * V. Asgeirsson, C. Bauer and S. Grimme, Chem. Sci., 2017, 8, 4879.
     DOI: 10.1039/c7sc00601b
   
   for metadynamics refer to:
   * S. Grimme, J. Chem. Theory Comput., 2019, 155, 2847-2862
     DOI: 10.1021/acs.jctc.9b00143
   
   with help from (in alphabetical order)
   C. Bannwarth, F. Bohle, G. Brandenburg, E. Caldeweyher, M. Checinski,
   S. Dohm, S. Ehlert, S. Ehrlich, F. März, H. Neugebauer, J. Pisarek,
   P. Pracht, P. Shushkov, and S. Spicher.
   
 * started run on 2021/04/12 at 13:52:57.538     

           -------------------------------------------------
          |                Calculation Setup                |
           -------------------------------------------------

          program call               : /ihome/ghutchison/geoffh/xtb/xtb Y5.xyz -sp
          hostname                   : smp-n149
          coordinate file            : Y5.xyz
          omp threads                :                     1
          number of atoms            :                    97
          number of electrons        :                   320
          charge                     :                     0
          spin                       :                   0.0
          first test random number   :      0.43366209737085


########################################################################
# WARNING! Please study the warnings concerning your input carefully
#  - XTBPATH is not set, using XTBHOME instead
#  - the use of '-sp' is discouraged, please use '--sp' next time
########################################################################

           ------------------------------------------------- 
          |                 G F N 2 - x T B                 |
          | Geometry, Frequencies, Noncovalent interactions |
          |            JCTC 2019 parametrisation            |
           ------------------------------------------------- 
             KAB for C  - Si     :                1.0500
             KAB for H  - Pd     :                0.9500
             k(s)              :                1.8500
             k(p)              :                2.2300
             k(d)              :                2.2300
             k(f)              :                2.0000
             kEN (H0ij)        :               -2.0000
             D4 a1             :                0.5200
             D4 a2             :                5.0000
             D4 s6             :                1.0000
             D4 s8             :                2.7000
             D4 s9             :                5.0000
             alphaj            :                2.0000

  Z AO/shell   Hii/eV     exponent
  1     Wed Apr 25 08:07:45 CEST 2018   EN: 2.200 GM2: 0.406  GM3: 0.0800  RAES: 1.40
     1s    -10.707211    1.230000
  6     Wed Apr 25 08:07:45 CEST 2018   EN: 2.550 GM2: 0.538  GM3: 0.1500  RAES: 3.00
     2s    -13.970922    2.096432
     2p    -10.063292    1.800000
  7     Wed Apr 25 08:07:45 CEST 2018   EN: 3.040 GM2: 0.461  GM3:-0.0640  RAES: 1.90
     2s    -16.686243    2.339881
     2p    -12.523956    2.014332
  8     Wed Apr 25 08:07:45 CEST 2018   EN: 3.440 GM2: 0.452  GM3:-0.0517  RAES: 1.80
     2s    -20.229985    2.439742
     2p    -15.503117    2.137023
 16     Tue Apr 24 11:44:34 CEST 2018   EN: 2.580 GM2: 0.340  GM3:-0.0502  RAES: 3.10
     3s    -20.029654    1.981333
     3p    -11.377694    2.025643
     3d     -0.420282    1.702555

           ------------------------------------------------- 
          |        Self-Consistent Charge Iterations        |
           ------------------------------------------------- 

          ...................................................
          :                      SETUP                      :
          :.................................................:
          :  # basis functions                 328          :
          :  # atomic orbitals                 323          :
          :  # shells                          169          :
          :  # electrons                       320          :
          :  max. iterations                   250          :
          :  Hamiltonian                  GFN2-xTB          :
          :  restarted?                      false          :
          :  GBSA solvation                  false          :
          :  PC potential                    false          :
          :  electronic temp.          300.0000000     K    :
          :  accuracy                    1.0000000          :
          :  -> integral cutoff          0.2500000E+02      :
          :  -> integral neglect         0.1000000E-07      :
          :  -> SCF convergence          0.1000000E-05 Eh   :
          :  -> wf. convergence          0.1000000E-03 e    :
          :  Broyden damping             0.4000000          :
          ...................................................

 iter      E             dE          RMSdq      gap      omega  full diag
   1   -176.5399155 -0.176540E+03  0.497E+00    1.32       0.0  T
   2   -176.6678299 -0.127914E+00  0.322E+00    1.09       1.0  T
   3   -176.5591831  0.108647E+00  0.217E+00    1.06       1.0  T
   4   -176.8233088 -0.264126E+00  0.826E-01    1.23       1.0  T
   5   -176.8789005 -0.555916E-01  0.250E-01    1.02       1.0  T
   6   -176.8834181 -0.451761E-02  0.133E-01    1.12       1.0  T
   7   -176.8845471 -0.112900E-02  0.580E-02    1.10       1.0  T
   8   -176.8847851 -0.238033E-03  0.226E-02    1.10       1.0  T
   9   -176.8848029 -0.177775E-04  0.123E-02    1.10       1.0  T
  10   -176.8848112 -0.825766E-05  0.564E-03    1.10       1.8  T
  11   -176.8848125 -0.134363E-05  0.283E-03    1.10       3.6  T
  12   -176.8848129 -0.407373E-06  0.136E-03    1.10       7.5  T
  13   -176.8848130 -0.816818E-07  0.670E-04    1.10      15.2  T
  14   -176.8848130 -0.130370E-07  0.323E-04    1.10      31.5  T

   *** convergence criteria satisfied after 14 iterations ***

         #    Occupation            Energy/Eh            Energy/eV
      -------------------------------------------------------------
         1        2.0000           -0.7555503             -20.5596
       ...           ...                  ...                  ...
       154        2.0000           -0.4069083             -11.0725
       155        2.0000           -0.4060566             -11.0494
       156        2.0000           -0.4015541             -10.9268
       157        2.0000           -0.3926952             -10.6858
       158        2.0000           -0.3898670             -10.6088
       159        2.0000           -0.3825209             -10.4089
       160        2.0000           -0.3741998             -10.1825 (HOMO)
       161                         -0.3338187              -9.0837 (LUMO)
       162                         -0.3296072              -8.9691
       163                         -0.3185654              -8.6686
       164                         -0.3146339              -8.5616
       165                         -0.3047528              -8.2927
       ...                                ...                  ...
       323                          1.0745699              29.2405
      -------------------------------------------------------------
                  HL-Gap            0.0403811 Eh            1.0988 eV
             Fermi-level           -0.3540148 Eh           -9.6332 eV

 SCC (total)                   0 d,  0 h,  0 min,  0.581 sec
 SCC setup                      ...        0 min,  0.002 sec (  0.383%)
 Dispersion                     ...        0 min,  0.005 sec (  0.775%)
 integral evaluation            ...        0 min,  0.186 sec ( 32.058%)
 zeroth order Hamiltonian       ...        0 min,  0.001 sec (  0.224%)
 iterations                     ...        0 min,  0.232 sec ( 39.904%)
 molecular gradient             ...        0 min,  0.153 sec ( 26.279%)
 printout                       ...        0 min,  0.002 sec (  0.366%)

         :::::::::::::::::::::::::::::::::::::::::::::::::::::
         ::                     SUMMARY                     ::
         :::::::::::::::::::::::::::::::::::::::::::::::::::::
         :: total energy            -174.294531597716 Eh    ::
         :: gradient norm              0.105709539497 Eh/a0 ::
         :: HOMO-LUMO gap              1.098826702807 eV    ::
         ::.................................................::
         :: SCC energy              -176.884812996372 Eh    ::
         :: -> isotropic ES            0.109351968737 Eh    ::
         :: -> anisotropic ES          0.009999437930 Eh    ::
         :: -> anisotropic XC          0.130300404503 Eh    ::
         :: -> dispersion             -0.160640576948 Eh    ::
         :: repulsion energy           2.589894082874 Eh    ::
         :: add. restraining           0.000000000000 Eh    ::
         :::::::::::::::::::::::::::::::::::::::::::::::::::::

           -------------------------------------------------
          |                Property Printout                |
           -------------------------------------------------

    * Orbital Energies and Occupations

         #    Occupation            Energy/Eh            Energy/eV
      -------------------------------------------------------------
         1        2.0000           -0.7555503             -20.5596
       ...           ...                  ...                  ...
       148        2.0000           -0.4235123             -11.5244
       149        2.0000           -0.4221452             -11.4872
       150        2.0000           -0.4205257             -11.4431
       151        2.0000           -0.4188567             -11.3977
       152        2.0000           -0.4180482             -11.3757
       153        2.0000           -0.4112788             -11.1915
       154        2.0000           -0.4069083             -11.0725
       155        2.0000           -0.4060566             -11.0494
       156        2.0000           -0.4015541             -10.9268
       157        2.0000           -0.3926952             -10.6858
       158        2.0000           -0.3898670             -10.6088
       159        2.0000           -0.3825209             -10.4089
       160        2.0000           -0.3741998             -10.1825 (HOMO)
       161                         -0.3338187              -9.0837 (LUMO)
       162                         -0.3296072              -8.9691
       163                         -0.3185654              -8.6686
       164                         -0.3146339              -8.5616
       165                         -0.3047528              -8.2927
       166                         -0.2790324              -7.5929
       167                         -0.2718335              -7.3970
       168                         -0.2551262              -6.9423
       169                         -0.2509608              -6.8290
       170                         -0.2472014              -6.7267
       171                         -0.2448015              -6.6614
       ...                                ...                  ...
       323                          1.0745699              29.2405
      -------------------------------------------------------------
                  HL-Gap            0.0403811 Eh            1.0988 eV
             Fermi-level           -0.3540148 Eh           -9.6332 eV

     #   Z        covCN         q      C6AA      α(0)
     1   6 C      2.864     0.223    23.322     7.916
     2   8 O      0.856    -0.369    21.063     6.153
     3   6 C      3.020    -0.016    28.398     8.741
     4   6 C      2.905    -0.014    28.360     8.732
     5   6 C      2.912    -0.021    28.539     8.760
     6   6 C      2.911    -0.019    28.484     8.752
     7   6 C      2.906    -0.026    28.656     8.778
     8   6 C      3.013     0.007    27.842     8.655
     9   6 C      3.001     0.031    27.285     8.569
    10   6 C      2.944     0.005    27.912     8.665
    11   6 C      1.911     0.119    28.184     8.574
    12   7 N      0.911    -0.241    26.297     7.417
    13   6 C      1.910     0.118    28.202     8.576
    14   7 N      0.911    -0.240    26.262     7.412
    15   6 C      2.990    -0.037    28.915     8.821
    16   6 C      2.917    -0.012    28.320     8.727
    17   6 C      2.982     0.020    27.548     8.609
    18  16 S      2.200    -0.046   142.941    20.122
    19   6 C      3.084     0.010    27.692     8.627
    20   6 C      3.153     0.008    27.547     8.583
    21   6 C      3.072     0.008    27.759     8.639
    22   6 C      3.799    -0.051    21.485     6.600
    23   6 C      3.746    -0.097    22.430     6.756
    24  16 S      2.147    -0.016   141.696    20.035
    25   6 C      3.072     0.009    27.748     8.637
    26   6 C      3.198     0.029    26.817     8.441
    27   7 N      2.782    -0.054    22.287     7.012
    28   6 C      3.740    -0.005    20.754     6.500
    29   6 C      3.746    -0.105    22.577     6.778
    30   6 C      3.043     0.030    27.280     8.566
    31   6 C      3.056    -0.030    28.696     8.785
    32   6 C      3.308     0.072    24.578     7.920
    33   7 N      1.843    -0.255    27.490     7.770
    34  16 S      2.648     0.282   130.078    19.196
    35   7 N      1.843    -0.256    27.505     7.772
    36   6 C      3.305     0.072    24.625     7.935
    37   6 C      3.057    -0.032    28.752     8.794
    38   6 C      3.040     0.027    27.364     8.580
    39   7 N      2.789    -0.036    21.943     6.957
    40   6 C      3.735     0.002    20.625     6.481
    41   6 C      3.746    -0.114    22.745     6.803
    42   6 C      3.191     0.027    26.920     8.462
    43   6 C      3.074     0.007    27.778     8.641
    44  16 S      2.152    -0.022   141.973    20.054
    45   6 C      3.167     0.009    27.463     8.563
    46   6 C      3.082     0.008    27.743     8.635
    47  16 S      2.240    -0.025   142.073    20.061
    48   6 C      2.983     0.016    27.650     8.626
    49   6 C      3.065     0.003    27.884     8.659
    50   6 C      3.799    -0.045    21.389     6.585
    51   6 C      3.746    -0.095    22.387     6.749
    52   6 C      2.939    -0.009    28.250     8.717
    53   6 C      2.985    -0.036    28.884     8.816
    54   6 C      2.999     0.032    27.273     8.567
    55   6 C      2.944     0.009    27.827     8.652
    56   6 C      1.913     0.118    28.196     8.576
    57   7 N      0.911    -0.233    26.113     7.391
    58   6 C      1.913     0.120    28.155     8.569
    59   7 N      0.911    -0.240    26.261     7.412
    60   6 C      3.012     0.007    27.849     8.656
    61   6 C      2.905    -0.026    28.648     8.776
    62   6 C      2.911    -0.018    28.467     8.749
    63   6 C      2.912    -0.021    28.519     8.757
    64   6 C      2.905    -0.013    28.346     8.730
    65   6 C      3.018    -0.016    28.395     8.741
    66   6 C      2.861     0.223    23.317     7.915
    67   8 O      0.856    -0.362    20.930     6.134
    68   1 H      0.924     0.059     2.209     2.324
    69   1 H      0.924     0.047     2.359     2.402
    70   1 H      0.924     0.048     2.343     2.393
    71   1 H      0.925     0.056     2.249     2.345
    72   1 H      0.924     0.084     1.942     2.179
    73   1 H      0.923     0.053     2.288     2.366
    74   1 H      0.923     0.050     2.315     2.379
    75   1 H      0.923     0.048     2.349     2.397
    76   1 H      0.923     0.046     2.374     2.410
    77   1 H      0.923     0.042     2.418     2.432
    78   1 H      0.925     0.069     2.094     2.263
    79   1 H      0.923     0.060     2.197     2.318
    80   1 H      0.923     0.052     2.301     2.372
    81   1 H      0.923     0.047     2.358     2.401
    82   1 H      0.923     0.046     2.377     2.411
    83   1 H      0.923     0.060     2.200     2.320
    84   1 H      0.924     0.057     2.231     2.336
    85   1 H      0.923     0.063     2.165     2.301
    86   1 H      0.923     0.053     2.288     2.366
    87   1 H      0.923     0.052     2.299     2.371
    88   1 H      0.922     0.052     2.301     2.372
    89   1 H      0.924     0.034     2.531     2.488
    90   1 H      0.924     0.035     2.516     2.480
    91   1 H      0.923     0.052     2.293     2.368
    92   1 H      0.923     0.043     2.412     2.429
    93   1 H      0.923     0.081     1.968     2.194
    94   1 H      0.925     0.056     2.240     2.341
    95   1 H      0.924     0.050     2.319     2.382
    96   1 H      0.924     0.049     2.336     2.390
    97   1 H      0.924     0.061     2.189     2.314

 Mol. C6AA /au·bohr⁶  :     178011.563602
 Mol. C8AA /au·bohr⁸  :    5031688.303128
 Mol. α(0) /au        :        673.179790


Wiberg/Mayer (AO) data.
largest (>0.10) Wiberg bond orders for each atom
          total WBO             WBO to atom ...
     1  C   3.923        O    2 1.776    C    3 1.014    C   15 1.011
     2  O   2.054        C    1 1.776
     3  C   3.974        C    4 1.418    C    8 1.301    C    1 1.014
     4  C   3.982        C    5 1.424    C    3 1.418    H   68 0.966
     5  C   3.953        C    6 1.434    C    4 1.424    H   69 0.970
     6  C   3.980        C    5 1.434    C    7 1.430    H   70 0.970
     7  C   3.977        C    6 1.430    C    8 1.403    H   71 0.963
     8  C   3.979        C    7 1.403    C    3 1.301    C    9 1.068
     9  C   3.972        C   10 1.477    C   15 1.151    C    8 1.068
    10  C   3.948        C    9 1.477    C   13 1.099    C   11 1.097
    11  C   3.942        N   12 2.769    C   10 1.097
    12  N   2.978        C   11 2.769
    13  C   3.941        N   14 2.765    C   10 1.099
    14  N   2.966        C   13 2.765
    15  C   3.953        C   16 1.531    C    9 1.151    C    1 1.011
    16  C   3.947        C   15 1.531    C   17 1.265    H   72 0.934
    17  C   3.922        C   21 1.380    C   16 1.265    S   18 1.070
    18  S   2.546        C   19 1.131    C   17 1.070
    19  C   3.935        C   20 1.315    C   26 1.252    S   18 1.131
    20  C   3.927        C   21 1.325    C   19 1.315    S   24 1.085
    21  C   3.966        C   17 1.380    C   20 1.325    C   22 1.017
    22  C   3.993        C   21 1.017    C   23 0.997    H   73 0.972    H   74 0.956
    23  C   3.989        C   22 0.997    H   75 0.987    H   76 0.985    H   77 0.985
    24  S   2.507        C   25 1.113    C   20 1.085
    25  C   3.918        C   26 1.317    C   31 1.263    S   24 1.113
    26  C   3.938        C   25 1.317    C   19 1.252    N   27 1.142
    27  N   3.515        C   30 1.154    C   26 1.142    C   28 0.972
    28  C   3.960        C   29 1.009    N   27 0.972    H   79 0.967    H   78 0.952
    29  C   3.989        C   28 1.009    H   81 0.986    H   82 0.985    H   80 0.982
    30  C   3.926        C   31 1.295    C   38 1.211    N   27 1.154
    31  C   3.955        C   30 1.295    C   25 1.263    C   32 1.157
    32  C   3.971        N   33 1.459    C   31 1.157    C   36 1.150    S   34 0.103
    33  N   3.071        C   32 1.459    S   34 1.357    N   35 0.147
    34  S   3.038        N   33 1.357    N   35 1.357    C   32 0.103    C   36 0.102
    35  N   3.071        C   36 1.459    S   34 1.357    N   33 0.147
    36  C   3.972        N   35 1.459    C   37 1.157    C   32 1.150    S   34 0.102
    37  C   3.950        C   38 1.280    C   43 1.274    C   36 1.157
    38  C   3.928        C   37 1.280    C   30 1.211    N   39 1.172
    39  N   3.557        C   38 1.172    C   42 1.155    C   40 0.980
    40  C   3.965        C   41 1.009    N   39 0.980    H   83 0.964    H   84 0.961
    41  C   3.986        C   40 1.009    H   86 0.982    H   85 0.981    H   87 0.979
    42  C   3.935        C   43 1.314    C   46 1.238    N   39 1.155
    43  C   3.923        C   42 1.314    C   37 1.274    S   44 1.107
    44  S   2.504        C   43 1.107    C   45 1.087
    45  C   3.929        C   46 1.335    C   49 1.298    S   44 1.087
    46  C   3.930        C   45 1.335    C   42 1.238    S   47 1.133
    47  S   2.548        C   46 1.133    C   48 1.076
    48  C   3.922        C   49 1.422    C   52 1.217    S   47 1.076
    49  C   3.969        C   48 1.422    C   45 1.298    C   50 1.013
    50  C   3.995        C   49 1.013    C   51 1.002    H   89 0.971    H   88 0.958
    51  C   3.991        C   50 1.002    H   92 0.985    H   90 0.982    H   91 0.981
    52  C   3.946        C   53 1.569    C   48 1.217    H   93 0.943
    53  C   3.960        C   52 1.569    C   54 1.136    C   66 1.004
    54  C   3.974        C   55 1.489    C   53 1.136    C   60 1.071
    55  C   3.949        C   54 1.489    C   58 1.094    C   56 1.093
    56  C   3.942        N   57 2.770    C   55 1.093
    57  N   2.971        C   56 2.770
    58  C   3.942        N   59 2.770    C   55 1.094
    59  N   2.981        C   58 2.770
    60  C   3.982        C   61 1.401    C   65 1.301    C   54 1.071
    61  C   3.977        C   62 1.432    C   60 1.401    H   94 0.963
    62  C   3.980        C   61 1.432    C   63 1.431    H   95 0.970
    63  C   3.953        C   62 1.431    C   64 1.427    H   96 0.969
    64  C   3.982        C   63 1.427    C   65 1.415    H   97 0.966
    65  C   3.974        C   64 1.415    C   60 1.301    C   66 1.017
    66  C   3.924        O   67 1.785    C   65 1.017    C   53 1.004
    67  O   2.062        C   66 1.785
    68  H   0.996        C    4 0.966
    69  H   0.997        C    5 0.970
    70  H   0.997        C    6 0.970
    71  H   0.996        C    7 0.963
    72  H   0.990        C   16 0.934
    73  H   0.997        C   22 0.972
    74  H   0.996        C   22 0.956
    75  H   0.998        C   23 0.987
    76  H   0.997        C   23 0.985
    77  H   0.998        C   23 0.985
    78  H   0.994        C   28 0.952
    79  H   0.995        C   28 0.967
    80  H   0.997        C   29 0.982
    81  H   0.998        C   29 0.986
    82  H   0.998        C   29 0.985
    83  H   0.994        C   40 0.964
    84  H   0.996        C   40 0.961
    85  H   0.996        C   41 0.981
    86  H   0.996        C   41 0.982
    87  H   0.997        C   41 0.979
    88  H   0.997        C   50 0.958
    89  H   0.998        C   50 0.971
    90  H   0.999        C   51 0.982
    91  H   0.997        C   51 0.981
    92  H   0.997        C   51 0.985
    93  H   0.990        C   52 0.943
    94  H   0.996        C   61 0.963
    95  H   0.997        C   62 0.970
    96  H   0.997        C   63 0.969
    97  H   0.996        C   64 0.966

molecular dipole:
                 x           y           z       tot (Debye)
 q only:       -0.286      -0.895       0.033
   full:       -0.209      -0.998       0.452       2.834
molecular quadrupole (traceless):
                xx          xy          yy          xz          yz          zz
 q only:       36.876      35.250     -13.447      13.927     -12.680     -23.430
  q+dip:       54.824      51.920     -17.454      -6.852     -29.036     -37.370
   full:       53.739      46.883     -13.127      -4.691     -29.322     -40.613


           -------------------------------------------------
          | TOTAL ENERGY             -174.294531597716 Eh   |
          | GRADIENT NORM               0.105709539497 Eh/α |
          | HOMO-LUMO GAP               1.098826702807 eV   |
           -------------------------------------------------

------------------------------------------------------------------------
 * finished run on 2021/04/12 at 13:52:58.329     
------------------------------------------------------------------------
 total:
 * wall-time:     0 d,  0 h,  0 min,  0.791 sec
 *  cpu-time:     0 d,  0 h,  0 min,  0.780 sec
 * ratio c/w:     0.987 speedup
 SCF:
 * wall-time:     0 d,  0 h,  0 min,  0.582 sec
 *  cpu-time:     0 d,  0 h,  0 min,  0.580 sec
 * ratio c/w:     0.998 speedup

