      -----------------------------------------------------------      
     |                   =====================                   |     
     |                           x T B                           |     
     |                   =====================                   |     
     |                         S. Grimme                         |     
     |          Mulliken Center for Theoretical Chemistry        |     
     |                    University of Bonn                     |     
     |                Version 6.2 RC2 (SAW190805)                |     
      -----------------------------------------------------------      

   This program is distributed in the hope that it will be useful,
   but WITHOUT ANY WARRANTY; without even the implied warranty of
   MERCHANTABILITY or FITNESS FOR A PARTICULAR PURPOSE.
   
   FOR NON-COMMERCIAL, ACADEMIA USE ONLY.
   
   Cite this work as:
   * S. Grimme, C. Bannwarth, P. Shushkov, J. Chem. Theory Comput., 2017,
     13, 1989-2009. DOI: 10.1021/acs.jctc.7b00118
   * C. Bannwarth, S. Ehlert and S. Grimme., J. Chem. Theory Comput., 2019,
     15, 1652-1671. DOI: 10.1021/acs.jctc.8b01176
   * P. Pracht, E. Caldeweyher, S. Ehlert, S. Grimme, ChemRxiv, 2019, preprint.
     DOI: 10.26434/chemrxiv.8326202.v1
   
   for DFT-D4:
   * E. Caldeweyher, C. Bannwarth and S. Grimme, J. Chem. Phys., 2017,
     147, 034112. DOI: 10.1063/1.4993215
   * E. Caldeweyher, S. Ehlert, A. Hansen, H. Neugebauer, S. Spicher,
     C. Bannwarth and S. Grimme, J. Chem. Phys., 2019, 150, 154122.
     DOI: 10.1063/1.5090222
   
   for sTDA-xTB:
   * S. Grimme and C. Bannwarth, J. Chem. Phys., 2016, 145, 054103.
     DOI: 10.1063/1.4959605
   
   in the mass-spec context:
   * V. Asgeirsson, C. Bauer and S. Grimme, Chem. Sci., 2017, 8, 4879.
     DOI: 10.1039/c7sc00601b
   
   for metadynamics refer to:
   * S. Grimme, J. Chem. Theory Comput., 2019, 155, 2847-2862
     DOI: 10.1021/acs.jctc.9b00143
   
   with help from (in alphabetical order)
   C. Bannwarth, F. Bohle, G. Brandenburg, E. Caldeweyher, M. Checinski,
   S. Dohm, S. Ehlert, S. Ehrlich, F. März, H. Neugebauer, J. Pisarek,
   P. Pracht, P. Shushkov, and S. Spicher.
   
 * started run on 2020/11/20 at 13:46:08.536     

           -------------------------------------------------
          |                Calculation Setup                |
           -------------------------------------------------

          program call               : /ihome/ghutchison/geoffh/xtb/xtb ZY-4Cl.xyz -sp
          hostname                   : smp-n106
          coordinate file            : ZY-4Cl.xyz
          omp threads                :                     1
          number of atoms            :                    89
          number of electrons        :                   312
          charge                     :                     0
          spin                       :                   0.0
          first test random number   :      0.16740451810387


########################################################################
# WARNING! Please study the warnings concerning your input carefully
#  - XTBPATH is not set, using XTBHOME instead
#  - the use of '-sp' is discouraged, please use '--sp' next time
########################################################################

           ------------------------------------------------- 
          |                 G F N 2 - x T B                 |
          | Geometry, Frequencies, Noncovalent interactions |
          |            JCTC 2019 parametrisation            |
           ------------------------------------------------- 
             KAB for C  - Si     :                1.0500
             KAB for H  - Pd     :                0.9500
             k(s)              :                1.8500
             k(p)              :                2.2300
             k(d)              :                2.2300
             k(f)              :                2.0000
             kEN (H0ij)        :               -2.0000
             D4 a1             :                0.5200
             D4 a2             :                5.0000
             D4 s6             :                1.0000
             D4 s8             :                2.7000
             D4 s9             :                5.0000
             alphaj            :                2.0000

  Z AO/shell   Hii/eV     exponent
  1     Wed Apr 25 08:07:45 CEST 2018   EN: 2.200 GM2: 0.406  GM3: 0.0800  RAES: 1.40
     1s    -10.707211    1.230000
  6     Wed Apr 25 08:07:45 CEST 2018   EN: 2.550 GM2: 0.538  GM3: 0.1500  RAES: 3.00
     2s    -13.970922    2.096432
     2p    -10.063292    1.800000
  7     Wed Apr 25 08:07:45 CEST 2018   EN: 3.040 GM2: 0.461  GM3:-0.0640  RAES: 1.90
     2s    -16.686243    2.339881
     2p    -12.523956    2.014332
  8     Wed Apr 25 08:07:45 CEST 2018   EN: 3.440 GM2: 0.452  GM3:-0.0517  RAES: 1.80
     2s    -20.229985    2.439742
     2p    -15.503117    2.137023
 16     Tue Apr 24 11:44:34 CEST 2018   EN: 2.580 GM2: 0.340  GM3:-0.0502  RAES: 3.10
     3s    -20.029654    1.981333
     3p    -11.377694    2.025643
     3d     -0.420282    1.702555
 17     Mon Apr 23 14:09:22 CEST 2018   EN: 3.160 GM2: 0.249  GM3: 0.1495  RAES: 2.50
     3s    -29.278781    2.485265
     3p    -12.673758    2.199650
     3d     -0.240338    2.476089

           ------------------------------------------------- 
          |        Self-Consistent Charge Iterations        |
           ------------------------------------------------- 

          ...................................................
          :                      SETUP                      :
          :.................................................:
          :  # basis functions                 332          :
          :  # atomic orbitals                 323          :
          :  # shells                          161          :
          :  # electrons                       312          :
          :  max. iterations                   250          :
          :  Hamiltonian                  GFN2-xTB          :
          :  restarted?                      false          :
          :  GBSA solvation                  false          :
          :  PC potential                    false          :
          :  electronic temp.          300.0000000     K    :
          :  accuracy                    1.0000000          :
          :  -> integral cutoff          0.2500000E+02      :
          :  -> integral neglect         0.1000000E-07      :
          :  -> SCF convergence          0.1000000E-05 Eh   :
          :  -> wf. convergence          0.1000000E-03 e    :
          :  Broyden damping             0.4000000          :
          ...................................................

 iter      E             dE          RMSdq      gap      omega  full diag
   1   -175.9133721 -0.175913E+03  0.480E+00    1.15       0.0  T
   2   -176.1569639 -0.243592E+00  0.282E+00    0.76       1.0  T
   3   -176.1654976 -0.853373E-02  0.167E+00    1.13       1.0  T
   4   -176.2238586 -0.583610E-01  0.682E-01    0.62       1.0  T
   5   -176.2505813 -0.267227E-01  0.326E-01    0.81       1.0  T
   6   -176.2558501 -0.526882E-02  0.124E-01    0.74       1.0  T
   7   -176.2564658 -0.615621E-03  0.636E-02    0.77       1.0  T
   8   -176.2566457 -0.179960E-03  0.320E-02    0.76       1.0  T
   9   -176.2566635 -0.178021E-04  0.235E-02    0.76       1.0  T
  10   -176.2566757 -0.122177E-04  0.163E-02    0.76       1.0  T
  11   -176.2566829 -0.712598E-05  0.107E-02    0.76       1.0  T
  12   -176.2566865 -0.366940E-05  0.642E-03    0.76       1.7  T
  13   -176.2566878 -0.124262E-05  0.306E-03    0.76       3.5  T
  14   -176.2566882 -0.455991E-06  0.142E-03    0.76       7.5  T
  15   -176.2566883 -0.534233E-07  0.738E-04    0.76      14.4  T
  16   -176.2566883 -0.112119E-07  0.369E-04    0.76      28.8  T

   *** convergence criteria satisfied after 16 iterations ***

         #    Occupation            Energy/Eh            Energy/eV
      -------------------------------------------------------------
         1        2.0000           -1.0737142             -29.2173
       ...           ...                  ...                  ...
       150        2.0000           -0.4036966             -10.9851
       151        2.0000           -0.4023143             -10.9475
       152        2.0000           -0.3983444             -10.8395
       153        2.0000           -0.3878518             -10.5540
       154        2.0000           -0.3832111             -10.4277
       155        2.0000           -0.3758177             -10.2265
       156        2.0000           -0.3631953              -9.8830 (HOMO)
       157        0.0000           -0.3352117              -9.1216 (LUMO)
       158                         -0.3249001              -8.8410
       159                         -0.3213837              -8.7453
       160                         -0.3161026              -8.6016
       161                         -0.3072346              -8.3603
       ...                                ...                  ...
       323                          0.8622214              23.4622
      -------------------------------------------------------------
                  HL-Gap            0.0279837 Eh            0.7615 eV
             Fermi-level           -0.3492035 Eh           -9.5023 eV

 SCC (total)                   0 d,  0 h,  0 min,  0.722 sec
 SCC setup                      ...        0 min,  0.002 sec (  0.335%)
 Dispersion                     ...        0 min,  0.005 sec (  0.709%)
 integral evaluation            ...        0 min,  0.212 sec ( 29.430%)
 zeroth order Hamiltonian       ...        0 min,  0.001 sec (  0.207%)
 iterations                     ...        0 min,  0.323 sec ( 44.747%)
 molecular gradient             ...        0 min,  0.175 sec ( 24.215%)
 printout                       ...        0 min,  0.002 sec (  0.346%)

         :::::::::::::::::::::::::::::::::::::::::::::::::::::
         ::                     SUMMARY                     ::
         :::::::::::::::::::::::::::::::::::::::::::::::::::::
         :: total energy            -174.175035766376 Eh    ::
         :: gradient norm              0.086483772021 Eh/a0 ::
         :: HOMO-LUMO gap              0.761473888606 eV    ::
         ::.................................................::
         :: SCC energy              -176.256688308142 Eh    ::
         :: -> isotropic ES            0.142844203814 Eh    ::
         :: -> anisotropic ES         -0.003112855918 Eh    ::
         :: -> anisotropic XC          0.059667803435 Eh    ::
         :: -> dispersion             -0.152898797900 Eh    ::
         :: repulsion energy           2.081335803962 Eh    ::
         :: add. restraining           0.000000000000 Eh    ::
         :::::::::::::::::::::::::::::::::::::::::::::::::::::

           -------------------------------------------------
          |                Property Printout                |
           -------------------------------------------------

    * Orbital Energies and Occupations

         #    Occupation            Energy/Eh            Energy/eV
      -------------------------------------------------------------
         1        2.0000           -1.0737142             -29.2173
       ...           ...                  ...                  ...
       144        2.0000           -0.4229418             -11.5088
       145        2.0000           -0.4213771             -11.4663
       146        2.0000           -0.4177280             -11.3670
       147        2.0000           -0.4171208             -11.3504
       148        2.0000           -0.4167727             -11.3410
       149        2.0000           -0.4119486             -11.2097
       150        2.0000           -0.4036966             -10.9851
       151        2.0000           -0.4023143             -10.9475
       152        2.0000           -0.3983444             -10.8395
       153        2.0000           -0.3878518             -10.5540
       154        2.0000           -0.3832111             -10.4277
       155        2.0000           -0.3758177             -10.2265
       156        2.0000           -0.3631953              -9.8830 (HOMO)
       157        0.0000           -0.3352117              -9.1216 (LUMO)
       158                         -0.3249001              -8.8410
       159                         -0.3213837              -8.7453
       160                         -0.3161026              -8.6016
       161                         -0.3072346              -8.3603
       162                         -0.2946914              -8.0190
       163                         -0.2793987              -7.6028
       164                         -0.2695324              -7.3344
       165                         -0.2541701              -6.9163
       166                         -0.2394896              -6.5168
       167                         -0.2357212              -6.4143
       ...                                ...                  ...
       323                          0.8622214              23.4622
      -------------------------------------------------------------
                  HL-Gap            0.0279837 Eh            0.7615 eV
             Fermi-level           -0.3492035 Eh           -9.5023 eV

     #   Z        covCN         q      C6AA      α(0)
     1   6 C      2.850     0.227    23.238     7.901
     2   8 O      0.858    -0.358    20.857     6.123
     3   6 C      3.016    -0.015    28.373     8.738
     4   6 C      2.940    -0.025    28.624     8.775
     5   6 C      2.903     0.091    25.979     8.357
     6  17 Cl     0.967    -0.123   102.981    15.525
     7   6 C      2.903     0.091    25.969     8.356
     8  17 Cl     0.967    -0.121   102.929    15.521
     9   6 C      2.940    -0.025    28.620     8.774
    10   6 C      3.010    -0.015    28.375     8.738
    11   6 C      2.857     0.224    23.298     7.911
    12   8 O      0.856    -0.359    20.873     6.125
    13   6 C      2.983    -0.063    29.564     8.919
    14   6 C      2.911    -0.001    28.049     8.684
    15   6 C      2.980     0.013    27.707     8.634
    16  16 S      2.181     0.021   140.209    19.929
    17   6 C      3.079    -0.002    27.998     8.675
    18   6 C      3.146     0.007    27.606     8.596
    19   6 C      3.066     0.005    27.853     8.654
    20   6 C      3.799    -0.053    21.535     6.607
    21   6 C      3.746    -0.097    22.431     6.756
    22  16 S      2.140    -0.022   141.978    20.055
    23   6 C      3.066     0.009    27.760     8.640
    24   6 C      3.192     0.027    26.913     8.460
    25   7 N      2.790    -0.034    21.896     6.950
    26   6 C      3.737     0.001    20.646     6.484
    27   6 C      3.746    -0.114    22.756     6.805
    28   6 C      3.025     0.027    27.371     8.582
    29   6 C      3.065    -0.031    28.695     8.784
    30   6 C      3.308     0.073    24.548     7.915
    31   7 N      1.845    -0.255    27.500     7.772
    32  16 S      2.649     0.289   129.827    19.177
    33   7 N      1.844    -0.269    27.840     7.820
    34   6 C      3.310     0.075    24.485     7.900
    35   6 C      3.065    -0.034    28.770     8.795
    36   6 C      3.029     0.034    27.212     8.557
    37   7 N      2.792    -0.036    21.934     6.956
    38   6 C      3.737    -0.012    20.880     6.521
    39   6 C      3.746    -0.100    22.489     6.764
    40   6 C      3.200     0.024    26.908     8.453
    41   6 C      3.066     0.028    27.318     8.571
    42  16 S      2.154    -0.084   144.568    20.237
    43   6 C      2.989     0.023    27.490     8.601
    44   6 C      2.998     0.067    26.486     8.442
    45  16 S      1.024    -0.329   153.362    20.945
    46   6 C      2.952     0.054    26.783     8.488
    47   6 C      2.977     0.034    27.234     8.560
    48   6 C      3.802    -0.054    21.543     6.608
    49   6 C      3.745    -0.107    22.620     6.784
    50   6 C      2.884     0.001    28.001     8.675
    51   6 C      3.940    -0.037    21.160     6.537
    52   6 C      2.841     0.229    23.208     7.895
    53   8 O      0.856    -0.340    20.515     6.073
    54   6 C      3.007    -0.013    28.323     8.730
    55   6 C      2.941    -0.019    28.487     8.754
    56   6 C      2.904     0.096    25.864     8.339
    57  17 Cl     0.969    -0.116   102.766    15.509
    58   6 C      2.904     0.096    25.871     8.340
    59  17 Cl     0.970    -0.117   102.798    15.511
    60   6 C      2.942    -0.019    28.493     8.755
    61   6 C      3.006    -0.013    28.319     8.729
    62   6 C      2.842     0.228    23.219     7.897
    63   8 O      0.856    -0.343    20.572     6.081
    64   1 H      0.924     0.090     1.878     2.143
    65   1 H      0.924     0.091     1.865     2.136
    66   1 H      0.924     0.086     1.922     2.168
    67   1 H      0.923     0.055     2.265     2.353
    68   1 H      0.923     0.050     2.314     2.379
    69   1 H      0.923     0.043     2.412     2.429
    70   1 H      0.923     0.048     2.348     2.396
    71   1 H      0.923     0.041     2.437     2.441
    72   1 H      0.923     0.066     2.128     2.281
    73   1 H      0.924     0.057     2.232     2.336
    74   1 H      0.923     0.058     2.220     2.330
    75   1 H      0.923     0.056     2.246     2.344
    76   1 H      0.923     0.054     2.272     2.357
    77   1 H      0.925     0.066     2.135     2.285
    78   1 H      0.924     0.083     1.947     2.182
    79   1 H      0.923     0.036     2.497     2.471
    80   1 H      0.923     0.052     2.300     2.372
    81   1 H      0.923     0.050     2.316     2.380
    82   1 H      0.923     0.081     1.969     2.195
    83   1 H      0.923     0.080     1.982     2.202
    84   1 H      0.923     0.045     2.382     2.414
    85   1 H      0.923     0.050     2.321     2.383
    86   1 H      0.923     0.045     2.384     2.415
    87   1 H      0.925     0.090     1.878     2.143
    88   1 H      0.924     0.096     1.825     2.113
    89   1 H      0.924     0.095     1.836     2.119

 Mol. C6AA /au·bohr⁶  :     167990.264998
 Mol. C8AA /au·bohr⁸  :    5028249.141167
 Mol. α(0) /au        :        650.514374


Wiberg/Mayer (AO) data.
largest (>0.10) Wiberg bond orders for each atom
          total WBO             WBO to atom ...
     1  C   3.929        O    2 1.754    C   13 1.068    C    3 0.998
     2  O   2.082        C    1 1.754
     3  C   3.981        C    4 1.415    C   10 1.318    C    1 0.998
     4  C   3.977        C    3 1.415    C    5 1.392    H   64 0.959
     5  C   3.921        C    4 1.392    C    7 1.346    Cl   6 1.007
     6  Cl  1.154        C    5 1.007
     7  C   3.921        C    9 1.391    C    5 1.346    Cl   8 1.009
     8  Cl  1.156        C    7 1.009
     9  C   3.977        C   10 1.416    C    7 1.391    H   65 0.959
    10  C   3.980        C    9 1.416    C    3 1.318    C   11 0.999
    11  C   3.927        O   12 1.781    C   13 1.042    C   10 0.999
    12  O   2.057        C   11 1.781
    13  C   3.951        C   14 1.545    C    1 1.068    C   11 1.042
    14  C   3.951        C   13 1.545    C   15 1.277    H   66 0.937
    15  C   3.927        C   19 1.364    C   14 1.277    S   16 1.083
    16  S   2.635        C   17 1.156    C   15 1.083
    17  C   3.944        C   18 1.313    C   24 1.238    S   16 1.156
    18  C   3.929        C   19 1.338    C   17 1.313    S   22 1.079
    19  C   3.971        C   15 1.364    C   18 1.338    C   20 1.015
    20  C   3.992        C   19 1.015    C   21 0.995    H   67 0.968    H   68 0.963
    21  C   3.991        C   20 0.995    H   69 0.988    H   71 0.987    H   70 0.984
    22  S   2.493        C   23 1.106    C   18 1.079
    23  C   3.921        C   24 1.309    C   29 1.285    S   22 1.106
    24  C   3.930        C   23 1.309    C   17 1.238    N   25 1.161
    25  N   3.563        C   28 1.174    C   24 1.161    C   26 0.979
    26  C   3.962        C   27 1.008    N   25 0.979    H   72 0.963    H   73 0.955
    27  C   3.986        C   26 1.008    H   74 0.983    H   75 0.982    H   76 0.979
    28  C   3.924        C   29 1.275    C   36 1.206    N   25 1.174
    29  C   3.953        C   23 1.285    C   28 1.275    C   30 1.154
    30  C   3.972        N   31 1.458    C   34 1.159    C   29 1.154    S   32 0.102
    31  N   3.069        C   30 1.458    S   32 1.358    N   33 0.145
    32  S   3.043        N   31 1.358    N   33 1.354    C   34 0.103    C   30 0.102
    33  N   3.063        C   34 1.455    S   32 1.354    N   31 0.145
    34  C   3.972        N   33 1.455    C   30 1.159    C   35 1.156    S   32 0.103
    35  C   3.956        C   41 1.292    C   36 1.263    C   34 1.156
    36  C   3.947        C   35 1.263    C   28 1.206    N   37 1.194
    37  N   3.547        C   36 1.194    C   40 1.140    C   38 0.970
    38  C   3.953        C   39 1.008    N   37 0.970    H   78 0.958    H   77 0.950
    39  C   3.989        C   38 1.008    H   79 0.985    H   81 0.985    H   80 0.981
    40  C   3.935        C   41 1.320    C   44 1.233    N   37 1.140
    41  C   3.953        C   40 1.320    C   35 1.292    S   42 1.103
    42  S   2.499        C   41 1.103    C   43 1.042
    43  C   3.949        C   47 1.549    C   44 1.128    S   42 1.042    C   50 0.101
    44  C   3.959        S   45 1.458    C   40 1.233    C   43 1.128
    45  S   1.867        C   44 1.458    C   47 0.109
    46  C   3.940        C   50 1.810    C   47 1.152    C   51 0.821
    47  C   3.966        C   43 1.549    C   46 1.152    C   48 1.012    S   45 0.109
    48  C   3.986        C   49 1.021    C   47 1.012    H   83 0.938    H   82 0.938
    49  C   3.991        C   48 1.021    H   86 0.985    H   84 0.985    H   85 0.984
    50  C   3.864        C   46 1.810    H   87 0.956    C   51 0.890    C   43 0.101
    51  C   3.914        C   52 0.983    C   62 0.983    C   50 0.890    C   46 0.821
    52  C   3.925        O   53 1.824    C   54 1.008    C   51 0.983
    53  O   2.088        C   52 1.824
    54  C   3.985        C   55 1.404    C   61 1.319    C   52 1.008
    55  C   3.980        C   54 1.404    C   56 1.402    H   88 0.958
    56  C   3.928        C   55 1.402    C   58 1.338    Cl  57 1.011
    57  Cl  1.160        C   56 1.011
    58  C   3.928        C   60 1.403    C   56 1.338    Cl  59 1.009
    59  Cl  1.161        C   58 1.009
    60  C   3.980        C   61 1.403    C   58 1.403    H   89 0.958
    61  C   3.985        C   60 1.403    C   54 1.319    C   62 1.009
    62  C   3.927        O   63 1.821    C   61 1.009    C   51 0.983
    63  O   2.086        C   62 1.821
    64  H   0.991        C    4 0.959
    65  H   0.991        C    9 0.959
    66  H   0.992        C   14 0.937
    67  H   0.996        C   20 0.968
    68  H   0.997        C   20 0.963
    69  H   0.998        C   21 0.988
    70  H   0.996        C   21 0.984
    71  H   0.998        C   21 0.987
    72  H   0.994        C   26 0.963
    73  H   0.995        C   26 0.955
    74  H   0.997        C   27 0.983
    75  H   0.996        C   27 0.982
    76  H   0.997        C   27 0.979
    77  H   0.995        C   38 0.950
    78  H   0.992        C   38 0.958
    79  H   0.999        C   39 0.985
    80  H   0.996        C   39 0.981
    81  H   0.997        C   39 0.985
    82  H   0.991        C   48 0.938
    83  H   0.991        C   48 0.938
    84  H   0.998        C   49 0.985
    85  H   0.996        C   49 0.984
    86  H   0.998        C   49 0.985
    87  H   0.990        C   50 0.956
    88  H   0.990        C   55 0.958
    89  H   0.991        C   60 0.958

molecular dipole:
                 x           y           z       tot (Debye)
 q only:        1.274       0.770      -0.057
   full:        0.294       0.646      -0.396       2.067
molecular quadrupole (traceless):
                xx          xy          yy          xz          yz          zz
 q only:       28.897      35.024       1.028     -42.267      -3.157     -29.925
  q+dip:       -2.969      22.158       9.248     -30.317      -5.319      -6.278
   full:       -7.429      19.529      15.050     -28.922      -2.105      -7.621


           -------------------------------------------------
          | TOTAL ENERGY             -174.175035766376 Eh   |
          | GRADIENT NORM               0.086483772021 Eh/α |
          | HOMO-LUMO GAP               0.761473888606 eV   |
           -------------------------------------------------

------------------------------------------------------------------------
 * finished run on 2020/11/20 at 13:46:09.502     
------------------------------------------------------------------------
 total:
 * wall-time:     0 d,  0 h,  0 min,  0.965 sec
 *  cpu-time:     0 d,  0 h,  0 min,  0.955 sec
 * ratio c/w:     0.990 speedup
 SCF:
 * wall-time:     0 d,  0 h,  0 min,  0.723 sec
 *  cpu-time:     0 d,  0 h,  0 min,  0.722 sec
 * ratio c/w:     0.999 speedup

